[2024-05-27T16:40:19.644+0000] {processor.py:156} INFO - Started process (PID=43) to work on /home/airflow/.local/lib/python3.7/site-packages/airflow/example_dags/example_branch_operator_decorator.py
[2024-05-27T16:40:19.646+0000] {processor.py:799} INFO - Processing file /home/airflow/.local/lib/python3.7/site-packages/airflow/example_dags/example_branch_operator_decorator.py for tasks to queue
[2024-05-27T16:40:19.646+0000] {logging_mixin.py:149} INFO - [2024-05-27T16:40:19.646+0000] {dagbag.py:541} INFO - Filling up the DagBag from /home/airflow/.local/lib/python3.7/site-packages/airflow/example_dags/example_branch_operator_decorator.py
[2024-05-27T16:40:19.656+0000] {processor.py:809} INFO - DAG(s) dict_keys(['example_branch_python_operator_decorator']) retrieved from /home/airflow/.local/lib/python3.7/site-packages/airflow/example_dags/example_branch_operator_decorator.py
[2024-05-27T16:40:19.718+0000] {logging_mixin.py:149} INFO - [2024-05-27T16:40:19.718+0000] {manager.py:504} INFO - Created Permission View: can delete on DAG:example_branch_python_operator_decorator
[2024-05-27T16:40:19.723+0000] {logging_mixin.py:149} INFO - [2024-05-27T16:40:19.723+0000] {manager.py:504} INFO - Created Permission View: can read on DAG:example_branch_python_operator_decorator
[2024-05-27T16:40:19.726+0000] {logging_mixin.py:149} INFO - [2024-05-27T16:40:19.726+0000] {manager.py:504} INFO - Created Permission View: can edit on DAG:example_branch_python_operator_decorator
[2024-05-27T16:40:19.726+0000] {logging_mixin.py:149} INFO - [2024-05-27T16:40:19.726+0000] {dag.py:2726} INFO - Sync 1 DAGs
[2024-05-27T16:40:19.733+0000] {logging_mixin.py:149} INFO - [2024-05-27T16:40:19.733+0000] {dag.py:2747} INFO - Creating ORM DAG for example_branch_python_operator_decorator
[2024-05-27T16:40:19.739+0000] {logging_mixin.py:149} INFO - [2024-05-27T16:40:19.739+0000] {dag.py:3490} INFO - Setting next_dagrun for example_branch_python_operator_decorator to 2024-05-26T00:00:00+00:00, run_after=2024-05-27T00:00:00+00:00
[2024-05-27T16:40:19.749+0000] {processor.py:178} INFO - Processing /home/airflow/.local/lib/python3.7/site-packages/airflow/example_dags/example_branch_operator_decorator.py took 0.107 seconds
[2024-05-27T16:40:49.956+0000] {processor.py:156} INFO - Started process (PID=103) to work on /home/airflow/.local/lib/python3.7/site-packages/airflow/example_dags/example_branch_operator_decorator.py
[2024-05-27T16:40:49.957+0000] {processor.py:799} INFO - Processing file /home/airflow/.local/lib/python3.7/site-packages/airflow/example_dags/example_branch_operator_decorator.py for tasks to queue
[2024-05-27T16:40:49.957+0000] {logging_mixin.py:149} INFO - [2024-05-27T16:40:49.957+0000] {dagbag.py:541} INFO - Filling up the DagBag from /home/airflow/.local/lib/python3.7/site-packages/airflow/example_dags/example_branch_operator_decorator.py
[2024-05-27T16:40:49.963+0000] {processor.py:809} INFO - DAG(s) dict_keys(['example_branch_python_operator_decorator']) retrieved from /home/airflow/.local/lib/python3.7/site-packages/airflow/example_dags/example_branch_operator_decorator.py
[2024-05-27T16:40:49.976+0000] {logging_mixin.py:149} INFO - [2024-05-27T16:40:49.976+0000] {dag.py:2726} INFO - Sync 1 DAGs
[2024-05-27T16:40:49.989+0000] {logging_mixin.py:149} INFO - [2024-05-27T16:40:49.989+0000] {dag.py:3490} INFO - Setting next_dagrun for example_branch_python_operator_decorator to 2024-05-26T00:00:00+00:00, run_after=2024-05-27T00:00:00+00:00
[2024-05-27T16:40:49.997+0000] {processor.py:178} INFO - Processing /home/airflow/.local/lib/python3.7/site-packages/airflow/example_dags/example_branch_operator_decorator.py took 0.042 seconds
[2024-05-27T16:41:20.247+0000] {processor.py:156} INFO - Started process (PID=163) to work on /home/airflow/.local/lib/python3.7/site-packages/airflow/example_dags/example_branch_operator_decorator.py
[2024-05-27T16:41:20.248+0000] {processor.py:799} INFO - Processing file /home/airflow/.local/lib/python3.7/site-packages/airflow/example_dags/example_branch_operator_decorator.py for tasks to queue
[2024-05-27T16:41:20.249+0000] {logging_mixin.py:149} INFO - [2024-05-27T16:41:20.249+0000] {dagbag.py:541} INFO - Filling up the DagBag from /home/airflow/.local/lib/python3.7/site-packages/airflow/example_dags/example_branch_operator_decorator.py
[2024-05-27T16:41:20.255+0000] {processor.py:809} INFO - DAG(s) dict_keys(['example_branch_python_operator_decorator']) retrieved from /home/airflow/.local/lib/python3.7/site-packages/airflow/example_dags/example_branch_operator_decorator.py
[2024-05-27T16:41:20.271+0000] {logging_mixin.py:149} INFO - [2024-05-27T16:41:20.271+0000] {dag.py:2726} INFO - Sync 1 DAGs
[2024-05-27T16:41:20.286+0000] {logging_mixin.py:149} INFO - [2024-05-27T16:41:20.286+0000] {dag.py:3490} INFO - Setting next_dagrun for example_branch_python_operator_decorator to 2024-05-26T00:00:00+00:00, run_after=2024-05-27T00:00:00+00:00
[2024-05-27T16:41:20.296+0000] {processor.py:178} INFO - Processing /home/airflow/.local/lib/python3.7/site-packages/airflow/example_dags/example_branch_operator_decorator.py took 0.051 seconds
[2024-05-27T16:41:51.302+0000] {processor.py:156} INFO - Started process (PID=223) to work on /home/airflow/.local/lib/python3.7/site-packages/airflow/example_dags/example_branch_operator_decorator.py
[2024-05-27T16:41:51.303+0000] {processor.py:799} INFO - Processing file /home/airflow/.local/lib/python3.7/site-packages/airflow/example_dags/example_branch_operator_decorator.py for tasks to queue
[2024-05-27T16:41:51.304+0000] {logging_mixin.py:149} INFO - [2024-05-27T16:41:51.304+0000] {dagbag.py:541} INFO - Filling up the DagBag from /home/airflow/.local/lib/python3.7/site-packages/airflow/example_dags/example_branch_operator_decorator.py
[2024-05-27T16:41:51.311+0000] {processor.py:809} INFO - DAG(s) dict_keys(['example_branch_python_operator_decorator']) retrieved from /home/airflow/.local/lib/python3.7/site-packages/airflow/example_dags/example_branch_operator_decorator.py
[2024-05-27T16:41:51.326+0000] {logging_mixin.py:149} INFO - [2024-05-27T16:41:51.326+0000] {dag.py:2726} INFO - Sync 1 DAGs
[2024-05-27T16:41:51.340+0000] {logging_mixin.py:149} INFO - [2024-05-27T16:41:51.340+0000] {dag.py:3490} INFO - Setting next_dagrun for example_branch_python_operator_decorator to 2024-05-26T00:00:00+00:00, run_after=2024-05-27T00:00:00+00:00
[2024-05-27T16:41:51.349+0000] {processor.py:178} INFO - Processing /home/airflow/.local/lib/python3.7/site-packages/airflow/example_dags/example_branch_operator_decorator.py took 0.050 seconds
[2024-05-27T16:42:21.590+0000] {processor.py:156} INFO - Started process (PID=283) to work on /home/airflow/.local/lib/python3.7/site-packages/airflow/example_dags/example_branch_operator_decorator.py
[2024-05-27T16:42:21.591+0000] {processor.py:799} INFO - Processing file /home/airflow/.local/lib/python3.7/site-packages/airflow/example_dags/example_branch_operator_decorator.py for tasks to queue
[2024-05-27T16:42:21.592+0000] {logging_mixin.py:149} INFO - [2024-05-27T16:42:21.592+0000] {dagbag.py:541} INFO - Filling up the DagBag from /home/airflow/.local/lib/python3.7/site-packages/airflow/example_dags/example_branch_operator_decorator.py
[2024-05-27T16:42:21.598+0000] {processor.py:809} INFO - DAG(s) dict_keys(['example_branch_python_operator_decorator']) retrieved from /home/airflow/.local/lib/python3.7/site-packages/airflow/example_dags/example_branch_operator_decorator.py
[2024-05-27T16:42:21.613+0000] {logging_mixin.py:149} INFO - [2024-05-27T16:42:21.613+0000] {dag.py:2726} INFO - Sync 1 DAGs
[2024-05-27T16:42:21.627+0000] {logging_mixin.py:149} INFO - [2024-05-27T16:42:21.627+0000] {dag.py:3490} INFO - Setting next_dagrun for example_branch_python_operator_decorator to 2024-05-26T00:00:00+00:00, run_after=2024-05-27T00:00:00+00:00
[2024-05-27T16:42:21.636+0000] {processor.py:178} INFO - Processing /home/airflow/.local/lib/python3.7/site-packages/airflow/example_dags/example_branch_operator_decorator.py took 0.048 seconds
[2024-05-27T16:42:51.829+0000] {processor.py:156} INFO - Started process (PID=343) to work on /home/airflow/.local/lib/python3.7/site-packages/airflow/example_dags/example_branch_operator_decorator.py
[2024-05-27T16:42:51.830+0000] {processor.py:799} INFO - Processing file /home/airflow/.local/lib/python3.7/site-packages/airflow/example_dags/example_branch_operator_decorator.py for tasks to queue
[2024-05-27T16:42:51.830+0000] {logging_mixin.py:149} INFO - [2024-05-27T16:42:51.830+0000] {dagbag.py:541} INFO - Filling up the DagBag from /home/airflow/.local/lib/python3.7/site-packages/airflow/example_dags/example_branch_operator_decorator.py
[2024-05-27T16:42:51.835+0000] {processor.py:809} INFO - DAG(s) dict_keys(['example_branch_python_operator_decorator']) retrieved from /home/airflow/.local/lib/python3.7/site-packages/airflow/example_dags/example_branch_operator_decorator.py
[2024-05-27T16:42:51.849+0000] {logging_mixin.py:149} INFO - [2024-05-27T16:42:51.849+0000] {dag.py:2726} INFO - Sync 1 DAGs
[2024-05-27T16:42:51.863+0000] {logging_mixin.py:149} INFO - [2024-05-27T16:42:51.863+0000] {dag.py:3490} INFO - Setting next_dagrun for example_branch_python_operator_decorator to 2024-05-26T00:00:00+00:00, run_after=2024-05-27T00:00:00+00:00
[2024-05-27T16:42:51.871+0000] {processor.py:178} INFO - Processing /home/airflow/.local/lib/python3.7/site-packages/airflow/example_dags/example_branch_operator_decorator.py took 0.045 seconds
[2024-05-27T16:43:22.620+0000] {processor.py:156} INFO - Started process (PID=403) to work on /home/airflow/.local/lib/python3.7/site-packages/airflow/example_dags/example_branch_operator_decorator.py
[2024-05-27T16:43:22.620+0000] {processor.py:799} INFO - Processing file /home/airflow/.local/lib/python3.7/site-packages/airflow/example_dags/example_branch_operator_decorator.py for tasks to queue
[2024-05-27T16:43:22.621+0000] {logging_mixin.py:149} INFO - [2024-05-27T16:43:22.621+0000] {dagbag.py:541} INFO - Filling up the DagBag from /home/airflow/.local/lib/python3.7/site-packages/airflow/example_dags/example_branch_operator_decorator.py
[2024-05-27T16:43:22.626+0000] {processor.py:809} INFO - DAG(s) dict_keys(['example_branch_python_operator_decorator']) retrieved from /home/airflow/.local/lib/python3.7/site-packages/airflow/example_dags/example_branch_operator_decorator.py
[2024-05-27T16:43:22.640+0000] {logging_mixin.py:149} INFO - [2024-05-27T16:43:22.640+0000] {dag.py:2726} INFO - Sync 1 DAGs
[2024-05-27T16:43:22.653+0000] {logging_mixin.py:149} INFO - [2024-05-27T16:43:22.653+0000] {dag.py:3490} INFO - Setting next_dagrun for example_branch_python_operator_decorator to 2024-05-26T00:00:00+00:00, run_after=2024-05-27T00:00:00+00:00
[2024-05-27T16:43:22.662+0000] {processor.py:178} INFO - Processing /home/airflow/.local/lib/python3.7/site-packages/airflow/example_dags/example_branch_operator_decorator.py took 0.044 seconds
[2024-05-27T16:43:53.558+0000] {processor.py:156} INFO - Started process (PID=463) to work on /home/airflow/.local/lib/python3.7/site-packages/airflow/example_dags/example_branch_operator_decorator.py
[2024-05-27T16:43:53.559+0000] {processor.py:799} INFO - Processing file /home/airflow/.local/lib/python3.7/site-packages/airflow/example_dags/example_branch_operator_decorator.py for tasks to queue
[2024-05-27T16:43:53.559+0000] {logging_mixin.py:149} INFO - [2024-05-27T16:43:53.559+0000] {dagbag.py:541} INFO - Filling up the DagBag from /home/airflow/.local/lib/python3.7/site-packages/airflow/example_dags/example_branch_operator_decorator.py
[2024-05-27T16:43:53.565+0000] {processor.py:809} INFO - DAG(s) dict_keys(['example_branch_python_operator_decorator']) retrieved from /home/airflow/.local/lib/python3.7/site-packages/airflow/example_dags/example_branch_operator_decorator.py
[2024-05-27T16:43:53.580+0000] {logging_mixin.py:149} INFO - [2024-05-27T16:43:53.580+0000] {dag.py:2726} INFO - Sync 1 DAGs
[2024-05-27T16:43:53.595+0000] {logging_mixin.py:149} INFO - [2024-05-27T16:43:53.595+0000] {dag.py:3490} INFO - Setting next_dagrun for example_branch_python_operator_decorator to 2024-05-26T00:00:00+00:00, run_after=2024-05-27T00:00:00+00:00
[2024-05-27T16:43:53.607+0000] {processor.py:178} INFO - Processing /home/airflow/.local/lib/python3.7/site-packages/airflow/example_dags/example_branch_operator_decorator.py took 0.050 seconds
[2024-05-27T16:44:24.338+0000] {processor.py:156} INFO - Started process (PID=523) to work on /home/airflow/.local/lib/python3.7/site-packages/airflow/example_dags/example_branch_operator_decorator.py
[2024-05-27T16:44:24.339+0000] {processor.py:799} INFO - Processing file /home/airflow/.local/lib/python3.7/site-packages/airflow/example_dags/example_branch_operator_decorator.py for tasks to queue
[2024-05-27T16:44:24.339+0000] {logging_mixin.py:149} INFO - [2024-05-27T16:44:24.339+0000] {dagbag.py:541} INFO - Filling up the DagBag from /home/airflow/.local/lib/python3.7/site-packages/airflow/example_dags/example_branch_operator_decorator.py
[2024-05-27T16:44:24.345+0000] {processor.py:809} INFO - DAG(s) dict_keys(['example_branch_python_operator_decorator']) retrieved from /home/airflow/.local/lib/python3.7/site-packages/airflow/example_dags/example_branch_operator_decorator.py
[2024-05-27T16:44:24.359+0000] {logging_mixin.py:149} INFO - [2024-05-27T16:44:24.359+0000] {dag.py:2726} INFO - Sync 1 DAGs
[2024-05-27T16:44:24.373+0000] {logging_mixin.py:149} INFO - [2024-05-27T16:44:24.373+0000] {dag.py:3490} INFO - Setting next_dagrun for example_branch_python_operator_decorator to 2024-05-26T00:00:00+00:00, run_after=2024-05-27T00:00:00+00:00
[2024-05-27T16:44:24.381+0000] {processor.py:178} INFO - Processing /home/airflow/.local/lib/python3.7/site-packages/airflow/example_dags/example_branch_operator_decorator.py took 0.046 seconds
[2024-05-27T16:44:54.450+0000] {processor.py:156} INFO - Started process (PID=583) to work on /home/airflow/.local/lib/python3.7/site-packages/airflow/example_dags/example_branch_operator_decorator.py
[2024-05-27T16:44:54.451+0000] {processor.py:799} INFO - Processing file /home/airflow/.local/lib/python3.7/site-packages/airflow/example_dags/example_branch_operator_decorator.py for tasks to queue
[2024-05-27T16:44:54.451+0000] {logging_mixin.py:149} INFO - [2024-05-27T16:44:54.451+0000] {dagbag.py:541} INFO - Filling up the DagBag from /home/airflow/.local/lib/python3.7/site-packages/airflow/example_dags/example_branch_operator_decorator.py
[2024-05-27T16:44:54.457+0000] {processor.py:809} INFO - DAG(s) dict_keys(['example_branch_python_operator_decorator']) retrieved from /home/airflow/.local/lib/python3.7/site-packages/airflow/example_dags/example_branch_operator_decorator.py
[2024-05-27T16:44:54.471+0000] {logging_mixin.py:149} INFO - [2024-05-27T16:44:54.471+0000] {dag.py:2726} INFO - Sync 1 DAGs
[2024-05-27T16:44:54.484+0000] {logging_mixin.py:149} INFO - [2024-05-27T16:44:54.484+0000] {dag.py:3490} INFO - Setting next_dagrun for example_branch_python_operator_decorator to 2024-05-26T00:00:00+00:00, run_after=2024-05-27T00:00:00+00:00
[2024-05-27T16:44:54.494+0000] {processor.py:178} INFO - Processing /home/airflow/.local/lib/python3.7/site-packages/airflow/example_dags/example_branch_operator_decorator.py took 0.046 seconds
[2024-05-27T16:45:25.470+0000] {processor.py:156} INFO - Started process (PID=643) to work on /home/airflow/.local/lib/python3.7/site-packages/airflow/example_dags/example_branch_operator_decorator.py
[2024-05-27T16:45:25.471+0000] {processor.py:799} INFO - Processing file /home/airflow/.local/lib/python3.7/site-packages/airflow/example_dags/example_branch_operator_decorator.py for tasks to queue
[2024-05-27T16:45:25.471+0000] {logging_mixin.py:149} INFO - [2024-05-27T16:45:25.471+0000] {dagbag.py:541} INFO - Filling up the DagBag from /home/airflow/.local/lib/python3.7/site-packages/airflow/example_dags/example_branch_operator_decorator.py
[2024-05-27T16:45:25.477+0000] {processor.py:809} INFO - DAG(s) dict_keys(['example_branch_python_operator_decorator']) retrieved from /home/airflow/.local/lib/python3.7/site-packages/airflow/example_dags/example_branch_operator_decorator.py
[2024-05-27T16:45:25.493+0000] {logging_mixin.py:149} INFO - [2024-05-27T16:45:25.493+0000] {dag.py:2726} INFO - Sync 1 DAGs
[2024-05-27T16:45:25.509+0000] {logging_mixin.py:149} INFO - [2024-05-27T16:45:25.509+0000] {dag.py:3490} INFO - Setting next_dagrun for example_branch_python_operator_decorator to 2024-05-26T00:00:00+00:00, run_after=2024-05-27T00:00:00+00:00
[2024-05-27T16:45:25.520+0000] {processor.py:178} INFO - Processing /home/airflow/.local/lib/python3.7/site-packages/airflow/example_dags/example_branch_operator_decorator.py took 0.052 seconds
[2024-05-27T16:45:56.234+0000] {processor.py:156} INFO - Started process (PID=703) to work on /home/airflow/.local/lib/python3.7/site-packages/airflow/example_dags/example_branch_operator_decorator.py
[2024-05-27T16:45:56.235+0000] {processor.py:799} INFO - Processing file /home/airflow/.local/lib/python3.7/site-packages/airflow/example_dags/example_branch_operator_decorator.py for tasks to queue
[2024-05-27T16:45:56.235+0000] {logging_mixin.py:149} INFO - [2024-05-27T16:45:56.235+0000] {dagbag.py:541} INFO - Filling up the DagBag from /home/airflow/.local/lib/python3.7/site-packages/airflow/example_dags/example_branch_operator_decorator.py
[2024-05-27T16:45:56.241+0000] {processor.py:809} INFO - DAG(s) dict_keys(['example_branch_python_operator_decorator']) retrieved from /home/airflow/.local/lib/python3.7/site-packages/airflow/example_dags/example_branch_operator_decorator.py
[2024-05-27T16:45:56.256+0000] {logging_mixin.py:149} INFO - [2024-05-27T16:45:56.256+0000] {dag.py:2726} INFO - Sync 1 DAGs
[2024-05-27T16:45:56.270+0000] {logging_mixin.py:149} INFO - [2024-05-27T16:45:56.270+0000] {dag.py:3490} INFO - Setting next_dagrun for example_branch_python_operator_decorator to 2024-05-26T00:00:00+00:00, run_after=2024-05-27T00:00:00+00:00
[2024-05-27T16:45:56.279+0000] {processor.py:178} INFO - Processing /home/airflow/.local/lib/python3.7/site-packages/airflow/example_dags/example_branch_operator_decorator.py took 0.047 seconds
[2024-05-27T16:46:26.413+0000] {processor.py:156} INFO - Started process (PID=763) to work on /home/airflow/.local/lib/python3.7/site-packages/airflow/example_dags/example_branch_operator_decorator.py
[2024-05-27T16:46:26.414+0000] {processor.py:799} INFO - Processing file /home/airflow/.local/lib/python3.7/site-packages/airflow/example_dags/example_branch_operator_decorator.py for tasks to queue
[2024-05-27T16:46:26.414+0000] {logging_mixin.py:149} INFO - [2024-05-27T16:46:26.414+0000] {dagbag.py:541} INFO - Filling up the DagBag from /home/airflow/.local/lib/python3.7/site-packages/airflow/example_dags/example_branch_operator_decorator.py
[2024-05-27T16:46:26.420+0000] {processor.py:809} INFO - DAG(s) dict_keys(['example_branch_python_operator_decorator']) retrieved from /home/airflow/.local/lib/python3.7/site-packages/airflow/example_dags/example_branch_operator_decorator.py
[2024-05-27T16:46:26.434+0000] {logging_mixin.py:149} INFO - [2024-05-27T16:46:26.434+0000] {dag.py:2726} INFO - Sync 1 DAGs
[2024-05-27T16:46:26.447+0000] {logging_mixin.py:149} INFO - [2024-05-27T16:46:26.447+0000] {dag.py:3490} INFO - Setting next_dagrun for example_branch_python_operator_decorator to 2024-05-26T00:00:00+00:00, run_after=2024-05-27T00:00:00+00:00
[2024-05-27T16:46:26.456+0000] {processor.py:178} INFO - Processing /home/airflow/.local/lib/python3.7/site-packages/airflow/example_dags/example_branch_operator_decorator.py took 0.044 seconds
[2024-05-27T16:46:57.301+0000] {processor.py:156} INFO - Started process (PID=823) to work on /home/airflow/.local/lib/python3.7/site-packages/airflow/example_dags/example_branch_operator_decorator.py
[2024-05-27T16:46:57.301+0000] {processor.py:799} INFO - Processing file /home/airflow/.local/lib/python3.7/site-packages/airflow/example_dags/example_branch_operator_decorator.py for tasks to queue
[2024-05-27T16:46:57.301+0000] {logging_mixin.py:149} INFO - [2024-05-27T16:46:57.301+0000] {dagbag.py:541} INFO - Filling up the DagBag from /home/airflow/.local/lib/python3.7/site-packages/airflow/example_dags/example_branch_operator_decorator.py
[2024-05-27T16:46:57.307+0000] {processor.py:809} INFO - DAG(s) dict_keys(['example_branch_python_operator_decorator']) retrieved from /home/airflow/.local/lib/python3.7/site-packages/airflow/example_dags/example_branch_operator_decorator.py
[2024-05-27T16:46:57.322+0000] {logging_mixin.py:149} INFO - [2024-05-27T16:46:57.322+0000] {dag.py:2726} INFO - Sync 1 DAGs
[2024-05-27T16:46:57.335+0000] {logging_mixin.py:149} INFO - [2024-05-27T16:46:57.335+0000] {dag.py:3490} INFO - Setting next_dagrun for example_branch_python_operator_decorator to 2024-05-26T00:00:00+00:00, run_after=2024-05-27T00:00:00+00:00
[2024-05-27T16:46:57.344+0000] {processor.py:178} INFO - Processing /home/airflow/.local/lib/python3.7/site-packages/airflow/example_dags/example_branch_operator_decorator.py took 0.045 seconds
[2024-05-27T16:47:28.074+0000] {processor.py:156} INFO - Started process (PID=883) to work on /home/airflow/.local/lib/python3.7/site-packages/airflow/example_dags/example_branch_operator_decorator.py
[2024-05-27T16:47:28.074+0000] {processor.py:799} INFO - Processing file /home/airflow/.local/lib/python3.7/site-packages/airflow/example_dags/example_branch_operator_decorator.py for tasks to queue
[2024-05-27T16:47:28.075+0000] {logging_mixin.py:149} INFO - [2024-05-27T16:47:28.075+0000] {dagbag.py:541} INFO - Filling up the DagBag from /home/airflow/.local/lib/python3.7/site-packages/airflow/example_dags/example_branch_operator_decorator.py
[2024-05-27T16:47:28.080+0000] {processor.py:809} INFO - DAG(s) dict_keys(['example_branch_python_operator_decorator']) retrieved from /home/airflow/.local/lib/python3.7/site-packages/airflow/example_dags/example_branch_operator_decorator.py
[2024-05-27T16:47:28.094+0000] {logging_mixin.py:149} INFO - [2024-05-27T16:47:28.094+0000] {dag.py:2726} INFO - Sync 1 DAGs
[2024-05-27T16:47:28.107+0000] {logging_mixin.py:149} INFO - [2024-05-27T16:47:28.107+0000] {dag.py:3490} INFO - Setting next_dagrun for example_branch_python_operator_decorator to 2024-05-26T00:00:00+00:00, run_after=2024-05-27T00:00:00+00:00
[2024-05-27T16:47:28.116+0000] {processor.py:178} INFO - Processing /home/airflow/.local/lib/python3.7/site-packages/airflow/example_dags/example_branch_operator_decorator.py took 0.044 seconds
[2024-05-27T16:47:58.859+0000] {processor.py:156} INFO - Started process (PID=943) to work on /home/airflow/.local/lib/python3.7/site-packages/airflow/example_dags/example_branch_operator_decorator.py
[2024-05-27T16:47:58.860+0000] {processor.py:799} INFO - Processing file /home/airflow/.local/lib/python3.7/site-packages/airflow/example_dags/example_branch_operator_decorator.py for tasks to queue
[2024-05-27T16:47:58.860+0000] {logging_mixin.py:149} INFO - [2024-05-27T16:47:58.860+0000] {dagbag.py:541} INFO - Filling up the DagBag from /home/airflow/.local/lib/python3.7/site-packages/airflow/example_dags/example_branch_operator_decorator.py
[2024-05-27T16:47:58.866+0000] {processor.py:809} INFO - DAG(s) dict_keys(['example_branch_python_operator_decorator']) retrieved from /home/airflow/.local/lib/python3.7/site-packages/airflow/example_dags/example_branch_operator_decorator.py
[2024-05-27T16:47:58.880+0000] {logging_mixin.py:149} INFO - [2024-05-27T16:47:58.880+0000] {dag.py:2726} INFO - Sync 1 DAGs
[2024-05-27T16:47:58.892+0000] {logging_mixin.py:149} INFO - [2024-05-27T16:47:58.892+0000] {dag.py:3490} INFO - Setting next_dagrun for example_branch_python_operator_decorator to 2024-05-26T00:00:00+00:00, run_after=2024-05-27T00:00:00+00:00
[2024-05-27T16:47:58.902+0000] {processor.py:178} INFO - Processing /home/airflow/.local/lib/python3.7/site-packages/airflow/example_dags/example_branch_operator_decorator.py took 0.045 seconds
[2024-05-27T16:48:29.642+0000] {processor.py:156} INFO - Started process (PID=1003) to work on /home/airflow/.local/lib/python3.7/site-packages/airflow/example_dags/example_branch_operator_decorator.py
[2024-05-27T16:48:29.643+0000] {processor.py:799} INFO - Processing file /home/airflow/.local/lib/python3.7/site-packages/airflow/example_dags/example_branch_operator_decorator.py for tasks to queue
[2024-05-27T16:48:29.643+0000] {logging_mixin.py:149} INFO - [2024-05-27T16:48:29.643+0000] {dagbag.py:541} INFO - Filling up the DagBag from /home/airflow/.local/lib/python3.7/site-packages/airflow/example_dags/example_branch_operator_decorator.py
[2024-05-27T16:48:29.649+0000] {processor.py:809} INFO - DAG(s) dict_keys(['example_branch_python_operator_decorator']) retrieved from /home/airflow/.local/lib/python3.7/site-packages/airflow/example_dags/example_branch_operator_decorator.py
[2024-05-27T16:48:29.663+0000] {logging_mixin.py:149} INFO - [2024-05-27T16:48:29.663+0000] {dag.py:2726} INFO - Sync 1 DAGs
[2024-05-27T16:48:29.676+0000] {logging_mixin.py:149} INFO - [2024-05-27T16:48:29.676+0000] {dag.py:3490} INFO - Setting next_dagrun for example_branch_python_operator_decorator to 2024-05-26T00:00:00+00:00, run_after=2024-05-27T00:00:00+00:00
[2024-05-27T16:48:29.684+0000] {processor.py:178} INFO - Processing /home/airflow/.local/lib/python3.7/site-packages/airflow/example_dags/example_branch_operator_decorator.py took 0.044 seconds
[2024-05-27T16:49:00.327+0000] {processor.py:156} INFO - Started process (PID=1063) to work on /home/airflow/.local/lib/python3.7/site-packages/airflow/example_dags/example_branch_operator_decorator.py
[2024-05-27T16:49:00.328+0000] {processor.py:799} INFO - Processing file /home/airflow/.local/lib/python3.7/site-packages/airflow/example_dags/example_branch_operator_decorator.py for tasks to queue
[2024-05-27T16:49:00.328+0000] {logging_mixin.py:149} INFO - [2024-05-27T16:49:00.328+0000] {dagbag.py:541} INFO - Filling up the DagBag from /home/airflow/.local/lib/python3.7/site-packages/airflow/example_dags/example_branch_operator_decorator.py
[2024-05-27T16:49:00.334+0000] {processor.py:809} INFO - DAG(s) dict_keys(['example_branch_python_operator_decorator']) retrieved from /home/airflow/.local/lib/python3.7/site-packages/airflow/example_dags/example_branch_operator_decorator.py
[2024-05-27T16:49:00.348+0000] {logging_mixin.py:149} INFO - [2024-05-27T16:49:00.348+0000] {dag.py:2726} INFO - Sync 1 DAGs
[2024-05-27T16:49:00.361+0000] {logging_mixin.py:149} INFO - [2024-05-27T16:49:00.361+0000] {dag.py:3490} INFO - Setting next_dagrun for example_branch_python_operator_decorator to 2024-05-26T00:00:00+00:00, run_after=2024-05-27T00:00:00+00:00
[2024-05-27T16:49:00.370+0000] {processor.py:178} INFO - Processing /home/airflow/.local/lib/python3.7/site-packages/airflow/example_dags/example_branch_operator_decorator.py took 0.044 seconds
[2024-05-27T16:50:02.405+0000] {processor.py:156} INFO - Started process (PID=1123) to work on /home/airflow/.local/lib/python3.7/site-packages/airflow/example_dags/example_branch_operator_decorator.py
[2024-05-27T16:50:02.406+0000] {processor.py:799} INFO - Processing file /home/airflow/.local/lib/python3.7/site-packages/airflow/example_dags/example_branch_operator_decorator.py for tasks to queue
[2024-05-27T16:50:02.406+0000] {logging_mixin.py:149} INFO - [2024-05-27T16:50:02.406+0000] {dagbag.py:541} INFO - Filling up the DagBag from /home/airflow/.local/lib/python3.7/site-packages/airflow/example_dags/example_branch_operator_decorator.py
[2024-05-27T16:50:02.412+0000] {processor.py:809} INFO - DAG(s) dict_keys(['example_branch_python_operator_decorator']) retrieved from /home/airflow/.local/lib/python3.7/site-packages/airflow/example_dags/example_branch_operator_decorator.py
[2024-05-27T16:50:02.427+0000] {logging_mixin.py:149} INFO - [2024-05-27T16:50:02.427+0000] {dag.py:2726} INFO - Sync 1 DAGs
[2024-05-27T16:50:02.440+0000] {logging_mixin.py:149} INFO - [2024-05-27T16:50:02.440+0000] {dag.py:3490} INFO - Setting next_dagrun for example_branch_python_operator_decorator to 2024-05-26T00:00:00+00:00, run_after=2024-05-27T00:00:00+00:00
[2024-05-27T16:50:02.449+0000] {processor.py:178} INFO - Processing /home/airflow/.local/lib/python3.7/site-packages/airflow/example_dags/example_branch_operator_decorator.py took 0.046 seconds
[2024-05-27T16:50:32.589+0000] {processor.py:156} INFO - Started process (PID=1184) to work on /home/airflow/.local/lib/python3.7/site-packages/airflow/example_dags/example_branch_operator_decorator.py
[2024-05-27T16:50:32.590+0000] {processor.py:799} INFO - Processing file /home/airflow/.local/lib/python3.7/site-packages/airflow/example_dags/example_branch_operator_decorator.py for tasks to queue
[2024-05-27T16:50:32.590+0000] {logging_mixin.py:149} INFO - [2024-05-27T16:50:32.590+0000] {dagbag.py:541} INFO - Filling up the DagBag from /home/airflow/.local/lib/python3.7/site-packages/airflow/example_dags/example_branch_operator_decorator.py
[2024-05-27T16:50:32.596+0000] {processor.py:809} INFO - DAG(s) dict_keys(['example_branch_python_operator_decorator']) retrieved from /home/airflow/.local/lib/python3.7/site-packages/airflow/example_dags/example_branch_operator_decorator.py
[2024-05-27T16:50:32.609+0000] {logging_mixin.py:149} INFO - [2024-05-27T16:50:32.609+0000] {dag.py:2726} INFO - Sync 1 DAGs
[2024-05-27T16:50:32.621+0000] {logging_mixin.py:149} INFO - [2024-05-27T16:50:32.621+0000] {dag.py:3490} INFO - Setting next_dagrun for example_branch_python_operator_decorator to 2024-05-26T00:00:00+00:00, run_after=2024-05-27T00:00:00+00:00
[2024-05-27T16:50:32.629+0000] {processor.py:178} INFO - Processing /home/airflow/.local/lib/python3.7/site-packages/airflow/example_dags/example_branch_operator_decorator.py took 0.042 seconds
[2024-05-27T16:51:02.743+0000] {processor.py:156} INFO - Started process (PID=1245) to work on /home/airflow/.local/lib/python3.7/site-packages/airflow/example_dags/example_branch_operator_decorator.py
[2024-05-27T16:51:02.744+0000] {processor.py:799} INFO - Processing file /home/airflow/.local/lib/python3.7/site-packages/airflow/example_dags/example_branch_operator_decorator.py for tasks to queue
[2024-05-27T16:51:02.744+0000] {logging_mixin.py:149} INFO - [2024-05-27T16:51:02.744+0000] {dagbag.py:541} INFO - Filling up the DagBag from /home/airflow/.local/lib/python3.7/site-packages/airflow/example_dags/example_branch_operator_decorator.py
[2024-05-27T16:51:02.752+0000] {processor.py:809} INFO - DAG(s) dict_keys(['example_branch_python_operator_decorator']) retrieved from /home/airflow/.local/lib/python3.7/site-packages/airflow/example_dags/example_branch_operator_decorator.py
[2024-05-27T16:51:02.765+0000] {logging_mixin.py:149} INFO - [2024-05-27T16:51:02.765+0000] {dag.py:2726} INFO - Sync 1 DAGs
[2024-05-27T16:51:02.777+0000] {logging_mixin.py:149} INFO - [2024-05-27T16:51:02.777+0000] {dag.py:3490} INFO - Setting next_dagrun for example_branch_python_operator_decorator to 2024-05-26T00:00:00+00:00, run_after=2024-05-27T00:00:00+00:00
[2024-05-27T16:51:02.785+0000] {processor.py:178} INFO - Processing /home/airflow/.local/lib/python3.7/site-packages/airflow/example_dags/example_branch_operator_decorator.py took 0.044 seconds
[2024-05-27T16:51:32.899+0000] {processor.py:156} INFO - Started process (PID=1306) to work on /home/airflow/.local/lib/python3.7/site-packages/airflow/example_dags/example_branch_operator_decorator.py
[2024-05-27T16:51:32.900+0000] {processor.py:799} INFO - Processing file /home/airflow/.local/lib/python3.7/site-packages/airflow/example_dags/example_branch_operator_decorator.py for tasks to queue
[2024-05-27T16:51:32.900+0000] {logging_mixin.py:149} INFO - [2024-05-27T16:51:32.900+0000] {dagbag.py:541} INFO - Filling up the DagBag from /home/airflow/.local/lib/python3.7/site-packages/airflow/example_dags/example_branch_operator_decorator.py
[2024-05-27T16:51:32.906+0000] {processor.py:809} INFO - DAG(s) dict_keys(['example_branch_python_operator_decorator']) retrieved from /home/airflow/.local/lib/python3.7/site-packages/airflow/example_dags/example_branch_operator_decorator.py
[2024-05-27T16:51:32.921+0000] {logging_mixin.py:149} INFO - [2024-05-27T16:51:32.921+0000] {dag.py:2726} INFO - Sync 1 DAGs
[2024-05-27T16:51:32.934+0000] {logging_mixin.py:149} INFO - [2024-05-27T16:51:32.934+0000] {dag.py:3490} INFO - Setting next_dagrun for example_branch_python_operator_decorator to 2024-05-26T00:00:00+00:00, run_after=2024-05-27T00:00:00+00:00
[2024-05-27T16:51:32.943+0000] {processor.py:178} INFO - Processing /home/airflow/.local/lib/python3.7/site-packages/airflow/example_dags/example_branch_operator_decorator.py took 0.045 seconds
[2024-05-27T16:52:12.435+0000] {processor.py:156} INFO - Started process (PID=1384) to work on /home/airflow/.local/lib/python3.7/site-packages/airflow/example_dags/example_branch_operator_decorator.py
[2024-05-27T16:52:12.438+0000] {processor.py:799} INFO - Processing file /home/airflow/.local/lib/python3.7/site-packages/airflow/example_dags/example_branch_operator_decorator.py for tasks to queue
[2024-05-27T16:52:12.442+0000] {logging_mixin.py:149} INFO - [2024-05-27T16:52:12.442+0000] {dagbag.py:541} INFO - Filling up the DagBag from /home/airflow/.local/lib/python3.7/site-packages/airflow/example_dags/example_branch_operator_decorator.py
[2024-05-27T16:52:12.486+0000] {processor.py:809} INFO - DAG(s) dict_keys(['example_branch_python_operator_decorator']) retrieved from /home/airflow/.local/lib/python3.7/site-packages/airflow/example_dags/example_branch_operator_decorator.py
[2024-05-27T16:52:14.630+0000] {logging_mixin.py:149} INFO - [2024-05-27T16:52:14.629+0000] {dag.py:2726} INFO - Sync 1 DAGs
[2024-05-27T16:52:14.725+0000] {logging_mixin.py:149} INFO - [2024-05-27T16:52:14.725+0000] {dag.py:3490} INFO - Setting next_dagrun for example_branch_python_operator_decorator to 2024-05-26T00:00:00+00:00, run_after=2024-05-27T00:00:00+00:00
[2024-05-27T16:52:14.770+0000] {processor.py:178} INFO - Processing /home/airflow/.local/lib/python3.7/site-packages/airflow/example_dags/example_branch_operator_decorator.py took 2.366 seconds
