[2024-05-27T16:40:18.894+0000] {processor.py:156} INFO - Started process (PID=33) to work on /home/airflow/.local/lib/python3.7/site-packages/airflow/example_dags/example_branch_python_dop_operator_3.py
[2024-05-27T16:40:18.895+0000] {processor.py:799} INFO - Processing file /home/airflow/.local/lib/python3.7/site-packages/airflow/example_dags/example_branch_python_dop_operator_3.py for tasks to queue
[2024-05-27T16:40:18.896+0000] {logging_mixin.py:149} INFO - [2024-05-27T16:40:18.896+0000] {dagbag.py:541} INFO - Filling up the DagBag from /home/airflow/.local/lib/python3.7/site-packages/airflow/example_dags/example_branch_python_dop_operator_3.py
[2024-05-27T16:40:18.906+0000] {processor.py:809} INFO - DAG(s) dict_keys(['example_branch_dop_operator_v3']) retrieved from /home/airflow/.local/lib/python3.7/site-packages/airflow/example_dags/example_branch_python_dop_operator_3.py
[2024-05-27T16:40:18.971+0000] {logging_mixin.py:149} INFO - [2024-05-27T16:40:18.971+0000] {manager.py:504} INFO - Created Permission View: can delete on DAG:example_branch_dop_operator_v3
[2024-05-27T16:40:18.975+0000] {logging_mixin.py:149} INFO - [2024-05-27T16:40:18.975+0000] {manager.py:504} INFO - Created Permission View: can read on DAG:example_branch_dop_operator_v3
[2024-05-27T16:40:18.977+0000] {logging_mixin.py:149} INFO - [2024-05-27T16:40:18.977+0000] {manager.py:504} INFO - Created Permission View: can edit on DAG:example_branch_dop_operator_v3
[2024-05-27T16:40:18.978+0000] {logging_mixin.py:149} INFO - [2024-05-27T16:40:18.978+0000] {dag.py:2726} INFO - Sync 1 DAGs
[2024-05-27T16:40:18.985+0000] {logging_mixin.py:149} INFO - [2024-05-27T16:40:18.985+0000] {dag.py:2747} INFO - Creating ORM DAG for example_branch_dop_operator_v3
[2024-05-27T16:40:18.992+0000] {logging_mixin.py:149} INFO - [2024-05-27T16:40:18.992+0000] {dag.py:3490} INFO - Setting next_dagrun for example_branch_dop_operator_v3 to 2024-05-27T16:39:00+00:00, run_after=2024-05-27T16:40:00+00:00
[2024-05-27T16:40:19.001+0000] {processor.py:178} INFO - Processing /home/airflow/.local/lib/python3.7/site-packages/airflow/example_dags/example_branch_python_dop_operator_3.py took 0.109 seconds
[2024-05-27T16:40:49.547+0000] {processor.py:156} INFO - Started process (PID=93) to work on /home/airflow/.local/lib/python3.7/site-packages/airflow/example_dags/example_branch_python_dop_operator_3.py
[2024-05-27T16:40:49.547+0000] {processor.py:799} INFO - Processing file /home/airflow/.local/lib/python3.7/site-packages/airflow/example_dags/example_branch_python_dop_operator_3.py for tasks to queue
[2024-05-27T16:40:49.548+0000] {logging_mixin.py:149} INFO - [2024-05-27T16:40:49.548+0000] {dagbag.py:541} INFO - Filling up the DagBag from /home/airflow/.local/lib/python3.7/site-packages/airflow/example_dags/example_branch_python_dop_operator_3.py
[2024-05-27T16:40:49.552+0000] {processor.py:809} INFO - DAG(s) dict_keys(['example_branch_dop_operator_v3']) retrieved from /home/airflow/.local/lib/python3.7/site-packages/airflow/example_dags/example_branch_python_dop_operator_3.py
[2024-05-27T16:40:49.567+0000] {logging_mixin.py:149} INFO - [2024-05-27T16:40:49.566+0000] {dag.py:2726} INFO - Sync 1 DAGs
[2024-05-27T16:40:49.581+0000] {logging_mixin.py:149} INFO - [2024-05-27T16:40:49.581+0000] {dag.py:3490} INFO - Setting next_dagrun for example_branch_dop_operator_v3 to 2024-05-27T16:39:00+00:00, run_after=2024-05-27T16:40:00+00:00
[2024-05-27T16:40:49.589+0000] {processor.py:178} INFO - Processing /home/airflow/.local/lib/python3.7/site-packages/airflow/example_dags/example_branch_python_dop_operator_3.py took 0.045 seconds
[2024-05-27T16:41:19.772+0000] {processor.py:156} INFO - Started process (PID=153) to work on /home/airflow/.local/lib/python3.7/site-packages/airflow/example_dags/example_branch_python_dop_operator_3.py
[2024-05-27T16:41:19.773+0000] {processor.py:799} INFO - Processing file /home/airflow/.local/lib/python3.7/site-packages/airflow/example_dags/example_branch_python_dop_operator_3.py for tasks to queue
[2024-05-27T16:41:19.774+0000] {logging_mixin.py:149} INFO - [2024-05-27T16:41:19.774+0000] {dagbag.py:541} INFO - Filling up the DagBag from /home/airflow/.local/lib/python3.7/site-packages/airflow/example_dags/example_branch_python_dop_operator_3.py
[2024-05-27T16:41:19.778+0000] {processor.py:809} INFO - DAG(s) dict_keys(['example_branch_dop_operator_v3']) retrieved from /home/airflow/.local/lib/python3.7/site-packages/airflow/example_dags/example_branch_python_dop_operator_3.py
[2024-05-27T16:41:19.791+0000] {logging_mixin.py:149} INFO - [2024-05-27T16:41:19.791+0000] {dag.py:2726} INFO - Sync 1 DAGs
[2024-05-27T16:41:19.805+0000] {logging_mixin.py:149} INFO - [2024-05-27T16:41:19.805+0000] {dag.py:3490} INFO - Setting next_dagrun for example_branch_dop_operator_v3 to 2024-05-27T16:40:00+00:00, run_after=2024-05-27T16:41:00+00:00
[2024-05-27T16:41:19.813+0000] {processor.py:178} INFO - Processing /home/airflow/.local/lib/python3.7/site-packages/airflow/example_dags/example_branch_python_dop_operator_3.py took 0.042 seconds
[2024-05-27T16:41:49.913+0000] {processor.py:156} INFO - Started process (PID=213) to work on /home/airflow/.local/lib/python3.7/site-packages/airflow/example_dags/example_branch_python_dop_operator_3.py
[2024-05-27T16:41:49.913+0000] {processor.py:799} INFO - Processing file /home/airflow/.local/lib/python3.7/site-packages/airflow/example_dags/example_branch_python_dop_operator_3.py for tasks to queue
[2024-05-27T16:41:49.914+0000] {logging_mixin.py:149} INFO - [2024-05-27T16:41:49.914+0000] {dagbag.py:541} INFO - Filling up the DagBag from /home/airflow/.local/lib/python3.7/site-packages/airflow/example_dags/example_branch_python_dop_operator_3.py
[2024-05-27T16:41:49.920+0000] {processor.py:809} INFO - DAG(s) dict_keys(['example_branch_dop_operator_v3']) retrieved from /home/airflow/.local/lib/python3.7/site-packages/airflow/example_dags/example_branch_python_dop_operator_3.py
[2024-05-27T16:41:49.935+0000] {logging_mixin.py:149} INFO - [2024-05-27T16:41:49.935+0000] {dag.py:2726} INFO - Sync 1 DAGs
[2024-05-27T16:41:49.950+0000] {logging_mixin.py:149} INFO - [2024-05-27T16:41:49.950+0000] {dag.py:3490} INFO - Setting next_dagrun for example_branch_dop_operator_v3 to 2024-05-27T16:40:00+00:00, run_after=2024-05-27T16:41:00+00:00
[2024-05-27T16:41:49.958+0000] {processor.py:178} INFO - Processing /home/airflow/.local/lib/python3.7/site-packages/airflow/example_dags/example_branch_python_dop_operator_3.py took 0.048 seconds
[2024-05-27T16:42:20.217+0000] {processor.py:156} INFO - Started process (PID=273) to work on /home/airflow/.local/lib/python3.7/site-packages/airflow/example_dags/example_branch_python_dop_operator_3.py
[2024-05-27T16:42:20.218+0000] {processor.py:799} INFO - Processing file /home/airflow/.local/lib/python3.7/site-packages/airflow/example_dags/example_branch_python_dop_operator_3.py for tasks to queue
[2024-05-27T16:42:20.218+0000] {logging_mixin.py:149} INFO - [2024-05-27T16:42:20.218+0000] {dagbag.py:541} INFO - Filling up the DagBag from /home/airflow/.local/lib/python3.7/site-packages/airflow/example_dags/example_branch_python_dop_operator_3.py
[2024-05-27T16:42:20.223+0000] {processor.py:809} INFO - DAG(s) dict_keys(['example_branch_dop_operator_v3']) retrieved from /home/airflow/.local/lib/python3.7/site-packages/airflow/example_dags/example_branch_python_dop_operator_3.py
[2024-05-27T16:42:20.237+0000] {logging_mixin.py:149} INFO - [2024-05-27T16:42:20.237+0000] {dag.py:2726} INFO - Sync 1 DAGs
[2024-05-27T16:42:20.252+0000] {logging_mixin.py:149} INFO - [2024-05-27T16:42:20.252+0000] {dag.py:3490} INFO - Setting next_dagrun for example_branch_dop_operator_v3 to 2024-05-27T16:41:00+00:00, run_after=2024-05-27T16:42:00+00:00
[2024-05-27T16:42:20.261+0000] {processor.py:178} INFO - Processing /home/airflow/.local/lib/python3.7/site-packages/airflow/example_dags/example_branch_python_dop_operator_3.py took 0.046 seconds
[2024-05-27T16:42:50.483+0000] {processor.py:156} INFO - Started process (PID=333) to work on /home/airflow/.local/lib/python3.7/site-packages/airflow/example_dags/example_branch_python_dop_operator_3.py
[2024-05-27T16:42:50.484+0000] {processor.py:799} INFO - Processing file /home/airflow/.local/lib/python3.7/site-packages/airflow/example_dags/example_branch_python_dop_operator_3.py for tasks to queue
[2024-05-27T16:42:50.485+0000] {logging_mixin.py:149} INFO - [2024-05-27T16:42:50.485+0000] {dagbag.py:541} INFO - Filling up the DagBag from /home/airflow/.local/lib/python3.7/site-packages/airflow/example_dags/example_branch_python_dop_operator_3.py
[2024-05-27T16:42:50.489+0000] {processor.py:809} INFO - DAG(s) dict_keys(['example_branch_dop_operator_v3']) retrieved from /home/airflow/.local/lib/python3.7/site-packages/airflow/example_dags/example_branch_python_dop_operator_3.py
[2024-05-27T16:42:50.502+0000] {logging_mixin.py:149} INFO - [2024-05-27T16:42:50.502+0000] {dag.py:2726} INFO - Sync 1 DAGs
[2024-05-27T16:42:50.517+0000] {logging_mixin.py:149} INFO - [2024-05-27T16:42:50.517+0000] {dag.py:3490} INFO - Setting next_dagrun for example_branch_dop_operator_v3 to 2024-05-27T16:41:00+00:00, run_after=2024-05-27T16:42:00+00:00
[2024-05-27T16:42:50.526+0000] {processor.py:178} INFO - Processing /home/airflow/.local/lib/python3.7/site-packages/airflow/example_dags/example_branch_python_dop_operator_3.py took 0.045 seconds
[2024-05-27T16:43:21.304+0000] {processor.py:156} INFO - Started process (PID=393) to work on /home/airflow/.local/lib/python3.7/site-packages/airflow/example_dags/example_branch_python_dop_operator_3.py
[2024-05-27T16:43:21.305+0000] {processor.py:799} INFO - Processing file /home/airflow/.local/lib/python3.7/site-packages/airflow/example_dags/example_branch_python_dop_operator_3.py for tasks to queue
[2024-05-27T16:43:21.305+0000] {logging_mixin.py:149} INFO - [2024-05-27T16:43:21.305+0000] {dagbag.py:541} INFO - Filling up the DagBag from /home/airflow/.local/lib/python3.7/site-packages/airflow/example_dags/example_branch_python_dop_operator_3.py
[2024-05-27T16:43:21.310+0000] {processor.py:809} INFO - DAG(s) dict_keys(['example_branch_dop_operator_v3']) retrieved from /home/airflow/.local/lib/python3.7/site-packages/airflow/example_dags/example_branch_python_dop_operator_3.py
[2024-05-27T16:43:21.324+0000] {logging_mixin.py:149} INFO - [2024-05-27T16:43:21.324+0000] {dag.py:2726} INFO - Sync 1 DAGs
[2024-05-27T16:43:21.339+0000] {logging_mixin.py:149} INFO - [2024-05-27T16:43:21.339+0000] {dag.py:3490} INFO - Setting next_dagrun for example_branch_dop_operator_v3 to 2024-05-27T16:42:00+00:00, run_after=2024-05-27T16:43:00+00:00
[2024-05-27T16:43:21.347+0000] {processor.py:178} INFO - Processing /home/airflow/.local/lib/python3.7/site-packages/airflow/example_dags/example_branch_python_dop_operator_3.py took 0.045 seconds
[2024-05-27T16:43:52.197+0000] {processor.py:156} INFO - Started process (PID=453) to work on /home/airflow/.local/lib/python3.7/site-packages/airflow/example_dags/example_branch_python_dop_operator_3.py
[2024-05-27T16:43:52.198+0000] {processor.py:799} INFO - Processing file /home/airflow/.local/lib/python3.7/site-packages/airflow/example_dags/example_branch_python_dop_operator_3.py for tasks to queue
[2024-05-27T16:43:52.198+0000] {logging_mixin.py:149} INFO - [2024-05-27T16:43:52.198+0000] {dagbag.py:541} INFO - Filling up the DagBag from /home/airflow/.local/lib/python3.7/site-packages/airflow/example_dags/example_branch_python_dop_operator_3.py
[2024-05-27T16:43:52.206+0000] {processor.py:809} INFO - DAG(s) dict_keys(['example_branch_dop_operator_v3']) retrieved from /home/airflow/.local/lib/python3.7/site-packages/airflow/example_dags/example_branch_python_dop_operator_3.py
[2024-05-27T16:43:52.228+0000] {logging_mixin.py:149} INFO - [2024-05-27T16:43:52.228+0000] {dag.py:2726} INFO - Sync 1 DAGs
[2024-05-27T16:43:52.248+0000] {logging_mixin.py:149} INFO - [2024-05-27T16:43:52.248+0000] {dag.py:3490} INFO - Setting next_dagrun for example_branch_dop_operator_v3 to 2024-05-27T16:42:00+00:00, run_after=2024-05-27T16:43:00+00:00
[2024-05-27T16:43:52.258+0000] {processor.py:178} INFO - Processing /home/airflow/.local/lib/python3.7/site-packages/airflow/example_dags/example_branch_python_dop_operator_3.py took 0.064 seconds
[2024-05-27T16:44:23.016+0000] {processor.py:156} INFO - Started process (PID=513) to work on /home/airflow/.local/lib/python3.7/site-packages/airflow/example_dags/example_branch_python_dop_operator_3.py
[2024-05-27T16:44:23.017+0000] {processor.py:799} INFO - Processing file /home/airflow/.local/lib/python3.7/site-packages/airflow/example_dags/example_branch_python_dop_operator_3.py for tasks to queue
[2024-05-27T16:44:23.018+0000] {logging_mixin.py:149} INFO - [2024-05-27T16:44:23.018+0000] {dagbag.py:541} INFO - Filling up the DagBag from /home/airflow/.local/lib/python3.7/site-packages/airflow/example_dags/example_branch_python_dop_operator_3.py
[2024-05-27T16:44:23.023+0000] {processor.py:809} INFO - DAG(s) dict_keys(['example_branch_dop_operator_v3']) retrieved from /home/airflow/.local/lib/python3.7/site-packages/airflow/example_dags/example_branch_python_dop_operator_3.py
[2024-05-27T16:44:23.037+0000] {logging_mixin.py:149} INFO - [2024-05-27T16:44:23.037+0000] {dag.py:2726} INFO - Sync 1 DAGs
[2024-05-27T16:44:23.052+0000] {logging_mixin.py:149} INFO - [2024-05-27T16:44:23.052+0000] {dag.py:3490} INFO - Setting next_dagrun for example_branch_dop_operator_v3 to 2024-05-27T16:43:00+00:00, run_after=2024-05-27T16:44:00+00:00
[2024-05-27T16:44:23.061+0000] {processor.py:178} INFO - Processing /home/airflow/.local/lib/python3.7/site-packages/airflow/example_dags/example_branch_python_dop_operator_3.py took 0.047 seconds
[2024-05-27T16:44:53.172+0000] {processor.py:156} INFO - Started process (PID=573) to work on /home/airflow/.local/lib/python3.7/site-packages/airflow/example_dags/example_branch_python_dop_operator_3.py
[2024-05-27T16:44:53.173+0000] {processor.py:799} INFO - Processing file /home/airflow/.local/lib/python3.7/site-packages/airflow/example_dags/example_branch_python_dop_operator_3.py for tasks to queue
[2024-05-27T16:44:53.173+0000] {logging_mixin.py:149} INFO - [2024-05-27T16:44:53.173+0000] {dagbag.py:541} INFO - Filling up the DagBag from /home/airflow/.local/lib/python3.7/site-packages/airflow/example_dags/example_branch_python_dop_operator_3.py
[2024-05-27T16:44:53.178+0000] {processor.py:809} INFO - DAG(s) dict_keys(['example_branch_dop_operator_v3']) retrieved from /home/airflow/.local/lib/python3.7/site-packages/airflow/example_dags/example_branch_python_dop_operator_3.py
[2024-05-27T16:44:53.191+0000] {logging_mixin.py:149} INFO - [2024-05-27T16:44:53.191+0000] {dag.py:2726} INFO - Sync 1 DAGs
[2024-05-27T16:44:53.204+0000] {logging_mixin.py:149} INFO - [2024-05-27T16:44:53.204+0000] {dag.py:3490} INFO - Setting next_dagrun for example_branch_dop_operator_v3 to 2024-05-27T16:43:00+00:00, run_after=2024-05-27T16:44:00+00:00
[2024-05-27T16:44:53.213+0000] {processor.py:178} INFO - Processing /home/airflow/.local/lib/python3.7/site-packages/airflow/example_dags/example_branch_python_dop_operator_3.py took 0.043 seconds
[2024-05-27T16:45:24.159+0000] {processor.py:156} INFO - Started process (PID=633) to work on /home/airflow/.local/lib/python3.7/site-packages/airflow/example_dags/example_branch_python_dop_operator_3.py
[2024-05-27T16:45:24.160+0000] {processor.py:799} INFO - Processing file /home/airflow/.local/lib/python3.7/site-packages/airflow/example_dags/example_branch_python_dop_operator_3.py for tasks to queue
[2024-05-27T16:45:24.160+0000] {logging_mixin.py:149} INFO - [2024-05-27T16:45:24.160+0000] {dagbag.py:541} INFO - Filling up the DagBag from /home/airflow/.local/lib/python3.7/site-packages/airflow/example_dags/example_branch_python_dop_operator_3.py
[2024-05-27T16:45:24.165+0000] {processor.py:809} INFO - DAG(s) dict_keys(['example_branch_dop_operator_v3']) retrieved from /home/airflow/.local/lib/python3.7/site-packages/airflow/example_dags/example_branch_python_dop_operator_3.py
[2024-05-27T16:45:24.177+0000] {logging_mixin.py:149} INFO - [2024-05-27T16:45:24.177+0000] {dag.py:2726} INFO - Sync 1 DAGs
[2024-05-27T16:45:24.190+0000] {logging_mixin.py:149} INFO - [2024-05-27T16:45:24.190+0000] {dag.py:3490} INFO - Setting next_dagrun for example_branch_dop_operator_v3 to 2024-05-27T16:44:00+00:00, run_after=2024-05-27T16:45:00+00:00
[2024-05-27T16:45:24.198+0000] {processor.py:178} INFO - Processing /home/airflow/.local/lib/python3.7/site-packages/airflow/example_dags/example_branch_python_dop_operator_3.py took 0.040 seconds
[2024-05-27T16:45:54.921+0000] {processor.py:156} INFO - Started process (PID=693) to work on /home/airflow/.local/lib/python3.7/site-packages/airflow/example_dags/example_branch_python_dop_operator_3.py
[2024-05-27T16:45:54.922+0000] {processor.py:799} INFO - Processing file /home/airflow/.local/lib/python3.7/site-packages/airflow/example_dags/example_branch_python_dop_operator_3.py for tasks to queue
[2024-05-27T16:45:54.922+0000] {logging_mixin.py:149} INFO - [2024-05-27T16:45:54.922+0000] {dagbag.py:541} INFO - Filling up the DagBag from /home/airflow/.local/lib/python3.7/site-packages/airflow/example_dags/example_branch_python_dop_operator_3.py
[2024-05-27T16:45:54.927+0000] {processor.py:809} INFO - DAG(s) dict_keys(['example_branch_dop_operator_v3']) retrieved from /home/airflow/.local/lib/python3.7/site-packages/airflow/example_dags/example_branch_python_dop_operator_3.py
[2024-05-27T16:45:54.940+0000] {logging_mixin.py:149} INFO - [2024-05-27T16:45:54.940+0000] {dag.py:2726} INFO - Sync 1 DAGs
[2024-05-27T16:45:54.954+0000] {logging_mixin.py:149} INFO - [2024-05-27T16:45:54.953+0000] {dag.py:3490} INFO - Setting next_dagrun for example_branch_dop_operator_v3 to 2024-05-27T16:44:00+00:00, run_after=2024-05-27T16:45:00+00:00
[2024-05-27T16:45:54.961+0000] {processor.py:178} INFO - Processing /home/airflow/.local/lib/python3.7/site-packages/airflow/example_dags/example_branch_python_dop_operator_3.py took 0.042 seconds
[2024-05-27T16:46:25.024+0000] {processor.py:156} INFO - Started process (PID=753) to work on /home/airflow/.local/lib/python3.7/site-packages/airflow/example_dags/example_branch_python_dop_operator_3.py
[2024-05-27T16:46:25.024+0000] {processor.py:799} INFO - Processing file /home/airflow/.local/lib/python3.7/site-packages/airflow/example_dags/example_branch_python_dop_operator_3.py for tasks to queue
[2024-05-27T16:46:25.025+0000] {logging_mixin.py:149} INFO - [2024-05-27T16:46:25.025+0000] {dagbag.py:541} INFO - Filling up the DagBag from /home/airflow/.local/lib/python3.7/site-packages/airflow/example_dags/example_branch_python_dop_operator_3.py
[2024-05-27T16:46:25.029+0000] {processor.py:809} INFO - DAG(s) dict_keys(['example_branch_dop_operator_v3']) retrieved from /home/airflow/.local/lib/python3.7/site-packages/airflow/example_dags/example_branch_python_dop_operator_3.py
[2024-05-27T16:46:25.041+0000] {logging_mixin.py:149} INFO - [2024-05-27T16:46:25.041+0000] {dag.py:2726} INFO - Sync 1 DAGs
[2024-05-27T16:46:25.055+0000] {logging_mixin.py:149} INFO - [2024-05-27T16:46:25.055+0000] {dag.py:3490} INFO - Setting next_dagrun for example_branch_dop_operator_v3 to 2024-05-27T16:45:00+00:00, run_after=2024-05-27T16:46:00+00:00
[2024-05-27T16:46:25.064+0000] {processor.py:178} INFO - Processing /home/airflow/.local/lib/python3.7/site-packages/airflow/example_dags/example_branch_python_dop_operator_3.py took 0.043 seconds
[2024-05-27T16:46:55.970+0000] {processor.py:156} INFO - Started process (PID=813) to work on /home/airflow/.local/lib/python3.7/site-packages/airflow/example_dags/example_branch_python_dop_operator_3.py
[2024-05-27T16:46:55.971+0000] {processor.py:799} INFO - Processing file /home/airflow/.local/lib/python3.7/site-packages/airflow/example_dags/example_branch_python_dop_operator_3.py for tasks to queue
[2024-05-27T16:46:55.971+0000] {logging_mixin.py:149} INFO - [2024-05-27T16:46:55.971+0000] {dagbag.py:541} INFO - Filling up the DagBag from /home/airflow/.local/lib/python3.7/site-packages/airflow/example_dags/example_branch_python_dop_operator_3.py
[2024-05-27T16:46:55.976+0000] {processor.py:809} INFO - DAG(s) dict_keys(['example_branch_dop_operator_v3']) retrieved from /home/airflow/.local/lib/python3.7/site-packages/airflow/example_dags/example_branch_python_dop_operator_3.py
[2024-05-27T16:46:55.990+0000] {logging_mixin.py:149} INFO - [2024-05-27T16:46:55.990+0000] {dag.py:2726} INFO - Sync 1 DAGs
[2024-05-27T16:46:56.007+0000] {logging_mixin.py:149} INFO - [2024-05-27T16:46:56.007+0000] {dag.py:3490} INFO - Setting next_dagrun for example_branch_dop_operator_v3 to 2024-05-27T16:45:00+00:00, run_after=2024-05-27T16:46:00+00:00
[2024-05-27T16:46:56.015+0000] {processor.py:178} INFO - Processing /home/airflow/.local/lib/python3.7/site-packages/airflow/example_dags/example_branch_python_dop_operator_3.py took 0.047 seconds
[2024-05-27T16:47:26.781+0000] {processor.py:156} INFO - Started process (PID=873) to work on /home/airflow/.local/lib/python3.7/site-packages/airflow/example_dags/example_branch_python_dop_operator_3.py
[2024-05-27T16:47:26.781+0000] {processor.py:799} INFO - Processing file /home/airflow/.local/lib/python3.7/site-packages/airflow/example_dags/example_branch_python_dop_operator_3.py for tasks to queue
[2024-05-27T16:47:26.782+0000] {logging_mixin.py:149} INFO - [2024-05-27T16:47:26.781+0000] {dagbag.py:541} INFO - Filling up the DagBag from /home/airflow/.local/lib/python3.7/site-packages/airflow/example_dags/example_branch_python_dop_operator_3.py
[2024-05-27T16:47:26.786+0000] {processor.py:809} INFO - DAG(s) dict_keys(['example_branch_dop_operator_v3']) retrieved from /home/airflow/.local/lib/python3.7/site-packages/airflow/example_dags/example_branch_python_dop_operator_3.py
[2024-05-27T16:47:26.798+0000] {logging_mixin.py:149} INFO - [2024-05-27T16:47:26.798+0000] {dag.py:2726} INFO - Sync 1 DAGs
[2024-05-27T16:47:26.811+0000] {logging_mixin.py:149} INFO - [2024-05-27T16:47:26.811+0000] {dag.py:3490} INFO - Setting next_dagrun for example_branch_dop_operator_v3 to 2024-05-27T16:46:00+00:00, run_after=2024-05-27T16:47:00+00:00
[2024-05-27T16:47:26.820+0000] {processor.py:178} INFO - Processing /home/airflow/.local/lib/python3.7/site-packages/airflow/example_dags/example_branch_python_dop_operator_3.py took 0.041 seconds
[2024-05-27T16:47:57.557+0000] {processor.py:156} INFO - Started process (PID=933) to work on /home/airflow/.local/lib/python3.7/site-packages/airflow/example_dags/example_branch_python_dop_operator_3.py
[2024-05-27T16:47:57.558+0000] {processor.py:799} INFO - Processing file /home/airflow/.local/lib/python3.7/site-packages/airflow/example_dags/example_branch_python_dop_operator_3.py for tasks to queue
[2024-05-27T16:47:57.558+0000] {logging_mixin.py:149} INFO - [2024-05-27T16:47:57.558+0000] {dagbag.py:541} INFO - Filling up the DagBag from /home/airflow/.local/lib/python3.7/site-packages/airflow/example_dags/example_branch_python_dop_operator_3.py
[2024-05-27T16:47:57.563+0000] {processor.py:809} INFO - DAG(s) dict_keys(['example_branch_dop_operator_v3']) retrieved from /home/airflow/.local/lib/python3.7/site-packages/airflow/example_dags/example_branch_python_dop_operator_3.py
[2024-05-27T16:47:57.576+0000] {logging_mixin.py:149} INFO - [2024-05-27T16:47:57.575+0000] {dag.py:2726} INFO - Sync 1 DAGs
[2024-05-27T16:47:57.589+0000] {logging_mixin.py:149} INFO - [2024-05-27T16:47:57.589+0000] {dag.py:3490} INFO - Setting next_dagrun for example_branch_dop_operator_v3 to 2024-05-27T16:46:00+00:00, run_after=2024-05-27T16:47:00+00:00
[2024-05-27T16:47:57.598+0000] {processor.py:178} INFO - Processing /home/airflow/.local/lib/python3.7/site-packages/airflow/example_dags/example_branch_python_dop_operator_3.py took 0.042 seconds
[2024-05-27T16:48:28.370+0000] {processor.py:156} INFO - Started process (PID=993) to work on /home/airflow/.local/lib/python3.7/site-packages/airflow/example_dags/example_branch_python_dop_operator_3.py
[2024-05-27T16:48:28.371+0000] {processor.py:799} INFO - Processing file /home/airflow/.local/lib/python3.7/site-packages/airflow/example_dags/example_branch_python_dop_operator_3.py for tasks to queue
[2024-05-27T16:48:28.371+0000] {logging_mixin.py:149} INFO - [2024-05-27T16:48:28.371+0000] {dagbag.py:541} INFO - Filling up the DagBag from /home/airflow/.local/lib/python3.7/site-packages/airflow/example_dags/example_branch_python_dop_operator_3.py
[2024-05-27T16:48:28.375+0000] {processor.py:809} INFO - DAG(s) dict_keys(['example_branch_dop_operator_v3']) retrieved from /home/airflow/.local/lib/python3.7/site-packages/airflow/example_dags/example_branch_python_dop_operator_3.py
[2024-05-27T16:48:28.387+0000] {logging_mixin.py:149} INFO - [2024-05-27T16:48:28.387+0000] {dag.py:2726} INFO - Sync 1 DAGs
[2024-05-27T16:48:28.400+0000] {logging_mixin.py:149} INFO - [2024-05-27T16:48:28.400+0000] {dag.py:3490} INFO - Setting next_dagrun for example_branch_dop_operator_v3 to 2024-05-27T16:47:00+00:00, run_after=2024-05-27T16:48:00+00:00
[2024-05-27T16:48:28.408+0000] {processor.py:178} INFO - Processing /home/airflow/.local/lib/python3.7/site-packages/airflow/example_dags/example_branch_python_dop_operator_3.py took 0.040 seconds
[2024-05-27T16:48:59.033+0000] {processor.py:156} INFO - Started process (PID=1053) to work on /home/airflow/.local/lib/python3.7/site-packages/airflow/example_dags/example_branch_python_dop_operator_3.py
[2024-05-27T16:48:59.034+0000] {processor.py:799} INFO - Processing file /home/airflow/.local/lib/python3.7/site-packages/airflow/example_dags/example_branch_python_dop_operator_3.py for tasks to queue
[2024-05-27T16:48:59.034+0000] {logging_mixin.py:149} INFO - [2024-05-27T16:48:59.034+0000] {dagbag.py:541} INFO - Filling up the DagBag from /home/airflow/.local/lib/python3.7/site-packages/airflow/example_dags/example_branch_python_dop_operator_3.py
[2024-05-27T16:48:59.039+0000] {processor.py:809} INFO - DAG(s) dict_keys(['example_branch_dop_operator_v3']) retrieved from /home/airflow/.local/lib/python3.7/site-packages/airflow/example_dags/example_branch_python_dop_operator_3.py
[2024-05-27T16:48:59.051+0000] {logging_mixin.py:149} INFO - [2024-05-27T16:48:59.051+0000] {dag.py:2726} INFO - Sync 1 DAGs
[2024-05-27T16:48:59.064+0000] {logging_mixin.py:149} INFO - [2024-05-27T16:48:59.064+0000] {dag.py:3490} INFO - Setting next_dagrun for example_branch_dop_operator_v3 to 2024-05-27T16:47:00+00:00, run_after=2024-05-27T16:48:00+00:00
[2024-05-27T16:48:59.072+0000] {processor.py:178} INFO - Processing /home/airflow/.local/lib/python3.7/site-packages/airflow/example_dags/example_branch_python_dop_operator_3.py took 0.041 seconds
[2024-05-27T16:50:02.095+0000] {processor.py:156} INFO - Started process (PID=1113) to work on /home/airflow/.local/lib/python3.7/site-packages/airflow/example_dags/example_branch_python_dop_operator_3.py
[2024-05-27T16:50:02.096+0000] {processor.py:799} INFO - Processing file /home/airflow/.local/lib/python3.7/site-packages/airflow/example_dags/example_branch_python_dop_operator_3.py for tasks to queue
[2024-05-27T16:50:02.097+0000] {logging_mixin.py:149} INFO - [2024-05-27T16:50:02.097+0000] {dagbag.py:541} INFO - Filling up the DagBag from /home/airflow/.local/lib/python3.7/site-packages/airflow/example_dags/example_branch_python_dop_operator_3.py
[2024-05-27T16:50:02.102+0000] {processor.py:809} INFO - DAG(s) dict_keys(['example_branch_dop_operator_v3']) retrieved from /home/airflow/.local/lib/python3.7/site-packages/airflow/example_dags/example_branch_python_dop_operator_3.py
[2024-05-27T16:50:02.117+0000] {logging_mixin.py:149} INFO - [2024-05-27T16:50:02.117+0000] {dag.py:2726} INFO - Sync 1 DAGs
[2024-05-27T16:50:02.131+0000] {logging_mixin.py:149} INFO - [2024-05-27T16:50:02.131+0000] {dag.py:3490} INFO - Setting next_dagrun for example_branch_dop_operator_v3 to 2024-05-27T16:49:00+00:00, run_after=2024-05-27T16:50:00+00:00
[2024-05-27T16:50:02.139+0000] {processor.py:178} INFO - Processing /home/airflow/.local/lib/python3.7/site-packages/airflow/example_dags/example_branch_python_dop_operator_3.py took 0.047 seconds
[2024-05-27T16:50:32.229+0000] {processor.py:156} INFO - Started process (PID=1174) to work on /home/airflow/.local/lib/python3.7/site-packages/airflow/example_dags/example_branch_python_dop_operator_3.py
[2024-05-27T16:50:32.230+0000] {processor.py:799} INFO - Processing file /home/airflow/.local/lib/python3.7/site-packages/airflow/example_dags/example_branch_python_dop_operator_3.py for tasks to queue
[2024-05-27T16:50:32.230+0000] {logging_mixin.py:149} INFO - [2024-05-27T16:50:32.230+0000] {dagbag.py:541} INFO - Filling up the DagBag from /home/airflow/.local/lib/python3.7/site-packages/airflow/example_dags/example_branch_python_dop_operator_3.py
[2024-05-27T16:50:32.235+0000] {processor.py:809} INFO - DAG(s) dict_keys(['example_branch_dop_operator_v3']) retrieved from /home/airflow/.local/lib/python3.7/site-packages/airflow/example_dags/example_branch_python_dop_operator_3.py
[2024-05-27T16:50:32.248+0000] {logging_mixin.py:149} INFO - [2024-05-27T16:50:32.247+0000] {dag.py:2726} INFO - Sync 1 DAGs
[2024-05-27T16:50:32.261+0000] {logging_mixin.py:149} INFO - [2024-05-27T16:50:32.261+0000] {dag.py:3490} INFO - Setting next_dagrun for example_branch_dop_operator_v3 to 2024-05-27T16:49:00+00:00, run_after=2024-05-27T16:50:00+00:00
[2024-05-27T16:50:32.268+0000] {processor.py:178} INFO - Processing /home/airflow/.local/lib/python3.7/site-packages/airflow/example_dags/example_branch_python_dop_operator_3.py took 0.041 seconds
[2024-05-27T16:51:02.358+0000] {processor.py:156} INFO - Started process (PID=1235) to work on /home/airflow/.local/lib/python3.7/site-packages/airflow/example_dags/example_branch_python_dop_operator_3.py
[2024-05-27T16:51:02.359+0000] {processor.py:799} INFO - Processing file /home/airflow/.local/lib/python3.7/site-packages/airflow/example_dags/example_branch_python_dop_operator_3.py for tasks to queue
[2024-05-27T16:51:02.359+0000] {logging_mixin.py:149} INFO - [2024-05-27T16:51:02.359+0000] {dagbag.py:541} INFO - Filling up the DagBag from /home/airflow/.local/lib/python3.7/site-packages/airflow/example_dags/example_branch_python_dop_operator_3.py
[2024-05-27T16:51:02.363+0000] {processor.py:809} INFO - DAG(s) dict_keys(['example_branch_dop_operator_v3']) retrieved from /home/airflow/.local/lib/python3.7/site-packages/airflow/example_dags/example_branch_python_dop_operator_3.py
[2024-05-27T16:51:02.376+0000] {logging_mixin.py:149} INFO - [2024-05-27T16:51:02.375+0000] {dag.py:2726} INFO - Sync 1 DAGs
[2024-05-27T16:51:02.389+0000] {logging_mixin.py:149} INFO - [2024-05-27T16:51:02.389+0000] {dag.py:3490} INFO - Setting next_dagrun for example_branch_dop_operator_v3 to 2024-05-27T16:50:00+00:00, run_after=2024-05-27T16:51:00+00:00
[2024-05-27T16:51:02.396+0000] {processor.py:178} INFO - Processing /home/airflow/.local/lib/python3.7/site-packages/airflow/example_dags/example_branch_python_dop_operator_3.py took 0.040 seconds
[2024-05-27T16:51:32.587+0000] {processor.py:156} INFO - Started process (PID=1296) to work on /home/airflow/.local/lib/python3.7/site-packages/airflow/example_dags/example_branch_python_dop_operator_3.py
[2024-05-27T16:51:32.588+0000] {processor.py:799} INFO - Processing file /home/airflow/.local/lib/python3.7/site-packages/airflow/example_dags/example_branch_python_dop_operator_3.py for tasks to queue
[2024-05-27T16:51:32.588+0000] {logging_mixin.py:149} INFO - [2024-05-27T16:51:32.588+0000] {dagbag.py:541} INFO - Filling up the DagBag from /home/airflow/.local/lib/python3.7/site-packages/airflow/example_dags/example_branch_python_dop_operator_3.py
[2024-05-27T16:51:32.593+0000] {processor.py:809} INFO - DAG(s) dict_keys(['example_branch_dop_operator_v3']) retrieved from /home/airflow/.local/lib/python3.7/site-packages/airflow/example_dags/example_branch_python_dop_operator_3.py
[2024-05-27T16:51:32.605+0000] {logging_mixin.py:149} INFO - [2024-05-27T16:51:32.605+0000] {dag.py:2726} INFO - Sync 1 DAGs
[2024-05-27T16:51:32.620+0000] {logging_mixin.py:149} INFO - [2024-05-27T16:51:32.620+0000] {dag.py:3490} INFO - Setting next_dagrun for example_branch_dop_operator_v3 to 2024-05-27T16:50:00+00:00, run_after=2024-05-27T16:51:00+00:00
[2024-05-27T16:51:32.627+0000] {processor.py:178} INFO - Processing /home/airflow/.local/lib/python3.7/site-packages/airflow/example_dags/example_branch_python_dop_operator_3.py took 0.042 seconds
[2024-05-27T16:52:04.721+0000] {processor.py:156} INFO - Started process (PID=1374) to work on /home/airflow/.local/lib/python3.7/site-packages/airflow/example_dags/example_branch_python_dop_operator_3.py
[2024-05-27T16:52:04.727+0000] {processor.py:799} INFO - Processing file /home/airflow/.local/lib/python3.7/site-packages/airflow/example_dags/example_branch_python_dop_operator_3.py for tasks to queue
[2024-05-27T16:52:04.729+0000] {logging_mixin.py:149} INFO - [2024-05-27T16:52:04.729+0000] {dagbag.py:541} INFO - Filling up the DagBag from /home/airflow/.local/lib/python3.7/site-packages/airflow/example_dags/example_branch_python_dop_operator_3.py
[2024-05-27T16:52:04.796+0000] {processor.py:809} INFO - DAG(s) dict_keys(['example_branch_dop_operator_v3']) retrieved from /home/airflow/.local/lib/python3.7/site-packages/airflow/example_dags/example_branch_python_dop_operator_3.py
[2024-05-27T16:52:05.026+0000] {logging_mixin.py:149} INFO - [2024-05-27T16:52:05.025+0000] {dag.py:2726} INFO - Sync 1 DAGs
[2024-05-27T16:52:05.688+0000] {logging_mixin.py:149} INFO - [2024-05-27T16:52:05.686+0000] {dag.py:3490} INFO - Setting next_dagrun for example_branch_dop_operator_v3 to 2024-05-27T16:51:00+00:00, run_after=2024-05-27T16:52:00+00:00
[2024-05-27T16:52:05.747+0000] {processor.py:178} INFO - Processing /home/airflow/.local/lib/python3.7/site-packages/airflow/example_dags/example_branch_python_dop_operator_3.py took 1.033 seconds
