[2024-05-27T16:40:18.331+0000] {processor.py:156} INFO - Started process (PID=31) to work on /home/airflow/.local/lib/python3.7/site-packages/airflow/example_dags/example_skip_dag.py
[2024-05-27T16:40:18.335+0000] {processor.py:799} INFO - Processing file /home/airflow/.local/lib/python3.7/site-packages/airflow/example_dags/example_skip_dag.py for tasks to queue
[2024-05-27T16:40:18.336+0000] {logging_mixin.py:149} INFO - [2024-05-27T16:40:18.336+0000] {dagbag.py:541} INFO - Filling up the DagBag from /home/airflow/.local/lib/python3.7/site-packages/airflow/example_dags/example_skip_dag.py
[2024-05-27T16:40:18.363+0000] {processor.py:809} INFO - DAG(s) dict_keys(['example_skip_dag']) retrieved from /home/airflow/.local/lib/python3.7/site-packages/airflow/example_dags/example_skip_dag.py
[2024-05-27T16:40:18.843+0000] {logging_mixin.py:149} INFO - [2024-05-27T16:40:18.843+0000] {manager.py:504} INFO - Created Permission View: can delete on DAG:example_skip_dag
[2024-05-27T16:40:18.848+0000] {logging_mixin.py:149} INFO - [2024-05-27T16:40:18.848+0000] {manager.py:504} INFO - Created Permission View: can read on DAG:example_skip_dag
[2024-05-27T16:40:18.851+0000] {logging_mixin.py:149} INFO - [2024-05-27T16:40:18.851+0000] {manager.py:504} INFO - Created Permission View: can edit on DAG:example_skip_dag
[2024-05-27T16:40:18.851+0000] {logging_mixin.py:149} INFO - [2024-05-27T16:40:18.851+0000] {dag.py:2726} INFO - Sync 1 DAGs
[2024-05-27T16:40:18.858+0000] {logging_mixin.py:149} INFO - [2024-05-27T16:40:18.858+0000] {dag.py:2747} INFO - Creating ORM DAG for example_skip_dag
[2024-05-27T16:40:18.865+0000] {logging_mixin.py:149} INFO - [2024-05-27T16:40:18.865+0000] {dag.py:3490} INFO - Setting next_dagrun for example_skip_dag to 2024-05-26T16:40:18.865343+00:00, run_after=2024-05-27T16:40:18.865343+00:00
[2024-05-27T16:40:18.876+0000] {processor.py:178} INFO - Processing /home/airflow/.local/lib/python3.7/site-packages/airflow/example_dags/example_skip_dag.py took 0.560 seconds
[2024-05-27T16:40:49.457+0000] {processor.py:156} INFO - Started process (PID=91) to work on /home/airflow/.local/lib/python3.7/site-packages/airflow/example_dags/example_skip_dag.py
[2024-05-27T16:40:49.459+0000] {processor.py:799} INFO - Processing file /home/airflow/.local/lib/python3.7/site-packages/airflow/example_dags/example_skip_dag.py for tasks to queue
[2024-05-27T16:40:49.460+0000] {logging_mixin.py:149} INFO - [2024-05-27T16:40:49.460+0000] {dagbag.py:541} INFO - Filling up the DagBag from /home/airflow/.local/lib/python3.7/site-packages/airflow/example_dags/example_skip_dag.py
[2024-05-27T16:40:49.473+0000] {processor.py:809} INFO - DAG(s) dict_keys(['example_skip_dag']) retrieved from /home/airflow/.local/lib/python3.7/site-packages/airflow/example_dags/example_skip_dag.py
[2024-05-27T16:40:49.499+0000] {logging_mixin.py:149} INFO - [2024-05-27T16:40:49.499+0000] {dag.py:2726} INFO - Sync 1 DAGs
[2024-05-27T16:40:49.519+0000] {logging_mixin.py:149} INFO - [2024-05-27T16:40:49.519+0000] {dag.py:3490} INFO - Setting next_dagrun for example_skip_dag to 2024-05-26T16:40:49.519275+00:00, run_after=2024-05-27T16:40:49.519275+00:00
[2024-05-27T16:40:49.533+0000] {processor.py:178} INFO - Processing /home/airflow/.local/lib/python3.7/site-packages/airflow/example_dags/example_skip_dag.py took 0.084 seconds
[2024-05-27T16:41:19.665+0000] {processor.py:156} INFO - Started process (PID=151) to work on /home/airflow/.local/lib/python3.7/site-packages/airflow/example_dags/example_skip_dag.py
[2024-05-27T16:41:19.667+0000] {processor.py:799} INFO - Processing file /home/airflow/.local/lib/python3.7/site-packages/airflow/example_dags/example_skip_dag.py for tasks to queue
[2024-05-27T16:41:19.668+0000] {logging_mixin.py:149} INFO - [2024-05-27T16:41:19.668+0000] {dagbag.py:541} INFO - Filling up the DagBag from /home/airflow/.local/lib/python3.7/site-packages/airflow/example_dags/example_skip_dag.py
[2024-05-27T16:41:19.694+0000] {processor.py:809} INFO - DAG(s) dict_keys(['example_skip_dag']) retrieved from /home/airflow/.local/lib/python3.7/site-packages/airflow/example_dags/example_skip_dag.py
[2024-05-27T16:41:19.721+0000] {logging_mixin.py:149} INFO - [2024-05-27T16:41:19.721+0000] {dag.py:2726} INFO - Sync 1 DAGs
[2024-05-27T16:41:19.740+0000] {logging_mixin.py:149} INFO - [2024-05-27T16:41:19.740+0000] {dag.py:3490} INFO - Setting next_dagrun for example_skip_dag to 2024-05-26T16:41:19.739791+00:00, run_after=2024-05-27T16:41:19.739791+00:00
[2024-05-27T16:41:19.757+0000] {processor.py:178} INFO - Processing /home/airflow/.local/lib/python3.7/site-packages/airflow/example_dags/example_skip_dag.py took 0.101 seconds
[2024-05-27T16:41:49.836+0000] {processor.py:156} INFO - Started process (PID=211) to work on /home/airflow/.local/lib/python3.7/site-packages/airflow/example_dags/example_skip_dag.py
[2024-05-27T16:41:49.838+0000] {processor.py:799} INFO - Processing file /home/airflow/.local/lib/python3.7/site-packages/airflow/example_dags/example_skip_dag.py for tasks to queue
[2024-05-27T16:41:49.839+0000] {logging_mixin.py:149} INFO - [2024-05-27T16:41:49.839+0000] {dagbag.py:541} INFO - Filling up the DagBag from /home/airflow/.local/lib/python3.7/site-packages/airflow/example_dags/example_skip_dag.py
[2024-05-27T16:41:49.851+0000] {processor.py:809} INFO - DAG(s) dict_keys(['example_skip_dag']) retrieved from /home/airflow/.local/lib/python3.7/site-packages/airflow/example_dags/example_skip_dag.py
[2024-05-27T16:41:49.872+0000] {logging_mixin.py:149} INFO - [2024-05-27T16:41:49.872+0000] {dag.py:2726} INFO - Sync 1 DAGs
[2024-05-27T16:41:49.889+0000] {logging_mixin.py:149} INFO - [2024-05-27T16:41:49.888+0000] {dag.py:3490} INFO - Setting next_dagrun for example_skip_dag to 2024-05-26T16:41:49.888762+00:00, run_after=2024-05-27T16:41:49.888762+00:00
[2024-05-27T16:41:49.898+0000] {processor.py:178} INFO - Processing /home/airflow/.local/lib/python3.7/site-packages/airflow/example_dags/example_skip_dag.py took 0.070 seconds
[2024-05-27T16:42:20.130+0000] {processor.py:156} INFO - Started process (PID=271) to work on /home/airflow/.local/lib/python3.7/site-packages/airflow/example_dags/example_skip_dag.py
[2024-05-27T16:42:20.132+0000] {processor.py:799} INFO - Processing file /home/airflow/.local/lib/python3.7/site-packages/airflow/example_dags/example_skip_dag.py for tasks to queue
[2024-05-27T16:42:20.133+0000] {logging_mixin.py:149} INFO - [2024-05-27T16:42:20.133+0000] {dagbag.py:541} INFO - Filling up the DagBag from /home/airflow/.local/lib/python3.7/site-packages/airflow/example_dags/example_skip_dag.py
[2024-05-27T16:42:20.147+0000] {processor.py:809} INFO - DAG(s) dict_keys(['example_skip_dag']) retrieved from /home/airflow/.local/lib/python3.7/site-packages/airflow/example_dags/example_skip_dag.py
[2024-05-27T16:42:20.172+0000] {logging_mixin.py:149} INFO - [2024-05-27T16:42:20.172+0000] {dag.py:2726} INFO - Sync 1 DAGs
[2024-05-27T16:42:20.190+0000] {logging_mixin.py:149} INFO - [2024-05-27T16:42:20.190+0000] {dag.py:3490} INFO - Setting next_dagrun for example_skip_dag to 2024-05-26T16:42:20.189727+00:00, run_after=2024-05-27T16:42:20.189727+00:00
[2024-05-27T16:42:20.201+0000] {processor.py:178} INFO - Processing /home/airflow/.local/lib/python3.7/site-packages/airflow/example_dags/example_skip_dag.py took 0.082 seconds
[2024-05-27T16:42:50.408+0000] {processor.py:156} INFO - Started process (PID=331) to work on /home/airflow/.local/lib/python3.7/site-packages/airflow/example_dags/example_skip_dag.py
[2024-05-27T16:42:50.410+0000] {processor.py:799} INFO - Processing file /home/airflow/.local/lib/python3.7/site-packages/airflow/example_dags/example_skip_dag.py for tasks to queue
[2024-05-27T16:42:50.411+0000] {logging_mixin.py:149} INFO - [2024-05-27T16:42:50.410+0000] {dagbag.py:541} INFO - Filling up the DagBag from /home/airflow/.local/lib/python3.7/site-packages/airflow/example_dags/example_skip_dag.py
[2024-05-27T16:42:50.422+0000] {processor.py:809} INFO - DAG(s) dict_keys(['example_skip_dag']) retrieved from /home/airflow/.local/lib/python3.7/site-packages/airflow/example_dags/example_skip_dag.py
[2024-05-27T16:42:50.444+0000] {logging_mixin.py:149} INFO - [2024-05-27T16:42:50.444+0000] {dag.py:2726} INFO - Sync 1 DAGs
[2024-05-27T16:42:50.460+0000] {logging_mixin.py:149} INFO - [2024-05-27T16:42:50.460+0000] {dag.py:3490} INFO - Setting next_dagrun for example_skip_dag to 2024-05-26T16:42:50.459975+00:00, run_after=2024-05-27T16:42:50.459975+00:00
[2024-05-27T16:42:50.470+0000] {processor.py:178} INFO - Processing /home/airflow/.local/lib/python3.7/site-packages/airflow/example_dags/example_skip_dag.py took 0.070 seconds
[2024-05-27T16:43:21.229+0000] {processor.py:156} INFO - Started process (PID=391) to work on /home/airflow/.local/lib/python3.7/site-packages/airflow/example_dags/example_skip_dag.py
[2024-05-27T16:43:21.230+0000] {processor.py:799} INFO - Processing file /home/airflow/.local/lib/python3.7/site-packages/airflow/example_dags/example_skip_dag.py for tasks to queue
[2024-05-27T16:43:21.231+0000] {logging_mixin.py:149} INFO - [2024-05-27T16:43:21.231+0000] {dagbag.py:541} INFO - Filling up the DagBag from /home/airflow/.local/lib/python3.7/site-packages/airflow/example_dags/example_skip_dag.py
[2024-05-27T16:43:21.238+0000] {processor.py:809} INFO - DAG(s) dict_keys(['example_skip_dag']) retrieved from /home/airflow/.local/lib/python3.7/site-packages/airflow/example_dags/example_skip_dag.py
[2024-05-27T16:43:21.267+0000] {logging_mixin.py:149} INFO - [2024-05-27T16:43:21.267+0000] {dag.py:2726} INFO - Sync 1 DAGs
[2024-05-27T16:43:21.282+0000] {logging_mixin.py:149} INFO - [2024-05-27T16:43:21.282+0000] {dag.py:3490} INFO - Setting next_dagrun for example_skip_dag to 2024-05-26T16:43:21.282076+00:00, run_after=2024-05-27T16:43:21.282076+00:00
[2024-05-27T16:43:21.292+0000] {processor.py:178} INFO - Processing /home/airflow/.local/lib/python3.7/site-packages/airflow/example_dags/example_skip_dag.py took 0.066 seconds
[2024-05-27T16:43:52.085+0000] {processor.py:156} INFO - Started process (PID=451) to work on /home/airflow/.local/lib/python3.7/site-packages/airflow/example_dags/example_skip_dag.py
[2024-05-27T16:43:52.086+0000] {processor.py:799} INFO - Processing file /home/airflow/.local/lib/python3.7/site-packages/airflow/example_dags/example_skip_dag.py for tasks to queue
[2024-05-27T16:43:52.087+0000] {logging_mixin.py:149} INFO - [2024-05-27T16:43:52.087+0000] {dagbag.py:541} INFO - Filling up the DagBag from /home/airflow/.local/lib/python3.7/site-packages/airflow/example_dags/example_skip_dag.py
[2024-05-27T16:43:52.096+0000] {processor.py:809} INFO - DAG(s) dict_keys(['example_skip_dag']) retrieved from /home/airflow/.local/lib/python3.7/site-packages/airflow/example_dags/example_skip_dag.py
[2024-05-27T16:43:52.131+0000] {logging_mixin.py:149} INFO - [2024-05-27T16:43:52.131+0000] {dag.py:2726} INFO - Sync 1 DAGs
[2024-05-27T16:43:52.164+0000] {logging_mixin.py:149} INFO - [2024-05-27T16:43:52.164+0000] {dag.py:3490} INFO - Setting next_dagrun for example_skip_dag to 2024-05-26T16:43:52.164199+00:00, run_after=2024-05-27T16:43:52.164199+00:00
[2024-05-27T16:43:52.182+0000] {processor.py:178} INFO - Processing /home/airflow/.local/lib/python3.7/site-packages/airflow/example_dags/example_skip_dag.py took 0.102 seconds
[2024-05-27T16:44:22.906+0000] {processor.py:156} INFO - Started process (PID=511) to work on /home/airflow/.local/lib/python3.7/site-packages/airflow/example_dags/example_skip_dag.py
[2024-05-27T16:44:22.907+0000] {processor.py:799} INFO - Processing file /home/airflow/.local/lib/python3.7/site-packages/airflow/example_dags/example_skip_dag.py for tasks to queue
[2024-05-27T16:44:22.908+0000] {logging_mixin.py:149} INFO - [2024-05-27T16:44:22.908+0000] {dagbag.py:541} INFO - Filling up the DagBag from /home/airflow/.local/lib/python3.7/site-packages/airflow/example_dags/example_skip_dag.py
[2024-05-27T16:44:22.934+0000] {processor.py:809} INFO - DAG(s) dict_keys(['example_skip_dag']) retrieved from /home/airflow/.local/lib/python3.7/site-packages/airflow/example_dags/example_skip_dag.py
[2024-05-27T16:44:22.965+0000] {logging_mixin.py:149} INFO - [2024-05-27T16:44:22.965+0000] {dag.py:2726} INFO - Sync 1 DAGs
[2024-05-27T16:44:22.984+0000] {logging_mixin.py:149} INFO - [2024-05-27T16:44:22.983+0000] {dag.py:3490} INFO - Setting next_dagrun for example_skip_dag to 2024-05-26T16:44:22.983329+00:00, run_after=2024-05-27T16:44:22.983329+00:00
[2024-05-27T16:44:23.002+0000] {processor.py:178} INFO - Processing /home/airflow/.local/lib/python3.7/site-packages/airflow/example_dags/example_skip_dag.py took 0.100 seconds
[2024-05-27T16:44:53.094+0000] {processor.py:156} INFO - Started process (PID=571) to work on /home/airflow/.local/lib/python3.7/site-packages/airflow/example_dags/example_skip_dag.py
[2024-05-27T16:44:53.096+0000] {processor.py:799} INFO - Processing file /home/airflow/.local/lib/python3.7/site-packages/airflow/example_dags/example_skip_dag.py for tasks to queue
[2024-05-27T16:44:53.097+0000] {logging_mixin.py:149} INFO - [2024-05-27T16:44:53.097+0000] {dagbag.py:541} INFO - Filling up the DagBag from /home/airflow/.local/lib/python3.7/site-packages/airflow/example_dags/example_skip_dag.py
[2024-05-27T16:44:53.111+0000] {processor.py:809} INFO - DAG(s) dict_keys(['example_skip_dag']) retrieved from /home/airflow/.local/lib/python3.7/site-packages/airflow/example_dags/example_skip_dag.py
[2024-05-27T16:44:53.134+0000] {logging_mixin.py:149} INFO - [2024-05-27T16:44:53.134+0000] {dag.py:2726} INFO - Sync 1 DAGs
[2024-05-27T16:44:53.150+0000] {logging_mixin.py:149} INFO - [2024-05-27T16:44:53.150+0000] {dag.py:3490} INFO - Setting next_dagrun for example_skip_dag to 2024-05-26T16:44:53.149943+00:00, run_after=2024-05-27T16:44:53.149943+00:00
[2024-05-27T16:44:53.160+0000] {processor.py:178} INFO - Processing /home/airflow/.local/lib/python3.7/site-packages/airflow/example_dags/example_skip_dag.py took 0.073 seconds
[2024-05-27T16:45:24.083+0000] {processor.py:156} INFO - Started process (PID=631) to work on /home/airflow/.local/lib/python3.7/site-packages/airflow/example_dags/example_skip_dag.py
[2024-05-27T16:45:24.084+0000] {processor.py:799} INFO - Processing file /home/airflow/.local/lib/python3.7/site-packages/airflow/example_dags/example_skip_dag.py for tasks to queue
[2024-05-27T16:45:24.085+0000] {logging_mixin.py:149} INFO - [2024-05-27T16:45:24.085+0000] {dagbag.py:541} INFO - Filling up the DagBag from /home/airflow/.local/lib/python3.7/site-packages/airflow/example_dags/example_skip_dag.py
[2024-05-27T16:45:24.099+0000] {processor.py:809} INFO - DAG(s) dict_keys(['example_skip_dag']) retrieved from /home/airflow/.local/lib/python3.7/site-packages/airflow/example_dags/example_skip_dag.py
[2024-05-27T16:45:24.121+0000] {logging_mixin.py:149} INFO - [2024-05-27T16:45:24.121+0000] {dag.py:2726} INFO - Sync 1 DAGs
[2024-05-27T16:45:24.137+0000] {logging_mixin.py:149} INFO - [2024-05-27T16:45:24.137+0000] {dag.py:3490} INFO - Setting next_dagrun for example_skip_dag to 2024-05-26T16:45:24.137319+00:00, run_after=2024-05-27T16:45:24.137319+00:00
[2024-05-27T16:45:24.148+0000] {processor.py:178} INFO - Processing /home/airflow/.local/lib/python3.7/site-packages/airflow/example_dags/example_skip_dag.py took 0.073 seconds
[2024-05-27T16:45:54.848+0000] {processor.py:156} INFO - Started process (PID=691) to work on /home/airflow/.local/lib/python3.7/site-packages/airflow/example_dags/example_skip_dag.py
[2024-05-27T16:45:54.849+0000] {processor.py:799} INFO - Processing file /home/airflow/.local/lib/python3.7/site-packages/airflow/example_dags/example_skip_dag.py for tasks to queue
[2024-05-27T16:45:54.850+0000] {logging_mixin.py:149} INFO - [2024-05-27T16:45:54.850+0000] {dagbag.py:541} INFO - Filling up the DagBag from /home/airflow/.local/lib/python3.7/site-packages/airflow/example_dags/example_skip_dag.py
[2024-05-27T16:45:54.859+0000] {processor.py:809} INFO - DAG(s) dict_keys(['example_skip_dag']) retrieved from /home/airflow/.local/lib/python3.7/site-packages/airflow/example_dags/example_skip_dag.py
[2024-05-27T16:45:54.880+0000] {logging_mixin.py:149} INFO - [2024-05-27T16:45:54.880+0000] {dag.py:2726} INFO - Sync 1 DAGs
[2024-05-27T16:45:54.895+0000] {logging_mixin.py:149} INFO - [2024-05-27T16:45:54.895+0000] {dag.py:3490} INFO - Setting next_dagrun for example_skip_dag to 2024-05-26T16:45:54.895776+00:00, run_after=2024-05-27T16:45:54.895776+00:00
[2024-05-27T16:45:54.907+0000] {processor.py:178} INFO - Processing /home/airflow/.local/lib/python3.7/site-packages/airflow/example_dags/example_skip_dag.py took 0.065 seconds
[2024-05-27T16:46:24.949+0000] {processor.py:156} INFO - Started process (PID=751) to work on /home/airflow/.local/lib/python3.7/site-packages/airflow/example_dags/example_skip_dag.py
[2024-05-27T16:46:24.950+0000] {processor.py:799} INFO - Processing file /home/airflow/.local/lib/python3.7/site-packages/airflow/example_dags/example_skip_dag.py for tasks to queue
[2024-05-27T16:46:24.951+0000] {logging_mixin.py:149} INFO - [2024-05-27T16:46:24.951+0000] {dagbag.py:541} INFO - Filling up the DagBag from /home/airflow/.local/lib/python3.7/site-packages/airflow/example_dags/example_skip_dag.py
[2024-05-27T16:46:24.961+0000] {processor.py:809} INFO - DAG(s) dict_keys(['example_skip_dag']) retrieved from /home/airflow/.local/lib/python3.7/site-packages/airflow/example_dags/example_skip_dag.py
[2024-05-27T16:46:24.985+0000] {logging_mixin.py:149} INFO - [2024-05-27T16:46:24.985+0000] {dag.py:2726} INFO - Sync 1 DAGs
[2024-05-27T16:46:24.998+0000] {logging_mixin.py:149} INFO - [2024-05-27T16:46:24.998+0000] {dag.py:3490} INFO - Setting next_dagrun for example_skip_dag to 2024-05-26T16:46:24.998742+00:00, run_after=2024-05-27T16:46:24.998742+00:00
[2024-05-27T16:46:25.008+0000] {processor.py:178} INFO - Processing /home/airflow/.local/lib/python3.7/site-packages/airflow/example_dags/example_skip_dag.py took 0.064 seconds
[2024-05-27T16:46:55.891+0000] {processor.py:156} INFO - Started process (PID=811) to work on /home/airflow/.local/lib/python3.7/site-packages/airflow/example_dags/example_skip_dag.py
[2024-05-27T16:46:55.893+0000] {processor.py:799} INFO - Processing file /home/airflow/.local/lib/python3.7/site-packages/airflow/example_dags/example_skip_dag.py for tasks to queue
[2024-05-27T16:46:55.894+0000] {logging_mixin.py:149} INFO - [2024-05-27T16:46:55.894+0000] {dagbag.py:541} INFO - Filling up the DagBag from /home/airflow/.local/lib/python3.7/site-packages/airflow/example_dags/example_skip_dag.py
[2024-05-27T16:46:55.909+0000] {processor.py:809} INFO - DAG(s) dict_keys(['example_skip_dag']) retrieved from /home/airflow/.local/lib/python3.7/site-packages/airflow/example_dags/example_skip_dag.py
[2024-05-27T16:46:55.933+0000] {logging_mixin.py:149} INFO - [2024-05-27T16:46:55.933+0000] {dag.py:2726} INFO - Sync 1 DAGs
[2024-05-27T16:46:55.948+0000] {logging_mixin.py:149} INFO - [2024-05-27T16:46:55.948+0000] {dag.py:3490} INFO - Setting next_dagrun for example_skip_dag to 2024-05-26T16:46:55.948325+00:00, run_after=2024-05-27T16:46:55.948325+00:00
[2024-05-27T16:46:55.958+0000] {processor.py:178} INFO - Processing /home/airflow/.local/lib/python3.7/site-packages/airflow/example_dags/example_skip_dag.py took 0.077 seconds
[2024-05-27T16:47:26.710+0000] {processor.py:156} INFO - Started process (PID=871) to work on /home/airflow/.local/lib/python3.7/site-packages/airflow/example_dags/example_skip_dag.py
[2024-05-27T16:47:26.712+0000] {processor.py:799} INFO - Processing file /home/airflow/.local/lib/python3.7/site-packages/airflow/example_dags/example_skip_dag.py for tasks to queue
[2024-05-27T16:47:26.713+0000] {logging_mixin.py:149} INFO - [2024-05-27T16:47:26.713+0000] {dagbag.py:541} INFO - Filling up the DagBag from /home/airflow/.local/lib/python3.7/site-packages/airflow/example_dags/example_skip_dag.py
[2024-05-27T16:47:26.723+0000] {processor.py:809} INFO - DAG(s) dict_keys(['example_skip_dag']) retrieved from /home/airflow/.local/lib/python3.7/site-packages/airflow/example_dags/example_skip_dag.py
[2024-05-27T16:47:26.745+0000] {logging_mixin.py:149} INFO - [2024-05-27T16:47:26.745+0000] {dag.py:2726} INFO - Sync 1 DAGs
[2024-05-27T16:47:26.760+0000] {logging_mixin.py:149} INFO - [2024-05-27T16:47:26.760+0000] {dag.py:3490} INFO - Setting next_dagrun for example_skip_dag to 2024-05-26T16:47:26.760170+00:00, run_after=2024-05-27T16:47:26.760170+00:00
[2024-05-27T16:47:26.769+0000] {processor.py:178} INFO - Processing /home/airflow/.local/lib/python3.7/site-packages/airflow/example_dags/example_skip_dag.py took 0.064 seconds
[2024-05-27T16:47:57.488+0000] {processor.py:156} INFO - Started process (PID=931) to work on /home/airflow/.local/lib/python3.7/site-packages/airflow/example_dags/example_skip_dag.py
[2024-05-27T16:47:57.489+0000] {processor.py:799} INFO - Processing file /home/airflow/.local/lib/python3.7/site-packages/airflow/example_dags/example_skip_dag.py for tasks to queue
[2024-05-27T16:47:57.490+0000] {logging_mixin.py:149} INFO - [2024-05-27T16:47:57.490+0000] {dagbag.py:541} INFO - Filling up the DagBag from /home/airflow/.local/lib/python3.7/site-packages/airflow/example_dags/example_skip_dag.py
[2024-05-27T16:47:57.500+0000] {processor.py:809} INFO - DAG(s) dict_keys(['example_skip_dag']) retrieved from /home/airflow/.local/lib/python3.7/site-packages/airflow/example_dags/example_skip_dag.py
[2024-05-27T16:47:57.521+0000] {logging_mixin.py:149} INFO - [2024-05-27T16:47:57.521+0000] {dag.py:2726} INFO - Sync 1 DAGs
[2024-05-27T16:47:57.536+0000] {logging_mixin.py:149} INFO - [2024-05-27T16:47:57.536+0000] {dag.py:3490} INFO - Setting next_dagrun for example_skip_dag to 2024-05-26T16:47:57.536279+00:00, run_after=2024-05-27T16:47:57.536279+00:00
[2024-05-27T16:47:57.545+0000] {processor.py:178} INFO - Processing /home/airflow/.local/lib/python3.7/site-packages/airflow/example_dags/example_skip_dag.py took 0.063 seconds
[2024-05-27T16:48:28.297+0000] {processor.py:156} INFO - Started process (PID=991) to work on /home/airflow/.local/lib/python3.7/site-packages/airflow/example_dags/example_skip_dag.py
[2024-05-27T16:48:28.299+0000] {processor.py:799} INFO - Processing file /home/airflow/.local/lib/python3.7/site-packages/airflow/example_dags/example_skip_dag.py for tasks to queue
[2024-05-27T16:48:28.300+0000] {logging_mixin.py:149} INFO - [2024-05-27T16:48:28.299+0000] {dagbag.py:541} INFO - Filling up the DagBag from /home/airflow/.local/lib/python3.7/site-packages/airflow/example_dags/example_skip_dag.py
[2024-05-27T16:48:28.310+0000] {processor.py:809} INFO - DAG(s) dict_keys(['example_skip_dag']) retrieved from /home/airflow/.local/lib/python3.7/site-packages/airflow/example_dags/example_skip_dag.py
[2024-05-27T16:48:28.334+0000] {logging_mixin.py:149} INFO - [2024-05-27T16:48:28.334+0000] {dag.py:2726} INFO - Sync 1 DAGs
[2024-05-27T16:48:28.349+0000] {logging_mixin.py:149} INFO - [2024-05-27T16:48:28.349+0000] {dag.py:3490} INFO - Setting next_dagrun for example_skip_dag to 2024-05-26T16:48:28.349665+00:00, run_after=2024-05-27T16:48:28.349665+00:00
[2024-05-27T16:48:28.359+0000] {processor.py:178} INFO - Processing /home/airflow/.local/lib/python3.7/site-packages/airflow/example_dags/example_skip_dag.py took 0.068 seconds
[2024-05-27T16:48:58.963+0000] {processor.py:156} INFO - Started process (PID=1051) to work on /home/airflow/.local/lib/python3.7/site-packages/airflow/example_dags/example_skip_dag.py
[2024-05-27T16:48:58.964+0000] {processor.py:799} INFO - Processing file /home/airflow/.local/lib/python3.7/site-packages/airflow/example_dags/example_skip_dag.py for tasks to queue
[2024-05-27T16:48:58.965+0000] {logging_mixin.py:149} INFO - [2024-05-27T16:48:58.965+0000] {dagbag.py:541} INFO - Filling up the DagBag from /home/airflow/.local/lib/python3.7/site-packages/airflow/example_dags/example_skip_dag.py
[2024-05-27T16:48:58.975+0000] {processor.py:809} INFO - DAG(s) dict_keys(['example_skip_dag']) retrieved from /home/airflow/.local/lib/python3.7/site-packages/airflow/example_dags/example_skip_dag.py
[2024-05-27T16:48:58.997+0000] {logging_mixin.py:149} INFO - [2024-05-27T16:48:58.996+0000] {dag.py:2726} INFO - Sync 1 DAGs
[2024-05-27T16:48:59.012+0000] {logging_mixin.py:149} INFO - [2024-05-27T16:48:59.012+0000] {dag.py:3490} INFO - Setting next_dagrun for example_skip_dag to 2024-05-26T16:48:59.011906+00:00, run_after=2024-05-27T16:48:59.011906+00:00
[2024-05-27T16:48:59.021+0000] {processor.py:178} INFO - Processing /home/airflow/.local/lib/python3.7/site-packages/airflow/example_dags/example_skip_dag.py took 0.064 seconds
[2024-05-27T16:50:02.010+0000] {processor.py:156} INFO - Started process (PID=1111) to work on /home/airflow/.local/lib/python3.7/site-packages/airflow/example_dags/example_skip_dag.py
[2024-05-27T16:50:02.012+0000] {processor.py:799} INFO - Processing file /home/airflow/.local/lib/python3.7/site-packages/airflow/example_dags/example_skip_dag.py for tasks to queue
[2024-05-27T16:50:02.013+0000] {logging_mixin.py:149} INFO - [2024-05-27T16:50:02.013+0000] {dagbag.py:541} INFO - Filling up the DagBag from /home/airflow/.local/lib/python3.7/site-packages/airflow/example_dags/example_skip_dag.py
[2024-05-27T16:50:02.027+0000] {processor.py:809} INFO - DAG(s) dict_keys(['example_skip_dag']) retrieved from /home/airflow/.local/lib/python3.7/site-packages/airflow/example_dags/example_skip_dag.py
[2024-05-27T16:50:02.052+0000] {logging_mixin.py:149} INFO - [2024-05-27T16:50:02.052+0000] {dag.py:2726} INFO - Sync 1 DAGs
[2024-05-27T16:50:02.069+0000] {logging_mixin.py:149} INFO - [2024-05-27T16:50:02.069+0000] {dag.py:3490} INFO - Setting next_dagrun for example_skip_dag to 2024-05-26T16:50:02.068735+00:00, run_after=2024-05-27T16:50:02.068735+00:00
[2024-05-27T16:50:02.079+0000] {processor.py:178} INFO - Processing /home/airflow/.local/lib/python3.7/site-packages/airflow/example_dags/example_skip_dag.py took 0.083 seconds
[2024-05-27T16:50:32.138+0000] {processor.py:156} INFO - Started process (PID=1172) to work on /home/airflow/.local/lib/python3.7/site-packages/airflow/example_dags/example_skip_dag.py
[2024-05-27T16:50:32.141+0000] {processor.py:799} INFO - Processing file /home/airflow/.local/lib/python3.7/site-packages/airflow/example_dags/example_skip_dag.py for tasks to queue
[2024-05-27T16:50:32.142+0000] {logging_mixin.py:149} INFO - [2024-05-27T16:50:32.142+0000] {dagbag.py:541} INFO - Filling up the DagBag from /home/airflow/.local/lib/python3.7/site-packages/airflow/example_dags/example_skip_dag.py
[2024-05-27T16:50:32.158+0000] {processor.py:809} INFO - DAG(s) dict_keys(['example_skip_dag']) retrieved from /home/airflow/.local/lib/python3.7/site-packages/airflow/example_dags/example_skip_dag.py
[2024-05-27T16:50:32.191+0000] {logging_mixin.py:149} INFO - [2024-05-27T16:50:32.191+0000] {dag.py:2726} INFO - Sync 1 DAGs
[2024-05-27T16:50:32.207+0000] {logging_mixin.py:149} INFO - [2024-05-27T16:50:32.206+0000] {dag.py:3490} INFO - Setting next_dagrun for example_skip_dag to 2024-05-26T16:50:32.206721+00:00, run_after=2024-05-27T16:50:32.206721+00:00
[2024-05-27T16:50:32.217+0000] {processor.py:178} INFO - Processing /home/airflow/.local/lib/python3.7/site-packages/airflow/example_dags/example_skip_dag.py took 0.087 seconds
[2024-05-27T16:51:02.292+0000] {processor.py:156} INFO - Started process (PID=1233) to work on /home/airflow/.local/lib/python3.7/site-packages/airflow/example_dags/example_skip_dag.py
[2024-05-27T16:51:02.294+0000] {processor.py:799} INFO - Processing file /home/airflow/.local/lib/python3.7/site-packages/airflow/example_dags/example_skip_dag.py for tasks to queue
[2024-05-27T16:51:02.295+0000] {logging_mixin.py:149} INFO - [2024-05-27T16:51:02.295+0000] {dagbag.py:541} INFO - Filling up the DagBag from /home/airflow/.local/lib/python3.7/site-packages/airflow/example_dags/example_skip_dag.py
[2024-05-27T16:51:02.303+0000] {processor.py:809} INFO - DAG(s) dict_keys(['example_skip_dag']) retrieved from /home/airflow/.local/lib/python3.7/site-packages/airflow/example_dags/example_skip_dag.py
[2024-05-27T16:51:02.323+0000] {logging_mixin.py:149} INFO - [2024-05-27T16:51:02.323+0000] {dag.py:2726} INFO - Sync 1 DAGs
[2024-05-27T16:51:02.338+0000] {logging_mixin.py:149} INFO - [2024-05-27T16:51:02.338+0000] {dag.py:3490} INFO - Setting next_dagrun for example_skip_dag to 2024-05-26T16:51:02.338066+00:00, run_after=2024-05-27T16:51:02.338066+00:00
[2024-05-27T16:51:02.347+0000] {processor.py:178} INFO - Processing /home/airflow/.local/lib/python3.7/site-packages/airflow/example_dags/example_skip_dag.py took 0.060 seconds
[2024-05-27T16:51:32.463+0000] {processor.py:156} INFO - Started process (PID=1294) to work on /home/airflow/.local/lib/python3.7/site-packages/airflow/example_dags/example_skip_dag.py
[2024-05-27T16:51:32.466+0000] {processor.py:799} INFO - Processing file /home/airflow/.local/lib/python3.7/site-packages/airflow/example_dags/example_skip_dag.py for tasks to queue
[2024-05-27T16:51:32.468+0000] {logging_mixin.py:149} INFO - [2024-05-27T16:51:32.468+0000] {dagbag.py:541} INFO - Filling up the DagBag from /home/airflow/.local/lib/python3.7/site-packages/airflow/example_dags/example_skip_dag.py
[2024-05-27T16:51:32.493+0000] {processor.py:809} INFO - DAG(s) dict_keys(['example_skip_dag']) retrieved from /home/airflow/.local/lib/python3.7/site-packages/airflow/example_dags/example_skip_dag.py
[2024-05-27T16:51:32.521+0000] {logging_mixin.py:149} INFO - [2024-05-27T16:51:32.521+0000] {dag.py:2726} INFO - Sync 1 DAGs
[2024-05-27T16:51:32.552+0000] {logging_mixin.py:149} INFO - [2024-05-27T16:51:32.552+0000] {dag.py:3490} INFO - Setting next_dagrun for example_skip_dag to 2024-05-26T16:51:32.551864+00:00, run_after=2024-05-27T16:51:32.551864+00:00
[2024-05-27T16:51:32.575+0000] {processor.py:178} INFO - Processing /home/airflow/.local/lib/python3.7/site-packages/airflow/example_dags/example_skip_dag.py took 0.120 seconds
[2024-05-27T16:52:03.251+0000] {processor.py:156} INFO - Started process (PID=1372) to work on /home/airflow/.local/lib/python3.7/site-packages/airflow/example_dags/example_skip_dag.py
[2024-05-27T16:52:03.263+0000] {processor.py:799} INFO - Processing file /home/airflow/.local/lib/python3.7/site-packages/airflow/example_dags/example_skip_dag.py for tasks to queue
[2024-05-27T16:52:03.269+0000] {logging_mixin.py:149} INFO - [2024-05-27T16:52:03.268+0000] {dagbag.py:541} INFO - Filling up the DagBag from /home/airflow/.local/lib/python3.7/site-packages/airflow/example_dags/example_skip_dag.py
[2024-05-27T16:52:03.401+0000] {processor.py:809} INFO - DAG(s) dict_keys(['example_skip_dag']) retrieved from /home/airflow/.local/lib/python3.7/site-packages/airflow/example_dags/example_skip_dag.py
[2024-05-27T16:52:04.432+0000] {logging_mixin.py:149} INFO - [2024-05-27T16:52:04.431+0000] {dag.py:2726} INFO - Sync 1 DAGs
[2024-05-27T16:52:04.583+0000] {logging_mixin.py:149} INFO - [2024-05-27T16:52:04.582+0000] {dag.py:3490} INFO - Setting next_dagrun for example_skip_dag to 2024-05-26T16:52:04.582234+00:00, run_after=2024-05-27T16:52:04.582234+00:00
[2024-05-27T16:52:04.648+0000] {processor.py:178} INFO - Processing /home/airflow/.local/lib/python3.7/site-packages/airflow/example_dags/example_skip_dag.py took 1.500 seconds
