[2024-05-27T16:40:22.599+0000] {processor.py:156} INFO - Started process (PID=69) to work on /home/airflow/.local/lib/python3.7/site-packages/airflow/example_dags/example_local_kubernetes_executor.py
[2024-05-27T16:40:22.600+0000] {processor.py:799} INFO - Processing file /home/airflow/.local/lib/python3.7/site-packages/airflow/example_dags/example_local_kubernetes_executor.py for tasks to queue
[2024-05-27T16:40:22.601+0000] {logging_mixin.py:149} INFO - [2024-05-27T16:40:22.601+0000] {dagbag.py:541} INFO - Filling up the DagBag from /home/airflow/.local/lib/python3.7/site-packages/airflow/example_dags/example_local_kubernetes_executor.py
[2024-05-27T16:40:23.038+0000] {processor.py:809} INFO - DAG(s) dict_keys(['example_local_kubernetes_executor']) retrieved from /home/airflow/.local/lib/python3.7/site-packages/airflow/example_dags/example_local_kubernetes_executor.py
[2024-05-27T16:40:23.122+0000] {logging_mixin.py:149} INFO - [2024-05-27T16:40:23.122+0000] {manager.py:504} INFO - Created Permission View: can delete on DAG:example_local_kubernetes_executor
[2024-05-27T16:40:23.126+0000] {logging_mixin.py:149} INFO - [2024-05-27T16:40:23.126+0000] {manager.py:504} INFO - Created Permission View: can read on DAG:example_local_kubernetes_executor
[2024-05-27T16:40:23.130+0000] {logging_mixin.py:149} INFO - [2024-05-27T16:40:23.130+0000] {manager.py:504} INFO - Created Permission View: can edit on DAG:example_local_kubernetes_executor
[2024-05-27T16:40:23.130+0000] {logging_mixin.py:149} INFO - [2024-05-27T16:40:23.130+0000] {dag.py:2726} INFO - Sync 1 DAGs
[2024-05-27T16:40:23.137+0000] {logging_mixin.py:149} INFO - [2024-05-27T16:40:23.137+0000] {dag.py:2747} INFO - Creating ORM DAG for example_local_kubernetes_executor
[2024-05-27T16:40:23.143+0000] {logging_mixin.py:149} INFO - [2024-05-27T16:40:23.143+0000] {dag.py:3490} INFO - Setting next_dagrun for example_local_kubernetes_executor to None, run_after=None
[2024-05-27T16:40:23.188+0000] {processor.py:178} INFO - Processing /home/airflow/.local/lib/python3.7/site-packages/airflow/example_dags/example_local_kubernetes_executor.py took 0.593 seconds
[2024-05-27T16:40:54.022+0000] {processor.py:156} INFO - Started process (PID=130) to work on /home/airflow/.local/lib/python3.7/site-packages/airflow/example_dags/example_local_kubernetes_executor.py
[2024-05-27T16:40:54.024+0000] {processor.py:799} INFO - Processing file /home/airflow/.local/lib/python3.7/site-packages/airflow/example_dags/example_local_kubernetes_executor.py for tasks to queue
[2024-05-27T16:40:54.025+0000] {logging_mixin.py:149} INFO - [2024-05-27T16:40:54.024+0000] {dagbag.py:541} INFO - Filling up the DagBag from /home/airflow/.local/lib/python3.7/site-packages/airflow/example_dags/example_local_kubernetes_executor.py
[2024-05-27T16:40:54.175+0000] {processor.py:809} INFO - DAG(s) dict_keys(['example_local_kubernetes_executor']) retrieved from /home/airflow/.local/lib/python3.7/site-packages/airflow/example_dags/example_local_kubernetes_executor.py
[2024-05-27T16:40:54.196+0000] {logging_mixin.py:149} INFO - [2024-05-27T16:40:54.196+0000] {dag.py:2726} INFO - Sync 1 DAGs
[2024-05-27T16:40:54.214+0000] {logging_mixin.py:149} INFO - [2024-05-27T16:40:54.214+0000] {dag.py:3490} INFO - Setting next_dagrun for example_local_kubernetes_executor to None, run_after=None
[2024-05-27T16:40:54.257+0000] {processor.py:178} INFO - Processing /home/airflow/.local/lib/python3.7/site-packages/airflow/example_dags/example_local_kubernetes_executor.py took 0.241 seconds
[2024-05-27T16:41:24.351+0000] {processor.py:156} INFO - Started process (PID=194) to work on /home/airflow/.local/lib/python3.7/site-packages/airflow/example_dags/example_local_kubernetes_executor.py
[2024-05-27T16:41:24.352+0000] {processor.py:799} INFO - Processing file /home/airflow/.local/lib/python3.7/site-packages/airflow/example_dags/example_local_kubernetes_executor.py for tasks to queue
[2024-05-27T16:41:24.352+0000] {logging_mixin.py:149} INFO - [2024-05-27T16:41:24.352+0000] {dagbag.py:541} INFO - Filling up the DagBag from /home/airflow/.local/lib/python3.7/site-packages/airflow/example_dags/example_local_kubernetes_executor.py
[2024-05-27T16:41:24.439+0000] {processor.py:809} INFO - DAG(s) dict_keys(['example_local_kubernetes_executor']) retrieved from /home/airflow/.local/lib/python3.7/site-packages/airflow/example_dags/example_local_kubernetes_executor.py
[2024-05-27T16:41:24.456+0000] {logging_mixin.py:149} INFO - [2024-05-27T16:41:24.456+0000] {dag.py:2726} INFO - Sync 1 DAGs
[2024-05-27T16:41:24.467+0000] {logging_mixin.py:149} INFO - [2024-05-27T16:41:24.467+0000] {dag.py:3490} INFO - Setting next_dagrun for example_local_kubernetes_executor to None, run_after=None
[2024-05-27T16:41:24.475+0000] {processor.py:178} INFO - Processing /home/airflow/.local/lib/python3.7/site-packages/airflow/example_dags/example_local_kubernetes_executor.py took 0.126 seconds
[2024-05-27T16:41:55.284+0000] {processor.py:156} INFO - Started process (PID=250) to work on /home/airflow/.local/lib/python3.7/site-packages/airflow/example_dags/example_local_kubernetes_executor.py
[2024-05-27T16:41:55.285+0000] {processor.py:799} INFO - Processing file /home/airflow/.local/lib/python3.7/site-packages/airflow/example_dags/example_local_kubernetes_executor.py for tasks to queue
[2024-05-27T16:41:55.286+0000] {logging_mixin.py:149} INFO - [2024-05-27T16:41:55.286+0000] {dagbag.py:541} INFO - Filling up the DagBag from /home/airflow/.local/lib/python3.7/site-packages/airflow/example_dags/example_local_kubernetes_executor.py
[2024-05-27T16:41:55.397+0000] {processor.py:809} INFO - DAG(s) dict_keys(['example_local_kubernetes_executor']) retrieved from /home/airflow/.local/lib/python3.7/site-packages/airflow/example_dags/example_local_kubernetes_executor.py
[2024-05-27T16:41:55.415+0000] {logging_mixin.py:149} INFO - [2024-05-27T16:41:55.415+0000] {dag.py:2726} INFO - Sync 1 DAGs
[2024-05-27T16:41:55.427+0000] {logging_mixin.py:149} INFO - [2024-05-27T16:41:55.427+0000] {dag.py:3490} INFO - Setting next_dagrun for example_local_kubernetes_executor to None, run_after=None
[2024-05-27T16:41:55.436+0000] {processor.py:178} INFO - Processing /home/airflow/.local/lib/python3.7/site-packages/airflow/example_dags/example_local_kubernetes_executor.py took 0.156 seconds
[2024-05-27T16:42:25.649+0000] {processor.py:156} INFO - Started process (PID=310) to work on /home/airflow/.local/lib/python3.7/site-packages/airflow/example_dags/example_local_kubernetes_executor.py
[2024-05-27T16:42:25.650+0000] {processor.py:799} INFO - Processing file /home/airflow/.local/lib/python3.7/site-packages/airflow/example_dags/example_local_kubernetes_executor.py for tasks to queue
[2024-05-27T16:42:25.651+0000] {logging_mixin.py:149} INFO - [2024-05-27T16:42:25.651+0000] {dagbag.py:541} INFO - Filling up the DagBag from /home/airflow/.local/lib/python3.7/site-packages/airflow/example_dags/example_local_kubernetes_executor.py
[2024-05-27T16:42:25.772+0000] {processor.py:809} INFO - DAG(s) dict_keys(['example_local_kubernetes_executor']) retrieved from /home/airflow/.local/lib/python3.7/site-packages/airflow/example_dags/example_local_kubernetes_executor.py
[2024-05-27T16:42:25.792+0000] {logging_mixin.py:149} INFO - [2024-05-27T16:42:25.792+0000] {dag.py:2726} INFO - Sync 1 DAGs
[2024-05-27T16:42:25.804+0000] {logging_mixin.py:149} INFO - [2024-05-27T16:42:25.804+0000] {dag.py:3490} INFO - Setting next_dagrun for example_local_kubernetes_executor to None, run_after=None
[2024-05-27T16:42:25.812+0000] {processor.py:178} INFO - Processing /home/airflow/.local/lib/python3.7/site-packages/airflow/example_dags/example_local_kubernetes_executor.py took 0.168 seconds
[2024-05-27T16:42:55.832+0000] {processor.py:156} INFO - Started process (PID=374) to work on /home/airflow/.local/lib/python3.7/site-packages/airflow/example_dags/example_local_kubernetes_executor.py
[2024-05-27T16:42:55.833+0000] {processor.py:799} INFO - Processing file /home/airflow/.local/lib/python3.7/site-packages/airflow/example_dags/example_local_kubernetes_executor.py for tasks to queue
[2024-05-27T16:42:55.833+0000] {logging_mixin.py:149} INFO - [2024-05-27T16:42:55.833+0000] {dagbag.py:541} INFO - Filling up the DagBag from /home/airflow/.local/lib/python3.7/site-packages/airflow/example_dags/example_local_kubernetes_executor.py
[2024-05-27T16:42:55.921+0000] {processor.py:809} INFO - DAG(s) dict_keys(['example_local_kubernetes_executor']) retrieved from /home/airflow/.local/lib/python3.7/site-packages/airflow/example_dags/example_local_kubernetes_executor.py
[2024-05-27T16:42:55.938+0000] {logging_mixin.py:149} INFO - [2024-05-27T16:42:55.938+0000] {dag.py:2726} INFO - Sync 1 DAGs
[2024-05-27T16:42:55.949+0000] {logging_mixin.py:149} INFO - [2024-05-27T16:42:55.949+0000] {dag.py:3490} INFO - Setting next_dagrun for example_local_kubernetes_executor to None, run_after=None
[2024-05-27T16:42:55.956+0000] {processor.py:178} INFO - Processing /home/airflow/.local/lib/python3.7/site-packages/airflow/example_dags/example_local_kubernetes_executor.py took 0.127 seconds
[2024-05-27T16:43:26.593+0000] {processor.py:156} INFO - Started process (PID=430) to work on /home/airflow/.local/lib/python3.7/site-packages/airflow/example_dags/example_local_kubernetes_executor.py
[2024-05-27T16:43:26.595+0000] {processor.py:799} INFO - Processing file /home/airflow/.local/lib/python3.7/site-packages/airflow/example_dags/example_local_kubernetes_executor.py for tasks to queue
[2024-05-27T16:43:26.596+0000] {logging_mixin.py:149} INFO - [2024-05-27T16:43:26.596+0000] {dagbag.py:541} INFO - Filling up the DagBag from /home/airflow/.local/lib/python3.7/site-packages/airflow/example_dags/example_local_kubernetes_executor.py
[2024-05-27T16:43:26.707+0000] {processor.py:809} INFO - DAG(s) dict_keys(['example_local_kubernetes_executor']) retrieved from /home/airflow/.local/lib/python3.7/site-packages/airflow/example_dags/example_local_kubernetes_executor.py
[2024-05-27T16:43:26.724+0000] {logging_mixin.py:149} INFO - [2024-05-27T16:43:26.724+0000] {dag.py:2726} INFO - Sync 1 DAGs
[2024-05-27T16:43:26.736+0000] {logging_mixin.py:149} INFO - [2024-05-27T16:43:26.736+0000] {dag.py:3490} INFO - Setting next_dagrun for example_local_kubernetes_executor to None, run_after=None
[2024-05-27T16:43:26.744+0000] {processor.py:178} INFO - Processing /home/airflow/.local/lib/python3.7/site-packages/airflow/example_dags/example_local_kubernetes_executor.py took 0.156 seconds
[2024-05-27T16:43:57.455+0000] {processor.py:156} INFO - Started process (PID=490) to work on /home/airflow/.local/lib/python3.7/site-packages/airflow/example_dags/example_local_kubernetes_executor.py
[2024-05-27T16:43:57.458+0000] {processor.py:799} INFO - Processing file /home/airflow/.local/lib/python3.7/site-packages/airflow/example_dags/example_local_kubernetes_executor.py for tasks to queue
[2024-05-27T16:43:57.459+0000] {logging_mixin.py:149} INFO - [2024-05-27T16:43:57.459+0000] {dagbag.py:541} INFO - Filling up the DagBag from /home/airflow/.local/lib/python3.7/site-packages/airflow/example_dags/example_local_kubernetes_executor.py
[2024-05-27T16:43:57.573+0000] {processor.py:809} INFO - DAG(s) dict_keys(['example_local_kubernetes_executor']) retrieved from /home/airflow/.local/lib/python3.7/site-packages/airflow/example_dags/example_local_kubernetes_executor.py
[2024-05-27T16:43:57.591+0000] {logging_mixin.py:149} INFO - [2024-05-27T16:43:57.591+0000] {dag.py:2726} INFO - Sync 1 DAGs
[2024-05-27T16:43:57.602+0000] {logging_mixin.py:149} INFO - [2024-05-27T16:43:57.602+0000] {dag.py:3490} INFO - Setting next_dagrun for example_local_kubernetes_executor to None, run_after=None
[2024-05-27T16:43:57.610+0000] {processor.py:178} INFO - Processing /home/airflow/.local/lib/python3.7/site-packages/airflow/example_dags/example_local_kubernetes_executor.py took 0.161 seconds
[2024-05-27T16:44:28.392+0000] {processor.py:156} INFO - Started process (PID=550) to work on /home/airflow/.local/lib/python3.7/site-packages/airflow/example_dags/example_local_kubernetes_executor.py
[2024-05-27T16:44:28.394+0000] {processor.py:799} INFO - Processing file /home/airflow/.local/lib/python3.7/site-packages/airflow/example_dags/example_local_kubernetes_executor.py for tasks to queue
[2024-05-27T16:44:28.395+0000] {logging_mixin.py:149} INFO - [2024-05-27T16:44:28.395+0000] {dagbag.py:541} INFO - Filling up the DagBag from /home/airflow/.local/lib/python3.7/site-packages/airflow/example_dags/example_local_kubernetes_executor.py
[2024-05-27T16:44:28.517+0000] {processor.py:809} INFO - DAG(s) dict_keys(['example_local_kubernetes_executor']) retrieved from /home/airflow/.local/lib/python3.7/site-packages/airflow/example_dags/example_local_kubernetes_executor.py
[2024-05-27T16:44:28.535+0000] {logging_mixin.py:149} INFO - [2024-05-27T16:44:28.535+0000] {dag.py:2726} INFO - Sync 1 DAGs
[2024-05-27T16:44:28.547+0000] {logging_mixin.py:149} INFO - [2024-05-27T16:44:28.547+0000] {dag.py:3490} INFO - Setting next_dagrun for example_local_kubernetes_executor to None, run_after=None
[2024-05-27T16:44:28.555+0000] {processor.py:178} INFO - Processing /home/airflow/.local/lib/python3.7/site-packages/airflow/example_dags/example_local_kubernetes_executor.py took 0.169 seconds
[2024-05-27T16:44:58.568+0000] {processor.py:156} INFO - Started process (PID=614) to work on /home/airflow/.local/lib/python3.7/site-packages/airflow/example_dags/example_local_kubernetes_executor.py
[2024-05-27T16:44:58.569+0000] {processor.py:799} INFO - Processing file /home/airflow/.local/lib/python3.7/site-packages/airflow/example_dags/example_local_kubernetes_executor.py for tasks to queue
[2024-05-27T16:44:58.569+0000] {logging_mixin.py:149} INFO - [2024-05-27T16:44:58.569+0000] {dagbag.py:541} INFO - Filling up the DagBag from /home/airflow/.local/lib/python3.7/site-packages/airflow/example_dags/example_local_kubernetes_executor.py
[2024-05-27T16:44:58.656+0000] {processor.py:809} INFO - DAG(s) dict_keys(['example_local_kubernetes_executor']) retrieved from /home/airflow/.local/lib/python3.7/site-packages/airflow/example_dags/example_local_kubernetes_executor.py
[2024-05-27T16:44:58.673+0000] {logging_mixin.py:149} INFO - [2024-05-27T16:44:58.673+0000] {dag.py:2726} INFO - Sync 1 DAGs
[2024-05-27T16:44:58.684+0000] {logging_mixin.py:149} INFO - [2024-05-27T16:44:58.684+0000] {dag.py:3490} INFO - Setting next_dagrun for example_local_kubernetes_executor to None, run_after=None
[2024-05-27T16:44:58.692+0000] {processor.py:178} INFO - Processing /home/airflow/.local/lib/python3.7/site-packages/airflow/example_dags/example_local_kubernetes_executor.py took 0.126 seconds
[2024-05-27T16:45:29.381+0000] {processor.py:156} INFO - Started process (PID=670) to work on /home/airflow/.local/lib/python3.7/site-packages/airflow/example_dags/example_local_kubernetes_executor.py
[2024-05-27T16:45:29.382+0000] {processor.py:799} INFO - Processing file /home/airflow/.local/lib/python3.7/site-packages/airflow/example_dags/example_local_kubernetes_executor.py for tasks to queue
[2024-05-27T16:45:29.384+0000] {logging_mixin.py:149} INFO - [2024-05-27T16:45:29.383+0000] {dagbag.py:541} INFO - Filling up the DagBag from /home/airflow/.local/lib/python3.7/site-packages/airflow/example_dags/example_local_kubernetes_executor.py
[2024-05-27T16:45:29.518+0000] {processor.py:809} INFO - DAG(s) dict_keys(['example_local_kubernetes_executor']) retrieved from /home/airflow/.local/lib/python3.7/site-packages/airflow/example_dags/example_local_kubernetes_executor.py
[2024-05-27T16:45:29.538+0000] {logging_mixin.py:149} INFO - [2024-05-27T16:45:29.538+0000] {dag.py:2726} INFO - Sync 1 DAGs
[2024-05-27T16:45:29.551+0000] {logging_mixin.py:149} INFO - [2024-05-27T16:45:29.550+0000] {dag.py:3490} INFO - Setting next_dagrun for example_local_kubernetes_executor to None, run_after=None
[2024-05-27T16:45:29.560+0000] {processor.py:178} INFO - Processing /home/airflow/.local/lib/python3.7/site-packages/airflow/example_dags/example_local_kubernetes_executor.py took 0.186 seconds
[2024-05-27T16:46:00.233+0000] {processor.py:156} INFO - Started process (PID=730) to work on /home/airflow/.local/lib/python3.7/site-packages/airflow/example_dags/example_local_kubernetes_executor.py
[2024-05-27T16:46:00.235+0000] {processor.py:799} INFO - Processing file /home/airflow/.local/lib/python3.7/site-packages/airflow/example_dags/example_local_kubernetes_executor.py for tasks to queue
[2024-05-27T16:46:00.236+0000] {logging_mixin.py:149} INFO - [2024-05-27T16:46:00.236+0000] {dagbag.py:541} INFO - Filling up the DagBag from /home/airflow/.local/lib/python3.7/site-packages/airflow/example_dags/example_local_kubernetes_executor.py
[2024-05-27T16:46:00.349+0000] {processor.py:809} INFO - DAG(s) dict_keys(['example_local_kubernetes_executor']) retrieved from /home/airflow/.local/lib/python3.7/site-packages/airflow/example_dags/example_local_kubernetes_executor.py
[2024-05-27T16:46:00.367+0000] {logging_mixin.py:149} INFO - [2024-05-27T16:46:00.367+0000] {dag.py:2726} INFO - Sync 1 DAGs
[2024-05-27T16:46:00.379+0000] {logging_mixin.py:149} INFO - [2024-05-27T16:46:00.379+0000] {dag.py:3490} INFO - Setting next_dagrun for example_local_kubernetes_executor to None, run_after=None
[2024-05-27T16:46:00.387+0000] {processor.py:178} INFO - Processing /home/airflow/.local/lib/python3.7/site-packages/airflow/example_dags/example_local_kubernetes_executor.py took 0.159 seconds
[2024-05-27T16:46:30.412+0000] {processor.py:156} INFO - Started process (PID=794) to work on /home/airflow/.local/lib/python3.7/site-packages/airflow/example_dags/example_local_kubernetes_executor.py
[2024-05-27T16:46:30.413+0000] {processor.py:799} INFO - Processing file /home/airflow/.local/lib/python3.7/site-packages/airflow/example_dags/example_local_kubernetes_executor.py for tasks to queue
[2024-05-27T16:46:30.413+0000] {logging_mixin.py:149} INFO - [2024-05-27T16:46:30.413+0000] {dagbag.py:541} INFO - Filling up the DagBag from /home/airflow/.local/lib/python3.7/site-packages/airflow/example_dags/example_local_kubernetes_executor.py
[2024-05-27T16:46:30.500+0000] {processor.py:809} INFO - DAG(s) dict_keys(['example_local_kubernetes_executor']) retrieved from /home/airflow/.local/lib/python3.7/site-packages/airflow/example_dags/example_local_kubernetes_executor.py
[2024-05-27T16:46:30.517+0000] {logging_mixin.py:149} INFO - [2024-05-27T16:46:30.517+0000] {dag.py:2726} INFO - Sync 1 DAGs
[2024-05-27T16:46:30.529+0000] {logging_mixin.py:149} INFO - [2024-05-27T16:46:30.529+0000] {dag.py:3490} INFO - Setting next_dagrun for example_local_kubernetes_executor to None, run_after=None
[2024-05-27T16:46:30.537+0000] {processor.py:178} INFO - Processing /home/airflow/.local/lib/python3.7/site-packages/airflow/example_dags/example_local_kubernetes_executor.py took 0.126 seconds
[2024-05-27T16:47:01.233+0000] {processor.py:156} INFO - Started process (PID=850) to work on /home/airflow/.local/lib/python3.7/site-packages/airflow/example_dags/example_local_kubernetes_executor.py
[2024-05-27T16:47:01.235+0000] {processor.py:799} INFO - Processing file /home/airflow/.local/lib/python3.7/site-packages/airflow/example_dags/example_local_kubernetes_executor.py for tasks to queue
[2024-05-27T16:47:01.236+0000] {logging_mixin.py:149} INFO - [2024-05-27T16:47:01.236+0000] {dagbag.py:541} INFO - Filling up the DagBag from /home/airflow/.local/lib/python3.7/site-packages/airflow/example_dags/example_local_kubernetes_executor.py
[2024-05-27T16:47:01.351+0000] {processor.py:809} INFO - DAG(s) dict_keys(['example_local_kubernetes_executor']) retrieved from /home/airflow/.local/lib/python3.7/site-packages/airflow/example_dags/example_local_kubernetes_executor.py
[2024-05-27T16:47:01.369+0000] {logging_mixin.py:149} INFO - [2024-05-27T16:47:01.369+0000] {dag.py:2726} INFO - Sync 1 DAGs
[2024-05-27T16:47:01.381+0000] {logging_mixin.py:149} INFO - [2024-05-27T16:47:01.381+0000] {dag.py:3490} INFO - Setting next_dagrun for example_local_kubernetes_executor to None, run_after=None
[2024-05-27T16:47:01.390+0000] {processor.py:178} INFO - Processing /home/airflow/.local/lib/python3.7/site-packages/airflow/example_dags/example_local_kubernetes_executor.py took 0.162 seconds
[2024-05-27T16:47:31.981+0000] {processor.py:156} INFO - Started process (PID=910) to work on /home/airflow/.local/lib/python3.7/site-packages/airflow/example_dags/example_local_kubernetes_executor.py
[2024-05-27T16:47:31.982+0000] {processor.py:799} INFO - Processing file /home/airflow/.local/lib/python3.7/site-packages/airflow/example_dags/example_local_kubernetes_executor.py for tasks to queue
[2024-05-27T16:47:31.983+0000] {logging_mixin.py:149} INFO - [2024-05-27T16:47:31.983+0000] {dagbag.py:541} INFO - Filling up the DagBag from /home/airflow/.local/lib/python3.7/site-packages/airflow/example_dags/example_local_kubernetes_executor.py
[2024-05-27T16:47:32.100+0000] {processor.py:809} INFO - DAG(s) dict_keys(['example_local_kubernetes_executor']) retrieved from /home/airflow/.local/lib/python3.7/site-packages/airflow/example_dags/example_local_kubernetes_executor.py
[2024-05-27T16:47:32.118+0000] {logging_mixin.py:149} INFO - [2024-05-27T16:47:32.118+0000] {dag.py:2726} INFO - Sync 1 DAGs
[2024-05-27T16:47:32.130+0000] {logging_mixin.py:149} INFO - [2024-05-27T16:47:32.130+0000] {dag.py:3490} INFO - Setting next_dagrun for example_local_kubernetes_executor to None, run_after=None
[2024-05-27T16:47:32.139+0000] {processor.py:178} INFO - Processing /home/airflow/.local/lib/python3.7/site-packages/airflow/example_dags/example_local_kubernetes_executor.py took 0.164 seconds
[2024-05-27T16:48:02.780+0000] {processor.py:156} INFO - Started process (PID=970) to work on /home/airflow/.local/lib/python3.7/site-packages/airflow/example_dags/example_local_kubernetes_executor.py
[2024-05-27T16:48:02.782+0000] {processor.py:799} INFO - Processing file /home/airflow/.local/lib/python3.7/site-packages/airflow/example_dags/example_local_kubernetes_executor.py for tasks to queue
[2024-05-27T16:48:02.782+0000] {logging_mixin.py:149} INFO - [2024-05-27T16:48:02.782+0000] {dagbag.py:541} INFO - Filling up the DagBag from /home/airflow/.local/lib/python3.7/site-packages/airflow/example_dags/example_local_kubernetes_executor.py
[2024-05-27T16:48:02.893+0000] {processor.py:809} INFO - DAG(s) dict_keys(['example_local_kubernetes_executor']) retrieved from /home/airflow/.local/lib/python3.7/site-packages/airflow/example_dags/example_local_kubernetes_executor.py
[2024-05-27T16:48:02.910+0000] {logging_mixin.py:149} INFO - [2024-05-27T16:48:02.910+0000] {dag.py:2726} INFO - Sync 1 DAGs
[2024-05-27T16:48:02.922+0000] {logging_mixin.py:149} INFO - [2024-05-27T16:48:02.922+0000] {dag.py:3490} INFO - Setting next_dagrun for example_local_kubernetes_executor to None, run_after=None
[2024-05-27T16:48:02.930+0000] {processor.py:178} INFO - Processing /home/airflow/.local/lib/python3.7/site-packages/airflow/example_dags/example_local_kubernetes_executor.py took 0.154 seconds
[2024-05-27T16:48:33.512+0000] {processor.py:156} INFO - Started process (PID=1030) to work on /home/airflow/.local/lib/python3.7/site-packages/airflow/example_dags/example_local_kubernetes_executor.py
[2024-05-27T16:48:33.514+0000] {processor.py:799} INFO - Processing file /home/airflow/.local/lib/python3.7/site-packages/airflow/example_dags/example_local_kubernetes_executor.py for tasks to queue
[2024-05-27T16:48:33.515+0000] {logging_mixin.py:149} INFO - [2024-05-27T16:48:33.514+0000] {dagbag.py:541} INFO - Filling up the DagBag from /home/airflow/.local/lib/python3.7/site-packages/airflow/example_dags/example_local_kubernetes_executor.py
[2024-05-27T16:48:33.626+0000] {processor.py:809} INFO - DAG(s) dict_keys(['example_local_kubernetes_executor']) retrieved from /home/airflow/.local/lib/python3.7/site-packages/airflow/example_dags/example_local_kubernetes_executor.py
[2024-05-27T16:48:33.644+0000] {logging_mixin.py:149} INFO - [2024-05-27T16:48:33.644+0000] {dag.py:2726} INFO - Sync 1 DAGs
[2024-05-27T16:48:33.656+0000] {logging_mixin.py:149} INFO - [2024-05-27T16:48:33.656+0000] {dag.py:3490} INFO - Setting next_dagrun for example_local_kubernetes_executor to None, run_after=None
[2024-05-27T16:48:33.664+0000] {processor.py:178} INFO - Processing /home/airflow/.local/lib/python3.7/site-packages/airflow/example_dags/example_local_kubernetes_executor.py took 0.157 seconds
[2024-05-27T16:49:04.234+0000] {processor.py:156} INFO - Started process (PID=1090) to work on /home/airflow/.local/lib/python3.7/site-packages/airflow/example_dags/example_local_kubernetes_executor.py
[2024-05-27T16:49:04.236+0000] {processor.py:799} INFO - Processing file /home/airflow/.local/lib/python3.7/site-packages/airflow/example_dags/example_local_kubernetes_executor.py for tasks to queue
[2024-05-27T16:49:04.237+0000] {logging_mixin.py:149} INFO - [2024-05-27T16:49:04.237+0000] {dagbag.py:541} INFO - Filling up the DagBag from /home/airflow/.local/lib/python3.7/site-packages/airflow/example_dags/example_local_kubernetes_executor.py
[2024-05-27T16:49:04.350+0000] {processor.py:809} INFO - DAG(s) dict_keys(['example_local_kubernetes_executor']) retrieved from /home/airflow/.local/lib/python3.7/site-packages/airflow/example_dags/example_local_kubernetes_executor.py
[2024-05-27T16:49:04.367+0000] {logging_mixin.py:149} INFO - [2024-05-27T16:49:04.367+0000] {dag.py:2726} INFO - Sync 1 DAGs
[2024-05-27T16:49:04.379+0000] {logging_mixin.py:149} INFO - [2024-05-27T16:49:04.379+0000] {dag.py:3490} INFO - Setting next_dagrun for example_local_kubernetes_executor to None, run_after=None
[2024-05-27T16:49:04.387+0000] {processor.py:178} INFO - Processing /home/airflow/.local/lib/python3.7/site-packages/airflow/example_dags/example_local_kubernetes_executor.py took 0.158 seconds
[2024-05-27T16:50:03.267+0000] {processor.py:156} INFO - Started process (PID=1149) to work on /home/airflow/.local/lib/python3.7/site-packages/airflow/example_dags/example_local_kubernetes_executor.py
[2024-05-27T16:50:03.268+0000] {processor.py:799} INFO - Processing file /home/airflow/.local/lib/python3.7/site-packages/airflow/example_dags/example_local_kubernetes_executor.py for tasks to queue
[2024-05-27T16:50:03.268+0000] {logging_mixin.py:149} INFO - [2024-05-27T16:50:03.268+0000] {dagbag.py:541} INFO - Filling up the DagBag from /home/airflow/.local/lib/python3.7/site-packages/airflow/example_dags/example_local_kubernetes_executor.py
[2024-05-27T16:50:03.362+0000] {processor.py:809} INFO - DAG(s) dict_keys(['example_local_kubernetes_executor']) retrieved from /home/airflow/.local/lib/python3.7/site-packages/airflow/example_dags/example_local_kubernetes_executor.py
[2024-05-27T16:50:03.380+0000] {logging_mixin.py:149} INFO - [2024-05-27T16:50:03.380+0000] {dag.py:2726} INFO - Sync 1 DAGs
[2024-05-27T16:50:03.391+0000] {logging_mixin.py:149} INFO - [2024-05-27T16:50:03.391+0000] {dag.py:3490} INFO - Setting next_dagrun for example_local_kubernetes_executor to None, run_after=None
[2024-05-27T16:50:03.399+0000] {processor.py:178} INFO - Processing /home/airflow/.local/lib/python3.7/site-packages/airflow/example_dags/example_local_kubernetes_executor.py took 0.134 seconds
[2024-05-27T16:50:33.541+0000] {processor.py:156} INFO - Started process (PID=1210) to work on /home/airflow/.local/lib/python3.7/site-packages/airflow/example_dags/example_local_kubernetes_executor.py
[2024-05-27T16:50:33.542+0000] {processor.py:799} INFO - Processing file /home/airflow/.local/lib/python3.7/site-packages/airflow/example_dags/example_local_kubernetes_executor.py for tasks to queue
[2024-05-27T16:50:33.542+0000] {logging_mixin.py:149} INFO - [2024-05-27T16:50:33.542+0000] {dagbag.py:541} INFO - Filling up the DagBag from /home/airflow/.local/lib/python3.7/site-packages/airflow/example_dags/example_local_kubernetes_executor.py
[2024-05-27T16:50:33.638+0000] {processor.py:809} INFO - DAG(s) dict_keys(['example_local_kubernetes_executor']) retrieved from /home/airflow/.local/lib/python3.7/site-packages/airflow/example_dags/example_local_kubernetes_executor.py
[2024-05-27T16:50:33.656+0000] {logging_mixin.py:149} INFO - [2024-05-27T16:50:33.656+0000] {dag.py:2726} INFO - Sync 1 DAGs
[2024-05-27T16:50:33.669+0000] {logging_mixin.py:149} INFO - [2024-05-27T16:50:33.669+0000] {dag.py:3490} INFO - Setting next_dagrun for example_local_kubernetes_executor to None, run_after=None
[2024-05-27T16:50:33.678+0000] {processor.py:178} INFO - Processing /home/airflow/.local/lib/python3.7/site-packages/airflow/example_dags/example_local_kubernetes_executor.py took 0.139 seconds
[2024-05-27T16:51:03.703+0000] {processor.py:156} INFO - Started process (PID=1274) to work on /home/airflow/.local/lib/python3.7/site-packages/airflow/example_dags/example_local_kubernetes_executor.py
[2024-05-27T16:51:03.704+0000] {processor.py:799} INFO - Processing file /home/airflow/.local/lib/python3.7/site-packages/airflow/example_dags/example_local_kubernetes_executor.py for tasks to queue
[2024-05-27T16:51:03.705+0000] {logging_mixin.py:149} INFO - [2024-05-27T16:51:03.704+0000] {dagbag.py:541} INFO - Filling up the DagBag from /home/airflow/.local/lib/python3.7/site-packages/airflow/example_dags/example_local_kubernetes_executor.py
[2024-05-27T16:51:03.798+0000] {processor.py:809} INFO - DAG(s) dict_keys(['example_local_kubernetes_executor']) retrieved from /home/airflow/.local/lib/python3.7/site-packages/airflow/example_dags/example_local_kubernetes_executor.py
[2024-05-27T16:51:03.814+0000] {logging_mixin.py:149} INFO - [2024-05-27T16:51:03.814+0000] {dag.py:2726} INFO - Sync 1 DAGs
[2024-05-27T16:51:03.826+0000] {logging_mixin.py:149} INFO - [2024-05-27T16:51:03.826+0000] {dag.py:3490} INFO - Setting next_dagrun for example_local_kubernetes_executor to None, run_after=None
[2024-05-27T16:51:03.833+0000] {processor.py:178} INFO - Processing /home/airflow/.local/lib/python3.7/site-packages/airflow/example_dags/example_local_kubernetes_executor.py took 0.132 seconds
[2024-05-27T16:51:34.786+0000] {processor.py:156} INFO - Started process (PID=1332) to work on /home/airflow/.local/lib/python3.7/site-packages/airflow/example_dags/example_local_kubernetes_executor.py
[2024-05-27T16:51:34.786+0000] {processor.py:799} INFO - Processing file /home/airflow/.local/lib/python3.7/site-packages/airflow/example_dags/example_local_kubernetes_executor.py for tasks to queue
[2024-05-27T16:51:34.787+0000] {logging_mixin.py:149} INFO - [2024-05-27T16:51:34.787+0000] {dagbag.py:541} INFO - Filling up the DagBag from /home/airflow/.local/lib/python3.7/site-packages/airflow/example_dags/example_local_kubernetes_executor.py
[2024-05-27T16:51:34.900+0000] {processor.py:809} INFO - DAG(s) dict_keys(['example_local_kubernetes_executor']) retrieved from /home/airflow/.local/lib/python3.7/site-packages/airflow/example_dags/example_local_kubernetes_executor.py
[2024-05-27T16:51:34.920+0000] {logging_mixin.py:149} INFO - [2024-05-27T16:51:34.920+0000] {dag.py:2726} INFO - Sync 1 DAGs
[2024-05-27T16:51:34.933+0000] {logging_mixin.py:149} INFO - [2024-05-27T16:51:34.932+0000] {dag.py:3490} INFO - Setting next_dagrun for example_local_kubernetes_executor to None, run_after=None
[2024-05-27T16:51:34.941+0000] {processor.py:178} INFO - Processing /home/airflow/.local/lib/python3.7/site-packages/airflow/example_dags/example_local_kubernetes_executor.py took 0.158 seconds
[2024-05-27T16:52:21.419+0000] {processor.py:156} INFO - Started process (PID=1427) to work on /home/airflow/.local/lib/python3.7/site-packages/airflow/example_dags/example_local_kubernetes_executor.py
[2024-05-27T16:52:21.430+0000] {processor.py:799} INFO - Processing file /home/airflow/.local/lib/python3.7/site-packages/airflow/example_dags/example_local_kubernetes_executor.py for tasks to queue
[2024-05-27T16:52:21.436+0000] {logging_mixin.py:149} INFO - [2024-05-27T16:52:21.435+0000] {dagbag.py:541} INFO - Filling up the DagBag from /home/airflow/.local/lib/python3.7/site-packages/airflow/example_dags/example_local_kubernetes_executor.py
[2024-05-27T16:52:22.391+0000] {processor.py:809} INFO - DAG(s) dict_keys(['example_local_kubernetes_executor']) retrieved from /home/airflow/.local/lib/python3.7/site-packages/airflow/example_dags/example_local_kubernetes_executor.py
[2024-05-27T16:52:22.548+0000] {logging_mixin.py:149} INFO - [2024-05-27T16:52:22.547+0000] {dag.py:2726} INFO - Sync 1 DAGs
[2024-05-27T16:52:22.636+0000] {logging_mixin.py:149} INFO - [2024-05-27T16:52:22.635+0000] {dag.py:3490} INFO - Setting next_dagrun for example_local_kubernetes_executor to None, run_after=None
[2024-05-27T16:52:22.678+0000] {processor.py:178} INFO - Processing /home/airflow/.local/lib/python3.7/site-packages/airflow/example_dags/example_local_kubernetes_executor.py took 1.270 seconds
