[2024-05-27T16:40:22.705+0000] {processor.py:156} INFO - Started process (PID=70) to work on /home/airflow/.local/lib/python3.7/site-packages/airflow/example_dags/example_latest_only_with_trigger.py
[2024-05-27T16:40:22.706+0000] {processor.py:799} INFO - Processing file /home/airflow/.local/lib/python3.7/site-packages/airflow/example_dags/example_latest_only_with_trigger.py for tasks to queue
[2024-05-27T16:40:22.707+0000] {logging_mixin.py:149} INFO - [2024-05-27T16:40:22.707+0000] {dagbag.py:541} INFO - Filling up the DagBag from /home/airflow/.local/lib/python3.7/site-packages/airflow/example_dags/example_latest_only_with_trigger.py
[2024-05-27T16:40:22.712+0000] {processor.py:809} INFO - DAG(s) dict_keys(['latest_only_with_trigger']) retrieved from /home/airflow/.local/lib/python3.7/site-packages/airflow/example_dags/example_latest_only_with_trigger.py
[2024-05-27T16:40:22.859+0000] {logging_mixin.py:149} INFO - [2024-05-27T16:40:22.859+0000] {manager.py:504} INFO - Created Permission View: can delete on DAG:latest_only_with_trigger
[2024-05-27T16:40:22.868+0000] {logging_mixin.py:149} INFO - [2024-05-27T16:40:22.868+0000] {manager.py:504} INFO - Created Permission View: can read on DAG:latest_only_with_trigger
[2024-05-27T16:40:22.874+0000] {logging_mixin.py:149} INFO - [2024-05-27T16:40:22.874+0000] {manager.py:504} INFO - Created Permission View: can edit on DAG:latest_only_with_trigger
[2024-05-27T16:40:22.874+0000] {logging_mixin.py:149} INFO - [2024-05-27T16:40:22.874+0000] {dag.py:2726} INFO - Sync 1 DAGs
[2024-05-27T16:40:22.889+0000] {logging_mixin.py:149} INFO - [2024-05-27T16:40:22.889+0000] {dag.py:2747} INFO - Creating ORM DAG for latest_only_with_trigger
[2024-05-27T16:40:22.900+0000] {logging_mixin.py:149} INFO - [2024-05-27T16:40:22.900+0000] {dag.py:3490} INFO - Setting next_dagrun for latest_only_with_trigger to 2024-05-27T12:40:22.899979+00:00, run_after=2024-05-27T16:40:22.899979+00:00
[2024-05-27T16:40:22.922+0000] {processor.py:178} INFO - Processing /home/airflow/.local/lib/python3.7/site-packages/airflow/example_dags/example_latest_only_with_trigger.py took 0.219 seconds
[2024-05-27T16:40:52.977+0000] {processor.py:156} INFO - Started process (PID=129) to work on /home/airflow/.local/lib/python3.7/site-packages/airflow/example_dags/example_latest_only_with_trigger.py
[2024-05-27T16:40:52.978+0000] {processor.py:799} INFO - Processing file /home/airflow/.local/lib/python3.7/site-packages/airflow/example_dags/example_latest_only_with_trigger.py for tasks to queue
[2024-05-27T16:40:52.978+0000] {logging_mixin.py:149} INFO - [2024-05-27T16:40:52.978+0000] {dagbag.py:541} INFO - Filling up the DagBag from /home/airflow/.local/lib/python3.7/site-packages/airflow/example_dags/example_latest_only_with_trigger.py
[2024-05-27T16:40:52.982+0000] {processor.py:809} INFO - DAG(s) dict_keys(['latest_only_with_trigger']) retrieved from /home/airflow/.local/lib/python3.7/site-packages/airflow/example_dags/example_latest_only_with_trigger.py
[2024-05-27T16:40:52.995+0000] {logging_mixin.py:149} INFO - [2024-05-27T16:40:52.995+0000] {dag.py:2726} INFO - Sync 1 DAGs
[2024-05-27T16:40:53.006+0000] {logging_mixin.py:149} INFO - [2024-05-27T16:40:53.006+0000] {dag.py:3490} INFO - Setting next_dagrun for latest_only_with_trigger to 2024-05-27T12:40:53.006362+00:00, run_after=2024-05-27T16:40:53.006362+00:00
[2024-05-27T16:40:53.015+0000] {processor.py:178} INFO - Processing /home/airflow/.local/lib/python3.7/site-packages/airflow/example_dags/example_latest_only_with_trigger.py took 0.039 seconds
[2024-05-27T16:41:23.253+0000] {processor.py:156} INFO - Started process (PID=189) to work on /home/airflow/.local/lib/python3.7/site-packages/airflow/example_dags/example_latest_only_with_trigger.py
[2024-05-27T16:41:23.254+0000] {processor.py:799} INFO - Processing file /home/airflow/.local/lib/python3.7/site-packages/airflow/example_dags/example_latest_only_with_trigger.py for tasks to queue
[2024-05-27T16:41:23.254+0000] {logging_mixin.py:149} INFO - [2024-05-27T16:41:23.254+0000] {dagbag.py:541} INFO - Filling up the DagBag from /home/airflow/.local/lib/python3.7/site-packages/airflow/example_dags/example_latest_only_with_trigger.py
[2024-05-27T16:41:23.258+0000] {processor.py:809} INFO - DAG(s) dict_keys(['latest_only_with_trigger']) retrieved from /home/airflow/.local/lib/python3.7/site-packages/airflow/example_dags/example_latest_only_with_trigger.py
[2024-05-27T16:41:23.271+0000] {logging_mixin.py:149} INFO - [2024-05-27T16:41:23.271+0000] {dag.py:2726} INFO - Sync 1 DAGs
[2024-05-27T16:41:23.283+0000] {logging_mixin.py:149} INFO - [2024-05-27T16:41:23.283+0000] {dag.py:3490} INFO - Setting next_dagrun for latest_only_with_trigger to 2024-05-27T12:41:23.283748+00:00, run_after=2024-05-27T16:41:23.283748+00:00
[2024-05-27T16:41:23.292+0000] {processor.py:178} INFO - Processing /home/airflow/.local/lib/python3.7/site-packages/airflow/example_dags/example_latest_only_with_trigger.py took 0.040 seconds
[2024-05-27T16:41:54.261+0000] {processor.py:156} INFO - Started process (PID=249) to work on /home/airflow/.local/lib/python3.7/site-packages/airflow/example_dags/example_latest_only_with_trigger.py
[2024-05-27T16:41:54.262+0000] {processor.py:799} INFO - Processing file /home/airflow/.local/lib/python3.7/site-packages/airflow/example_dags/example_latest_only_with_trigger.py for tasks to queue
[2024-05-27T16:41:54.262+0000] {logging_mixin.py:149} INFO - [2024-05-27T16:41:54.262+0000] {dagbag.py:541} INFO - Filling up the DagBag from /home/airflow/.local/lib/python3.7/site-packages/airflow/example_dags/example_latest_only_with_trigger.py
[2024-05-27T16:41:54.266+0000] {processor.py:809} INFO - DAG(s) dict_keys(['latest_only_with_trigger']) retrieved from /home/airflow/.local/lib/python3.7/site-packages/airflow/example_dags/example_latest_only_with_trigger.py
[2024-05-27T16:41:54.279+0000] {logging_mixin.py:149} INFO - [2024-05-27T16:41:54.279+0000] {dag.py:2726} INFO - Sync 1 DAGs
[2024-05-27T16:41:54.291+0000] {logging_mixin.py:149} INFO - [2024-05-27T16:41:54.291+0000] {dag.py:3490} INFO - Setting next_dagrun for latest_only_with_trigger to 2024-05-27T12:41:54.290934+00:00, run_after=2024-05-27T16:41:54.290934+00:00
[2024-05-27T16:41:54.300+0000] {processor.py:178} INFO - Processing /home/airflow/.local/lib/python3.7/site-packages/airflow/example_dags/example_latest_only_with_trigger.py took 0.041 seconds
[2024-05-27T16:42:24.596+0000] {processor.py:156} INFO - Started process (PID=309) to work on /home/airflow/.local/lib/python3.7/site-packages/airflow/example_dags/example_latest_only_with_trigger.py
[2024-05-27T16:42:24.598+0000] {processor.py:799} INFO - Processing file /home/airflow/.local/lib/python3.7/site-packages/airflow/example_dags/example_latest_only_with_trigger.py for tasks to queue
[2024-05-27T16:42:24.598+0000] {logging_mixin.py:149} INFO - [2024-05-27T16:42:24.598+0000] {dagbag.py:541} INFO - Filling up the DagBag from /home/airflow/.local/lib/python3.7/site-packages/airflow/example_dags/example_latest_only_with_trigger.py
[2024-05-27T16:42:24.604+0000] {processor.py:809} INFO - DAG(s) dict_keys(['latest_only_with_trigger']) retrieved from /home/airflow/.local/lib/python3.7/site-packages/airflow/example_dags/example_latest_only_with_trigger.py
[2024-05-27T16:42:24.630+0000] {logging_mixin.py:149} INFO - [2024-05-27T16:42:24.630+0000] {dag.py:2726} INFO - Sync 1 DAGs
[2024-05-27T16:42:24.650+0000] {logging_mixin.py:149} INFO - [2024-05-27T16:42:24.650+0000] {dag.py:3490} INFO - Setting next_dagrun for latest_only_with_trigger to 2024-05-27T12:42:24.649816+00:00, run_after=2024-05-27T16:42:24.649816+00:00
[2024-05-27T16:42:24.664+0000] {processor.py:178} INFO - Processing /home/airflow/.local/lib/python3.7/site-packages/airflow/example_dags/example_latest_only_with_trigger.py took 0.074 seconds
[2024-05-27T16:42:54.724+0000] {processor.py:156} INFO - Started process (PID=369) to work on /home/airflow/.local/lib/python3.7/site-packages/airflow/example_dags/example_latest_only_with_trigger.py
[2024-05-27T16:42:54.725+0000] {processor.py:799} INFO - Processing file /home/airflow/.local/lib/python3.7/site-packages/airflow/example_dags/example_latest_only_with_trigger.py for tasks to queue
[2024-05-27T16:42:54.725+0000] {logging_mixin.py:149} INFO - [2024-05-27T16:42:54.725+0000] {dagbag.py:541} INFO - Filling up the DagBag from /home/airflow/.local/lib/python3.7/site-packages/airflow/example_dags/example_latest_only_with_trigger.py
[2024-05-27T16:42:54.728+0000] {processor.py:809} INFO - DAG(s) dict_keys(['latest_only_with_trigger']) retrieved from /home/airflow/.local/lib/python3.7/site-packages/airflow/example_dags/example_latest_only_with_trigger.py
[2024-05-27T16:42:54.740+0000] {logging_mixin.py:149} INFO - [2024-05-27T16:42:54.740+0000] {dag.py:2726} INFO - Sync 1 DAGs
[2024-05-27T16:42:54.752+0000] {logging_mixin.py:149} INFO - [2024-05-27T16:42:54.752+0000] {dag.py:3490} INFO - Setting next_dagrun for latest_only_with_trigger to 2024-05-27T12:42:54.752114+00:00, run_after=2024-05-27T16:42:54.752114+00:00
[2024-05-27T16:42:54.760+0000] {processor.py:178} INFO - Processing /home/airflow/.local/lib/python3.7/site-packages/airflow/example_dags/example_latest_only_with_trigger.py took 0.037 seconds
[2024-05-27T16:43:25.561+0000] {processor.py:156} INFO - Started process (PID=429) to work on /home/airflow/.local/lib/python3.7/site-packages/airflow/example_dags/example_latest_only_with_trigger.py
[2024-05-27T16:43:25.562+0000] {processor.py:799} INFO - Processing file /home/airflow/.local/lib/python3.7/site-packages/airflow/example_dags/example_latest_only_with_trigger.py for tasks to queue
[2024-05-27T16:43:25.562+0000] {logging_mixin.py:149} INFO - [2024-05-27T16:43:25.562+0000] {dagbag.py:541} INFO - Filling up the DagBag from /home/airflow/.local/lib/python3.7/site-packages/airflow/example_dags/example_latest_only_with_trigger.py
[2024-05-27T16:43:25.565+0000] {processor.py:809} INFO - DAG(s) dict_keys(['latest_only_with_trigger']) retrieved from /home/airflow/.local/lib/python3.7/site-packages/airflow/example_dags/example_latest_only_with_trigger.py
[2024-05-27T16:43:25.578+0000] {logging_mixin.py:149} INFO - [2024-05-27T16:43:25.578+0000] {dag.py:2726} INFO - Sync 1 DAGs
[2024-05-27T16:43:25.591+0000] {logging_mixin.py:149} INFO - [2024-05-27T16:43:25.591+0000] {dag.py:3490} INFO - Setting next_dagrun for latest_only_with_trigger to 2024-05-27T12:43:25.590903+00:00, run_after=2024-05-27T16:43:25.590903+00:00
[2024-05-27T16:43:25.599+0000] {processor.py:178} INFO - Processing /home/airflow/.local/lib/python3.7/site-packages/airflow/example_dags/example_latest_only_with_trigger.py took 0.040 seconds
[2024-05-27T16:43:56.414+0000] {processor.py:156} INFO - Started process (PID=489) to work on /home/airflow/.local/lib/python3.7/site-packages/airflow/example_dags/example_latest_only_with_trigger.py
[2024-05-27T16:43:56.414+0000] {processor.py:799} INFO - Processing file /home/airflow/.local/lib/python3.7/site-packages/airflow/example_dags/example_latest_only_with_trigger.py for tasks to queue
[2024-05-27T16:43:56.415+0000] {logging_mixin.py:149} INFO - [2024-05-27T16:43:56.415+0000] {dagbag.py:541} INFO - Filling up the DagBag from /home/airflow/.local/lib/python3.7/site-packages/airflow/example_dags/example_latest_only_with_trigger.py
[2024-05-27T16:43:56.418+0000] {processor.py:809} INFO - DAG(s) dict_keys(['latest_only_with_trigger']) retrieved from /home/airflow/.local/lib/python3.7/site-packages/airflow/example_dags/example_latest_only_with_trigger.py
[2024-05-27T16:43:56.432+0000] {logging_mixin.py:149} INFO - [2024-05-27T16:43:56.432+0000] {dag.py:2726} INFO - Sync 1 DAGs
[2024-05-27T16:43:56.444+0000] {logging_mixin.py:149} INFO - [2024-05-27T16:43:56.444+0000] {dag.py:3490} INFO - Setting next_dagrun for latest_only_with_trigger to 2024-05-27T12:43:56.443991+00:00, run_after=2024-05-27T16:43:56.443991+00:00
[2024-05-27T16:43:56.452+0000] {processor.py:178} INFO - Processing /home/airflow/.local/lib/python3.7/site-packages/airflow/example_dags/example_latest_only_with_trigger.py took 0.040 seconds
[2024-05-27T16:44:27.353+0000] {processor.py:156} INFO - Started process (PID=549) to work on /home/airflow/.local/lib/python3.7/site-packages/airflow/example_dags/example_latest_only_with_trigger.py
[2024-05-27T16:44:27.353+0000] {processor.py:799} INFO - Processing file /home/airflow/.local/lib/python3.7/site-packages/airflow/example_dags/example_latest_only_with_trigger.py for tasks to queue
[2024-05-27T16:44:27.354+0000] {logging_mixin.py:149} INFO - [2024-05-27T16:44:27.354+0000] {dagbag.py:541} INFO - Filling up the DagBag from /home/airflow/.local/lib/python3.7/site-packages/airflow/example_dags/example_latest_only_with_trigger.py
[2024-05-27T16:44:27.357+0000] {processor.py:809} INFO - DAG(s) dict_keys(['latest_only_with_trigger']) retrieved from /home/airflow/.local/lib/python3.7/site-packages/airflow/example_dags/example_latest_only_with_trigger.py
[2024-05-27T16:44:27.373+0000] {logging_mixin.py:149} INFO - [2024-05-27T16:44:27.373+0000] {dag.py:2726} INFO - Sync 1 DAGs
[2024-05-27T16:44:27.389+0000] {logging_mixin.py:149} INFO - [2024-05-27T16:44:27.389+0000] {dag.py:3490} INFO - Setting next_dagrun for latest_only_with_trigger to 2024-05-27T12:44:27.389514+00:00, run_after=2024-05-27T16:44:27.389514+00:00
[2024-05-27T16:44:27.399+0000] {processor.py:178} INFO - Processing /home/airflow/.local/lib/python3.7/site-packages/airflow/example_dags/example_latest_only_with_trigger.py took 0.049 seconds
[2024-05-27T16:44:57.459+0000] {processor.py:156} INFO - Started process (PID=609) to work on /home/airflow/.local/lib/python3.7/site-packages/airflow/example_dags/example_latest_only_with_trigger.py
[2024-05-27T16:44:57.460+0000] {processor.py:799} INFO - Processing file /home/airflow/.local/lib/python3.7/site-packages/airflow/example_dags/example_latest_only_with_trigger.py for tasks to queue
[2024-05-27T16:44:57.460+0000] {logging_mixin.py:149} INFO - [2024-05-27T16:44:57.460+0000] {dagbag.py:541} INFO - Filling up the DagBag from /home/airflow/.local/lib/python3.7/site-packages/airflow/example_dags/example_latest_only_with_trigger.py
[2024-05-27T16:44:57.464+0000] {processor.py:809} INFO - DAG(s) dict_keys(['latest_only_with_trigger']) retrieved from /home/airflow/.local/lib/python3.7/site-packages/airflow/example_dags/example_latest_only_with_trigger.py
[2024-05-27T16:44:57.476+0000] {logging_mixin.py:149} INFO - [2024-05-27T16:44:57.476+0000] {dag.py:2726} INFO - Sync 1 DAGs
[2024-05-27T16:44:57.489+0000] {logging_mixin.py:149} INFO - [2024-05-27T16:44:57.489+0000] {dag.py:3490} INFO - Setting next_dagrun for latest_only_with_trigger to 2024-05-27T12:44:57.488910+00:00, run_after=2024-05-27T16:44:57.488910+00:00
[2024-05-27T16:44:57.498+0000] {processor.py:178} INFO - Processing /home/airflow/.local/lib/python3.7/site-packages/airflow/example_dags/example_latest_only_with_trigger.py took 0.041 seconds
[2024-05-27T16:45:28.349+0000] {processor.py:156} INFO - Started process (PID=669) to work on /home/airflow/.local/lib/python3.7/site-packages/airflow/example_dags/example_latest_only_with_trigger.py
[2024-05-27T16:45:28.350+0000] {processor.py:799} INFO - Processing file /home/airflow/.local/lib/python3.7/site-packages/airflow/example_dags/example_latest_only_with_trigger.py for tasks to queue
[2024-05-27T16:45:28.350+0000] {logging_mixin.py:149} INFO - [2024-05-27T16:45:28.350+0000] {dagbag.py:541} INFO - Filling up the DagBag from /home/airflow/.local/lib/python3.7/site-packages/airflow/example_dags/example_latest_only_with_trigger.py
[2024-05-27T16:45:28.354+0000] {processor.py:809} INFO - DAG(s) dict_keys(['latest_only_with_trigger']) retrieved from /home/airflow/.local/lib/python3.7/site-packages/airflow/example_dags/example_latest_only_with_trigger.py
[2024-05-27T16:45:28.366+0000] {logging_mixin.py:149} INFO - [2024-05-27T16:45:28.366+0000] {dag.py:2726} INFO - Sync 1 DAGs
[2024-05-27T16:45:28.378+0000] {logging_mixin.py:149} INFO - [2024-05-27T16:45:28.378+0000] {dag.py:3490} INFO - Setting next_dagrun for latest_only_with_trigger to 2024-05-27T12:45:28.378410+00:00, run_after=2024-05-27T16:45:28.378410+00:00
[2024-05-27T16:45:28.387+0000] {processor.py:178} INFO - Processing /home/airflow/.local/lib/python3.7/site-packages/airflow/example_dags/example_latest_only_with_trigger.py took 0.040 seconds
[2024-05-27T16:45:59.198+0000] {processor.py:156} INFO - Started process (PID=729) to work on /home/airflow/.local/lib/python3.7/site-packages/airflow/example_dags/example_latest_only_with_trigger.py
[2024-05-27T16:45:59.198+0000] {processor.py:799} INFO - Processing file /home/airflow/.local/lib/python3.7/site-packages/airflow/example_dags/example_latest_only_with_trigger.py for tasks to queue
[2024-05-27T16:45:59.199+0000] {logging_mixin.py:149} INFO - [2024-05-27T16:45:59.199+0000] {dagbag.py:541} INFO - Filling up the DagBag from /home/airflow/.local/lib/python3.7/site-packages/airflow/example_dags/example_latest_only_with_trigger.py
[2024-05-27T16:45:59.202+0000] {processor.py:809} INFO - DAG(s) dict_keys(['latest_only_with_trigger']) retrieved from /home/airflow/.local/lib/python3.7/site-packages/airflow/example_dags/example_latest_only_with_trigger.py
[2024-05-27T16:45:59.217+0000] {logging_mixin.py:149} INFO - [2024-05-27T16:45:59.216+0000] {dag.py:2726} INFO - Sync 1 DAGs
[2024-05-27T16:45:59.229+0000] {logging_mixin.py:149} INFO - [2024-05-27T16:45:59.229+0000] {dag.py:3490} INFO - Setting next_dagrun for latest_only_with_trigger to 2024-05-27T12:45:59.228882+00:00, run_after=2024-05-27T16:45:59.228882+00:00
[2024-05-27T16:45:59.237+0000] {processor.py:178} INFO - Processing /home/airflow/.local/lib/python3.7/site-packages/airflow/example_dags/example_latest_only_with_trigger.py took 0.041 seconds
[2024-05-27T16:46:29.314+0000] {processor.py:156} INFO - Started process (PID=789) to work on /home/airflow/.local/lib/python3.7/site-packages/airflow/example_dags/example_latest_only_with_trigger.py
[2024-05-27T16:46:29.315+0000] {processor.py:799} INFO - Processing file /home/airflow/.local/lib/python3.7/site-packages/airflow/example_dags/example_latest_only_with_trigger.py for tasks to queue
[2024-05-27T16:46:29.315+0000] {logging_mixin.py:149} INFO - [2024-05-27T16:46:29.315+0000] {dagbag.py:541} INFO - Filling up the DagBag from /home/airflow/.local/lib/python3.7/site-packages/airflow/example_dags/example_latest_only_with_trigger.py
[2024-05-27T16:46:29.319+0000] {processor.py:809} INFO - DAG(s) dict_keys(['latest_only_with_trigger']) retrieved from /home/airflow/.local/lib/python3.7/site-packages/airflow/example_dags/example_latest_only_with_trigger.py
[2024-05-27T16:46:29.332+0000] {logging_mixin.py:149} INFO - [2024-05-27T16:46:29.332+0000] {dag.py:2726} INFO - Sync 1 DAGs
[2024-05-27T16:46:29.344+0000] {logging_mixin.py:149} INFO - [2024-05-27T16:46:29.344+0000] {dag.py:3490} INFO - Setting next_dagrun for latest_only_with_trigger to 2024-05-27T12:46:29.344229+00:00, run_after=2024-05-27T16:46:29.344229+00:00
[2024-05-27T16:46:29.352+0000] {processor.py:178} INFO - Processing /home/airflow/.local/lib/python3.7/site-packages/airflow/example_dags/example_latest_only_with_trigger.py took 0.040 seconds
[2024-05-27T16:47:00.191+0000] {processor.py:156} INFO - Started process (PID=849) to work on /home/airflow/.local/lib/python3.7/site-packages/airflow/example_dags/example_latest_only_with_trigger.py
[2024-05-27T16:47:00.192+0000] {processor.py:799} INFO - Processing file /home/airflow/.local/lib/python3.7/site-packages/airflow/example_dags/example_latest_only_with_trigger.py for tasks to queue
[2024-05-27T16:47:00.192+0000] {logging_mixin.py:149} INFO - [2024-05-27T16:47:00.192+0000] {dagbag.py:541} INFO - Filling up the DagBag from /home/airflow/.local/lib/python3.7/site-packages/airflow/example_dags/example_latest_only_with_trigger.py
[2024-05-27T16:47:00.196+0000] {processor.py:809} INFO - DAG(s) dict_keys(['latest_only_with_trigger']) retrieved from /home/airflow/.local/lib/python3.7/site-packages/airflow/example_dags/example_latest_only_with_trigger.py
[2024-05-27T16:47:00.211+0000] {logging_mixin.py:149} INFO - [2024-05-27T16:47:00.211+0000] {dag.py:2726} INFO - Sync 1 DAGs
[2024-05-27T16:47:00.225+0000] {logging_mixin.py:149} INFO - [2024-05-27T16:47:00.225+0000] {dag.py:3490} INFO - Setting next_dagrun for latest_only_with_trigger to 2024-05-27T12:47:00.225442+00:00, run_after=2024-05-27T16:47:00.225442+00:00
[2024-05-27T16:47:00.235+0000] {processor.py:178} INFO - Processing /home/airflow/.local/lib/python3.7/site-packages/airflow/example_dags/example_latest_only_with_trigger.py took 0.046 seconds
[2024-05-27T16:47:30.925+0000] {processor.py:156} INFO - Started process (PID=909) to work on /home/airflow/.local/lib/python3.7/site-packages/airflow/example_dags/example_latest_only_with_trigger.py
[2024-05-27T16:47:30.925+0000] {processor.py:799} INFO - Processing file /home/airflow/.local/lib/python3.7/site-packages/airflow/example_dags/example_latest_only_with_trigger.py for tasks to queue
[2024-05-27T16:47:30.926+0000] {logging_mixin.py:149} INFO - [2024-05-27T16:47:30.926+0000] {dagbag.py:541} INFO - Filling up the DagBag from /home/airflow/.local/lib/python3.7/site-packages/airflow/example_dags/example_latest_only_with_trigger.py
[2024-05-27T16:47:30.929+0000] {processor.py:809} INFO - DAG(s) dict_keys(['latest_only_with_trigger']) retrieved from /home/airflow/.local/lib/python3.7/site-packages/airflow/example_dags/example_latest_only_with_trigger.py
[2024-05-27T16:47:30.943+0000] {logging_mixin.py:149} INFO - [2024-05-27T16:47:30.943+0000] {dag.py:2726} INFO - Sync 1 DAGs
[2024-05-27T16:47:30.955+0000] {logging_mixin.py:149} INFO - [2024-05-27T16:47:30.955+0000] {dag.py:3490} INFO - Setting next_dagrun for latest_only_with_trigger to 2024-05-27T12:47:30.955047+00:00, run_after=2024-05-27T16:47:30.955047+00:00
[2024-05-27T16:47:30.963+0000] {processor.py:178} INFO - Processing /home/airflow/.local/lib/python3.7/site-packages/airflow/example_dags/example_latest_only_with_trigger.py took 0.040 seconds
[2024-05-27T16:48:01.752+0000] {processor.py:156} INFO - Started process (PID=969) to work on /home/airflow/.local/lib/python3.7/site-packages/airflow/example_dags/example_latest_only_with_trigger.py
[2024-05-27T16:48:01.752+0000] {processor.py:799} INFO - Processing file /home/airflow/.local/lib/python3.7/site-packages/airflow/example_dags/example_latest_only_with_trigger.py for tasks to queue
[2024-05-27T16:48:01.753+0000] {logging_mixin.py:149} INFO - [2024-05-27T16:48:01.753+0000] {dagbag.py:541} INFO - Filling up the DagBag from /home/airflow/.local/lib/python3.7/site-packages/airflow/example_dags/example_latest_only_with_trigger.py
[2024-05-27T16:48:01.756+0000] {processor.py:809} INFO - DAG(s) dict_keys(['latest_only_with_trigger']) retrieved from /home/airflow/.local/lib/python3.7/site-packages/airflow/example_dags/example_latest_only_with_trigger.py
[2024-05-27T16:48:01.769+0000] {logging_mixin.py:149} INFO - [2024-05-27T16:48:01.769+0000] {dag.py:2726} INFO - Sync 1 DAGs
[2024-05-27T16:48:01.781+0000] {logging_mixin.py:149} INFO - [2024-05-27T16:48:01.781+0000] {dag.py:3490} INFO - Setting next_dagrun for latest_only_with_trigger to 2024-05-27T12:48:01.781660+00:00, run_after=2024-05-27T16:48:01.781660+00:00
[2024-05-27T16:48:01.790+0000] {processor.py:178} INFO - Processing /home/airflow/.local/lib/python3.7/site-packages/airflow/example_dags/example_latest_only_with_trigger.py took 0.041 seconds
[2024-05-27T16:48:32.476+0000] {processor.py:156} INFO - Started process (PID=1029) to work on /home/airflow/.local/lib/python3.7/site-packages/airflow/example_dags/example_latest_only_with_trigger.py
[2024-05-27T16:48:32.477+0000] {processor.py:799} INFO - Processing file /home/airflow/.local/lib/python3.7/site-packages/airflow/example_dags/example_latest_only_with_trigger.py for tasks to queue
[2024-05-27T16:48:32.477+0000] {logging_mixin.py:149} INFO - [2024-05-27T16:48:32.477+0000] {dagbag.py:541} INFO - Filling up the DagBag from /home/airflow/.local/lib/python3.7/site-packages/airflow/example_dags/example_latest_only_with_trigger.py
[2024-05-27T16:48:32.481+0000] {processor.py:809} INFO - DAG(s) dict_keys(['latest_only_with_trigger']) retrieved from /home/airflow/.local/lib/python3.7/site-packages/airflow/example_dags/example_latest_only_with_trigger.py
[2024-05-27T16:48:32.493+0000] {logging_mixin.py:149} INFO - [2024-05-27T16:48:32.493+0000] {dag.py:2726} INFO - Sync 1 DAGs
[2024-05-27T16:48:32.506+0000] {logging_mixin.py:149} INFO - [2024-05-27T16:48:32.506+0000] {dag.py:3490} INFO - Setting next_dagrun for latest_only_with_trigger to 2024-05-27T12:48:32.506769+00:00, run_after=2024-05-27T16:48:32.506769+00:00
[2024-05-27T16:48:32.516+0000] {processor.py:178} INFO - Processing /home/airflow/.local/lib/python3.7/site-packages/airflow/example_dags/example_latest_only_with_trigger.py took 0.041 seconds
[2024-05-27T16:49:03.176+0000] {processor.py:156} INFO - Started process (PID=1089) to work on /home/airflow/.local/lib/python3.7/site-packages/airflow/example_dags/example_latest_only_with_trigger.py
[2024-05-27T16:49:03.177+0000] {processor.py:799} INFO - Processing file /home/airflow/.local/lib/python3.7/site-packages/airflow/example_dags/example_latest_only_with_trigger.py for tasks to queue
[2024-05-27T16:49:03.177+0000] {logging_mixin.py:149} INFO - [2024-05-27T16:49:03.177+0000] {dagbag.py:541} INFO - Filling up the DagBag from /home/airflow/.local/lib/python3.7/site-packages/airflow/example_dags/example_latest_only_with_trigger.py
[2024-05-27T16:49:03.182+0000] {processor.py:809} INFO - DAG(s) dict_keys(['latest_only_with_trigger']) retrieved from /home/airflow/.local/lib/python3.7/site-packages/airflow/example_dags/example_latest_only_with_trigger.py
[2024-05-27T16:49:03.195+0000] {logging_mixin.py:149} INFO - [2024-05-27T16:49:03.195+0000] {dag.py:2726} INFO - Sync 1 DAGs
[2024-05-27T16:49:03.208+0000] {logging_mixin.py:149} INFO - [2024-05-27T16:49:03.208+0000] {dag.py:3490} INFO - Setting next_dagrun for latest_only_with_trigger to 2024-05-27T12:49:03.208206+00:00, run_after=2024-05-27T16:49:03.208206+00:00
[2024-05-27T16:49:03.216+0000] {processor.py:178} INFO - Processing /home/airflow/.local/lib/python3.7/site-packages/airflow/example_dags/example_latest_only_with_trigger.py took 0.042 seconds
[2024-05-27T16:50:03.413+0000] {processor.py:156} INFO - Started process (PID=1150) to work on /home/airflow/.local/lib/python3.7/site-packages/airflow/example_dags/example_latest_only_with_trigger.py
[2024-05-27T16:50:03.413+0000] {processor.py:799} INFO - Processing file /home/airflow/.local/lib/python3.7/site-packages/airflow/example_dags/example_latest_only_with_trigger.py for tasks to queue
[2024-05-27T16:50:03.414+0000] {logging_mixin.py:149} INFO - [2024-05-27T16:50:03.414+0000] {dagbag.py:541} INFO - Filling up the DagBag from /home/airflow/.local/lib/python3.7/site-packages/airflow/example_dags/example_latest_only_with_trigger.py
[2024-05-27T16:50:03.417+0000] {processor.py:809} INFO - DAG(s) dict_keys(['latest_only_with_trigger']) retrieved from /home/airflow/.local/lib/python3.7/site-packages/airflow/example_dags/example_latest_only_with_trigger.py
[2024-05-27T16:50:03.431+0000] {logging_mixin.py:149} INFO - [2024-05-27T16:50:03.431+0000] {dag.py:2726} INFO - Sync 1 DAGs
[2024-05-27T16:50:03.443+0000] {logging_mixin.py:149} INFO - [2024-05-27T16:50:03.443+0000] {dag.py:3490} INFO - Setting next_dagrun for latest_only_with_trigger to 2024-05-27T12:50:03.443586+00:00, run_after=2024-05-27T16:50:03.443586+00:00
[2024-05-27T16:50:03.452+0000] {processor.py:178} INFO - Processing /home/airflow/.local/lib/python3.7/site-packages/airflow/example_dags/example_latest_only_with_trigger.py took 0.042 seconds
[2024-05-27T16:50:33.543+0000] {processor.py:156} INFO - Started process (PID=1211) to work on /home/airflow/.local/lib/python3.7/site-packages/airflow/example_dags/example_latest_only_with_trigger.py
[2024-05-27T16:50:33.544+0000] {processor.py:799} INFO - Processing file /home/airflow/.local/lib/python3.7/site-packages/airflow/example_dags/example_latest_only_with_trigger.py for tasks to queue
[2024-05-27T16:50:33.544+0000] {logging_mixin.py:149} INFO - [2024-05-27T16:50:33.544+0000] {dagbag.py:541} INFO - Filling up the DagBag from /home/airflow/.local/lib/python3.7/site-packages/airflow/example_dags/example_latest_only_with_trigger.py
[2024-05-27T16:50:33.548+0000] {processor.py:809} INFO - DAG(s) dict_keys(['latest_only_with_trigger']) retrieved from /home/airflow/.local/lib/python3.7/site-packages/airflow/example_dags/example_latest_only_with_trigger.py
[2024-05-27T16:50:33.561+0000] {logging_mixin.py:149} INFO - [2024-05-27T16:50:33.561+0000] {dag.py:2726} INFO - Sync 1 DAGs
[2024-05-27T16:50:33.573+0000] {logging_mixin.py:149} INFO - [2024-05-27T16:50:33.573+0000] {dag.py:3490} INFO - Setting next_dagrun for latest_only_with_trigger to 2024-05-27T12:50:33.573717+00:00, run_after=2024-05-27T16:50:33.573717+00:00
[2024-05-27T16:50:33.582+0000] {processor.py:178} INFO - Processing /home/airflow/.local/lib/python3.7/site-packages/airflow/example_dags/example_latest_only_with_trigger.py took 0.040 seconds
[2024-05-27T16:51:03.624+0000] {processor.py:156} INFO - Started process (PID=1271) to work on /home/airflow/.local/lib/python3.7/site-packages/airflow/example_dags/example_latest_only_with_trigger.py
[2024-05-27T16:51:03.625+0000] {processor.py:799} INFO - Processing file /home/airflow/.local/lib/python3.7/site-packages/airflow/example_dags/example_latest_only_with_trigger.py for tasks to queue
[2024-05-27T16:51:03.625+0000] {logging_mixin.py:149} INFO - [2024-05-27T16:51:03.625+0000] {dagbag.py:541} INFO - Filling up the DagBag from /home/airflow/.local/lib/python3.7/site-packages/airflow/example_dags/example_latest_only_with_trigger.py
[2024-05-27T16:51:03.636+0000] {processor.py:809} INFO - DAG(s) dict_keys(['latest_only_with_trigger']) retrieved from /home/airflow/.local/lib/python3.7/site-packages/airflow/example_dags/example_latest_only_with_trigger.py
[2024-05-27T16:51:03.649+0000] {logging_mixin.py:149} INFO - [2024-05-27T16:51:03.649+0000] {dag.py:2726} INFO - Sync 1 DAGs
[2024-05-27T16:51:03.661+0000] {logging_mixin.py:149} INFO - [2024-05-27T16:51:03.661+0000] {dag.py:3490} INFO - Setting next_dagrun for latest_only_with_trigger to 2024-05-27T12:51:03.661226+00:00, run_after=2024-05-27T16:51:03.661226+00:00
[2024-05-27T16:51:03.669+0000] {processor.py:178} INFO - Processing /home/airflow/.local/lib/python3.7/site-packages/airflow/example_dags/example_latest_only_with_trigger.py took 0.046 seconds
[2024-05-27T16:51:34.812+0000] {processor.py:156} INFO - Started process (PID=1333) to work on /home/airflow/.local/lib/python3.7/site-packages/airflow/example_dags/example_latest_only_with_trigger.py
[2024-05-27T16:51:34.813+0000] {processor.py:799} INFO - Processing file /home/airflow/.local/lib/python3.7/site-packages/airflow/example_dags/example_latest_only_with_trigger.py for tasks to queue
[2024-05-27T16:51:34.813+0000] {logging_mixin.py:149} INFO - [2024-05-27T16:51:34.813+0000] {dagbag.py:541} INFO - Filling up the DagBag from /home/airflow/.local/lib/python3.7/site-packages/airflow/example_dags/example_latest_only_with_trigger.py
[2024-05-27T16:51:34.820+0000] {processor.py:809} INFO - DAG(s) dict_keys(['latest_only_with_trigger']) retrieved from /home/airflow/.local/lib/python3.7/site-packages/airflow/example_dags/example_latest_only_with_trigger.py
[2024-05-27T16:51:34.841+0000] {logging_mixin.py:149} INFO - [2024-05-27T16:51:34.841+0000] {dag.py:2726} INFO - Sync 1 DAGs
[2024-05-27T16:51:34.854+0000] {logging_mixin.py:149} INFO - [2024-05-27T16:51:34.854+0000] {dag.py:3490} INFO - Setting next_dagrun for latest_only_with_trigger to 2024-05-27T12:51:34.854582+00:00, run_after=2024-05-27T16:51:34.854582+00:00
[2024-05-27T16:51:34.865+0000] {processor.py:178} INFO - Processing /home/airflow/.local/lib/python3.7/site-packages/airflow/example_dags/example_latest_only_with_trigger.py took 0.055 seconds
[2024-05-27T16:52:21.483+0000] {processor.py:156} INFO - Started process (PID=1428) to work on /home/airflow/.local/lib/python3.7/site-packages/airflow/example_dags/example_latest_only_with_trigger.py
[2024-05-27T16:52:21.487+0000] {processor.py:799} INFO - Processing file /home/airflow/.local/lib/python3.7/site-packages/airflow/example_dags/example_latest_only_with_trigger.py for tasks to queue
[2024-05-27T16:52:21.488+0000] {logging_mixin.py:149} INFO - [2024-05-27T16:52:21.488+0000] {dagbag.py:541} INFO - Filling up the DagBag from /home/airflow/.local/lib/python3.7/site-packages/airflow/example_dags/example_latest_only_with_trigger.py
[2024-05-27T16:52:21.512+0000] {processor.py:809} INFO - DAG(s) dict_keys(['latest_only_with_trigger']) retrieved from /home/airflow/.local/lib/python3.7/site-packages/airflow/example_dags/example_latest_only_with_trigger.py
[2024-05-27T16:52:21.588+0000] {logging_mixin.py:149} INFO - [2024-05-27T16:52:21.588+0000] {dag.py:2726} INFO - Sync 1 DAGs
[2024-05-27T16:52:21.665+0000] {logging_mixin.py:149} INFO - [2024-05-27T16:52:21.664+0000] {dag.py:3490} INFO - Setting next_dagrun for latest_only_with_trigger to 2024-05-27T12:52:21.661953+00:00, run_after=2024-05-27T16:52:21.661953+00:00
[2024-05-27T16:52:21.695+0000] {processor.py:178} INFO - Processing /home/airflow/.local/lib/python3.7/site-packages/airflow/example_dags/example_latest_only_with_trigger.py took 0.233 seconds
