[2024-05-27T16:40:19.766+0000] {processor.py:156} INFO - Started process (PID=45) to work on /home/airflow/.local/lib/python3.7/site-packages/airflow/example_dags/example_branch_day_of_week_operator.py
[2024-05-27T16:40:19.767+0000] {processor.py:799} INFO - Processing file /home/airflow/.local/lib/python3.7/site-packages/airflow/example_dags/example_branch_day_of_week_operator.py for tasks to queue
[2024-05-27T16:40:19.768+0000] {logging_mixin.py:149} INFO - [2024-05-27T16:40:19.768+0000] {dagbag.py:541} INFO - Filling up the DagBag from /home/airflow/.local/lib/python3.7/site-packages/airflow/example_dags/example_branch_day_of_week_operator.py
[2024-05-27T16:40:19.774+0000] {processor.py:809} INFO - DAG(s) dict_keys(['example_weekday_branch_operator']) retrieved from /home/airflow/.local/lib/python3.7/site-packages/airflow/example_dags/example_branch_day_of_week_operator.py
[2024-05-27T16:40:19.840+0000] {logging_mixin.py:149} INFO - [2024-05-27T16:40:19.840+0000] {manager.py:504} INFO - Created Permission View: can delete on DAG:example_weekday_branch_operator
[2024-05-27T16:40:19.846+0000] {logging_mixin.py:149} INFO - [2024-05-27T16:40:19.846+0000] {manager.py:504} INFO - Created Permission View: can read on DAG:example_weekday_branch_operator
[2024-05-27T16:40:19.849+0000] {logging_mixin.py:149} INFO - [2024-05-27T16:40:19.849+0000] {manager.py:504} INFO - Created Permission View: can edit on DAG:example_weekday_branch_operator
[2024-05-27T16:40:19.849+0000] {logging_mixin.py:149} INFO - [2024-05-27T16:40:19.849+0000] {dag.py:2726} INFO - Sync 1 DAGs
[2024-05-27T16:40:19.856+0000] {logging_mixin.py:149} INFO - [2024-05-27T16:40:19.856+0000] {dag.py:2747} INFO - Creating ORM DAG for example_weekday_branch_operator
[2024-05-27T16:40:19.862+0000] {logging_mixin.py:149} INFO - [2024-05-27T16:40:19.862+0000] {dag.py:3490} INFO - Setting next_dagrun for example_weekday_branch_operator to 2024-05-26T00:00:00+00:00, run_after=2024-05-27T00:00:00+00:00
[2024-05-27T16:40:19.871+0000] {processor.py:178} INFO - Processing /home/airflow/.local/lib/python3.7/site-packages/airflow/example_dags/example_branch_day_of_week_operator.py took 0.107 seconds
[2024-05-27T16:40:50.012+0000] {processor.py:156} INFO - Started process (PID=105) to work on /home/airflow/.local/lib/python3.7/site-packages/airflow/example_dags/example_branch_day_of_week_operator.py
[2024-05-27T16:40:50.013+0000] {processor.py:799} INFO - Processing file /home/airflow/.local/lib/python3.7/site-packages/airflow/example_dags/example_branch_day_of_week_operator.py for tasks to queue
[2024-05-27T16:40:50.013+0000] {logging_mixin.py:149} INFO - [2024-05-27T16:40:50.013+0000] {dagbag.py:541} INFO - Filling up the DagBag from /home/airflow/.local/lib/python3.7/site-packages/airflow/example_dags/example_branch_day_of_week_operator.py
[2024-05-27T16:40:50.018+0000] {processor.py:809} INFO - DAG(s) dict_keys(['example_weekday_branch_operator']) retrieved from /home/airflow/.local/lib/python3.7/site-packages/airflow/example_dags/example_branch_day_of_week_operator.py
[2024-05-27T16:40:50.030+0000] {logging_mixin.py:149} INFO - [2024-05-27T16:40:50.030+0000] {dag.py:2726} INFO - Sync 1 DAGs
[2024-05-27T16:40:50.042+0000] {logging_mixin.py:149} INFO - [2024-05-27T16:40:50.042+0000] {dag.py:3490} INFO - Setting next_dagrun for example_weekday_branch_operator to 2024-05-26T00:00:00+00:00, run_after=2024-05-27T00:00:00+00:00
[2024-05-27T16:40:50.051+0000] {processor.py:178} INFO - Processing /home/airflow/.local/lib/python3.7/site-packages/airflow/example_dags/example_branch_day_of_week_operator.py took 0.041 seconds
[2024-05-27T16:41:20.315+0000] {processor.py:156} INFO - Started process (PID=165) to work on /home/airflow/.local/lib/python3.7/site-packages/airflow/example_dags/example_branch_day_of_week_operator.py
[2024-05-27T16:41:20.316+0000] {processor.py:799} INFO - Processing file /home/airflow/.local/lib/python3.7/site-packages/airflow/example_dags/example_branch_day_of_week_operator.py for tasks to queue
[2024-05-27T16:41:20.316+0000] {logging_mixin.py:149} INFO - [2024-05-27T16:41:20.316+0000] {dagbag.py:541} INFO - Filling up the DagBag from /home/airflow/.local/lib/python3.7/site-packages/airflow/example_dags/example_branch_day_of_week_operator.py
[2024-05-27T16:41:20.325+0000] {processor.py:809} INFO - DAG(s) dict_keys(['example_weekday_branch_operator']) retrieved from /home/airflow/.local/lib/python3.7/site-packages/airflow/example_dags/example_branch_day_of_week_operator.py
[2024-05-27T16:41:20.342+0000] {logging_mixin.py:149} INFO - [2024-05-27T16:41:20.342+0000] {dag.py:2726} INFO - Sync 1 DAGs
[2024-05-27T16:41:20.357+0000] {logging_mixin.py:149} INFO - [2024-05-27T16:41:20.357+0000] {dag.py:3490} INFO - Setting next_dagrun for example_weekday_branch_operator to 2024-05-26T00:00:00+00:00, run_after=2024-05-27T00:00:00+00:00
[2024-05-27T16:41:20.367+0000] {processor.py:178} INFO - Processing /home/airflow/.local/lib/python3.7/site-packages/airflow/example_dags/example_branch_day_of_week_operator.py took 0.055 seconds
[2024-05-27T16:41:51.362+0000] {processor.py:156} INFO - Started process (PID=225) to work on /home/airflow/.local/lib/python3.7/site-packages/airflow/example_dags/example_branch_day_of_week_operator.py
[2024-05-27T16:41:51.362+0000] {processor.py:799} INFO - Processing file /home/airflow/.local/lib/python3.7/site-packages/airflow/example_dags/example_branch_day_of_week_operator.py for tasks to queue
[2024-05-27T16:41:51.363+0000] {logging_mixin.py:149} INFO - [2024-05-27T16:41:51.363+0000] {dagbag.py:541} INFO - Filling up the DagBag from /home/airflow/.local/lib/python3.7/site-packages/airflow/example_dags/example_branch_day_of_week_operator.py
[2024-05-27T16:41:51.367+0000] {processor.py:809} INFO - DAG(s) dict_keys(['example_weekday_branch_operator']) retrieved from /home/airflow/.local/lib/python3.7/site-packages/airflow/example_dags/example_branch_day_of_week_operator.py
[2024-05-27T16:41:51.381+0000] {logging_mixin.py:149} INFO - [2024-05-27T16:41:51.381+0000] {dag.py:2726} INFO - Sync 1 DAGs
[2024-05-27T16:41:51.394+0000] {logging_mixin.py:149} INFO - [2024-05-27T16:41:51.394+0000] {dag.py:3490} INFO - Setting next_dagrun for example_weekday_branch_operator to 2024-05-26T00:00:00+00:00, run_after=2024-05-27T00:00:00+00:00
[2024-05-27T16:41:51.404+0000] {processor.py:178} INFO - Processing /home/airflow/.local/lib/python3.7/site-packages/airflow/example_dags/example_branch_day_of_week_operator.py took 0.044 seconds
[2024-05-27T16:42:21.649+0000] {processor.py:156} INFO - Started process (PID=285) to work on /home/airflow/.local/lib/python3.7/site-packages/airflow/example_dags/example_branch_day_of_week_operator.py
[2024-05-27T16:42:21.650+0000] {processor.py:799} INFO - Processing file /home/airflow/.local/lib/python3.7/site-packages/airflow/example_dags/example_branch_day_of_week_operator.py for tasks to queue
[2024-05-27T16:42:21.650+0000] {logging_mixin.py:149} INFO - [2024-05-27T16:42:21.650+0000] {dagbag.py:541} INFO - Filling up the DagBag from /home/airflow/.local/lib/python3.7/site-packages/airflow/example_dags/example_branch_day_of_week_operator.py
[2024-05-27T16:42:21.654+0000] {processor.py:809} INFO - DAG(s) dict_keys(['example_weekday_branch_operator']) retrieved from /home/airflow/.local/lib/python3.7/site-packages/airflow/example_dags/example_branch_day_of_week_operator.py
[2024-05-27T16:42:21.668+0000] {logging_mixin.py:149} INFO - [2024-05-27T16:42:21.668+0000] {dag.py:2726} INFO - Sync 1 DAGs
[2024-05-27T16:42:21.682+0000] {logging_mixin.py:149} INFO - [2024-05-27T16:42:21.682+0000] {dag.py:3490} INFO - Setting next_dagrun for example_weekday_branch_operator to 2024-05-26T00:00:00+00:00, run_after=2024-05-27T00:00:00+00:00
[2024-05-27T16:42:21.691+0000] {processor.py:178} INFO - Processing /home/airflow/.local/lib/python3.7/site-packages/airflow/example_dags/example_branch_day_of_week_operator.py took 0.044 seconds
[2024-05-27T16:42:51.883+0000] {processor.py:156} INFO - Started process (PID=345) to work on /home/airflow/.local/lib/python3.7/site-packages/airflow/example_dags/example_branch_day_of_week_operator.py
[2024-05-27T16:42:51.884+0000] {processor.py:799} INFO - Processing file /home/airflow/.local/lib/python3.7/site-packages/airflow/example_dags/example_branch_day_of_week_operator.py for tasks to queue
[2024-05-27T16:42:51.884+0000] {logging_mixin.py:149} INFO - [2024-05-27T16:42:51.884+0000] {dagbag.py:541} INFO - Filling up the DagBag from /home/airflow/.local/lib/python3.7/site-packages/airflow/example_dags/example_branch_day_of_week_operator.py
[2024-05-27T16:42:51.889+0000] {processor.py:809} INFO - DAG(s) dict_keys(['example_weekday_branch_operator']) retrieved from /home/airflow/.local/lib/python3.7/site-packages/airflow/example_dags/example_branch_day_of_week_operator.py
[2024-05-27T16:42:51.902+0000] {logging_mixin.py:149} INFO - [2024-05-27T16:42:51.902+0000] {dag.py:2726} INFO - Sync 1 DAGs
[2024-05-27T16:42:51.915+0000] {logging_mixin.py:149} INFO - [2024-05-27T16:42:51.915+0000] {dag.py:3490} INFO - Setting next_dagrun for example_weekday_branch_operator to 2024-05-26T00:00:00+00:00, run_after=2024-05-27T00:00:00+00:00
[2024-05-27T16:42:51.924+0000] {processor.py:178} INFO - Processing /home/airflow/.local/lib/python3.7/site-packages/airflow/example_dags/example_branch_day_of_week_operator.py took 0.042 seconds
[2024-05-27T16:43:22.674+0000] {processor.py:156} INFO - Started process (PID=405) to work on /home/airflow/.local/lib/python3.7/site-packages/airflow/example_dags/example_branch_day_of_week_operator.py
[2024-05-27T16:43:22.675+0000] {processor.py:799} INFO - Processing file /home/airflow/.local/lib/python3.7/site-packages/airflow/example_dags/example_branch_day_of_week_operator.py for tasks to queue
[2024-05-27T16:43:22.675+0000] {logging_mixin.py:149} INFO - [2024-05-27T16:43:22.675+0000] {dagbag.py:541} INFO - Filling up the DagBag from /home/airflow/.local/lib/python3.7/site-packages/airflow/example_dags/example_branch_day_of_week_operator.py
[2024-05-27T16:43:22.683+0000] {processor.py:809} INFO - DAG(s) dict_keys(['example_weekday_branch_operator']) retrieved from /home/airflow/.local/lib/python3.7/site-packages/airflow/example_dags/example_branch_day_of_week_operator.py
[2024-05-27T16:43:22.703+0000] {logging_mixin.py:149} INFO - [2024-05-27T16:43:22.703+0000] {dag.py:2726} INFO - Sync 1 DAGs
[2024-05-27T16:43:22.718+0000] {logging_mixin.py:149} INFO - [2024-05-27T16:43:22.718+0000] {dag.py:3490} INFO - Setting next_dagrun for example_weekday_branch_operator to 2024-05-26T00:00:00+00:00, run_after=2024-05-27T00:00:00+00:00
[2024-05-27T16:43:22.727+0000] {processor.py:178} INFO - Processing /home/airflow/.local/lib/python3.7/site-packages/airflow/example_dags/example_branch_day_of_week_operator.py took 0.055 seconds
[2024-05-27T16:43:53.620+0000] {processor.py:156} INFO - Started process (PID=465) to work on /home/airflow/.local/lib/python3.7/site-packages/airflow/example_dags/example_branch_day_of_week_operator.py
[2024-05-27T16:43:53.620+0000] {processor.py:799} INFO - Processing file /home/airflow/.local/lib/python3.7/site-packages/airflow/example_dags/example_branch_day_of_week_operator.py for tasks to queue
[2024-05-27T16:43:53.621+0000] {logging_mixin.py:149} INFO - [2024-05-27T16:43:53.621+0000] {dagbag.py:541} INFO - Filling up the DagBag from /home/airflow/.local/lib/python3.7/site-packages/airflow/example_dags/example_branch_day_of_week_operator.py
[2024-05-27T16:43:53.625+0000] {processor.py:809} INFO - DAG(s) dict_keys(['example_weekday_branch_operator']) retrieved from /home/airflow/.local/lib/python3.7/site-packages/airflow/example_dags/example_branch_day_of_week_operator.py
[2024-05-27T16:43:53.639+0000] {logging_mixin.py:149} INFO - [2024-05-27T16:43:53.639+0000] {dag.py:2726} INFO - Sync 1 DAGs
[2024-05-27T16:43:53.652+0000] {logging_mixin.py:149} INFO - [2024-05-27T16:43:53.652+0000] {dag.py:3490} INFO - Setting next_dagrun for example_weekday_branch_operator to 2024-05-26T00:00:00+00:00, run_after=2024-05-27T00:00:00+00:00
[2024-05-27T16:43:53.661+0000] {processor.py:178} INFO - Processing /home/airflow/.local/lib/python3.7/site-packages/airflow/example_dags/example_branch_day_of_week_operator.py took 0.043 seconds
[2024-05-27T16:44:24.394+0000] {processor.py:156} INFO - Started process (PID=525) to work on /home/airflow/.local/lib/python3.7/site-packages/airflow/example_dags/example_branch_day_of_week_operator.py
[2024-05-27T16:44:24.395+0000] {processor.py:799} INFO - Processing file /home/airflow/.local/lib/python3.7/site-packages/airflow/example_dags/example_branch_day_of_week_operator.py for tasks to queue
[2024-05-27T16:44:24.395+0000] {logging_mixin.py:149} INFO - [2024-05-27T16:44:24.395+0000] {dagbag.py:541} INFO - Filling up the DagBag from /home/airflow/.local/lib/python3.7/site-packages/airflow/example_dags/example_branch_day_of_week_operator.py
[2024-05-27T16:44:24.400+0000] {processor.py:809} INFO - DAG(s) dict_keys(['example_weekday_branch_operator']) retrieved from /home/airflow/.local/lib/python3.7/site-packages/airflow/example_dags/example_branch_day_of_week_operator.py
[2024-05-27T16:44:24.413+0000] {logging_mixin.py:149} INFO - [2024-05-27T16:44:24.413+0000] {dag.py:2726} INFO - Sync 1 DAGs
[2024-05-27T16:44:24.428+0000] {logging_mixin.py:149} INFO - [2024-05-27T16:44:24.428+0000] {dag.py:3490} INFO - Setting next_dagrun for example_weekday_branch_operator to 2024-05-26T00:00:00+00:00, run_after=2024-05-27T00:00:00+00:00
[2024-05-27T16:44:24.436+0000] {processor.py:178} INFO - Processing /home/airflow/.local/lib/python3.7/site-packages/airflow/example_dags/example_branch_day_of_week_operator.py took 0.044 seconds
[2024-05-27T16:44:54.506+0000] {processor.py:156} INFO - Started process (PID=585) to work on /home/airflow/.local/lib/python3.7/site-packages/airflow/example_dags/example_branch_day_of_week_operator.py
[2024-05-27T16:44:54.507+0000] {processor.py:799} INFO - Processing file /home/airflow/.local/lib/python3.7/site-packages/airflow/example_dags/example_branch_day_of_week_operator.py for tasks to queue
[2024-05-27T16:44:54.507+0000] {logging_mixin.py:149} INFO - [2024-05-27T16:44:54.507+0000] {dagbag.py:541} INFO - Filling up the DagBag from /home/airflow/.local/lib/python3.7/site-packages/airflow/example_dags/example_branch_day_of_week_operator.py
[2024-05-27T16:44:54.512+0000] {processor.py:809} INFO - DAG(s) dict_keys(['example_weekday_branch_operator']) retrieved from /home/airflow/.local/lib/python3.7/site-packages/airflow/example_dags/example_branch_day_of_week_operator.py
[2024-05-27T16:44:54.527+0000] {logging_mixin.py:149} INFO - [2024-05-27T16:44:54.526+0000] {dag.py:2726} INFO - Sync 1 DAGs
[2024-05-27T16:44:54.548+0000] {logging_mixin.py:149} INFO - [2024-05-27T16:44:54.548+0000] {dag.py:3490} INFO - Setting next_dagrun for example_weekday_branch_operator to 2024-05-26T00:00:00+00:00, run_after=2024-05-27T00:00:00+00:00
[2024-05-27T16:44:54.568+0000] {processor.py:178} INFO - Processing /home/airflow/.local/lib/python3.7/site-packages/airflow/example_dags/example_branch_day_of_week_operator.py took 0.064 seconds
[2024-05-27T16:45:25.534+0000] {processor.py:156} INFO - Started process (PID=645) to work on /home/airflow/.local/lib/python3.7/site-packages/airflow/example_dags/example_branch_day_of_week_operator.py
[2024-05-27T16:45:25.535+0000] {processor.py:799} INFO - Processing file /home/airflow/.local/lib/python3.7/site-packages/airflow/example_dags/example_branch_day_of_week_operator.py for tasks to queue
[2024-05-27T16:45:25.536+0000] {logging_mixin.py:149} INFO - [2024-05-27T16:45:25.536+0000] {dagbag.py:541} INFO - Filling up the DagBag from /home/airflow/.local/lib/python3.7/site-packages/airflow/example_dags/example_branch_day_of_week_operator.py
[2024-05-27T16:45:25.541+0000] {processor.py:809} INFO - DAG(s) dict_keys(['example_weekday_branch_operator']) retrieved from /home/airflow/.local/lib/python3.7/site-packages/airflow/example_dags/example_branch_day_of_week_operator.py
[2024-05-27T16:45:25.559+0000] {logging_mixin.py:149} INFO - [2024-05-27T16:45:25.559+0000] {dag.py:2726} INFO - Sync 1 DAGs
[2024-05-27T16:45:25.575+0000] {logging_mixin.py:149} INFO - [2024-05-27T16:45:25.575+0000] {dag.py:3490} INFO - Setting next_dagrun for example_weekday_branch_operator to 2024-05-26T00:00:00+00:00, run_after=2024-05-27T00:00:00+00:00
[2024-05-27T16:45:25.586+0000] {processor.py:178} INFO - Processing /home/airflow/.local/lib/python3.7/site-packages/airflow/example_dags/example_branch_day_of_week_operator.py took 0.054 seconds
[2024-05-27T16:45:56.291+0000] {processor.py:156} INFO - Started process (PID=705) to work on /home/airflow/.local/lib/python3.7/site-packages/airflow/example_dags/example_branch_day_of_week_operator.py
[2024-05-27T16:45:56.292+0000] {processor.py:799} INFO - Processing file /home/airflow/.local/lib/python3.7/site-packages/airflow/example_dags/example_branch_day_of_week_operator.py for tasks to queue
[2024-05-27T16:45:56.292+0000] {logging_mixin.py:149} INFO - [2024-05-27T16:45:56.292+0000] {dagbag.py:541} INFO - Filling up the DagBag from /home/airflow/.local/lib/python3.7/site-packages/airflow/example_dags/example_branch_day_of_week_operator.py
[2024-05-27T16:45:56.297+0000] {processor.py:809} INFO - DAG(s) dict_keys(['example_weekday_branch_operator']) retrieved from /home/airflow/.local/lib/python3.7/site-packages/airflow/example_dags/example_branch_day_of_week_operator.py
[2024-05-27T16:45:56.310+0000] {logging_mixin.py:149} INFO - [2024-05-27T16:45:56.310+0000] {dag.py:2726} INFO - Sync 1 DAGs
[2024-05-27T16:45:56.324+0000] {logging_mixin.py:149} INFO - [2024-05-27T16:45:56.324+0000] {dag.py:3490} INFO - Setting next_dagrun for example_weekday_branch_operator to 2024-05-26T00:00:00+00:00, run_after=2024-05-27T00:00:00+00:00
[2024-05-27T16:45:56.333+0000] {processor.py:178} INFO - Processing /home/airflow/.local/lib/python3.7/site-packages/airflow/example_dags/example_branch_day_of_week_operator.py took 0.044 seconds
[2024-05-27T16:46:26.469+0000] {processor.py:156} INFO - Started process (PID=765) to work on /home/airflow/.local/lib/python3.7/site-packages/airflow/example_dags/example_branch_day_of_week_operator.py
[2024-05-27T16:46:26.470+0000] {processor.py:799} INFO - Processing file /home/airflow/.local/lib/python3.7/site-packages/airflow/example_dags/example_branch_day_of_week_operator.py for tasks to queue
[2024-05-27T16:46:26.471+0000] {logging_mixin.py:149} INFO - [2024-05-27T16:46:26.470+0000] {dagbag.py:541} INFO - Filling up the DagBag from /home/airflow/.local/lib/python3.7/site-packages/airflow/example_dags/example_branch_day_of_week_operator.py
[2024-05-27T16:46:26.476+0000] {processor.py:809} INFO - DAG(s) dict_keys(['example_weekday_branch_operator']) retrieved from /home/airflow/.local/lib/python3.7/site-packages/airflow/example_dags/example_branch_day_of_week_operator.py
[2024-05-27T16:46:26.490+0000] {logging_mixin.py:149} INFO - [2024-05-27T16:46:26.490+0000] {dag.py:2726} INFO - Sync 1 DAGs
[2024-05-27T16:46:26.504+0000] {logging_mixin.py:149} INFO - [2024-05-27T16:46:26.503+0000] {dag.py:3490} INFO - Setting next_dagrun for example_weekday_branch_operator to 2024-05-26T00:00:00+00:00, run_after=2024-05-27T00:00:00+00:00
[2024-05-27T16:46:26.512+0000] {processor.py:178} INFO - Processing /home/airflow/.local/lib/python3.7/site-packages/airflow/example_dags/example_branch_day_of_week_operator.py took 0.046 seconds
[2024-05-27T16:46:57.356+0000] {processor.py:156} INFO - Started process (PID=825) to work on /home/airflow/.local/lib/python3.7/site-packages/airflow/example_dags/example_branch_day_of_week_operator.py
[2024-05-27T16:46:57.357+0000] {processor.py:799} INFO - Processing file /home/airflow/.local/lib/python3.7/site-packages/airflow/example_dags/example_branch_day_of_week_operator.py for tasks to queue
[2024-05-27T16:46:57.357+0000] {logging_mixin.py:149} INFO - [2024-05-27T16:46:57.357+0000] {dagbag.py:541} INFO - Filling up the DagBag from /home/airflow/.local/lib/python3.7/site-packages/airflow/example_dags/example_branch_day_of_week_operator.py
[2024-05-27T16:46:57.361+0000] {processor.py:809} INFO - DAG(s) dict_keys(['example_weekday_branch_operator']) retrieved from /home/airflow/.local/lib/python3.7/site-packages/airflow/example_dags/example_branch_day_of_week_operator.py
[2024-05-27T16:46:57.375+0000] {logging_mixin.py:149} INFO - [2024-05-27T16:46:57.375+0000] {dag.py:2726} INFO - Sync 1 DAGs
[2024-05-27T16:46:57.388+0000] {logging_mixin.py:149} INFO - [2024-05-27T16:46:57.388+0000] {dag.py:3490} INFO - Setting next_dagrun for example_weekday_branch_operator to 2024-05-26T00:00:00+00:00, run_after=2024-05-27T00:00:00+00:00
[2024-05-27T16:46:57.397+0000] {processor.py:178} INFO - Processing /home/airflow/.local/lib/python3.7/site-packages/airflow/example_dags/example_branch_day_of_week_operator.py took 0.043 seconds
[2024-05-27T16:47:28.127+0000] {processor.py:156} INFO - Started process (PID=885) to work on /home/airflow/.local/lib/python3.7/site-packages/airflow/example_dags/example_branch_day_of_week_operator.py
[2024-05-27T16:47:28.128+0000] {processor.py:799} INFO - Processing file /home/airflow/.local/lib/python3.7/site-packages/airflow/example_dags/example_branch_day_of_week_operator.py for tasks to queue
[2024-05-27T16:47:28.128+0000] {logging_mixin.py:149} INFO - [2024-05-27T16:47:28.128+0000] {dagbag.py:541} INFO - Filling up the DagBag from /home/airflow/.local/lib/python3.7/site-packages/airflow/example_dags/example_branch_day_of_week_operator.py
[2024-05-27T16:47:28.133+0000] {processor.py:809} INFO - DAG(s) dict_keys(['example_weekday_branch_operator']) retrieved from /home/airflow/.local/lib/python3.7/site-packages/airflow/example_dags/example_branch_day_of_week_operator.py
[2024-05-27T16:47:28.146+0000] {logging_mixin.py:149} INFO - [2024-05-27T16:47:28.146+0000] {dag.py:2726} INFO - Sync 1 DAGs
[2024-05-27T16:47:28.159+0000] {logging_mixin.py:149} INFO - [2024-05-27T16:47:28.159+0000] {dag.py:3490} INFO - Setting next_dagrun for example_weekday_branch_operator to 2024-05-26T00:00:00+00:00, run_after=2024-05-27T00:00:00+00:00
[2024-05-27T16:47:28.167+0000] {processor.py:178} INFO - Processing /home/airflow/.local/lib/python3.7/site-packages/airflow/example_dags/example_branch_day_of_week_operator.py took 0.042 seconds
[2024-05-27T16:47:58.914+0000] {processor.py:156} INFO - Started process (PID=945) to work on /home/airflow/.local/lib/python3.7/site-packages/airflow/example_dags/example_branch_day_of_week_operator.py
[2024-05-27T16:47:58.914+0000] {processor.py:799} INFO - Processing file /home/airflow/.local/lib/python3.7/site-packages/airflow/example_dags/example_branch_day_of_week_operator.py for tasks to queue
[2024-05-27T16:47:58.915+0000] {logging_mixin.py:149} INFO - [2024-05-27T16:47:58.915+0000] {dagbag.py:541} INFO - Filling up the DagBag from /home/airflow/.local/lib/python3.7/site-packages/airflow/example_dags/example_branch_day_of_week_operator.py
[2024-05-27T16:47:58.919+0000] {processor.py:809} INFO - DAG(s) dict_keys(['example_weekday_branch_operator']) retrieved from /home/airflow/.local/lib/python3.7/site-packages/airflow/example_dags/example_branch_day_of_week_operator.py
[2024-05-27T16:47:58.932+0000] {logging_mixin.py:149} INFO - [2024-05-27T16:47:58.932+0000] {dag.py:2726} INFO - Sync 1 DAGs
[2024-05-27T16:47:58.947+0000] {logging_mixin.py:149} INFO - [2024-05-27T16:47:58.947+0000] {dag.py:3490} INFO - Setting next_dagrun for example_weekday_branch_operator to 2024-05-26T00:00:00+00:00, run_after=2024-05-27T00:00:00+00:00
[2024-05-27T16:47:58.957+0000] {processor.py:178} INFO - Processing /home/airflow/.local/lib/python3.7/site-packages/airflow/example_dags/example_branch_day_of_week_operator.py took 0.045 seconds
[2024-05-27T16:48:29.696+0000] {processor.py:156} INFO - Started process (PID=1005) to work on /home/airflow/.local/lib/python3.7/site-packages/airflow/example_dags/example_branch_day_of_week_operator.py
[2024-05-27T16:48:29.696+0000] {processor.py:799} INFO - Processing file /home/airflow/.local/lib/python3.7/site-packages/airflow/example_dags/example_branch_day_of_week_operator.py for tasks to queue
[2024-05-27T16:48:29.697+0000] {logging_mixin.py:149} INFO - [2024-05-27T16:48:29.697+0000] {dagbag.py:541} INFO - Filling up the DagBag from /home/airflow/.local/lib/python3.7/site-packages/airflow/example_dags/example_branch_day_of_week_operator.py
[2024-05-27T16:48:29.701+0000] {processor.py:809} INFO - DAG(s) dict_keys(['example_weekday_branch_operator']) retrieved from /home/airflow/.local/lib/python3.7/site-packages/airflow/example_dags/example_branch_day_of_week_operator.py
[2024-05-27T16:48:29.715+0000] {logging_mixin.py:149} INFO - [2024-05-27T16:48:29.715+0000] {dag.py:2726} INFO - Sync 1 DAGs
[2024-05-27T16:48:29.728+0000] {logging_mixin.py:149} INFO - [2024-05-27T16:48:29.728+0000] {dag.py:3490} INFO - Setting next_dagrun for example_weekday_branch_operator to 2024-05-26T00:00:00+00:00, run_after=2024-05-27T00:00:00+00:00
[2024-05-27T16:48:29.737+0000] {processor.py:178} INFO - Processing /home/airflow/.local/lib/python3.7/site-packages/airflow/example_dags/example_branch_day_of_week_operator.py took 0.043 seconds
[2024-05-27T16:49:00.382+0000] {processor.py:156} INFO - Started process (PID=1065) to work on /home/airflow/.local/lib/python3.7/site-packages/airflow/example_dags/example_branch_day_of_week_operator.py
[2024-05-27T16:49:00.383+0000] {processor.py:799} INFO - Processing file /home/airflow/.local/lib/python3.7/site-packages/airflow/example_dags/example_branch_day_of_week_operator.py for tasks to queue
[2024-05-27T16:49:00.383+0000] {logging_mixin.py:149} INFO - [2024-05-27T16:49:00.383+0000] {dagbag.py:541} INFO - Filling up the DagBag from /home/airflow/.local/lib/python3.7/site-packages/airflow/example_dags/example_branch_day_of_week_operator.py
[2024-05-27T16:49:00.388+0000] {processor.py:809} INFO - DAG(s) dict_keys(['example_weekday_branch_operator']) retrieved from /home/airflow/.local/lib/python3.7/site-packages/airflow/example_dags/example_branch_day_of_week_operator.py
[2024-05-27T16:49:00.405+0000] {logging_mixin.py:149} INFO - [2024-05-27T16:49:00.404+0000] {dag.py:2726} INFO - Sync 1 DAGs
[2024-05-27T16:49:00.419+0000] {logging_mixin.py:149} INFO - [2024-05-27T16:49:00.418+0000] {dag.py:3490} INFO - Setting next_dagrun for example_weekday_branch_operator to 2024-05-26T00:00:00+00:00, run_after=2024-05-27T00:00:00+00:00
[2024-05-27T16:49:00.427+0000] {processor.py:178} INFO - Processing /home/airflow/.local/lib/python3.7/site-packages/airflow/example_dags/example_branch_day_of_week_operator.py took 0.047 seconds
[2024-05-27T16:50:02.461+0000] {processor.py:156} INFO - Started process (PID=1125) to work on /home/airflow/.local/lib/python3.7/site-packages/airflow/example_dags/example_branch_day_of_week_operator.py
[2024-05-27T16:50:02.461+0000] {processor.py:799} INFO - Processing file /home/airflow/.local/lib/python3.7/site-packages/airflow/example_dags/example_branch_day_of_week_operator.py for tasks to queue
[2024-05-27T16:50:02.462+0000] {logging_mixin.py:149} INFO - [2024-05-27T16:50:02.462+0000] {dagbag.py:541} INFO - Filling up the DagBag from /home/airflow/.local/lib/python3.7/site-packages/airflow/example_dags/example_branch_day_of_week_operator.py
[2024-05-27T16:50:02.466+0000] {processor.py:809} INFO - DAG(s) dict_keys(['example_weekday_branch_operator']) retrieved from /home/airflow/.local/lib/python3.7/site-packages/airflow/example_dags/example_branch_day_of_week_operator.py
[2024-05-27T16:50:02.481+0000] {logging_mixin.py:149} INFO - [2024-05-27T16:50:02.481+0000] {dag.py:2726} INFO - Sync 1 DAGs
[2024-05-27T16:50:02.494+0000] {logging_mixin.py:149} INFO - [2024-05-27T16:50:02.494+0000] {dag.py:3490} INFO - Setting next_dagrun for example_weekday_branch_operator to 2024-05-26T00:00:00+00:00, run_after=2024-05-27T00:00:00+00:00
[2024-05-27T16:50:02.503+0000] {processor.py:178} INFO - Processing /home/airflow/.local/lib/python3.7/site-packages/airflow/example_dags/example_branch_day_of_week_operator.py took 0.044 seconds
[2024-05-27T16:50:32.643+0000] {processor.py:156} INFO - Started process (PID=1186) to work on /home/airflow/.local/lib/python3.7/site-packages/airflow/example_dags/example_branch_day_of_week_operator.py
[2024-05-27T16:50:32.643+0000] {processor.py:799} INFO - Processing file /home/airflow/.local/lib/python3.7/site-packages/airflow/example_dags/example_branch_day_of_week_operator.py for tasks to queue
[2024-05-27T16:50:32.644+0000] {logging_mixin.py:149} INFO - [2024-05-27T16:50:32.644+0000] {dagbag.py:541} INFO - Filling up the DagBag from /home/airflow/.local/lib/python3.7/site-packages/airflow/example_dags/example_branch_day_of_week_operator.py
[2024-05-27T16:50:32.648+0000] {processor.py:809} INFO - DAG(s) dict_keys(['example_weekday_branch_operator']) retrieved from /home/airflow/.local/lib/python3.7/site-packages/airflow/example_dags/example_branch_day_of_week_operator.py
[2024-05-27T16:50:32.660+0000] {logging_mixin.py:149} INFO - [2024-05-27T16:50:32.660+0000] {dag.py:2726} INFO - Sync 1 DAGs
[2024-05-27T16:50:32.672+0000] {logging_mixin.py:149} INFO - [2024-05-27T16:50:32.672+0000] {dag.py:3490} INFO - Setting next_dagrun for example_weekday_branch_operator to 2024-05-26T00:00:00+00:00, run_after=2024-05-27T00:00:00+00:00
[2024-05-27T16:50:32.680+0000] {processor.py:178} INFO - Processing /home/airflow/.local/lib/python3.7/site-packages/airflow/example_dags/example_branch_day_of_week_operator.py took 0.040 seconds
[2024-05-27T16:51:02.843+0000] {processor.py:156} INFO - Started process (PID=1247) to work on /home/airflow/.local/lib/python3.7/site-packages/airflow/example_dags/example_branch_day_of_week_operator.py
[2024-05-27T16:51:02.843+0000] {processor.py:799} INFO - Processing file /home/airflow/.local/lib/python3.7/site-packages/airflow/example_dags/example_branch_day_of_week_operator.py for tasks to queue
[2024-05-27T16:51:02.844+0000] {logging_mixin.py:149} INFO - [2024-05-27T16:51:02.844+0000] {dagbag.py:541} INFO - Filling up the DagBag from /home/airflow/.local/lib/python3.7/site-packages/airflow/example_dags/example_branch_day_of_week_operator.py
[2024-05-27T16:51:02.848+0000] {processor.py:809} INFO - DAG(s) dict_keys(['example_weekday_branch_operator']) retrieved from /home/airflow/.local/lib/python3.7/site-packages/airflow/example_dags/example_branch_day_of_week_operator.py
[2024-05-27T16:51:02.860+0000] {logging_mixin.py:149} INFO - [2024-05-27T16:51:02.860+0000] {dag.py:2726} INFO - Sync 1 DAGs
[2024-05-27T16:51:02.872+0000] {logging_mixin.py:149} INFO - [2024-05-27T16:51:02.872+0000] {dag.py:3490} INFO - Setting next_dagrun for example_weekday_branch_operator to 2024-05-26T00:00:00+00:00, run_after=2024-05-27T00:00:00+00:00
[2024-05-27T16:51:02.880+0000] {processor.py:178} INFO - Processing /home/airflow/.local/lib/python3.7/site-packages/airflow/example_dags/example_branch_day_of_week_operator.py took 0.039 seconds
[2024-05-27T16:51:32.955+0000] {processor.py:156} INFO - Started process (PID=1308) to work on /home/airflow/.local/lib/python3.7/site-packages/airflow/example_dags/example_branch_day_of_week_operator.py
[2024-05-27T16:51:32.956+0000] {processor.py:799} INFO - Processing file /home/airflow/.local/lib/python3.7/site-packages/airflow/example_dags/example_branch_day_of_week_operator.py for tasks to queue
[2024-05-27T16:51:32.956+0000] {logging_mixin.py:149} INFO - [2024-05-27T16:51:32.956+0000] {dagbag.py:541} INFO - Filling up the DagBag from /home/airflow/.local/lib/python3.7/site-packages/airflow/example_dags/example_branch_day_of_week_operator.py
[2024-05-27T16:51:32.961+0000] {processor.py:809} INFO - DAG(s) dict_keys(['example_weekday_branch_operator']) retrieved from /home/airflow/.local/lib/python3.7/site-packages/airflow/example_dags/example_branch_day_of_week_operator.py
[2024-05-27T16:51:32.974+0000] {logging_mixin.py:149} INFO - [2024-05-27T16:51:32.974+0000] {dag.py:2726} INFO - Sync 1 DAGs
[2024-05-27T16:51:32.988+0000] {logging_mixin.py:149} INFO - [2024-05-27T16:51:32.988+0000] {dag.py:3490} INFO - Setting next_dagrun for example_weekday_branch_operator to 2024-05-26T00:00:00+00:00, run_after=2024-05-27T00:00:00+00:00
[2024-05-27T16:51:32.996+0000] {processor.py:178} INFO - Processing /home/airflow/.local/lib/python3.7/site-packages/airflow/example_dags/example_branch_day_of_week_operator.py took 0.043 seconds
[2024-05-27T16:52:14.821+0000] {processor.py:156} INFO - Started process (PID=1386) to work on /home/airflow/.local/lib/python3.7/site-packages/airflow/example_dags/example_branch_day_of_week_operator.py
[2024-05-27T16:52:14.822+0000] {processor.py:799} INFO - Processing file /home/airflow/.local/lib/python3.7/site-packages/airflow/example_dags/example_branch_day_of_week_operator.py for tasks to queue
[2024-05-27T16:52:14.824+0000] {logging_mixin.py:149} INFO - [2024-05-27T16:52:14.824+0000] {dagbag.py:541} INFO - Filling up the DagBag from /home/airflow/.local/lib/python3.7/site-packages/airflow/example_dags/example_branch_day_of_week_operator.py
[2024-05-27T16:52:14.861+0000] {processor.py:809} INFO - DAG(s) dict_keys(['example_weekday_branch_operator']) retrieved from /home/airflow/.local/lib/python3.7/site-packages/airflow/example_dags/example_branch_day_of_week_operator.py
[2024-05-27T16:52:15.021+0000] {logging_mixin.py:149} INFO - [2024-05-27T16:52:15.019+0000] {dag.py:2726} INFO - Sync 1 DAGs
[2024-05-27T16:52:15.121+0000] {logging_mixin.py:149} INFO - [2024-05-27T16:52:15.120+0000] {dag.py:3490} INFO - Setting next_dagrun for example_weekday_branch_operator to 2024-05-26T00:00:00+00:00, run_after=2024-05-27T00:00:00+00:00
[2024-05-27T16:52:15.222+0000] {processor.py:178} INFO - Processing /home/airflow/.local/lib/python3.7/site-packages/airflow/example_dags/example_branch_day_of_week_operator.py took 0.407 seconds
