[2024-05-27T16:40:22.954+0000] {processor.py:156} INFO - Started process (PID=71) to work on /home/airflow/.local/lib/python3.7/site-packages/airflow/example_dags/example_sensor_decorator.py
[2024-05-27T16:40:22.956+0000] {processor.py:799} INFO - Processing file /home/airflow/.local/lib/python3.7/site-packages/airflow/example_dags/example_sensor_decorator.py for tasks to queue
[2024-05-27T16:40:22.957+0000] {logging_mixin.py:149} INFO - [2024-05-27T16:40:22.957+0000] {dagbag.py:541} INFO - Filling up the DagBag from /home/airflow/.local/lib/python3.7/site-packages/airflow/example_dags/example_sensor_decorator.py
[2024-05-27T16:40:22.966+0000] {processor.py:809} INFO - DAG(s) dict_keys(['example_sensor_decorator']) retrieved from /home/airflow/.local/lib/python3.7/site-packages/airflow/example_dags/example_sensor_decorator.py
[2024-05-27T16:40:23.045+0000] {logging_mixin.py:149} INFO - [2024-05-27T16:40:23.045+0000] {manager.py:504} INFO - Created Permission View: can delete on DAG:example_sensor_decorator
[2024-05-27T16:40:23.050+0000] {logging_mixin.py:149} INFO - [2024-05-27T16:40:23.050+0000] {manager.py:504} INFO - Created Permission View: can read on DAG:example_sensor_decorator
[2024-05-27T16:40:23.054+0000] {logging_mixin.py:149} INFO - [2024-05-27T16:40:23.054+0000] {manager.py:504} INFO - Created Permission View: can edit on DAG:example_sensor_decorator
[2024-05-27T16:40:23.054+0000] {logging_mixin.py:149} INFO - [2024-05-27T16:40:23.054+0000] {dag.py:2726} INFO - Sync 1 DAGs
[2024-05-27T16:40:23.061+0000] {logging_mixin.py:149} INFO - [2024-05-27T16:40:23.061+0000] {dag.py:2747} INFO - Creating ORM DAG for example_sensor_decorator
[2024-05-27T16:40:23.069+0000] {logging_mixin.py:149} INFO - [2024-05-27T16:40:23.069+0000] {dag.py:3490} INFO - Setting next_dagrun for example_sensor_decorator to None, run_after=None
[2024-05-27T16:40:23.082+0000] {processor.py:178} INFO - Processing /home/airflow/.local/lib/python3.7/site-packages/airflow/example_dags/example_sensor_decorator.py took 0.133 seconds
[2024-05-27T16:40:54.028+0000] {processor.py:156} INFO - Started process (PID=131) to work on /home/airflow/.local/lib/python3.7/site-packages/airflow/example_dags/example_sensor_decorator.py
[2024-05-27T16:40:54.029+0000] {processor.py:799} INFO - Processing file /home/airflow/.local/lib/python3.7/site-packages/airflow/example_dags/example_sensor_decorator.py for tasks to queue
[2024-05-27T16:40:54.029+0000] {logging_mixin.py:149} INFO - [2024-05-27T16:40:54.029+0000] {dagbag.py:541} INFO - Filling up the DagBag from /home/airflow/.local/lib/python3.7/site-packages/airflow/example_dags/example_sensor_decorator.py
[2024-05-27T16:40:54.034+0000] {processor.py:809} INFO - DAG(s) dict_keys(['example_sensor_decorator']) retrieved from /home/airflow/.local/lib/python3.7/site-packages/airflow/example_dags/example_sensor_decorator.py
[2024-05-27T16:40:54.057+0000] {logging_mixin.py:149} INFO - [2024-05-27T16:40:54.057+0000] {dag.py:2726} INFO - Sync 1 DAGs
[2024-05-27T16:40:54.074+0000] {logging_mixin.py:149} INFO - [2024-05-27T16:40:54.074+0000] {dag.py:3490} INFO - Setting next_dagrun for example_sensor_decorator to None, run_after=None
[2024-05-27T16:40:54.084+0000] {processor.py:178} INFO - Processing /home/airflow/.local/lib/python3.7/site-packages/airflow/example_dags/example_sensor_decorator.py took 0.060 seconds
[2024-05-27T16:41:24.277+0000] {processor.py:156} INFO - Started process (PID=190) to work on /home/airflow/.local/lib/python3.7/site-packages/airflow/example_dags/example_sensor_decorator.py
[2024-05-27T16:41:24.279+0000] {processor.py:799} INFO - Processing file /home/airflow/.local/lib/python3.7/site-packages/airflow/example_dags/example_sensor_decorator.py for tasks to queue
[2024-05-27T16:41:24.279+0000] {logging_mixin.py:149} INFO - [2024-05-27T16:41:24.279+0000] {dagbag.py:541} INFO - Filling up the DagBag from /home/airflow/.local/lib/python3.7/site-packages/airflow/example_dags/example_sensor_decorator.py
[2024-05-27T16:41:24.288+0000] {processor.py:809} INFO - DAG(s) dict_keys(['example_sensor_decorator']) retrieved from /home/airflow/.local/lib/python3.7/site-packages/airflow/example_dags/example_sensor_decorator.py
[2024-05-27T16:41:24.312+0000] {logging_mixin.py:149} INFO - [2024-05-27T16:41:24.312+0000] {dag.py:2726} INFO - Sync 1 DAGs
[2024-05-27T16:41:24.329+0000] {logging_mixin.py:149} INFO - [2024-05-27T16:41:24.329+0000] {dag.py:3490} INFO - Setting next_dagrun for example_sensor_decorator to None, run_after=None
[2024-05-27T16:41:24.339+0000] {processor.py:178} INFO - Processing /home/airflow/.local/lib/python3.7/site-packages/airflow/example_dags/example_sensor_decorator.py took 0.067 seconds
[2024-05-27T16:41:55.288+0000] {processor.py:156} INFO - Started process (PID=251) to work on /home/airflow/.local/lib/python3.7/site-packages/airflow/example_dags/example_sensor_decorator.py
[2024-05-27T16:41:55.289+0000] {processor.py:799} INFO - Processing file /home/airflow/.local/lib/python3.7/site-packages/airflow/example_dags/example_sensor_decorator.py for tasks to queue
[2024-05-27T16:41:55.290+0000] {logging_mixin.py:149} INFO - [2024-05-27T16:41:55.290+0000] {dagbag.py:541} INFO - Filling up the DagBag from /home/airflow/.local/lib/python3.7/site-packages/airflow/example_dags/example_sensor_decorator.py
[2024-05-27T16:41:55.296+0000] {processor.py:809} INFO - DAG(s) dict_keys(['example_sensor_decorator']) retrieved from /home/airflow/.local/lib/python3.7/site-packages/airflow/example_dags/example_sensor_decorator.py
[2024-05-27T16:41:55.314+0000] {logging_mixin.py:149} INFO - [2024-05-27T16:41:55.314+0000] {dag.py:2726} INFO - Sync 1 DAGs
[2024-05-27T16:41:55.328+0000] {logging_mixin.py:149} INFO - [2024-05-27T16:41:55.328+0000] {dag.py:3490} INFO - Setting next_dagrun for example_sensor_decorator to None, run_after=None
[2024-05-27T16:41:55.337+0000] {processor.py:178} INFO - Processing /home/airflow/.local/lib/python3.7/site-packages/airflow/example_dags/example_sensor_decorator.py took 0.052 seconds
[2024-05-27T16:42:25.652+0000] {processor.py:156} INFO - Started process (PID=311) to work on /home/airflow/.local/lib/python3.7/site-packages/airflow/example_dags/example_sensor_decorator.py
[2024-05-27T16:42:25.653+0000] {processor.py:799} INFO - Processing file /home/airflow/.local/lib/python3.7/site-packages/airflow/example_dags/example_sensor_decorator.py for tasks to queue
[2024-05-27T16:42:25.654+0000] {logging_mixin.py:149} INFO - [2024-05-27T16:42:25.654+0000] {dagbag.py:541} INFO - Filling up the DagBag from /home/airflow/.local/lib/python3.7/site-packages/airflow/example_dags/example_sensor_decorator.py
[2024-05-27T16:42:25.661+0000] {processor.py:809} INFO - DAG(s) dict_keys(['example_sensor_decorator']) retrieved from /home/airflow/.local/lib/python3.7/site-packages/airflow/example_dags/example_sensor_decorator.py
[2024-05-27T16:42:25.681+0000] {logging_mixin.py:149} INFO - [2024-05-27T16:42:25.681+0000] {dag.py:2726} INFO - Sync 1 DAGs
[2024-05-27T16:42:25.697+0000] {logging_mixin.py:149} INFO - [2024-05-27T16:42:25.697+0000] {dag.py:3490} INFO - Setting next_dagrun for example_sensor_decorator to None, run_after=None
[2024-05-27T16:42:25.707+0000] {processor.py:178} INFO - Processing /home/airflow/.local/lib/python3.7/site-packages/airflow/example_dags/example_sensor_decorator.py took 0.058 seconds
[2024-05-27T16:42:55.764+0000] {processor.py:156} INFO - Started process (PID=370) to work on /home/airflow/.local/lib/python3.7/site-packages/airflow/example_dags/example_sensor_decorator.py
[2024-05-27T16:42:55.766+0000] {processor.py:799} INFO - Processing file /home/airflow/.local/lib/python3.7/site-packages/airflow/example_dags/example_sensor_decorator.py for tasks to queue
[2024-05-27T16:42:55.767+0000] {logging_mixin.py:149} INFO - [2024-05-27T16:42:55.767+0000] {dagbag.py:541} INFO - Filling up the DagBag from /home/airflow/.local/lib/python3.7/site-packages/airflow/example_dags/example_sensor_decorator.py
[2024-05-27T16:42:55.775+0000] {processor.py:809} INFO - DAG(s) dict_keys(['example_sensor_decorator']) retrieved from /home/airflow/.local/lib/python3.7/site-packages/airflow/example_dags/example_sensor_decorator.py
[2024-05-27T16:42:55.795+0000] {logging_mixin.py:149} INFO - [2024-05-27T16:42:55.794+0000] {dag.py:2726} INFO - Sync 1 DAGs
[2024-05-27T16:42:55.810+0000] {logging_mixin.py:149} INFO - [2024-05-27T16:42:55.810+0000] {dag.py:3490} INFO - Setting next_dagrun for example_sensor_decorator to None, run_after=None
[2024-05-27T16:42:55.819+0000] {processor.py:178} INFO - Processing /home/airflow/.local/lib/python3.7/site-packages/airflow/example_dags/example_sensor_decorator.py took 0.062 seconds
[2024-05-27T16:43:26.599+0000] {processor.py:156} INFO - Started process (PID=431) to work on /home/airflow/.local/lib/python3.7/site-packages/airflow/example_dags/example_sensor_decorator.py
[2024-05-27T16:43:26.601+0000] {processor.py:799} INFO - Processing file /home/airflow/.local/lib/python3.7/site-packages/airflow/example_dags/example_sensor_decorator.py for tasks to queue
[2024-05-27T16:43:26.602+0000] {logging_mixin.py:149} INFO - [2024-05-27T16:43:26.601+0000] {dagbag.py:541} INFO - Filling up the DagBag from /home/airflow/.local/lib/python3.7/site-packages/airflow/example_dags/example_sensor_decorator.py
[2024-05-27T16:43:26.608+0000] {processor.py:809} INFO - DAG(s) dict_keys(['example_sensor_decorator']) retrieved from /home/airflow/.local/lib/python3.7/site-packages/airflow/example_dags/example_sensor_decorator.py
[2024-05-27T16:43:26.627+0000] {logging_mixin.py:149} INFO - [2024-05-27T16:43:26.627+0000] {dag.py:2726} INFO - Sync 1 DAGs
[2024-05-27T16:43:26.642+0000] {logging_mixin.py:149} INFO - [2024-05-27T16:43:26.642+0000] {dag.py:3490} INFO - Setting next_dagrun for example_sensor_decorator to None, run_after=None
[2024-05-27T16:43:26.651+0000] {processor.py:178} INFO - Processing /home/airflow/.local/lib/python3.7/site-packages/airflow/example_dags/example_sensor_decorator.py took 0.056 seconds
[2024-05-27T16:43:57.463+0000] {processor.py:156} INFO - Started process (PID=491) to work on /home/airflow/.local/lib/python3.7/site-packages/airflow/example_dags/example_sensor_decorator.py
[2024-05-27T16:43:57.464+0000] {processor.py:799} INFO - Processing file /home/airflow/.local/lib/python3.7/site-packages/airflow/example_dags/example_sensor_decorator.py for tasks to queue
[2024-05-27T16:43:57.465+0000] {logging_mixin.py:149} INFO - [2024-05-27T16:43:57.465+0000] {dagbag.py:541} INFO - Filling up the DagBag from /home/airflow/.local/lib/python3.7/site-packages/airflow/example_dags/example_sensor_decorator.py
[2024-05-27T16:43:57.470+0000] {processor.py:809} INFO - DAG(s) dict_keys(['example_sensor_decorator']) retrieved from /home/airflow/.local/lib/python3.7/site-packages/airflow/example_dags/example_sensor_decorator.py
[2024-05-27T16:43:57.490+0000] {logging_mixin.py:149} INFO - [2024-05-27T16:43:57.490+0000] {dag.py:2726} INFO - Sync 1 DAGs
[2024-05-27T16:43:57.505+0000] {logging_mixin.py:149} INFO - [2024-05-27T16:43:57.505+0000] {dag.py:3490} INFO - Setting next_dagrun for example_sensor_decorator to None, run_after=None
[2024-05-27T16:43:57.515+0000] {processor.py:178} INFO - Processing /home/airflow/.local/lib/python3.7/site-packages/airflow/example_dags/example_sensor_decorator.py took 0.056 seconds
[2024-05-27T16:44:28.399+0000] {processor.py:156} INFO - Started process (PID=551) to work on /home/airflow/.local/lib/python3.7/site-packages/airflow/example_dags/example_sensor_decorator.py
[2024-05-27T16:44:28.400+0000] {processor.py:799} INFO - Processing file /home/airflow/.local/lib/python3.7/site-packages/airflow/example_dags/example_sensor_decorator.py for tasks to queue
[2024-05-27T16:44:28.401+0000] {logging_mixin.py:149} INFO - [2024-05-27T16:44:28.401+0000] {dagbag.py:541} INFO - Filling up the DagBag from /home/airflow/.local/lib/python3.7/site-packages/airflow/example_dags/example_sensor_decorator.py
[2024-05-27T16:44:28.408+0000] {processor.py:809} INFO - DAG(s) dict_keys(['example_sensor_decorator']) retrieved from /home/airflow/.local/lib/python3.7/site-packages/airflow/example_dags/example_sensor_decorator.py
[2024-05-27T16:44:28.427+0000] {logging_mixin.py:149} INFO - [2024-05-27T16:44:28.427+0000] {dag.py:2726} INFO - Sync 1 DAGs
[2024-05-27T16:44:28.442+0000] {logging_mixin.py:149} INFO - [2024-05-27T16:44:28.442+0000] {dag.py:3490} INFO - Setting next_dagrun for example_sensor_decorator to None, run_after=None
[2024-05-27T16:44:28.451+0000] {processor.py:178} INFO - Processing /home/airflow/.local/lib/python3.7/site-packages/airflow/example_dags/example_sensor_decorator.py took 0.057 seconds
[2024-05-27T16:44:58.491+0000] {processor.py:156} INFO - Started process (PID=610) to work on /home/airflow/.local/lib/python3.7/site-packages/airflow/example_dags/example_sensor_decorator.py
[2024-05-27T16:44:58.494+0000] {processor.py:799} INFO - Processing file /home/airflow/.local/lib/python3.7/site-packages/airflow/example_dags/example_sensor_decorator.py for tasks to queue
[2024-05-27T16:44:58.495+0000] {logging_mixin.py:149} INFO - [2024-05-27T16:44:58.494+0000] {dagbag.py:541} INFO - Filling up the DagBag from /home/airflow/.local/lib/python3.7/site-packages/airflow/example_dags/example_sensor_decorator.py
[2024-05-27T16:44:58.503+0000] {processor.py:809} INFO - DAG(s) dict_keys(['example_sensor_decorator']) retrieved from /home/airflow/.local/lib/python3.7/site-packages/airflow/example_dags/example_sensor_decorator.py
[2024-05-27T16:44:58.525+0000] {logging_mixin.py:149} INFO - [2024-05-27T16:44:58.525+0000] {dag.py:2726} INFO - Sync 1 DAGs
[2024-05-27T16:44:58.540+0000] {logging_mixin.py:149} INFO - [2024-05-27T16:44:58.540+0000] {dag.py:3490} INFO - Setting next_dagrun for example_sensor_decorator to None, run_after=None
[2024-05-27T16:44:58.549+0000] {processor.py:178} INFO - Processing /home/airflow/.local/lib/python3.7/site-packages/airflow/example_dags/example_sensor_decorator.py took 0.064 seconds
[2024-05-27T16:45:29.388+0000] {processor.py:156} INFO - Started process (PID=671) to work on /home/airflow/.local/lib/python3.7/site-packages/airflow/example_dags/example_sensor_decorator.py
[2024-05-27T16:45:29.389+0000] {processor.py:799} INFO - Processing file /home/airflow/.local/lib/python3.7/site-packages/airflow/example_dags/example_sensor_decorator.py for tasks to queue
[2024-05-27T16:45:29.390+0000] {logging_mixin.py:149} INFO - [2024-05-27T16:45:29.390+0000] {dagbag.py:541} INFO - Filling up the DagBag from /home/airflow/.local/lib/python3.7/site-packages/airflow/example_dags/example_sensor_decorator.py
[2024-05-27T16:45:29.398+0000] {processor.py:809} INFO - DAG(s) dict_keys(['example_sensor_decorator']) retrieved from /home/airflow/.local/lib/python3.7/site-packages/airflow/example_dags/example_sensor_decorator.py
[2024-05-27T16:45:29.419+0000] {logging_mixin.py:149} INFO - [2024-05-27T16:45:29.419+0000] {dag.py:2726} INFO - Sync 1 DAGs
[2024-05-27T16:45:29.435+0000] {logging_mixin.py:149} INFO - [2024-05-27T16:45:29.435+0000] {dag.py:3490} INFO - Setting next_dagrun for example_sensor_decorator to None, run_after=None
[2024-05-27T16:45:29.445+0000] {processor.py:178} INFO - Processing /home/airflow/.local/lib/python3.7/site-packages/airflow/example_dags/example_sensor_decorator.py took 0.062 seconds
[2024-05-27T16:46:00.240+0000] {processor.py:156} INFO - Started process (PID=731) to work on /home/airflow/.local/lib/python3.7/site-packages/airflow/example_dags/example_sensor_decorator.py
[2024-05-27T16:46:00.241+0000] {processor.py:799} INFO - Processing file /home/airflow/.local/lib/python3.7/site-packages/airflow/example_dags/example_sensor_decorator.py for tasks to queue
[2024-05-27T16:46:00.242+0000] {logging_mixin.py:149} INFO - [2024-05-27T16:46:00.242+0000] {dagbag.py:541} INFO - Filling up the DagBag from /home/airflow/.local/lib/python3.7/site-packages/airflow/example_dags/example_sensor_decorator.py
[2024-05-27T16:46:00.249+0000] {processor.py:809} INFO - DAG(s) dict_keys(['example_sensor_decorator']) retrieved from /home/airflow/.local/lib/python3.7/site-packages/airflow/example_dags/example_sensor_decorator.py
[2024-05-27T16:46:00.268+0000] {logging_mixin.py:149} INFO - [2024-05-27T16:46:00.268+0000] {dag.py:2726} INFO - Sync 1 DAGs
[2024-05-27T16:46:00.282+0000] {logging_mixin.py:149} INFO - [2024-05-27T16:46:00.282+0000] {dag.py:3490} INFO - Setting next_dagrun for example_sensor_decorator to None, run_after=None
[2024-05-27T16:46:00.291+0000] {processor.py:178} INFO - Processing /home/airflow/.local/lib/python3.7/site-packages/airflow/example_dags/example_sensor_decorator.py took 0.056 seconds
[2024-05-27T16:46:30.345+0000] {processor.py:156} INFO - Started process (PID=790) to work on /home/airflow/.local/lib/python3.7/site-packages/airflow/example_dags/example_sensor_decorator.py
[2024-05-27T16:46:30.346+0000] {processor.py:799} INFO - Processing file /home/airflow/.local/lib/python3.7/site-packages/airflow/example_dags/example_sensor_decorator.py for tasks to queue
[2024-05-27T16:46:30.347+0000] {logging_mixin.py:149} INFO - [2024-05-27T16:46:30.347+0000] {dagbag.py:541} INFO - Filling up the DagBag from /home/airflow/.local/lib/python3.7/site-packages/airflow/example_dags/example_sensor_decorator.py
[2024-05-27T16:46:30.355+0000] {processor.py:809} INFO - DAG(s) dict_keys(['example_sensor_decorator']) retrieved from /home/airflow/.local/lib/python3.7/site-packages/airflow/example_dags/example_sensor_decorator.py
[2024-05-27T16:46:30.376+0000] {logging_mixin.py:149} INFO - [2024-05-27T16:46:30.376+0000] {dag.py:2726} INFO - Sync 1 DAGs
[2024-05-27T16:46:30.391+0000] {logging_mixin.py:149} INFO - [2024-05-27T16:46:30.391+0000] {dag.py:3490} INFO - Setting next_dagrun for example_sensor_decorator to None, run_after=None
[2024-05-27T16:46:30.400+0000] {processor.py:178} INFO - Processing /home/airflow/.local/lib/python3.7/site-packages/airflow/example_dags/example_sensor_decorator.py took 0.060 seconds
[2024-05-27T16:47:01.240+0000] {processor.py:156} INFO - Started process (PID=851) to work on /home/airflow/.local/lib/python3.7/site-packages/airflow/example_dags/example_sensor_decorator.py
[2024-05-27T16:47:01.241+0000] {processor.py:799} INFO - Processing file /home/airflow/.local/lib/python3.7/site-packages/airflow/example_dags/example_sensor_decorator.py for tasks to queue
[2024-05-27T16:47:01.242+0000] {logging_mixin.py:149} INFO - [2024-05-27T16:47:01.242+0000] {dagbag.py:541} INFO - Filling up the DagBag from /home/airflow/.local/lib/python3.7/site-packages/airflow/example_dags/example_sensor_decorator.py
[2024-05-27T16:47:01.249+0000] {processor.py:809} INFO - DAG(s) dict_keys(['example_sensor_decorator']) retrieved from /home/airflow/.local/lib/python3.7/site-packages/airflow/example_dags/example_sensor_decorator.py
[2024-05-27T16:47:01.270+0000] {logging_mixin.py:149} INFO - [2024-05-27T16:47:01.270+0000] {dag.py:2726} INFO - Sync 1 DAGs
[2024-05-27T16:47:01.284+0000] {logging_mixin.py:149} INFO - [2024-05-27T16:47:01.284+0000] {dag.py:3490} INFO - Setting next_dagrun for example_sensor_decorator to None, run_after=None
[2024-05-27T16:47:01.293+0000] {processor.py:178} INFO - Processing /home/airflow/.local/lib/python3.7/site-packages/airflow/example_dags/example_sensor_decorator.py took 0.057 seconds
[2024-05-27T16:47:31.989+0000] {processor.py:156} INFO - Started process (PID=911) to work on /home/airflow/.local/lib/python3.7/site-packages/airflow/example_dags/example_sensor_decorator.py
[2024-05-27T16:47:31.990+0000] {processor.py:799} INFO - Processing file /home/airflow/.local/lib/python3.7/site-packages/airflow/example_dags/example_sensor_decorator.py for tasks to queue
[2024-05-27T16:47:31.990+0000] {logging_mixin.py:149} INFO - [2024-05-27T16:47:31.990+0000] {dagbag.py:541} INFO - Filling up the DagBag from /home/airflow/.local/lib/python3.7/site-packages/airflow/example_dags/example_sensor_decorator.py
[2024-05-27T16:47:31.996+0000] {processor.py:809} INFO - DAG(s) dict_keys(['example_sensor_decorator']) retrieved from /home/airflow/.local/lib/python3.7/site-packages/airflow/example_dags/example_sensor_decorator.py
[2024-05-27T16:47:32.015+0000] {logging_mixin.py:149} INFO - [2024-05-27T16:47:32.015+0000] {dag.py:2726} INFO - Sync 1 DAGs
[2024-05-27T16:47:32.030+0000] {logging_mixin.py:149} INFO - [2024-05-27T16:47:32.030+0000] {dag.py:3490} INFO - Setting next_dagrun for example_sensor_decorator to None, run_after=None
[2024-05-27T16:47:32.039+0000] {processor.py:178} INFO - Processing /home/airflow/.local/lib/python3.7/site-packages/airflow/example_dags/example_sensor_decorator.py took 0.054 seconds
[2024-05-27T16:48:02.786+0000] {processor.py:156} INFO - Started process (PID=971) to work on /home/airflow/.local/lib/python3.7/site-packages/airflow/example_dags/example_sensor_decorator.py
[2024-05-27T16:48:02.787+0000] {processor.py:799} INFO - Processing file /home/airflow/.local/lib/python3.7/site-packages/airflow/example_dags/example_sensor_decorator.py for tasks to queue
[2024-05-27T16:48:02.788+0000] {logging_mixin.py:149} INFO - [2024-05-27T16:48:02.788+0000] {dagbag.py:541} INFO - Filling up the DagBag from /home/airflow/.local/lib/python3.7/site-packages/airflow/example_dags/example_sensor_decorator.py
[2024-05-27T16:48:02.794+0000] {processor.py:809} INFO - DAG(s) dict_keys(['example_sensor_decorator']) retrieved from /home/airflow/.local/lib/python3.7/site-packages/airflow/example_dags/example_sensor_decorator.py
[2024-05-27T16:48:02.813+0000] {logging_mixin.py:149} INFO - [2024-05-27T16:48:02.813+0000] {dag.py:2726} INFO - Sync 1 DAGs
[2024-05-27T16:48:02.828+0000] {logging_mixin.py:149} INFO - [2024-05-27T16:48:02.828+0000] {dag.py:3490} INFO - Setting next_dagrun for example_sensor_decorator to None, run_after=None
[2024-05-27T16:48:02.836+0000] {processor.py:178} INFO - Processing /home/airflow/.local/lib/python3.7/site-packages/airflow/example_dags/example_sensor_decorator.py took 0.054 seconds
[2024-05-27T16:48:33.519+0000] {processor.py:156} INFO - Started process (PID=1031) to work on /home/airflow/.local/lib/python3.7/site-packages/airflow/example_dags/example_sensor_decorator.py
[2024-05-27T16:48:33.520+0000] {processor.py:799} INFO - Processing file /home/airflow/.local/lib/python3.7/site-packages/airflow/example_dags/example_sensor_decorator.py for tasks to queue
[2024-05-27T16:48:33.520+0000] {logging_mixin.py:149} INFO - [2024-05-27T16:48:33.520+0000] {dagbag.py:541} INFO - Filling up the DagBag from /home/airflow/.local/lib/python3.7/site-packages/airflow/example_dags/example_sensor_decorator.py
[2024-05-27T16:48:33.526+0000] {processor.py:809} INFO - DAG(s) dict_keys(['example_sensor_decorator']) retrieved from /home/airflow/.local/lib/python3.7/site-packages/airflow/example_dags/example_sensor_decorator.py
[2024-05-27T16:48:33.545+0000] {logging_mixin.py:149} INFO - [2024-05-27T16:48:33.545+0000] {dag.py:2726} INFO - Sync 1 DAGs
[2024-05-27T16:48:33.560+0000] {logging_mixin.py:149} INFO - [2024-05-27T16:48:33.560+0000] {dag.py:3490} INFO - Setting next_dagrun for example_sensor_decorator to None, run_after=None
[2024-05-27T16:48:33.568+0000] {processor.py:178} INFO - Processing /home/airflow/.local/lib/python3.7/site-packages/airflow/example_dags/example_sensor_decorator.py took 0.054 seconds
[2024-05-27T16:49:04.241+0000] {processor.py:156} INFO - Started process (PID=1091) to work on /home/airflow/.local/lib/python3.7/site-packages/airflow/example_dags/example_sensor_decorator.py
[2024-05-27T16:49:04.242+0000] {processor.py:799} INFO - Processing file /home/airflow/.local/lib/python3.7/site-packages/airflow/example_dags/example_sensor_decorator.py for tasks to queue
[2024-05-27T16:49:04.243+0000] {logging_mixin.py:149} INFO - [2024-05-27T16:49:04.243+0000] {dagbag.py:541} INFO - Filling up the DagBag from /home/airflow/.local/lib/python3.7/site-packages/airflow/example_dags/example_sensor_decorator.py
[2024-05-27T16:49:04.249+0000] {processor.py:809} INFO - DAG(s) dict_keys(['example_sensor_decorator']) retrieved from /home/airflow/.local/lib/python3.7/site-packages/airflow/example_dags/example_sensor_decorator.py
[2024-05-27T16:49:04.268+0000] {logging_mixin.py:149} INFO - [2024-05-27T16:49:04.268+0000] {dag.py:2726} INFO - Sync 1 DAGs
[2024-05-27T16:49:04.283+0000] {logging_mixin.py:149} INFO - [2024-05-27T16:49:04.283+0000] {dag.py:3490} INFO - Setting next_dagrun for example_sensor_decorator to None, run_after=None
[2024-05-27T16:49:04.292+0000] {processor.py:178} INFO - Processing /home/airflow/.local/lib/python3.7/site-packages/airflow/example_dags/example_sensor_decorator.py took 0.055 seconds
[2024-05-27T16:50:03.415+0000] {processor.py:156} INFO - Started process (PID=1151) to work on /home/airflow/.local/lib/python3.7/site-packages/airflow/example_dags/example_sensor_decorator.py
[2024-05-27T16:50:03.416+0000] {processor.py:799} INFO - Processing file /home/airflow/.local/lib/python3.7/site-packages/airflow/example_dags/example_sensor_decorator.py for tasks to queue
[2024-05-27T16:50:03.416+0000] {logging_mixin.py:149} INFO - [2024-05-27T16:50:03.416+0000] {dagbag.py:541} INFO - Filling up the DagBag from /home/airflow/.local/lib/python3.7/site-packages/airflow/example_dags/example_sensor_decorator.py
[2024-05-27T16:50:03.420+0000] {processor.py:809} INFO - DAG(s) dict_keys(['example_sensor_decorator']) retrieved from /home/airflow/.local/lib/python3.7/site-packages/airflow/example_dags/example_sensor_decorator.py
[2024-05-27T16:50:03.432+0000] {logging_mixin.py:149} INFO - [2024-05-27T16:50:03.432+0000] {dag.py:2726} INFO - Sync 1 DAGs
[2024-05-27T16:50:03.443+0000] {logging_mixin.py:149} INFO - [2024-05-27T16:50:03.443+0000] {dag.py:3490} INFO - Setting next_dagrun for example_sensor_decorator to None, run_after=None
[2024-05-27T16:50:03.452+0000] {processor.py:178} INFO - Processing /home/airflow/.local/lib/python3.7/site-packages/airflow/example_dags/example_sensor_decorator.py took 0.039 seconds
[2024-05-27T16:50:33.594+0000] {processor.py:156} INFO - Started process (PID=1212) to work on /home/airflow/.local/lib/python3.7/site-packages/airflow/example_dags/example_sensor_decorator.py
[2024-05-27T16:50:33.595+0000] {processor.py:799} INFO - Processing file /home/airflow/.local/lib/python3.7/site-packages/airflow/example_dags/example_sensor_decorator.py for tasks to queue
[2024-05-27T16:50:33.595+0000] {logging_mixin.py:149} INFO - [2024-05-27T16:50:33.595+0000] {dagbag.py:541} INFO - Filling up the DagBag from /home/airflow/.local/lib/python3.7/site-packages/airflow/example_dags/example_sensor_decorator.py
[2024-05-27T16:50:33.599+0000] {processor.py:809} INFO - DAG(s) dict_keys(['example_sensor_decorator']) retrieved from /home/airflow/.local/lib/python3.7/site-packages/airflow/example_dags/example_sensor_decorator.py
[2024-05-27T16:50:33.612+0000] {logging_mixin.py:149} INFO - [2024-05-27T16:50:33.612+0000] {dag.py:2726} INFO - Sync 1 DAGs
[2024-05-27T16:50:33.624+0000] {logging_mixin.py:149} INFO - [2024-05-27T16:50:33.624+0000] {dag.py:3490} INFO - Setting next_dagrun for example_sensor_decorator to None, run_after=None
[2024-05-27T16:50:33.632+0000] {processor.py:178} INFO - Processing /home/airflow/.local/lib/python3.7/site-packages/airflow/example_dags/example_sensor_decorator.py took 0.041 seconds
[2024-05-27T16:51:03.680+0000] {processor.py:156} INFO - Started process (PID=1272) to work on /home/airflow/.local/lib/python3.7/site-packages/airflow/example_dags/example_sensor_decorator.py
[2024-05-27T16:51:03.681+0000] {processor.py:799} INFO - Processing file /home/airflow/.local/lib/python3.7/site-packages/airflow/example_dags/example_sensor_decorator.py for tasks to queue
[2024-05-27T16:51:03.681+0000] {logging_mixin.py:149} INFO - [2024-05-27T16:51:03.681+0000] {dagbag.py:541} INFO - Filling up the DagBag from /home/airflow/.local/lib/python3.7/site-packages/airflow/example_dags/example_sensor_decorator.py
[2024-05-27T16:51:03.685+0000] {processor.py:809} INFO - DAG(s) dict_keys(['example_sensor_decorator']) retrieved from /home/airflow/.local/lib/python3.7/site-packages/airflow/example_dags/example_sensor_decorator.py
[2024-05-27T16:51:03.698+0000] {logging_mixin.py:149} INFO - [2024-05-27T16:51:03.698+0000] {dag.py:2726} INFO - Sync 1 DAGs
[2024-05-27T16:51:03.710+0000] {logging_mixin.py:149} INFO - [2024-05-27T16:51:03.710+0000] {dag.py:3490} INFO - Setting next_dagrun for example_sensor_decorator to None, run_after=None
[2024-05-27T16:51:03.719+0000] {processor.py:178} INFO - Processing /home/airflow/.local/lib/python3.7/site-packages/airflow/example_dags/example_sensor_decorator.py took 0.040 seconds
[2024-05-27T16:51:34.878+0000] {processor.py:156} INFO - Started process (PID=1334) to work on /home/airflow/.local/lib/python3.7/site-packages/airflow/example_dags/example_sensor_decorator.py
[2024-05-27T16:51:34.879+0000] {processor.py:799} INFO - Processing file /home/airflow/.local/lib/python3.7/site-packages/airflow/example_dags/example_sensor_decorator.py for tasks to queue
[2024-05-27T16:51:34.879+0000] {logging_mixin.py:149} INFO - [2024-05-27T16:51:34.879+0000] {dagbag.py:541} INFO - Filling up the DagBag from /home/airflow/.local/lib/python3.7/site-packages/airflow/example_dags/example_sensor_decorator.py
[2024-05-27T16:51:34.883+0000] {processor.py:809} INFO - DAG(s) dict_keys(['example_sensor_decorator']) retrieved from /home/airflow/.local/lib/python3.7/site-packages/airflow/example_dags/example_sensor_decorator.py
[2024-05-27T16:51:34.897+0000] {logging_mixin.py:149} INFO - [2024-05-27T16:51:34.897+0000] {dag.py:2726} INFO - Sync 1 DAGs
[2024-05-27T16:51:34.911+0000] {logging_mixin.py:149} INFO - [2024-05-27T16:51:34.910+0000] {dag.py:3490} INFO - Setting next_dagrun for example_sensor_decorator to None, run_after=None
[2024-05-27T16:51:34.920+0000] {processor.py:178} INFO - Processing /home/airflow/.local/lib/python3.7/site-packages/airflow/example_dags/example_sensor_decorator.py took 0.044 seconds
[2024-05-27T16:52:21.740+0000] {processor.py:156} INFO - Started process (PID=1429) to work on /home/airflow/.local/lib/python3.7/site-packages/airflow/example_dags/example_sensor_decorator.py
[2024-05-27T16:52:21.743+0000] {processor.py:799} INFO - Processing file /home/airflow/.local/lib/python3.7/site-packages/airflow/example_dags/example_sensor_decorator.py for tasks to queue
[2024-05-27T16:52:21.744+0000] {logging_mixin.py:149} INFO - [2024-05-27T16:52:21.744+0000] {dagbag.py:541} INFO - Filling up the DagBag from /home/airflow/.local/lib/python3.7/site-packages/airflow/example_dags/example_sensor_decorator.py
[2024-05-27T16:52:21.757+0000] {processor.py:809} INFO - DAG(s) dict_keys(['example_sensor_decorator']) retrieved from /home/airflow/.local/lib/python3.7/site-packages/airflow/example_dags/example_sensor_decorator.py
[2024-05-27T16:52:21.797+0000] {logging_mixin.py:149} INFO - [2024-05-27T16:52:21.796+0000] {dag.py:2726} INFO - Sync 1 DAGs
[2024-05-27T16:52:21.840+0000] {logging_mixin.py:149} INFO - [2024-05-27T16:52:21.840+0000] {dag.py:3490} INFO - Setting next_dagrun for example_sensor_decorator to None, run_after=None
[2024-05-27T16:52:21.866+0000] {processor.py:178} INFO - Processing /home/airflow/.local/lib/python3.7/site-packages/airflow/example_dags/example_sensor_decorator.py took 0.134 seconds
