[2024-05-27T16:40:21.234+0000] {processor.py:156} INFO - Started process (PID=56) to work on /home/airflow/.local/lib/python3.7/site-packages/airflow/example_dags/example_branch_labels.py
[2024-05-27T16:40:21.236+0000] {processor.py:799} INFO - Processing file /home/airflow/.local/lib/python3.7/site-packages/airflow/example_dags/example_branch_labels.py for tasks to queue
[2024-05-27T16:40:21.237+0000] {logging_mixin.py:149} INFO - [2024-05-27T16:40:21.237+0000] {dagbag.py:541} INFO - Filling up the DagBag from /home/airflow/.local/lib/python3.7/site-packages/airflow/example_dags/example_branch_labels.py
[2024-05-27T16:40:21.244+0000] {processor.py:809} INFO - DAG(s) dict_keys(['example_branch_labels']) retrieved from /home/airflow/.local/lib/python3.7/site-packages/airflow/example_dags/example_branch_labels.py
[2024-05-27T16:40:21.349+0000] {logging_mixin.py:149} INFO - [2024-05-27T16:40:21.349+0000] {manager.py:504} INFO - Created Permission View: can delete on DAG:example_branch_labels
[2024-05-27T16:40:21.357+0000] {logging_mixin.py:149} INFO - [2024-05-27T16:40:21.357+0000] {manager.py:504} INFO - Created Permission View: can read on DAG:example_branch_labels
[2024-05-27T16:40:21.365+0000] {logging_mixin.py:149} INFO - [2024-05-27T16:40:21.365+0000] {manager.py:504} INFO - Created Permission View: can edit on DAG:example_branch_labels
[2024-05-27T16:40:21.365+0000] {logging_mixin.py:149} INFO - [2024-05-27T16:40:21.365+0000] {dag.py:2726} INFO - Sync 1 DAGs
[2024-05-27T16:40:21.378+0000] {logging_mixin.py:149} INFO - [2024-05-27T16:40:21.378+0000] {dag.py:2747} INFO - Creating ORM DAG for example_branch_labels
[2024-05-27T16:40:21.388+0000] {logging_mixin.py:149} INFO - [2024-05-27T16:40:21.388+0000] {dag.py:3490} INFO - Setting next_dagrun for example_branch_labels to 2024-05-26T00:00:00+00:00, run_after=2024-05-27T00:00:00+00:00
[2024-05-27T16:40:21.399+0000] {processor.py:178} INFO - Processing /home/airflow/.local/lib/python3.7/site-packages/airflow/example_dags/example_branch_labels.py took 0.170 seconds
[2024-05-27T16:40:51.452+0000] {processor.py:156} INFO - Started process (PID=116) to work on /home/airflow/.local/lib/python3.7/site-packages/airflow/example_dags/example_branch_labels.py
[2024-05-27T16:40:51.452+0000] {processor.py:799} INFO - Processing file /home/airflow/.local/lib/python3.7/site-packages/airflow/example_dags/example_branch_labels.py for tasks to queue
[2024-05-27T16:40:51.453+0000] {logging_mixin.py:149} INFO - [2024-05-27T16:40:51.453+0000] {dagbag.py:541} INFO - Filling up the DagBag from /home/airflow/.local/lib/python3.7/site-packages/airflow/example_dags/example_branch_labels.py
[2024-05-27T16:40:51.458+0000] {processor.py:809} INFO - DAG(s) dict_keys(['example_branch_labels']) retrieved from /home/airflow/.local/lib/python3.7/site-packages/airflow/example_dags/example_branch_labels.py
[2024-05-27T16:40:51.472+0000] {logging_mixin.py:149} INFO - [2024-05-27T16:40:51.472+0000] {dag.py:2726} INFO - Sync 1 DAGs
[2024-05-27T16:40:51.485+0000] {logging_mixin.py:149} INFO - [2024-05-27T16:40:51.485+0000] {dag.py:3490} INFO - Setting next_dagrun for example_branch_labels to 2024-05-26T00:00:00+00:00, run_after=2024-05-27T00:00:00+00:00
[2024-05-27T16:40:51.493+0000] {processor.py:178} INFO - Processing /home/airflow/.local/lib/python3.7/site-packages/airflow/example_dags/example_branch_labels.py took 0.043 seconds
[2024-05-27T16:41:21.767+0000] {processor.py:156} INFO - Started process (PID=176) to work on /home/airflow/.local/lib/python3.7/site-packages/airflow/example_dags/example_branch_labels.py
[2024-05-27T16:41:21.768+0000] {processor.py:799} INFO - Processing file /home/airflow/.local/lib/python3.7/site-packages/airflow/example_dags/example_branch_labels.py for tasks to queue
[2024-05-27T16:41:21.768+0000] {logging_mixin.py:149} INFO - [2024-05-27T16:41:21.768+0000] {dagbag.py:541} INFO - Filling up the DagBag from /home/airflow/.local/lib/python3.7/site-packages/airflow/example_dags/example_branch_labels.py
[2024-05-27T16:41:21.773+0000] {processor.py:809} INFO - DAG(s) dict_keys(['example_branch_labels']) retrieved from /home/airflow/.local/lib/python3.7/site-packages/airflow/example_dags/example_branch_labels.py
[2024-05-27T16:41:21.785+0000] {logging_mixin.py:149} INFO - [2024-05-27T16:41:21.785+0000] {dag.py:2726} INFO - Sync 1 DAGs
[2024-05-27T16:41:21.797+0000] {logging_mixin.py:149} INFO - [2024-05-27T16:41:21.797+0000] {dag.py:3490} INFO - Setting next_dagrun for example_branch_labels to 2024-05-26T00:00:00+00:00, run_after=2024-05-27T00:00:00+00:00
[2024-05-27T16:41:21.805+0000] {processor.py:178} INFO - Processing /home/airflow/.local/lib/python3.7/site-packages/airflow/example_dags/example_branch_labels.py took 0.039 seconds
[2024-05-27T16:41:52.790+0000] {processor.py:156} INFO - Started process (PID=236) to work on /home/airflow/.local/lib/python3.7/site-packages/airflow/example_dags/example_branch_labels.py
[2024-05-27T16:41:52.791+0000] {processor.py:799} INFO - Processing file /home/airflow/.local/lib/python3.7/site-packages/airflow/example_dags/example_branch_labels.py for tasks to queue
[2024-05-27T16:41:52.791+0000] {logging_mixin.py:149} INFO - [2024-05-27T16:41:52.791+0000] {dagbag.py:541} INFO - Filling up the DagBag from /home/airflow/.local/lib/python3.7/site-packages/airflow/example_dags/example_branch_labels.py
[2024-05-27T16:41:52.796+0000] {processor.py:809} INFO - DAG(s) dict_keys(['example_branch_labels']) retrieved from /home/airflow/.local/lib/python3.7/site-packages/airflow/example_dags/example_branch_labels.py
[2024-05-27T16:41:52.809+0000] {logging_mixin.py:149} INFO - [2024-05-27T16:41:52.809+0000] {dag.py:2726} INFO - Sync 1 DAGs
[2024-05-27T16:41:52.822+0000] {logging_mixin.py:149} INFO - [2024-05-27T16:41:52.822+0000] {dag.py:3490} INFO - Setting next_dagrun for example_branch_labels to 2024-05-26T00:00:00+00:00, run_after=2024-05-27T00:00:00+00:00
[2024-05-27T16:41:52.830+0000] {processor.py:178} INFO - Processing /home/airflow/.local/lib/python3.7/site-packages/airflow/example_dags/example_branch_labels.py took 0.042 seconds
[2024-05-27T16:42:23.109+0000] {processor.py:156} INFO - Started process (PID=296) to work on /home/airflow/.local/lib/python3.7/site-packages/airflow/example_dags/example_branch_labels.py
[2024-05-27T16:42:23.110+0000] {processor.py:799} INFO - Processing file /home/airflow/.local/lib/python3.7/site-packages/airflow/example_dags/example_branch_labels.py for tasks to queue
[2024-05-27T16:42:23.110+0000] {logging_mixin.py:149} INFO - [2024-05-27T16:42:23.110+0000] {dagbag.py:541} INFO - Filling up the DagBag from /home/airflow/.local/lib/python3.7/site-packages/airflow/example_dags/example_branch_labels.py
[2024-05-27T16:42:23.115+0000] {processor.py:809} INFO - DAG(s) dict_keys(['example_branch_labels']) retrieved from /home/airflow/.local/lib/python3.7/site-packages/airflow/example_dags/example_branch_labels.py
[2024-05-27T16:42:23.128+0000] {logging_mixin.py:149} INFO - [2024-05-27T16:42:23.128+0000] {dag.py:2726} INFO - Sync 1 DAGs
[2024-05-27T16:42:23.141+0000] {logging_mixin.py:149} INFO - [2024-05-27T16:42:23.141+0000] {dag.py:3490} INFO - Setting next_dagrun for example_branch_labels to 2024-05-26T00:00:00+00:00, run_after=2024-05-27T00:00:00+00:00
[2024-05-27T16:42:23.149+0000] {processor.py:178} INFO - Processing /home/airflow/.local/lib/python3.7/site-packages/airflow/example_dags/example_branch_labels.py took 0.043 seconds
[2024-05-27T16:42:53.258+0000] {processor.py:156} INFO - Started process (PID=356) to work on /home/airflow/.local/lib/python3.7/site-packages/airflow/example_dags/example_branch_labels.py
[2024-05-27T16:42:53.259+0000] {processor.py:799} INFO - Processing file /home/airflow/.local/lib/python3.7/site-packages/airflow/example_dags/example_branch_labels.py for tasks to queue
[2024-05-27T16:42:53.259+0000] {logging_mixin.py:149} INFO - [2024-05-27T16:42:53.259+0000] {dagbag.py:541} INFO - Filling up the DagBag from /home/airflow/.local/lib/python3.7/site-packages/airflow/example_dags/example_branch_labels.py
[2024-05-27T16:42:53.264+0000] {processor.py:809} INFO - DAG(s) dict_keys(['example_branch_labels']) retrieved from /home/airflow/.local/lib/python3.7/site-packages/airflow/example_dags/example_branch_labels.py
[2024-05-27T16:42:53.276+0000] {logging_mixin.py:149} INFO - [2024-05-27T16:42:53.276+0000] {dag.py:2726} INFO - Sync 1 DAGs
[2024-05-27T16:42:53.288+0000] {logging_mixin.py:149} INFO - [2024-05-27T16:42:53.288+0000] {dag.py:3490} INFO - Setting next_dagrun for example_branch_labels to 2024-05-26T00:00:00+00:00, run_after=2024-05-27T00:00:00+00:00
[2024-05-27T16:42:53.296+0000] {processor.py:178} INFO - Processing /home/airflow/.local/lib/python3.7/site-packages/airflow/example_dags/example_branch_labels.py took 0.040 seconds
[2024-05-27T16:43:24.095+0000] {processor.py:156} INFO - Started process (PID=416) to work on /home/airflow/.local/lib/python3.7/site-packages/airflow/example_dags/example_branch_labels.py
[2024-05-27T16:43:24.096+0000] {processor.py:799} INFO - Processing file /home/airflow/.local/lib/python3.7/site-packages/airflow/example_dags/example_branch_labels.py for tasks to queue
[2024-05-27T16:43:24.096+0000] {logging_mixin.py:149} INFO - [2024-05-27T16:43:24.096+0000] {dagbag.py:541} INFO - Filling up the DagBag from /home/airflow/.local/lib/python3.7/site-packages/airflow/example_dags/example_branch_labels.py
[2024-05-27T16:43:24.100+0000] {processor.py:809} INFO - DAG(s) dict_keys(['example_branch_labels']) retrieved from /home/airflow/.local/lib/python3.7/site-packages/airflow/example_dags/example_branch_labels.py
[2024-05-27T16:43:24.114+0000] {logging_mixin.py:149} INFO - [2024-05-27T16:43:24.114+0000] {dag.py:2726} INFO - Sync 1 DAGs
[2024-05-27T16:43:24.126+0000] {logging_mixin.py:149} INFO - [2024-05-27T16:43:24.126+0000] {dag.py:3490} INFO - Setting next_dagrun for example_branch_labels to 2024-05-26T00:00:00+00:00, run_after=2024-05-27T00:00:00+00:00
[2024-05-27T16:43:24.134+0000] {processor.py:178} INFO - Processing /home/airflow/.local/lib/python3.7/site-packages/airflow/example_dags/example_branch_labels.py took 0.041 seconds
[2024-05-27T16:43:54.986+0000] {processor.py:156} INFO - Started process (PID=476) to work on /home/airflow/.local/lib/python3.7/site-packages/airflow/example_dags/example_branch_labels.py
[2024-05-27T16:43:54.986+0000] {processor.py:799} INFO - Processing file /home/airflow/.local/lib/python3.7/site-packages/airflow/example_dags/example_branch_labels.py for tasks to queue
[2024-05-27T16:43:54.987+0000] {logging_mixin.py:149} INFO - [2024-05-27T16:43:54.987+0000] {dagbag.py:541} INFO - Filling up the DagBag from /home/airflow/.local/lib/python3.7/site-packages/airflow/example_dags/example_branch_labels.py
[2024-05-27T16:43:54.991+0000] {processor.py:809} INFO - DAG(s) dict_keys(['example_branch_labels']) retrieved from /home/airflow/.local/lib/python3.7/site-packages/airflow/example_dags/example_branch_labels.py
[2024-05-27T16:43:55.003+0000] {logging_mixin.py:149} INFO - [2024-05-27T16:43:55.003+0000] {dag.py:2726} INFO - Sync 1 DAGs
[2024-05-27T16:43:55.016+0000] {logging_mixin.py:149} INFO - [2024-05-27T16:43:55.016+0000] {dag.py:3490} INFO - Setting next_dagrun for example_branch_labels to 2024-05-26T00:00:00+00:00, run_after=2024-05-27T00:00:00+00:00
[2024-05-27T16:43:55.024+0000] {processor.py:178} INFO - Processing /home/airflow/.local/lib/python3.7/site-packages/airflow/example_dags/example_branch_labels.py took 0.040 seconds
[2024-05-27T16:44:25.914+0000] {processor.py:156} INFO - Started process (PID=536) to work on /home/airflow/.local/lib/python3.7/site-packages/airflow/example_dags/example_branch_labels.py
[2024-05-27T16:44:25.915+0000] {processor.py:799} INFO - Processing file /home/airflow/.local/lib/python3.7/site-packages/airflow/example_dags/example_branch_labels.py for tasks to queue
[2024-05-27T16:44:25.915+0000] {logging_mixin.py:149} INFO - [2024-05-27T16:44:25.915+0000] {dagbag.py:541} INFO - Filling up the DagBag from /home/airflow/.local/lib/python3.7/site-packages/airflow/example_dags/example_branch_labels.py
[2024-05-27T16:44:25.921+0000] {processor.py:809} INFO - DAG(s) dict_keys(['example_branch_labels']) retrieved from /home/airflow/.local/lib/python3.7/site-packages/airflow/example_dags/example_branch_labels.py
[2024-05-27T16:44:25.935+0000] {logging_mixin.py:149} INFO - [2024-05-27T16:44:25.935+0000] {dag.py:2726} INFO - Sync 1 DAGs
[2024-05-27T16:44:25.947+0000] {logging_mixin.py:149} INFO - [2024-05-27T16:44:25.947+0000] {dag.py:3490} INFO - Setting next_dagrun for example_branch_labels to 2024-05-26T00:00:00+00:00, run_after=2024-05-27T00:00:00+00:00
[2024-05-27T16:44:25.954+0000] {processor.py:178} INFO - Processing /home/airflow/.local/lib/python3.7/site-packages/airflow/example_dags/example_branch_labels.py took 0.044 seconds
[2024-05-27T16:44:55.992+0000] {processor.py:156} INFO - Started process (PID=596) to work on /home/airflow/.local/lib/python3.7/site-packages/airflow/example_dags/example_branch_labels.py
[2024-05-27T16:44:55.993+0000] {processor.py:799} INFO - Processing file /home/airflow/.local/lib/python3.7/site-packages/airflow/example_dags/example_branch_labels.py for tasks to queue
[2024-05-27T16:44:55.993+0000] {logging_mixin.py:149} INFO - [2024-05-27T16:44:55.993+0000] {dagbag.py:541} INFO - Filling up the DagBag from /home/airflow/.local/lib/python3.7/site-packages/airflow/example_dags/example_branch_labels.py
[2024-05-27T16:44:55.997+0000] {processor.py:809} INFO - DAG(s) dict_keys(['example_branch_labels']) retrieved from /home/airflow/.local/lib/python3.7/site-packages/airflow/example_dags/example_branch_labels.py
[2024-05-27T16:44:56.010+0000] {logging_mixin.py:149} INFO - [2024-05-27T16:44:56.010+0000] {dag.py:2726} INFO - Sync 1 DAGs
[2024-05-27T16:44:56.022+0000] {logging_mixin.py:149} INFO - [2024-05-27T16:44:56.022+0000] {dag.py:3490} INFO - Setting next_dagrun for example_branch_labels to 2024-05-26T00:00:00+00:00, run_after=2024-05-27T00:00:00+00:00
[2024-05-27T16:44:56.029+0000] {processor.py:178} INFO - Processing /home/airflow/.local/lib/python3.7/site-packages/airflow/example_dags/example_branch_labels.py took 0.039 seconds
[2024-05-27T16:45:26.925+0000] {processor.py:156} INFO - Started process (PID=656) to work on /home/airflow/.local/lib/python3.7/site-packages/airflow/example_dags/example_branch_labels.py
[2024-05-27T16:45:26.925+0000] {processor.py:799} INFO - Processing file /home/airflow/.local/lib/python3.7/site-packages/airflow/example_dags/example_branch_labels.py for tasks to queue
[2024-05-27T16:45:26.926+0000] {logging_mixin.py:149} INFO - [2024-05-27T16:45:26.926+0000] {dagbag.py:541} INFO - Filling up the DagBag from /home/airflow/.local/lib/python3.7/site-packages/airflow/example_dags/example_branch_labels.py
[2024-05-27T16:45:26.931+0000] {processor.py:809} INFO - DAG(s) dict_keys(['example_branch_labels']) retrieved from /home/airflow/.local/lib/python3.7/site-packages/airflow/example_dags/example_branch_labels.py
[2024-05-27T16:45:26.944+0000] {logging_mixin.py:149} INFO - [2024-05-27T16:45:26.943+0000] {dag.py:2726} INFO - Sync 1 DAGs
[2024-05-27T16:45:26.956+0000] {logging_mixin.py:149} INFO - [2024-05-27T16:45:26.956+0000] {dag.py:3490} INFO - Setting next_dagrun for example_branch_labels to 2024-05-26T00:00:00+00:00, run_after=2024-05-27T00:00:00+00:00
[2024-05-27T16:45:26.964+0000] {processor.py:178} INFO - Processing /home/airflow/.local/lib/python3.7/site-packages/airflow/example_dags/example_branch_labels.py took 0.041 seconds
[2024-05-27T16:45:57.674+0000] {processor.py:156} INFO - Started process (PID=716) to work on /home/airflow/.local/lib/python3.7/site-packages/airflow/example_dags/example_branch_labels.py
[2024-05-27T16:45:57.674+0000] {processor.py:799} INFO - Processing file /home/airflow/.local/lib/python3.7/site-packages/airflow/example_dags/example_branch_labels.py for tasks to queue
[2024-05-27T16:45:57.675+0000] {logging_mixin.py:149} INFO - [2024-05-27T16:45:57.675+0000] {dagbag.py:541} INFO - Filling up the DagBag from /home/airflow/.local/lib/python3.7/site-packages/airflow/example_dags/example_branch_labels.py
[2024-05-27T16:45:57.679+0000] {processor.py:809} INFO - DAG(s) dict_keys(['example_branch_labels']) retrieved from /home/airflow/.local/lib/python3.7/site-packages/airflow/example_dags/example_branch_labels.py
[2024-05-27T16:45:57.693+0000] {logging_mixin.py:149} INFO - [2024-05-27T16:45:57.693+0000] {dag.py:2726} INFO - Sync 1 DAGs
[2024-05-27T16:45:57.706+0000] {logging_mixin.py:149} INFO - [2024-05-27T16:45:57.706+0000] {dag.py:3490} INFO - Setting next_dagrun for example_branch_labels to 2024-05-26T00:00:00+00:00, run_after=2024-05-27T00:00:00+00:00
[2024-05-27T16:45:57.718+0000] {processor.py:178} INFO - Processing /home/airflow/.local/lib/python3.7/site-packages/airflow/example_dags/example_branch_labels.py took 0.046 seconds
[2024-05-27T16:46:27.855+0000] {processor.py:156} INFO - Started process (PID=776) to work on /home/airflow/.local/lib/python3.7/site-packages/airflow/example_dags/example_branch_labels.py
[2024-05-27T16:46:27.856+0000] {processor.py:799} INFO - Processing file /home/airflow/.local/lib/python3.7/site-packages/airflow/example_dags/example_branch_labels.py for tasks to queue
[2024-05-27T16:46:27.856+0000] {logging_mixin.py:149} INFO - [2024-05-27T16:46:27.856+0000] {dagbag.py:541} INFO - Filling up the DagBag from /home/airflow/.local/lib/python3.7/site-packages/airflow/example_dags/example_branch_labels.py
[2024-05-27T16:46:27.861+0000] {processor.py:809} INFO - DAG(s) dict_keys(['example_branch_labels']) retrieved from /home/airflow/.local/lib/python3.7/site-packages/airflow/example_dags/example_branch_labels.py
[2024-05-27T16:46:27.875+0000] {logging_mixin.py:149} INFO - [2024-05-27T16:46:27.875+0000] {dag.py:2726} INFO - Sync 1 DAGs
[2024-05-27T16:46:27.888+0000] {logging_mixin.py:149} INFO - [2024-05-27T16:46:27.888+0000] {dag.py:3490} INFO - Setting next_dagrun for example_branch_labels to 2024-05-26T00:00:00+00:00, run_after=2024-05-27T00:00:00+00:00
[2024-05-27T16:46:27.897+0000] {processor.py:178} INFO - Processing /home/airflow/.local/lib/python3.7/site-packages/airflow/example_dags/example_branch_labels.py took 0.044 seconds
[2024-05-27T16:46:58.741+0000] {processor.py:156} INFO - Started process (PID=836) to work on /home/airflow/.local/lib/python3.7/site-packages/airflow/example_dags/example_branch_labels.py
[2024-05-27T16:46:58.742+0000] {processor.py:799} INFO - Processing file /home/airflow/.local/lib/python3.7/site-packages/airflow/example_dags/example_branch_labels.py for tasks to queue
[2024-05-27T16:46:58.742+0000] {logging_mixin.py:149} INFO - [2024-05-27T16:46:58.742+0000] {dagbag.py:541} INFO - Filling up the DagBag from /home/airflow/.local/lib/python3.7/site-packages/airflow/example_dags/example_branch_labels.py
[2024-05-27T16:46:58.747+0000] {processor.py:809} INFO - DAG(s) dict_keys(['example_branch_labels']) retrieved from /home/airflow/.local/lib/python3.7/site-packages/airflow/example_dags/example_branch_labels.py
[2024-05-27T16:46:58.762+0000] {logging_mixin.py:149} INFO - [2024-05-27T16:46:58.762+0000] {dag.py:2726} INFO - Sync 1 DAGs
[2024-05-27T16:46:58.774+0000] {logging_mixin.py:149} INFO - [2024-05-27T16:46:58.774+0000] {dag.py:3490} INFO - Setting next_dagrun for example_branch_labels to 2024-05-26T00:00:00+00:00, run_after=2024-05-27T00:00:00+00:00
[2024-05-27T16:46:58.783+0000] {processor.py:178} INFO - Processing /home/airflow/.local/lib/python3.7/site-packages/airflow/example_dags/example_branch_labels.py took 0.043 seconds
[2024-05-27T16:47:29.508+0000] {processor.py:156} INFO - Started process (PID=896) to work on /home/airflow/.local/lib/python3.7/site-packages/airflow/example_dags/example_branch_labels.py
[2024-05-27T16:47:29.509+0000] {processor.py:799} INFO - Processing file /home/airflow/.local/lib/python3.7/site-packages/airflow/example_dags/example_branch_labels.py for tasks to queue
[2024-05-27T16:47:29.509+0000] {logging_mixin.py:149} INFO - [2024-05-27T16:47:29.509+0000] {dagbag.py:541} INFO - Filling up the DagBag from /home/airflow/.local/lib/python3.7/site-packages/airflow/example_dags/example_branch_labels.py
[2024-05-27T16:47:29.514+0000] {processor.py:809} INFO - DAG(s) dict_keys(['example_branch_labels']) retrieved from /home/airflow/.local/lib/python3.7/site-packages/airflow/example_dags/example_branch_labels.py
[2024-05-27T16:47:29.527+0000] {logging_mixin.py:149} INFO - [2024-05-27T16:47:29.527+0000] {dag.py:2726} INFO - Sync 1 DAGs
[2024-05-27T16:47:29.543+0000] {logging_mixin.py:149} INFO - [2024-05-27T16:47:29.543+0000] {dag.py:3490} INFO - Setting next_dagrun for example_branch_labels to 2024-05-26T00:00:00+00:00, run_after=2024-05-27T00:00:00+00:00
[2024-05-27T16:47:29.552+0000] {processor.py:178} INFO - Processing /home/airflow/.local/lib/python3.7/site-packages/airflow/example_dags/example_branch_labels.py took 0.045 seconds
[2024-05-27T16:48:00.316+0000] {processor.py:156} INFO - Started process (PID=956) to work on /home/airflow/.local/lib/python3.7/site-packages/airflow/example_dags/example_branch_labels.py
[2024-05-27T16:48:00.316+0000] {processor.py:799} INFO - Processing file /home/airflow/.local/lib/python3.7/site-packages/airflow/example_dags/example_branch_labels.py for tasks to queue
[2024-05-27T16:48:00.317+0000] {logging_mixin.py:149} INFO - [2024-05-27T16:48:00.316+0000] {dagbag.py:541} INFO - Filling up the DagBag from /home/airflow/.local/lib/python3.7/site-packages/airflow/example_dags/example_branch_labels.py
[2024-05-27T16:48:00.321+0000] {processor.py:809} INFO - DAG(s) dict_keys(['example_branch_labels']) retrieved from /home/airflow/.local/lib/python3.7/site-packages/airflow/example_dags/example_branch_labels.py
[2024-05-27T16:48:00.334+0000] {logging_mixin.py:149} INFO - [2024-05-27T16:48:00.334+0000] {dag.py:2726} INFO - Sync 1 DAGs
[2024-05-27T16:48:00.345+0000] {logging_mixin.py:149} INFO - [2024-05-27T16:48:00.345+0000] {dag.py:3490} INFO - Setting next_dagrun for example_branch_labels to 2024-05-26T00:00:00+00:00, run_after=2024-05-27T00:00:00+00:00
[2024-05-27T16:48:00.353+0000] {processor.py:178} INFO - Processing /home/airflow/.local/lib/python3.7/site-packages/airflow/example_dags/example_branch_labels.py took 0.040 seconds
[2024-05-27T16:48:31.071+0000] {processor.py:156} INFO - Started process (PID=1016) to work on /home/airflow/.local/lib/python3.7/site-packages/airflow/example_dags/example_branch_labels.py
[2024-05-27T16:48:31.072+0000] {processor.py:799} INFO - Processing file /home/airflow/.local/lib/python3.7/site-packages/airflow/example_dags/example_branch_labels.py for tasks to queue
[2024-05-27T16:48:31.072+0000] {logging_mixin.py:149} INFO - [2024-05-27T16:48:31.072+0000] {dagbag.py:541} INFO - Filling up the DagBag from /home/airflow/.local/lib/python3.7/site-packages/airflow/example_dags/example_branch_labels.py
[2024-05-27T16:48:31.077+0000] {processor.py:809} INFO - DAG(s) dict_keys(['example_branch_labels']) retrieved from /home/airflow/.local/lib/python3.7/site-packages/airflow/example_dags/example_branch_labels.py
[2024-05-27T16:48:31.090+0000] {logging_mixin.py:149} INFO - [2024-05-27T16:48:31.090+0000] {dag.py:2726} INFO - Sync 1 DAGs
[2024-05-27T16:48:31.102+0000] {logging_mixin.py:149} INFO - [2024-05-27T16:48:31.102+0000] {dag.py:3490} INFO - Setting next_dagrun for example_branch_labels to 2024-05-26T00:00:00+00:00, run_after=2024-05-27T00:00:00+00:00
[2024-05-27T16:48:31.110+0000] {processor.py:178} INFO - Processing /home/airflow/.local/lib/python3.7/site-packages/airflow/example_dags/example_branch_labels.py took 0.040 seconds
[2024-05-27T16:49:01.770+0000] {processor.py:156} INFO - Started process (PID=1076) to work on /home/airflow/.local/lib/python3.7/site-packages/airflow/example_dags/example_branch_labels.py
[2024-05-27T16:49:01.771+0000] {processor.py:799} INFO - Processing file /home/airflow/.local/lib/python3.7/site-packages/airflow/example_dags/example_branch_labels.py for tasks to queue
[2024-05-27T16:49:01.771+0000] {logging_mixin.py:149} INFO - [2024-05-27T16:49:01.771+0000] {dagbag.py:541} INFO - Filling up the DagBag from /home/airflow/.local/lib/python3.7/site-packages/airflow/example_dags/example_branch_labels.py
[2024-05-27T16:49:01.775+0000] {processor.py:809} INFO - DAG(s) dict_keys(['example_branch_labels']) retrieved from /home/airflow/.local/lib/python3.7/site-packages/airflow/example_dags/example_branch_labels.py
[2024-05-27T16:49:01.788+0000] {logging_mixin.py:149} INFO - [2024-05-27T16:49:01.788+0000] {dag.py:2726} INFO - Sync 1 DAGs
[2024-05-27T16:49:01.801+0000] {logging_mixin.py:149} INFO - [2024-05-27T16:49:01.801+0000] {dag.py:3490} INFO - Setting next_dagrun for example_branch_labels to 2024-05-26T00:00:00+00:00, run_after=2024-05-27T00:00:00+00:00
[2024-05-27T16:49:01.809+0000] {processor.py:178} INFO - Processing /home/airflow/.local/lib/python3.7/site-packages/airflow/example_dags/example_branch_labels.py took 0.040 seconds
[2024-05-27T16:50:02.866+0000] {processor.py:156} INFO - Started process (PID=1136) to work on /home/airflow/.local/lib/python3.7/site-packages/airflow/example_dags/example_branch_labels.py
[2024-05-27T16:50:02.867+0000] {processor.py:799} INFO - Processing file /home/airflow/.local/lib/python3.7/site-packages/airflow/example_dags/example_branch_labels.py for tasks to queue
[2024-05-27T16:50:02.867+0000] {logging_mixin.py:149} INFO - [2024-05-27T16:50:02.867+0000] {dagbag.py:541} INFO - Filling up the DagBag from /home/airflow/.local/lib/python3.7/site-packages/airflow/example_dags/example_branch_labels.py
[2024-05-27T16:50:02.872+0000] {processor.py:809} INFO - DAG(s) dict_keys(['example_branch_labels']) retrieved from /home/airflow/.local/lib/python3.7/site-packages/airflow/example_dags/example_branch_labels.py
[2024-05-27T16:50:02.887+0000] {logging_mixin.py:149} INFO - [2024-05-27T16:50:02.887+0000] {dag.py:2726} INFO - Sync 1 DAGs
[2024-05-27T16:50:02.901+0000] {logging_mixin.py:149} INFO - [2024-05-27T16:50:02.901+0000] {dag.py:3490} INFO - Setting next_dagrun for example_branch_labels to 2024-05-26T00:00:00+00:00, run_after=2024-05-27T00:00:00+00:00
[2024-05-27T16:50:02.910+0000] {processor.py:178} INFO - Processing /home/airflow/.local/lib/python3.7/site-packages/airflow/example_dags/example_branch_labels.py took 0.046 seconds
[2024-05-27T16:50:33.070+0000] {processor.py:156} INFO - Started process (PID=1197) to work on /home/airflow/.local/lib/python3.7/site-packages/airflow/example_dags/example_branch_labels.py
[2024-05-27T16:50:33.071+0000] {processor.py:799} INFO - Processing file /home/airflow/.local/lib/python3.7/site-packages/airflow/example_dags/example_branch_labels.py for tasks to queue
[2024-05-27T16:50:33.071+0000] {logging_mixin.py:149} INFO - [2024-05-27T16:50:33.071+0000] {dagbag.py:541} INFO - Filling up the DagBag from /home/airflow/.local/lib/python3.7/site-packages/airflow/example_dags/example_branch_labels.py
[2024-05-27T16:50:33.076+0000] {processor.py:809} INFO - DAG(s) dict_keys(['example_branch_labels']) retrieved from /home/airflow/.local/lib/python3.7/site-packages/airflow/example_dags/example_branch_labels.py
[2024-05-27T16:50:33.089+0000] {logging_mixin.py:149} INFO - [2024-05-27T16:50:33.088+0000] {dag.py:2726} INFO - Sync 1 DAGs
[2024-05-27T16:50:33.101+0000] {logging_mixin.py:149} INFO - [2024-05-27T16:50:33.101+0000] {dag.py:3490} INFO - Setting next_dagrun for example_branch_labels to 2024-05-26T00:00:00+00:00, run_after=2024-05-27T00:00:00+00:00
[2024-05-27T16:50:33.108+0000] {processor.py:178} INFO - Processing /home/airflow/.local/lib/python3.7/site-packages/airflow/example_dags/example_branch_labels.py took 0.040 seconds
[2024-05-27T16:51:03.240+0000] {processor.py:156} INFO - Started process (PID=1258) to work on /home/airflow/.local/lib/python3.7/site-packages/airflow/example_dags/example_branch_labels.py
[2024-05-27T16:51:03.240+0000] {processor.py:799} INFO - Processing file /home/airflow/.local/lib/python3.7/site-packages/airflow/example_dags/example_branch_labels.py for tasks to queue
[2024-05-27T16:51:03.241+0000] {logging_mixin.py:149} INFO - [2024-05-27T16:51:03.241+0000] {dagbag.py:541} INFO - Filling up the DagBag from /home/airflow/.local/lib/python3.7/site-packages/airflow/example_dags/example_branch_labels.py
[2024-05-27T16:51:03.245+0000] {processor.py:809} INFO - DAG(s) dict_keys(['example_branch_labels']) retrieved from /home/airflow/.local/lib/python3.7/site-packages/airflow/example_dags/example_branch_labels.py
[2024-05-27T16:51:03.259+0000] {logging_mixin.py:149} INFO - [2024-05-27T16:51:03.259+0000] {dag.py:2726} INFO - Sync 1 DAGs
[2024-05-27T16:51:03.272+0000] {logging_mixin.py:149} INFO - [2024-05-27T16:51:03.271+0000] {dag.py:3490} INFO - Setting next_dagrun for example_branch_labels to 2024-05-26T00:00:00+00:00, run_after=2024-05-27T00:00:00+00:00
[2024-05-27T16:51:03.280+0000] {processor.py:178} INFO - Processing /home/airflow/.local/lib/python3.7/site-packages/airflow/example_dags/example_branch_labels.py took 0.042 seconds
[2024-05-27T16:51:34.396+0000] {processor.py:156} INFO - Started process (PID=1319) to work on /home/airflow/.local/lib/python3.7/site-packages/airflow/example_dags/example_branch_labels.py
[2024-05-27T16:51:34.397+0000] {processor.py:799} INFO - Processing file /home/airflow/.local/lib/python3.7/site-packages/airflow/example_dags/example_branch_labels.py for tasks to queue
[2024-05-27T16:51:34.398+0000] {logging_mixin.py:149} INFO - [2024-05-27T16:51:34.398+0000] {dagbag.py:541} INFO - Filling up the DagBag from /home/airflow/.local/lib/python3.7/site-packages/airflow/example_dags/example_branch_labels.py
[2024-05-27T16:51:34.403+0000] {processor.py:809} INFO - DAG(s) dict_keys(['example_branch_labels']) retrieved from /home/airflow/.local/lib/python3.7/site-packages/airflow/example_dags/example_branch_labels.py
[2024-05-27T16:51:34.420+0000] {logging_mixin.py:149} INFO - [2024-05-27T16:51:34.420+0000] {dag.py:2726} INFO - Sync 1 DAGs
[2024-05-27T16:51:34.436+0000] {logging_mixin.py:149} INFO - [2024-05-27T16:51:34.436+0000] {dag.py:3490} INFO - Setting next_dagrun for example_branch_labels to 2024-05-26T00:00:00+00:00, run_after=2024-05-27T00:00:00+00:00
[2024-05-27T16:51:34.444+0000] {processor.py:178} INFO - Processing /home/airflow/.local/lib/python3.7/site-packages/airflow/example_dags/example_branch_labels.py took 0.051 seconds
[2024-05-27T16:52:18.907+0000] {processor.py:156} INFO - Started process (PID=1407) to work on /home/airflow/.local/lib/python3.7/site-packages/airflow/example_dags/example_branch_labels.py
[2024-05-27T16:52:18.919+0000] {processor.py:799} INFO - Processing file /home/airflow/.local/lib/python3.7/site-packages/airflow/example_dags/example_branch_labels.py for tasks to queue
[2024-05-27T16:52:18.922+0000] {logging_mixin.py:149} INFO - [2024-05-27T16:52:18.922+0000] {dagbag.py:541} INFO - Filling up the DagBag from /home/airflow/.local/lib/python3.7/site-packages/airflow/example_dags/example_branch_labels.py
[2024-05-27T16:52:18.979+0000] {processor.py:809} INFO - DAG(s) dict_keys(['example_branch_labels']) retrieved from /home/airflow/.local/lib/python3.7/site-packages/airflow/example_dags/example_branch_labels.py
[2024-05-27T16:52:19.089+0000] {logging_mixin.py:149} INFO - [2024-05-27T16:52:19.089+0000] {dag.py:2726} INFO - Sync 1 DAGs
[2024-05-27T16:52:19.181+0000] {logging_mixin.py:149} INFO - [2024-05-27T16:52:19.181+0000] {dag.py:3490} INFO - Setting next_dagrun for example_branch_labels to 2024-05-26T00:00:00+00:00, run_after=2024-05-27T00:00:00+00:00
[2024-05-27T16:52:19.234+0000] {processor.py:178} INFO - Processing /home/airflow/.local/lib/python3.7/site-packages/airflow/example_dags/example_branch_labels.py took 0.334 seconds
