[2024-05-27T16:40:20.787+0000] {processor.py:156} INFO - Started process (PID=52) to work on /home/airflow/.local/lib/python3.7/site-packages/airflow/example_dags/example_subdag_operator.py
[2024-05-27T16:40:20.789+0000] {processor.py:799} INFO - Processing file /home/airflow/.local/lib/python3.7/site-packages/airflow/example_dags/example_subdag_operator.py for tasks to queue
[2024-05-27T16:40:20.790+0000] {logging_mixin.py:149} INFO - [2024-05-27T16:40:20.790+0000] {dagbag.py:541} INFO - Filling up the DagBag from /home/airflow/.local/lib/python3.7/site-packages/airflow/example_dags/example_subdag_operator.py
[2024-05-27T16:40:20.835+0000] {processor.py:809} INFO - DAG(s) dict_keys(['example_subdag_operator.section-1', 'example_subdag_operator.section-2', 'example_subdag_operator']) retrieved from /home/airflow/.local/lib/python3.7/site-packages/airflow/example_dags/example_subdag_operator.py
[2024-05-27T16:40:20.950+0000] {logging_mixin.py:149} INFO - [2024-05-27T16:40:20.950+0000] {manager.py:504} INFO - Created Permission View: can delete on DAG:example_subdag_operator
[2024-05-27T16:40:20.956+0000] {logging_mixin.py:149} INFO - [2024-05-27T16:40:20.956+0000] {manager.py:504} INFO - Created Permission View: can read on DAG:example_subdag_operator
[2024-05-27T16:40:20.964+0000] {logging_mixin.py:149} INFO - [2024-05-27T16:40:20.964+0000] {manager.py:504} INFO - Created Permission View: can edit on DAG:example_subdag_operator
[2024-05-27T16:40:20.964+0000] {logging_mixin.py:149} INFO - [2024-05-27T16:40:20.964+0000] {dag.py:2726} INFO - Sync 3 DAGs
[2024-05-27T16:40:20.975+0000] {logging_mixin.py:149} INFO - [2024-05-27T16:40:20.975+0000] {dag.py:2747} INFO - Creating ORM DAG for example_subdag_operator
[2024-05-27T16:40:20.976+0000] {logging_mixin.py:149} INFO - [2024-05-27T16:40:20.976+0000] {dag.py:2747} INFO - Creating ORM DAG for example_subdag_operator.section-1
[2024-05-27T16:40:20.977+0000] {logging_mixin.py:149} INFO - [2024-05-27T16:40:20.977+0000] {dag.py:2747} INFO - Creating ORM DAG for example_subdag_operator.section-2
[2024-05-27T16:40:20.990+0000] {logging_mixin.py:149} INFO - [2024-05-27T16:40:20.990+0000] {dag.py:3490} INFO - Setting next_dagrun for example_subdag_operator to 2022-01-01T00:00:00+00:00, run_after=2022-01-01T00:00:00+00:00
[2024-05-27T16:40:20.992+0000] {logging_mixin.py:149} INFO - [2024-05-27T16:40:20.992+0000] {dag.py:3490} INFO - Setting next_dagrun for example_subdag_operator.section-1 to None, run_after=None
[2024-05-27T16:40:20.992+0000] {logging_mixin.py:149} INFO - [2024-05-27T16:40:20.992+0000] {dag.py:3490} INFO - Setting next_dagrun for example_subdag_operator.section-2 to None, run_after=None
[2024-05-27T16:40:21.003+0000] {logging_mixin.py:149} INFO - [2024-05-27T16:40:21.003+0000] {dag.py:2726} INFO - Sync 2 DAGs
[2024-05-27T16:40:21.009+0000] {logging_mixin.py:149} INFO - [2024-05-27T16:40:21.009+0000] {dag.py:3490} INFO - Setting next_dagrun for example_subdag_operator.section-1 to None, run_after=None
[2024-05-27T16:40:21.012+0000] {logging_mixin.py:149} INFO - [2024-05-27T16:40:21.012+0000] {dag.py:3490} INFO - Setting next_dagrun for example_subdag_operator.section-2 to None, run_after=None
[2024-05-27T16:40:21.021+0000] {processor.py:178} INFO - Processing /home/airflow/.local/lib/python3.7/site-packages/airflow/example_dags/example_subdag_operator.py took 0.241 seconds
[2024-05-27T16:40:51.355+0000] {processor.py:156} INFO - Started process (PID=112) to work on /home/airflow/.local/lib/python3.7/site-packages/airflow/example_dags/example_subdag_operator.py
[2024-05-27T16:40:51.356+0000] {processor.py:799} INFO - Processing file /home/airflow/.local/lib/python3.7/site-packages/airflow/example_dags/example_subdag_operator.py for tasks to queue
[2024-05-27T16:40:51.357+0000] {logging_mixin.py:149} INFO - [2024-05-27T16:40:51.357+0000] {dagbag.py:541} INFO - Filling up the DagBag from /home/airflow/.local/lib/python3.7/site-packages/airflow/example_dags/example_subdag_operator.py
[2024-05-27T16:40:51.372+0000] {processor.py:809} INFO - DAG(s) dict_keys(['example_subdag_operator.section-1', 'example_subdag_operator.section-2', 'example_subdag_operator']) retrieved from /home/airflow/.local/lib/python3.7/site-packages/airflow/example_dags/example_subdag_operator.py
[2024-05-27T16:40:51.382+0000] {logging_mixin.py:149} INFO - [2024-05-27T16:40:51.382+0000] {dag.py:2726} INFO - Sync 3 DAGs
[2024-05-27T16:40:51.395+0000] {logging_mixin.py:149} INFO - [2024-05-27T16:40:51.395+0000] {dag.py:3490} INFO - Setting next_dagrun for example_subdag_operator to 2022-01-01T00:00:00+00:00, run_after=2022-01-01T00:00:00+00:00
[2024-05-27T16:40:51.398+0000] {logging_mixin.py:149} INFO - [2024-05-27T16:40:51.397+0000] {dag.py:3490} INFO - Setting next_dagrun for example_subdag_operator.section-1 to None, run_after=None
[2024-05-27T16:40:51.398+0000] {logging_mixin.py:149} INFO - [2024-05-27T16:40:51.398+0000] {dag.py:3490} INFO - Setting next_dagrun for example_subdag_operator.section-2 to None, run_after=None
[2024-05-27T16:40:51.402+0000] {logging_mixin.py:149} INFO - [2024-05-27T16:40:51.402+0000] {dag.py:2726} INFO - Sync 2 DAGs
[2024-05-27T16:40:51.405+0000] {logging_mixin.py:149} INFO - [2024-05-27T16:40:51.405+0000] {dag.py:3490} INFO - Setting next_dagrun for example_subdag_operator.section-1 to None, run_after=None
[2024-05-27T16:40:51.405+0000] {logging_mixin.py:149} INFO - [2024-05-27T16:40:51.405+0000] {dag.py:3490} INFO - Setting next_dagrun for example_subdag_operator.section-2 to None, run_after=None
[2024-05-27T16:40:51.410+0000] {processor.py:178} INFO - Processing /home/airflow/.local/lib/python3.7/site-packages/airflow/example_dags/example_subdag_operator.py took 0.057 seconds
[2024-05-27T16:41:21.655+0000] {processor.py:156} INFO - Started process (PID=172) to work on /home/airflow/.local/lib/python3.7/site-packages/airflow/example_dags/example_subdag_operator.py
[2024-05-27T16:41:21.656+0000] {processor.py:799} INFO - Processing file /home/airflow/.local/lib/python3.7/site-packages/airflow/example_dags/example_subdag_operator.py for tasks to queue
[2024-05-27T16:41:21.656+0000] {logging_mixin.py:149} INFO - [2024-05-27T16:41:21.656+0000] {dagbag.py:541} INFO - Filling up the DagBag from /home/airflow/.local/lib/python3.7/site-packages/airflow/example_dags/example_subdag_operator.py
[2024-05-27T16:41:21.670+0000] {processor.py:809} INFO - DAG(s) dict_keys(['example_subdag_operator.section-1', 'example_subdag_operator.section-2', 'example_subdag_operator']) retrieved from /home/airflow/.local/lib/python3.7/site-packages/airflow/example_dags/example_subdag_operator.py
[2024-05-27T16:41:21.679+0000] {logging_mixin.py:149} INFO - [2024-05-27T16:41:21.679+0000] {dag.py:2726} INFO - Sync 3 DAGs
[2024-05-27T16:41:21.692+0000] {logging_mixin.py:149} INFO - [2024-05-27T16:41:21.692+0000] {dag.py:3490} INFO - Setting next_dagrun for example_subdag_operator to 2022-01-01T00:00:00+00:00, run_after=2022-01-01T00:00:00+00:00
[2024-05-27T16:41:21.693+0000] {logging_mixin.py:149} INFO - [2024-05-27T16:41:21.693+0000] {dag.py:3490} INFO - Setting next_dagrun for example_subdag_operator.section-1 to None, run_after=None
[2024-05-27T16:41:21.694+0000] {logging_mixin.py:149} INFO - [2024-05-27T16:41:21.694+0000] {dag.py:3490} INFO - Setting next_dagrun for example_subdag_operator.section-2 to None, run_after=None
[2024-05-27T16:41:21.698+0000] {logging_mixin.py:149} INFO - [2024-05-27T16:41:21.698+0000] {dag.py:2726} INFO - Sync 2 DAGs
[2024-05-27T16:41:21.701+0000] {logging_mixin.py:149} INFO - [2024-05-27T16:41:21.701+0000] {dag.py:3490} INFO - Setting next_dagrun for example_subdag_operator.section-1 to None, run_after=None
[2024-05-27T16:41:21.701+0000] {logging_mixin.py:149} INFO - [2024-05-27T16:41:21.701+0000] {dag.py:3490} INFO - Setting next_dagrun for example_subdag_operator.section-2 to None, run_after=None
[2024-05-27T16:41:21.705+0000] {processor.py:178} INFO - Processing /home/airflow/.local/lib/python3.7/site-packages/airflow/example_dags/example_subdag_operator.py took 0.052 seconds
[2024-05-27T16:41:52.712+0000] {processor.py:156} INFO - Started process (PID=232) to work on /home/airflow/.local/lib/python3.7/site-packages/airflow/example_dags/example_subdag_operator.py
[2024-05-27T16:41:52.713+0000] {processor.py:799} INFO - Processing file /home/airflow/.local/lib/python3.7/site-packages/airflow/example_dags/example_subdag_operator.py for tasks to queue
[2024-05-27T16:41:52.714+0000] {logging_mixin.py:149} INFO - [2024-05-27T16:41:52.714+0000] {dagbag.py:541} INFO - Filling up the DagBag from /home/airflow/.local/lib/python3.7/site-packages/airflow/example_dags/example_subdag_operator.py
[2024-05-27T16:41:52.727+0000] {processor.py:809} INFO - DAG(s) dict_keys(['example_subdag_operator.section-1', 'example_subdag_operator.section-2', 'example_subdag_operator']) retrieved from /home/airflow/.local/lib/python3.7/site-packages/airflow/example_dags/example_subdag_operator.py
[2024-05-27T16:41:52.737+0000] {logging_mixin.py:149} INFO - [2024-05-27T16:41:52.737+0000] {dag.py:2726} INFO - Sync 3 DAGs
[2024-05-27T16:41:52.750+0000] {logging_mixin.py:149} INFO - [2024-05-27T16:41:52.750+0000] {dag.py:3490} INFO - Setting next_dagrun for example_subdag_operator to 2022-01-01T00:00:00+00:00, run_after=2022-01-01T00:00:00+00:00
[2024-05-27T16:41:52.752+0000] {logging_mixin.py:149} INFO - [2024-05-27T16:41:52.752+0000] {dag.py:3490} INFO - Setting next_dagrun for example_subdag_operator.section-1 to None, run_after=None
[2024-05-27T16:41:52.752+0000] {logging_mixin.py:149} INFO - [2024-05-27T16:41:52.752+0000] {dag.py:3490} INFO - Setting next_dagrun for example_subdag_operator.section-2 to None, run_after=None
[2024-05-27T16:41:52.756+0000] {logging_mixin.py:149} INFO - [2024-05-27T16:41:52.756+0000] {dag.py:2726} INFO - Sync 2 DAGs
[2024-05-27T16:41:52.759+0000] {logging_mixin.py:149} INFO - [2024-05-27T16:41:52.758+0000] {dag.py:3490} INFO - Setting next_dagrun for example_subdag_operator.section-1 to None, run_after=None
[2024-05-27T16:41:52.759+0000] {logging_mixin.py:149} INFO - [2024-05-27T16:41:52.759+0000] {dag.py:3490} INFO - Setting next_dagrun for example_subdag_operator.section-2 to None, run_after=None
[2024-05-27T16:41:52.764+0000] {processor.py:178} INFO - Processing /home/airflow/.local/lib/python3.7/site-packages/airflow/example_dags/example_subdag_operator.py took 0.054 seconds
[2024-05-27T16:42:22.982+0000] {processor.py:156} INFO - Started process (PID=292) to work on /home/airflow/.local/lib/python3.7/site-packages/airflow/example_dags/example_subdag_operator.py
[2024-05-27T16:42:22.982+0000] {processor.py:799} INFO - Processing file /home/airflow/.local/lib/python3.7/site-packages/airflow/example_dags/example_subdag_operator.py for tasks to queue
[2024-05-27T16:42:22.983+0000] {logging_mixin.py:149} INFO - [2024-05-27T16:42:22.983+0000] {dagbag.py:541} INFO - Filling up the DagBag from /home/airflow/.local/lib/python3.7/site-packages/airflow/example_dags/example_subdag_operator.py
[2024-05-27T16:42:22.997+0000] {processor.py:809} INFO - DAG(s) dict_keys(['example_subdag_operator.section-1', 'example_subdag_operator.section-2', 'example_subdag_operator']) retrieved from /home/airflow/.local/lib/python3.7/site-packages/airflow/example_dags/example_subdag_operator.py
[2024-05-27T16:42:23.006+0000] {logging_mixin.py:149} INFO - [2024-05-27T16:42:23.006+0000] {dag.py:2726} INFO - Sync 3 DAGs
[2024-05-27T16:42:23.019+0000] {logging_mixin.py:149} INFO - [2024-05-27T16:42:23.019+0000] {dag.py:3490} INFO - Setting next_dagrun for example_subdag_operator to 2022-01-01T00:00:00+00:00, run_after=2022-01-01T00:00:00+00:00
[2024-05-27T16:42:23.020+0000] {logging_mixin.py:149} INFO - [2024-05-27T16:42:23.020+0000] {dag.py:3490} INFO - Setting next_dagrun for example_subdag_operator.section-1 to None, run_after=None
[2024-05-27T16:42:23.021+0000] {logging_mixin.py:149} INFO - [2024-05-27T16:42:23.021+0000] {dag.py:3490} INFO - Setting next_dagrun for example_subdag_operator.section-2 to None, run_after=None
[2024-05-27T16:42:23.025+0000] {logging_mixin.py:149} INFO - [2024-05-27T16:42:23.025+0000] {dag.py:2726} INFO - Sync 2 DAGs
[2024-05-27T16:42:23.028+0000] {logging_mixin.py:149} INFO - [2024-05-27T16:42:23.028+0000] {dag.py:3490} INFO - Setting next_dagrun for example_subdag_operator.section-1 to None, run_after=None
[2024-05-27T16:42:23.028+0000] {logging_mixin.py:149} INFO - [2024-05-27T16:42:23.028+0000] {dag.py:3490} INFO - Setting next_dagrun for example_subdag_operator.section-2 to None, run_after=None
[2024-05-27T16:42:23.033+0000] {processor.py:178} INFO - Processing /home/airflow/.local/lib/python3.7/site-packages/airflow/example_dags/example_subdag_operator.py took 0.054 seconds
[2024-05-27T16:42:53.125+0000] {processor.py:156} INFO - Started process (PID=352) to work on /home/airflow/.local/lib/python3.7/site-packages/airflow/example_dags/example_subdag_operator.py
[2024-05-27T16:42:53.126+0000] {processor.py:799} INFO - Processing file /home/airflow/.local/lib/python3.7/site-packages/airflow/example_dags/example_subdag_operator.py for tasks to queue
[2024-05-27T16:42:53.126+0000] {logging_mixin.py:149} INFO - [2024-05-27T16:42:53.126+0000] {dagbag.py:541} INFO - Filling up the DagBag from /home/airflow/.local/lib/python3.7/site-packages/airflow/example_dags/example_subdag_operator.py
[2024-05-27T16:42:53.140+0000] {processor.py:809} INFO - DAG(s) dict_keys(['example_subdag_operator.section-1', 'example_subdag_operator.section-2', 'example_subdag_operator']) retrieved from /home/airflow/.local/lib/python3.7/site-packages/airflow/example_dags/example_subdag_operator.py
[2024-05-27T16:42:53.150+0000] {logging_mixin.py:149} INFO - [2024-05-27T16:42:53.150+0000] {dag.py:2726} INFO - Sync 3 DAGs
[2024-05-27T16:42:53.163+0000] {logging_mixin.py:149} INFO - [2024-05-27T16:42:53.163+0000] {dag.py:3490} INFO - Setting next_dagrun for example_subdag_operator to 2022-01-01T00:00:00+00:00, run_after=2022-01-01T00:00:00+00:00
[2024-05-27T16:42:53.164+0000] {logging_mixin.py:149} INFO - [2024-05-27T16:42:53.164+0000] {dag.py:3490} INFO - Setting next_dagrun for example_subdag_operator.section-1 to None, run_after=None
[2024-05-27T16:42:53.165+0000] {logging_mixin.py:149} INFO - [2024-05-27T16:42:53.165+0000] {dag.py:3490} INFO - Setting next_dagrun for example_subdag_operator.section-2 to None, run_after=None
[2024-05-27T16:42:53.168+0000] {logging_mixin.py:149} INFO - [2024-05-27T16:42:53.168+0000] {dag.py:2726} INFO - Sync 2 DAGs
[2024-05-27T16:42:53.171+0000] {logging_mixin.py:149} INFO - [2024-05-27T16:42:53.171+0000] {dag.py:3490} INFO - Setting next_dagrun for example_subdag_operator.section-1 to None, run_after=None
[2024-05-27T16:42:53.171+0000] {logging_mixin.py:149} INFO - [2024-05-27T16:42:53.171+0000] {dag.py:3490} INFO - Setting next_dagrun for example_subdag_operator.section-2 to None, run_after=None
[2024-05-27T16:42:53.175+0000] {processor.py:178} INFO - Processing /home/airflow/.local/lib/python3.7/site-packages/airflow/example_dags/example_subdag_operator.py took 0.052 seconds
[2024-05-27T16:43:24.020+0000] {processor.py:156} INFO - Started process (PID=412) to work on /home/airflow/.local/lib/python3.7/site-packages/airflow/example_dags/example_subdag_operator.py
[2024-05-27T16:43:24.020+0000] {processor.py:799} INFO - Processing file /home/airflow/.local/lib/python3.7/site-packages/airflow/example_dags/example_subdag_operator.py for tasks to queue
[2024-05-27T16:43:24.020+0000] {logging_mixin.py:149} INFO - [2024-05-27T16:43:24.020+0000] {dagbag.py:541} INFO - Filling up the DagBag from /home/airflow/.local/lib/python3.7/site-packages/airflow/example_dags/example_subdag_operator.py
[2024-05-27T16:43:24.034+0000] {processor.py:809} INFO - DAG(s) dict_keys(['example_subdag_operator.section-1', 'example_subdag_operator.section-2', 'example_subdag_operator']) retrieved from /home/airflow/.local/lib/python3.7/site-packages/airflow/example_dags/example_subdag_operator.py
[2024-05-27T16:43:24.044+0000] {logging_mixin.py:149} INFO - [2024-05-27T16:43:24.044+0000] {dag.py:2726} INFO - Sync 3 DAGs
[2024-05-27T16:43:24.056+0000] {logging_mixin.py:149} INFO - [2024-05-27T16:43:24.056+0000] {dag.py:3490} INFO - Setting next_dagrun for example_subdag_operator to 2022-01-01T00:00:00+00:00, run_after=2022-01-01T00:00:00+00:00
[2024-05-27T16:43:24.058+0000] {logging_mixin.py:149} INFO - [2024-05-27T16:43:24.058+0000] {dag.py:3490} INFO - Setting next_dagrun for example_subdag_operator.section-1 to None, run_after=None
[2024-05-27T16:43:24.059+0000] {logging_mixin.py:149} INFO - [2024-05-27T16:43:24.059+0000] {dag.py:3490} INFO - Setting next_dagrun for example_subdag_operator.section-2 to None, run_after=None
[2024-05-27T16:43:24.063+0000] {logging_mixin.py:149} INFO - [2024-05-27T16:43:24.063+0000] {dag.py:2726} INFO - Sync 2 DAGs
[2024-05-27T16:43:24.065+0000] {logging_mixin.py:149} INFO - [2024-05-27T16:43:24.065+0000] {dag.py:3490} INFO - Setting next_dagrun for example_subdag_operator.section-1 to None, run_after=None
[2024-05-27T16:43:24.065+0000] {logging_mixin.py:149} INFO - [2024-05-27T16:43:24.065+0000] {dag.py:3490} INFO - Setting next_dagrun for example_subdag_operator.section-2 to None, run_after=None
[2024-05-27T16:43:24.070+0000] {processor.py:178} INFO - Processing /home/airflow/.local/lib/python3.7/site-packages/airflow/example_dags/example_subdag_operator.py took 0.052 seconds
[2024-05-27T16:43:54.874+0000] {processor.py:156} INFO - Started process (PID=472) to work on /home/airflow/.local/lib/python3.7/site-packages/airflow/example_dags/example_subdag_operator.py
[2024-05-27T16:43:54.875+0000] {processor.py:799} INFO - Processing file /home/airflow/.local/lib/python3.7/site-packages/airflow/example_dags/example_subdag_operator.py for tasks to queue
[2024-05-27T16:43:54.875+0000] {logging_mixin.py:149} INFO - [2024-05-27T16:43:54.875+0000] {dagbag.py:541} INFO - Filling up the DagBag from /home/airflow/.local/lib/python3.7/site-packages/airflow/example_dags/example_subdag_operator.py
[2024-05-27T16:43:54.888+0000] {processor.py:809} INFO - DAG(s) dict_keys(['example_subdag_operator.section-1', 'example_subdag_operator.section-2', 'example_subdag_operator']) retrieved from /home/airflow/.local/lib/python3.7/site-packages/airflow/example_dags/example_subdag_operator.py
[2024-05-27T16:43:54.898+0000] {logging_mixin.py:149} INFO - [2024-05-27T16:43:54.898+0000] {dag.py:2726} INFO - Sync 3 DAGs
[2024-05-27T16:43:54.910+0000] {logging_mixin.py:149} INFO - [2024-05-27T16:43:54.910+0000] {dag.py:3490} INFO - Setting next_dagrun for example_subdag_operator to 2022-01-01T00:00:00+00:00, run_after=2022-01-01T00:00:00+00:00
[2024-05-27T16:43:54.911+0000] {logging_mixin.py:149} INFO - [2024-05-27T16:43:54.911+0000] {dag.py:3490} INFO - Setting next_dagrun for example_subdag_operator.section-1 to None, run_after=None
[2024-05-27T16:43:54.912+0000] {logging_mixin.py:149} INFO - [2024-05-27T16:43:54.912+0000] {dag.py:3490} INFO - Setting next_dagrun for example_subdag_operator.section-2 to None, run_after=None
[2024-05-27T16:43:54.915+0000] {logging_mixin.py:149} INFO - [2024-05-27T16:43:54.915+0000] {dag.py:2726} INFO - Sync 2 DAGs
[2024-05-27T16:43:54.918+0000] {logging_mixin.py:149} INFO - [2024-05-27T16:43:54.918+0000] {dag.py:3490} INFO - Setting next_dagrun for example_subdag_operator.section-1 to None, run_after=None
[2024-05-27T16:43:54.918+0000] {logging_mixin.py:149} INFO - [2024-05-27T16:43:54.918+0000] {dag.py:3490} INFO - Setting next_dagrun for example_subdag_operator.section-2 to None, run_after=None
[2024-05-27T16:43:54.922+0000] {processor.py:178} INFO - Processing /home/airflow/.local/lib/python3.7/site-packages/airflow/example_dags/example_subdag_operator.py took 0.050 seconds
[2024-05-27T16:44:25.703+0000] {processor.py:156} INFO - Started process (PID=532) to work on /home/airflow/.local/lib/python3.7/site-packages/airflow/example_dags/example_subdag_operator.py
[2024-05-27T16:44:25.704+0000] {processor.py:799} INFO - Processing file /home/airflow/.local/lib/python3.7/site-packages/airflow/example_dags/example_subdag_operator.py for tasks to queue
[2024-05-27T16:44:25.704+0000] {logging_mixin.py:149} INFO - [2024-05-27T16:44:25.704+0000] {dagbag.py:541} INFO - Filling up the DagBag from /home/airflow/.local/lib/python3.7/site-packages/airflow/example_dags/example_subdag_operator.py
[2024-05-27T16:44:25.717+0000] {processor.py:809} INFO - DAG(s) dict_keys(['example_subdag_operator.section-1', 'example_subdag_operator.section-2', 'example_subdag_operator']) retrieved from /home/airflow/.local/lib/python3.7/site-packages/airflow/example_dags/example_subdag_operator.py
[2024-05-27T16:44:25.729+0000] {logging_mixin.py:149} INFO - [2024-05-27T16:44:25.729+0000] {dag.py:2726} INFO - Sync 3 DAGs
[2024-05-27T16:44:25.744+0000] {logging_mixin.py:149} INFO - [2024-05-27T16:44:25.744+0000] {dag.py:3490} INFO - Setting next_dagrun for example_subdag_operator to 2022-01-01T00:00:00+00:00, run_after=2022-01-01T00:00:00+00:00
[2024-05-27T16:44:25.746+0000] {logging_mixin.py:149} INFO - [2024-05-27T16:44:25.746+0000] {dag.py:3490} INFO - Setting next_dagrun for example_subdag_operator.section-1 to None, run_after=None
[2024-05-27T16:44:25.747+0000] {logging_mixin.py:149} INFO - [2024-05-27T16:44:25.747+0000] {dag.py:3490} INFO - Setting next_dagrun for example_subdag_operator.section-2 to None, run_after=None
[2024-05-27T16:44:25.750+0000] {logging_mixin.py:149} INFO - [2024-05-27T16:44:25.750+0000] {dag.py:2726} INFO - Sync 2 DAGs
[2024-05-27T16:44:25.753+0000] {logging_mixin.py:149} INFO - [2024-05-27T16:44:25.753+0000] {dag.py:3490} INFO - Setting next_dagrun for example_subdag_operator.section-1 to None, run_after=None
[2024-05-27T16:44:25.753+0000] {logging_mixin.py:149} INFO - [2024-05-27T16:44:25.753+0000] {dag.py:3490} INFO - Setting next_dagrun for example_subdag_operator.section-2 to None, run_after=None
[2024-05-27T16:44:25.758+0000] {processor.py:178} INFO - Processing /home/airflow/.local/lib/python3.7/site-packages/airflow/example_dags/example_subdag_operator.py took 0.057 seconds
[2024-05-27T16:44:55.861+0000] {processor.py:156} INFO - Started process (PID=592) to work on /home/airflow/.local/lib/python3.7/site-packages/airflow/example_dags/example_subdag_operator.py
[2024-05-27T16:44:55.862+0000] {processor.py:799} INFO - Processing file /home/airflow/.local/lib/python3.7/site-packages/airflow/example_dags/example_subdag_operator.py for tasks to queue
[2024-05-27T16:44:55.862+0000] {logging_mixin.py:149} INFO - [2024-05-27T16:44:55.862+0000] {dagbag.py:541} INFO - Filling up the DagBag from /home/airflow/.local/lib/python3.7/site-packages/airflow/example_dags/example_subdag_operator.py
[2024-05-27T16:44:55.876+0000] {processor.py:809} INFO - DAG(s) dict_keys(['example_subdag_operator.section-1', 'example_subdag_operator.section-2', 'example_subdag_operator']) retrieved from /home/airflow/.local/lib/python3.7/site-packages/airflow/example_dags/example_subdag_operator.py
[2024-05-27T16:44:55.885+0000] {logging_mixin.py:149} INFO - [2024-05-27T16:44:55.885+0000] {dag.py:2726} INFO - Sync 3 DAGs
[2024-05-27T16:44:55.898+0000] {logging_mixin.py:149} INFO - [2024-05-27T16:44:55.898+0000] {dag.py:3490} INFO - Setting next_dagrun for example_subdag_operator to 2022-01-01T00:00:00+00:00, run_after=2022-01-01T00:00:00+00:00
[2024-05-27T16:44:55.899+0000] {logging_mixin.py:149} INFO - [2024-05-27T16:44:55.899+0000] {dag.py:3490} INFO - Setting next_dagrun for example_subdag_operator.section-1 to None, run_after=None
[2024-05-27T16:44:55.900+0000] {logging_mixin.py:149} INFO - [2024-05-27T16:44:55.900+0000] {dag.py:3490} INFO - Setting next_dagrun for example_subdag_operator.section-2 to None, run_after=None
[2024-05-27T16:44:55.903+0000] {logging_mixin.py:149} INFO - [2024-05-27T16:44:55.903+0000] {dag.py:2726} INFO - Sync 2 DAGs
[2024-05-27T16:44:55.906+0000] {logging_mixin.py:149} INFO - [2024-05-27T16:44:55.906+0000] {dag.py:3490} INFO - Setting next_dagrun for example_subdag_operator.section-1 to None, run_after=None
[2024-05-27T16:44:55.906+0000] {logging_mixin.py:149} INFO - [2024-05-27T16:44:55.906+0000] {dag.py:3490} INFO - Setting next_dagrun for example_subdag_operator.section-2 to None, run_after=None
[2024-05-27T16:44:55.911+0000] {processor.py:178} INFO - Processing /home/airflow/.local/lib/python3.7/site-packages/airflow/example_dags/example_subdag_operator.py took 0.052 seconds
[2024-05-27T16:45:26.813+0000] {processor.py:156} INFO - Started process (PID=652) to work on /home/airflow/.local/lib/python3.7/site-packages/airflow/example_dags/example_subdag_operator.py
[2024-05-27T16:45:26.814+0000] {processor.py:799} INFO - Processing file /home/airflow/.local/lib/python3.7/site-packages/airflow/example_dags/example_subdag_operator.py for tasks to queue
[2024-05-27T16:45:26.814+0000] {logging_mixin.py:149} INFO - [2024-05-27T16:45:26.814+0000] {dagbag.py:541} INFO - Filling up the DagBag from /home/airflow/.local/lib/python3.7/site-packages/airflow/example_dags/example_subdag_operator.py
[2024-05-27T16:45:26.828+0000] {processor.py:809} INFO - DAG(s) dict_keys(['example_subdag_operator.section-1', 'example_subdag_operator.section-2', 'example_subdag_operator']) retrieved from /home/airflow/.local/lib/python3.7/site-packages/airflow/example_dags/example_subdag_operator.py
[2024-05-27T16:45:26.840+0000] {logging_mixin.py:149} INFO - [2024-05-27T16:45:26.839+0000] {dag.py:2726} INFO - Sync 3 DAGs
[2024-05-27T16:45:26.852+0000] {logging_mixin.py:149} INFO - [2024-05-27T16:45:26.852+0000] {dag.py:3490} INFO - Setting next_dagrun for example_subdag_operator to 2022-01-01T00:00:00+00:00, run_after=2022-01-01T00:00:00+00:00
[2024-05-27T16:45:26.854+0000] {logging_mixin.py:149} INFO - [2024-05-27T16:45:26.854+0000] {dag.py:3490} INFO - Setting next_dagrun for example_subdag_operator.section-1 to None, run_after=None
[2024-05-27T16:45:26.854+0000] {logging_mixin.py:149} INFO - [2024-05-27T16:45:26.854+0000] {dag.py:3490} INFO - Setting next_dagrun for example_subdag_operator.section-2 to None, run_after=None
[2024-05-27T16:45:26.858+0000] {logging_mixin.py:149} INFO - [2024-05-27T16:45:26.858+0000] {dag.py:2726} INFO - Sync 2 DAGs
[2024-05-27T16:45:26.861+0000] {logging_mixin.py:149} INFO - [2024-05-27T16:45:26.861+0000] {dag.py:3490} INFO - Setting next_dagrun for example_subdag_operator.section-1 to None, run_after=None
[2024-05-27T16:45:26.861+0000] {logging_mixin.py:149} INFO - [2024-05-27T16:45:26.861+0000] {dag.py:3490} INFO - Setting next_dagrun for example_subdag_operator.section-2 to None, run_after=None
[2024-05-27T16:45:26.866+0000] {processor.py:178} INFO - Processing /home/airflow/.local/lib/python3.7/site-packages/airflow/example_dags/example_subdag_operator.py took 0.054 seconds
[2024-05-27T16:45:57.596+0000] {processor.py:156} INFO - Started process (PID=712) to work on /home/airflow/.local/lib/python3.7/site-packages/airflow/example_dags/example_subdag_operator.py
[2024-05-27T16:45:57.597+0000] {processor.py:799} INFO - Processing file /home/airflow/.local/lib/python3.7/site-packages/airflow/example_dags/example_subdag_operator.py for tasks to queue
[2024-05-27T16:45:57.597+0000] {logging_mixin.py:149} INFO - [2024-05-27T16:45:57.597+0000] {dagbag.py:541} INFO - Filling up the DagBag from /home/airflow/.local/lib/python3.7/site-packages/airflow/example_dags/example_subdag_operator.py
[2024-05-27T16:45:57.611+0000] {processor.py:809} INFO - DAG(s) dict_keys(['example_subdag_operator.section-1', 'example_subdag_operator.section-2', 'example_subdag_operator']) retrieved from /home/airflow/.local/lib/python3.7/site-packages/airflow/example_dags/example_subdag_operator.py
[2024-05-27T16:45:57.621+0000] {logging_mixin.py:149} INFO - [2024-05-27T16:45:57.621+0000] {dag.py:2726} INFO - Sync 3 DAGs
[2024-05-27T16:45:57.634+0000] {logging_mixin.py:149} INFO - [2024-05-27T16:45:57.634+0000] {dag.py:3490} INFO - Setting next_dagrun for example_subdag_operator to 2022-01-01T00:00:00+00:00, run_after=2022-01-01T00:00:00+00:00
[2024-05-27T16:45:57.636+0000] {logging_mixin.py:149} INFO - [2024-05-27T16:45:57.636+0000] {dag.py:3490} INFO - Setting next_dagrun for example_subdag_operator.section-1 to None, run_after=None
[2024-05-27T16:45:57.636+0000] {logging_mixin.py:149} INFO - [2024-05-27T16:45:57.636+0000] {dag.py:3490} INFO - Setting next_dagrun for example_subdag_operator.section-2 to None, run_after=None
[2024-05-27T16:45:57.640+0000] {logging_mixin.py:149} INFO - [2024-05-27T16:45:57.640+0000] {dag.py:2726} INFO - Sync 2 DAGs
[2024-05-27T16:45:57.642+0000] {logging_mixin.py:149} INFO - [2024-05-27T16:45:57.642+0000] {dag.py:3490} INFO - Setting next_dagrun for example_subdag_operator.section-1 to None, run_after=None
[2024-05-27T16:45:57.643+0000] {logging_mixin.py:149} INFO - [2024-05-27T16:45:57.643+0000] {dag.py:3490} INFO - Setting next_dagrun for example_subdag_operator.section-2 to None, run_after=None
[2024-05-27T16:45:57.647+0000] {processor.py:178} INFO - Processing /home/airflow/.local/lib/python3.7/site-packages/airflow/example_dags/example_subdag_operator.py took 0.053 seconds
[2024-05-27T16:46:27.766+0000] {processor.py:156} INFO - Started process (PID=773) to work on /home/airflow/.local/lib/python3.7/site-packages/airflow/example_dags/example_subdag_operator.py
[2024-05-27T16:46:27.766+0000] {processor.py:799} INFO - Processing file /home/airflow/.local/lib/python3.7/site-packages/airflow/example_dags/example_subdag_operator.py for tasks to queue
[2024-05-27T16:46:27.767+0000] {logging_mixin.py:149} INFO - [2024-05-27T16:46:27.767+0000] {dagbag.py:541} INFO - Filling up the DagBag from /home/airflow/.local/lib/python3.7/site-packages/airflow/example_dags/example_subdag_operator.py
[2024-05-27T16:46:27.783+0000] {processor.py:809} INFO - DAG(s) dict_keys(['example_subdag_operator.section-1', 'example_subdag_operator.section-2', 'example_subdag_operator']) retrieved from /home/airflow/.local/lib/python3.7/site-packages/airflow/example_dags/example_subdag_operator.py
[2024-05-27T16:46:27.794+0000] {logging_mixin.py:149} INFO - [2024-05-27T16:46:27.794+0000] {dag.py:2726} INFO - Sync 3 DAGs
[2024-05-27T16:46:27.809+0000] {logging_mixin.py:149} INFO - [2024-05-27T16:46:27.808+0000] {dag.py:3490} INFO - Setting next_dagrun for example_subdag_operator to 2022-01-01T00:00:00+00:00, run_after=2022-01-01T00:00:00+00:00
[2024-05-27T16:46:27.811+0000] {logging_mixin.py:149} INFO - [2024-05-27T16:46:27.810+0000] {dag.py:3490} INFO - Setting next_dagrun for example_subdag_operator.section-1 to None, run_after=None
[2024-05-27T16:46:27.811+0000] {logging_mixin.py:149} INFO - [2024-05-27T16:46:27.811+0000] {dag.py:3490} INFO - Setting next_dagrun for example_subdag_operator.section-2 to None, run_after=None
[2024-05-27T16:46:27.815+0000] {logging_mixin.py:149} INFO - [2024-05-27T16:46:27.815+0000] {dag.py:2726} INFO - Sync 2 DAGs
[2024-05-27T16:46:27.818+0000] {logging_mixin.py:149} INFO - [2024-05-27T16:46:27.817+0000] {dag.py:3490} INFO - Setting next_dagrun for example_subdag_operator.section-1 to None, run_after=None
[2024-05-27T16:46:27.818+0000] {logging_mixin.py:149} INFO - [2024-05-27T16:46:27.818+0000] {dag.py:3490} INFO - Setting next_dagrun for example_subdag_operator.section-2 to None, run_after=None
[2024-05-27T16:46:27.823+0000] {processor.py:178} INFO - Processing /home/airflow/.local/lib/python3.7/site-packages/airflow/example_dags/example_subdag_operator.py took 0.060 seconds
[2024-05-27T16:46:58.616+0000] {processor.py:156} INFO - Started process (PID=832) to work on /home/airflow/.local/lib/python3.7/site-packages/airflow/example_dags/example_subdag_operator.py
[2024-05-27T16:46:58.616+0000] {processor.py:799} INFO - Processing file /home/airflow/.local/lib/python3.7/site-packages/airflow/example_dags/example_subdag_operator.py for tasks to queue
[2024-05-27T16:46:58.617+0000] {logging_mixin.py:149} INFO - [2024-05-27T16:46:58.617+0000] {dagbag.py:541} INFO - Filling up the DagBag from /home/airflow/.local/lib/python3.7/site-packages/airflow/example_dags/example_subdag_operator.py
[2024-05-27T16:46:58.630+0000] {processor.py:809} INFO - DAG(s) dict_keys(['example_subdag_operator.section-1', 'example_subdag_operator.section-2', 'example_subdag_operator']) retrieved from /home/airflow/.local/lib/python3.7/site-packages/airflow/example_dags/example_subdag_operator.py
[2024-05-27T16:46:58.640+0000] {logging_mixin.py:149} INFO - [2024-05-27T16:46:58.640+0000] {dag.py:2726} INFO - Sync 3 DAGs
[2024-05-27T16:46:58.653+0000] {logging_mixin.py:149} INFO - [2024-05-27T16:46:58.653+0000] {dag.py:3490} INFO - Setting next_dagrun for example_subdag_operator to 2022-01-01T00:00:00+00:00, run_after=2022-01-01T00:00:00+00:00
[2024-05-27T16:46:58.655+0000] {logging_mixin.py:149} INFO - [2024-05-27T16:46:58.655+0000] {dag.py:3490} INFO - Setting next_dagrun for example_subdag_operator.section-1 to None, run_after=None
[2024-05-27T16:46:58.656+0000] {logging_mixin.py:149} INFO - [2024-05-27T16:46:58.656+0000] {dag.py:3490} INFO - Setting next_dagrun for example_subdag_operator.section-2 to None, run_after=None
[2024-05-27T16:46:58.660+0000] {logging_mixin.py:149} INFO - [2024-05-27T16:46:58.660+0000] {dag.py:2726} INFO - Sync 2 DAGs
[2024-05-27T16:46:58.662+0000] {logging_mixin.py:149} INFO - [2024-05-27T16:46:58.662+0000] {dag.py:3490} INFO - Setting next_dagrun for example_subdag_operator.section-1 to None, run_after=None
[2024-05-27T16:46:58.663+0000] {logging_mixin.py:149} INFO - [2024-05-27T16:46:58.663+0000] {dag.py:3490} INFO - Setting next_dagrun for example_subdag_operator.section-2 to None, run_after=None
[2024-05-27T16:46:58.669+0000] {processor.py:178} INFO - Processing /home/airflow/.local/lib/python3.7/site-packages/airflow/example_dags/example_subdag_operator.py took 0.056 seconds
[2024-05-27T16:47:29.399+0000] {processor.py:156} INFO - Started process (PID=892) to work on /home/airflow/.local/lib/python3.7/site-packages/airflow/example_dags/example_subdag_operator.py
[2024-05-27T16:47:29.399+0000] {processor.py:799} INFO - Processing file /home/airflow/.local/lib/python3.7/site-packages/airflow/example_dags/example_subdag_operator.py for tasks to queue
[2024-05-27T16:47:29.400+0000] {logging_mixin.py:149} INFO - [2024-05-27T16:47:29.400+0000] {dagbag.py:541} INFO - Filling up the DagBag from /home/airflow/.local/lib/python3.7/site-packages/airflow/example_dags/example_subdag_operator.py
[2024-05-27T16:47:29.412+0000] {processor.py:809} INFO - DAG(s) dict_keys(['example_subdag_operator.section-1', 'example_subdag_operator.section-2', 'example_subdag_operator']) retrieved from /home/airflow/.local/lib/python3.7/site-packages/airflow/example_dags/example_subdag_operator.py
[2024-05-27T16:47:29.422+0000] {logging_mixin.py:149} INFO - [2024-05-27T16:47:29.422+0000] {dag.py:2726} INFO - Sync 3 DAGs
[2024-05-27T16:47:29.434+0000] {logging_mixin.py:149} INFO - [2024-05-27T16:47:29.434+0000] {dag.py:3490} INFO - Setting next_dagrun for example_subdag_operator to 2022-01-01T00:00:00+00:00, run_after=2022-01-01T00:00:00+00:00
[2024-05-27T16:47:29.435+0000] {logging_mixin.py:149} INFO - [2024-05-27T16:47:29.435+0000] {dag.py:3490} INFO - Setting next_dagrun for example_subdag_operator.section-1 to None, run_after=None
[2024-05-27T16:47:29.436+0000] {logging_mixin.py:149} INFO - [2024-05-27T16:47:29.436+0000] {dag.py:3490} INFO - Setting next_dagrun for example_subdag_operator.section-2 to None, run_after=None
[2024-05-27T16:47:29.439+0000] {logging_mixin.py:149} INFO - [2024-05-27T16:47:29.439+0000] {dag.py:2726} INFO - Sync 2 DAGs
[2024-05-27T16:47:29.442+0000] {logging_mixin.py:149} INFO - [2024-05-27T16:47:29.442+0000] {dag.py:3490} INFO - Setting next_dagrun for example_subdag_operator.section-1 to None, run_after=None
[2024-05-27T16:47:29.442+0000] {logging_mixin.py:149} INFO - [2024-05-27T16:47:29.442+0000] {dag.py:3490} INFO - Setting next_dagrun for example_subdag_operator.section-2 to None, run_after=None
[2024-05-27T16:47:29.447+0000] {processor.py:178} INFO - Processing /home/airflow/.local/lib/python3.7/site-packages/airflow/example_dags/example_subdag_operator.py took 0.050 seconds
[2024-05-27T16:48:00.198+0000] {processor.py:156} INFO - Started process (PID=952) to work on /home/airflow/.local/lib/python3.7/site-packages/airflow/example_dags/example_subdag_operator.py
[2024-05-27T16:48:00.199+0000] {processor.py:799} INFO - Processing file /home/airflow/.local/lib/python3.7/site-packages/airflow/example_dags/example_subdag_operator.py for tasks to queue
[2024-05-27T16:48:00.199+0000] {logging_mixin.py:149} INFO - [2024-05-27T16:48:00.199+0000] {dagbag.py:541} INFO - Filling up the DagBag from /home/airflow/.local/lib/python3.7/site-packages/airflow/example_dags/example_subdag_operator.py
[2024-05-27T16:48:00.212+0000] {processor.py:809} INFO - DAG(s) dict_keys(['example_subdag_operator.section-1', 'example_subdag_operator.section-2', 'example_subdag_operator']) retrieved from /home/airflow/.local/lib/python3.7/site-packages/airflow/example_dags/example_subdag_operator.py
[2024-05-27T16:48:00.221+0000] {logging_mixin.py:149} INFO - [2024-05-27T16:48:00.221+0000] {dag.py:2726} INFO - Sync 3 DAGs
[2024-05-27T16:48:00.233+0000] {logging_mixin.py:149} INFO - [2024-05-27T16:48:00.233+0000] {dag.py:3490} INFO - Setting next_dagrun for example_subdag_operator to 2022-01-01T00:00:00+00:00, run_after=2022-01-01T00:00:00+00:00
[2024-05-27T16:48:00.235+0000] {logging_mixin.py:149} INFO - [2024-05-27T16:48:00.235+0000] {dag.py:3490} INFO - Setting next_dagrun for example_subdag_operator.section-1 to None, run_after=None
[2024-05-27T16:48:00.235+0000] {logging_mixin.py:149} INFO - [2024-05-27T16:48:00.235+0000] {dag.py:3490} INFO - Setting next_dagrun for example_subdag_operator.section-2 to None, run_after=None
[2024-05-27T16:48:00.239+0000] {logging_mixin.py:149} INFO - [2024-05-27T16:48:00.239+0000] {dag.py:2726} INFO - Sync 2 DAGs
[2024-05-27T16:48:00.241+0000] {logging_mixin.py:149} INFO - [2024-05-27T16:48:00.241+0000] {dag.py:3490} INFO - Setting next_dagrun for example_subdag_operator.section-1 to None, run_after=None
[2024-05-27T16:48:00.242+0000] {logging_mixin.py:149} INFO - [2024-05-27T16:48:00.242+0000] {dag.py:3490} INFO - Setting next_dagrun for example_subdag_operator.section-2 to None, run_after=None
[2024-05-27T16:48:00.247+0000] {processor.py:178} INFO - Processing /home/airflow/.local/lib/python3.7/site-packages/airflow/example_dags/example_subdag_operator.py took 0.051 seconds
[2024-05-27T16:48:30.956+0000] {processor.py:156} INFO - Started process (PID=1012) to work on /home/airflow/.local/lib/python3.7/site-packages/airflow/example_dags/example_subdag_operator.py
[2024-05-27T16:48:30.956+0000] {processor.py:799} INFO - Processing file /home/airflow/.local/lib/python3.7/site-packages/airflow/example_dags/example_subdag_operator.py for tasks to queue
[2024-05-27T16:48:30.957+0000] {logging_mixin.py:149} INFO - [2024-05-27T16:48:30.957+0000] {dagbag.py:541} INFO - Filling up the DagBag from /home/airflow/.local/lib/python3.7/site-packages/airflow/example_dags/example_subdag_operator.py
[2024-05-27T16:48:30.970+0000] {processor.py:809} INFO - DAG(s) dict_keys(['example_subdag_operator.section-1', 'example_subdag_operator.section-2', 'example_subdag_operator']) retrieved from /home/airflow/.local/lib/python3.7/site-packages/airflow/example_dags/example_subdag_operator.py
[2024-05-27T16:48:30.979+0000] {logging_mixin.py:149} INFO - [2024-05-27T16:48:30.979+0000] {dag.py:2726} INFO - Sync 3 DAGs
[2024-05-27T16:48:30.991+0000] {logging_mixin.py:149} INFO - [2024-05-27T16:48:30.991+0000] {dag.py:3490} INFO - Setting next_dagrun for example_subdag_operator to 2022-01-01T00:00:00+00:00, run_after=2022-01-01T00:00:00+00:00
[2024-05-27T16:48:30.993+0000] {logging_mixin.py:149} INFO - [2024-05-27T16:48:30.993+0000] {dag.py:3490} INFO - Setting next_dagrun for example_subdag_operator.section-1 to None, run_after=None
[2024-05-27T16:48:30.993+0000] {logging_mixin.py:149} INFO - [2024-05-27T16:48:30.993+0000] {dag.py:3490} INFO - Setting next_dagrun for example_subdag_operator.section-2 to None, run_after=None
[2024-05-27T16:48:30.997+0000] {logging_mixin.py:149} INFO - [2024-05-27T16:48:30.997+0000] {dag.py:2726} INFO - Sync 2 DAGs
[2024-05-27T16:48:31.000+0000] {logging_mixin.py:149} INFO - [2024-05-27T16:48:31.000+0000] {dag.py:3490} INFO - Setting next_dagrun for example_subdag_operator.section-1 to None, run_after=None
[2024-05-27T16:48:31.000+0000] {logging_mixin.py:149} INFO - [2024-05-27T16:48:31.000+0000] {dag.py:3490} INFO - Setting next_dagrun for example_subdag_operator.section-2 to None, run_after=None
[2024-05-27T16:48:31.005+0000] {processor.py:178} INFO - Processing /home/airflow/.local/lib/python3.7/site-packages/airflow/example_dags/example_subdag_operator.py took 0.051 seconds
[2024-05-27T16:49:01.657+0000] {processor.py:156} INFO - Started process (PID=1072) to work on /home/airflow/.local/lib/python3.7/site-packages/airflow/example_dags/example_subdag_operator.py
[2024-05-27T16:49:01.658+0000] {processor.py:799} INFO - Processing file /home/airflow/.local/lib/python3.7/site-packages/airflow/example_dags/example_subdag_operator.py for tasks to queue
[2024-05-27T16:49:01.658+0000] {logging_mixin.py:149} INFO - [2024-05-27T16:49:01.658+0000] {dagbag.py:541} INFO - Filling up the DagBag from /home/airflow/.local/lib/python3.7/site-packages/airflow/example_dags/example_subdag_operator.py
[2024-05-27T16:49:01.672+0000] {processor.py:809} INFO - DAG(s) dict_keys(['example_subdag_operator.section-1', 'example_subdag_operator.section-2', 'example_subdag_operator']) retrieved from /home/airflow/.local/lib/python3.7/site-packages/airflow/example_dags/example_subdag_operator.py
[2024-05-27T16:49:01.681+0000] {logging_mixin.py:149} INFO - [2024-05-27T16:49:01.681+0000] {dag.py:2726} INFO - Sync 3 DAGs
[2024-05-27T16:49:01.694+0000] {logging_mixin.py:149} INFO - [2024-05-27T16:49:01.694+0000] {dag.py:3490} INFO - Setting next_dagrun for example_subdag_operator to 2022-01-01T00:00:00+00:00, run_after=2022-01-01T00:00:00+00:00
[2024-05-27T16:49:01.696+0000] {logging_mixin.py:149} INFO - [2024-05-27T16:49:01.696+0000] {dag.py:3490} INFO - Setting next_dagrun for example_subdag_operator.section-1 to None, run_after=None
[2024-05-27T16:49:01.696+0000] {logging_mixin.py:149} INFO - [2024-05-27T16:49:01.696+0000] {dag.py:3490} INFO - Setting next_dagrun for example_subdag_operator.section-2 to None, run_after=None
[2024-05-27T16:49:01.699+0000] {logging_mixin.py:149} INFO - [2024-05-27T16:49:01.699+0000] {dag.py:2726} INFO - Sync 2 DAGs
[2024-05-27T16:49:01.702+0000] {logging_mixin.py:149} INFO - [2024-05-27T16:49:01.702+0000] {dag.py:3490} INFO - Setting next_dagrun for example_subdag_operator.section-1 to None, run_after=None
[2024-05-27T16:49:01.702+0000] {logging_mixin.py:149} INFO - [2024-05-27T16:49:01.702+0000] {dag.py:3490} INFO - Setting next_dagrun for example_subdag_operator.section-2 to None, run_after=None
[2024-05-27T16:49:01.707+0000] {processor.py:178} INFO - Processing /home/airflow/.local/lib/python3.7/site-packages/airflow/example_dags/example_subdag_operator.py took 0.051 seconds
[2024-05-27T16:50:02.764+0000] {processor.py:156} INFO - Started process (PID=1132) to work on /home/airflow/.local/lib/python3.7/site-packages/airflow/example_dags/example_subdag_operator.py
[2024-05-27T16:50:02.765+0000] {processor.py:799} INFO - Processing file /home/airflow/.local/lib/python3.7/site-packages/airflow/example_dags/example_subdag_operator.py for tasks to queue
[2024-05-27T16:50:02.765+0000] {logging_mixin.py:149} INFO - [2024-05-27T16:50:02.765+0000] {dagbag.py:541} INFO - Filling up the DagBag from /home/airflow/.local/lib/python3.7/site-packages/airflow/example_dags/example_subdag_operator.py
[2024-05-27T16:50:02.779+0000] {processor.py:809} INFO - DAG(s) dict_keys(['example_subdag_operator.section-1', 'example_subdag_operator.section-2', 'example_subdag_operator']) retrieved from /home/airflow/.local/lib/python3.7/site-packages/airflow/example_dags/example_subdag_operator.py
[2024-05-27T16:50:02.790+0000] {logging_mixin.py:149} INFO - [2024-05-27T16:50:02.790+0000] {dag.py:2726} INFO - Sync 3 DAGs
[2024-05-27T16:50:02.806+0000] {logging_mixin.py:149} INFO - [2024-05-27T16:50:02.805+0000] {dag.py:3490} INFO - Setting next_dagrun for example_subdag_operator to 2022-01-01T00:00:00+00:00, run_after=2022-01-01T00:00:00+00:00
[2024-05-27T16:50:02.807+0000] {logging_mixin.py:149} INFO - [2024-05-27T16:50:02.807+0000] {dag.py:3490} INFO - Setting next_dagrun for example_subdag_operator.section-1 to None, run_after=None
[2024-05-27T16:50:02.808+0000] {logging_mixin.py:149} INFO - [2024-05-27T16:50:02.808+0000] {dag.py:3490} INFO - Setting next_dagrun for example_subdag_operator.section-2 to None, run_after=None
[2024-05-27T16:50:02.812+0000] {logging_mixin.py:149} INFO - [2024-05-27T16:50:02.812+0000] {dag.py:2726} INFO - Sync 2 DAGs
[2024-05-27T16:50:02.815+0000] {logging_mixin.py:149} INFO - [2024-05-27T16:50:02.815+0000] {dag.py:3490} INFO - Setting next_dagrun for example_subdag_operator.section-1 to None, run_after=None
[2024-05-27T16:50:02.815+0000] {logging_mixin.py:149} INFO - [2024-05-27T16:50:02.815+0000] {dag.py:3490} INFO - Setting next_dagrun for example_subdag_operator.section-2 to None, run_after=None
[2024-05-27T16:50:02.821+0000] {processor.py:178} INFO - Processing /home/airflow/.local/lib/python3.7/site-packages/airflow/example_dags/example_subdag_operator.py took 0.059 seconds
[2024-05-27T16:50:32.957+0000] {processor.py:156} INFO - Started process (PID=1193) to work on /home/airflow/.local/lib/python3.7/site-packages/airflow/example_dags/example_subdag_operator.py
[2024-05-27T16:50:32.958+0000] {processor.py:799} INFO - Processing file /home/airflow/.local/lib/python3.7/site-packages/airflow/example_dags/example_subdag_operator.py for tasks to queue
[2024-05-27T16:50:32.958+0000] {logging_mixin.py:149} INFO - [2024-05-27T16:50:32.958+0000] {dagbag.py:541} INFO - Filling up the DagBag from /home/airflow/.local/lib/python3.7/site-packages/airflow/example_dags/example_subdag_operator.py
[2024-05-27T16:50:32.971+0000] {processor.py:809} INFO - DAG(s) dict_keys(['example_subdag_operator.section-1', 'example_subdag_operator.section-2', 'example_subdag_operator']) retrieved from /home/airflow/.local/lib/python3.7/site-packages/airflow/example_dags/example_subdag_operator.py
[2024-05-27T16:50:32.980+0000] {logging_mixin.py:149} INFO - [2024-05-27T16:50:32.980+0000] {dag.py:2726} INFO - Sync 3 DAGs
[2024-05-27T16:50:32.992+0000] {logging_mixin.py:149} INFO - [2024-05-27T16:50:32.992+0000] {dag.py:3490} INFO - Setting next_dagrun for example_subdag_operator to 2022-01-01T00:00:00+00:00, run_after=2022-01-01T00:00:00+00:00
[2024-05-27T16:50:32.994+0000] {logging_mixin.py:149} INFO - [2024-05-27T16:50:32.994+0000] {dag.py:3490} INFO - Setting next_dagrun for example_subdag_operator.section-1 to None, run_after=None
[2024-05-27T16:50:32.995+0000] {logging_mixin.py:149} INFO - [2024-05-27T16:50:32.995+0000] {dag.py:3490} INFO - Setting next_dagrun for example_subdag_operator.section-2 to None, run_after=None
[2024-05-27T16:50:32.998+0000] {logging_mixin.py:149} INFO - [2024-05-27T16:50:32.998+0000] {dag.py:2726} INFO - Sync 2 DAGs
[2024-05-27T16:50:33.001+0000] {logging_mixin.py:149} INFO - [2024-05-27T16:50:33.001+0000] {dag.py:3490} INFO - Setting next_dagrun for example_subdag_operator.section-1 to None, run_after=None
[2024-05-27T16:50:33.001+0000] {logging_mixin.py:149} INFO - [2024-05-27T16:50:33.001+0000] {dag.py:3490} INFO - Setting next_dagrun for example_subdag_operator.section-2 to None, run_after=None
[2024-05-27T16:50:33.006+0000] {processor.py:178} INFO - Processing /home/airflow/.local/lib/python3.7/site-packages/airflow/example_dags/example_subdag_operator.py took 0.051 seconds
[2024-05-27T16:51:03.118+0000] {processor.py:156} INFO - Started process (PID=1254) to work on /home/airflow/.local/lib/python3.7/site-packages/airflow/example_dags/example_subdag_operator.py
[2024-05-27T16:51:03.118+0000] {processor.py:799} INFO - Processing file /home/airflow/.local/lib/python3.7/site-packages/airflow/example_dags/example_subdag_operator.py for tasks to queue
[2024-05-27T16:51:03.119+0000] {logging_mixin.py:149} INFO - [2024-05-27T16:51:03.119+0000] {dagbag.py:541} INFO - Filling up the DagBag from /home/airflow/.local/lib/python3.7/site-packages/airflow/example_dags/example_subdag_operator.py
[2024-05-27T16:51:03.133+0000] {processor.py:809} INFO - DAG(s) dict_keys(['example_subdag_operator.section-1', 'example_subdag_operator.section-2', 'example_subdag_operator']) retrieved from /home/airflow/.local/lib/python3.7/site-packages/airflow/example_dags/example_subdag_operator.py
[2024-05-27T16:51:03.143+0000] {logging_mixin.py:149} INFO - [2024-05-27T16:51:03.143+0000] {dag.py:2726} INFO - Sync 3 DAGs
[2024-05-27T16:51:03.156+0000] {logging_mixin.py:149} INFO - [2024-05-27T16:51:03.156+0000] {dag.py:3490} INFO - Setting next_dagrun for example_subdag_operator to 2022-01-01T00:00:00+00:00, run_after=2022-01-01T00:00:00+00:00
[2024-05-27T16:51:03.158+0000] {logging_mixin.py:149} INFO - [2024-05-27T16:51:03.157+0000] {dag.py:3490} INFO - Setting next_dagrun for example_subdag_operator.section-1 to None, run_after=None
[2024-05-27T16:51:03.158+0000] {logging_mixin.py:149} INFO - [2024-05-27T16:51:03.158+0000] {dag.py:3490} INFO - Setting next_dagrun for example_subdag_operator.section-2 to None, run_after=None
[2024-05-27T16:51:03.162+0000] {logging_mixin.py:149} INFO - [2024-05-27T16:51:03.161+0000] {dag.py:2726} INFO - Sync 2 DAGs
[2024-05-27T16:51:03.164+0000] {logging_mixin.py:149} INFO - [2024-05-27T16:51:03.164+0000] {dag.py:3490} INFO - Setting next_dagrun for example_subdag_operator.section-1 to None, run_after=None
[2024-05-27T16:51:03.164+0000] {logging_mixin.py:149} INFO - [2024-05-27T16:51:03.164+0000] {dag.py:3490} INFO - Setting next_dagrun for example_subdag_operator.section-2 to None, run_after=None
[2024-05-27T16:51:03.169+0000] {processor.py:178} INFO - Processing /home/airflow/.local/lib/python3.7/site-packages/airflow/example_dags/example_subdag_operator.py took 0.054 seconds
[2024-05-27T16:51:34.213+0000] {processor.py:156} INFO - Started process (PID=1315) to work on /home/airflow/.local/lib/python3.7/site-packages/airflow/example_dags/example_subdag_operator.py
[2024-05-27T16:51:34.214+0000] {processor.py:799} INFO - Processing file /home/airflow/.local/lib/python3.7/site-packages/airflow/example_dags/example_subdag_operator.py for tasks to queue
[2024-05-27T16:51:34.215+0000] {logging_mixin.py:149} INFO - [2024-05-27T16:51:34.215+0000] {dagbag.py:541} INFO - Filling up the DagBag from /home/airflow/.local/lib/python3.7/site-packages/airflow/example_dags/example_subdag_operator.py
[2024-05-27T16:51:34.229+0000] {processor.py:809} INFO - DAG(s) dict_keys(['example_subdag_operator.section-1', 'example_subdag_operator.section-2', 'example_subdag_operator']) retrieved from /home/airflow/.local/lib/python3.7/site-packages/airflow/example_dags/example_subdag_operator.py
[2024-05-27T16:51:34.243+0000] {logging_mixin.py:149} INFO - [2024-05-27T16:51:34.242+0000] {dag.py:2726} INFO - Sync 3 DAGs
[2024-05-27T16:51:34.258+0000] {logging_mixin.py:149} INFO - [2024-05-27T16:51:34.258+0000] {dag.py:3490} INFO - Setting next_dagrun for example_subdag_operator to 2022-01-01T00:00:00+00:00, run_after=2022-01-01T00:00:00+00:00
[2024-05-27T16:51:34.260+0000] {logging_mixin.py:149} INFO - [2024-05-27T16:51:34.260+0000] {dag.py:3490} INFO - Setting next_dagrun for example_subdag_operator.section-1 to None, run_after=None
[2024-05-27T16:51:34.260+0000] {logging_mixin.py:149} INFO - [2024-05-27T16:51:34.260+0000] {dag.py:3490} INFO - Setting next_dagrun for example_subdag_operator.section-2 to None, run_after=None
[2024-05-27T16:51:34.265+0000] {logging_mixin.py:149} INFO - [2024-05-27T16:51:34.265+0000] {dag.py:2726} INFO - Sync 2 DAGs
[2024-05-27T16:51:34.268+0000] {logging_mixin.py:149} INFO - [2024-05-27T16:51:34.268+0000] {dag.py:3490} INFO - Setting next_dagrun for example_subdag_operator.section-1 to None, run_after=None
[2024-05-27T16:51:34.268+0000] {logging_mixin.py:149} INFO - [2024-05-27T16:51:34.268+0000] {dag.py:3490} INFO - Setting next_dagrun for example_subdag_operator.section-2 to None, run_after=None
[2024-05-27T16:51:34.273+0000] {processor.py:178} INFO - Processing /home/airflow/.local/lib/python3.7/site-packages/airflow/example_dags/example_subdag_operator.py took 0.062 seconds
[2024-05-27T16:52:17.933+0000] {processor.py:156} INFO - Started process (PID=1402) to work on /home/airflow/.local/lib/python3.7/site-packages/airflow/example_dags/example_subdag_operator.py
[2024-05-27T16:52:17.939+0000] {processor.py:799} INFO - Processing file /home/airflow/.local/lib/python3.7/site-packages/airflow/example_dags/example_subdag_operator.py for tasks to queue
[2024-05-27T16:52:17.941+0000] {logging_mixin.py:149} INFO - [2024-05-27T16:52:17.941+0000] {dagbag.py:541} INFO - Filling up the DagBag from /home/airflow/.local/lib/python3.7/site-packages/airflow/example_dags/example_subdag_operator.py
[2024-05-27T16:52:18.058+0000] {processor.py:809} INFO - DAG(s) dict_keys(['example_subdag_operator.section-1', 'example_subdag_operator.section-2', 'example_subdag_operator']) retrieved from /home/airflow/.local/lib/python3.7/site-packages/airflow/example_dags/example_subdag_operator.py
[2024-05-27T16:52:18.111+0000] {logging_mixin.py:149} INFO - [2024-05-27T16:52:18.111+0000] {dag.py:2726} INFO - Sync 3 DAGs
[2024-05-27T16:52:18.187+0000] {logging_mixin.py:149} INFO - [2024-05-27T16:52:18.187+0000] {dag.py:3490} INFO - Setting next_dagrun for example_subdag_operator to 2022-01-01T00:00:00+00:00, run_after=2022-01-01T00:00:00+00:00
[2024-05-27T16:52:18.193+0000] {logging_mixin.py:149} INFO - [2024-05-27T16:52:18.193+0000] {dag.py:3490} INFO - Setting next_dagrun for example_subdag_operator.section-1 to None, run_after=None
[2024-05-27T16:52:18.195+0000] {logging_mixin.py:149} INFO - [2024-05-27T16:52:18.195+0000] {dag.py:3490} INFO - Setting next_dagrun for example_subdag_operator.section-2 to None, run_after=None
[2024-05-27T16:52:18.222+0000] {logging_mixin.py:149} INFO - [2024-05-27T16:52:18.222+0000] {dag.py:2726} INFO - Sync 2 DAGs
[2024-05-27T16:52:18.228+0000] {logging_mixin.py:149} INFO - [2024-05-27T16:52:18.228+0000] {dag.py:3490} INFO - Setting next_dagrun for example_subdag_operator.section-1 to None, run_after=None
[2024-05-27T16:52:18.230+0000] {logging_mixin.py:149} INFO - [2024-05-27T16:52:18.229+0000] {dag.py:3490} INFO - Setting next_dagrun for example_subdag_operator.section-2 to None, run_after=None
[2024-05-27T16:52:18.258+0000] {processor.py:178} INFO - Processing /home/airflow/.local/lib/python3.7/site-packages/airflow/example_dags/example_subdag_operator.py took 0.333 seconds
