[2024-05-27T16:40:22.332+0000] {processor.py:156} INFO - Started process (PID=67) to work on /home/airflow/.local/lib/python3.7/site-packages/airflow/example_dags/example_params_trigger_ui.py
[2024-05-27T16:40:22.333+0000] {processor.py:799} INFO - Processing file /home/airflow/.local/lib/python3.7/site-packages/airflow/example_dags/example_params_trigger_ui.py for tasks to queue
[2024-05-27T16:40:22.334+0000] {logging_mixin.py:149} INFO - [2024-05-27T16:40:22.334+0000] {dagbag.py:541} INFO - Filling up the DagBag from /home/airflow/.local/lib/python3.7/site-packages/airflow/example_dags/example_params_trigger_ui.py
[2024-05-27T16:40:22.352+0000] {processor.py:809} INFO - DAG(s) dict_keys(['example_params_trigger_ui']) retrieved from /home/airflow/.local/lib/python3.7/site-packages/airflow/example_dags/example_params_trigger_ui.py
[2024-05-27T16:40:22.523+0000] {logging_mixin.py:149} INFO - [2024-05-27T16:40:22.523+0000] {manager.py:504} INFO - Created Permission View: can delete on DAG:example_params_trigger_ui
[2024-05-27T16:40:22.529+0000] {logging_mixin.py:149} INFO - [2024-05-27T16:40:22.529+0000] {manager.py:504} INFO - Created Permission View: can read on DAG:example_params_trigger_ui
[2024-05-27T16:40:22.537+0000] {logging_mixin.py:149} INFO - [2024-05-27T16:40:22.537+0000] {manager.py:504} INFO - Created Permission View: can edit on DAG:example_params_trigger_ui
[2024-05-27T16:40:22.537+0000] {logging_mixin.py:149} INFO - [2024-05-27T16:40:22.537+0000] {dag.py:2726} INFO - Sync 1 DAGs
[2024-05-27T16:40:22.547+0000] {logging_mixin.py:149} INFO - [2024-05-27T16:40:22.547+0000] {dag.py:2747} INFO - Creating ORM DAG for example_params_trigger_ui
[2024-05-27T16:40:22.554+0000] {logging_mixin.py:149} INFO - [2024-05-27T16:40:22.554+0000] {dag.py:3490} INFO - Setting next_dagrun for example_params_trigger_ui to None, run_after=None
[2024-05-27T16:40:22.571+0000] {processor.py:178} INFO - Processing /home/airflow/.local/lib/python3.7/site-packages/airflow/example_dags/example_params_trigger_ui.py took 0.244 seconds
[2024-05-27T16:40:52.843+0000] {processor.py:156} INFO - Started process (PID=127) to work on /home/airflow/.local/lib/python3.7/site-packages/airflow/example_dags/example_params_trigger_ui.py
[2024-05-27T16:40:52.843+0000] {processor.py:799} INFO - Processing file /home/airflow/.local/lib/python3.7/site-packages/airflow/example_dags/example_params_trigger_ui.py for tasks to queue
[2024-05-27T16:40:52.844+0000] {logging_mixin.py:149} INFO - [2024-05-27T16:40:52.844+0000] {dagbag.py:541} INFO - Filling up the DagBag from /home/airflow/.local/lib/python3.7/site-packages/airflow/example_dags/example_params_trigger_ui.py
[2024-05-27T16:40:52.856+0000] {processor.py:809} INFO - DAG(s) dict_keys(['example_params_trigger_ui']) retrieved from /home/airflow/.local/lib/python3.7/site-packages/airflow/example_dags/example_params_trigger_ui.py
[2024-05-27T16:40:52.892+0000] {logging_mixin.py:149} INFO - [2024-05-27T16:40:52.892+0000] {dag.py:2726} INFO - Sync 1 DAGs
[2024-05-27T16:40:52.904+0000] {logging_mixin.py:149} INFO - [2024-05-27T16:40:52.904+0000] {dag.py:3490} INFO - Setting next_dagrun for example_params_trigger_ui to None, run_after=None
[2024-05-27T16:40:52.913+0000] {processor.py:178} INFO - Processing /home/airflow/.local/lib/python3.7/site-packages/airflow/example_dags/example_params_trigger_ui.py took 0.072 seconds
[2024-05-27T16:41:23.121+0000] {processor.py:156} INFO - Started process (PID=187) to work on /home/airflow/.local/lib/python3.7/site-packages/airflow/example_dags/example_params_trigger_ui.py
[2024-05-27T16:41:23.121+0000] {processor.py:799} INFO - Processing file /home/airflow/.local/lib/python3.7/site-packages/airflow/example_dags/example_params_trigger_ui.py for tasks to queue
[2024-05-27T16:41:23.122+0000] {logging_mixin.py:149} INFO - [2024-05-27T16:41:23.122+0000] {dagbag.py:541} INFO - Filling up the DagBag from /home/airflow/.local/lib/python3.7/site-packages/airflow/example_dags/example_params_trigger_ui.py
[2024-05-27T16:41:23.132+0000] {processor.py:809} INFO - DAG(s) dict_keys(['example_params_trigger_ui']) retrieved from /home/airflow/.local/lib/python3.7/site-packages/airflow/example_dags/example_params_trigger_ui.py
[2024-05-27T16:41:23.168+0000] {logging_mixin.py:149} INFO - [2024-05-27T16:41:23.168+0000] {dag.py:2726} INFO - Sync 1 DAGs
[2024-05-27T16:41:23.179+0000] {logging_mixin.py:149} INFO - [2024-05-27T16:41:23.179+0000] {dag.py:3490} INFO - Setting next_dagrun for example_params_trigger_ui to None, run_after=None
[2024-05-27T16:41:23.187+0000] {processor.py:178} INFO - Processing /home/airflow/.local/lib/python3.7/site-packages/airflow/example_dags/example_params_trigger_ui.py took 0.068 seconds
[2024-05-27T16:41:54.178+0000] {processor.py:156} INFO - Started process (PID=247) to work on /home/airflow/.local/lib/python3.7/site-packages/airflow/example_dags/example_params_trigger_ui.py
[2024-05-27T16:41:54.178+0000] {processor.py:799} INFO - Processing file /home/airflow/.local/lib/python3.7/site-packages/airflow/example_dags/example_params_trigger_ui.py for tasks to queue
[2024-05-27T16:41:54.179+0000] {logging_mixin.py:149} INFO - [2024-05-27T16:41:54.179+0000] {dagbag.py:541} INFO - Filling up the DagBag from /home/airflow/.local/lib/python3.7/site-packages/airflow/example_dags/example_params_trigger_ui.py
[2024-05-27T16:41:54.189+0000] {processor.py:809} INFO - DAG(s) dict_keys(['example_params_trigger_ui']) retrieved from /home/airflow/.local/lib/python3.7/site-packages/airflow/example_dags/example_params_trigger_ui.py
[2024-05-27T16:41:54.227+0000] {logging_mixin.py:149} INFO - [2024-05-27T16:41:54.227+0000] {dag.py:2726} INFO - Sync 1 DAGs
[2024-05-27T16:41:54.238+0000] {logging_mixin.py:149} INFO - [2024-05-27T16:41:54.238+0000] {dag.py:3490} INFO - Setting next_dagrun for example_params_trigger_ui to None, run_after=None
[2024-05-27T16:41:54.247+0000] {processor.py:178} INFO - Processing /home/airflow/.local/lib/python3.7/site-packages/airflow/example_dags/example_params_trigger_ui.py took 0.071 seconds
[2024-05-27T16:42:24.504+0000] {processor.py:156} INFO - Started process (PID=307) to work on /home/airflow/.local/lib/python3.7/site-packages/airflow/example_dags/example_params_trigger_ui.py
[2024-05-27T16:42:24.505+0000] {processor.py:799} INFO - Processing file /home/airflow/.local/lib/python3.7/site-packages/airflow/example_dags/example_params_trigger_ui.py for tasks to queue
[2024-05-27T16:42:24.505+0000] {logging_mixin.py:149} INFO - [2024-05-27T16:42:24.505+0000] {dagbag.py:541} INFO - Filling up the DagBag from /home/airflow/.local/lib/python3.7/site-packages/airflow/example_dags/example_params_trigger_ui.py
[2024-05-27T16:42:24.521+0000] {processor.py:809} INFO - DAG(s) dict_keys(['example_params_trigger_ui']) retrieved from /home/airflow/.local/lib/python3.7/site-packages/airflow/example_dags/example_params_trigger_ui.py
[2024-05-27T16:42:24.570+0000] {logging_mixin.py:149} INFO - [2024-05-27T16:42:24.570+0000] {dag.py:2726} INFO - Sync 1 DAGs
[2024-05-27T16:42:24.597+0000] {logging_mixin.py:149} INFO - [2024-05-27T16:42:24.597+0000] {dag.py:3490} INFO - Setting next_dagrun for example_params_trigger_ui to None, run_after=None
[2024-05-27T16:42:24.615+0000] {processor.py:178} INFO - Processing /home/airflow/.local/lib/python3.7/site-packages/airflow/example_dags/example_params_trigger_ui.py took 0.114 seconds
[2024-05-27T16:42:54.647+0000] {processor.py:156} INFO - Started process (PID=368) to work on /home/airflow/.local/lib/python3.7/site-packages/airflow/example_dags/example_params_trigger_ui.py
[2024-05-27T16:42:54.648+0000] {processor.py:799} INFO - Processing file /home/airflow/.local/lib/python3.7/site-packages/airflow/example_dags/example_params_trigger_ui.py for tasks to queue
[2024-05-27T16:42:54.648+0000] {logging_mixin.py:149} INFO - [2024-05-27T16:42:54.648+0000] {dagbag.py:541} INFO - Filling up the DagBag from /home/airflow/.local/lib/python3.7/site-packages/airflow/example_dags/example_params_trigger_ui.py
[2024-05-27T16:42:54.659+0000] {processor.py:809} INFO - DAG(s) dict_keys(['example_params_trigger_ui']) retrieved from /home/airflow/.local/lib/python3.7/site-packages/airflow/example_dags/example_params_trigger_ui.py
[2024-05-27T16:42:54.694+0000] {logging_mixin.py:149} INFO - [2024-05-27T16:42:54.694+0000] {dag.py:2726} INFO - Sync 1 DAGs
[2024-05-27T16:42:54.705+0000] {logging_mixin.py:149} INFO - [2024-05-27T16:42:54.705+0000] {dag.py:3490} INFO - Setting next_dagrun for example_params_trigger_ui to None, run_after=None
[2024-05-27T16:42:54.713+0000] {processor.py:178} INFO - Processing /home/airflow/.local/lib/python3.7/site-packages/airflow/example_dags/example_params_trigger_ui.py took 0.068 seconds
[2024-05-27T16:43:25.480+0000] {processor.py:156} INFO - Started process (PID=427) to work on /home/airflow/.local/lib/python3.7/site-packages/airflow/example_dags/example_params_trigger_ui.py
[2024-05-27T16:43:25.481+0000] {processor.py:799} INFO - Processing file /home/airflow/.local/lib/python3.7/site-packages/airflow/example_dags/example_params_trigger_ui.py for tasks to queue
[2024-05-27T16:43:25.481+0000] {logging_mixin.py:149} INFO - [2024-05-27T16:43:25.481+0000] {dagbag.py:541} INFO - Filling up the DagBag from /home/airflow/.local/lib/python3.7/site-packages/airflow/example_dags/example_params_trigger_ui.py
[2024-05-27T16:43:25.492+0000] {processor.py:809} INFO - DAG(s) dict_keys(['example_params_trigger_ui']) retrieved from /home/airflow/.local/lib/python3.7/site-packages/airflow/example_dags/example_params_trigger_ui.py
[2024-05-27T16:43:25.528+0000] {logging_mixin.py:149} INFO - [2024-05-27T16:43:25.528+0000] {dag.py:2726} INFO - Sync 1 DAGs
[2024-05-27T16:43:25.539+0000] {logging_mixin.py:149} INFO - [2024-05-27T16:43:25.539+0000] {dag.py:3490} INFO - Setting next_dagrun for example_params_trigger_ui to None, run_after=None
[2024-05-27T16:43:25.547+0000] {processor.py:178} INFO - Processing /home/airflow/.local/lib/python3.7/site-packages/airflow/example_dags/example_params_trigger_ui.py took 0.069 seconds
[2024-05-27T16:43:56.334+0000] {processor.py:156} INFO - Started process (PID=487) to work on /home/airflow/.local/lib/python3.7/site-packages/airflow/example_dags/example_params_trigger_ui.py
[2024-05-27T16:43:56.335+0000] {processor.py:799} INFO - Processing file /home/airflow/.local/lib/python3.7/site-packages/airflow/example_dags/example_params_trigger_ui.py for tasks to queue
[2024-05-27T16:43:56.335+0000] {logging_mixin.py:149} INFO - [2024-05-27T16:43:56.335+0000] {dagbag.py:541} INFO - Filling up the DagBag from /home/airflow/.local/lib/python3.7/site-packages/airflow/example_dags/example_params_trigger_ui.py
[2024-05-27T16:43:56.347+0000] {processor.py:809} INFO - DAG(s) dict_keys(['example_params_trigger_ui']) retrieved from /home/airflow/.local/lib/python3.7/site-packages/airflow/example_dags/example_params_trigger_ui.py
[2024-05-27T16:43:56.382+0000] {logging_mixin.py:149} INFO - [2024-05-27T16:43:56.382+0000] {dag.py:2726} INFO - Sync 1 DAGs
[2024-05-27T16:43:56.393+0000] {logging_mixin.py:149} INFO - [2024-05-27T16:43:56.393+0000] {dag.py:3490} INFO - Setting next_dagrun for example_params_trigger_ui to None, run_after=None
[2024-05-27T16:43:56.401+0000] {processor.py:178} INFO - Processing /home/airflow/.local/lib/python3.7/site-packages/airflow/example_dags/example_params_trigger_ui.py took 0.069 seconds
[2024-05-27T16:44:27.272+0000] {processor.py:156} INFO - Started process (PID=547) to work on /home/airflow/.local/lib/python3.7/site-packages/airflow/example_dags/example_params_trigger_ui.py
[2024-05-27T16:44:27.273+0000] {processor.py:799} INFO - Processing file /home/airflow/.local/lib/python3.7/site-packages/airflow/example_dags/example_params_trigger_ui.py for tasks to queue
[2024-05-27T16:44:27.273+0000] {logging_mixin.py:149} INFO - [2024-05-27T16:44:27.273+0000] {dagbag.py:541} INFO - Filling up the DagBag from /home/airflow/.local/lib/python3.7/site-packages/airflow/example_dags/example_params_trigger_ui.py
[2024-05-27T16:44:27.284+0000] {processor.py:809} INFO - DAG(s) dict_keys(['example_params_trigger_ui']) retrieved from /home/airflow/.local/lib/python3.7/site-packages/airflow/example_dags/example_params_trigger_ui.py
[2024-05-27T16:44:27.319+0000] {logging_mixin.py:149} INFO - [2024-05-27T16:44:27.319+0000] {dag.py:2726} INFO - Sync 1 DAGs
[2024-05-27T16:44:27.331+0000] {logging_mixin.py:149} INFO - [2024-05-27T16:44:27.330+0000] {dag.py:3490} INFO - Setting next_dagrun for example_params_trigger_ui to None, run_after=None
[2024-05-27T16:44:27.339+0000] {processor.py:178} INFO - Processing /home/airflow/.local/lib/python3.7/site-packages/airflow/example_dags/example_params_trigger_ui.py took 0.069 seconds
[2024-05-27T16:44:57.379+0000] {processor.py:156} INFO - Started process (PID=607) to work on /home/airflow/.local/lib/python3.7/site-packages/airflow/example_dags/example_params_trigger_ui.py
[2024-05-27T16:44:57.379+0000] {processor.py:799} INFO - Processing file /home/airflow/.local/lib/python3.7/site-packages/airflow/example_dags/example_params_trigger_ui.py for tasks to queue
[2024-05-27T16:44:57.380+0000] {logging_mixin.py:149} INFO - [2024-05-27T16:44:57.380+0000] {dagbag.py:541} INFO - Filling up the DagBag from /home/airflow/.local/lib/python3.7/site-packages/airflow/example_dags/example_params_trigger_ui.py
[2024-05-27T16:44:57.390+0000] {processor.py:809} INFO - DAG(s) dict_keys(['example_params_trigger_ui']) retrieved from /home/airflow/.local/lib/python3.7/site-packages/airflow/example_dags/example_params_trigger_ui.py
[2024-05-27T16:44:57.426+0000] {logging_mixin.py:149} INFO - [2024-05-27T16:44:57.426+0000] {dag.py:2726} INFO - Sync 1 DAGs
[2024-05-27T16:44:57.437+0000] {logging_mixin.py:149} INFO - [2024-05-27T16:44:57.437+0000] {dag.py:3490} INFO - Setting next_dagrun for example_params_trigger_ui to None, run_after=None
[2024-05-27T16:44:57.445+0000] {processor.py:178} INFO - Processing /home/airflow/.local/lib/python3.7/site-packages/airflow/example_dags/example_params_trigger_ui.py took 0.068 seconds
[2024-05-27T16:45:28.270+0000] {processor.py:156} INFO - Started process (PID=667) to work on /home/airflow/.local/lib/python3.7/site-packages/airflow/example_dags/example_params_trigger_ui.py
[2024-05-27T16:45:28.271+0000] {processor.py:799} INFO - Processing file /home/airflow/.local/lib/python3.7/site-packages/airflow/example_dags/example_params_trigger_ui.py for tasks to queue
[2024-05-27T16:45:28.271+0000] {logging_mixin.py:149} INFO - [2024-05-27T16:45:28.271+0000] {dagbag.py:541} INFO - Filling up the DagBag from /home/airflow/.local/lib/python3.7/site-packages/airflow/example_dags/example_params_trigger_ui.py
[2024-05-27T16:45:28.282+0000] {processor.py:809} INFO - DAG(s) dict_keys(['example_params_trigger_ui']) retrieved from /home/airflow/.local/lib/python3.7/site-packages/airflow/example_dags/example_params_trigger_ui.py
[2024-05-27T16:45:28.317+0000] {logging_mixin.py:149} INFO - [2024-05-27T16:45:28.317+0000] {dag.py:2726} INFO - Sync 1 DAGs
[2024-05-27T16:45:28.328+0000] {logging_mixin.py:149} INFO - [2024-05-27T16:45:28.328+0000] {dag.py:3490} INFO - Setting next_dagrun for example_params_trigger_ui to None, run_after=None
[2024-05-27T16:45:28.336+0000] {processor.py:178} INFO - Processing /home/airflow/.local/lib/python3.7/site-packages/airflow/example_dags/example_params_trigger_ui.py took 0.067 seconds
[2024-05-27T16:45:59.117+0000] {processor.py:156} INFO - Started process (PID=727) to work on /home/airflow/.local/lib/python3.7/site-packages/airflow/example_dags/example_params_trigger_ui.py
[2024-05-27T16:45:59.118+0000] {processor.py:799} INFO - Processing file /home/airflow/.local/lib/python3.7/site-packages/airflow/example_dags/example_params_trigger_ui.py for tasks to queue
[2024-05-27T16:45:59.118+0000] {logging_mixin.py:149} INFO - [2024-05-27T16:45:59.118+0000] {dagbag.py:541} INFO - Filling up the DagBag from /home/airflow/.local/lib/python3.7/site-packages/airflow/example_dags/example_params_trigger_ui.py
[2024-05-27T16:45:59.129+0000] {processor.py:809} INFO - DAG(s) dict_keys(['example_params_trigger_ui']) retrieved from /home/airflow/.local/lib/python3.7/site-packages/airflow/example_dags/example_params_trigger_ui.py
[2024-05-27T16:45:59.165+0000] {logging_mixin.py:149} INFO - [2024-05-27T16:45:59.164+0000] {dag.py:2726} INFO - Sync 1 DAGs
[2024-05-27T16:45:59.176+0000] {logging_mixin.py:149} INFO - [2024-05-27T16:45:59.176+0000] {dag.py:3490} INFO - Setting next_dagrun for example_params_trigger_ui to None, run_after=None
[2024-05-27T16:45:59.184+0000] {processor.py:178} INFO - Processing /home/airflow/.local/lib/python3.7/site-packages/airflow/example_dags/example_params_trigger_ui.py took 0.069 seconds
[2024-05-27T16:46:29.233+0000] {processor.py:156} INFO - Started process (PID=787) to work on /home/airflow/.local/lib/python3.7/site-packages/airflow/example_dags/example_params_trigger_ui.py
[2024-05-27T16:46:29.233+0000] {processor.py:799} INFO - Processing file /home/airflow/.local/lib/python3.7/site-packages/airflow/example_dags/example_params_trigger_ui.py for tasks to queue
[2024-05-27T16:46:29.233+0000] {logging_mixin.py:149} INFO - [2024-05-27T16:46:29.233+0000] {dagbag.py:541} INFO - Filling up the DagBag from /home/airflow/.local/lib/python3.7/site-packages/airflow/example_dags/example_params_trigger_ui.py
[2024-05-27T16:46:29.245+0000] {processor.py:809} INFO - DAG(s) dict_keys(['example_params_trigger_ui']) retrieved from /home/airflow/.local/lib/python3.7/site-packages/airflow/example_dags/example_params_trigger_ui.py
[2024-05-27T16:46:29.281+0000] {logging_mixin.py:149} INFO - [2024-05-27T16:46:29.281+0000] {dag.py:2726} INFO - Sync 1 DAGs
[2024-05-27T16:46:29.292+0000] {logging_mixin.py:149} INFO - [2024-05-27T16:46:29.292+0000] {dag.py:3490} INFO - Setting next_dagrun for example_params_trigger_ui to None, run_after=None
[2024-05-27T16:46:29.300+0000] {processor.py:178} INFO - Processing /home/airflow/.local/lib/python3.7/site-packages/airflow/example_dags/example_params_trigger_ui.py took 0.070 seconds
[2024-05-27T16:47:00.102+0000] {processor.py:156} INFO - Started process (PID=847) to work on /home/airflow/.local/lib/python3.7/site-packages/airflow/example_dags/example_params_trigger_ui.py
[2024-05-27T16:47:00.103+0000] {processor.py:799} INFO - Processing file /home/airflow/.local/lib/python3.7/site-packages/airflow/example_dags/example_params_trigger_ui.py for tasks to queue
[2024-05-27T16:47:00.103+0000] {logging_mixin.py:149} INFO - [2024-05-27T16:47:00.103+0000] {dagbag.py:541} INFO - Filling up the DagBag from /home/airflow/.local/lib/python3.7/site-packages/airflow/example_dags/example_params_trigger_ui.py
[2024-05-27T16:47:00.115+0000] {processor.py:809} INFO - DAG(s) dict_keys(['example_params_trigger_ui']) retrieved from /home/airflow/.local/lib/python3.7/site-packages/airflow/example_dags/example_params_trigger_ui.py
[2024-05-27T16:47:00.153+0000] {logging_mixin.py:149} INFO - [2024-05-27T16:47:00.153+0000] {dag.py:2726} INFO - Sync 1 DAGs
[2024-05-27T16:47:00.165+0000] {logging_mixin.py:149} INFO - [2024-05-27T16:47:00.165+0000] {dag.py:3490} INFO - Setting next_dagrun for example_params_trigger_ui to None, run_after=None
[2024-05-27T16:47:00.173+0000] {processor.py:178} INFO - Processing /home/airflow/.local/lib/python3.7/site-packages/airflow/example_dags/example_params_trigger_ui.py took 0.073 seconds
[2024-05-27T16:47:30.869+0000] {processor.py:156} INFO - Started process (PID=907) to work on /home/airflow/.local/lib/python3.7/site-packages/airflow/example_dags/example_params_trigger_ui.py
[2024-05-27T16:47:30.869+0000] {processor.py:799} INFO - Processing file /home/airflow/.local/lib/python3.7/site-packages/airflow/example_dags/example_params_trigger_ui.py for tasks to queue
[2024-05-27T16:47:30.870+0000] {logging_mixin.py:149} INFO - [2024-05-27T16:47:30.870+0000] {dagbag.py:541} INFO - Filling up the DagBag from /home/airflow/.local/lib/python3.7/site-packages/airflow/example_dags/example_params_trigger_ui.py
[2024-05-27T16:47:30.882+0000] {processor.py:809} INFO - DAG(s) dict_keys(['example_params_trigger_ui']) retrieved from /home/airflow/.local/lib/python3.7/site-packages/airflow/example_dags/example_params_trigger_ui.py
[2024-05-27T16:47:30.919+0000] {logging_mixin.py:149} INFO - [2024-05-27T16:47:30.918+0000] {dag.py:2726} INFO - Sync 1 DAGs
[2024-05-27T16:47:30.931+0000] {logging_mixin.py:149} INFO - [2024-05-27T16:47:30.931+0000] {dag.py:3490} INFO - Setting next_dagrun for example_params_trigger_ui to None, run_after=None
[2024-05-27T16:47:30.940+0000] {processor.py:178} INFO - Processing /home/airflow/.local/lib/python3.7/site-packages/airflow/example_dags/example_params_trigger_ui.py took 0.073 seconds
[2024-05-27T16:48:01.656+0000] {processor.py:156} INFO - Started process (PID=967) to work on /home/airflow/.local/lib/python3.7/site-packages/airflow/example_dags/example_params_trigger_ui.py
[2024-05-27T16:48:01.657+0000] {processor.py:799} INFO - Processing file /home/airflow/.local/lib/python3.7/site-packages/airflow/example_dags/example_params_trigger_ui.py for tasks to queue
[2024-05-27T16:48:01.658+0000] {logging_mixin.py:149} INFO - [2024-05-27T16:48:01.658+0000] {dagbag.py:541} INFO - Filling up the DagBag from /home/airflow/.local/lib/python3.7/site-packages/airflow/example_dags/example_params_trigger_ui.py
[2024-05-27T16:48:01.672+0000] {processor.py:809} INFO - DAG(s) dict_keys(['example_params_trigger_ui']) retrieved from /home/airflow/.local/lib/python3.7/site-packages/airflow/example_dags/example_params_trigger_ui.py
[2024-05-27T16:48:01.713+0000] {logging_mixin.py:149} INFO - [2024-05-27T16:48:01.713+0000] {dag.py:2726} INFO - Sync 1 DAGs
[2024-05-27T16:48:01.726+0000] {logging_mixin.py:149} INFO - [2024-05-27T16:48:01.726+0000] {dag.py:3490} INFO - Setting next_dagrun for example_params_trigger_ui to None, run_after=None
[2024-05-27T16:48:01.737+0000] {processor.py:178} INFO - Processing /home/airflow/.local/lib/python3.7/site-packages/airflow/example_dags/example_params_trigger_ui.py took 0.084 seconds
[2024-05-27T16:48:32.390+0000] {processor.py:156} INFO - Started process (PID=1027) to work on /home/airflow/.local/lib/python3.7/site-packages/airflow/example_dags/example_params_trigger_ui.py
[2024-05-27T16:48:32.391+0000] {processor.py:799} INFO - Processing file /home/airflow/.local/lib/python3.7/site-packages/airflow/example_dags/example_params_trigger_ui.py for tasks to queue
[2024-05-27T16:48:32.391+0000] {logging_mixin.py:149} INFO - [2024-05-27T16:48:32.391+0000] {dagbag.py:541} INFO - Filling up the DagBag from /home/airflow/.local/lib/python3.7/site-packages/airflow/example_dags/example_params_trigger_ui.py
[2024-05-27T16:48:32.403+0000] {processor.py:809} INFO - DAG(s) dict_keys(['example_params_trigger_ui']) retrieved from /home/airflow/.local/lib/python3.7/site-packages/airflow/example_dags/example_params_trigger_ui.py
[2024-05-27T16:48:32.441+0000] {logging_mixin.py:149} INFO - [2024-05-27T16:48:32.440+0000] {dag.py:2726} INFO - Sync 1 DAGs
[2024-05-27T16:48:32.453+0000] {logging_mixin.py:149} INFO - [2024-05-27T16:48:32.453+0000] {dag.py:3490} INFO - Setting next_dagrun for example_params_trigger_ui to None, run_after=None
[2024-05-27T16:48:32.461+0000] {processor.py:178} INFO - Processing /home/airflow/.local/lib/python3.7/site-packages/airflow/example_dags/example_params_trigger_ui.py took 0.073 seconds
[2024-05-27T16:49:03.119+0000] {processor.py:156} INFO - Started process (PID=1087) to work on /home/airflow/.local/lib/python3.7/site-packages/airflow/example_dags/example_params_trigger_ui.py
[2024-05-27T16:49:03.120+0000] {processor.py:799} INFO - Processing file /home/airflow/.local/lib/python3.7/site-packages/airflow/example_dags/example_params_trigger_ui.py for tasks to queue
[2024-05-27T16:49:03.120+0000] {logging_mixin.py:149} INFO - [2024-05-27T16:49:03.120+0000] {dagbag.py:541} INFO - Filling up the DagBag from /home/airflow/.local/lib/python3.7/site-packages/airflow/example_dags/example_params_trigger_ui.py
[2024-05-27T16:49:03.131+0000] {processor.py:809} INFO - DAG(s) dict_keys(['example_params_trigger_ui']) retrieved from /home/airflow/.local/lib/python3.7/site-packages/airflow/example_dags/example_params_trigger_ui.py
[2024-05-27T16:49:03.169+0000] {logging_mixin.py:149} INFO - [2024-05-27T16:49:03.169+0000] {dag.py:2726} INFO - Sync 1 DAGs
[2024-05-27T16:49:03.182+0000] {logging_mixin.py:149} INFO - [2024-05-27T16:49:03.182+0000] {dag.py:3490} INFO - Setting next_dagrun for example_params_trigger_ui to None, run_after=None
[2024-05-27T16:49:03.191+0000] {processor.py:178} INFO - Processing /home/airflow/.local/lib/python3.7/site-packages/airflow/example_dags/example_params_trigger_ui.py took 0.074 seconds
[2024-05-27T16:50:03.184+0000] {processor.py:156} INFO - Started process (PID=1147) to work on /home/airflow/.local/lib/python3.7/site-packages/airflow/example_dags/example_params_trigger_ui.py
[2024-05-27T16:50:03.185+0000] {processor.py:799} INFO - Processing file /home/airflow/.local/lib/python3.7/site-packages/airflow/example_dags/example_params_trigger_ui.py for tasks to queue
[2024-05-27T16:50:03.185+0000] {logging_mixin.py:149} INFO - [2024-05-27T16:50:03.185+0000] {dagbag.py:541} INFO - Filling up the DagBag from /home/airflow/.local/lib/python3.7/site-packages/airflow/example_dags/example_params_trigger_ui.py
[2024-05-27T16:50:03.196+0000] {processor.py:809} INFO - DAG(s) dict_keys(['example_params_trigger_ui']) retrieved from /home/airflow/.local/lib/python3.7/site-packages/airflow/example_dags/example_params_trigger_ui.py
[2024-05-27T16:50:03.235+0000] {logging_mixin.py:149} INFO - [2024-05-27T16:50:03.235+0000] {dag.py:2726} INFO - Sync 1 DAGs
[2024-05-27T16:50:03.247+0000] {logging_mixin.py:149} INFO - [2024-05-27T16:50:03.247+0000] {dag.py:3490} INFO - Setting next_dagrun for example_params_trigger_ui to None, run_after=None
[2024-05-27T16:50:03.255+0000] {processor.py:178} INFO - Processing /home/airflow/.local/lib/python3.7/site-packages/airflow/example_dags/example_params_trigger_ui.py took 0.073 seconds
[2024-05-27T16:50:33.411+0000] {processor.py:156} INFO - Started process (PID=1208) to work on /home/airflow/.local/lib/python3.7/site-packages/airflow/example_dags/example_params_trigger_ui.py
[2024-05-27T16:50:33.412+0000] {processor.py:799} INFO - Processing file /home/airflow/.local/lib/python3.7/site-packages/airflow/example_dags/example_params_trigger_ui.py for tasks to queue
[2024-05-27T16:50:33.413+0000] {logging_mixin.py:149} INFO - [2024-05-27T16:50:33.413+0000] {dagbag.py:541} INFO - Filling up the DagBag from /home/airflow/.local/lib/python3.7/site-packages/airflow/example_dags/example_params_trigger_ui.py
[2024-05-27T16:50:33.424+0000] {processor.py:809} INFO - DAG(s) dict_keys(['example_params_trigger_ui']) retrieved from /home/airflow/.local/lib/python3.7/site-packages/airflow/example_dags/example_params_trigger_ui.py
[2024-05-27T16:50:33.460+0000] {logging_mixin.py:149} INFO - [2024-05-27T16:50:33.459+0000] {dag.py:2726} INFO - Sync 1 DAGs
[2024-05-27T16:50:33.471+0000] {logging_mixin.py:149} INFO - [2024-05-27T16:50:33.470+0000] {dag.py:3490} INFO - Setting next_dagrun for example_params_trigger_ui to None, run_after=None
[2024-05-27T16:50:33.479+0000] {processor.py:178} INFO - Processing /home/airflow/.local/lib/python3.7/site-packages/airflow/example_dags/example_params_trigger_ui.py took 0.069 seconds
[2024-05-27T16:51:03.543+0000] {processor.py:156} INFO - Started process (PID=1269) to work on /home/airflow/.local/lib/python3.7/site-packages/airflow/example_dags/example_params_trigger_ui.py
[2024-05-27T16:51:03.543+0000] {processor.py:799} INFO - Processing file /home/airflow/.local/lib/python3.7/site-packages/airflow/example_dags/example_params_trigger_ui.py for tasks to queue
[2024-05-27T16:51:03.544+0000] {logging_mixin.py:149} INFO - [2024-05-27T16:51:03.544+0000] {dagbag.py:541} INFO - Filling up the DagBag from /home/airflow/.local/lib/python3.7/site-packages/airflow/example_dags/example_params_trigger_ui.py
[2024-05-27T16:51:03.555+0000] {processor.py:809} INFO - DAG(s) dict_keys(['example_params_trigger_ui']) retrieved from /home/airflow/.local/lib/python3.7/site-packages/airflow/example_dags/example_params_trigger_ui.py
[2024-05-27T16:51:03.593+0000] {logging_mixin.py:149} INFO - [2024-05-27T16:51:03.593+0000] {dag.py:2726} INFO - Sync 1 DAGs
[2024-05-27T16:51:03.605+0000] {logging_mixin.py:149} INFO - [2024-05-27T16:51:03.605+0000] {dag.py:3490} INFO - Setting next_dagrun for example_params_trigger_ui to None, run_after=None
[2024-05-27T16:51:03.612+0000] {processor.py:178} INFO - Processing /home/airflow/.local/lib/python3.7/site-packages/airflow/example_dags/example_params_trigger_ui.py took 0.071 seconds
[2024-05-27T16:51:34.730+0000] {processor.py:156} INFO - Started process (PID=1330) to work on /home/airflow/.local/lib/python3.7/site-packages/airflow/example_dags/example_params_trigger_ui.py
[2024-05-27T16:51:34.731+0000] {processor.py:799} INFO - Processing file /home/airflow/.local/lib/python3.7/site-packages/airflow/example_dags/example_params_trigger_ui.py for tasks to queue
[2024-05-27T16:51:34.731+0000] {logging_mixin.py:149} INFO - [2024-05-27T16:51:34.731+0000] {dagbag.py:541} INFO - Filling up the DagBag from /home/airflow/.local/lib/python3.7/site-packages/airflow/example_dags/example_params_trigger_ui.py
[2024-05-27T16:51:34.742+0000] {processor.py:809} INFO - DAG(s) dict_keys(['example_params_trigger_ui']) retrieved from /home/airflow/.local/lib/python3.7/site-packages/airflow/example_dags/example_params_trigger_ui.py
[2024-05-27T16:51:34.779+0000] {logging_mixin.py:149} INFO - [2024-05-27T16:51:34.779+0000] {dag.py:2726} INFO - Sync 1 DAGs
[2024-05-27T16:51:34.792+0000] {logging_mixin.py:149} INFO - [2024-05-27T16:51:34.791+0000] {dag.py:3490} INFO - Setting next_dagrun for example_params_trigger_ui to None, run_after=None
[2024-05-27T16:51:34.800+0000] {processor.py:178} INFO - Processing /home/airflow/.local/lib/python3.7/site-packages/airflow/example_dags/example_params_trigger_ui.py took 0.072 seconds
[2024-05-27T16:52:20.701+0000] {processor.py:156} INFO - Started process (PID=1425) to work on /home/airflow/.local/lib/python3.7/site-packages/airflow/example_dags/example_params_trigger_ui.py
[2024-05-27T16:52:20.703+0000] {processor.py:799} INFO - Processing file /home/airflow/.local/lib/python3.7/site-packages/airflow/example_dags/example_params_trigger_ui.py for tasks to queue
[2024-05-27T16:52:20.709+0000] {logging_mixin.py:149} INFO - [2024-05-27T16:52:20.708+0000] {dagbag.py:541} INFO - Filling up the DagBag from /home/airflow/.local/lib/python3.7/site-packages/airflow/example_dags/example_params_trigger_ui.py
[2024-05-27T16:52:20.771+0000] {processor.py:809} INFO - DAG(s) dict_keys(['example_params_trigger_ui']) retrieved from /home/airflow/.local/lib/python3.7/site-packages/airflow/example_dags/example_params_trigger_ui.py
[2024-05-27T16:52:21.121+0000] {logging_mixin.py:149} INFO - [2024-05-27T16:52:21.119+0000] {dag.py:2726} INFO - Sync 1 DAGs
[2024-05-27T16:52:21.234+0000] {logging_mixin.py:149} INFO - [2024-05-27T16:52:21.233+0000] {dag.py:3490} INFO - Setting next_dagrun for example_params_trigger_ui to None, run_after=None
[2024-05-27T16:52:21.321+0000] {processor.py:178} INFO - Processing /home/airflow/.local/lib/python3.7/site-packages/airflow/example_dags/example_params_trigger_ui.py took 0.626 seconds
