[2024-05-27T16:40:21.278+0000] {processor.py:156} INFO - Started process (PID=57) to work on /home/airflow/.local/lib/python3.7/site-packages/airflow/example_dags/example_params_ui_tutorial.py
[2024-05-27T16:40:21.280+0000] {processor.py:799} INFO - Processing file /home/airflow/.local/lib/python3.7/site-packages/airflow/example_dags/example_params_ui_tutorial.py for tasks to queue
[2024-05-27T16:40:21.282+0000] {logging_mixin.py:149} INFO - [2024-05-27T16:40:21.282+0000] {dagbag.py:541} INFO - Filling up the DagBag from /home/airflow/.local/lib/python3.7/site-packages/airflow/example_dags/example_params_ui_tutorial.py
[2024-05-27T16:40:21.321+0000] {processor.py:809} INFO - DAG(s) dict_keys(['example_params_ui_tutorial']) retrieved from /home/airflow/.local/lib/python3.7/site-packages/airflow/example_dags/example_params_ui_tutorial.py
[2024-05-27T16:40:21.460+0000] {logging_mixin.py:149} INFO - [2024-05-27T16:40:21.460+0000] {manager.py:504} INFO - Created Permission View: can delete on DAG:example_params_ui_tutorial
[2024-05-27T16:40:21.468+0000] {logging_mixin.py:149} INFO - [2024-05-27T16:40:21.468+0000] {manager.py:504} INFO - Created Permission View: can read on DAG:example_params_ui_tutorial
[2024-05-27T16:40:21.476+0000] {logging_mixin.py:149} INFO - [2024-05-27T16:40:21.476+0000] {manager.py:504} INFO - Created Permission View: can edit on DAG:example_params_ui_tutorial
[2024-05-27T16:40:21.477+0000] {logging_mixin.py:149} INFO - [2024-05-27T16:40:21.477+0000] {dag.py:2726} INFO - Sync 1 DAGs
[2024-05-27T16:40:21.497+0000] {logging_mixin.py:149} INFO - [2024-05-27T16:40:21.497+0000] {dag.py:2747} INFO - Creating ORM DAG for example_params_ui_tutorial
[2024-05-27T16:40:21.506+0000] {logging_mixin.py:149} INFO - [2024-05-27T16:40:21.505+0000] {dag.py:3490} INFO - Setting next_dagrun for example_params_ui_tutorial to None, run_after=None
[2024-05-27T16:40:21.547+0000] {processor.py:178} INFO - Processing /home/airflow/.local/lib/python3.7/site-packages/airflow/example_dags/example_params_ui_tutorial.py took 0.275 seconds
[2024-05-27T16:40:52.515+0000] {processor.py:156} INFO - Started process (PID=117) to work on /home/airflow/.local/lib/python3.7/site-packages/airflow/example_dags/example_params_ui_tutorial.py
[2024-05-27T16:40:52.517+0000] {processor.py:799} INFO - Processing file /home/airflow/.local/lib/python3.7/site-packages/airflow/example_dags/example_params_ui_tutorial.py for tasks to queue
[2024-05-27T16:40:52.518+0000] {logging_mixin.py:149} INFO - [2024-05-27T16:40:52.518+0000] {dagbag.py:541} INFO - Filling up the DagBag from /home/airflow/.local/lib/python3.7/site-packages/airflow/example_dags/example_params_ui_tutorial.py
[2024-05-27T16:40:52.559+0000] {processor.py:809} INFO - DAG(s) dict_keys(['example_params_ui_tutorial']) retrieved from /home/airflow/.local/lib/python3.7/site-packages/airflow/example_dags/example_params_ui_tutorial.py
[2024-05-27T16:40:52.595+0000] {logging_mixin.py:149} INFO - [2024-05-27T16:40:52.595+0000] {dag.py:2726} INFO - Sync 1 DAGs
[2024-05-27T16:40:52.609+0000] {logging_mixin.py:149} INFO - [2024-05-27T16:40:52.608+0000] {dag.py:3490} INFO - Setting next_dagrun for example_params_ui_tutorial to None, run_after=None
[2024-05-27T16:40:52.617+0000] {processor.py:178} INFO - Processing /home/airflow/.local/lib/python3.7/site-packages/airflow/example_dags/example_params_ui_tutorial.py took 0.108 seconds
[2024-05-27T16:41:22.815+0000] {processor.py:156} INFO - Started process (PID=177) to work on /home/airflow/.local/lib/python3.7/site-packages/airflow/example_dags/example_params_ui_tutorial.py
[2024-05-27T16:41:22.818+0000] {processor.py:799} INFO - Processing file /home/airflow/.local/lib/python3.7/site-packages/airflow/example_dags/example_params_ui_tutorial.py for tasks to queue
[2024-05-27T16:41:22.819+0000] {logging_mixin.py:149} INFO - [2024-05-27T16:41:22.819+0000] {dagbag.py:541} INFO - Filling up the DagBag from /home/airflow/.local/lib/python3.7/site-packages/airflow/example_dags/example_params_ui_tutorial.py
[2024-05-27T16:41:22.855+0000] {processor.py:809} INFO - DAG(s) dict_keys(['example_params_ui_tutorial']) retrieved from /home/airflow/.local/lib/python3.7/site-packages/airflow/example_dags/example_params_ui_tutorial.py
[2024-05-27T16:41:22.884+0000] {logging_mixin.py:149} INFO - [2024-05-27T16:41:22.884+0000] {dag.py:2726} INFO - Sync 1 DAGs
[2024-05-27T16:41:22.897+0000] {logging_mixin.py:149} INFO - [2024-05-27T16:41:22.897+0000] {dag.py:3490} INFO - Setting next_dagrun for example_params_ui_tutorial to None, run_after=None
[2024-05-27T16:41:22.906+0000] {processor.py:178} INFO - Processing /home/airflow/.local/lib/python3.7/site-packages/airflow/example_dags/example_params_ui_tutorial.py took 0.098 seconds
[2024-05-27T16:41:53.861+0000] {processor.py:156} INFO - Started process (PID=237) to work on /home/airflow/.local/lib/python3.7/site-packages/airflow/example_dags/example_params_ui_tutorial.py
[2024-05-27T16:41:53.863+0000] {processor.py:799} INFO - Processing file /home/airflow/.local/lib/python3.7/site-packages/airflow/example_dags/example_params_ui_tutorial.py for tasks to queue
[2024-05-27T16:41:53.864+0000] {logging_mixin.py:149} INFO - [2024-05-27T16:41:53.864+0000] {dagbag.py:541} INFO - Filling up the DagBag from /home/airflow/.local/lib/python3.7/site-packages/airflow/example_dags/example_params_ui_tutorial.py
[2024-05-27T16:41:53.897+0000] {processor.py:809} INFO - DAG(s) dict_keys(['example_params_ui_tutorial']) retrieved from /home/airflow/.local/lib/python3.7/site-packages/airflow/example_dags/example_params_ui_tutorial.py
[2024-05-27T16:41:53.928+0000] {logging_mixin.py:149} INFO - [2024-05-27T16:41:53.928+0000] {dag.py:2726} INFO - Sync 1 DAGs
[2024-05-27T16:41:53.941+0000] {logging_mixin.py:149} INFO - [2024-05-27T16:41:53.941+0000] {dag.py:3490} INFO - Setting next_dagrun for example_params_ui_tutorial to None, run_after=None
[2024-05-27T16:41:53.950+0000] {processor.py:178} INFO - Processing /home/airflow/.local/lib/python3.7/site-packages/airflow/example_dags/example_params_ui_tutorial.py took 0.094 seconds
[2024-05-27T16:42:24.152+0000] {processor.py:156} INFO - Started process (PID=297) to work on /home/airflow/.local/lib/python3.7/site-packages/airflow/example_dags/example_params_ui_tutorial.py
[2024-05-27T16:42:24.155+0000] {processor.py:799} INFO - Processing file /home/airflow/.local/lib/python3.7/site-packages/airflow/example_dags/example_params_ui_tutorial.py for tasks to queue
[2024-05-27T16:42:24.156+0000] {logging_mixin.py:149} INFO - [2024-05-27T16:42:24.156+0000] {dagbag.py:541} INFO - Filling up the DagBag from /home/airflow/.local/lib/python3.7/site-packages/airflow/example_dags/example_params_ui_tutorial.py
[2024-05-27T16:42:24.194+0000] {processor.py:809} INFO - DAG(s) dict_keys(['example_params_ui_tutorial']) retrieved from /home/airflow/.local/lib/python3.7/site-packages/airflow/example_dags/example_params_ui_tutorial.py
[2024-05-27T16:42:24.229+0000] {logging_mixin.py:149} INFO - [2024-05-27T16:42:24.229+0000] {dag.py:2726} INFO - Sync 1 DAGs
[2024-05-27T16:42:24.243+0000] {logging_mixin.py:149} INFO - [2024-05-27T16:42:24.243+0000] {dag.py:3490} INFO - Setting next_dagrun for example_params_ui_tutorial to None, run_after=None
[2024-05-27T16:42:24.252+0000] {processor.py:178} INFO - Processing /home/airflow/.local/lib/python3.7/site-packages/airflow/example_dags/example_params_ui_tutorial.py took 0.107 seconds
[2024-05-27T16:42:54.292+0000] {processor.py:156} INFO - Started process (PID=357) to work on /home/airflow/.local/lib/python3.7/site-packages/airflow/example_dags/example_params_ui_tutorial.py
[2024-05-27T16:42:54.294+0000] {processor.py:799} INFO - Processing file /home/airflow/.local/lib/python3.7/site-packages/airflow/example_dags/example_params_ui_tutorial.py for tasks to queue
[2024-05-27T16:42:54.295+0000] {logging_mixin.py:149} INFO - [2024-05-27T16:42:54.295+0000] {dagbag.py:541} INFO - Filling up the DagBag from /home/airflow/.local/lib/python3.7/site-packages/airflow/example_dags/example_params_ui_tutorial.py
[2024-05-27T16:42:54.330+0000] {processor.py:809} INFO - DAG(s) dict_keys(['example_params_ui_tutorial']) retrieved from /home/airflow/.local/lib/python3.7/site-packages/airflow/example_dags/example_params_ui_tutorial.py
[2024-05-27T16:42:54.362+0000] {logging_mixin.py:149} INFO - [2024-05-27T16:42:54.362+0000] {dag.py:2726} INFO - Sync 1 DAGs
[2024-05-27T16:42:54.374+0000] {logging_mixin.py:149} INFO - [2024-05-27T16:42:54.374+0000] {dag.py:3490} INFO - Setting next_dagrun for example_params_ui_tutorial to None, run_after=None
[2024-05-27T16:42:54.383+0000] {processor.py:178} INFO - Processing /home/airflow/.local/lib/python3.7/site-packages/airflow/example_dags/example_params_ui_tutorial.py took 0.096 seconds
[2024-05-27T16:43:25.175+0000] {processor.py:156} INFO - Started process (PID=417) to work on /home/airflow/.local/lib/python3.7/site-packages/airflow/example_dags/example_params_ui_tutorial.py
[2024-05-27T16:43:25.176+0000] {processor.py:799} INFO - Processing file /home/airflow/.local/lib/python3.7/site-packages/airflow/example_dags/example_params_ui_tutorial.py for tasks to queue
[2024-05-27T16:43:25.178+0000] {logging_mixin.py:149} INFO - [2024-05-27T16:43:25.177+0000] {dagbag.py:541} INFO - Filling up the DagBag from /home/airflow/.local/lib/python3.7/site-packages/airflow/example_dags/example_params_ui_tutorial.py
[2024-05-27T16:43:25.211+0000] {processor.py:809} INFO - DAG(s) dict_keys(['example_params_ui_tutorial']) retrieved from /home/airflow/.local/lib/python3.7/site-packages/airflow/example_dags/example_params_ui_tutorial.py
[2024-05-27T16:43:25.242+0000] {logging_mixin.py:149} INFO - [2024-05-27T16:43:25.241+0000] {dag.py:2726} INFO - Sync 1 DAGs
[2024-05-27T16:43:25.254+0000] {logging_mixin.py:149} INFO - [2024-05-27T16:43:25.254+0000] {dag.py:3490} INFO - Setting next_dagrun for example_params_ui_tutorial to None, run_after=None
[2024-05-27T16:43:25.263+0000] {processor.py:178} INFO - Processing /home/airflow/.local/lib/python3.7/site-packages/airflow/example_dags/example_params_ui_tutorial.py took 0.095 seconds
[2024-05-27T16:43:56.024+0000] {processor.py:156} INFO - Started process (PID=477) to work on /home/airflow/.local/lib/python3.7/site-packages/airflow/example_dags/example_params_ui_tutorial.py
[2024-05-27T16:43:56.025+0000] {processor.py:799} INFO - Processing file /home/airflow/.local/lib/python3.7/site-packages/airflow/example_dags/example_params_ui_tutorial.py for tasks to queue
[2024-05-27T16:43:56.026+0000] {logging_mixin.py:149} INFO - [2024-05-27T16:43:56.026+0000] {dagbag.py:541} INFO - Filling up the DagBag from /home/airflow/.local/lib/python3.7/site-packages/airflow/example_dags/example_params_ui_tutorial.py
[2024-05-27T16:43:56.062+0000] {processor.py:809} INFO - DAG(s) dict_keys(['example_params_ui_tutorial']) retrieved from /home/airflow/.local/lib/python3.7/site-packages/airflow/example_dags/example_params_ui_tutorial.py
[2024-05-27T16:43:56.094+0000] {logging_mixin.py:149} INFO - [2024-05-27T16:43:56.094+0000] {dag.py:2726} INFO - Sync 1 DAGs
[2024-05-27T16:43:56.108+0000] {logging_mixin.py:149} INFO - [2024-05-27T16:43:56.108+0000] {dag.py:3490} INFO - Setting next_dagrun for example_params_ui_tutorial to None, run_after=None
[2024-05-27T16:43:56.117+0000] {processor.py:178} INFO - Processing /home/airflow/.local/lib/python3.7/site-packages/airflow/example_dags/example_params_ui_tutorial.py took 0.098 seconds
[2024-05-27T16:44:26.932+0000] {processor.py:156} INFO - Started process (PID=537) to work on /home/airflow/.local/lib/python3.7/site-packages/airflow/example_dags/example_params_ui_tutorial.py
[2024-05-27T16:44:26.933+0000] {processor.py:799} INFO - Processing file /home/airflow/.local/lib/python3.7/site-packages/airflow/example_dags/example_params_ui_tutorial.py for tasks to queue
[2024-05-27T16:44:26.934+0000] {logging_mixin.py:149} INFO - [2024-05-27T16:44:26.934+0000] {dagbag.py:541} INFO - Filling up the DagBag from /home/airflow/.local/lib/python3.7/site-packages/airflow/example_dags/example_params_ui_tutorial.py
[2024-05-27T16:44:26.965+0000] {processor.py:809} INFO - DAG(s) dict_keys(['example_params_ui_tutorial']) retrieved from /home/airflow/.local/lib/python3.7/site-packages/airflow/example_dags/example_params_ui_tutorial.py
[2024-05-27T16:44:27.002+0000] {logging_mixin.py:149} INFO - [2024-05-27T16:44:27.002+0000] {dag.py:2726} INFO - Sync 1 DAGs
[2024-05-27T16:44:27.015+0000] {logging_mixin.py:149} INFO - [2024-05-27T16:44:27.015+0000] {dag.py:3490} INFO - Setting next_dagrun for example_params_ui_tutorial to None, run_after=None
[2024-05-27T16:44:27.024+0000] {processor.py:178} INFO - Processing /home/airflow/.local/lib/python3.7/site-packages/airflow/example_dags/example_params_ui_tutorial.py took 0.099 seconds
[2024-05-27T16:44:57.070+0000] {processor.py:156} INFO - Started process (PID=597) to work on /home/airflow/.local/lib/python3.7/site-packages/airflow/example_dags/example_params_ui_tutorial.py
[2024-05-27T16:44:57.072+0000] {processor.py:799} INFO - Processing file /home/airflow/.local/lib/python3.7/site-packages/airflow/example_dags/example_params_ui_tutorial.py for tasks to queue
[2024-05-27T16:44:57.073+0000] {logging_mixin.py:149} INFO - [2024-05-27T16:44:57.073+0000] {dagbag.py:541} INFO - Filling up the DagBag from /home/airflow/.local/lib/python3.7/site-packages/airflow/example_dags/example_params_ui_tutorial.py
[2024-05-27T16:44:57.109+0000] {processor.py:809} INFO - DAG(s) dict_keys(['example_params_ui_tutorial']) retrieved from /home/airflow/.local/lib/python3.7/site-packages/airflow/example_dags/example_params_ui_tutorial.py
[2024-05-27T16:44:57.140+0000] {logging_mixin.py:149} INFO - [2024-05-27T16:44:57.140+0000] {dag.py:2726} INFO - Sync 1 DAGs
[2024-05-27T16:44:57.152+0000] {logging_mixin.py:149} INFO - [2024-05-27T16:44:57.152+0000] {dag.py:3490} INFO - Setting next_dagrun for example_params_ui_tutorial to None, run_after=None
[2024-05-27T16:44:57.160+0000] {processor.py:178} INFO - Processing /home/airflow/.local/lib/python3.7/site-packages/airflow/example_dags/example_params_ui_tutorial.py took 0.096 seconds
[2024-05-27T16:45:27.959+0000] {processor.py:156} INFO - Started process (PID=657) to work on /home/airflow/.local/lib/python3.7/site-packages/airflow/example_dags/example_params_ui_tutorial.py
[2024-05-27T16:45:27.961+0000] {processor.py:799} INFO - Processing file /home/airflow/.local/lib/python3.7/site-packages/airflow/example_dags/example_params_ui_tutorial.py for tasks to queue
[2024-05-27T16:45:27.962+0000] {logging_mixin.py:149} INFO - [2024-05-27T16:45:27.962+0000] {dagbag.py:541} INFO - Filling up the DagBag from /home/airflow/.local/lib/python3.7/site-packages/airflow/example_dags/example_params_ui_tutorial.py
[2024-05-27T16:45:27.998+0000] {processor.py:809} INFO - DAG(s) dict_keys(['example_params_ui_tutorial']) retrieved from /home/airflow/.local/lib/python3.7/site-packages/airflow/example_dags/example_params_ui_tutorial.py
[2024-05-27T16:45:28.028+0000] {logging_mixin.py:149} INFO - [2024-05-27T16:45:28.028+0000] {dag.py:2726} INFO - Sync 1 DAGs
[2024-05-27T16:45:28.041+0000] {logging_mixin.py:149} INFO - [2024-05-27T16:45:28.041+0000] {dag.py:3490} INFO - Setting next_dagrun for example_params_ui_tutorial to None, run_after=None
[2024-05-27T16:45:28.050+0000] {processor.py:178} INFO - Processing /home/airflow/.local/lib/python3.7/site-packages/airflow/example_dags/example_params_ui_tutorial.py took 0.096 seconds
[2024-05-27T16:45:58.750+0000] {processor.py:156} INFO - Started process (PID=717) to work on /home/airflow/.local/lib/python3.7/site-packages/airflow/example_dags/example_params_ui_tutorial.py
[2024-05-27T16:45:58.752+0000] {processor.py:799} INFO - Processing file /home/airflow/.local/lib/python3.7/site-packages/airflow/example_dags/example_params_ui_tutorial.py for tasks to queue
[2024-05-27T16:45:58.753+0000] {logging_mixin.py:149} INFO - [2024-05-27T16:45:58.753+0000] {dagbag.py:541} INFO - Filling up the DagBag from /home/airflow/.local/lib/python3.7/site-packages/airflow/example_dags/example_params_ui_tutorial.py
[2024-05-27T16:45:58.785+0000] {processor.py:809} INFO - DAG(s) dict_keys(['example_params_ui_tutorial']) retrieved from /home/airflow/.local/lib/python3.7/site-packages/airflow/example_dags/example_params_ui_tutorial.py
[2024-05-27T16:45:58.816+0000] {logging_mixin.py:149} INFO - [2024-05-27T16:45:58.816+0000] {dag.py:2726} INFO - Sync 1 DAGs
[2024-05-27T16:45:58.828+0000] {logging_mixin.py:149} INFO - [2024-05-27T16:45:58.828+0000] {dag.py:3490} INFO - Setting next_dagrun for example_params_ui_tutorial to None, run_after=None
[2024-05-27T16:45:58.839+0000] {processor.py:178} INFO - Processing /home/airflow/.local/lib/python3.7/site-packages/airflow/example_dags/example_params_ui_tutorial.py took 0.094 seconds
[2024-05-27T16:46:28.926+0000] {processor.py:156} INFO - Started process (PID=777) to work on /home/airflow/.local/lib/python3.7/site-packages/airflow/example_dags/example_params_ui_tutorial.py
[2024-05-27T16:46:28.927+0000] {processor.py:799} INFO - Processing file /home/airflow/.local/lib/python3.7/site-packages/airflow/example_dags/example_params_ui_tutorial.py for tasks to queue
[2024-05-27T16:46:28.928+0000] {logging_mixin.py:149} INFO - [2024-05-27T16:46:28.928+0000] {dagbag.py:541} INFO - Filling up the DagBag from /home/airflow/.local/lib/python3.7/site-packages/airflow/example_dags/example_params_ui_tutorial.py
[2024-05-27T16:46:28.960+0000] {processor.py:809} INFO - DAG(s) dict_keys(['example_params_ui_tutorial']) retrieved from /home/airflow/.local/lib/python3.7/site-packages/airflow/example_dags/example_params_ui_tutorial.py
[2024-05-27T16:46:28.991+0000] {logging_mixin.py:149} INFO - [2024-05-27T16:46:28.991+0000] {dag.py:2726} INFO - Sync 1 DAGs
[2024-05-27T16:46:29.003+0000] {logging_mixin.py:149} INFO - [2024-05-27T16:46:29.003+0000] {dag.py:3490} INFO - Setting next_dagrun for example_params_ui_tutorial to None, run_after=None
[2024-05-27T16:46:29.012+0000] {processor.py:178} INFO - Processing /home/airflow/.local/lib/python3.7/site-packages/airflow/example_dags/example_params_ui_tutorial.py took 0.092 seconds
[2024-05-27T16:46:59.763+0000] {processor.py:156} INFO - Started process (PID=837) to work on /home/airflow/.local/lib/python3.7/site-packages/airflow/example_dags/example_params_ui_tutorial.py
[2024-05-27T16:46:59.764+0000] {processor.py:799} INFO - Processing file /home/airflow/.local/lib/python3.7/site-packages/airflow/example_dags/example_params_ui_tutorial.py for tasks to queue
[2024-05-27T16:46:59.765+0000] {logging_mixin.py:149} INFO - [2024-05-27T16:46:59.765+0000] {dagbag.py:541} INFO - Filling up the DagBag from /home/airflow/.local/lib/python3.7/site-packages/airflow/example_dags/example_params_ui_tutorial.py
[2024-05-27T16:46:59.804+0000] {processor.py:809} INFO - DAG(s) dict_keys(['example_params_ui_tutorial']) retrieved from /home/airflow/.local/lib/python3.7/site-packages/airflow/example_dags/example_params_ui_tutorial.py
[2024-05-27T16:46:59.837+0000] {logging_mixin.py:149} INFO - [2024-05-27T16:46:59.837+0000] {dag.py:2726} INFO - Sync 1 DAGs
[2024-05-27T16:46:59.851+0000] {logging_mixin.py:149} INFO - [2024-05-27T16:46:59.851+0000] {dag.py:3490} INFO - Setting next_dagrun for example_params_ui_tutorial to None, run_after=None
[2024-05-27T16:46:59.859+0000] {processor.py:178} INFO - Processing /home/airflow/.local/lib/python3.7/site-packages/airflow/example_dags/example_params_ui_tutorial.py took 0.103 seconds
[2024-05-27T16:47:30.522+0000] {processor.py:156} INFO - Started process (PID=897) to work on /home/airflow/.local/lib/python3.7/site-packages/airflow/example_dags/example_params_ui_tutorial.py
[2024-05-27T16:47:30.523+0000] {processor.py:799} INFO - Processing file /home/airflow/.local/lib/python3.7/site-packages/airflow/example_dags/example_params_ui_tutorial.py for tasks to queue
[2024-05-27T16:47:30.524+0000] {logging_mixin.py:149} INFO - [2024-05-27T16:47:30.524+0000] {dagbag.py:541} INFO - Filling up the DagBag from /home/airflow/.local/lib/python3.7/site-packages/airflow/example_dags/example_params_ui_tutorial.py
[2024-05-27T16:47:30.577+0000] {processor.py:809} INFO - DAG(s) dict_keys(['example_params_ui_tutorial']) retrieved from /home/airflow/.local/lib/python3.7/site-packages/airflow/example_dags/example_params_ui_tutorial.py
[2024-05-27T16:47:30.619+0000] {logging_mixin.py:149} INFO - [2024-05-27T16:47:30.619+0000] {dag.py:2726} INFO - Sync 1 DAGs
[2024-05-27T16:47:30.634+0000] {logging_mixin.py:149} INFO - [2024-05-27T16:47:30.633+0000] {dag.py:3490} INFO - Setting next_dagrun for example_params_ui_tutorial to None, run_after=None
[2024-05-27T16:47:30.643+0000] {processor.py:178} INFO - Processing /home/airflow/.local/lib/python3.7/site-packages/airflow/example_dags/example_params_ui_tutorial.py took 0.126 seconds
[2024-05-27T16:48:01.327+0000] {processor.py:156} INFO - Started process (PID=957) to work on /home/airflow/.local/lib/python3.7/site-packages/airflow/example_dags/example_params_ui_tutorial.py
[2024-05-27T16:48:01.328+0000] {processor.py:799} INFO - Processing file /home/airflow/.local/lib/python3.7/site-packages/airflow/example_dags/example_params_ui_tutorial.py for tasks to queue
[2024-05-27T16:48:01.328+0000] {logging_mixin.py:149} INFO - [2024-05-27T16:48:01.328+0000] {dagbag.py:541} INFO - Filling up the DagBag from /home/airflow/.local/lib/python3.7/site-packages/airflow/example_dags/example_params_ui_tutorial.py
[2024-05-27T16:48:01.352+0000] {processor.py:809} INFO - DAG(s) dict_keys(['example_params_ui_tutorial']) retrieved from /home/airflow/.local/lib/python3.7/site-packages/airflow/example_dags/example_params_ui_tutorial.py
[2024-05-27T16:48:01.387+0000] {logging_mixin.py:149} INFO - [2024-05-27T16:48:01.387+0000] {dag.py:2726} INFO - Sync 1 DAGs
[2024-05-27T16:48:01.400+0000] {logging_mixin.py:149} INFO - [2024-05-27T16:48:01.400+0000] {dag.py:3490} INFO - Setting next_dagrun for example_params_ui_tutorial to None, run_after=None
[2024-05-27T16:48:01.409+0000] {processor.py:178} INFO - Processing /home/airflow/.local/lib/python3.7/site-packages/airflow/example_dags/example_params_ui_tutorial.py took 0.084 seconds
[2024-05-27T16:48:32.086+0000] {processor.py:156} INFO - Started process (PID=1017) to work on /home/airflow/.local/lib/python3.7/site-packages/airflow/example_dags/example_params_ui_tutorial.py
[2024-05-27T16:48:32.087+0000] {processor.py:799} INFO - Processing file /home/airflow/.local/lib/python3.7/site-packages/airflow/example_dags/example_params_ui_tutorial.py for tasks to queue
[2024-05-27T16:48:32.087+0000] {logging_mixin.py:149} INFO - [2024-05-27T16:48:32.087+0000] {dagbag.py:541} INFO - Filling up the DagBag from /home/airflow/.local/lib/python3.7/site-packages/airflow/example_dags/example_params_ui_tutorial.py
[2024-05-27T16:48:32.109+0000] {processor.py:809} INFO - DAG(s) dict_keys(['example_params_ui_tutorial']) retrieved from /home/airflow/.local/lib/python3.7/site-packages/airflow/example_dags/example_params_ui_tutorial.py
[2024-05-27T16:48:32.141+0000] {logging_mixin.py:149} INFO - [2024-05-27T16:48:32.141+0000] {dag.py:2726} INFO - Sync 1 DAGs
[2024-05-27T16:48:32.154+0000] {logging_mixin.py:149} INFO - [2024-05-27T16:48:32.154+0000] {dag.py:3490} INFO - Setting next_dagrun for example_params_ui_tutorial to None, run_after=None
[2024-05-27T16:48:32.163+0000] {processor.py:178} INFO - Processing /home/airflow/.local/lib/python3.7/site-packages/airflow/example_dags/example_params_ui_tutorial.py took 0.080 seconds
[2024-05-27T16:49:02.803+0000] {processor.py:156} INFO - Started process (PID=1077) to work on /home/airflow/.local/lib/python3.7/site-packages/airflow/example_dags/example_params_ui_tutorial.py
[2024-05-27T16:49:02.804+0000] {processor.py:799} INFO - Processing file /home/airflow/.local/lib/python3.7/site-packages/airflow/example_dags/example_params_ui_tutorial.py for tasks to queue
[2024-05-27T16:49:02.805+0000] {logging_mixin.py:149} INFO - [2024-05-27T16:49:02.805+0000] {dagbag.py:541} INFO - Filling up the DagBag from /home/airflow/.local/lib/python3.7/site-packages/airflow/example_dags/example_params_ui_tutorial.py
[2024-05-27T16:49:02.839+0000] {processor.py:809} INFO - DAG(s) dict_keys(['example_params_ui_tutorial']) retrieved from /home/airflow/.local/lib/python3.7/site-packages/airflow/example_dags/example_params_ui_tutorial.py
[2024-05-27T16:49:02.871+0000] {logging_mixin.py:149} INFO - [2024-05-27T16:49:02.871+0000] {dag.py:2726} INFO - Sync 1 DAGs
[2024-05-27T16:49:02.885+0000] {logging_mixin.py:149} INFO - [2024-05-27T16:49:02.885+0000] {dag.py:3490} INFO - Setting next_dagrun for example_params_ui_tutorial to None, run_after=None
[2024-05-27T16:49:02.893+0000] {processor.py:178} INFO - Processing /home/airflow/.local/lib/python3.7/site-packages/airflow/example_dags/example_params_ui_tutorial.py took 0.095 seconds
[2024-05-27T16:50:02.897+0000] {processor.py:156} INFO - Started process (PID=1137) to work on /home/airflow/.local/lib/python3.7/site-packages/airflow/example_dags/example_params_ui_tutorial.py
[2024-05-27T16:50:02.898+0000] {processor.py:799} INFO - Processing file /home/airflow/.local/lib/python3.7/site-packages/airflow/example_dags/example_params_ui_tutorial.py for tasks to queue
[2024-05-27T16:50:02.898+0000] {logging_mixin.py:149} INFO - [2024-05-27T16:50:02.898+0000] {dagbag.py:541} INFO - Filling up the DagBag from /home/airflow/.local/lib/python3.7/site-packages/airflow/example_dags/example_params_ui_tutorial.py
[2024-05-27T16:50:02.922+0000] {processor.py:809} INFO - DAG(s) dict_keys(['example_params_ui_tutorial']) retrieved from /home/airflow/.local/lib/python3.7/site-packages/airflow/example_dags/example_params_ui_tutorial.py
[2024-05-27T16:50:02.952+0000] {logging_mixin.py:149} INFO - [2024-05-27T16:50:02.952+0000] {dag.py:2726} INFO - Sync 1 DAGs
[2024-05-27T16:50:02.964+0000] {logging_mixin.py:149} INFO - [2024-05-27T16:50:02.964+0000] {dag.py:3490} INFO - Setting next_dagrun for example_params_ui_tutorial to None, run_after=None
[2024-05-27T16:50:02.973+0000] {processor.py:178} INFO - Processing /home/airflow/.local/lib/python3.7/site-packages/airflow/example_dags/example_params_ui_tutorial.py took 0.078 seconds
[2024-05-27T16:50:33.120+0000] {processor.py:156} INFO - Started process (PID=1198) to work on /home/airflow/.local/lib/python3.7/site-packages/airflow/example_dags/example_params_ui_tutorial.py
[2024-05-27T16:50:33.121+0000] {processor.py:799} INFO - Processing file /home/airflow/.local/lib/python3.7/site-packages/airflow/example_dags/example_params_ui_tutorial.py for tasks to queue
[2024-05-27T16:50:33.121+0000] {logging_mixin.py:149} INFO - [2024-05-27T16:50:33.121+0000] {dagbag.py:541} INFO - Filling up the DagBag from /home/airflow/.local/lib/python3.7/site-packages/airflow/example_dags/example_params_ui_tutorial.py
[2024-05-27T16:50:33.142+0000] {processor.py:809} INFO - DAG(s) dict_keys(['example_params_ui_tutorial']) retrieved from /home/airflow/.local/lib/python3.7/site-packages/airflow/example_dags/example_params_ui_tutorial.py
[2024-05-27T16:50:33.171+0000] {logging_mixin.py:149} INFO - [2024-05-27T16:50:33.171+0000] {dag.py:2726} INFO - Sync 1 DAGs
[2024-05-27T16:50:33.183+0000] {logging_mixin.py:149} INFO - [2024-05-27T16:50:33.183+0000] {dag.py:3490} INFO - Setting next_dagrun for example_params_ui_tutorial to None, run_after=None
[2024-05-27T16:50:33.191+0000] {processor.py:178} INFO - Processing /home/airflow/.local/lib/python3.7/site-packages/airflow/example_dags/example_params_ui_tutorial.py took 0.073 seconds
[2024-05-27T16:51:03.253+0000] {processor.py:156} INFO - Started process (PID=1259) to work on /home/airflow/.local/lib/python3.7/site-packages/airflow/example_dags/example_params_ui_tutorial.py
[2024-05-27T16:51:03.254+0000] {processor.py:799} INFO - Processing file /home/airflow/.local/lib/python3.7/site-packages/airflow/example_dags/example_params_ui_tutorial.py for tasks to queue
[2024-05-27T16:51:03.254+0000] {logging_mixin.py:149} INFO - [2024-05-27T16:51:03.254+0000] {dagbag.py:541} INFO - Filling up the DagBag from /home/airflow/.local/lib/python3.7/site-packages/airflow/example_dags/example_params_ui_tutorial.py
[2024-05-27T16:51:03.275+0000] {processor.py:809} INFO - DAG(s) dict_keys(['example_params_ui_tutorial']) retrieved from /home/airflow/.local/lib/python3.7/site-packages/airflow/example_dags/example_params_ui_tutorial.py
[2024-05-27T16:51:03.306+0000] {logging_mixin.py:149} INFO - [2024-05-27T16:51:03.306+0000] {dag.py:2726} INFO - Sync 1 DAGs
[2024-05-27T16:51:03.318+0000] {logging_mixin.py:149} INFO - [2024-05-27T16:51:03.318+0000] {dag.py:3490} INFO - Setting next_dagrun for example_params_ui_tutorial to None, run_after=None
[2024-05-27T16:51:03.327+0000] {processor.py:178} INFO - Processing /home/airflow/.local/lib/python3.7/site-packages/airflow/example_dags/example_params_ui_tutorial.py took 0.076 seconds
[2024-05-27T16:51:34.440+0000] {processor.py:156} INFO - Started process (PID=1320) to work on /home/airflow/.local/lib/python3.7/site-packages/airflow/example_dags/example_params_ui_tutorial.py
[2024-05-27T16:51:34.441+0000] {processor.py:799} INFO - Processing file /home/airflow/.local/lib/python3.7/site-packages/airflow/example_dags/example_params_ui_tutorial.py for tasks to queue
[2024-05-27T16:51:34.441+0000] {logging_mixin.py:149} INFO - [2024-05-27T16:51:34.441+0000] {dagbag.py:541} INFO - Filling up the DagBag from /home/airflow/.local/lib/python3.7/site-packages/airflow/example_dags/example_params_ui_tutorial.py
[2024-05-27T16:51:34.463+0000] {processor.py:809} INFO - DAG(s) dict_keys(['example_params_ui_tutorial']) retrieved from /home/airflow/.local/lib/python3.7/site-packages/airflow/example_dags/example_params_ui_tutorial.py
[2024-05-27T16:51:34.494+0000] {logging_mixin.py:149} INFO - [2024-05-27T16:51:34.494+0000] {dag.py:2726} INFO - Sync 1 DAGs
[2024-05-27T16:51:34.507+0000] {logging_mixin.py:149} INFO - [2024-05-27T16:51:34.507+0000] {dag.py:3490} INFO - Setting next_dagrun for example_params_ui_tutorial to None, run_after=None
[2024-05-27T16:51:34.515+0000] {processor.py:178} INFO - Processing /home/airflow/.local/lib/python3.7/site-packages/airflow/example_dags/example_params_ui_tutorial.py took 0.077 seconds
[2024-05-27T16:52:19.051+0000] {processor.py:156} INFO - Started process (PID=1408) to work on /home/airflow/.local/lib/python3.7/site-packages/airflow/example_dags/example_params_ui_tutorial.py
[2024-05-27T16:52:19.070+0000] {processor.py:799} INFO - Processing file /home/airflow/.local/lib/python3.7/site-packages/airflow/example_dags/example_params_ui_tutorial.py for tasks to queue
[2024-05-27T16:52:19.076+0000] {logging_mixin.py:149} INFO - [2024-05-27T16:52:19.075+0000] {dagbag.py:541} INFO - Filling up the DagBag from /home/airflow/.local/lib/python3.7/site-packages/airflow/example_dags/example_params_ui_tutorial.py
[2024-05-27T16:52:19.232+0000] {processor.py:809} INFO - DAG(s) dict_keys(['example_params_ui_tutorial']) retrieved from /home/airflow/.local/lib/python3.7/site-packages/airflow/example_dags/example_params_ui_tutorial.py
[2024-05-27T16:52:19.495+0000] {logging_mixin.py:149} INFO - [2024-05-27T16:52:19.495+0000] {dag.py:2726} INFO - Sync 1 DAGs
[2024-05-27T16:52:19.573+0000] {logging_mixin.py:149} INFO - [2024-05-27T16:52:19.573+0000] {dag.py:3490} INFO - Setting next_dagrun for example_params_ui_tutorial to None, run_after=None
[2024-05-27T16:52:19.605+0000] {processor.py:178} INFO - Processing /home/airflow/.local/lib/python3.7/site-packages/airflow/example_dags/example_params_ui_tutorial.py took 0.570 seconds
