[2024-05-27T16:40:20.981+0000] {processor.py:156} INFO - Started process (PID=54) to work on /home/airflow/.local/lib/python3.7/site-packages/airflow/example_dags/example_external_task_marker_dag.py
[2024-05-27T16:40:20.984+0000] {processor.py:799} INFO - Processing file /home/airflow/.local/lib/python3.7/site-packages/airflow/example_dags/example_external_task_marker_dag.py for tasks to queue
[2024-05-27T16:40:20.985+0000] {logging_mixin.py:149} INFO - [2024-05-27T16:40:20.985+0000] {dagbag.py:541} INFO - Filling up the DagBag from /home/airflow/.local/lib/python3.7/site-packages/airflow/example_dags/example_external_task_marker_dag.py
[2024-05-27T16:40:20.999+0000] {processor.py:809} INFO - DAG(s) dict_keys(['example_external_task_marker_child', 'example_external_task_marker_parent']) retrieved from /home/airflow/.local/lib/python3.7/site-packages/airflow/example_dags/example_external_task_marker_dag.py
[2024-05-27T16:40:21.129+0000] {logging_mixin.py:149} INFO - [2024-05-27T16:40:21.129+0000] {manager.py:504} INFO - Created Permission View: can delete on DAG:example_external_task_marker_child
[2024-05-27T16:40:21.134+0000] {logging_mixin.py:149} INFO - [2024-05-27T16:40:21.134+0000] {manager.py:504} INFO - Created Permission View: can read on DAG:example_external_task_marker_child
[2024-05-27T16:40:21.138+0000] {logging_mixin.py:149} INFO - [2024-05-27T16:40:21.138+0000] {manager.py:504} INFO - Created Permission View: can edit on DAG:example_external_task_marker_child
[2024-05-27T16:40:21.146+0000] {logging_mixin.py:149} INFO - [2024-05-27T16:40:21.146+0000] {manager.py:504} INFO - Created Permission View: can delete on DAG:example_external_task_marker_parent
[2024-05-27T16:40:21.150+0000] {logging_mixin.py:149} INFO - [2024-05-27T16:40:21.150+0000] {manager.py:504} INFO - Created Permission View: can read on DAG:example_external_task_marker_parent
[2024-05-27T16:40:21.154+0000] {logging_mixin.py:149} INFO - [2024-05-27T16:40:21.154+0000] {manager.py:504} INFO - Created Permission View: can edit on DAG:example_external_task_marker_parent
[2024-05-27T16:40:21.154+0000] {logging_mixin.py:149} INFO - [2024-05-27T16:40:21.154+0000] {dag.py:2726} INFO - Sync 2 DAGs
[2024-05-27T16:40:21.166+0000] {logging_mixin.py:149} INFO - [2024-05-27T16:40:21.166+0000] {dag.py:2747} INFO - Creating ORM DAG for example_external_task_marker_child
[2024-05-27T16:40:21.168+0000] {logging_mixin.py:149} INFO - [2024-05-27T16:40:21.168+0000] {dag.py:2747} INFO - Creating ORM DAG for example_external_task_marker_parent
[2024-05-27T16:40:21.182+0000] {logging_mixin.py:149} INFO - [2024-05-27T16:40:21.181+0000] {dag.py:3490} INFO - Setting next_dagrun for example_external_task_marker_child to None, run_after=None
[2024-05-27T16:40:21.182+0000] {logging_mixin.py:149} INFO - [2024-05-27T16:40:21.182+0000] {dag.py:3490} INFO - Setting next_dagrun for example_external_task_marker_parent to None, run_after=None
[2024-05-27T16:40:21.207+0000] {processor.py:178} INFO - Processing /home/airflow/.local/lib/python3.7/site-packages/airflow/example_dags/example_external_task_marker_dag.py took 0.235 seconds
[2024-05-27T16:40:51.394+0000] {processor.py:156} INFO - Started process (PID=114) to work on /home/airflow/.local/lib/python3.7/site-packages/airflow/example_dags/example_external_task_marker_dag.py
[2024-05-27T16:40:51.395+0000] {processor.py:799} INFO - Processing file /home/airflow/.local/lib/python3.7/site-packages/airflow/example_dags/example_external_task_marker_dag.py for tasks to queue
[2024-05-27T16:40:51.396+0000] {logging_mixin.py:149} INFO - [2024-05-27T16:40:51.396+0000] {dagbag.py:541} INFO - Filling up the DagBag from /home/airflow/.local/lib/python3.7/site-packages/airflow/example_dags/example_external_task_marker_dag.py
[2024-05-27T16:40:51.400+0000] {processor.py:809} INFO - DAG(s) dict_keys(['example_external_task_marker_child', 'example_external_task_marker_parent']) retrieved from /home/airflow/.local/lib/python3.7/site-packages/airflow/example_dags/example_external_task_marker_dag.py
[2024-05-27T16:40:51.416+0000] {logging_mixin.py:149} INFO - [2024-05-27T16:40:51.416+0000] {dag.py:2726} INFO - Sync 2 DAGs
[2024-05-27T16:40:51.429+0000] {logging_mixin.py:149} INFO - [2024-05-27T16:40:51.429+0000] {dag.py:3490} INFO - Setting next_dagrun for example_external_task_marker_child to None, run_after=None
[2024-05-27T16:40:51.431+0000] {logging_mixin.py:149} INFO - [2024-05-27T16:40:51.431+0000] {dag.py:3490} INFO - Setting next_dagrun for example_external_task_marker_parent to None, run_after=None
[2024-05-27T16:40:51.439+0000] {processor.py:178} INFO - Processing /home/airflow/.local/lib/python3.7/site-packages/airflow/example_dags/example_external_task_marker_dag.py took 0.046 seconds
[2024-05-27T16:41:21.715+0000] {processor.py:156} INFO - Started process (PID=174) to work on /home/airflow/.local/lib/python3.7/site-packages/airflow/example_dags/example_external_task_marker_dag.py
[2024-05-27T16:41:21.715+0000] {processor.py:799} INFO - Processing file /home/airflow/.local/lib/python3.7/site-packages/airflow/example_dags/example_external_task_marker_dag.py for tasks to queue
[2024-05-27T16:41:21.716+0000] {logging_mixin.py:149} INFO - [2024-05-27T16:41:21.716+0000] {dagbag.py:541} INFO - Filling up the DagBag from /home/airflow/.local/lib/python3.7/site-packages/airflow/example_dags/example_external_task_marker_dag.py
[2024-05-27T16:41:21.719+0000] {processor.py:809} INFO - DAG(s) dict_keys(['example_external_task_marker_parent', 'example_external_task_marker_child']) retrieved from /home/airflow/.local/lib/python3.7/site-packages/airflow/example_dags/example_external_task_marker_dag.py
[2024-05-27T16:41:21.734+0000] {logging_mixin.py:149} INFO - [2024-05-27T16:41:21.734+0000] {dag.py:2726} INFO - Sync 2 DAGs
[2024-05-27T16:41:21.745+0000] {logging_mixin.py:149} INFO - [2024-05-27T16:41:21.745+0000] {dag.py:3490} INFO - Setting next_dagrun for example_external_task_marker_child to None, run_after=None
[2024-05-27T16:41:21.747+0000] {logging_mixin.py:149} INFO - [2024-05-27T16:41:21.747+0000] {dag.py:3490} INFO - Setting next_dagrun for example_external_task_marker_parent to None, run_after=None
[2024-05-27T16:41:21.754+0000] {processor.py:178} INFO - Processing /home/airflow/.local/lib/python3.7/site-packages/airflow/example_dags/example_external_task_marker_dag.py took 0.041 seconds
[2024-05-27T16:41:52.736+0000] {processor.py:156} INFO - Started process (PID=234) to work on /home/airflow/.local/lib/python3.7/site-packages/airflow/example_dags/example_external_task_marker_dag.py
[2024-05-27T16:41:52.737+0000] {processor.py:799} INFO - Processing file /home/airflow/.local/lib/python3.7/site-packages/airflow/example_dags/example_external_task_marker_dag.py for tasks to queue
[2024-05-27T16:41:52.737+0000] {logging_mixin.py:149} INFO - [2024-05-27T16:41:52.737+0000] {dagbag.py:541} INFO - Filling up the DagBag from /home/airflow/.local/lib/python3.7/site-packages/airflow/example_dags/example_external_task_marker_dag.py
[2024-05-27T16:41:52.741+0000] {processor.py:809} INFO - DAG(s) dict_keys(['example_external_task_marker_parent', 'example_external_task_marker_child']) retrieved from /home/airflow/.local/lib/python3.7/site-packages/airflow/example_dags/example_external_task_marker_dag.py
[2024-05-27T16:41:52.756+0000] {logging_mixin.py:149} INFO - [2024-05-27T16:41:52.756+0000] {dag.py:2726} INFO - Sync 2 DAGs
[2024-05-27T16:41:52.769+0000] {logging_mixin.py:149} INFO - [2024-05-27T16:41:52.768+0000] {dag.py:3490} INFO - Setting next_dagrun for example_external_task_marker_child to None, run_after=None
[2024-05-27T16:41:52.770+0000] {logging_mixin.py:149} INFO - [2024-05-27T16:41:52.770+0000] {dag.py:3490} INFO - Setting next_dagrun for example_external_task_marker_parent to None, run_after=None
[2024-05-27T16:41:52.778+0000] {processor.py:178} INFO - Processing /home/airflow/.local/lib/python3.7/site-packages/airflow/example_dags/example_external_task_marker_dag.py took 0.043 seconds
[2024-05-27T16:42:23.046+0000] {processor.py:156} INFO - Started process (PID=294) to work on /home/airflow/.local/lib/python3.7/site-packages/airflow/example_dags/example_external_task_marker_dag.py
[2024-05-27T16:42:23.047+0000] {processor.py:799} INFO - Processing file /home/airflow/.local/lib/python3.7/site-packages/airflow/example_dags/example_external_task_marker_dag.py for tasks to queue
[2024-05-27T16:42:23.047+0000] {logging_mixin.py:149} INFO - [2024-05-27T16:42:23.047+0000] {dagbag.py:541} INFO - Filling up the DagBag from /home/airflow/.local/lib/python3.7/site-packages/airflow/example_dags/example_external_task_marker_dag.py
[2024-05-27T16:42:23.051+0000] {processor.py:809} INFO - DAG(s) dict_keys(['example_external_task_marker_child', 'example_external_task_marker_parent']) retrieved from /home/airflow/.local/lib/python3.7/site-packages/airflow/example_dags/example_external_task_marker_dag.py
[2024-05-27T16:42:23.070+0000] {logging_mixin.py:149} INFO - [2024-05-27T16:42:23.069+0000] {dag.py:2726} INFO - Sync 2 DAGs
[2024-05-27T16:42:23.082+0000] {logging_mixin.py:149} INFO - [2024-05-27T16:42:23.082+0000] {dag.py:3490} INFO - Setting next_dagrun for example_external_task_marker_child to None, run_after=None
[2024-05-27T16:42:23.084+0000] {logging_mixin.py:149} INFO - [2024-05-27T16:42:23.084+0000] {dag.py:3490} INFO - Setting next_dagrun for example_external_task_marker_parent to None, run_after=None
[2024-05-27T16:42:23.091+0000] {processor.py:178} INFO - Processing /home/airflow/.local/lib/python3.7/site-packages/airflow/example_dags/example_external_task_marker_dag.py took 0.047 seconds
[2024-05-27T16:42:53.206+0000] {processor.py:156} INFO - Started process (PID=354) to work on /home/airflow/.local/lib/python3.7/site-packages/airflow/example_dags/example_external_task_marker_dag.py
[2024-05-27T16:42:53.207+0000] {processor.py:799} INFO - Processing file /home/airflow/.local/lib/python3.7/site-packages/airflow/example_dags/example_external_task_marker_dag.py for tasks to queue
[2024-05-27T16:42:53.207+0000] {logging_mixin.py:149} INFO - [2024-05-27T16:42:53.207+0000] {dagbag.py:541} INFO - Filling up the DagBag from /home/airflow/.local/lib/python3.7/site-packages/airflow/example_dags/example_external_task_marker_dag.py
[2024-05-27T16:42:53.210+0000] {processor.py:809} INFO - DAG(s) dict_keys(['example_external_task_marker_parent', 'example_external_task_marker_child']) retrieved from /home/airflow/.local/lib/python3.7/site-packages/airflow/example_dags/example_external_task_marker_dag.py
[2024-05-27T16:42:53.225+0000] {logging_mixin.py:149} INFO - [2024-05-27T16:42:53.225+0000] {dag.py:2726} INFO - Sync 2 DAGs
[2024-05-27T16:42:53.236+0000] {logging_mixin.py:149} INFO - [2024-05-27T16:42:53.236+0000] {dag.py:3490} INFO - Setting next_dagrun for example_external_task_marker_child to None, run_after=None
[2024-05-27T16:42:53.238+0000] {logging_mixin.py:149} INFO - [2024-05-27T16:42:53.238+0000] {dag.py:3490} INFO - Setting next_dagrun for example_external_task_marker_parent to None, run_after=None
[2024-05-27T16:42:53.245+0000] {processor.py:178} INFO - Processing /home/airflow/.local/lib/python3.7/site-packages/airflow/example_dags/example_external_task_marker_dag.py took 0.040 seconds
[2024-05-27T16:43:24.042+0000] {processor.py:156} INFO - Started process (PID=414) to work on /home/airflow/.local/lib/python3.7/site-packages/airflow/example_dags/example_external_task_marker_dag.py
[2024-05-27T16:43:24.043+0000] {processor.py:799} INFO - Processing file /home/airflow/.local/lib/python3.7/site-packages/airflow/example_dags/example_external_task_marker_dag.py for tasks to queue
[2024-05-27T16:43:24.043+0000] {logging_mixin.py:149} INFO - [2024-05-27T16:43:24.043+0000] {dagbag.py:541} INFO - Filling up the DagBag from /home/airflow/.local/lib/python3.7/site-packages/airflow/example_dags/example_external_task_marker_dag.py
[2024-05-27T16:43:24.047+0000] {processor.py:809} INFO - DAG(s) dict_keys(['example_external_task_marker_child', 'example_external_task_marker_parent']) retrieved from /home/airflow/.local/lib/python3.7/site-packages/airflow/example_dags/example_external_task_marker_dag.py
[2024-05-27T16:43:24.061+0000] {logging_mixin.py:149} INFO - [2024-05-27T16:43:24.061+0000] {dag.py:2726} INFO - Sync 2 DAGs
[2024-05-27T16:43:24.073+0000] {logging_mixin.py:149} INFO - [2024-05-27T16:43:24.073+0000] {dag.py:3490} INFO - Setting next_dagrun for example_external_task_marker_child to None, run_after=None
[2024-05-27T16:43:24.075+0000] {logging_mixin.py:149} INFO - [2024-05-27T16:43:24.075+0000] {dag.py:3490} INFO - Setting next_dagrun for example_external_task_marker_parent to None, run_after=None
[2024-05-27T16:43:24.083+0000] {processor.py:178} INFO - Processing /home/airflow/.local/lib/python3.7/site-packages/airflow/example_dags/example_external_task_marker_dag.py took 0.042 seconds
[2024-05-27T16:43:54.934+0000] {processor.py:156} INFO - Started process (PID=474) to work on /home/airflow/.local/lib/python3.7/site-packages/airflow/example_dags/example_external_task_marker_dag.py
[2024-05-27T16:43:54.935+0000] {processor.py:799} INFO - Processing file /home/airflow/.local/lib/python3.7/site-packages/airflow/example_dags/example_external_task_marker_dag.py for tasks to queue
[2024-05-27T16:43:54.935+0000] {logging_mixin.py:149} INFO - [2024-05-27T16:43:54.935+0000] {dagbag.py:541} INFO - Filling up the DagBag from /home/airflow/.local/lib/python3.7/site-packages/airflow/example_dags/example_external_task_marker_dag.py
[2024-05-27T16:43:54.939+0000] {processor.py:809} INFO - DAG(s) dict_keys(['example_external_task_marker_child', 'example_external_task_marker_parent']) retrieved from /home/airflow/.local/lib/python3.7/site-packages/airflow/example_dags/example_external_task_marker_dag.py
[2024-05-27T16:43:54.954+0000] {logging_mixin.py:149} INFO - [2024-05-27T16:43:54.954+0000] {dag.py:2726} INFO - Sync 2 DAGs
[2024-05-27T16:43:54.966+0000] {logging_mixin.py:149} INFO - [2024-05-27T16:43:54.966+0000] {dag.py:3490} INFO - Setting next_dagrun for example_external_task_marker_child to None, run_after=None
[2024-05-27T16:43:54.967+0000] {logging_mixin.py:149} INFO - [2024-05-27T16:43:54.967+0000] {dag.py:3490} INFO - Setting next_dagrun for example_external_task_marker_parent to None, run_after=None
[2024-05-27T16:43:54.975+0000] {processor.py:178} INFO - Processing /home/airflow/.local/lib/python3.7/site-packages/airflow/example_dags/example_external_task_marker_dag.py took 0.042 seconds
[2024-05-27T16:44:25.771+0000] {processor.py:156} INFO - Started process (PID=534) to work on /home/airflow/.local/lib/python3.7/site-packages/airflow/example_dags/example_external_task_marker_dag.py
[2024-05-27T16:44:25.772+0000] {processor.py:799} INFO - Processing file /home/airflow/.local/lib/python3.7/site-packages/airflow/example_dags/example_external_task_marker_dag.py for tasks to queue
[2024-05-27T16:44:25.773+0000] {logging_mixin.py:149} INFO - [2024-05-27T16:44:25.773+0000] {dagbag.py:541} INFO - Filling up the DagBag from /home/airflow/.local/lib/python3.7/site-packages/airflow/example_dags/example_external_task_marker_dag.py
[2024-05-27T16:44:25.793+0000] {processor.py:809} INFO - DAG(s) dict_keys(['example_external_task_marker_parent', 'example_external_task_marker_child']) retrieved from /home/airflow/.local/lib/python3.7/site-packages/airflow/example_dags/example_external_task_marker_dag.py
[2024-05-27T16:44:25.860+0000] {logging_mixin.py:149} INFO - [2024-05-27T16:44:25.859+0000] {dag.py:2726} INFO - Sync 2 DAGs
[2024-05-27T16:44:25.885+0000] {logging_mixin.py:149} INFO - [2024-05-27T16:44:25.885+0000] {dag.py:3490} INFO - Setting next_dagrun for example_external_task_marker_child to None, run_after=None
[2024-05-27T16:44:25.887+0000] {logging_mixin.py:149} INFO - [2024-05-27T16:44:25.887+0000] {dag.py:3490} INFO - Setting next_dagrun for example_external_task_marker_parent to None, run_after=None
[2024-05-27T16:44:25.896+0000] {processor.py:178} INFO - Processing /home/airflow/.local/lib/python3.7/site-packages/airflow/example_dags/example_external_task_marker_dag.py took 0.127 seconds
[2024-05-27T16:44:55.941+0000] {processor.py:156} INFO - Started process (PID=594) to work on /home/airflow/.local/lib/python3.7/site-packages/airflow/example_dags/example_external_task_marker_dag.py
[2024-05-27T16:44:55.941+0000] {processor.py:799} INFO - Processing file /home/airflow/.local/lib/python3.7/site-packages/airflow/example_dags/example_external_task_marker_dag.py for tasks to queue
[2024-05-27T16:44:55.942+0000] {logging_mixin.py:149} INFO - [2024-05-27T16:44:55.942+0000] {dagbag.py:541} INFO - Filling up the DagBag from /home/airflow/.local/lib/python3.7/site-packages/airflow/example_dags/example_external_task_marker_dag.py
[2024-05-27T16:44:55.945+0000] {processor.py:809} INFO - DAG(s) dict_keys(['example_external_task_marker_child', 'example_external_task_marker_parent']) retrieved from /home/airflow/.local/lib/python3.7/site-packages/airflow/example_dags/example_external_task_marker_dag.py
[2024-05-27T16:44:55.960+0000] {logging_mixin.py:149} INFO - [2024-05-27T16:44:55.960+0000] {dag.py:2726} INFO - Sync 2 DAGs
[2024-05-27T16:44:55.972+0000] {logging_mixin.py:149} INFO - [2024-05-27T16:44:55.972+0000] {dag.py:3490} INFO - Setting next_dagrun for example_external_task_marker_child to None, run_after=None
[2024-05-27T16:44:55.974+0000] {logging_mixin.py:149} INFO - [2024-05-27T16:44:55.974+0000] {dag.py:3490} INFO - Setting next_dagrun for example_external_task_marker_parent to None, run_after=None
[2024-05-27T16:44:55.981+0000] {processor.py:178} INFO - Processing /home/airflow/.local/lib/python3.7/site-packages/airflow/example_dags/example_external_task_marker_dag.py took 0.042 seconds
[2024-05-27T16:45:26.874+0000] {processor.py:156} INFO - Started process (PID=654) to work on /home/airflow/.local/lib/python3.7/site-packages/airflow/example_dags/example_external_task_marker_dag.py
[2024-05-27T16:45:26.874+0000] {processor.py:799} INFO - Processing file /home/airflow/.local/lib/python3.7/site-packages/airflow/example_dags/example_external_task_marker_dag.py for tasks to queue
[2024-05-27T16:45:26.875+0000] {logging_mixin.py:149} INFO - [2024-05-27T16:45:26.875+0000] {dagbag.py:541} INFO - Filling up the DagBag from /home/airflow/.local/lib/python3.7/site-packages/airflow/example_dags/example_external_task_marker_dag.py
[2024-05-27T16:45:26.878+0000] {processor.py:809} INFO - DAG(s) dict_keys(['example_external_task_marker_child', 'example_external_task_marker_parent']) retrieved from /home/airflow/.local/lib/python3.7/site-packages/airflow/example_dags/example_external_task_marker_dag.py
[2024-05-27T16:45:26.892+0000] {logging_mixin.py:149} INFO - [2024-05-27T16:45:26.892+0000] {dag.py:2726} INFO - Sync 2 DAGs
[2024-05-27T16:45:26.903+0000] {logging_mixin.py:149} INFO - [2024-05-27T16:45:26.903+0000] {dag.py:3490} INFO - Setting next_dagrun for example_external_task_marker_child to None, run_after=None
[2024-05-27T16:45:26.905+0000] {logging_mixin.py:149} INFO - [2024-05-27T16:45:26.905+0000] {dag.py:3490} INFO - Setting next_dagrun for example_external_task_marker_parent to None, run_after=None
[2024-05-27T16:45:26.912+0000] {processor.py:178} INFO - Processing /home/airflow/.local/lib/python3.7/site-packages/airflow/example_dags/example_external_task_marker_dag.py took 0.040 seconds
[2024-05-27T16:45:57.620+0000] {processor.py:156} INFO - Started process (PID=714) to work on /home/airflow/.local/lib/python3.7/site-packages/airflow/example_dags/example_external_task_marker_dag.py
[2024-05-27T16:45:57.620+0000] {processor.py:799} INFO - Processing file /home/airflow/.local/lib/python3.7/site-packages/airflow/example_dags/example_external_task_marker_dag.py for tasks to queue
[2024-05-27T16:45:57.620+0000] {logging_mixin.py:149} INFO - [2024-05-27T16:45:57.620+0000] {dagbag.py:541} INFO - Filling up the DagBag from /home/airflow/.local/lib/python3.7/site-packages/airflow/example_dags/example_external_task_marker_dag.py
[2024-05-27T16:45:57.624+0000] {processor.py:809} INFO - DAG(s) dict_keys(['example_external_task_marker_parent', 'example_external_task_marker_child']) retrieved from /home/airflow/.local/lib/python3.7/site-packages/airflow/example_dags/example_external_task_marker_dag.py
[2024-05-27T16:45:57.639+0000] {logging_mixin.py:149} INFO - [2024-05-27T16:45:57.639+0000] {dag.py:2726} INFO - Sync 2 DAGs
[2024-05-27T16:45:57.652+0000] {logging_mixin.py:149} INFO - [2024-05-27T16:45:57.651+0000] {dag.py:3490} INFO - Setting next_dagrun for example_external_task_marker_child to None, run_after=None
[2024-05-27T16:45:57.653+0000] {logging_mixin.py:149} INFO - [2024-05-27T16:45:57.653+0000] {dag.py:3490} INFO - Setting next_dagrun for example_external_task_marker_parent to None, run_after=None
[2024-05-27T16:45:57.661+0000] {processor.py:178} INFO - Processing /home/airflow/.local/lib/python3.7/site-packages/airflow/example_dags/example_external_task_marker_dag.py took 0.043 seconds
[2024-05-27T16:46:27.798+0000] {processor.py:156} INFO - Started process (PID=774) to work on /home/airflow/.local/lib/python3.7/site-packages/airflow/example_dags/example_external_task_marker_dag.py
[2024-05-27T16:46:27.798+0000] {processor.py:799} INFO - Processing file /home/airflow/.local/lib/python3.7/site-packages/airflow/example_dags/example_external_task_marker_dag.py for tasks to queue
[2024-05-27T16:46:27.799+0000] {logging_mixin.py:149} INFO - [2024-05-27T16:46:27.799+0000] {dagbag.py:541} INFO - Filling up the DagBag from /home/airflow/.local/lib/python3.7/site-packages/airflow/example_dags/example_external_task_marker_dag.py
[2024-05-27T16:46:27.803+0000] {processor.py:809} INFO - DAG(s) dict_keys(['example_external_task_marker_parent', 'example_external_task_marker_child']) retrieved from /home/airflow/.local/lib/python3.7/site-packages/airflow/example_dags/example_external_task_marker_dag.py
[2024-05-27T16:46:27.819+0000] {logging_mixin.py:149} INFO - [2024-05-27T16:46:27.819+0000] {dag.py:2726} INFO - Sync 2 DAGs
[2024-05-27T16:46:27.833+0000] {logging_mixin.py:149} INFO - [2024-05-27T16:46:27.833+0000] {dag.py:3490} INFO - Setting next_dagrun for example_external_task_marker_child to None, run_after=None
[2024-05-27T16:46:27.834+0000] {logging_mixin.py:149} INFO - [2024-05-27T16:46:27.834+0000] {dag.py:3490} INFO - Setting next_dagrun for example_external_task_marker_parent to None, run_after=None
[2024-05-27T16:46:27.843+0000] {processor.py:178} INFO - Processing /home/airflow/.local/lib/python3.7/site-packages/airflow/example_dags/example_external_task_marker_dag.py took 0.047 seconds
[2024-05-27T16:46:58.684+0000] {processor.py:156} INFO - Started process (PID=834) to work on /home/airflow/.local/lib/python3.7/site-packages/airflow/example_dags/example_external_task_marker_dag.py
[2024-05-27T16:46:58.685+0000] {processor.py:799} INFO - Processing file /home/airflow/.local/lib/python3.7/site-packages/airflow/example_dags/example_external_task_marker_dag.py for tasks to queue
[2024-05-27T16:46:58.686+0000] {logging_mixin.py:149} INFO - [2024-05-27T16:46:58.686+0000] {dagbag.py:541} INFO - Filling up the DagBag from /home/airflow/.local/lib/python3.7/site-packages/airflow/example_dags/example_external_task_marker_dag.py
[2024-05-27T16:46:58.689+0000] {processor.py:809} INFO - DAG(s) dict_keys(['example_external_task_marker_parent', 'example_external_task_marker_child']) retrieved from /home/airflow/.local/lib/python3.7/site-packages/airflow/example_dags/example_external_task_marker_dag.py
[2024-05-27T16:46:58.705+0000] {logging_mixin.py:149} INFO - [2024-05-27T16:46:58.705+0000] {dag.py:2726} INFO - Sync 2 DAGs
[2024-05-27T16:46:58.719+0000] {logging_mixin.py:149} INFO - [2024-05-27T16:46:58.719+0000] {dag.py:3490} INFO - Setting next_dagrun for example_external_task_marker_child to None, run_after=None
[2024-05-27T16:46:58.721+0000] {logging_mixin.py:149} INFO - [2024-05-27T16:46:58.721+0000] {dag.py:3490} INFO - Setting next_dagrun for example_external_task_marker_parent to None, run_after=None
[2024-05-27T16:46:58.728+0000] {processor.py:178} INFO - Processing /home/airflow/.local/lib/python3.7/site-packages/airflow/example_dags/example_external_task_marker_dag.py took 0.046 seconds
[2024-05-27T16:47:29.457+0000] {processor.py:156} INFO - Started process (PID=894) to work on /home/airflow/.local/lib/python3.7/site-packages/airflow/example_dags/example_external_task_marker_dag.py
[2024-05-27T16:47:29.458+0000] {processor.py:799} INFO - Processing file /home/airflow/.local/lib/python3.7/site-packages/airflow/example_dags/example_external_task_marker_dag.py for tasks to queue
[2024-05-27T16:47:29.458+0000] {logging_mixin.py:149} INFO - [2024-05-27T16:47:29.458+0000] {dagbag.py:541} INFO - Filling up the DagBag from /home/airflow/.local/lib/python3.7/site-packages/airflow/example_dags/example_external_task_marker_dag.py
[2024-05-27T16:47:29.461+0000] {processor.py:809} INFO - DAG(s) dict_keys(['example_external_task_marker_child', 'example_external_task_marker_parent']) retrieved from /home/airflow/.local/lib/python3.7/site-packages/airflow/example_dags/example_external_task_marker_dag.py
[2024-05-27T16:47:29.476+0000] {logging_mixin.py:149} INFO - [2024-05-27T16:47:29.475+0000] {dag.py:2726} INFO - Sync 2 DAGs
[2024-05-27T16:47:29.487+0000] {logging_mixin.py:149} INFO - [2024-05-27T16:47:29.487+0000] {dag.py:3490} INFO - Setting next_dagrun for example_external_task_marker_child to None, run_after=None
[2024-05-27T16:47:29.488+0000] {logging_mixin.py:149} INFO - [2024-05-27T16:47:29.488+0000] {dag.py:3490} INFO - Setting next_dagrun for example_external_task_marker_parent to None, run_after=None
[2024-05-27T16:47:29.495+0000] {processor.py:178} INFO - Processing /home/airflow/.local/lib/python3.7/site-packages/airflow/example_dags/example_external_task_marker_dag.py took 0.040 seconds
[2024-05-27T16:48:00.259+0000] {processor.py:156} INFO - Started process (PID=954) to work on /home/airflow/.local/lib/python3.7/site-packages/airflow/example_dags/example_external_task_marker_dag.py
[2024-05-27T16:48:00.260+0000] {processor.py:799} INFO - Processing file /home/airflow/.local/lib/python3.7/site-packages/airflow/example_dags/example_external_task_marker_dag.py for tasks to queue
[2024-05-27T16:48:00.260+0000] {logging_mixin.py:149} INFO - [2024-05-27T16:48:00.260+0000] {dagbag.py:541} INFO - Filling up the DagBag from /home/airflow/.local/lib/python3.7/site-packages/airflow/example_dags/example_external_task_marker_dag.py
[2024-05-27T16:48:00.263+0000] {processor.py:809} INFO - DAG(s) dict_keys(['example_external_task_marker_parent', 'example_external_task_marker_child']) retrieved from /home/airflow/.local/lib/python3.7/site-packages/airflow/example_dags/example_external_task_marker_dag.py
[2024-05-27T16:48:00.278+0000] {logging_mixin.py:149} INFO - [2024-05-27T16:48:00.278+0000] {dag.py:2726} INFO - Sync 2 DAGs
[2024-05-27T16:48:00.292+0000] {logging_mixin.py:149} INFO - [2024-05-27T16:48:00.292+0000] {dag.py:3490} INFO - Setting next_dagrun for example_external_task_marker_child to None, run_after=None
[2024-05-27T16:48:00.295+0000] {logging_mixin.py:149} INFO - [2024-05-27T16:48:00.295+0000] {dag.py:3490} INFO - Setting next_dagrun for example_external_task_marker_parent to None, run_after=None
[2024-05-27T16:48:00.303+0000] {processor.py:178} INFO - Processing /home/airflow/.local/lib/python3.7/site-packages/airflow/example_dags/example_external_task_marker_dag.py took 0.046 seconds
[2024-05-27T16:48:31.017+0000] {processor.py:156} INFO - Started process (PID=1014) to work on /home/airflow/.local/lib/python3.7/site-packages/airflow/example_dags/example_external_task_marker_dag.py
[2024-05-27T16:48:31.017+0000] {processor.py:799} INFO - Processing file /home/airflow/.local/lib/python3.7/site-packages/airflow/example_dags/example_external_task_marker_dag.py for tasks to queue
[2024-05-27T16:48:31.018+0000] {logging_mixin.py:149} INFO - [2024-05-27T16:48:31.018+0000] {dagbag.py:541} INFO - Filling up the DagBag from /home/airflow/.local/lib/python3.7/site-packages/airflow/example_dags/example_external_task_marker_dag.py
[2024-05-27T16:48:31.021+0000] {processor.py:809} INFO - DAG(s) dict_keys(['example_external_task_marker_parent', 'example_external_task_marker_child']) retrieved from /home/airflow/.local/lib/python3.7/site-packages/airflow/example_dags/example_external_task_marker_dag.py
[2024-05-27T16:48:31.037+0000] {logging_mixin.py:149} INFO - [2024-05-27T16:48:31.037+0000] {dag.py:2726} INFO - Sync 2 DAGs
[2024-05-27T16:48:31.049+0000] {logging_mixin.py:149} INFO - [2024-05-27T16:48:31.049+0000] {dag.py:3490} INFO - Setting next_dagrun for example_external_task_marker_child to None, run_after=None
[2024-05-27T16:48:31.051+0000] {logging_mixin.py:149} INFO - [2024-05-27T16:48:31.051+0000] {dag.py:3490} INFO - Setting next_dagrun for example_external_task_marker_parent to None, run_after=None
[2024-05-27T16:48:31.058+0000] {processor.py:178} INFO - Processing /home/airflow/.local/lib/python3.7/site-packages/airflow/example_dags/example_external_task_marker_dag.py took 0.043 seconds
[2024-05-27T16:49:01.718+0000] {processor.py:156} INFO - Started process (PID=1074) to work on /home/airflow/.local/lib/python3.7/site-packages/airflow/example_dags/example_external_task_marker_dag.py
[2024-05-27T16:49:01.718+0000] {processor.py:799} INFO - Processing file /home/airflow/.local/lib/python3.7/site-packages/airflow/example_dags/example_external_task_marker_dag.py for tasks to queue
[2024-05-27T16:49:01.718+0000] {logging_mixin.py:149} INFO - [2024-05-27T16:49:01.718+0000] {dagbag.py:541} INFO - Filling up the DagBag from /home/airflow/.local/lib/python3.7/site-packages/airflow/example_dags/example_external_task_marker_dag.py
[2024-05-27T16:49:01.721+0000] {processor.py:809} INFO - DAG(s) dict_keys(['example_external_task_marker_child', 'example_external_task_marker_parent']) retrieved from /home/airflow/.local/lib/python3.7/site-packages/airflow/example_dags/example_external_task_marker_dag.py
[2024-05-27T16:49:01.736+0000] {logging_mixin.py:149} INFO - [2024-05-27T16:49:01.736+0000] {dag.py:2726} INFO - Sync 2 DAGs
[2024-05-27T16:49:01.748+0000] {logging_mixin.py:149} INFO - [2024-05-27T16:49:01.748+0000] {dag.py:3490} INFO - Setting next_dagrun for example_external_task_marker_child to None, run_after=None
[2024-05-27T16:49:01.749+0000] {logging_mixin.py:149} INFO - [2024-05-27T16:49:01.749+0000] {dag.py:3490} INFO - Setting next_dagrun for example_external_task_marker_parent to None, run_after=None
[2024-05-27T16:49:01.756+0000] {processor.py:178} INFO - Processing /home/airflow/.local/lib/python3.7/site-packages/airflow/example_dags/example_external_task_marker_dag.py took 0.041 seconds
[2024-05-27T16:50:02.798+0000] {processor.py:156} INFO - Started process (PID=1134) to work on /home/airflow/.local/lib/python3.7/site-packages/airflow/example_dags/example_external_task_marker_dag.py
[2024-05-27T16:50:02.799+0000] {processor.py:799} INFO - Processing file /home/airflow/.local/lib/python3.7/site-packages/airflow/example_dags/example_external_task_marker_dag.py for tasks to queue
[2024-05-27T16:50:02.800+0000] {logging_mixin.py:149} INFO - [2024-05-27T16:50:02.800+0000] {dagbag.py:541} INFO - Filling up the DagBag from /home/airflow/.local/lib/python3.7/site-packages/airflow/example_dags/example_external_task_marker_dag.py
[2024-05-27T16:50:02.805+0000] {processor.py:809} INFO - DAG(s) dict_keys(['example_external_task_marker_parent', 'example_external_task_marker_child']) retrieved from /home/airflow/.local/lib/python3.7/site-packages/airflow/example_dags/example_external_task_marker_dag.py
[2024-05-27T16:50:02.825+0000] {logging_mixin.py:149} INFO - [2024-05-27T16:50:02.825+0000] {dag.py:2726} INFO - Sync 2 DAGs
[2024-05-27T16:50:02.841+0000] {logging_mixin.py:149} INFO - [2024-05-27T16:50:02.841+0000] {dag.py:3490} INFO - Setting next_dagrun for example_external_task_marker_child to None, run_after=None
[2024-05-27T16:50:02.843+0000] {logging_mixin.py:149} INFO - [2024-05-27T16:50:02.843+0000] {dag.py:3490} INFO - Setting next_dagrun for example_external_task_marker_parent to None, run_after=None
[2024-05-27T16:50:02.853+0000] {processor.py:178} INFO - Processing /home/airflow/.local/lib/python3.7/site-packages/airflow/example_dags/example_external_task_marker_dag.py took 0.057 seconds
[2024-05-27T16:50:33.018+0000] {processor.py:156} INFO - Started process (PID=1195) to work on /home/airflow/.local/lib/python3.7/site-packages/airflow/example_dags/example_external_task_marker_dag.py
[2024-05-27T16:50:33.018+0000] {processor.py:799} INFO - Processing file /home/airflow/.local/lib/python3.7/site-packages/airflow/example_dags/example_external_task_marker_dag.py for tasks to queue
[2024-05-27T16:50:33.019+0000] {logging_mixin.py:149} INFO - [2024-05-27T16:50:33.019+0000] {dagbag.py:541} INFO - Filling up the DagBag from /home/airflow/.local/lib/python3.7/site-packages/airflow/example_dags/example_external_task_marker_dag.py
[2024-05-27T16:50:33.022+0000] {processor.py:809} INFO - DAG(s) dict_keys(['example_external_task_marker_parent', 'example_external_task_marker_child']) retrieved from /home/airflow/.local/lib/python3.7/site-packages/airflow/example_dags/example_external_task_marker_dag.py
[2024-05-27T16:50:33.036+0000] {logging_mixin.py:149} INFO - [2024-05-27T16:50:33.036+0000] {dag.py:2726} INFO - Sync 2 DAGs
[2024-05-27T16:50:33.048+0000] {logging_mixin.py:149} INFO - [2024-05-27T16:50:33.048+0000] {dag.py:3490} INFO - Setting next_dagrun for example_external_task_marker_child to None, run_after=None
[2024-05-27T16:50:33.049+0000] {logging_mixin.py:149} INFO - [2024-05-27T16:50:33.049+0000] {dag.py:3490} INFO - Setting next_dagrun for example_external_task_marker_parent to None, run_after=None
[2024-05-27T16:50:33.056+0000] {processor.py:178} INFO - Processing /home/airflow/.local/lib/python3.7/site-packages/airflow/example_dags/example_external_task_marker_dag.py took 0.041 seconds
[2024-05-27T16:51:03.187+0000] {processor.py:156} INFO - Started process (PID=1256) to work on /home/airflow/.local/lib/python3.7/site-packages/airflow/example_dags/example_external_task_marker_dag.py
[2024-05-27T16:51:03.188+0000] {processor.py:799} INFO - Processing file /home/airflow/.local/lib/python3.7/site-packages/airflow/example_dags/example_external_task_marker_dag.py for tasks to queue
[2024-05-27T16:51:03.188+0000] {logging_mixin.py:149} INFO - [2024-05-27T16:51:03.188+0000] {dagbag.py:541} INFO - Filling up the DagBag from /home/airflow/.local/lib/python3.7/site-packages/airflow/example_dags/example_external_task_marker_dag.py
[2024-05-27T16:51:03.192+0000] {processor.py:809} INFO - DAG(s) dict_keys(['example_external_task_marker_parent', 'example_external_task_marker_child']) retrieved from /home/airflow/.local/lib/python3.7/site-packages/airflow/example_dags/example_external_task_marker_dag.py
[2024-05-27T16:51:03.206+0000] {logging_mixin.py:149} INFO - [2024-05-27T16:51:03.206+0000] {dag.py:2726} INFO - Sync 2 DAGs
[2024-05-27T16:51:03.219+0000] {logging_mixin.py:149} INFO - [2024-05-27T16:51:03.219+0000] {dag.py:3490} INFO - Setting next_dagrun for example_external_task_marker_child to None, run_after=None
[2024-05-27T16:51:03.221+0000] {logging_mixin.py:149} INFO - [2024-05-27T16:51:03.221+0000] {dag.py:3490} INFO - Setting next_dagrun for example_external_task_marker_parent to None, run_after=None
[2024-05-27T16:51:03.228+0000] {processor.py:178} INFO - Processing /home/airflow/.local/lib/python3.7/site-packages/airflow/example_dags/example_external_task_marker_dag.py took 0.043 seconds
[2024-05-27T16:51:34.309+0000] {processor.py:156} INFO - Started process (PID=1317) to work on /home/airflow/.local/lib/python3.7/site-packages/airflow/example_dags/example_external_task_marker_dag.py
[2024-05-27T16:51:34.310+0000] {processor.py:799} INFO - Processing file /home/airflow/.local/lib/python3.7/site-packages/airflow/example_dags/example_external_task_marker_dag.py for tasks to queue
[2024-05-27T16:51:34.310+0000] {logging_mixin.py:149} INFO - [2024-05-27T16:51:34.310+0000] {dagbag.py:541} INFO - Filling up the DagBag from /home/airflow/.local/lib/python3.7/site-packages/airflow/example_dags/example_external_task_marker_dag.py
[2024-05-27T16:51:34.314+0000] {processor.py:809} INFO - DAG(s) dict_keys(['example_external_task_marker_child', 'example_external_task_marker_parent']) retrieved from /home/airflow/.local/lib/python3.7/site-packages/airflow/example_dags/example_external_task_marker_dag.py
[2024-05-27T16:51:34.341+0000] {logging_mixin.py:149} INFO - [2024-05-27T16:51:34.340+0000] {dag.py:2726} INFO - Sync 2 DAGs
[2024-05-27T16:51:34.362+0000] {logging_mixin.py:149} INFO - [2024-05-27T16:51:34.362+0000] {dag.py:3490} INFO - Setting next_dagrun for example_external_task_marker_child to None, run_after=None
[2024-05-27T16:51:34.366+0000] {logging_mixin.py:149} INFO - [2024-05-27T16:51:34.366+0000] {dag.py:3490} INFO - Setting next_dagrun for example_external_task_marker_parent to None, run_after=None
[2024-05-27T16:51:34.382+0000] {processor.py:178} INFO - Processing /home/airflow/.local/lib/python3.7/site-packages/airflow/example_dags/example_external_task_marker_dag.py took 0.075 seconds
[2024-05-27T16:52:18.475+0000] {processor.py:156} INFO - Started process (PID=1405) to work on /home/airflow/.local/lib/python3.7/site-packages/airflow/example_dags/example_external_task_marker_dag.py
[2024-05-27T16:52:18.479+0000] {processor.py:799} INFO - Processing file /home/airflow/.local/lib/python3.7/site-packages/airflow/example_dags/example_external_task_marker_dag.py for tasks to queue
[2024-05-27T16:52:18.481+0000] {logging_mixin.py:149} INFO - [2024-05-27T16:52:18.481+0000] {dagbag.py:541} INFO - Filling up the DagBag from /home/airflow/.local/lib/python3.7/site-packages/airflow/example_dags/example_external_task_marker_dag.py
[2024-05-27T16:52:18.494+0000] {processor.py:809} INFO - DAG(s) dict_keys(['example_external_task_marker_child', 'example_external_task_marker_parent']) retrieved from /home/airflow/.local/lib/python3.7/site-packages/airflow/example_dags/example_external_task_marker_dag.py
[2024-05-27T16:52:18.555+0000] {logging_mixin.py:149} INFO - [2024-05-27T16:52:18.555+0000] {dag.py:2726} INFO - Sync 2 DAGs
[2024-05-27T16:52:18.601+0000] {logging_mixin.py:149} INFO - [2024-05-27T16:52:18.601+0000] {dag.py:3490} INFO - Setting next_dagrun for example_external_task_marker_child to None, run_after=None
[2024-05-27T16:52:18.608+0000] {logging_mixin.py:149} INFO - [2024-05-27T16:52:18.608+0000] {dag.py:3490} INFO - Setting next_dagrun for example_external_task_marker_parent to None, run_after=None
[2024-05-27T16:52:18.626+0000] {processor.py:178} INFO - Processing /home/airflow/.local/lib/python3.7/site-packages/airflow/example_dags/example_external_task_marker_dag.py took 0.164 seconds
