[2024-05-27T16:40:19.443+0000] {processor.py:156} INFO - Started process (PID=40) to work on /home/airflow/.local/lib/python3.7/site-packages/airflow/example_dags/example_datasets.py
[2024-05-27T16:40:19.444+0000] {processor.py:799} INFO - Processing file /home/airflow/.local/lib/python3.7/site-packages/airflow/example_dags/example_datasets.py for tasks to queue
[2024-05-27T16:40:19.445+0000] {logging_mixin.py:149} INFO - [2024-05-27T16:40:19.445+0000] {dagbag.py:541} INFO - Filling up the DagBag from /home/airflow/.local/lib/python3.7/site-packages/airflow/example_dags/example_datasets.py
[2024-05-27T16:40:19.451+0000] {processor.py:809} INFO - DAG(s) dict_keys(['dataset_produces_1', 'dataset_consumes_1_never_scheduled', 'dataset_produces_2', 'dataset_consumes_1_and_2', 'dataset_consumes_1', 'dataset_consumes_unknown_never_scheduled']) retrieved from /home/airflow/.local/lib/python3.7/site-packages/airflow/example_dags/example_datasets.py
[2024-05-27T16:40:19.513+0000] {logging_mixin.py:149} INFO - [2024-05-27T16:40:19.513+0000] {manager.py:504} INFO - Created Permission View: can delete on DAG:dataset_produces_1
[2024-05-27T16:40:19.518+0000] {logging_mixin.py:149} INFO - [2024-05-27T16:40:19.518+0000] {manager.py:504} INFO - Created Permission View: can read on DAG:dataset_produces_1
[2024-05-27T16:40:19.521+0000] {logging_mixin.py:149} INFO - [2024-05-27T16:40:19.521+0000] {manager.py:504} INFO - Created Permission View: can edit on DAG:dataset_produces_1
[2024-05-27T16:40:19.528+0000] {logging_mixin.py:149} INFO - [2024-05-27T16:40:19.527+0000] {manager.py:504} INFO - Created Permission View: can delete on DAG:dataset_consumes_1_never_scheduled
[2024-05-27T16:40:19.531+0000] {logging_mixin.py:149} INFO - [2024-05-27T16:40:19.531+0000] {manager.py:504} INFO - Created Permission View: can read on DAG:dataset_consumes_1_never_scheduled
[2024-05-27T16:40:19.534+0000] {logging_mixin.py:149} INFO - [2024-05-27T16:40:19.534+0000] {manager.py:504} INFO - Created Permission View: can edit on DAG:dataset_consumes_1_never_scheduled
[2024-05-27T16:40:19.539+0000] {logging_mixin.py:149} INFO - [2024-05-27T16:40:19.539+0000] {manager.py:504} INFO - Created Permission View: can delete on DAG:dataset_produces_2
[2024-05-27T16:40:19.543+0000] {logging_mixin.py:149} INFO - [2024-05-27T16:40:19.542+0000] {manager.py:504} INFO - Created Permission View: can read on DAG:dataset_produces_2
[2024-05-27T16:40:19.546+0000] {logging_mixin.py:149} INFO - [2024-05-27T16:40:19.546+0000] {manager.py:504} INFO - Created Permission View: can edit on DAG:dataset_produces_2
[2024-05-27T16:40:19.554+0000] {logging_mixin.py:149} INFO - [2024-05-27T16:40:19.554+0000] {manager.py:504} INFO - Created Permission View: can delete on DAG:dataset_consumes_1_and_2
[2024-05-27T16:40:19.558+0000] {logging_mixin.py:149} INFO - [2024-05-27T16:40:19.558+0000] {manager.py:504} INFO - Created Permission View: can read on DAG:dataset_consumes_1_and_2
[2024-05-27T16:40:19.561+0000] {logging_mixin.py:149} INFO - [2024-05-27T16:40:19.561+0000] {manager.py:504} INFO - Created Permission View: can edit on DAG:dataset_consumes_1_and_2
[2024-05-27T16:40:19.568+0000] {logging_mixin.py:149} INFO - [2024-05-27T16:40:19.568+0000] {manager.py:504} INFO - Created Permission View: can delete on DAG:dataset_consumes_1
[2024-05-27T16:40:19.571+0000] {logging_mixin.py:149} INFO - [2024-05-27T16:40:19.571+0000] {manager.py:504} INFO - Created Permission View: can read on DAG:dataset_consumes_1
[2024-05-27T16:40:19.575+0000] {logging_mixin.py:149} INFO - [2024-05-27T16:40:19.575+0000] {manager.py:504} INFO - Created Permission View: can edit on DAG:dataset_consumes_1
[2024-05-27T16:40:19.582+0000] {logging_mixin.py:149} INFO - [2024-05-27T16:40:19.582+0000] {manager.py:504} INFO - Created Permission View: can delete on DAG:dataset_consumes_unknown_never_scheduled
[2024-05-27T16:40:19.585+0000] {logging_mixin.py:149} INFO - [2024-05-27T16:40:19.585+0000] {manager.py:504} INFO - Created Permission View: can read on DAG:dataset_consumes_unknown_never_scheduled
[2024-05-27T16:40:19.588+0000] {logging_mixin.py:149} INFO - [2024-05-27T16:40:19.588+0000] {manager.py:504} INFO - Created Permission View: can edit on DAG:dataset_consumes_unknown_never_scheduled
[2024-05-27T16:40:19.589+0000] {logging_mixin.py:149} INFO - [2024-05-27T16:40:19.589+0000] {dag.py:2726} INFO - Sync 6 DAGs
[2024-05-27T16:40:19.596+0000] {logging_mixin.py:149} INFO - [2024-05-27T16:40:19.596+0000] {dag.py:2747} INFO - Creating ORM DAG for dataset_consumes_unknown_never_scheduled
[2024-05-27T16:40:19.596+0000] {logging_mixin.py:149} INFO - [2024-05-27T16:40:19.596+0000] {dag.py:2747} INFO - Creating ORM DAG for dataset_produces_1
[2024-05-27T16:40:19.596+0000] {logging_mixin.py:149} INFO - [2024-05-27T16:40:19.596+0000] {dag.py:2747} INFO - Creating ORM DAG for dataset_consumes_1_and_2
[2024-05-27T16:40:19.597+0000] {logging_mixin.py:149} INFO - [2024-05-27T16:40:19.597+0000] {dag.py:2747} INFO - Creating ORM DAG for dataset_produces_2
[2024-05-27T16:40:19.597+0000] {logging_mixin.py:149} INFO - [2024-05-27T16:40:19.597+0000] {dag.py:2747} INFO - Creating ORM DAG for dataset_consumes_1_never_scheduled
[2024-05-27T16:40:19.597+0000] {logging_mixin.py:149} INFO - [2024-05-27T16:40:19.597+0000] {dag.py:2747} INFO - Creating ORM DAG for dataset_consumes_1
[2024-05-27T16:40:19.603+0000] {logging_mixin.py:149} INFO - [2024-05-27T16:40:19.603+0000] {dag.py:3490} INFO - Setting next_dagrun for dataset_consumes_1 to None, run_after=None
[2024-05-27T16:40:19.603+0000] {logging_mixin.py:149} INFO - [2024-05-27T16:40:19.603+0000] {dag.py:3490} INFO - Setting next_dagrun for dataset_consumes_1_and_2 to None, run_after=None
[2024-05-27T16:40:19.604+0000] {logging_mixin.py:149} INFO - [2024-05-27T16:40:19.604+0000] {dag.py:3490} INFO - Setting next_dagrun for dataset_consumes_1_never_scheduled to None, run_after=None
[2024-05-27T16:40:19.604+0000] {logging_mixin.py:149} INFO - [2024-05-27T16:40:19.604+0000] {dag.py:3490} INFO - Setting next_dagrun for dataset_consumes_unknown_never_scheduled to None, run_after=None
[2024-05-27T16:40:19.605+0000] {logging_mixin.py:149} INFO - [2024-05-27T16:40:19.605+0000] {dag.py:3490} INFO - Setting next_dagrun for dataset_produces_1 to 2024-05-26T00:00:00+00:00, run_after=2024-05-27T00:00:00+00:00
[2024-05-27T16:40:19.605+0000] {logging_mixin.py:149} INFO - [2024-05-27T16:40:19.605+0000] {dag.py:3490} INFO - Setting next_dagrun for dataset_produces_2 to None, run_after=None
[2024-05-27T16:40:19.628+0000] {processor.py:178} INFO - Processing /home/airflow/.local/lib/python3.7/site-packages/airflow/example_dags/example_datasets.py took 0.187 seconds
[2024-05-27T16:40:49.836+0000] {processor.py:156} INFO - Started process (PID=100) to work on /home/airflow/.local/lib/python3.7/site-packages/airflow/example_dags/example_datasets.py
[2024-05-27T16:40:49.837+0000] {processor.py:799} INFO - Processing file /home/airflow/.local/lib/python3.7/site-packages/airflow/example_dags/example_datasets.py for tasks to queue
[2024-05-27T16:40:49.837+0000] {logging_mixin.py:149} INFO - [2024-05-27T16:40:49.837+0000] {dagbag.py:541} INFO - Filling up the DagBag from /home/airflow/.local/lib/python3.7/site-packages/airflow/example_dags/example_datasets.py
[2024-05-27T16:40:49.843+0000] {processor.py:809} INFO - DAG(s) dict_keys(['dataset_consumes_unknown_never_scheduled', 'dataset_consumes_1', 'dataset_consumes_1_and_2', 'dataset_produces_1', 'dataset_consumes_1_never_scheduled', 'dataset_produces_2']) retrieved from /home/airflow/.local/lib/python3.7/site-packages/airflow/example_dags/example_datasets.py
[2024-05-27T16:40:49.862+0000] {logging_mixin.py:149} INFO - [2024-05-27T16:40:49.862+0000] {dag.py:2726} INFO - Sync 6 DAGs
[2024-05-27T16:40:49.875+0000] {logging_mixin.py:149} INFO - [2024-05-27T16:40:49.875+0000] {dag.py:3490} INFO - Setting next_dagrun for dataset_consumes_1 to None, run_after=None
[2024-05-27T16:40:49.876+0000] {logging_mixin.py:149} INFO - [2024-05-27T16:40:49.876+0000] {dag.py:3490} INFO - Setting next_dagrun for dataset_consumes_1_and_2 to None, run_after=None
[2024-05-27T16:40:49.877+0000] {logging_mixin.py:149} INFO - [2024-05-27T16:40:49.877+0000] {dag.py:3490} INFO - Setting next_dagrun for dataset_consumes_1_never_scheduled to None, run_after=None
[2024-05-27T16:40:49.878+0000] {logging_mixin.py:149} INFO - [2024-05-27T16:40:49.878+0000] {dag.py:3490} INFO - Setting next_dagrun for dataset_consumes_unknown_never_scheduled to None, run_after=None
[2024-05-27T16:40:49.879+0000] {logging_mixin.py:149} INFO - [2024-05-27T16:40:49.879+0000] {dag.py:3490} INFO - Setting next_dagrun for dataset_produces_1 to 2024-05-26T00:00:00+00:00, run_after=2024-05-27T00:00:00+00:00
[2024-05-27T16:40:49.880+0000] {logging_mixin.py:149} INFO - [2024-05-27T16:40:49.880+0000] {dag.py:3490} INFO - Setting next_dagrun for dataset_produces_2 to None, run_after=None
[2024-05-27T16:40:49.894+0000] {processor.py:178} INFO - Processing /home/airflow/.local/lib/python3.7/site-packages/airflow/example_dags/example_datasets.py took 0.059 seconds
[2024-05-27T16:41:20.109+0000] {processor.py:156} INFO - Started process (PID=160) to work on /home/airflow/.local/lib/python3.7/site-packages/airflow/example_dags/example_datasets.py
[2024-05-27T16:41:20.111+0000] {processor.py:799} INFO - Processing file /home/airflow/.local/lib/python3.7/site-packages/airflow/example_dags/example_datasets.py for tasks to queue
[2024-05-27T16:41:20.112+0000] {logging_mixin.py:149} INFO - [2024-05-27T16:41:20.112+0000] {dagbag.py:541} INFO - Filling up the DagBag from /home/airflow/.local/lib/python3.7/site-packages/airflow/example_dags/example_datasets.py
[2024-05-27T16:41:20.119+0000] {processor.py:809} INFO - DAG(s) dict_keys(['dataset_consumes_1', 'dataset_produces_2', 'dataset_consumes_unknown_never_scheduled', 'dataset_produces_1', 'dataset_consumes_1_and_2', 'dataset_consumes_1_never_scheduled']) retrieved from /home/airflow/.local/lib/python3.7/site-packages/airflow/example_dags/example_datasets.py
[2024-05-27T16:41:20.141+0000] {logging_mixin.py:149} INFO - [2024-05-27T16:41:20.141+0000] {dag.py:2726} INFO - Sync 6 DAGs
[2024-05-27T16:41:20.161+0000] {logging_mixin.py:149} INFO - [2024-05-27T16:41:20.161+0000] {dag.py:3490} INFO - Setting next_dagrun for dataset_consumes_1 to None, run_after=None
[2024-05-27T16:41:20.165+0000] {logging_mixin.py:149} INFO - [2024-05-27T16:41:20.165+0000] {dag.py:3490} INFO - Setting next_dagrun for dataset_consumes_1_and_2 to None, run_after=None
[2024-05-27T16:41:20.167+0000] {logging_mixin.py:149} INFO - [2024-05-27T16:41:20.166+0000] {dag.py:3490} INFO - Setting next_dagrun for dataset_consumes_1_never_scheduled to None, run_after=None
[2024-05-27T16:41:20.169+0000] {logging_mixin.py:149} INFO - [2024-05-27T16:41:20.169+0000] {dag.py:3490} INFO - Setting next_dagrun for dataset_consumes_unknown_never_scheduled to None, run_after=None
[2024-05-27T16:41:20.172+0000] {logging_mixin.py:149} INFO - [2024-05-27T16:41:20.172+0000] {dag.py:3490} INFO - Setting next_dagrun for dataset_produces_1 to 2024-05-26T00:00:00+00:00, run_after=2024-05-27T00:00:00+00:00
[2024-05-27T16:41:20.176+0000] {logging_mixin.py:149} INFO - [2024-05-27T16:41:20.175+0000] {dag.py:3490} INFO - Setting next_dagrun for dataset_produces_2 to None, run_after=None
[2024-05-27T16:41:20.213+0000] {processor.py:178} INFO - Processing /home/airflow/.local/lib/python3.7/site-packages/airflow/example_dags/example_datasets.py took 0.109 seconds
[2024-05-27T16:41:51.194+0000] {processor.py:156} INFO - Started process (PID=220) to work on /home/airflow/.local/lib/python3.7/site-packages/airflow/example_dags/example_datasets.py
[2024-05-27T16:41:51.195+0000] {processor.py:799} INFO - Processing file /home/airflow/.local/lib/python3.7/site-packages/airflow/example_dags/example_datasets.py for tasks to queue
[2024-05-27T16:41:51.196+0000] {logging_mixin.py:149} INFO - [2024-05-27T16:41:51.196+0000] {dagbag.py:541} INFO - Filling up the DagBag from /home/airflow/.local/lib/python3.7/site-packages/airflow/example_dags/example_datasets.py
[2024-05-27T16:41:51.208+0000] {processor.py:809} INFO - DAG(s) dict_keys(['dataset_consumes_1_never_scheduled', 'dataset_produces_1', 'dataset_produces_2', 'dataset_consumes_unknown_never_scheduled', 'dataset_consumes_1', 'dataset_consumes_1_and_2']) retrieved from /home/airflow/.local/lib/python3.7/site-packages/airflow/example_dags/example_datasets.py
[2024-05-27T16:41:51.242+0000] {logging_mixin.py:149} INFO - [2024-05-27T16:41:51.242+0000] {dag.py:2726} INFO - Sync 6 DAGs
[2024-05-27T16:41:51.262+0000] {logging_mixin.py:149} INFO - [2024-05-27T16:41:51.262+0000] {dag.py:3490} INFO - Setting next_dagrun for dataset_consumes_1 to None, run_after=None
[2024-05-27T16:41:51.263+0000] {logging_mixin.py:149} INFO - [2024-05-27T16:41:51.263+0000] {dag.py:3490} INFO - Setting next_dagrun for dataset_consumes_1_and_2 to None, run_after=None
[2024-05-27T16:41:51.264+0000] {logging_mixin.py:149} INFO - [2024-05-27T16:41:51.264+0000] {dag.py:3490} INFO - Setting next_dagrun for dataset_consumes_1_never_scheduled to None, run_after=None
[2024-05-27T16:41:51.265+0000] {logging_mixin.py:149} INFO - [2024-05-27T16:41:51.265+0000] {dag.py:3490} INFO - Setting next_dagrun for dataset_consumes_unknown_never_scheduled to None, run_after=None
[2024-05-27T16:41:51.267+0000] {logging_mixin.py:149} INFO - [2024-05-27T16:41:51.266+0000] {dag.py:3490} INFO - Setting next_dagrun for dataset_produces_1 to 2024-05-26T00:00:00+00:00, run_after=2024-05-27T00:00:00+00:00
[2024-05-27T16:41:51.267+0000] {logging_mixin.py:149} INFO - [2024-05-27T16:41:51.267+0000] {dag.py:3490} INFO - Setting next_dagrun for dataset_produces_2 to None, run_after=None
[2024-05-27T16:41:51.286+0000] {processor.py:178} INFO - Processing /home/airflow/.local/lib/python3.7/site-packages/airflow/example_dags/example_datasets.py took 0.098 seconds
[2024-05-27T16:42:21.490+0000] {processor.py:156} INFO - Started process (PID=280) to work on /home/airflow/.local/lib/python3.7/site-packages/airflow/example_dags/example_datasets.py
[2024-05-27T16:42:21.492+0000] {processor.py:799} INFO - Processing file /home/airflow/.local/lib/python3.7/site-packages/airflow/example_dags/example_datasets.py for tasks to queue
[2024-05-27T16:42:21.493+0000] {logging_mixin.py:149} INFO - [2024-05-27T16:42:21.493+0000] {dagbag.py:541} INFO - Filling up the DagBag from /home/airflow/.local/lib/python3.7/site-packages/airflow/example_dags/example_datasets.py
[2024-05-27T16:42:21.505+0000] {processor.py:809} INFO - DAG(s) dict_keys(['dataset_produces_2', 'dataset_consumes_1_and_2', 'dataset_produces_1', 'dataset_consumes_1', 'dataset_consumes_unknown_never_scheduled', 'dataset_consumes_1_never_scheduled']) retrieved from /home/airflow/.local/lib/python3.7/site-packages/airflow/example_dags/example_datasets.py
[2024-05-27T16:42:21.533+0000] {logging_mixin.py:149} INFO - [2024-05-27T16:42:21.532+0000] {dag.py:2726} INFO - Sync 6 DAGs
[2024-05-27T16:42:21.548+0000] {logging_mixin.py:149} INFO - [2024-05-27T16:42:21.548+0000] {dag.py:3490} INFO - Setting next_dagrun for dataset_consumes_1 to None, run_after=None
[2024-05-27T16:42:21.552+0000] {logging_mixin.py:149} INFO - [2024-05-27T16:42:21.552+0000] {dag.py:3490} INFO - Setting next_dagrun for dataset_consumes_1_and_2 to None, run_after=None
[2024-05-27T16:42:21.553+0000] {logging_mixin.py:149} INFO - [2024-05-27T16:42:21.553+0000] {dag.py:3490} INFO - Setting next_dagrun for dataset_consumes_1_never_scheduled to None, run_after=None
[2024-05-27T16:42:21.556+0000] {logging_mixin.py:149} INFO - [2024-05-27T16:42:21.556+0000] {dag.py:3490} INFO - Setting next_dagrun for dataset_consumes_unknown_never_scheduled to None, run_after=None
[2024-05-27T16:42:21.558+0000] {logging_mixin.py:149} INFO - [2024-05-27T16:42:21.558+0000] {dag.py:3490} INFO - Setting next_dagrun for dataset_produces_1 to 2024-05-26T00:00:00+00:00, run_after=2024-05-27T00:00:00+00:00
[2024-05-27T16:42:21.559+0000] {logging_mixin.py:149} INFO - [2024-05-27T16:42:21.559+0000] {dag.py:3490} INFO - Setting next_dagrun for dataset_produces_2 to None, run_after=None
[2024-05-27T16:42:21.577+0000] {processor.py:178} INFO - Processing /home/airflow/.local/lib/python3.7/site-packages/airflow/example_dags/example_datasets.py took 0.093 seconds
[2024-05-27T16:42:51.743+0000] {processor.py:156} INFO - Started process (PID=340) to work on /home/airflow/.local/lib/python3.7/site-packages/airflow/example_dags/example_datasets.py
[2024-05-27T16:42:51.745+0000] {processor.py:799} INFO - Processing file /home/airflow/.local/lib/python3.7/site-packages/airflow/example_dags/example_datasets.py for tasks to queue
[2024-05-27T16:42:51.746+0000] {logging_mixin.py:149} INFO - [2024-05-27T16:42:51.746+0000] {dagbag.py:541} INFO - Filling up the DagBag from /home/airflow/.local/lib/python3.7/site-packages/airflow/example_dags/example_datasets.py
[2024-05-27T16:42:51.756+0000] {processor.py:809} INFO - DAG(s) dict_keys(['dataset_consumes_1_never_scheduled', 'dataset_produces_2', 'dataset_consumes_unknown_never_scheduled', 'dataset_produces_1', 'dataset_consumes_1_and_2', 'dataset_consumes_1']) retrieved from /home/airflow/.local/lib/python3.7/site-packages/airflow/example_dags/example_datasets.py
[2024-05-27T16:42:51.783+0000] {logging_mixin.py:149} INFO - [2024-05-27T16:42:51.782+0000] {dag.py:2726} INFO - Sync 6 DAGs
[2024-05-27T16:42:51.797+0000] {logging_mixin.py:149} INFO - [2024-05-27T16:42:51.797+0000] {dag.py:3490} INFO - Setting next_dagrun for dataset_consumes_1 to None, run_after=None
[2024-05-27T16:42:51.798+0000] {logging_mixin.py:149} INFO - [2024-05-27T16:42:51.798+0000] {dag.py:3490} INFO - Setting next_dagrun for dataset_consumes_1_and_2 to None, run_after=None
[2024-05-27T16:42:51.799+0000] {logging_mixin.py:149} INFO - [2024-05-27T16:42:51.799+0000] {dag.py:3490} INFO - Setting next_dagrun for dataset_consumes_1_never_scheduled to None, run_after=None
[2024-05-27T16:42:51.800+0000] {logging_mixin.py:149} INFO - [2024-05-27T16:42:51.800+0000] {dag.py:3490} INFO - Setting next_dagrun for dataset_consumes_unknown_never_scheduled to None, run_after=None
[2024-05-27T16:42:51.801+0000] {logging_mixin.py:149} INFO - [2024-05-27T16:42:51.801+0000] {dag.py:3490} INFO - Setting next_dagrun for dataset_produces_1 to 2024-05-26T00:00:00+00:00, run_after=2024-05-27T00:00:00+00:00
[2024-05-27T16:42:51.801+0000] {logging_mixin.py:149} INFO - [2024-05-27T16:42:51.801+0000] {dag.py:3490} INFO - Setting next_dagrun for dataset_produces_2 to None, run_after=None
[2024-05-27T16:42:51.816+0000] {processor.py:178} INFO - Processing /home/airflow/.local/lib/python3.7/site-packages/airflow/example_dags/example_datasets.py took 0.078 seconds
[2024-05-27T16:43:22.529+0000] {processor.py:156} INFO - Started process (PID=400) to work on /home/airflow/.local/lib/python3.7/site-packages/airflow/example_dags/example_datasets.py
[2024-05-27T16:43:22.531+0000] {processor.py:799} INFO - Processing file /home/airflow/.local/lib/python3.7/site-packages/airflow/example_dags/example_datasets.py for tasks to queue
[2024-05-27T16:43:22.532+0000] {logging_mixin.py:149} INFO - [2024-05-27T16:43:22.532+0000] {dagbag.py:541} INFO - Filling up the DagBag from /home/airflow/.local/lib/python3.7/site-packages/airflow/example_dags/example_datasets.py
[2024-05-27T16:43:22.544+0000] {processor.py:809} INFO - DAG(s) dict_keys(['dataset_produces_1', 'dataset_produces_2', 'dataset_consumes_1', 'dataset_consumes_unknown_never_scheduled', 'dataset_consumes_1_never_scheduled', 'dataset_consumes_1_and_2']) retrieved from /home/airflow/.local/lib/python3.7/site-packages/airflow/example_dags/example_datasets.py
[2024-05-27T16:43:22.572+0000] {logging_mixin.py:149} INFO - [2024-05-27T16:43:22.572+0000] {dag.py:2726} INFO - Sync 6 DAGs
[2024-05-27T16:43:22.586+0000] {logging_mixin.py:149} INFO - [2024-05-27T16:43:22.586+0000] {dag.py:3490} INFO - Setting next_dagrun for dataset_consumes_1 to None, run_after=None
[2024-05-27T16:43:22.588+0000] {logging_mixin.py:149} INFO - [2024-05-27T16:43:22.588+0000] {dag.py:3490} INFO - Setting next_dagrun for dataset_consumes_1_and_2 to None, run_after=None
[2024-05-27T16:43:22.589+0000] {logging_mixin.py:149} INFO - [2024-05-27T16:43:22.589+0000] {dag.py:3490} INFO - Setting next_dagrun for dataset_consumes_1_never_scheduled to None, run_after=None
[2024-05-27T16:43:22.589+0000] {logging_mixin.py:149} INFO - [2024-05-27T16:43:22.589+0000] {dag.py:3490} INFO - Setting next_dagrun for dataset_consumes_unknown_never_scheduled to None, run_after=None
[2024-05-27T16:43:22.591+0000] {logging_mixin.py:149} INFO - [2024-05-27T16:43:22.590+0000] {dag.py:3490} INFO - Setting next_dagrun for dataset_produces_1 to 2024-05-26T00:00:00+00:00, run_after=2024-05-27T00:00:00+00:00
[2024-05-27T16:43:22.591+0000] {logging_mixin.py:149} INFO - [2024-05-27T16:43:22.591+0000] {dag.py:3490} INFO - Setting next_dagrun for dataset_produces_2 to None, run_after=None
[2024-05-27T16:43:22.607+0000] {processor.py:178} INFO - Processing /home/airflow/.local/lib/python3.7/site-packages/airflow/example_dags/example_datasets.py took 0.085 seconds
[2024-05-27T16:43:53.469+0000] {processor.py:156} INFO - Started process (PID=460) to work on /home/airflow/.local/lib/python3.7/site-packages/airflow/example_dags/example_datasets.py
[2024-05-27T16:43:53.471+0000] {processor.py:799} INFO - Processing file /home/airflow/.local/lib/python3.7/site-packages/airflow/example_dags/example_datasets.py for tasks to queue
[2024-05-27T16:43:53.471+0000] {logging_mixin.py:149} INFO - [2024-05-27T16:43:53.471+0000] {dagbag.py:541} INFO - Filling up the DagBag from /home/airflow/.local/lib/python3.7/site-packages/airflow/example_dags/example_datasets.py
[2024-05-27T16:43:53.483+0000] {processor.py:809} INFO - DAG(s) dict_keys(['dataset_consumes_1', 'dataset_produces_2', 'dataset_consumes_1_and_2', 'dataset_consumes_unknown_never_scheduled', 'dataset_produces_1', 'dataset_consumes_1_never_scheduled']) retrieved from /home/airflow/.local/lib/python3.7/site-packages/airflow/example_dags/example_datasets.py
[2024-05-27T16:43:53.512+0000] {logging_mixin.py:149} INFO - [2024-05-27T16:43:53.512+0000] {dag.py:2726} INFO - Sync 6 DAGs
[2024-05-27T16:43:53.525+0000] {logging_mixin.py:149} INFO - [2024-05-27T16:43:53.525+0000] {dag.py:3490} INFO - Setting next_dagrun for dataset_consumes_1 to None, run_after=None
[2024-05-27T16:43:53.527+0000] {logging_mixin.py:149} INFO - [2024-05-27T16:43:53.527+0000] {dag.py:3490} INFO - Setting next_dagrun for dataset_consumes_1_and_2 to None, run_after=None
[2024-05-27T16:43:53.528+0000] {logging_mixin.py:149} INFO - [2024-05-27T16:43:53.528+0000] {dag.py:3490} INFO - Setting next_dagrun for dataset_consumes_1_never_scheduled to None, run_after=None
[2024-05-27T16:43:53.528+0000] {logging_mixin.py:149} INFO - [2024-05-27T16:43:53.528+0000] {dag.py:3490} INFO - Setting next_dagrun for dataset_consumes_unknown_never_scheduled to None, run_after=None
[2024-05-27T16:43:53.530+0000] {logging_mixin.py:149} INFO - [2024-05-27T16:43:53.530+0000] {dag.py:3490} INFO - Setting next_dagrun for dataset_produces_1 to 2024-05-26T00:00:00+00:00, run_after=2024-05-27T00:00:00+00:00
[2024-05-27T16:43:53.530+0000] {logging_mixin.py:149} INFO - [2024-05-27T16:43:53.530+0000] {dag.py:3490} INFO - Setting next_dagrun for dataset_produces_2 to None, run_after=None
[2024-05-27T16:43:53.546+0000] {processor.py:178} INFO - Processing /home/airflow/.local/lib/python3.7/site-packages/airflow/example_dags/example_datasets.py took 0.083 seconds
[2024-05-27T16:44:24.253+0000] {processor.py:156} INFO - Started process (PID=520) to work on /home/airflow/.local/lib/python3.7/site-packages/airflow/example_dags/example_datasets.py
[2024-05-27T16:44:24.254+0000] {processor.py:799} INFO - Processing file /home/airflow/.local/lib/python3.7/site-packages/airflow/example_dags/example_datasets.py for tasks to queue
[2024-05-27T16:44:24.255+0000] {logging_mixin.py:149} INFO - [2024-05-27T16:44:24.255+0000] {dagbag.py:541} INFO - Filling up the DagBag from /home/airflow/.local/lib/python3.7/site-packages/airflow/example_dags/example_datasets.py
[2024-05-27T16:44:24.266+0000] {processor.py:809} INFO - DAG(s) dict_keys(['dataset_produces_1', 'dataset_consumes_1', 'dataset_consumes_1_never_scheduled', 'dataset_consumes_1_and_2', 'dataset_consumes_unknown_never_scheduled', 'dataset_produces_2']) retrieved from /home/airflow/.local/lib/python3.7/site-packages/airflow/example_dags/example_datasets.py
[2024-05-27T16:44:24.292+0000] {logging_mixin.py:149} INFO - [2024-05-27T16:44:24.292+0000] {dag.py:2726} INFO - Sync 6 DAGs
[2024-05-27T16:44:24.306+0000] {logging_mixin.py:149} INFO - [2024-05-27T16:44:24.305+0000] {dag.py:3490} INFO - Setting next_dagrun for dataset_consumes_1 to None, run_after=None
[2024-05-27T16:44:24.307+0000] {logging_mixin.py:149} INFO - [2024-05-27T16:44:24.307+0000] {dag.py:3490} INFO - Setting next_dagrun for dataset_consumes_1_and_2 to None, run_after=None
[2024-05-27T16:44:24.308+0000] {logging_mixin.py:149} INFO - [2024-05-27T16:44:24.308+0000] {dag.py:3490} INFO - Setting next_dagrun for dataset_consumes_1_never_scheduled to None, run_after=None
[2024-05-27T16:44:24.308+0000] {logging_mixin.py:149} INFO - [2024-05-27T16:44:24.308+0000] {dag.py:3490} INFO - Setting next_dagrun for dataset_consumes_unknown_never_scheduled to None, run_after=None
[2024-05-27T16:44:24.310+0000] {logging_mixin.py:149} INFO - [2024-05-27T16:44:24.310+0000] {dag.py:3490} INFO - Setting next_dagrun for dataset_produces_1 to 2024-05-26T00:00:00+00:00, run_after=2024-05-27T00:00:00+00:00
[2024-05-27T16:44:24.310+0000] {logging_mixin.py:149} INFO - [2024-05-27T16:44:24.310+0000] {dag.py:3490} INFO - Setting next_dagrun for dataset_produces_2 to None, run_after=None
[2024-05-27T16:44:24.325+0000] {processor.py:178} INFO - Processing /home/airflow/.local/lib/python3.7/site-packages/airflow/example_dags/example_datasets.py took 0.078 seconds
[2024-05-27T16:44:54.361+0000] {processor.py:156} INFO - Started process (PID=580) to work on /home/airflow/.local/lib/python3.7/site-packages/airflow/example_dags/example_datasets.py
[2024-05-27T16:44:54.361+0000] {processor.py:799} INFO - Processing file /home/airflow/.local/lib/python3.7/site-packages/airflow/example_dags/example_datasets.py for tasks to queue
[2024-05-27T16:44:54.362+0000] {logging_mixin.py:149} INFO - [2024-05-27T16:44:54.362+0000] {dagbag.py:541} INFO - Filling up the DagBag from /home/airflow/.local/lib/python3.7/site-packages/airflow/example_dags/example_datasets.py
[2024-05-27T16:44:54.369+0000] {processor.py:809} INFO - DAG(s) dict_keys(['dataset_produces_1', 'dataset_consumes_1', 'dataset_consumes_1_and_2', 'dataset_produces_2', 'dataset_consumes_unknown_never_scheduled', 'dataset_consumes_1_never_scheduled']) retrieved from /home/airflow/.local/lib/python3.7/site-packages/airflow/example_dags/example_datasets.py
[2024-05-27T16:44:54.393+0000] {logging_mixin.py:149} INFO - [2024-05-27T16:44:54.393+0000] {dag.py:2726} INFO - Sync 6 DAGs
[2024-05-27T16:44:54.410+0000] {logging_mixin.py:149} INFO - [2024-05-27T16:44:54.410+0000] {dag.py:3490} INFO - Setting next_dagrun for dataset_consumes_1 to None, run_after=None
[2024-05-27T16:44:54.413+0000] {logging_mixin.py:149} INFO - [2024-05-27T16:44:54.413+0000] {dag.py:3490} INFO - Setting next_dagrun for dataset_consumes_1_and_2 to None, run_after=None
[2024-05-27T16:44:54.414+0000] {logging_mixin.py:149} INFO - [2024-05-27T16:44:54.414+0000] {dag.py:3490} INFO - Setting next_dagrun for dataset_consumes_1_never_scheduled to None, run_after=None
[2024-05-27T16:44:54.415+0000] {logging_mixin.py:149} INFO - [2024-05-27T16:44:54.415+0000] {dag.py:3490} INFO - Setting next_dagrun for dataset_consumes_unknown_never_scheduled to None, run_after=None
[2024-05-27T16:44:54.418+0000] {logging_mixin.py:149} INFO - [2024-05-27T16:44:54.418+0000] {dag.py:3490} INFO - Setting next_dagrun for dataset_produces_1 to 2024-05-26T00:00:00+00:00, run_after=2024-05-27T00:00:00+00:00
[2024-05-27T16:44:54.419+0000] {logging_mixin.py:149} INFO - [2024-05-27T16:44:54.419+0000] {dag.py:3490} INFO - Setting next_dagrun for dataset_produces_2 to None, run_after=None
[2024-05-27T16:44:54.437+0000] {processor.py:178} INFO - Processing /home/airflow/.local/lib/python3.7/site-packages/airflow/example_dags/example_datasets.py took 0.078 seconds
[2024-05-27T16:45:25.387+0000] {processor.py:156} INFO - Started process (PID=640) to work on /home/airflow/.local/lib/python3.7/site-packages/airflow/example_dags/example_datasets.py
[2024-05-27T16:45:25.388+0000] {processor.py:799} INFO - Processing file /home/airflow/.local/lib/python3.7/site-packages/airflow/example_dags/example_datasets.py for tasks to queue
[2024-05-27T16:45:25.389+0000] {logging_mixin.py:149} INFO - [2024-05-27T16:45:25.389+0000] {dagbag.py:541} INFO - Filling up the DagBag from /home/airflow/.local/lib/python3.7/site-packages/airflow/example_dags/example_datasets.py
[2024-05-27T16:45:25.396+0000] {processor.py:809} INFO - DAG(s) dict_keys(['dataset_consumes_1_never_scheduled', 'dataset_produces_2', 'dataset_produces_1', 'dataset_consumes_unknown_never_scheduled', 'dataset_consumes_1', 'dataset_consumes_1_and_2']) retrieved from /home/airflow/.local/lib/python3.7/site-packages/airflow/example_dags/example_datasets.py
[2024-05-27T16:45:25.419+0000] {logging_mixin.py:149} INFO - [2024-05-27T16:45:25.419+0000] {dag.py:2726} INFO - Sync 6 DAGs
[2024-05-27T16:45:25.435+0000] {logging_mixin.py:149} INFO - [2024-05-27T16:45:25.435+0000] {dag.py:3490} INFO - Setting next_dagrun for dataset_consumes_1 to None, run_after=None
[2024-05-27T16:45:25.437+0000] {logging_mixin.py:149} INFO - [2024-05-27T16:45:25.437+0000] {dag.py:3490} INFO - Setting next_dagrun for dataset_consumes_1_and_2 to None, run_after=None
[2024-05-27T16:45:25.438+0000] {logging_mixin.py:149} INFO - [2024-05-27T16:45:25.438+0000] {dag.py:3490} INFO - Setting next_dagrun for dataset_consumes_1_never_scheduled to None, run_after=None
[2024-05-27T16:45:25.439+0000] {logging_mixin.py:149} INFO - [2024-05-27T16:45:25.439+0000] {dag.py:3490} INFO - Setting next_dagrun for dataset_consumes_unknown_never_scheduled to None, run_after=None
[2024-05-27T16:45:25.440+0000] {logging_mixin.py:149} INFO - [2024-05-27T16:45:25.440+0000] {dag.py:3490} INFO - Setting next_dagrun for dataset_produces_1 to 2024-05-26T00:00:00+00:00, run_after=2024-05-27T00:00:00+00:00
[2024-05-27T16:45:25.441+0000] {logging_mixin.py:149} INFO - [2024-05-27T16:45:25.441+0000] {dag.py:3490} INFO - Setting next_dagrun for dataset_produces_2 to None, run_after=None
[2024-05-27T16:45:25.457+0000] {processor.py:178} INFO - Processing /home/airflow/.local/lib/python3.7/site-packages/airflow/example_dags/example_datasets.py took 0.074 seconds
[2024-05-27T16:45:56.156+0000] {processor.py:156} INFO - Started process (PID=700) to work on /home/airflow/.local/lib/python3.7/site-packages/airflow/example_dags/example_datasets.py
[2024-05-27T16:45:56.157+0000] {processor.py:799} INFO - Processing file /home/airflow/.local/lib/python3.7/site-packages/airflow/example_dags/example_datasets.py for tasks to queue
[2024-05-27T16:45:56.157+0000] {logging_mixin.py:149} INFO - [2024-05-27T16:45:56.157+0000] {dagbag.py:541} INFO - Filling up the DagBag from /home/airflow/.local/lib/python3.7/site-packages/airflow/example_dags/example_datasets.py
[2024-05-27T16:45:56.163+0000] {processor.py:809} INFO - DAG(s) dict_keys(['dataset_consumes_1_never_scheduled', 'dataset_consumes_1', 'dataset_produces_2', 'dataset_produces_1', 'dataset_consumes_1_and_2', 'dataset_consumes_unknown_never_scheduled']) retrieved from /home/airflow/.local/lib/python3.7/site-packages/airflow/example_dags/example_datasets.py
[2024-05-27T16:45:56.184+0000] {logging_mixin.py:149} INFO - [2024-05-27T16:45:56.184+0000] {dag.py:2726} INFO - Sync 6 DAGs
[2024-05-27T16:45:56.199+0000] {logging_mixin.py:149} INFO - [2024-05-27T16:45:56.199+0000] {dag.py:3490} INFO - Setting next_dagrun for dataset_consumes_1 to None, run_after=None
[2024-05-27T16:45:56.201+0000] {logging_mixin.py:149} INFO - [2024-05-27T16:45:56.201+0000] {dag.py:3490} INFO - Setting next_dagrun for dataset_consumes_1_and_2 to None, run_after=None
[2024-05-27T16:45:56.201+0000] {logging_mixin.py:149} INFO - [2024-05-27T16:45:56.201+0000] {dag.py:3490} INFO - Setting next_dagrun for dataset_consumes_1_never_scheduled to None, run_after=None
[2024-05-27T16:45:56.202+0000] {logging_mixin.py:149} INFO - [2024-05-27T16:45:56.202+0000] {dag.py:3490} INFO - Setting next_dagrun for dataset_consumes_unknown_never_scheduled to None, run_after=None
[2024-05-27T16:45:56.203+0000] {logging_mixin.py:149} INFO - [2024-05-27T16:45:56.203+0000] {dag.py:3490} INFO - Setting next_dagrun for dataset_produces_1 to 2024-05-26T00:00:00+00:00, run_after=2024-05-27T00:00:00+00:00
[2024-05-27T16:45:56.204+0000] {logging_mixin.py:149} INFO - [2024-05-27T16:45:56.204+0000] {dag.py:3490} INFO - Setting next_dagrun for dataset_produces_2 to None, run_after=None
[2024-05-27T16:45:56.220+0000] {processor.py:178} INFO - Processing /home/airflow/.local/lib/python3.7/site-packages/airflow/example_dags/example_datasets.py took 0.067 seconds
[2024-05-27T16:46:26.332+0000] {processor.py:156} INFO - Started process (PID=760) to work on /home/airflow/.local/lib/python3.7/site-packages/airflow/example_dags/example_datasets.py
[2024-05-27T16:46:26.333+0000] {processor.py:799} INFO - Processing file /home/airflow/.local/lib/python3.7/site-packages/airflow/example_dags/example_datasets.py for tasks to queue
[2024-05-27T16:46:26.334+0000] {logging_mixin.py:149} INFO - [2024-05-27T16:46:26.333+0000] {dagbag.py:541} INFO - Filling up the DagBag from /home/airflow/.local/lib/python3.7/site-packages/airflow/example_dags/example_datasets.py
[2024-05-27T16:46:26.342+0000] {processor.py:809} INFO - DAG(s) dict_keys(['dataset_produces_1', 'dataset_consumes_1_never_scheduled', 'dataset_consumes_1_and_2', 'dataset_produces_2', 'dataset_consumes_unknown_never_scheduled', 'dataset_consumes_1']) retrieved from /home/airflow/.local/lib/python3.7/site-packages/airflow/example_dags/example_datasets.py
[2024-05-27T16:46:26.368+0000] {logging_mixin.py:149} INFO - [2024-05-27T16:46:26.368+0000] {dag.py:2726} INFO - Sync 6 DAGs
[2024-05-27T16:46:26.382+0000] {logging_mixin.py:149} INFO - [2024-05-27T16:46:26.382+0000] {dag.py:3490} INFO - Setting next_dagrun for dataset_consumes_1 to None, run_after=None
[2024-05-27T16:46:26.383+0000] {logging_mixin.py:149} INFO - [2024-05-27T16:46:26.383+0000] {dag.py:3490} INFO - Setting next_dagrun for dataset_consumes_1_and_2 to None, run_after=None
[2024-05-27T16:46:26.384+0000] {logging_mixin.py:149} INFO - [2024-05-27T16:46:26.384+0000] {dag.py:3490} INFO - Setting next_dagrun for dataset_consumes_1_never_scheduled to None, run_after=None
[2024-05-27T16:46:26.385+0000] {logging_mixin.py:149} INFO - [2024-05-27T16:46:26.385+0000] {dag.py:3490} INFO - Setting next_dagrun for dataset_consumes_unknown_never_scheduled to None, run_after=None
[2024-05-27T16:46:26.386+0000] {logging_mixin.py:149} INFO - [2024-05-27T16:46:26.386+0000] {dag.py:3490} INFO - Setting next_dagrun for dataset_produces_1 to 2024-05-26T00:00:00+00:00, run_after=2024-05-27T00:00:00+00:00
[2024-05-27T16:46:26.387+0000] {logging_mixin.py:149} INFO - [2024-05-27T16:46:26.387+0000] {dag.py:3490} INFO - Setting next_dagrun for dataset_produces_2 to None, run_after=None
[2024-05-27T16:46:26.401+0000] {processor.py:178} INFO - Processing /home/airflow/.local/lib/python3.7/site-packages/airflow/example_dags/example_datasets.py took 0.074 seconds
[2024-05-27T16:46:57.213+0000] {processor.py:156} INFO - Started process (PID=820) to work on /home/airflow/.local/lib/python3.7/site-packages/airflow/example_dags/example_datasets.py
[2024-05-27T16:46:57.215+0000] {processor.py:799} INFO - Processing file /home/airflow/.local/lib/python3.7/site-packages/airflow/example_dags/example_datasets.py for tasks to queue
[2024-05-27T16:46:57.216+0000] {logging_mixin.py:149} INFO - [2024-05-27T16:46:57.216+0000] {dagbag.py:541} INFO - Filling up the DagBag from /home/airflow/.local/lib/python3.7/site-packages/airflow/example_dags/example_datasets.py
[2024-05-27T16:46:57.226+0000] {processor.py:809} INFO - DAG(s) dict_keys(['dataset_produces_2', 'dataset_consumes_1_never_scheduled', 'dataset_consumes_1', 'dataset_produces_1', 'dataset_consumes_unknown_never_scheduled', 'dataset_consumes_1_and_2']) retrieved from /home/airflow/.local/lib/python3.7/site-packages/airflow/example_dags/example_datasets.py
[2024-05-27T16:46:57.254+0000] {logging_mixin.py:149} INFO - [2024-05-27T16:46:57.254+0000] {dag.py:2726} INFO - Sync 6 DAGs
[2024-05-27T16:46:57.268+0000] {logging_mixin.py:149} INFO - [2024-05-27T16:46:57.268+0000] {dag.py:3490} INFO - Setting next_dagrun for dataset_consumes_1 to None, run_after=None
[2024-05-27T16:46:57.270+0000] {logging_mixin.py:149} INFO - [2024-05-27T16:46:57.270+0000] {dag.py:3490} INFO - Setting next_dagrun for dataset_consumes_1_and_2 to None, run_after=None
[2024-05-27T16:46:57.271+0000] {logging_mixin.py:149} INFO - [2024-05-27T16:46:57.271+0000] {dag.py:3490} INFO - Setting next_dagrun for dataset_consumes_1_never_scheduled to None, run_after=None
[2024-05-27T16:46:57.271+0000] {logging_mixin.py:149} INFO - [2024-05-27T16:46:57.271+0000] {dag.py:3490} INFO - Setting next_dagrun for dataset_consumes_unknown_never_scheduled to None, run_after=None
[2024-05-27T16:46:57.273+0000] {logging_mixin.py:149} INFO - [2024-05-27T16:46:57.273+0000] {dag.py:3490} INFO - Setting next_dagrun for dataset_produces_1 to 2024-05-26T00:00:00+00:00, run_after=2024-05-27T00:00:00+00:00
[2024-05-27T16:46:57.273+0000] {logging_mixin.py:149} INFO - [2024-05-27T16:46:57.273+0000] {dag.py:3490} INFO - Setting next_dagrun for dataset_produces_2 to None, run_after=None
[2024-05-27T16:46:57.288+0000] {processor.py:178} INFO - Processing /home/airflow/.local/lib/python3.7/site-packages/airflow/example_dags/example_datasets.py took 0.081 seconds
[2024-05-27T16:47:27.989+0000] {processor.py:156} INFO - Started process (PID=880) to work on /home/airflow/.local/lib/python3.7/site-packages/airflow/example_dags/example_datasets.py
[2024-05-27T16:47:27.990+0000] {processor.py:799} INFO - Processing file /home/airflow/.local/lib/python3.7/site-packages/airflow/example_dags/example_datasets.py for tasks to queue
[2024-05-27T16:47:27.991+0000] {logging_mixin.py:149} INFO - [2024-05-27T16:47:27.991+0000] {dagbag.py:541} INFO - Filling up the DagBag from /home/airflow/.local/lib/python3.7/site-packages/airflow/example_dags/example_datasets.py
[2024-05-27T16:47:28.002+0000] {processor.py:809} INFO - DAG(s) dict_keys(['dataset_consumes_1_and_2', 'dataset_produces_2', 'dataset_produces_1', 'dataset_consumes_1_never_scheduled', 'dataset_consumes_unknown_never_scheduled', 'dataset_consumes_1']) retrieved from /home/airflow/.local/lib/python3.7/site-packages/airflow/example_dags/example_datasets.py
[2024-05-27T16:47:28.029+0000] {logging_mixin.py:149} INFO - [2024-05-27T16:47:28.029+0000] {dag.py:2726} INFO - Sync 6 DAGs
[2024-05-27T16:47:28.043+0000] {logging_mixin.py:149} INFO - [2024-05-27T16:47:28.043+0000] {dag.py:3490} INFO - Setting next_dagrun for dataset_consumes_1 to None, run_after=None
[2024-05-27T16:47:28.044+0000] {logging_mixin.py:149} INFO - [2024-05-27T16:47:28.044+0000] {dag.py:3490} INFO - Setting next_dagrun for dataset_consumes_1_and_2 to None, run_after=None
[2024-05-27T16:47:28.045+0000] {logging_mixin.py:149} INFO - [2024-05-27T16:47:28.045+0000] {dag.py:3490} INFO - Setting next_dagrun for dataset_consumes_1_never_scheduled to None, run_after=None
[2024-05-27T16:47:28.046+0000] {logging_mixin.py:149} INFO - [2024-05-27T16:47:28.045+0000] {dag.py:3490} INFO - Setting next_dagrun for dataset_consumes_unknown_never_scheduled to None, run_after=None
[2024-05-27T16:47:28.047+0000] {logging_mixin.py:149} INFO - [2024-05-27T16:47:28.047+0000] {dag.py:3490} INFO - Setting next_dagrun for dataset_produces_1 to 2024-05-26T00:00:00+00:00, run_after=2024-05-27T00:00:00+00:00
[2024-05-27T16:47:28.047+0000] {logging_mixin.py:149} INFO - [2024-05-27T16:47:28.047+0000] {dag.py:3490} INFO - Setting next_dagrun for dataset_produces_2 to None, run_after=None
[2024-05-27T16:47:28.062+0000] {processor.py:178} INFO - Processing /home/airflow/.local/lib/python3.7/site-packages/airflow/example_dags/example_datasets.py took 0.079 seconds
[2024-05-27T16:47:58.773+0000] {processor.py:156} INFO - Started process (PID=940) to work on /home/airflow/.local/lib/python3.7/site-packages/airflow/example_dags/example_datasets.py
[2024-05-27T16:47:58.774+0000] {processor.py:799} INFO - Processing file /home/airflow/.local/lib/python3.7/site-packages/airflow/example_dags/example_datasets.py for tasks to queue
[2024-05-27T16:47:58.775+0000] {logging_mixin.py:149} INFO - [2024-05-27T16:47:58.775+0000] {dagbag.py:541} INFO - Filling up the DagBag from /home/airflow/.local/lib/python3.7/site-packages/airflow/example_dags/example_datasets.py
[2024-05-27T16:47:58.786+0000] {processor.py:809} INFO - DAG(s) dict_keys(['dataset_produces_1', 'dataset_consumes_1_and_2', 'dataset_produces_2', 'dataset_consumes_1', 'dataset_consumes_1_never_scheduled', 'dataset_consumes_unknown_never_scheduled']) retrieved from /home/airflow/.local/lib/python3.7/site-packages/airflow/example_dags/example_datasets.py
[2024-05-27T16:47:58.813+0000] {logging_mixin.py:149} INFO - [2024-05-27T16:47:58.813+0000] {dag.py:2726} INFO - Sync 6 DAGs
[2024-05-27T16:47:58.827+0000] {logging_mixin.py:149} INFO - [2024-05-27T16:47:58.827+0000] {dag.py:3490} INFO - Setting next_dagrun for dataset_consumes_1 to None, run_after=None
[2024-05-27T16:47:58.829+0000] {logging_mixin.py:149} INFO - [2024-05-27T16:47:58.829+0000] {dag.py:3490} INFO - Setting next_dagrun for dataset_consumes_1_and_2 to None, run_after=None
[2024-05-27T16:47:58.830+0000] {logging_mixin.py:149} INFO - [2024-05-27T16:47:58.830+0000] {dag.py:3490} INFO - Setting next_dagrun for dataset_consumes_1_never_scheduled to None, run_after=None
[2024-05-27T16:47:58.830+0000] {logging_mixin.py:149} INFO - [2024-05-27T16:47:58.830+0000] {dag.py:3490} INFO - Setting next_dagrun for dataset_consumes_unknown_never_scheduled to None, run_after=None
[2024-05-27T16:47:58.832+0000] {logging_mixin.py:149} INFO - [2024-05-27T16:47:58.832+0000] {dag.py:3490} INFO - Setting next_dagrun for dataset_produces_1 to 2024-05-26T00:00:00+00:00, run_after=2024-05-27T00:00:00+00:00
[2024-05-27T16:47:58.832+0000] {logging_mixin.py:149} INFO - [2024-05-27T16:47:58.832+0000] {dag.py:3490} INFO - Setting next_dagrun for dataset_produces_2 to None, run_after=None
[2024-05-27T16:47:58.847+0000] {processor.py:178} INFO - Processing /home/airflow/.local/lib/python3.7/site-packages/airflow/example_dags/example_datasets.py took 0.080 seconds
[2024-05-27T16:48:29.563+0000] {processor.py:156} INFO - Started process (PID=1000) to work on /home/airflow/.local/lib/python3.7/site-packages/airflow/example_dags/example_datasets.py
[2024-05-27T16:48:29.564+0000] {processor.py:799} INFO - Processing file /home/airflow/.local/lib/python3.7/site-packages/airflow/example_dags/example_datasets.py for tasks to queue
[2024-05-27T16:48:29.564+0000] {logging_mixin.py:149} INFO - [2024-05-27T16:48:29.564+0000] {dagbag.py:541} INFO - Filling up the DagBag from /home/airflow/.local/lib/python3.7/site-packages/airflow/example_dags/example_datasets.py
[2024-05-27T16:48:29.573+0000] {processor.py:809} INFO - DAG(s) dict_keys(['dataset_produces_1', 'dataset_consumes_1', 'dataset_consumes_1_never_scheduled', 'dataset_consumes_unknown_never_scheduled', 'dataset_produces_2', 'dataset_consumes_1_and_2']) retrieved from /home/airflow/.local/lib/python3.7/site-packages/airflow/example_dags/example_datasets.py
[2024-05-27T16:48:29.598+0000] {logging_mixin.py:149} INFO - [2024-05-27T16:48:29.598+0000] {dag.py:2726} INFO - Sync 6 DAGs
[2024-05-27T16:48:29.611+0000] {logging_mixin.py:149} INFO - [2024-05-27T16:48:29.611+0000] {dag.py:3490} INFO - Setting next_dagrun for dataset_consumes_1 to None, run_after=None
[2024-05-27T16:48:29.612+0000] {logging_mixin.py:149} INFO - [2024-05-27T16:48:29.612+0000] {dag.py:3490} INFO - Setting next_dagrun for dataset_consumes_1_and_2 to None, run_after=None
[2024-05-27T16:48:29.613+0000] {logging_mixin.py:149} INFO - [2024-05-27T16:48:29.613+0000] {dag.py:3490} INFO - Setting next_dagrun for dataset_consumes_1_never_scheduled to None, run_after=None
[2024-05-27T16:48:29.613+0000] {logging_mixin.py:149} INFO - [2024-05-27T16:48:29.613+0000] {dag.py:3490} INFO - Setting next_dagrun for dataset_consumes_unknown_never_scheduled to None, run_after=None
[2024-05-27T16:48:29.615+0000] {logging_mixin.py:149} INFO - [2024-05-27T16:48:29.615+0000] {dag.py:3490} INFO - Setting next_dagrun for dataset_produces_1 to 2024-05-26T00:00:00+00:00, run_after=2024-05-27T00:00:00+00:00
[2024-05-27T16:48:29.615+0000] {logging_mixin.py:149} INFO - [2024-05-27T16:48:29.615+0000] {dag.py:3490} INFO - Setting next_dagrun for dataset_produces_2 to None, run_after=None
[2024-05-27T16:48:29.630+0000] {processor.py:178} INFO - Processing /home/airflow/.local/lib/python3.7/site-packages/airflow/example_dags/example_datasets.py took 0.071 seconds
[2024-05-27T16:49:00.241+0000] {processor.py:156} INFO - Started process (PID=1060) to work on /home/airflow/.local/lib/python3.7/site-packages/airflow/example_dags/example_datasets.py
[2024-05-27T16:49:00.243+0000] {processor.py:799} INFO - Processing file /home/airflow/.local/lib/python3.7/site-packages/airflow/example_dags/example_datasets.py for tasks to queue
[2024-05-27T16:49:00.244+0000] {logging_mixin.py:149} INFO - [2024-05-27T16:49:00.243+0000] {dagbag.py:541} INFO - Filling up the DagBag from /home/airflow/.local/lib/python3.7/site-packages/airflow/example_dags/example_datasets.py
[2024-05-27T16:49:00.255+0000] {processor.py:809} INFO - DAG(s) dict_keys(['dataset_consumes_1', 'dataset_produces_1', 'dataset_consumes_unknown_never_scheduled', 'dataset_consumes_1_and_2', 'dataset_consumes_1_never_scheduled', 'dataset_produces_2']) retrieved from /home/airflow/.local/lib/python3.7/site-packages/airflow/example_dags/example_datasets.py
[2024-05-27T16:49:00.282+0000] {logging_mixin.py:149} INFO - [2024-05-27T16:49:00.282+0000] {dag.py:2726} INFO - Sync 6 DAGs
[2024-05-27T16:49:00.296+0000] {logging_mixin.py:149} INFO - [2024-05-27T16:49:00.296+0000] {dag.py:3490} INFO - Setting next_dagrun for dataset_consumes_1 to None, run_after=None
[2024-05-27T16:49:00.297+0000] {logging_mixin.py:149} INFO - [2024-05-27T16:49:00.297+0000] {dag.py:3490} INFO - Setting next_dagrun for dataset_consumes_1_and_2 to None, run_after=None
[2024-05-27T16:49:00.298+0000] {logging_mixin.py:149} INFO - [2024-05-27T16:49:00.298+0000] {dag.py:3490} INFO - Setting next_dagrun for dataset_consumes_1_never_scheduled to None, run_after=None
[2024-05-27T16:49:00.299+0000] {logging_mixin.py:149} INFO - [2024-05-27T16:49:00.299+0000] {dag.py:3490} INFO - Setting next_dagrun for dataset_consumes_unknown_never_scheduled to None, run_after=None
[2024-05-27T16:49:00.300+0000] {logging_mixin.py:149} INFO - [2024-05-27T16:49:00.300+0000] {dag.py:3490} INFO - Setting next_dagrun for dataset_produces_1 to 2024-05-26T00:00:00+00:00, run_after=2024-05-27T00:00:00+00:00
[2024-05-27T16:49:00.301+0000] {logging_mixin.py:149} INFO - [2024-05-27T16:49:00.301+0000] {dag.py:3490} INFO - Setting next_dagrun for dataset_produces_2 to None, run_after=None
[2024-05-27T16:49:00.315+0000] {processor.py:178} INFO - Processing /home/airflow/.local/lib/python3.7/site-packages/airflow/example_dags/example_datasets.py took 0.080 seconds
[2024-05-27T16:50:02.329+0000] {processor.py:156} INFO - Started process (PID=1120) to work on /home/airflow/.local/lib/python3.7/site-packages/airflow/example_dags/example_datasets.py
[2024-05-27T16:50:02.330+0000] {processor.py:799} INFO - Processing file /home/airflow/.local/lib/python3.7/site-packages/airflow/example_dags/example_datasets.py for tasks to queue
[2024-05-27T16:50:02.330+0000] {logging_mixin.py:149} INFO - [2024-05-27T16:50:02.330+0000] {dagbag.py:541} INFO - Filling up the DagBag from /home/airflow/.local/lib/python3.7/site-packages/airflow/example_dags/example_datasets.py
[2024-05-27T16:50:02.336+0000] {processor.py:809} INFO - DAG(s) dict_keys(['dataset_consumes_unknown_never_scheduled', 'dataset_consumes_1', 'dataset_consumes_1_and_2', 'dataset_produces_1', 'dataset_produces_2', 'dataset_consumes_1_never_scheduled']) retrieved from /home/airflow/.local/lib/python3.7/site-packages/airflow/example_dags/example_datasets.py
[2024-05-27T16:50:02.355+0000] {logging_mixin.py:149} INFO - [2024-05-27T16:50:02.355+0000] {dag.py:2726} INFO - Sync 6 DAGs
[2024-05-27T16:50:02.367+0000] {logging_mixin.py:149} INFO - [2024-05-27T16:50:02.367+0000] {dag.py:3490} INFO - Setting next_dagrun for dataset_consumes_1 to None, run_after=None
[2024-05-27T16:50:02.369+0000] {logging_mixin.py:149} INFO - [2024-05-27T16:50:02.369+0000] {dag.py:3490} INFO - Setting next_dagrun for dataset_consumes_1_and_2 to None, run_after=None
[2024-05-27T16:50:02.370+0000] {logging_mixin.py:149} INFO - [2024-05-27T16:50:02.370+0000] {dag.py:3490} INFO - Setting next_dagrun for dataset_consumes_1_never_scheduled to None, run_after=None
[2024-05-27T16:50:02.370+0000] {logging_mixin.py:149} INFO - [2024-05-27T16:50:02.370+0000] {dag.py:3490} INFO - Setting next_dagrun for dataset_consumes_unknown_never_scheduled to None, run_after=None
[2024-05-27T16:50:02.372+0000] {logging_mixin.py:149} INFO - [2024-05-27T16:50:02.372+0000] {dag.py:3490} INFO - Setting next_dagrun for dataset_produces_1 to 2024-05-26T00:00:00+00:00, run_after=2024-05-27T00:00:00+00:00
[2024-05-27T16:50:02.372+0000] {logging_mixin.py:149} INFO - [2024-05-27T16:50:02.372+0000] {dag.py:3490} INFO - Setting next_dagrun for dataset_produces_2 to None, run_after=None
[2024-05-27T16:50:02.390+0000] {processor.py:178} INFO - Processing /home/airflow/.local/lib/python3.7/site-packages/airflow/example_dags/example_datasets.py took 0.063 seconds
[2024-05-27T16:50:32.466+0000] {processor.py:156} INFO - Started process (PID=1181) to work on /home/airflow/.local/lib/python3.7/site-packages/airflow/example_dags/example_datasets.py
[2024-05-27T16:50:32.466+0000] {processor.py:799} INFO - Processing file /home/airflow/.local/lib/python3.7/site-packages/airflow/example_dags/example_datasets.py for tasks to queue
[2024-05-27T16:50:32.467+0000] {logging_mixin.py:149} INFO - [2024-05-27T16:50:32.467+0000] {dagbag.py:541} INFO - Filling up the DagBag from /home/airflow/.local/lib/python3.7/site-packages/airflow/example_dags/example_datasets.py
[2024-05-27T16:50:32.472+0000] {processor.py:809} INFO - DAG(s) dict_keys(['dataset_consumes_1', 'dataset_consumes_unknown_never_scheduled', 'dataset_produces_1', 'dataset_consumes_1_and_2', 'dataset_consumes_1_never_scheduled', 'dataset_produces_2']) retrieved from /home/airflow/.local/lib/python3.7/site-packages/airflow/example_dags/example_datasets.py
[2024-05-27T16:50:32.491+0000] {logging_mixin.py:149} INFO - [2024-05-27T16:50:32.491+0000] {dag.py:2726} INFO - Sync 6 DAGs
[2024-05-27T16:50:32.504+0000] {logging_mixin.py:149} INFO - [2024-05-27T16:50:32.504+0000] {dag.py:3490} INFO - Setting next_dagrun for dataset_consumes_1 to None, run_after=None
[2024-05-27T16:50:32.506+0000] {logging_mixin.py:149} INFO - [2024-05-27T16:50:32.506+0000] {dag.py:3490} INFO - Setting next_dagrun for dataset_consumes_1_and_2 to None, run_after=None
[2024-05-27T16:50:32.506+0000] {logging_mixin.py:149} INFO - [2024-05-27T16:50:32.506+0000] {dag.py:3490} INFO - Setting next_dagrun for dataset_consumes_1_never_scheduled to None, run_after=None
[2024-05-27T16:50:32.507+0000] {logging_mixin.py:149} INFO - [2024-05-27T16:50:32.507+0000] {dag.py:3490} INFO - Setting next_dagrun for dataset_consumes_unknown_never_scheduled to None, run_after=None
[2024-05-27T16:50:32.508+0000] {logging_mixin.py:149} INFO - [2024-05-27T16:50:32.508+0000] {dag.py:3490} INFO - Setting next_dagrun for dataset_produces_1 to 2024-05-26T00:00:00+00:00, run_after=2024-05-27T00:00:00+00:00
[2024-05-27T16:50:32.509+0000] {logging_mixin.py:149} INFO - [2024-05-27T16:50:32.509+0000] {dag.py:3490} INFO - Setting next_dagrun for dataset_produces_2 to None, run_after=None
[2024-05-27T16:50:32.524+0000] {processor.py:178} INFO - Processing /home/airflow/.local/lib/python3.7/site-packages/airflow/example_dags/example_datasets.py took 0.060 seconds
[2024-05-27T16:51:02.631+0000] {processor.py:156} INFO - Started process (PID=1242) to work on /home/airflow/.local/lib/python3.7/site-packages/airflow/example_dags/example_datasets.py
[2024-05-27T16:51:02.632+0000] {processor.py:799} INFO - Processing file /home/airflow/.local/lib/python3.7/site-packages/airflow/example_dags/example_datasets.py for tasks to queue
[2024-05-27T16:51:02.632+0000] {logging_mixin.py:149} INFO - [2024-05-27T16:51:02.632+0000] {dagbag.py:541} INFO - Filling up the DagBag from /home/airflow/.local/lib/python3.7/site-packages/airflow/example_dags/example_datasets.py
[2024-05-27T16:51:02.637+0000] {processor.py:809} INFO - DAG(s) dict_keys(['dataset_produces_2', 'dataset_consumes_unknown_never_scheduled', 'dataset_consumes_1_and_2', 'dataset_consumes_1_never_scheduled', 'dataset_produces_1', 'dataset_consumes_1']) retrieved from /home/airflow/.local/lib/python3.7/site-packages/airflow/example_dags/example_datasets.py
[2024-05-27T16:51:02.655+0000] {logging_mixin.py:149} INFO - [2024-05-27T16:51:02.655+0000] {dag.py:2726} INFO - Sync 6 DAGs
[2024-05-27T16:51:02.667+0000] {logging_mixin.py:149} INFO - [2024-05-27T16:51:02.666+0000] {dag.py:3490} INFO - Setting next_dagrun for dataset_consumes_1 to None, run_after=None
[2024-05-27T16:51:02.668+0000] {logging_mixin.py:149} INFO - [2024-05-27T16:51:02.668+0000] {dag.py:3490} INFO - Setting next_dagrun for dataset_consumes_1_and_2 to None, run_after=None
[2024-05-27T16:51:02.669+0000] {logging_mixin.py:149} INFO - [2024-05-27T16:51:02.669+0000] {dag.py:3490} INFO - Setting next_dagrun for dataset_consumes_1_never_scheduled to None, run_after=None
[2024-05-27T16:51:02.669+0000] {logging_mixin.py:149} INFO - [2024-05-27T16:51:02.669+0000] {dag.py:3490} INFO - Setting next_dagrun for dataset_consumes_unknown_never_scheduled to None, run_after=None
[2024-05-27T16:51:02.670+0000] {logging_mixin.py:149} INFO - [2024-05-27T16:51:02.670+0000] {dag.py:3490} INFO - Setting next_dagrun for dataset_produces_1 to 2024-05-26T00:00:00+00:00, run_after=2024-05-27T00:00:00+00:00
[2024-05-27T16:51:02.671+0000] {logging_mixin.py:149} INFO - [2024-05-27T16:51:02.671+0000] {dag.py:3490} INFO - Setting next_dagrun for dataset_produces_2 to None, run_after=None
[2024-05-27T16:51:02.685+0000] {processor.py:178} INFO - Processing /home/airflow/.local/lib/python3.7/site-packages/airflow/example_dags/example_datasets.py took 0.056 seconds
[2024-05-27T16:51:32.825+0000] {processor.py:156} INFO - Started process (PID=1303) to work on /home/airflow/.local/lib/python3.7/site-packages/airflow/example_dags/example_datasets.py
[2024-05-27T16:51:32.826+0000] {processor.py:799} INFO - Processing file /home/airflow/.local/lib/python3.7/site-packages/airflow/example_dags/example_datasets.py for tasks to queue
[2024-05-27T16:51:32.827+0000] {logging_mixin.py:149} INFO - [2024-05-27T16:51:32.827+0000] {dagbag.py:541} INFO - Filling up the DagBag from /home/airflow/.local/lib/python3.7/site-packages/airflow/example_dags/example_datasets.py
[2024-05-27T16:51:32.833+0000] {processor.py:809} INFO - DAG(s) dict_keys(['dataset_consumes_1_never_scheduled', 'dataset_produces_2', 'dataset_consumes_1_and_2', 'dataset_consumes_unknown_never_scheduled', 'dataset_produces_1', 'dataset_consumes_1']) retrieved from /home/airflow/.local/lib/python3.7/site-packages/airflow/example_dags/example_datasets.py
[2024-05-27T16:51:32.853+0000] {logging_mixin.py:149} INFO - [2024-05-27T16:51:32.853+0000] {dag.py:2726} INFO - Sync 6 DAGs
[2024-05-27T16:51:32.866+0000] {logging_mixin.py:149} INFO - [2024-05-27T16:51:32.866+0000] {dag.py:3490} INFO - Setting next_dagrun for dataset_consumes_1 to None, run_after=None
[2024-05-27T16:51:32.868+0000] {logging_mixin.py:149} INFO - [2024-05-27T16:51:32.868+0000] {dag.py:3490} INFO - Setting next_dagrun for dataset_consumes_1_and_2 to None, run_after=None
[2024-05-27T16:51:32.868+0000] {logging_mixin.py:149} INFO - [2024-05-27T16:51:32.868+0000] {dag.py:3490} INFO - Setting next_dagrun for dataset_consumes_1_never_scheduled to None, run_after=None
[2024-05-27T16:51:32.869+0000] {logging_mixin.py:149} INFO - [2024-05-27T16:51:32.869+0000] {dag.py:3490} INFO - Setting next_dagrun for dataset_consumes_unknown_never_scheduled to None, run_after=None
[2024-05-27T16:51:32.870+0000] {logging_mixin.py:149} INFO - [2024-05-27T16:51:32.870+0000] {dag.py:3490} INFO - Setting next_dagrun for dataset_produces_1 to 2024-05-26T00:00:00+00:00, run_after=2024-05-27T00:00:00+00:00
[2024-05-27T16:51:32.871+0000] {logging_mixin.py:149} INFO - [2024-05-27T16:51:32.871+0000] {dag.py:3490} INFO - Setting next_dagrun for dataset_produces_2 to None, run_after=None
[2024-05-27T16:51:32.886+0000] {processor.py:178} INFO - Processing /home/airflow/.local/lib/python3.7/site-packages/airflow/example_dags/example_datasets.py took 0.063 seconds
[2024-05-27T16:52:07.665+0000] {processor.py:156} INFO - Started process (PID=1381) to work on /home/airflow/.local/lib/python3.7/site-packages/airflow/example_dags/example_datasets.py
[2024-05-27T16:52:07.723+0000] {processor.py:799} INFO - Processing file /home/airflow/.local/lib/python3.7/site-packages/airflow/example_dags/example_datasets.py for tasks to queue
[2024-05-27T16:52:07.726+0000] {logging_mixin.py:149} INFO - [2024-05-27T16:52:07.726+0000] {dagbag.py:541} INFO - Filling up the DagBag from /home/airflow/.local/lib/python3.7/site-packages/airflow/example_dags/example_datasets.py
[2024-05-27T16:52:07.778+0000] {processor.py:809} INFO - DAG(s) dict_keys(['dataset_consumes_1_and_2', 'dataset_produces_1', 'dataset_consumes_unknown_never_scheduled', 'dataset_consumes_1', 'dataset_consumes_1_never_scheduled', 'dataset_produces_2']) retrieved from /home/airflow/.local/lib/python3.7/site-packages/airflow/example_dags/example_datasets.py
[2024-05-27T16:52:07.940+0000] {logging_mixin.py:149} INFO - [2024-05-27T16:52:07.940+0000] {dag.py:2726} INFO - Sync 6 DAGs
[2024-05-27T16:52:08.099+0000] {logging_mixin.py:149} INFO - [2024-05-27T16:52:08.099+0000] {dag.py:3490} INFO - Setting next_dagrun for dataset_consumes_1 to None, run_after=None
[2024-05-27T16:52:08.126+0000] {logging_mixin.py:149} INFO - [2024-05-27T16:52:08.125+0000] {dag.py:3490} INFO - Setting next_dagrun for dataset_consumes_1_and_2 to None, run_after=None
[2024-05-27T16:52:08.135+0000] {logging_mixin.py:149} INFO - [2024-05-27T16:52:08.134+0000] {dag.py:3490} INFO - Setting next_dagrun for dataset_consumes_1_never_scheduled to None, run_after=None
[2024-05-27T16:52:08.143+0000] {logging_mixin.py:149} INFO - [2024-05-27T16:52:08.143+0000] {dag.py:3490} INFO - Setting next_dagrun for dataset_consumes_unknown_never_scheduled to None, run_after=None
[2024-05-27T16:52:08.166+0000] {logging_mixin.py:149} INFO - [2024-05-27T16:52:08.158+0000] {dag.py:3490} INFO - Setting next_dagrun for dataset_produces_1 to 2024-05-26T00:00:00+00:00, run_after=2024-05-27T00:00:00+00:00
[2024-05-27T16:52:08.171+0000] {logging_mixin.py:149} INFO - [2024-05-27T16:52:08.170+0000] {dag.py:3490} INFO - Setting next_dagrun for dataset_produces_2 to None, run_after=None
[2024-05-27T16:52:08.385+0000] {processor.py:178} INFO - Processing /home/airflow/.local/lib/python3.7/site-packages/airflow/example_dags/example_datasets.py took 0.753 seconds
