[2024-05-27T16:40:20.084+0000] {processor.py:156} INFO - Started process (PID=48) to work on /home/airflow/.local/lib/python3.7/site-packages/airflow/example_dags/example_xcomargs.py
[2024-05-27T16:40:20.089+0000] {processor.py:799} INFO - Processing file /home/airflow/.local/lib/python3.7/site-packages/airflow/example_dags/example_xcomargs.py for tasks to queue
[2024-05-27T16:40:20.091+0000] {logging_mixin.py:149} INFO - [2024-05-27T16:40:20.091+0000] {dagbag.py:541} INFO - Filling up the DagBag from /home/airflow/.local/lib/python3.7/site-packages/airflow/example_dags/example_xcomargs.py
[2024-05-27T16:40:20.132+0000] {processor.py:809} INFO - DAG(s) dict_keys(['example_xcom_args', 'example_xcom_args_with_operators']) retrieved from /home/airflow/.local/lib/python3.7/site-packages/airflow/example_dags/example_xcomargs.py
[2024-05-27T16:40:20.251+0000] {logging_mixin.py:149} INFO - [2024-05-27T16:40:20.251+0000] {manager.py:504} INFO - Created Permission View: can delete on DAG:example_xcom_args
[2024-05-27T16:40:20.257+0000] {logging_mixin.py:149} INFO - [2024-05-27T16:40:20.257+0000] {manager.py:504} INFO - Created Permission View: can read on DAG:example_xcom_args
[2024-05-27T16:40:20.261+0000] {logging_mixin.py:149} INFO - [2024-05-27T16:40:20.261+0000] {manager.py:504} INFO - Created Permission View: can edit on DAG:example_xcom_args
[2024-05-27T16:40:20.270+0000] {logging_mixin.py:149} INFO - [2024-05-27T16:40:20.269+0000] {manager.py:504} INFO - Created Permission View: can delete on DAG:example_xcom_args_with_operators
[2024-05-27T16:40:20.273+0000] {logging_mixin.py:149} INFO - [2024-05-27T16:40:20.273+0000] {manager.py:504} INFO - Created Permission View: can read on DAG:example_xcom_args_with_operators
[2024-05-27T16:40:20.277+0000] {logging_mixin.py:149} INFO - [2024-05-27T16:40:20.277+0000] {manager.py:504} INFO - Created Permission View: can edit on DAG:example_xcom_args_with_operators
[2024-05-27T16:40:20.277+0000] {logging_mixin.py:149} INFO - [2024-05-27T16:40:20.277+0000] {dag.py:2726} INFO - Sync 2 DAGs
[2024-05-27T16:40:20.286+0000] {logging_mixin.py:149} INFO - [2024-05-27T16:40:20.286+0000] {dag.py:2747} INFO - Creating ORM DAG for example_xcom_args_with_operators
[2024-05-27T16:40:20.286+0000] {logging_mixin.py:149} INFO - [2024-05-27T16:40:20.286+0000] {dag.py:2747} INFO - Creating ORM DAG for example_xcom_args
[2024-05-27T16:40:20.293+0000] {logging_mixin.py:149} INFO - [2024-05-27T16:40:20.293+0000] {dag.py:3490} INFO - Setting next_dagrun for example_xcom_args to None, run_after=None
[2024-05-27T16:40:20.293+0000] {logging_mixin.py:149} INFO - [2024-05-27T16:40:20.293+0000] {dag.py:3490} INFO - Setting next_dagrun for example_xcom_args_with_operators to None, run_after=None
[2024-05-27T16:40:20.304+0000] {processor.py:178} INFO - Processing /home/airflow/.local/lib/python3.7/site-packages/airflow/example_dags/example_xcomargs.py took 0.238 seconds
[2024-05-27T16:40:51.110+0000] {processor.py:156} INFO - Started process (PID=108) to work on /home/airflow/.local/lib/python3.7/site-packages/airflow/example_dags/example_xcomargs.py
[2024-05-27T16:40:51.112+0000] {processor.py:799} INFO - Processing file /home/airflow/.local/lib/python3.7/site-packages/airflow/example_dags/example_xcomargs.py for tasks to queue
[2024-05-27T16:40:51.113+0000] {logging_mixin.py:149} INFO - [2024-05-27T16:40:51.112+0000] {dagbag.py:541} INFO - Filling up the DagBag from /home/airflow/.local/lib/python3.7/site-packages/airflow/example_dags/example_xcomargs.py
[2024-05-27T16:40:51.121+0000] {processor.py:809} INFO - DAG(s) dict_keys(['example_xcom_args', 'example_xcom_args_with_operators']) retrieved from /home/airflow/.local/lib/python3.7/site-packages/airflow/example_dags/example_xcomargs.py
[2024-05-27T16:40:51.142+0000] {logging_mixin.py:149} INFO - [2024-05-27T16:40:51.142+0000] {dag.py:2726} INFO - Sync 2 DAGs
[2024-05-27T16:40:51.157+0000] {logging_mixin.py:149} INFO - [2024-05-27T16:40:51.157+0000] {dag.py:3490} INFO - Setting next_dagrun for example_xcom_args to None, run_after=None
[2024-05-27T16:40:51.159+0000] {logging_mixin.py:149} INFO - [2024-05-27T16:40:51.159+0000] {dag.py:3490} INFO - Setting next_dagrun for example_xcom_args_with_operators to None, run_after=None
[2024-05-27T16:40:51.167+0000] {processor.py:178} INFO - Processing /home/airflow/.local/lib/python3.7/site-packages/airflow/example_dags/example_xcomargs.py took 0.061 seconds
[2024-05-27T16:41:21.423+0000] {processor.py:156} INFO - Started process (PID=168) to work on /home/airflow/.local/lib/python3.7/site-packages/airflow/example_dags/example_xcomargs.py
[2024-05-27T16:41:21.424+0000] {processor.py:799} INFO - Processing file /home/airflow/.local/lib/python3.7/site-packages/airflow/example_dags/example_xcomargs.py for tasks to queue
[2024-05-27T16:41:21.425+0000] {logging_mixin.py:149} INFO - [2024-05-27T16:41:21.425+0000] {dagbag.py:541} INFO - Filling up the DagBag from /home/airflow/.local/lib/python3.7/site-packages/airflow/example_dags/example_xcomargs.py
[2024-05-27T16:41:21.433+0000] {processor.py:809} INFO - DAG(s) dict_keys(['example_xcom_args_with_operators', 'example_xcom_args']) retrieved from /home/airflow/.local/lib/python3.7/site-packages/airflow/example_dags/example_xcomargs.py
[2024-05-27T16:41:21.459+0000] {logging_mixin.py:149} INFO - [2024-05-27T16:41:21.459+0000] {dag.py:2726} INFO - Sync 2 DAGs
[2024-05-27T16:41:21.475+0000] {logging_mixin.py:149} INFO - [2024-05-27T16:41:21.475+0000] {dag.py:3490} INFO - Setting next_dagrun for example_xcom_args to None, run_after=None
[2024-05-27T16:41:21.477+0000] {logging_mixin.py:149} INFO - [2024-05-27T16:41:21.477+0000] {dag.py:3490} INFO - Setting next_dagrun for example_xcom_args_with_operators to None, run_after=None
[2024-05-27T16:41:21.486+0000] {processor.py:178} INFO - Processing /home/airflow/.local/lib/python3.7/site-packages/airflow/example_dags/example_xcomargs.py took 0.069 seconds
[2024-05-27T16:41:52.463+0000] {processor.py:156} INFO - Started process (PID=228) to work on /home/airflow/.local/lib/python3.7/site-packages/airflow/example_dags/example_xcomargs.py
[2024-05-27T16:41:52.465+0000] {processor.py:799} INFO - Processing file /home/airflow/.local/lib/python3.7/site-packages/airflow/example_dags/example_xcomargs.py for tasks to queue
[2024-05-27T16:41:52.465+0000] {logging_mixin.py:149} INFO - [2024-05-27T16:41:52.465+0000] {dagbag.py:541} INFO - Filling up the DagBag from /home/airflow/.local/lib/python3.7/site-packages/airflow/example_dags/example_xcomargs.py
[2024-05-27T16:41:52.474+0000] {processor.py:809} INFO - DAG(s) dict_keys(['example_xcom_args', 'example_xcom_args_with_operators']) retrieved from /home/airflow/.local/lib/python3.7/site-packages/airflow/example_dags/example_xcomargs.py
[2024-05-27T16:41:52.499+0000] {logging_mixin.py:149} INFO - [2024-05-27T16:41:52.499+0000] {dag.py:2726} INFO - Sync 2 DAGs
[2024-05-27T16:41:52.515+0000] {logging_mixin.py:149} INFO - [2024-05-27T16:41:52.515+0000] {dag.py:3490} INFO - Setting next_dagrun for example_xcom_args to None, run_after=None
[2024-05-27T16:41:52.517+0000] {logging_mixin.py:149} INFO - [2024-05-27T16:41:52.517+0000] {dag.py:3490} INFO - Setting next_dagrun for example_xcom_args_with_operators to None, run_after=None
[2024-05-27T16:41:52.525+0000] {processor.py:178} INFO - Processing /home/airflow/.local/lib/python3.7/site-packages/airflow/example_dags/example_xcomargs.py took 0.067 seconds
[2024-05-27T16:42:22.754+0000] {processor.py:156} INFO - Started process (PID=288) to work on /home/airflow/.local/lib/python3.7/site-packages/airflow/example_dags/example_xcomargs.py
[2024-05-27T16:42:22.756+0000] {processor.py:799} INFO - Processing file /home/airflow/.local/lib/python3.7/site-packages/airflow/example_dags/example_xcomargs.py for tasks to queue
[2024-05-27T16:42:22.757+0000] {logging_mixin.py:149} INFO - [2024-05-27T16:42:22.756+0000] {dagbag.py:541} INFO - Filling up the DagBag from /home/airflow/.local/lib/python3.7/site-packages/airflow/example_dags/example_xcomargs.py
[2024-05-27T16:42:22.765+0000] {processor.py:809} INFO - DAG(s) dict_keys(['example_xcom_args_with_operators', 'example_xcom_args']) retrieved from /home/airflow/.local/lib/python3.7/site-packages/airflow/example_dags/example_xcomargs.py
[2024-05-27T16:42:22.790+0000] {logging_mixin.py:149} INFO - [2024-05-27T16:42:22.790+0000] {dag.py:2726} INFO - Sync 2 DAGs
[2024-05-27T16:42:22.811+0000] {logging_mixin.py:149} INFO - [2024-05-27T16:42:22.811+0000] {dag.py:3490} INFO - Setting next_dagrun for example_xcom_args to None, run_after=None
[2024-05-27T16:42:22.813+0000] {logging_mixin.py:149} INFO - [2024-05-27T16:42:22.813+0000] {dag.py:3490} INFO - Setting next_dagrun for example_xcom_args_with_operators to None, run_after=None
[2024-05-27T16:42:22.823+0000] {processor.py:178} INFO - Processing /home/airflow/.local/lib/python3.7/site-packages/airflow/example_dags/example_xcomargs.py took 0.073 seconds
[2024-05-27T16:42:52.949+0000] {processor.py:156} INFO - Started process (PID=347) to work on /home/airflow/.local/lib/python3.7/site-packages/airflow/example_dags/example_xcomargs.py
[2024-05-27T16:42:52.951+0000] {processor.py:799} INFO - Processing file /home/airflow/.local/lib/python3.7/site-packages/airflow/example_dags/example_xcomargs.py for tasks to queue
[2024-05-27T16:42:52.951+0000] {logging_mixin.py:149} INFO - [2024-05-27T16:42:52.951+0000] {dagbag.py:541} INFO - Filling up the DagBag from /home/airflow/.local/lib/python3.7/site-packages/airflow/example_dags/example_xcomargs.py
[2024-05-27T16:42:52.958+0000] {processor.py:809} INFO - DAG(s) dict_keys(['example_xcom_args', 'example_xcom_args_with_operators']) retrieved from /home/airflow/.local/lib/python3.7/site-packages/airflow/example_dags/example_xcomargs.py
[2024-05-27T16:42:52.977+0000] {logging_mixin.py:149} INFO - [2024-05-27T16:42:52.977+0000] {dag.py:2726} INFO - Sync 2 DAGs
[2024-05-27T16:42:52.990+0000] {logging_mixin.py:149} INFO - [2024-05-27T16:42:52.990+0000] {dag.py:3490} INFO - Setting next_dagrun for example_xcom_args to None, run_after=None
[2024-05-27T16:42:52.991+0000] {logging_mixin.py:149} INFO - [2024-05-27T16:42:52.991+0000] {dag.py:3490} INFO - Setting next_dagrun for example_xcom_args_with_operators to None, run_after=None
[2024-05-27T16:42:52.999+0000] {processor.py:178} INFO - Processing /home/airflow/.local/lib/python3.7/site-packages/airflow/example_dags/example_xcomargs.py took 0.054 seconds
[2024-05-27T16:43:23.785+0000] {processor.py:156} INFO - Started process (PID=408) to work on /home/airflow/.local/lib/python3.7/site-packages/airflow/example_dags/example_xcomargs.py
[2024-05-27T16:43:23.786+0000] {processor.py:799} INFO - Processing file /home/airflow/.local/lib/python3.7/site-packages/airflow/example_dags/example_xcomargs.py for tasks to queue
[2024-05-27T16:43:23.787+0000] {logging_mixin.py:149} INFO - [2024-05-27T16:43:23.787+0000] {dagbag.py:541} INFO - Filling up the DagBag from /home/airflow/.local/lib/python3.7/site-packages/airflow/example_dags/example_xcomargs.py
[2024-05-27T16:43:23.794+0000] {processor.py:809} INFO - DAG(s) dict_keys(['example_xcom_args_with_operators', 'example_xcom_args']) retrieved from /home/airflow/.local/lib/python3.7/site-packages/airflow/example_dags/example_xcomargs.py
[2024-05-27T16:43:23.816+0000] {logging_mixin.py:149} INFO - [2024-05-27T16:43:23.815+0000] {dag.py:2726} INFO - Sync 2 DAGs
[2024-05-27T16:43:23.831+0000] {logging_mixin.py:149} INFO - [2024-05-27T16:43:23.831+0000] {dag.py:3490} INFO - Setting next_dagrun for example_xcom_args to None, run_after=None
[2024-05-27T16:43:23.832+0000] {logging_mixin.py:149} INFO - [2024-05-27T16:43:23.832+0000] {dag.py:3490} INFO - Setting next_dagrun for example_xcom_args_with_operators to None, run_after=None
[2024-05-27T16:43:23.841+0000] {processor.py:178} INFO - Processing /home/airflow/.local/lib/python3.7/site-packages/airflow/example_dags/example_xcomargs.py took 0.060 seconds
[2024-05-27T16:43:54.687+0000] {processor.py:156} INFO - Started process (PID=468) to work on /home/airflow/.local/lib/python3.7/site-packages/airflow/example_dags/example_xcomargs.py
[2024-05-27T16:43:54.688+0000] {processor.py:799} INFO - Processing file /home/airflow/.local/lib/python3.7/site-packages/airflow/example_dags/example_xcomargs.py for tasks to queue
[2024-05-27T16:43:54.688+0000] {logging_mixin.py:149} INFO - [2024-05-27T16:43:54.688+0000] {dagbag.py:541} INFO - Filling up the DagBag from /home/airflow/.local/lib/python3.7/site-packages/airflow/example_dags/example_xcomargs.py
[2024-05-27T16:43:54.694+0000] {processor.py:809} INFO - DAG(s) dict_keys(['example_xcom_args', 'example_xcom_args_with_operators']) retrieved from /home/airflow/.local/lib/python3.7/site-packages/airflow/example_dags/example_xcomargs.py
[2024-05-27T16:43:54.711+0000] {logging_mixin.py:149} INFO - [2024-05-27T16:43:54.711+0000] {dag.py:2726} INFO - Sync 2 DAGs
[2024-05-27T16:43:54.725+0000] {logging_mixin.py:149} INFO - [2024-05-27T16:43:54.724+0000] {dag.py:3490} INFO - Setting next_dagrun for example_xcom_args to None, run_after=None
[2024-05-27T16:43:54.726+0000] {logging_mixin.py:149} INFO - [2024-05-27T16:43:54.726+0000] {dag.py:3490} INFO - Setting next_dagrun for example_xcom_args_with_operators to None, run_after=None
[2024-05-27T16:43:54.735+0000] {processor.py:178} INFO - Processing /home/airflow/.local/lib/python3.7/site-packages/airflow/example_dags/example_xcomargs.py took 0.050 seconds
[2024-05-27T16:44:25.490+0000] {processor.py:156} INFO - Started process (PID=528) to work on /home/airflow/.local/lib/python3.7/site-packages/airflow/example_dags/example_xcomargs.py
[2024-05-27T16:44:25.492+0000] {processor.py:799} INFO - Processing file /home/airflow/.local/lib/python3.7/site-packages/airflow/example_dags/example_xcomargs.py for tasks to queue
[2024-05-27T16:44:25.493+0000] {logging_mixin.py:149} INFO - [2024-05-27T16:44:25.493+0000] {dagbag.py:541} INFO - Filling up the DagBag from /home/airflow/.local/lib/python3.7/site-packages/airflow/example_dags/example_xcomargs.py
[2024-05-27T16:44:25.505+0000] {processor.py:809} INFO - DAG(s) dict_keys(['example_xcom_args_with_operators', 'example_xcom_args']) retrieved from /home/airflow/.local/lib/python3.7/site-packages/airflow/example_dags/example_xcomargs.py
[2024-05-27T16:44:25.534+0000] {logging_mixin.py:149} INFO - [2024-05-27T16:44:25.533+0000] {dag.py:2726} INFO - Sync 2 DAGs
[2024-05-27T16:44:25.549+0000] {logging_mixin.py:149} INFO - [2024-05-27T16:44:25.549+0000] {dag.py:3490} INFO - Setting next_dagrun for example_xcom_args to None, run_after=None
[2024-05-27T16:44:25.551+0000] {logging_mixin.py:149} INFO - [2024-05-27T16:44:25.551+0000] {dag.py:3490} INFO - Setting next_dagrun for example_xcom_args_with_operators to None, run_after=None
[2024-05-27T16:44:25.560+0000] {processor.py:178} INFO - Processing /home/airflow/.local/lib/python3.7/site-packages/airflow/example_dags/example_xcomargs.py took 0.076 seconds
[2024-05-27T16:44:55.619+0000] {processor.py:156} INFO - Started process (PID=587) to work on /home/airflow/.local/lib/python3.7/site-packages/airflow/example_dags/example_xcomargs.py
[2024-05-27T16:44:55.622+0000] {processor.py:799} INFO - Processing file /home/airflow/.local/lib/python3.7/site-packages/airflow/example_dags/example_xcomargs.py for tasks to queue
[2024-05-27T16:44:55.622+0000] {logging_mixin.py:149} INFO - [2024-05-27T16:44:55.622+0000] {dagbag.py:541} INFO - Filling up the DagBag from /home/airflow/.local/lib/python3.7/site-packages/airflow/example_dags/example_xcomargs.py
[2024-05-27T16:44:55.632+0000] {processor.py:809} INFO - DAG(s) dict_keys(['example_xcom_args', 'example_xcom_args_with_operators']) retrieved from /home/airflow/.local/lib/python3.7/site-packages/airflow/example_dags/example_xcomargs.py
[2024-05-27T16:44:55.656+0000] {logging_mixin.py:149} INFO - [2024-05-27T16:44:55.655+0000] {dag.py:2726} INFO - Sync 2 DAGs
[2024-05-27T16:44:55.670+0000] {logging_mixin.py:149} INFO - [2024-05-27T16:44:55.669+0000] {dag.py:3490} INFO - Setting next_dagrun for example_xcom_args to None, run_after=None
[2024-05-27T16:44:55.671+0000] {logging_mixin.py:149} INFO - [2024-05-27T16:44:55.671+0000] {dag.py:3490} INFO - Setting next_dagrun for example_xcom_args_with_operators to None, run_after=None
[2024-05-27T16:44:55.679+0000] {processor.py:178} INFO - Processing /home/airflow/.local/lib/python3.7/site-packages/airflow/example_dags/example_xcomargs.py took 0.066 seconds
[2024-05-27T16:45:26.636+0000] {processor.py:156} INFO - Started process (PID=648) to work on /home/airflow/.local/lib/python3.7/site-packages/airflow/example_dags/example_xcomargs.py
[2024-05-27T16:45:26.637+0000] {processor.py:799} INFO - Processing file /home/airflow/.local/lib/python3.7/site-packages/airflow/example_dags/example_xcomargs.py for tasks to queue
[2024-05-27T16:45:26.638+0000] {logging_mixin.py:149} INFO - [2024-05-27T16:45:26.638+0000] {dagbag.py:541} INFO - Filling up the DagBag from /home/airflow/.local/lib/python3.7/site-packages/airflow/example_dags/example_xcomargs.py
[2024-05-27T16:45:26.646+0000] {processor.py:809} INFO - DAG(s) dict_keys(['example_xcom_args_with_operators', 'example_xcom_args']) retrieved from /home/airflow/.local/lib/python3.7/site-packages/airflow/example_dags/example_xcomargs.py
[2024-05-27T16:45:26.667+0000] {logging_mixin.py:149} INFO - [2024-05-27T16:45:26.667+0000] {dag.py:2726} INFO - Sync 2 DAGs
[2024-05-27T16:45:26.681+0000] {logging_mixin.py:149} INFO - [2024-05-27T16:45:26.681+0000] {dag.py:3490} INFO - Setting next_dagrun for example_xcom_args to None, run_after=None
[2024-05-27T16:45:26.683+0000] {logging_mixin.py:149} INFO - [2024-05-27T16:45:26.683+0000] {dag.py:3490} INFO - Setting next_dagrun for example_xcom_args_with_operators to None, run_after=None
[2024-05-27T16:45:26.691+0000] {processor.py:178} INFO - Processing /home/airflow/.local/lib/python3.7/site-packages/airflow/example_dags/example_xcomargs.py took 0.059 seconds
[2024-05-27T16:45:57.364+0000] {processor.py:156} INFO - Started process (PID=708) to work on /home/airflow/.local/lib/python3.7/site-packages/airflow/example_dags/example_xcomargs.py
[2024-05-27T16:45:57.364+0000] {processor.py:799} INFO - Processing file /home/airflow/.local/lib/python3.7/site-packages/airflow/example_dags/example_xcomargs.py for tasks to queue
[2024-05-27T16:45:57.365+0000] {logging_mixin.py:149} INFO - [2024-05-27T16:45:57.365+0000] {dagbag.py:541} INFO - Filling up the DagBag from /home/airflow/.local/lib/python3.7/site-packages/airflow/example_dags/example_xcomargs.py
[2024-05-27T16:45:57.370+0000] {processor.py:809} INFO - DAG(s) dict_keys(['example_xcom_args_with_operators', 'example_xcom_args']) retrieved from /home/airflow/.local/lib/python3.7/site-packages/airflow/example_dags/example_xcomargs.py
[2024-05-27T16:45:57.388+0000] {logging_mixin.py:149} INFO - [2024-05-27T16:45:57.388+0000] {dag.py:2726} INFO - Sync 2 DAGs
[2024-05-27T16:45:57.401+0000] {logging_mixin.py:149} INFO - [2024-05-27T16:45:57.401+0000] {dag.py:3490} INFO - Setting next_dagrun for example_xcom_args to None, run_after=None
[2024-05-27T16:45:57.402+0000] {logging_mixin.py:149} INFO - [2024-05-27T16:45:57.402+0000] {dag.py:3490} INFO - Setting next_dagrun for example_xcom_args_with_operators to None, run_after=None
[2024-05-27T16:45:57.410+0000] {processor.py:178} INFO - Processing /home/airflow/.local/lib/python3.7/site-packages/airflow/example_dags/example_xcomargs.py took 0.050 seconds
[2024-05-27T16:46:27.531+0000] {processor.py:156} INFO - Started process (PID=767) to work on /home/airflow/.local/lib/python3.7/site-packages/airflow/example_dags/example_xcomargs.py
[2024-05-27T16:46:27.532+0000] {processor.py:799} INFO - Processing file /home/airflow/.local/lib/python3.7/site-packages/airflow/example_dags/example_xcomargs.py for tasks to queue
[2024-05-27T16:46:27.532+0000] {logging_mixin.py:149} INFO - [2024-05-27T16:46:27.532+0000] {dagbag.py:541} INFO - Filling up the DagBag from /home/airflow/.local/lib/python3.7/site-packages/airflow/example_dags/example_xcomargs.py
[2024-05-27T16:46:27.537+0000] {processor.py:809} INFO - DAG(s) dict_keys(['example_xcom_args', 'example_xcom_args_with_operators']) retrieved from /home/airflow/.local/lib/python3.7/site-packages/airflow/example_dags/example_xcomargs.py
[2024-05-27T16:46:27.554+0000] {logging_mixin.py:149} INFO - [2024-05-27T16:46:27.554+0000] {dag.py:2726} INFO - Sync 2 DAGs
[2024-05-27T16:46:27.570+0000] {logging_mixin.py:149} INFO - [2024-05-27T16:46:27.570+0000] {dag.py:3490} INFO - Setting next_dagrun for example_xcom_args to None, run_after=None
[2024-05-27T16:46:27.572+0000] {logging_mixin.py:149} INFO - [2024-05-27T16:46:27.572+0000] {dag.py:3490} INFO - Setting next_dagrun for example_xcom_args_with_operators to None, run_after=None
[2024-05-27T16:46:27.581+0000] {processor.py:178} INFO - Processing /home/airflow/.local/lib/python3.7/site-packages/airflow/example_dags/example_xcomargs.py took 0.052 seconds
[2024-05-27T16:46:58.423+0000] {processor.py:156} INFO - Started process (PID=828) to work on /home/airflow/.local/lib/python3.7/site-packages/airflow/example_dags/example_xcomargs.py
[2024-05-27T16:46:58.424+0000] {processor.py:799} INFO - Processing file /home/airflow/.local/lib/python3.7/site-packages/airflow/example_dags/example_xcomargs.py for tasks to queue
[2024-05-27T16:46:58.424+0000] {logging_mixin.py:149} INFO - [2024-05-27T16:46:58.424+0000] {dagbag.py:541} INFO - Filling up the DagBag from /home/airflow/.local/lib/python3.7/site-packages/airflow/example_dags/example_xcomargs.py
[2024-05-27T16:46:58.430+0000] {processor.py:809} INFO - DAG(s) dict_keys(['example_xcom_args', 'example_xcom_args_with_operators']) retrieved from /home/airflow/.local/lib/python3.7/site-packages/airflow/example_dags/example_xcomargs.py
[2024-05-27T16:46:58.450+0000] {logging_mixin.py:149} INFO - [2024-05-27T16:46:58.450+0000] {dag.py:2726} INFO - Sync 2 DAGs
[2024-05-27T16:46:58.464+0000] {logging_mixin.py:149} INFO - [2024-05-27T16:46:58.464+0000] {dag.py:3490} INFO - Setting next_dagrun for example_xcom_args to None, run_after=None
[2024-05-27T16:46:58.466+0000] {logging_mixin.py:149} INFO - [2024-05-27T16:46:58.466+0000] {dag.py:3490} INFO - Setting next_dagrun for example_xcom_args_with_operators to None, run_after=None
[2024-05-27T16:46:58.474+0000] {processor.py:178} INFO - Processing /home/airflow/.local/lib/python3.7/site-packages/airflow/example_dags/example_xcomargs.py took 0.054 seconds
[2024-05-27T16:47:29.225+0000] {processor.py:156} INFO - Started process (PID=888) to work on /home/airflow/.local/lib/python3.7/site-packages/airflow/example_dags/example_xcomargs.py
[2024-05-27T16:47:29.226+0000] {processor.py:799} INFO - Processing file /home/airflow/.local/lib/python3.7/site-packages/airflow/example_dags/example_xcomargs.py for tasks to queue
[2024-05-27T16:47:29.227+0000] {logging_mixin.py:149} INFO - [2024-05-27T16:47:29.227+0000] {dagbag.py:541} INFO - Filling up the DagBag from /home/airflow/.local/lib/python3.7/site-packages/airflow/example_dags/example_xcomargs.py
[2024-05-27T16:47:29.234+0000] {processor.py:809} INFO - DAG(s) dict_keys(['example_xcom_args', 'example_xcom_args_with_operators']) retrieved from /home/airflow/.local/lib/python3.7/site-packages/airflow/example_dags/example_xcomargs.py
[2024-05-27T16:47:29.254+0000] {logging_mixin.py:149} INFO - [2024-05-27T16:47:29.254+0000] {dag.py:2726} INFO - Sync 2 DAGs
[2024-05-27T16:47:29.268+0000] {logging_mixin.py:149} INFO - [2024-05-27T16:47:29.268+0000] {dag.py:3490} INFO - Setting next_dagrun for example_xcom_args to None, run_after=None
[2024-05-27T16:47:29.270+0000] {logging_mixin.py:149} INFO - [2024-05-27T16:47:29.270+0000] {dag.py:3490} INFO - Setting next_dagrun for example_xcom_args_with_operators to None, run_after=None
[2024-05-27T16:47:29.278+0000] {processor.py:178} INFO - Processing /home/airflow/.local/lib/python3.7/site-packages/airflow/example_dags/example_xcomargs.py took 0.056 seconds
[2024-05-27T16:48:00.005+0000] {processor.py:156} INFO - Started process (PID=948) to work on /home/airflow/.local/lib/python3.7/site-packages/airflow/example_dags/example_xcomargs.py
[2024-05-27T16:48:00.007+0000] {processor.py:799} INFO - Processing file /home/airflow/.local/lib/python3.7/site-packages/airflow/example_dags/example_xcomargs.py for tasks to queue
[2024-05-27T16:48:00.007+0000] {logging_mixin.py:149} INFO - [2024-05-27T16:48:00.007+0000] {dagbag.py:541} INFO - Filling up the DagBag from /home/airflow/.local/lib/python3.7/site-packages/airflow/example_dags/example_xcomargs.py
[2024-05-27T16:48:00.015+0000] {processor.py:809} INFO - DAG(s) dict_keys(['example_xcom_args_with_operators', 'example_xcom_args']) retrieved from /home/airflow/.local/lib/python3.7/site-packages/airflow/example_dags/example_xcomargs.py
[2024-05-27T16:48:00.037+0000] {logging_mixin.py:149} INFO - [2024-05-27T16:48:00.037+0000] {dag.py:2726} INFO - Sync 2 DAGs
[2024-05-27T16:48:00.053+0000] {logging_mixin.py:149} INFO - [2024-05-27T16:48:00.053+0000] {dag.py:3490} INFO - Setting next_dagrun for example_xcom_args to None, run_after=None
[2024-05-27T16:48:00.056+0000] {logging_mixin.py:149} INFO - [2024-05-27T16:48:00.056+0000] {dag.py:3490} INFO - Setting next_dagrun for example_xcom_args_with_operators to None, run_after=None
[2024-05-27T16:48:00.064+0000] {processor.py:178} INFO - Processing /home/airflow/.local/lib/python3.7/site-packages/airflow/example_dags/example_xcomargs.py took 0.062 seconds
[2024-05-27T16:48:30.781+0000] {processor.py:156} INFO - Started process (PID=1008) to work on /home/airflow/.local/lib/python3.7/site-packages/airflow/example_dags/example_xcomargs.py
[2024-05-27T16:48:30.782+0000] {processor.py:799} INFO - Processing file /home/airflow/.local/lib/python3.7/site-packages/airflow/example_dags/example_xcomargs.py for tasks to queue
[2024-05-27T16:48:30.783+0000] {logging_mixin.py:149} INFO - [2024-05-27T16:48:30.783+0000] {dagbag.py:541} INFO - Filling up the DagBag from /home/airflow/.local/lib/python3.7/site-packages/airflow/example_dags/example_xcomargs.py
[2024-05-27T16:48:30.790+0000] {processor.py:809} INFO - DAG(s) dict_keys(['example_xcom_args', 'example_xcom_args_with_operators']) retrieved from /home/airflow/.local/lib/python3.7/site-packages/airflow/example_dags/example_xcomargs.py
[2024-05-27T16:48:30.811+0000] {logging_mixin.py:149} INFO - [2024-05-27T16:48:30.811+0000] {dag.py:2726} INFO - Sync 2 DAGs
[2024-05-27T16:48:30.825+0000] {logging_mixin.py:149} INFO - [2024-05-27T16:48:30.825+0000] {dag.py:3490} INFO - Setting next_dagrun for example_xcom_args to None, run_after=None
[2024-05-27T16:48:30.827+0000] {logging_mixin.py:149} INFO - [2024-05-27T16:48:30.827+0000] {dag.py:3490} INFO - Setting next_dagrun for example_xcom_args_with_operators to None, run_after=None
[2024-05-27T16:48:30.835+0000] {processor.py:178} INFO - Processing /home/airflow/.local/lib/python3.7/site-packages/airflow/example_dags/example_xcomargs.py took 0.057 seconds
[2024-05-27T16:49:01.478+0000] {processor.py:156} INFO - Started process (PID=1068) to work on /home/airflow/.local/lib/python3.7/site-packages/airflow/example_dags/example_xcomargs.py
[2024-05-27T16:49:01.479+0000] {processor.py:799} INFO - Processing file /home/airflow/.local/lib/python3.7/site-packages/airflow/example_dags/example_xcomargs.py for tasks to queue
[2024-05-27T16:49:01.480+0000] {logging_mixin.py:149} INFO - [2024-05-27T16:49:01.480+0000] {dagbag.py:541} INFO - Filling up the DagBag from /home/airflow/.local/lib/python3.7/site-packages/airflow/example_dags/example_xcomargs.py
[2024-05-27T16:49:01.487+0000] {processor.py:809} INFO - DAG(s) dict_keys(['example_xcom_args', 'example_xcom_args_with_operators']) retrieved from /home/airflow/.local/lib/python3.7/site-packages/airflow/example_dags/example_xcomargs.py
[2024-05-27T16:49:01.508+0000] {logging_mixin.py:149} INFO - [2024-05-27T16:49:01.508+0000] {dag.py:2726} INFO - Sync 2 DAGs
[2024-05-27T16:49:01.522+0000] {logging_mixin.py:149} INFO - [2024-05-27T16:49:01.522+0000] {dag.py:3490} INFO - Setting next_dagrun for example_xcom_args to None, run_after=None
[2024-05-27T16:49:01.524+0000] {logging_mixin.py:149} INFO - [2024-05-27T16:49:01.524+0000] {dag.py:3490} INFO - Setting next_dagrun for example_xcom_args_with_operators to None, run_after=None
[2024-05-27T16:49:01.532+0000] {processor.py:178} INFO - Processing /home/airflow/.local/lib/python3.7/site-packages/airflow/example_dags/example_xcomargs.py took 0.058 seconds
[2024-05-27T16:50:02.578+0000] {processor.py:156} INFO - Started process (PID=1128) to work on /home/airflow/.local/lib/python3.7/site-packages/airflow/example_dags/example_xcomargs.py
[2024-05-27T16:50:02.579+0000] {processor.py:799} INFO - Processing file /home/airflow/.local/lib/python3.7/site-packages/airflow/example_dags/example_xcomargs.py for tasks to queue
[2024-05-27T16:50:02.579+0000] {logging_mixin.py:149} INFO - [2024-05-27T16:50:02.579+0000] {dagbag.py:541} INFO - Filling up the DagBag from /home/airflow/.local/lib/python3.7/site-packages/airflow/example_dags/example_xcomargs.py
[2024-05-27T16:50:02.585+0000] {processor.py:809} INFO - DAG(s) dict_keys(['example_xcom_args', 'example_xcom_args_with_operators']) retrieved from /home/airflow/.local/lib/python3.7/site-packages/airflow/example_dags/example_xcomargs.py
[2024-05-27T16:50:02.605+0000] {logging_mixin.py:149} INFO - [2024-05-27T16:50:02.605+0000] {dag.py:2726} INFO - Sync 2 DAGs
[2024-05-27T16:50:02.623+0000] {logging_mixin.py:149} INFO - [2024-05-27T16:50:02.622+0000] {dag.py:3490} INFO - Setting next_dagrun for example_xcom_args to None, run_after=None
[2024-05-27T16:50:02.625+0000] {logging_mixin.py:149} INFO - [2024-05-27T16:50:02.624+0000] {dag.py:3490} INFO - Setting next_dagrun for example_xcom_args_with_operators to None, run_after=None
[2024-05-27T16:50:02.634+0000] {processor.py:178} INFO - Processing /home/airflow/.local/lib/python3.7/site-packages/airflow/example_dags/example_xcomargs.py took 0.058 seconds
[2024-05-27T16:50:32.747+0000] {processor.py:156} INFO - Started process (PID=1189) to work on /home/airflow/.local/lib/python3.7/site-packages/airflow/example_dags/example_xcomargs.py
[2024-05-27T16:50:32.748+0000] {processor.py:799} INFO - Processing file /home/airflow/.local/lib/python3.7/site-packages/airflow/example_dags/example_xcomargs.py for tasks to queue
[2024-05-27T16:50:32.748+0000] {logging_mixin.py:149} INFO - [2024-05-27T16:50:32.748+0000] {dagbag.py:541} INFO - Filling up the DagBag from /home/airflow/.local/lib/python3.7/site-packages/airflow/example_dags/example_xcomargs.py
[2024-05-27T16:50:32.753+0000] {processor.py:809} INFO - DAG(s) dict_keys(['example_xcom_args_with_operators', 'example_xcom_args']) retrieved from /home/airflow/.local/lib/python3.7/site-packages/airflow/example_dags/example_xcomargs.py
[2024-05-27T16:50:32.769+0000] {logging_mixin.py:149} INFO - [2024-05-27T16:50:32.769+0000] {dag.py:2726} INFO - Sync 2 DAGs
[2024-05-27T16:50:32.783+0000] {logging_mixin.py:149} INFO - [2024-05-27T16:50:32.782+0000] {dag.py:3490} INFO - Setting next_dagrun for example_xcom_args to None, run_after=None
[2024-05-27T16:50:32.784+0000] {logging_mixin.py:149} INFO - [2024-05-27T16:50:32.784+0000] {dag.py:3490} INFO - Setting next_dagrun for example_xcom_args_with_operators to None, run_after=None
[2024-05-27T16:50:32.792+0000] {processor.py:178} INFO - Processing /home/airflow/.local/lib/python3.7/site-packages/airflow/example_dags/example_xcomargs.py took 0.047 seconds
[2024-05-27T16:51:02.893+0000] {processor.py:156} INFO - Started process (PID=1249) to work on /home/airflow/.local/lib/python3.7/site-packages/airflow/example_dags/example_xcomargs.py
[2024-05-27T16:51:02.894+0000] {processor.py:799} INFO - Processing file /home/airflow/.local/lib/python3.7/site-packages/airflow/example_dags/example_xcomargs.py for tasks to queue
[2024-05-27T16:51:02.894+0000] {logging_mixin.py:149} INFO - [2024-05-27T16:51:02.894+0000] {dagbag.py:541} INFO - Filling up the DagBag from /home/airflow/.local/lib/python3.7/site-packages/airflow/example_dags/example_xcomargs.py
[2024-05-27T16:51:02.899+0000] {processor.py:809} INFO - DAG(s) dict_keys(['example_xcom_args_with_operators', 'example_xcom_args']) retrieved from /home/airflow/.local/lib/python3.7/site-packages/airflow/example_dags/example_xcomargs.py
[2024-05-27T16:51:02.913+0000] {logging_mixin.py:149} INFO - [2024-05-27T16:51:02.913+0000] {dag.py:2726} INFO - Sync 2 DAGs
[2024-05-27T16:51:02.925+0000] {logging_mixin.py:149} INFO - [2024-05-27T16:51:02.925+0000] {dag.py:3490} INFO - Setting next_dagrun for example_xcom_args to None, run_after=None
[2024-05-27T16:51:02.927+0000] {logging_mixin.py:149} INFO - [2024-05-27T16:51:02.927+0000] {dag.py:3490} INFO - Setting next_dagrun for example_xcom_args_with_operators to None, run_after=None
[2024-05-27T16:51:02.934+0000] {processor.py:178} INFO - Processing /home/airflow/.local/lib/python3.7/site-packages/airflow/example_dags/example_xcomargs.py took 0.042 seconds
[2024-05-27T16:51:33.008+0000] {processor.py:156} INFO - Started process (PID=1310) to work on /home/airflow/.local/lib/python3.7/site-packages/airflow/example_dags/example_xcomargs.py
[2024-05-27T16:51:33.009+0000] {processor.py:799} INFO - Processing file /home/airflow/.local/lib/python3.7/site-packages/airflow/example_dags/example_xcomargs.py for tasks to queue
[2024-05-27T16:51:33.010+0000] {logging_mixin.py:149} INFO - [2024-05-27T16:51:33.010+0000] {dagbag.py:541} INFO - Filling up the DagBag from /home/airflow/.local/lib/python3.7/site-packages/airflow/example_dags/example_xcomargs.py
[2024-05-27T16:51:33.015+0000] {processor.py:809} INFO - DAG(s) dict_keys(['example_xcom_args_with_operators', 'example_xcom_args']) retrieved from /home/airflow/.local/lib/python3.7/site-packages/airflow/example_dags/example_xcomargs.py
[2024-05-27T16:51:33.029+0000] {logging_mixin.py:149} INFO - [2024-05-27T16:51:33.029+0000] {dag.py:2726} INFO - Sync 2 DAGs
[2024-05-27T16:51:33.041+0000] {logging_mixin.py:149} INFO - [2024-05-27T16:51:33.041+0000] {dag.py:3490} INFO - Setting next_dagrun for example_xcom_args to None, run_after=None
[2024-05-27T16:51:33.043+0000] {logging_mixin.py:149} INFO - [2024-05-27T16:51:33.043+0000] {dag.py:3490} INFO - Setting next_dagrun for example_xcom_args_with_operators to None, run_after=None
[2024-05-27T16:51:33.050+0000] {processor.py:178} INFO - Processing /home/airflow/.local/lib/python3.7/site-packages/airflow/example_dags/example_xcomargs.py took 0.044 seconds
[2024-05-27T16:52:16.171+0000] {processor.py:156} INFO - Started process (PID=1393) to work on /home/airflow/.local/lib/python3.7/site-packages/airflow/example_dags/example_xcomargs.py
[2024-05-27T16:52:16.173+0000] {processor.py:799} INFO - Processing file /home/airflow/.local/lib/python3.7/site-packages/airflow/example_dags/example_xcomargs.py for tasks to queue
[2024-05-27T16:52:16.175+0000] {logging_mixin.py:149} INFO - [2024-05-27T16:52:16.175+0000] {dagbag.py:541} INFO - Filling up the DagBag from /home/airflow/.local/lib/python3.7/site-packages/airflow/example_dags/example_xcomargs.py
[2024-05-27T16:52:16.210+0000] {processor.py:809} INFO - DAG(s) dict_keys(['example_xcom_args', 'example_xcom_args_with_operators']) retrieved from /home/airflow/.local/lib/python3.7/site-packages/airflow/example_dags/example_xcomargs.py
[2024-05-27T16:52:16.313+0000] {logging_mixin.py:149} INFO - [2024-05-27T16:52:16.312+0000] {dag.py:2726} INFO - Sync 2 DAGs
[2024-05-27T16:52:16.410+0000] {logging_mixin.py:149} INFO - [2024-05-27T16:52:16.410+0000] {dag.py:3490} INFO - Setting next_dagrun for example_xcom_args to None, run_after=None
[2024-05-27T16:52:16.424+0000] {logging_mixin.py:149} INFO - [2024-05-27T16:52:16.424+0000] {dag.py:3490} INFO - Setting next_dagrun for example_xcom_args_with_operators to None, run_after=None
[2024-05-27T16:52:16.480+0000] {processor.py:178} INFO - Processing /home/airflow/.local/lib/python3.7/site-packages/airflow/example_dags/example_xcomargs.py took 0.317 seconds
