[2024-05-27T16:40:21.044+0000] {processor.py:156} INFO - Started process (PID=55) to work on /home/airflow/.local/lib/python3.7/site-packages/airflow/example_dags/example_xcom.py
[2024-05-27T16:40:21.046+0000] {processor.py:799} INFO - Processing file /home/airflow/.local/lib/python3.7/site-packages/airflow/example_dags/example_xcom.py for tasks to queue
[2024-05-27T16:40:21.046+0000] {logging_mixin.py:149} INFO - [2024-05-27T16:40:21.046+0000] {dagbag.py:541} INFO - Filling up the DagBag from /home/airflow/.local/lib/python3.7/site-packages/airflow/example_dags/example_xcom.py
[2024-05-27T16:40:21.061+0000] {processor.py:809} INFO - DAG(s) dict_keys(['example_xcom']) retrieved from /home/airflow/.local/lib/python3.7/site-packages/airflow/example_dags/example_xcom.py
[2024-05-27T16:40:21.205+0000] {logging_mixin.py:149} INFO - [2024-05-27T16:40:21.205+0000] {manager.py:504} INFO - Created Permission View: can delete on DAG:example_xcom
[2024-05-27T16:40:21.211+0000] {logging_mixin.py:149} INFO - [2024-05-27T16:40:21.211+0000] {manager.py:504} INFO - Created Permission View: can read on DAG:example_xcom
[2024-05-27T16:40:21.219+0000] {logging_mixin.py:149} INFO - [2024-05-27T16:40:21.219+0000] {manager.py:504} INFO - Created Permission View: can edit on DAG:example_xcom
[2024-05-27T16:40:21.219+0000] {logging_mixin.py:149} INFO - [2024-05-27T16:40:21.219+0000] {dag.py:2726} INFO - Sync 1 DAGs
[2024-05-27T16:40:21.230+0000] {logging_mixin.py:149} INFO - [2024-05-27T16:40:21.229+0000] {dag.py:2747} INFO - Creating ORM DAG for example_xcom
[2024-05-27T16:40:21.239+0000] {logging_mixin.py:149} INFO - [2024-05-27T16:40:21.239+0000] {dag.py:3490} INFO - Setting next_dagrun for example_xcom to 2021-01-01T00:00:00+00:00, run_after=2021-01-01T00:00:00+00:00
[2024-05-27T16:40:21.252+0000] {processor.py:178} INFO - Processing /home/airflow/.local/lib/python3.7/site-packages/airflow/example_dags/example_xcom.py took 0.213 seconds
[2024-05-27T16:40:51.423+0000] {processor.py:156} INFO - Started process (PID=115) to work on /home/airflow/.local/lib/python3.7/site-packages/airflow/example_dags/example_xcom.py
[2024-05-27T16:40:51.424+0000] {processor.py:799} INFO - Processing file /home/airflow/.local/lib/python3.7/site-packages/airflow/example_dags/example_xcom.py for tasks to queue
[2024-05-27T16:40:51.424+0000] {logging_mixin.py:149} INFO - [2024-05-27T16:40:51.424+0000] {dagbag.py:541} INFO - Filling up the DagBag from /home/airflow/.local/lib/python3.7/site-packages/airflow/example_dags/example_xcom.py
[2024-05-27T16:40:51.429+0000] {processor.py:809} INFO - DAG(s) dict_keys(['example_xcom']) retrieved from /home/airflow/.local/lib/python3.7/site-packages/airflow/example_dags/example_xcom.py
[2024-05-27T16:40:51.442+0000] {logging_mixin.py:149} INFO - [2024-05-27T16:40:51.442+0000] {dag.py:2726} INFO - Sync 1 DAGs
[2024-05-27T16:40:51.456+0000] {logging_mixin.py:149} INFO - [2024-05-27T16:40:51.456+0000] {dag.py:3490} INFO - Setting next_dagrun for example_xcom to 2021-01-01T00:00:00+00:00, run_after=2021-01-01T00:00:00+00:00
[2024-05-27T16:40:51.465+0000] {processor.py:178} INFO - Processing /home/airflow/.local/lib/python3.7/site-packages/airflow/example_dags/example_xcom.py took 0.043 seconds
[2024-05-27T16:41:21.765+0000] {processor.py:156} INFO - Started process (PID=175) to work on /home/airflow/.local/lib/python3.7/site-packages/airflow/example_dags/example_xcom.py
[2024-05-27T16:41:21.766+0000] {processor.py:799} INFO - Processing file /home/airflow/.local/lib/python3.7/site-packages/airflow/example_dags/example_xcom.py for tasks to queue
[2024-05-27T16:41:21.766+0000] {logging_mixin.py:149} INFO - [2024-05-27T16:41:21.766+0000] {dagbag.py:541} INFO - Filling up the DagBag from /home/airflow/.local/lib/python3.7/site-packages/airflow/example_dags/example_xcom.py
[2024-05-27T16:41:21.771+0000] {processor.py:809} INFO - DAG(s) dict_keys(['example_xcom']) retrieved from /home/airflow/.local/lib/python3.7/site-packages/airflow/example_dags/example_xcom.py
[2024-05-27T16:41:21.784+0000] {logging_mixin.py:149} INFO - [2024-05-27T16:41:21.784+0000] {dag.py:2726} INFO - Sync 1 DAGs
[2024-05-27T16:41:21.796+0000] {logging_mixin.py:149} INFO - [2024-05-27T16:41:21.796+0000] {dag.py:3490} INFO - Setting next_dagrun for example_xcom to 2021-01-01T00:00:00+00:00, run_after=2021-01-01T00:00:00+00:00
[2024-05-27T16:41:21.805+0000] {processor.py:178} INFO - Processing /home/airflow/.local/lib/python3.7/site-packages/airflow/example_dags/example_xcom.py took 0.041 seconds
[2024-05-27T16:41:52.776+0000] {processor.py:156} INFO - Started process (PID=235) to work on /home/airflow/.local/lib/python3.7/site-packages/airflow/example_dags/example_xcom.py
[2024-05-27T16:41:52.777+0000] {processor.py:799} INFO - Processing file /home/airflow/.local/lib/python3.7/site-packages/airflow/example_dags/example_xcom.py for tasks to queue
[2024-05-27T16:41:52.777+0000] {logging_mixin.py:149} INFO - [2024-05-27T16:41:52.777+0000] {dagbag.py:541} INFO - Filling up the DagBag from /home/airflow/.local/lib/python3.7/site-packages/airflow/example_dags/example_xcom.py
[2024-05-27T16:41:52.782+0000] {processor.py:809} INFO - DAG(s) dict_keys(['example_xcom']) retrieved from /home/airflow/.local/lib/python3.7/site-packages/airflow/example_dags/example_xcom.py
[2024-05-27T16:41:52.795+0000] {logging_mixin.py:149} INFO - [2024-05-27T16:41:52.795+0000] {dag.py:2726} INFO - Sync 1 DAGs
[2024-05-27T16:41:52.808+0000] {logging_mixin.py:149} INFO - [2024-05-27T16:41:52.808+0000] {dag.py:3490} INFO - Setting next_dagrun for example_xcom to 2021-01-01T00:00:00+00:00, run_after=2021-01-01T00:00:00+00:00
[2024-05-27T16:41:52.816+0000] {processor.py:178} INFO - Processing /home/airflow/.local/lib/python3.7/site-packages/airflow/example_dags/example_xcom.py took 0.042 seconds
[2024-05-27T16:42:23.105+0000] {processor.py:156} INFO - Started process (PID=295) to work on /home/airflow/.local/lib/python3.7/site-packages/airflow/example_dags/example_xcom.py
[2024-05-27T16:42:23.106+0000] {processor.py:799} INFO - Processing file /home/airflow/.local/lib/python3.7/site-packages/airflow/example_dags/example_xcom.py for tasks to queue
[2024-05-27T16:42:23.107+0000] {logging_mixin.py:149} INFO - [2024-05-27T16:42:23.107+0000] {dagbag.py:541} INFO - Filling up the DagBag from /home/airflow/.local/lib/python3.7/site-packages/airflow/example_dags/example_xcom.py
[2024-05-27T16:42:23.112+0000] {processor.py:809} INFO - DAG(s) dict_keys(['example_xcom']) retrieved from /home/airflow/.local/lib/python3.7/site-packages/airflow/example_dags/example_xcom.py
[2024-05-27T16:42:23.126+0000] {logging_mixin.py:149} INFO - [2024-05-27T16:42:23.126+0000] {dag.py:2726} INFO - Sync 1 DAGs
[2024-05-27T16:42:23.140+0000] {logging_mixin.py:149} INFO - [2024-05-27T16:42:23.139+0000] {dag.py:3490} INFO - Setting next_dagrun for example_xcom to 2021-01-01T00:00:00+00:00, run_after=2021-01-01T00:00:00+00:00
[2024-05-27T16:42:23.148+0000] {processor.py:178} INFO - Processing /home/airflow/.local/lib/python3.7/site-packages/airflow/example_dags/example_xcom.py took 0.045 seconds
[2024-05-27T16:42:53.256+0000] {processor.py:156} INFO - Started process (PID=355) to work on /home/airflow/.local/lib/python3.7/site-packages/airflow/example_dags/example_xcom.py
[2024-05-27T16:42:53.257+0000] {processor.py:799} INFO - Processing file /home/airflow/.local/lib/python3.7/site-packages/airflow/example_dags/example_xcom.py for tasks to queue
[2024-05-27T16:42:53.257+0000] {logging_mixin.py:149} INFO - [2024-05-27T16:42:53.257+0000] {dagbag.py:541} INFO - Filling up the DagBag from /home/airflow/.local/lib/python3.7/site-packages/airflow/example_dags/example_xcom.py
[2024-05-27T16:42:53.261+0000] {processor.py:809} INFO - DAG(s) dict_keys(['example_xcom']) retrieved from /home/airflow/.local/lib/python3.7/site-packages/airflow/example_dags/example_xcom.py
[2024-05-27T16:42:53.275+0000] {logging_mixin.py:149} INFO - [2024-05-27T16:42:53.275+0000] {dag.py:2726} INFO - Sync 1 DAGs
[2024-05-27T16:42:53.287+0000] {logging_mixin.py:149} INFO - [2024-05-27T16:42:53.287+0000] {dag.py:3490} INFO - Setting next_dagrun for example_xcom to 2021-01-01T00:00:00+00:00, run_after=2021-01-01T00:00:00+00:00
[2024-05-27T16:42:53.295+0000] {processor.py:178} INFO - Processing /home/airflow/.local/lib/python3.7/site-packages/airflow/example_dags/example_xcom.py took 0.042 seconds
[2024-05-27T16:43:24.082+0000] {processor.py:156} INFO - Started process (PID=415) to work on /home/airflow/.local/lib/python3.7/site-packages/airflow/example_dags/example_xcom.py
[2024-05-27T16:43:24.083+0000] {processor.py:799} INFO - Processing file /home/airflow/.local/lib/python3.7/site-packages/airflow/example_dags/example_xcom.py for tasks to queue
[2024-05-27T16:43:24.083+0000] {logging_mixin.py:149} INFO - [2024-05-27T16:43:24.083+0000] {dagbag.py:541} INFO - Filling up the DagBag from /home/airflow/.local/lib/python3.7/site-packages/airflow/example_dags/example_xcom.py
[2024-05-27T16:43:24.088+0000] {processor.py:809} INFO - DAG(s) dict_keys(['example_xcom']) retrieved from /home/airflow/.local/lib/python3.7/site-packages/airflow/example_dags/example_xcom.py
[2024-05-27T16:43:24.101+0000] {logging_mixin.py:149} INFO - [2024-05-27T16:43:24.101+0000] {dag.py:2726} INFO - Sync 1 DAGs
[2024-05-27T16:43:24.113+0000] {logging_mixin.py:149} INFO - [2024-05-27T16:43:24.113+0000] {dag.py:3490} INFO - Setting next_dagrun for example_xcom to 2021-01-01T00:00:00+00:00, run_after=2021-01-01T00:00:00+00:00
[2024-05-27T16:43:24.122+0000] {processor.py:178} INFO - Processing /home/airflow/.local/lib/python3.7/site-packages/airflow/example_dags/example_xcom.py took 0.041 seconds
[2024-05-27T16:43:54.940+0000] {processor.py:156} INFO - Started process (PID=475) to work on /home/airflow/.local/lib/python3.7/site-packages/airflow/example_dags/example_xcom.py
[2024-05-27T16:43:54.940+0000] {processor.py:799} INFO - Processing file /home/airflow/.local/lib/python3.7/site-packages/airflow/example_dags/example_xcom.py for tasks to queue
[2024-05-27T16:43:54.941+0000] {logging_mixin.py:149} INFO - [2024-05-27T16:43:54.941+0000] {dagbag.py:541} INFO - Filling up the DagBag from /home/airflow/.local/lib/python3.7/site-packages/airflow/example_dags/example_xcom.py
[2024-05-27T16:43:54.945+0000] {processor.py:809} INFO - DAG(s) dict_keys(['example_xcom']) retrieved from /home/airflow/.local/lib/python3.7/site-packages/airflow/example_dags/example_xcom.py
[2024-05-27T16:43:54.958+0000] {logging_mixin.py:149} INFO - [2024-05-27T16:43:54.957+0000] {dag.py:2726} INFO - Sync 1 DAGs
[2024-05-27T16:43:54.969+0000] {logging_mixin.py:149} INFO - [2024-05-27T16:43:54.969+0000] {dag.py:3490} INFO - Setting next_dagrun for example_xcom to 2021-01-01T00:00:00+00:00, run_after=2021-01-01T00:00:00+00:00
[2024-05-27T16:43:54.977+0000] {processor.py:178} INFO - Processing /home/airflow/.local/lib/python3.7/site-packages/airflow/example_dags/example_xcom.py took 0.039 seconds
[2024-05-27T16:44:25.804+0000] {processor.py:156} INFO - Started process (PID=535) to work on /home/airflow/.local/lib/python3.7/site-packages/airflow/example_dags/example_xcom.py
[2024-05-27T16:44:25.807+0000] {processor.py:799} INFO - Processing file /home/airflow/.local/lib/python3.7/site-packages/airflow/example_dags/example_xcom.py for tasks to queue
[2024-05-27T16:44:25.810+0000] {logging_mixin.py:149} INFO - [2024-05-27T16:44:25.810+0000] {dagbag.py:541} INFO - Filling up the DagBag from /home/airflow/.local/lib/python3.7/site-packages/airflow/example_dags/example_xcom.py
[2024-05-27T16:44:25.834+0000] {processor.py:809} INFO - DAG(s) dict_keys(['example_xcom']) retrieved from /home/airflow/.local/lib/python3.7/site-packages/airflow/example_dags/example_xcom.py
[2024-05-27T16:44:25.873+0000] {logging_mixin.py:149} INFO - [2024-05-27T16:44:25.873+0000] {dag.py:2726} INFO - Sync 1 DAGs
[2024-05-27T16:44:25.891+0000] {logging_mixin.py:149} INFO - [2024-05-27T16:44:25.891+0000] {dag.py:3490} INFO - Setting next_dagrun for example_xcom to 2021-01-01T00:00:00+00:00, run_after=2021-01-01T00:00:00+00:00
[2024-05-27T16:44:25.901+0000] {processor.py:178} INFO - Processing /home/airflow/.local/lib/python3.7/site-packages/airflow/example_dags/example_xcom.py took 0.111 seconds
[2024-05-27T16:44:55.943+0000] {processor.py:156} INFO - Started process (PID=595) to work on /home/airflow/.local/lib/python3.7/site-packages/airflow/example_dags/example_xcom.py
[2024-05-27T16:44:55.944+0000] {processor.py:799} INFO - Processing file /home/airflow/.local/lib/python3.7/site-packages/airflow/example_dags/example_xcom.py for tasks to queue
[2024-05-27T16:44:55.944+0000] {logging_mixin.py:149} INFO - [2024-05-27T16:44:55.944+0000] {dagbag.py:541} INFO - Filling up the DagBag from /home/airflow/.local/lib/python3.7/site-packages/airflow/example_dags/example_xcom.py
[2024-05-27T16:44:55.948+0000] {processor.py:809} INFO - DAG(s) dict_keys(['example_xcom']) retrieved from /home/airflow/.local/lib/python3.7/site-packages/airflow/example_dags/example_xcom.py
[2024-05-27T16:44:55.960+0000] {logging_mixin.py:149} INFO - [2024-05-27T16:44:55.960+0000] {dag.py:2726} INFO - Sync 1 DAGs
[2024-05-27T16:44:55.972+0000] {logging_mixin.py:149} INFO - [2024-05-27T16:44:55.972+0000] {dag.py:3490} INFO - Setting next_dagrun for example_xcom to 2021-01-01T00:00:00+00:00, run_after=2021-01-01T00:00:00+00:00
[2024-05-27T16:44:55.981+0000] {processor.py:178} INFO - Processing /home/airflow/.local/lib/python3.7/site-packages/airflow/example_dags/example_xcom.py took 0.039 seconds
[2024-05-27T16:45:26.923+0000] {processor.py:156} INFO - Started process (PID=655) to work on /home/airflow/.local/lib/python3.7/site-packages/airflow/example_dags/example_xcom.py
[2024-05-27T16:45:26.923+0000] {processor.py:799} INFO - Processing file /home/airflow/.local/lib/python3.7/site-packages/airflow/example_dags/example_xcom.py for tasks to queue
[2024-05-27T16:45:26.924+0000] {logging_mixin.py:149} INFO - [2024-05-27T16:45:26.924+0000] {dagbag.py:541} INFO - Filling up the DagBag from /home/airflow/.local/lib/python3.7/site-packages/airflow/example_dags/example_xcom.py
[2024-05-27T16:45:26.928+0000] {processor.py:809} INFO - DAG(s) dict_keys(['example_xcom']) retrieved from /home/airflow/.local/lib/python3.7/site-packages/airflow/example_dags/example_xcom.py
[2024-05-27T16:45:26.942+0000] {logging_mixin.py:149} INFO - [2024-05-27T16:45:26.942+0000] {dag.py:2726} INFO - Sync 1 DAGs
[2024-05-27T16:45:26.954+0000] {logging_mixin.py:149} INFO - [2024-05-27T16:45:26.954+0000] {dag.py:3490} INFO - Setting next_dagrun for example_xcom to 2021-01-01T00:00:00+00:00, run_after=2021-01-01T00:00:00+00:00
[2024-05-27T16:45:26.963+0000] {processor.py:178} INFO - Processing /home/airflow/.local/lib/python3.7/site-packages/airflow/example_dags/example_xcom.py took 0.042 seconds
[2024-05-27T16:45:57.660+0000] {processor.py:156} INFO - Started process (PID=715) to work on /home/airflow/.local/lib/python3.7/site-packages/airflow/example_dags/example_xcom.py
[2024-05-27T16:45:57.660+0000] {processor.py:799} INFO - Processing file /home/airflow/.local/lib/python3.7/site-packages/airflow/example_dags/example_xcom.py for tasks to queue
[2024-05-27T16:45:57.661+0000] {logging_mixin.py:149} INFO - [2024-05-27T16:45:57.661+0000] {dagbag.py:541} INFO - Filling up the DagBag from /home/airflow/.local/lib/python3.7/site-packages/airflow/example_dags/example_xcom.py
[2024-05-27T16:45:57.666+0000] {processor.py:809} INFO - DAG(s) dict_keys(['example_xcom']) retrieved from /home/airflow/.local/lib/python3.7/site-packages/airflow/example_dags/example_xcom.py
[2024-05-27T16:45:57.679+0000] {logging_mixin.py:149} INFO - [2024-05-27T16:45:57.679+0000] {dag.py:2726} INFO - Sync 1 DAGs
[2024-05-27T16:45:57.692+0000] {logging_mixin.py:149} INFO - [2024-05-27T16:45:57.692+0000] {dag.py:3490} INFO - Setting next_dagrun for example_xcom to 2021-01-01T00:00:00+00:00, run_after=2021-01-01T00:00:00+00:00
[2024-05-27T16:45:57.700+0000] {processor.py:178} INFO - Processing /home/airflow/.local/lib/python3.7/site-packages/airflow/example_dags/example_xcom.py took 0.042 seconds
[2024-05-27T16:46:27.835+0000] {processor.py:156} INFO - Started process (PID=775) to work on /home/airflow/.local/lib/python3.7/site-packages/airflow/example_dags/example_xcom.py
[2024-05-27T16:46:27.836+0000] {processor.py:799} INFO - Processing file /home/airflow/.local/lib/python3.7/site-packages/airflow/example_dags/example_xcom.py for tasks to queue
[2024-05-27T16:46:27.836+0000] {logging_mixin.py:149} INFO - [2024-05-27T16:46:27.836+0000] {dagbag.py:541} INFO - Filling up the DagBag from /home/airflow/.local/lib/python3.7/site-packages/airflow/example_dags/example_xcom.py
[2024-05-27T16:46:27.841+0000] {processor.py:809} INFO - DAG(s) dict_keys(['example_xcom']) retrieved from /home/airflow/.local/lib/python3.7/site-packages/airflow/example_dags/example_xcom.py
[2024-05-27T16:46:27.855+0000] {logging_mixin.py:149} INFO - [2024-05-27T16:46:27.855+0000] {dag.py:2726} INFO - Sync 1 DAGs
[2024-05-27T16:46:27.868+0000] {logging_mixin.py:149} INFO - [2024-05-27T16:46:27.868+0000] {dag.py:3490} INFO - Setting next_dagrun for example_xcom to 2021-01-01T00:00:00+00:00, run_after=2021-01-01T00:00:00+00:00
[2024-05-27T16:46:27.877+0000] {processor.py:178} INFO - Processing /home/airflow/.local/lib/python3.7/site-packages/airflow/example_dags/example_xcom.py took 0.044 seconds
[2024-05-27T16:46:58.692+0000] {processor.py:156} INFO - Started process (PID=835) to work on /home/airflow/.local/lib/python3.7/site-packages/airflow/example_dags/example_xcom.py
[2024-05-27T16:46:58.693+0000] {processor.py:799} INFO - Processing file /home/airflow/.local/lib/python3.7/site-packages/airflow/example_dags/example_xcom.py for tasks to queue
[2024-05-27T16:46:58.693+0000] {logging_mixin.py:149} INFO - [2024-05-27T16:46:58.693+0000] {dagbag.py:541} INFO - Filling up the DagBag from /home/airflow/.local/lib/python3.7/site-packages/airflow/example_dags/example_xcom.py
[2024-05-27T16:46:58.698+0000] {processor.py:809} INFO - DAG(s) dict_keys(['example_xcom']) retrieved from /home/airflow/.local/lib/python3.7/site-packages/airflow/example_dags/example_xcom.py
[2024-05-27T16:46:58.711+0000] {logging_mixin.py:149} INFO - [2024-05-27T16:46:58.711+0000] {dag.py:2726} INFO - Sync 1 DAGs
[2024-05-27T16:46:58.724+0000] {logging_mixin.py:149} INFO - [2024-05-27T16:46:58.724+0000] {dag.py:3490} INFO - Setting next_dagrun for example_xcom to 2021-01-01T00:00:00+00:00, run_after=2021-01-01T00:00:00+00:00
[2024-05-27T16:46:58.732+0000] {processor.py:178} INFO - Processing /home/airflow/.local/lib/python3.7/site-packages/airflow/example_dags/example_xcom.py took 0.042 seconds
[2024-05-27T16:47:29.506+0000] {processor.py:156} INFO - Started process (PID=895) to work on /home/airflow/.local/lib/python3.7/site-packages/airflow/example_dags/example_xcom.py
[2024-05-27T16:47:29.507+0000] {processor.py:799} INFO - Processing file /home/airflow/.local/lib/python3.7/site-packages/airflow/example_dags/example_xcom.py for tasks to queue
[2024-05-27T16:47:29.507+0000] {logging_mixin.py:149} INFO - [2024-05-27T16:47:29.507+0000] {dagbag.py:541} INFO - Filling up the DagBag from /home/airflow/.local/lib/python3.7/site-packages/airflow/example_dags/example_xcom.py
[2024-05-27T16:47:29.511+0000] {processor.py:809} INFO - DAG(s) dict_keys(['example_xcom']) retrieved from /home/airflow/.local/lib/python3.7/site-packages/airflow/example_dags/example_xcom.py
[2024-05-27T16:47:29.526+0000] {logging_mixin.py:149} INFO - [2024-05-27T16:47:29.525+0000] {dag.py:2726} INFO - Sync 1 DAGs
[2024-05-27T16:47:29.541+0000] {logging_mixin.py:149} INFO - [2024-05-27T16:47:29.541+0000] {dag.py:3490} INFO - Setting next_dagrun for example_xcom to 2021-01-01T00:00:00+00:00, run_after=2021-01-01T00:00:00+00:00
[2024-05-27T16:47:29.551+0000] {processor.py:178} INFO - Processing /home/airflow/.local/lib/python3.7/site-packages/airflow/example_dags/example_xcom.py took 0.047 seconds
[2024-05-27T16:48:00.266+0000] {processor.py:156} INFO - Started process (PID=955) to work on /home/airflow/.local/lib/python3.7/site-packages/airflow/example_dags/example_xcom.py
[2024-05-27T16:48:00.267+0000] {processor.py:799} INFO - Processing file /home/airflow/.local/lib/python3.7/site-packages/airflow/example_dags/example_xcom.py for tasks to queue
[2024-05-27T16:48:00.267+0000] {logging_mixin.py:149} INFO - [2024-05-27T16:48:00.267+0000] {dagbag.py:541} INFO - Filling up the DagBag from /home/airflow/.local/lib/python3.7/site-packages/airflow/example_dags/example_xcom.py
[2024-05-27T16:48:00.271+0000] {processor.py:809} INFO - DAG(s) dict_keys(['example_xcom']) retrieved from /home/airflow/.local/lib/python3.7/site-packages/airflow/example_dags/example_xcom.py
[2024-05-27T16:48:00.284+0000] {logging_mixin.py:149} INFO - [2024-05-27T16:48:00.284+0000] {dag.py:2726} INFO - Sync 1 DAGs
[2024-05-27T16:48:00.298+0000] {logging_mixin.py:149} INFO - [2024-05-27T16:48:00.298+0000] {dag.py:3490} INFO - Setting next_dagrun for example_xcom to 2021-01-01T00:00:00+00:00, run_after=2021-01-01T00:00:00+00:00
[2024-05-27T16:48:00.307+0000] {processor.py:178} INFO - Processing /home/airflow/.local/lib/python3.7/site-packages/airflow/example_dags/example_xcom.py took 0.043 seconds
[2024-05-27T16:48:31.069+0000] {processor.py:156} INFO - Started process (PID=1015) to work on /home/airflow/.local/lib/python3.7/site-packages/airflow/example_dags/example_xcom.py
[2024-05-27T16:48:31.070+0000] {processor.py:799} INFO - Processing file /home/airflow/.local/lib/python3.7/site-packages/airflow/example_dags/example_xcom.py for tasks to queue
[2024-05-27T16:48:31.070+0000] {logging_mixin.py:149} INFO - [2024-05-27T16:48:31.070+0000] {dagbag.py:541} INFO - Filling up the DagBag from /home/airflow/.local/lib/python3.7/site-packages/airflow/example_dags/example_xcom.py
[2024-05-27T16:48:31.074+0000] {processor.py:809} INFO - DAG(s) dict_keys(['example_xcom']) retrieved from /home/airflow/.local/lib/python3.7/site-packages/airflow/example_dags/example_xcom.py
[2024-05-27T16:48:31.089+0000] {logging_mixin.py:149} INFO - [2024-05-27T16:48:31.089+0000] {dag.py:2726} INFO - Sync 1 DAGs
[2024-05-27T16:48:31.101+0000] {logging_mixin.py:149} INFO - [2024-05-27T16:48:31.101+0000] {dag.py:3490} INFO - Setting next_dagrun for example_xcom to 2021-01-01T00:00:00+00:00, run_after=2021-01-01T00:00:00+00:00
[2024-05-27T16:48:31.109+0000] {processor.py:178} INFO - Processing /home/airflow/.local/lib/python3.7/site-packages/airflow/example_dags/example_xcom.py took 0.042 seconds
[2024-05-27T16:49:01.768+0000] {processor.py:156} INFO - Started process (PID=1075) to work on /home/airflow/.local/lib/python3.7/site-packages/airflow/example_dags/example_xcom.py
[2024-05-27T16:49:01.768+0000] {processor.py:799} INFO - Processing file /home/airflow/.local/lib/python3.7/site-packages/airflow/example_dags/example_xcom.py for tasks to queue
[2024-05-27T16:49:01.769+0000] {logging_mixin.py:149} INFO - [2024-05-27T16:49:01.769+0000] {dagbag.py:541} INFO - Filling up the DagBag from /home/airflow/.local/lib/python3.7/site-packages/airflow/example_dags/example_xcom.py
[2024-05-27T16:49:01.773+0000] {processor.py:809} INFO - DAG(s) dict_keys(['example_xcom']) retrieved from /home/airflow/.local/lib/python3.7/site-packages/airflow/example_dags/example_xcom.py
[2024-05-27T16:49:01.787+0000] {logging_mixin.py:149} INFO - [2024-05-27T16:49:01.787+0000] {dag.py:2726} INFO - Sync 1 DAGs
[2024-05-27T16:49:01.799+0000] {logging_mixin.py:149} INFO - [2024-05-27T16:49:01.799+0000] {dag.py:3490} INFO - Setting next_dagrun for example_xcom to 2021-01-01T00:00:00+00:00, run_after=2021-01-01T00:00:00+00:00
[2024-05-27T16:49:01.808+0000] {processor.py:178} INFO - Processing /home/airflow/.local/lib/python3.7/site-packages/airflow/example_dags/example_xcom.py took 0.042 seconds
[2024-05-27T16:50:02.837+0000] {processor.py:156} INFO - Started process (PID=1135) to work on /home/airflow/.local/lib/python3.7/site-packages/airflow/example_dags/example_xcom.py
[2024-05-27T16:50:02.838+0000] {processor.py:799} INFO - Processing file /home/airflow/.local/lib/python3.7/site-packages/airflow/example_dags/example_xcom.py for tasks to queue
[2024-05-27T16:50:02.838+0000] {logging_mixin.py:149} INFO - [2024-05-27T16:50:02.838+0000] {dagbag.py:541} INFO - Filling up the DagBag from /home/airflow/.local/lib/python3.7/site-packages/airflow/example_dags/example_xcom.py
[2024-05-27T16:50:02.844+0000] {processor.py:809} INFO - DAG(s) dict_keys(['example_xcom']) retrieved from /home/airflow/.local/lib/python3.7/site-packages/airflow/example_dags/example_xcom.py
[2024-05-27T16:50:02.861+0000] {logging_mixin.py:149} INFO - [2024-05-27T16:50:02.861+0000] {dag.py:2726} INFO - Sync 1 DAGs
[2024-05-27T16:50:02.875+0000] {logging_mixin.py:149} INFO - [2024-05-27T16:50:02.875+0000] {dag.py:3490} INFO - Setting next_dagrun for example_xcom to 2021-01-01T00:00:00+00:00, run_after=2021-01-01T00:00:00+00:00
[2024-05-27T16:50:02.884+0000] {processor.py:178} INFO - Processing /home/airflow/.local/lib/python3.7/site-packages/airflow/example_dags/example_xcom.py took 0.050 seconds
[2024-05-27T16:50:33.068+0000] {processor.py:156} INFO - Started process (PID=1196) to work on /home/airflow/.local/lib/python3.7/site-packages/airflow/example_dags/example_xcom.py
[2024-05-27T16:50:33.068+0000] {processor.py:799} INFO - Processing file /home/airflow/.local/lib/python3.7/site-packages/airflow/example_dags/example_xcom.py for tasks to queue
[2024-05-27T16:50:33.069+0000] {logging_mixin.py:149} INFO - [2024-05-27T16:50:33.069+0000] {dagbag.py:541} INFO - Filling up the DagBag from /home/airflow/.local/lib/python3.7/site-packages/airflow/example_dags/example_xcom.py
[2024-05-27T16:50:33.073+0000] {processor.py:809} INFO - DAG(s) dict_keys(['example_xcom']) retrieved from /home/airflow/.local/lib/python3.7/site-packages/airflow/example_dags/example_xcom.py
[2024-05-27T16:50:33.088+0000] {logging_mixin.py:149} INFO - [2024-05-27T16:50:33.087+0000] {dag.py:2726} INFO - Sync 1 DAGs
[2024-05-27T16:50:33.100+0000] {logging_mixin.py:149} INFO - [2024-05-27T16:50:33.099+0000] {dag.py:3490} INFO - Setting next_dagrun for example_xcom to 2021-01-01T00:00:00+00:00, run_after=2021-01-01T00:00:00+00:00
[2024-05-27T16:50:33.108+0000] {processor.py:178} INFO - Processing /home/airflow/.local/lib/python3.7/site-packages/airflow/example_dags/example_xcom.py took 0.042 seconds
[2024-05-27T16:51:03.203+0000] {processor.py:156} INFO - Started process (PID=1257) to work on /home/airflow/.local/lib/python3.7/site-packages/airflow/example_dags/example_xcom.py
[2024-05-27T16:51:03.203+0000] {processor.py:799} INFO - Processing file /home/airflow/.local/lib/python3.7/site-packages/airflow/example_dags/example_xcom.py for tasks to queue
[2024-05-27T16:51:03.204+0000] {logging_mixin.py:149} INFO - [2024-05-27T16:51:03.204+0000] {dagbag.py:541} INFO - Filling up the DagBag from /home/airflow/.local/lib/python3.7/site-packages/airflow/example_dags/example_xcom.py
[2024-05-27T16:51:03.208+0000] {processor.py:809} INFO - DAG(s) dict_keys(['example_xcom']) retrieved from /home/airflow/.local/lib/python3.7/site-packages/airflow/example_dags/example_xcom.py
[2024-05-27T16:51:03.221+0000] {logging_mixin.py:149} INFO - [2024-05-27T16:51:03.221+0000] {dag.py:2726} INFO - Sync 1 DAGs
[2024-05-27T16:51:03.233+0000] {logging_mixin.py:149} INFO - [2024-05-27T16:51:03.233+0000] {dag.py:3490} INFO - Setting next_dagrun for example_xcom to 2021-01-01T00:00:00+00:00, run_after=2021-01-01T00:00:00+00:00
[2024-05-27T16:51:03.241+0000] {processor.py:178} INFO - Processing /home/airflow/.local/lib/python3.7/site-packages/airflow/example_dags/example_xcom.py took 0.040 seconds
[2024-05-27T16:51:34.379+0000] {processor.py:156} INFO - Started process (PID=1318) to work on /home/airflow/.local/lib/python3.7/site-packages/airflow/example_dags/example_xcom.py
[2024-05-27T16:51:34.380+0000] {processor.py:799} INFO - Processing file /home/airflow/.local/lib/python3.7/site-packages/airflow/example_dags/example_xcom.py for tasks to queue
[2024-05-27T16:51:34.381+0000] {logging_mixin.py:149} INFO - [2024-05-27T16:51:34.381+0000] {dagbag.py:541} INFO - Filling up the DagBag from /home/airflow/.local/lib/python3.7/site-packages/airflow/example_dags/example_xcom.py
[2024-05-27T16:51:34.387+0000] {processor.py:809} INFO - DAG(s) dict_keys(['example_xcom']) retrieved from /home/airflow/.local/lib/python3.7/site-packages/airflow/example_dags/example_xcom.py
[2024-05-27T16:51:34.401+0000] {logging_mixin.py:149} INFO - [2024-05-27T16:51:34.401+0000] {dag.py:2726} INFO - Sync 1 DAGs
[2024-05-27T16:51:34.416+0000] {logging_mixin.py:149} INFO - [2024-05-27T16:51:34.416+0000] {dag.py:3490} INFO - Setting next_dagrun for example_xcom to 2021-01-01T00:00:00+00:00, run_after=2021-01-01T00:00:00+00:00
[2024-05-27T16:51:34.427+0000] {processor.py:178} INFO - Processing /home/airflow/.local/lib/python3.7/site-packages/airflow/example_dags/example_xcom.py took 0.050 seconds
[2024-05-27T16:52:18.707+0000] {processor.py:156} INFO - Started process (PID=1406) to work on /home/airflow/.local/lib/python3.7/site-packages/airflow/example_dags/example_xcom.py
[2024-05-27T16:52:18.715+0000] {processor.py:799} INFO - Processing file /home/airflow/.local/lib/python3.7/site-packages/airflow/example_dags/example_xcom.py for tasks to queue
[2024-05-27T16:52:18.717+0000] {logging_mixin.py:149} INFO - [2024-05-27T16:52:18.717+0000] {dagbag.py:541} INFO - Filling up the DagBag from /home/airflow/.local/lib/python3.7/site-packages/airflow/example_dags/example_xcom.py
[2024-05-27T16:52:18.736+0000] {processor.py:809} INFO - DAG(s) dict_keys(['example_xcom']) retrieved from /home/airflow/.local/lib/python3.7/site-packages/airflow/example_dags/example_xcom.py
[2024-05-27T16:52:18.819+0000] {logging_mixin.py:149} INFO - [2024-05-27T16:52:18.819+0000] {dag.py:2726} INFO - Sync 1 DAGs
[2024-05-27T16:52:18.891+0000] {logging_mixin.py:149} INFO - [2024-05-27T16:52:18.890+0000] {dag.py:3490} INFO - Setting next_dagrun for example_xcom to 2021-01-01T00:00:00+00:00, run_after=2021-01-01T00:00:00+00:00
[2024-05-27T16:52:18.960+0000] {processor.py:178} INFO - Processing /home/airflow/.local/lib/python3.7/site-packages/airflow/example_dags/example_xcom.py took 0.262 seconds
