[2024-05-27T16:40:19.801+0000] {processor.py:156} INFO - Started process (PID=46) to work on /home/airflow/.local/lib/python3.7/site-packages/airflow/example_dags/example_kubernetes_executor.py
[2024-05-27T16:40:19.802+0000] {processor.py:799} INFO - Processing file /home/airflow/.local/lib/python3.7/site-packages/airflow/example_dags/example_kubernetes_executor.py for tasks to queue
[2024-05-27T16:40:19.802+0000] {logging_mixin.py:149} INFO - [2024-05-27T16:40:19.802+0000] {dagbag.py:541} INFO - Filling up the DagBag from /home/airflow/.local/lib/python3.7/site-packages/airflow/example_dags/example_kubernetes_executor.py
[2024-05-27T16:40:20.559+0000] {processor.py:809} INFO - DAG(s) dict_keys(['example_kubernetes_executor']) retrieved from /home/airflow/.local/lib/python3.7/site-packages/airflow/example_dags/example_kubernetes_executor.py
[2024-05-27T16:40:20.712+0000] {logging_mixin.py:149} INFO - [2024-05-27T16:40:20.712+0000] {manager.py:504} INFO - Created Permission View: can delete on DAG:example_kubernetes_executor
[2024-05-27T16:40:20.718+0000] {logging_mixin.py:149} INFO - [2024-05-27T16:40:20.718+0000] {manager.py:504} INFO - Created Permission View: can read on DAG:example_kubernetes_executor
[2024-05-27T16:40:20.722+0000] {logging_mixin.py:149} INFO - [2024-05-27T16:40:20.722+0000] {manager.py:504} INFO - Created Permission View: can edit on DAG:example_kubernetes_executor
[2024-05-27T16:40:20.722+0000] {logging_mixin.py:149} INFO - [2024-05-27T16:40:20.722+0000] {dag.py:2726} INFO - Sync 1 DAGs
[2024-05-27T16:40:20.731+0000] {logging_mixin.py:149} INFO - [2024-05-27T16:40:20.731+0000] {dag.py:2747} INFO - Creating ORM DAG for example_kubernetes_executor
[2024-05-27T16:40:20.740+0000] {logging_mixin.py:149} INFO - [2024-05-27T16:40:20.740+0000] {dag.py:3490} INFO - Setting next_dagrun for example_kubernetes_executor to None, run_after=None
[2024-05-27T16:40:20.752+0000] {processor.py:178} INFO - Processing /home/airflow/.local/lib/python3.7/site-packages/airflow/example_dags/example_kubernetes_executor.py took 0.953 seconds
[2024-05-27T16:40:51.103+0000] {processor.py:156} INFO - Started process (PID=107) to work on /home/airflow/.local/lib/python3.7/site-packages/airflow/example_dags/example_kubernetes_executor.py
[2024-05-27T16:40:51.105+0000] {processor.py:799} INFO - Processing file /home/airflow/.local/lib/python3.7/site-packages/airflow/example_dags/example_kubernetes_executor.py for tasks to queue
[2024-05-27T16:40:51.106+0000] {logging_mixin.py:149} INFO - [2024-05-27T16:40:51.106+0000] {dagbag.py:541} INFO - Filling up the DagBag from /home/airflow/.local/lib/python3.7/site-packages/airflow/example_dags/example_kubernetes_executor.py
[2024-05-27T16:40:51.284+0000] {processor.py:809} INFO - DAG(s) dict_keys(['example_kubernetes_executor']) retrieved from /home/airflow/.local/lib/python3.7/site-packages/airflow/example_dags/example_kubernetes_executor.py
[2024-05-27T16:40:51.308+0000] {logging_mixin.py:149} INFO - [2024-05-27T16:40:51.308+0000] {dag.py:2726} INFO - Sync 1 DAGs
[2024-05-27T16:40:51.323+0000] {logging_mixin.py:149} INFO - [2024-05-27T16:40:51.323+0000] {dag.py:3490} INFO - Setting next_dagrun for example_kubernetes_executor to None, run_after=None
[2024-05-27T16:40:51.337+0000] {processor.py:178} INFO - Processing /home/airflow/.local/lib/python3.7/site-packages/airflow/example_dags/example_kubernetes_executor.py took 0.240 seconds
[2024-05-27T16:41:21.415+0000] {processor.py:156} INFO - Started process (PID=167) to work on /home/airflow/.local/lib/python3.7/site-packages/airflow/example_dags/example_kubernetes_executor.py
[2024-05-27T16:41:21.416+0000] {processor.py:799} INFO - Processing file /home/airflow/.local/lib/python3.7/site-packages/airflow/example_dags/example_kubernetes_executor.py for tasks to queue
[2024-05-27T16:41:21.417+0000] {logging_mixin.py:149} INFO - [2024-05-27T16:41:21.417+0000] {dagbag.py:541} INFO - Filling up the DagBag from /home/airflow/.local/lib/python3.7/site-packages/airflow/example_dags/example_kubernetes_executor.py
[2024-05-27T16:41:21.593+0000] {processor.py:809} INFO - DAG(s) dict_keys(['example_kubernetes_executor']) retrieved from /home/airflow/.local/lib/python3.7/site-packages/airflow/example_dags/example_kubernetes_executor.py
[2024-05-27T16:41:21.617+0000] {logging_mixin.py:149} INFO - [2024-05-27T16:41:21.617+0000] {dag.py:2726} INFO - Sync 1 DAGs
[2024-05-27T16:41:21.631+0000] {logging_mixin.py:149} INFO - [2024-05-27T16:41:21.631+0000] {dag.py:3490} INFO - Setting next_dagrun for example_kubernetes_executor to None, run_after=None
[2024-05-27T16:41:21.640+0000] {processor.py:178} INFO - Processing /home/airflow/.local/lib/python3.7/site-packages/airflow/example_dags/example_kubernetes_executor.py took 0.231 seconds
[2024-05-27T16:41:52.455+0000] {processor.py:156} INFO - Started process (PID=227) to work on /home/airflow/.local/lib/python3.7/site-packages/airflow/example_dags/example_kubernetes_executor.py
[2024-05-27T16:41:52.457+0000] {processor.py:799} INFO - Processing file /home/airflow/.local/lib/python3.7/site-packages/airflow/example_dags/example_kubernetes_executor.py for tasks to queue
[2024-05-27T16:41:52.458+0000] {logging_mixin.py:149} INFO - [2024-05-27T16:41:52.458+0000] {dagbag.py:541} INFO - Filling up the DagBag from /home/airflow/.local/lib/python3.7/site-packages/airflow/example_dags/example_kubernetes_executor.py
[2024-05-27T16:41:52.604+0000] {processor.py:809} INFO - DAG(s) dict_keys(['example_kubernetes_executor']) retrieved from /home/airflow/.local/lib/python3.7/site-packages/airflow/example_dags/example_kubernetes_executor.py
[2024-05-27T16:41:52.632+0000] {logging_mixin.py:149} INFO - [2024-05-27T16:41:52.632+0000] {dag.py:2726} INFO - Sync 1 DAGs
[2024-05-27T16:41:52.644+0000] {logging_mixin.py:149} INFO - [2024-05-27T16:41:52.644+0000] {dag.py:3490} INFO - Setting next_dagrun for example_kubernetes_executor to None, run_after=None
[2024-05-27T16:41:52.653+0000] {processor.py:178} INFO - Processing /home/airflow/.local/lib/python3.7/site-packages/airflow/example_dags/example_kubernetes_executor.py took 0.203 seconds
[2024-05-27T16:42:22.749+0000] {processor.py:156} INFO - Started process (PID=287) to work on /home/airflow/.local/lib/python3.7/site-packages/airflow/example_dags/example_kubernetes_executor.py
[2024-05-27T16:42:22.750+0000] {processor.py:799} INFO - Processing file /home/airflow/.local/lib/python3.7/site-packages/airflow/example_dags/example_kubernetes_executor.py for tasks to queue
[2024-05-27T16:42:22.751+0000] {logging_mixin.py:149} INFO - [2024-05-27T16:42:22.751+0000] {dagbag.py:541} INFO - Filling up the DagBag from /home/airflow/.local/lib/python3.7/site-packages/airflow/example_dags/example_kubernetes_executor.py
[2024-05-27T16:42:22.916+0000] {processor.py:809} INFO - DAG(s) dict_keys(['example_kubernetes_executor']) retrieved from /home/airflow/.local/lib/python3.7/site-packages/airflow/example_dags/example_kubernetes_executor.py
[2024-05-27T16:42:22.942+0000] {logging_mixin.py:149} INFO - [2024-05-27T16:42:22.942+0000] {dag.py:2726} INFO - Sync 1 DAGs
[2024-05-27T16:42:22.955+0000] {logging_mixin.py:149} INFO - [2024-05-27T16:42:22.955+0000] {dag.py:3490} INFO - Setting next_dagrun for example_kubernetes_executor to None, run_after=None
[2024-05-27T16:42:22.965+0000] {processor.py:178} INFO - Processing /home/airflow/.local/lib/python3.7/site-packages/airflow/example_dags/example_kubernetes_executor.py took 0.223 seconds
[2024-05-27T16:42:53.020+0000] {processor.py:156} INFO - Started process (PID=350) to work on /home/airflow/.local/lib/python3.7/site-packages/airflow/example_dags/example_kubernetes_executor.py
[2024-05-27T16:42:53.020+0000] {processor.py:799} INFO - Processing file /home/airflow/.local/lib/python3.7/site-packages/airflow/example_dags/example_kubernetes_executor.py for tasks to queue
[2024-05-27T16:42:53.021+0000] {logging_mixin.py:149} INFO - [2024-05-27T16:42:53.021+0000] {dagbag.py:541} INFO - Filling up the DagBag from /home/airflow/.local/lib/python3.7/site-packages/airflow/example_dags/example_kubernetes_executor.py
[2024-05-27T16:42:53.152+0000] {processor.py:809} INFO - DAG(s) dict_keys(['example_kubernetes_executor']) retrieved from /home/airflow/.local/lib/python3.7/site-packages/airflow/example_dags/example_kubernetes_executor.py
[2024-05-27T16:42:53.172+0000] {logging_mixin.py:149} INFO - [2024-05-27T16:42:53.172+0000] {dag.py:2726} INFO - Sync 1 DAGs
[2024-05-27T16:42:53.185+0000] {logging_mixin.py:149} INFO - [2024-05-27T16:42:53.185+0000] {dag.py:3490} INFO - Setting next_dagrun for example_kubernetes_executor to None, run_after=None
[2024-05-27T16:42:53.193+0000] {processor.py:178} INFO - Processing /home/airflow/.local/lib/python3.7/site-packages/airflow/example_dags/example_kubernetes_executor.py took 0.176 seconds
[2024-05-27T16:43:23.779+0000] {processor.py:156} INFO - Started process (PID=407) to work on /home/airflow/.local/lib/python3.7/site-packages/airflow/example_dags/example_kubernetes_executor.py
[2024-05-27T16:43:23.781+0000] {processor.py:799} INFO - Processing file /home/airflow/.local/lib/python3.7/site-packages/airflow/example_dags/example_kubernetes_executor.py for tasks to queue
[2024-05-27T16:43:23.782+0000] {logging_mixin.py:149} INFO - [2024-05-27T16:43:23.782+0000] {dagbag.py:541} INFO - Filling up the DagBag from /home/airflow/.local/lib/python3.7/site-packages/airflow/example_dags/example_kubernetes_executor.py
[2024-05-27T16:43:23.920+0000] {processor.py:809} INFO - DAG(s) dict_keys(['example_kubernetes_executor']) retrieved from /home/airflow/.local/lib/python3.7/site-packages/airflow/example_dags/example_kubernetes_executor.py
[2024-05-27T16:43:23.941+0000] {logging_mixin.py:149} INFO - [2024-05-27T16:43:23.941+0000] {dag.py:2726} INFO - Sync 1 DAGs
[2024-05-27T16:43:23.953+0000] {logging_mixin.py:149} INFO - [2024-05-27T16:43:23.953+0000] {dag.py:3490} INFO - Setting next_dagrun for example_kubernetes_executor to None, run_after=None
[2024-05-27T16:43:23.962+0000] {processor.py:178} INFO - Processing /home/airflow/.local/lib/python3.7/site-packages/airflow/example_dags/example_kubernetes_executor.py took 0.188 seconds
[2024-05-27T16:43:54.684+0000] {processor.py:156} INFO - Started process (PID=467) to work on /home/airflow/.local/lib/python3.7/site-packages/airflow/example_dags/example_kubernetes_executor.py
[2024-05-27T16:43:54.685+0000] {processor.py:799} INFO - Processing file /home/airflow/.local/lib/python3.7/site-packages/airflow/example_dags/example_kubernetes_executor.py for tasks to queue
[2024-05-27T16:43:54.685+0000] {logging_mixin.py:149} INFO - [2024-05-27T16:43:54.685+0000] {dagbag.py:541} INFO - Filling up the DagBag from /home/airflow/.local/lib/python3.7/site-packages/airflow/example_dags/example_kubernetes_executor.py
[2024-05-27T16:43:54.819+0000] {processor.py:809} INFO - DAG(s) dict_keys(['example_kubernetes_executor']) retrieved from /home/airflow/.local/lib/python3.7/site-packages/airflow/example_dags/example_kubernetes_executor.py
[2024-05-27T16:43:54.841+0000] {logging_mixin.py:149} INFO - [2024-05-27T16:43:54.841+0000] {dag.py:2726} INFO - Sync 1 DAGs
[2024-05-27T16:43:54.852+0000] {logging_mixin.py:149} INFO - [2024-05-27T16:43:54.852+0000] {dag.py:3490} INFO - Setting next_dagrun for example_kubernetes_executor to None, run_after=None
[2024-05-27T16:43:54.861+0000] {processor.py:178} INFO - Processing /home/airflow/.local/lib/python3.7/site-packages/airflow/example_dags/example_kubernetes_executor.py took 0.180 seconds
[2024-05-27T16:44:25.482+0000] {processor.py:156} INFO - Started process (PID=527) to work on /home/airflow/.local/lib/python3.7/site-packages/airflow/example_dags/example_kubernetes_executor.py
[2024-05-27T16:44:25.484+0000] {processor.py:799} INFO - Processing file /home/airflow/.local/lib/python3.7/site-packages/airflow/example_dags/example_kubernetes_executor.py for tasks to queue
[2024-05-27T16:44:25.485+0000] {logging_mixin.py:149} INFO - [2024-05-27T16:44:25.485+0000] {dagbag.py:541} INFO - Filling up the DagBag from /home/airflow/.local/lib/python3.7/site-packages/airflow/example_dags/example_kubernetes_executor.py
[2024-05-27T16:44:25.650+0000] {processor.py:809} INFO - DAG(s) dict_keys(['example_kubernetes_executor']) retrieved from /home/airflow/.local/lib/python3.7/site-packages/airflow/example_dags/example_kubernetes_executor.py
[2024-05-27T16:44:25.670+0000] {logging_mixin.py:149} INFO - [2024-05-27T16:44:25.670+0000] {dag.py:2726} INFO - Sync 1 DAGs
[2024-05-27T16:44:25.682+0000] {logging_mixin.py:149} INFO - [2024-05-27T16:44:25.682+0000] {dag.py:3490} INFO - Setting next_dagrun for example_kubernetes_executor to None, run_after=None
[2024-05-27T16:44:25.690+0000] {processor.py:178} INFO - Processing /home/airflow/.local/lib/python3.7/site-packages/airflow/example_dags/example_kubernetes_executor.py took 0.213 seconds
[2024-05-27T16:44:55.747+0000] {processor.py:156} INFO - Started process (PID=589) to work on /home/airflow/.local/lib/python3.7/site-packages/airflow/example_dags/example_kubernetes_executor.py
[2024-05-27T16:44:55.748+0000] {processor.py:799} INFO - Processing file /home/airflow/.local/lib/python3.7/site-packages/airflow/example_dags/example_kubernetes_executor.py for tasks to queue
[2024-05-27T16:44:55.749+0000] {logging_mixin.py:149} INFO - [2024-05-27T16:44:55.748+0000] {dagbag.py:541} INFO - Filling up the DagBag from /home/airflow/.local/lib/python3.7/site-packages/airflow/example_dags/example_kubernetes_executor.py
[2024-05-27T16:44:55.870+0000] {processor.py:809} INFO - DAG(s) dict_keys(['example_kubernetes_executor']) retrieved from /home/airflow/.local/lib/python3.7/site-packages/airflow/example_dags/example_kubernetes_executor.py
[2024-05-27T16:44:55.889+0000] {logging_mixin.py:149} INFO - [2024-05-27T16:44:55.889+0000] {dag.py:2726} INFO - Sync 1 DAGs
[2024-05-27T16:44:55.902+0000] {logging_mixin.py:149} INFO - [2024-05-27T16:44:55.901+0000] {dag.py:3490} INFO - Setting next_dagrun for example_kubernetes_executor to None, run_after=None
[2024-05-27T16:44:55.910+0000] {processor.py:178} INFO - Processing /home/airflow/.local/lib/python3.7/site-packages/airflow/example_dags/example_kubernetes_executor.py took 0.164 seconds
[2024-05-27T16:45:26.631+0000] {processor.py:156} INFO - Started process (PID=647) to work on /home/airflow/.local/lib/python3.7/site-packages/airflow/example_dags/example_kubernetes_executor.py
[2024-05-27T16:45:26.632+0000] {processor.py:799} INFO - Processing file /home/airflow/.local/lib/python3.7/site-packages/airflow/example_dags/example_kubernetes_executor.py for tasks to queue
[2024-05-27T16:45:26.634+0000] {logging_mixin.py:149} INFO - [2024-05-27T16:45:26.634+0000] {dagbag.py:541} INFO - Filling up the DagBag from /home/airflow/.local/lib/python3.7/site-packages/airflow/example_dags/example_kubernetes_executor.py
[2024-05-27T16:45:26.745+0000] {processor.py:809} INFO - DAG(s) dict_keys(['example_kubernetes_executor']) retrieved from /home/airflow/.local/lib/python3.7/site-packages/airflow/example_dags/example_kubernetes_executor.py
[2024-05-27T16:45:26.765+0000] {logging_mixin.py:149} INFO - [2024-05-27T16:45:26.765+0000] {dag.py:2726} INFO - Sync 1 DAGs
[2024-05-27T16:45:26.778+0000] {logging_mixin.py:149} INFO - [2024-05-27T16:45:26.778+0000] {dag.py:3490} INFO - Setting next_dagrun for example_kubernetes_executor to None, run_after=None
[2024-05-27T16:45:26.787+0000] {processor.py:178} INFO - Processing /home/airflow/.local/lib/python3.7/site-packages/airflow/example_dags/example_kubernetes_executor.py took 0.164 seconds
[2024-05-27T16:45:57.360+0000] {processor.py:156} INFO - Started process (PID=707) to work on /home/airflow/.local/lib/python3.7/site-packages/airflow/example_dags/example_kubernetes_executor.py
[2024-05-27T16:45:57.362+0000] {processor.py:799} INFO - Processing file /home/airflow/.local/lib/python3.7/site-packages/airflow/example_dags/example_kubernetes_executor.py for tasks to queue
[2024-05-27T16:45:57.362+0000] {logging_mixin.py:149} INFO - [2024-05-27T16:45:57.362+0000] {dagbag.py:541} INFO - Filling up the DagBag from /home/airflow/.local/lib/python3.7/site-packages/airflow/example_dags/example_kubernetes_executor.py
[2024-05-27T16:45:57.490+0000] {processor.py:809} INFO - DAG(s) dict_keys(['example_kubernetes_executor']) retrieved from /home/airflow/.local/lib/python3.7/site-packages/airflow/example_dags/example_kubernetes_executor.py
[2024-05-27T16:45:57.512+0000] {logging_mixin.py:149} INFO - [2024-05-27T16:45:57.512+0000] {dag.py:2726} INFO - Sync 1 DAGs
[2024-05-27T16:45:57.525+0000] {logging_mixin.py:149} INFO - [2024-05-27T16:45:57.525+0000] {dag.py:3490} INFO - Setting next_dagrun for example_kubernetes_executor to None, run_after=None
[2024-05-27T16:45:57.533+0000] {processor.py:178} INFO - Processing /home/airflow/.local/lib/python3.7/site-packages/airflow/example_dags/example_kubernetes_executor.py took 0.176 seconds
[2024-05-27T16:46:27.593+0000] {processor.py:156} INFO - Started process (PID=769) to work on /home/airflow/.local/lib/python3.7/site-packages/airflow/example_dags/example_kubernetes_executor.py
[2024-05-27T16:46:27.594+0000] {processor.py:799} INFO - Processing file /home/airflow/.local/lib/python3.7/site-packages/airflow/example_dags/example_kubernetes_executor.py for tasks to queue
[2024-05-27T16:46:27.594+0000] {logging_mixin.py:149} INFO - [2024-05-27T16:46:27.594+0000] {dagbag.py:541} INFO - Filling up the DagBag from /home/airflow/.local/lib/python3.7/site-packages/airflow/example_dags/example_kubernetes_executor.py
[2024-05-27T16:46:27.720+0000] {processor.py:809} INFO - DAG(s) dict_keys(['example_kubernetes_executor']) retrieved from /home/airflow/.local/lib/python3.7/site-packages/airflow/example_dags/example_kubernetes_executor.py
[2024-05-27T16:46:27.757+0000] {logging_mixin.py:149} INFO - [2024-05-27T16:46:27.757+0000] {dag.py:2726} INFO - Sync 1 DAGs
[2024-05-27T16:46:27.772+0000] {logging_mixin.py:149} INFO - [2024-05-27T16:46:27.772+0000] {dag.py:3490} INFO - Setting next_dagrun for example_kubernetes_executor to None, run_after=None
[2024-05-27T16:46:27.782+0000] {processor.py:178} INFO - Processing /home/airflow/.local/lib/python3.7/site-packages/airflow/example_dags/example_kubernetes_executor.py took 0.191 seconds
[2024-05-27T16:46:58.420+0000] {processor.py:156} INFO - Started process (PID=827) to work on /home/airflow/.local/lib/python3.7/site-packages/airflow/example_dags/example_kubernetes_executor.py
[2024-05-27T16:46:58.420+0000] {processor.py:799} INFO - Processing file /home/airflow/.local/lib/python3.7/site-packages/airflow/example_dags/example_kubernetes_executor.py for tasks to queue
[2024-05-27T16:46:58.421+0000] {logging_mixin.py:149} INFO - [2024-05-27T16:46:58.421+0000] {dagbag.py:541} INFO - Filling up the DagBag from /home/airflow/.local/lib/python3.7/site-packages/airflow/example_dags/example_kubernetes_executor.py
[2024-05-27T16:46:58.547+0000] {processor.py:809} INFO - DAG(s) dict_keys(['example_kubernetes_executor']) retrieved from /home/airflow/.local/lib/python3.7/site-packages/airflow/example_dags/example_kubernetes_executor.py
[2024-05-27T16:46:58.568+0000] {logging_mixin.py:149} INFO - [2024-05-27T16:46:58.568+0000] {dag.py:2726} INFO - Sync 1 DAGs
[2024-05-27T16:46:58.582+0000] {logging_mixin.py:149} INFO - [2024-05-27T16:46:58.582+0000] {dag.py:3490} INFO - Setting next_dagrun for example_kubernetes_executor to None, run_after=None
[2024-05-27T16:46:58.593+0000] {processor.py:178} INFO - Processing /home/airflow/.local/lib/python3.7/site-packages/airflow/example_dags/example_kubernetes_executor.py took 0.176 seconds
[2024-05-27T16:47:29.219+0000] {processor.py:156} INFO - Started process (PID=887) to work on /home/airflow/.local/lib/python3.7/site-packages/airflow/example_dags/example_kubernetes_executor.py
[2024-05-27T16:47:29.220+0000] {processor.py:799} INFO - Processing file /home/airflow/.local/lib/python3.7/site-packages/airflow/example_dags/example_kubernetes_executor.py for tasks to queue
[2024-05-27T16:47:29.221+0000] {logging_mixin.py:149} INFO - [2024-05-27T16:47:29.221+0000] {dagbag.py:541} INFO - Filling up the DagBag from /home/airflow/.local/lib/python3.7/site-packages/airflow/example_dags/example_kubernetes_executor.py
[2024-05-27T16:47:29.332+0000] {processor.py:809} INFO - DAG(s) dict_keys(['example_kubernetes_executor']) retrieved from /home/airflow/.local/lib/python3.7/site-packages/airflow/example_dags/example_kubernetes_executor.py
[2024-05-27T16:47:29.352+0000] {logging_mixin.py:149} INFO - [2024-05-27T16:47:29.352+0000] {dag.py:2726} INFO - Sync 1 DAGs
[2024-05-27T16:47:29.365+0000] {logging_mixin.py:149} INFO - [2024-05-27T16:47:29.365+0000] {dag.py:3490} INFO - Setting next_dagrun for example_kubernetes_executor to None, run_after=None
[2024-05-27T16:47:29.373+0000] {processor.py:178} INFO - Processing /home/airflow/.local/lib/python3.7/site-packages/airflow/example_dags/example_kubernetes_executor.py took 0.160 seconds
[2024-05-27T16:48:00.000+0000] {processor.py:156} INFO - Started process (PID=947) to work on /home/airflow/.local/lib/python3.7/site-packages/airflow/example_dags/example_kubernetes_executor.py
[2024-05-27T16:48:00.001+0000] {processor.py:799} INFO - Processing file /home/airflow/.local/lib/python3.7/site-packages/airflow/example_dags/example_kubernetes_executor.py for tasks to queue
[2024-05-27T16:48:00.002+0000] {logging_mixin.py:149} INFO - [2024-05-27T16:48:00.002+0000] {dagbag.py:541} INFO - Filling up the DagBag from /home/airflow/.local/lib/python3.7/site-packages/airflow/example_dags/example_kubernetes_executor.py
[2024-05-27T16:48:00.135+0000] {processor.py:809} INFO - DAG(s) dict_keys(['example_kubernetes_executor']) retrieved from /home/airflow/.local/lib/python3.7/site-packages/airflow/example_dags/example_kubernetes_executor.py
[2024-05-27T16:48:00.156+0000] {logging_mixin.py:149} INFO - [2024-05-27T16:48:00.156+0000] {dag.py:2726} INFO - Sync 1 DAGs
[2024-05-27T16:48:00.170+0000] {logging_mixin.py:149} INFO - [2024-05-27T16:48:00.170+0000] {dag.py:3490} INFO - Setting next_dagrun for example_kubernetes_executor to None, run_after=None
[2024-05-27T16:48:00.179+0000] {processor.py:178} INFO - Processing /home/airflow/.local/lib/python3.7/site-packages/airflow/example_dags/example_kubernetes_executor.py took 0.185 seconds
[2024-05-27T16:48:30.776+0000] {processor.py:156} INFO - Started process (PID=1007) to work on /home/airflow/.local/lib/python3.7/site-packages/airflow/example_dags/example_kubernetes_executor.py
[2024-05-27T16:48:30.778+0000] {processor.py:799} INFO - Processing file /home/airflow/.local/lib/python3.7/site-packages/airflow/example_dags/example_kubernetes_executor.py for tasks to queue
[2024-05-27T16:48:30.778+0000] {logging_mixin.py:149} INFO - [2024-05-27T16:48:30.778+0000] {dagbag.py:541} INFO - Filling up the DagBag from /home/airflow/.local/lib/python3.7/site-packages/airflow/example_dags/example_kubernetes_executor.py
[2024-05-27T16:48:30.891+0000] {processor.py:809} INFO - DAG(s) dict_keys(['example_kubernetes_executor']) retrieved from /home/airflow/.local/lib/python3.7/site-packages/airflow/example_dags/example_kubernetes_executor.py
[2024-05-27T16:48:30.912+0000] {logging_mixin.py:149} INFO - [2024-05-27T16:48:30.912+0000] {dag.py:2726} INFO - Sync 1 DAGs
[2024-05-27T16:48:30.924+0000] {logging_mixin.py:149} INFO - [2024-05-27T16:48:30.924+0000] {dag.py:3490} INFO - Setting next_dagrun for example_kubernetes_executor to None, run_after=None
[2024-05-27T16:48:30.932+0000] {processor.py:178} INFO - Processing /home/airflow/.local/lib/python3.7/site-packages/airflow/example_dags/example_kubernetes_executor.py took 0.161 seconds
[2024-05-27T16:49:01.472+0000] {processor.py:156} INFO - Started process (PID=1067) to work on /home/airflow/.local/lib/python3.7/site-packages/airflow/example_dags/example_kubernetes_executor.py
[2024-05-27T16:49:01.473+0000] {processor.py:799} INFO - Processing file /home/airflow/.local/lib/python3.7/site-packages/airflow/example_dags/example_kubernetes_executor.py for tasks to queue
[2024-05-27T16:49:01.474+0000] {logging_mixin.py:149} INFO - [2024-05-27T16:49:01.474+0000] {dagbag.py:541} INFO - Filling up the DagBag from /home/airflow/.local/lib/python3.7/site-packages/airflow/example_dags/example_kubernetes_executor.py
[2024-05-27T16:49:01.588+0000] {processor.py:809} INFO - DAG(s) dict_keys(['example_kubernetes_executor']) retrieved from /home/airflow/.local/lib/python3.7/site-packages/airflow/example_dags/example_kubernetes_executor.py
[2024-05-27T16:49:01.608+0000] {logging_mixin.py:149} INFO - [2024-05-27T16:49:01.608+0000] {dag.py:2726} INFO - Sync 1 DAGs
[2024-05-27T16:49:01.622+0000] {logging_mixin.py:149} INFO - [2024-05-27T16:49:01.622+0000] {dag.py:3490} INFO - Setting next_dagrun for example_kubernetes_executor to None, run_after=None
[2024-05-27T16:49:01.631+0000] {processor.py:178} INFO - Processing /home/airflow/.local/lib/python3.7/site-packages/airflow/example_dags/example_kubernetes_executor.py took 0.164 seconds
[2024-05-27T16:50:02.497+0000] {processor.py:156} INFO - Started process (PID=1126) to work on /home/airflow/.local/lib/python3.7/site-packages/airflow/example_dags/example_kubernetes_executor.py
[2024-05-27T16:50:02.497+0000] {processor.py:799} INFO - Processing file /home/airflow/.local/lib/python3.7/site-packages/airflow/example_dags/example_kubernetes_executor.py for tasks to queue
[2024-05-27T16:50:02.498+0000] {logging_mixin.py:149} INFO - [2024-05-27T16:50:02.497+0000] {dagbag.py:541} INFO - Filling up the DagBag from /home/airflow/.local/lib/python3.7/site-packages/airflow/example_dags/example_kubernetes_executor.py
[2024-05-27T16:50:02.645+0000] {processor.py:809} INFO - DAG(s) dict_keys(['example_kubernetes_executor']) retrieved from /home/airflow/.local/lib/python3.7/site-packages/airflow/example_dags/example_kubernetes_executor.py
[2024-05-27T16:50:02.669+0000] {logging_mixin.py:149} INFO - [2024-05-27T16:50:02.669+0000] {dag.py:2726} INFO - Sync 1 DAGs
[2024-05-27T16:50:02.682+0000] {logging_mixin.py:149} INFO - [2024-05-27T16:50:02.682+0000] {dag.py:3490} INFO - Setting next_dagrun for example_kubernetes_executor to None, run_after=None
[2024-05-27T16:50:02.691+0000] {processor.py:178} INFO - Processing /home/airflow/.local/lib/python3.7/site-packages/airflow/example_dags/example_kubernetes_executor.py took 0.197 seconds
[2024-05-27T16:50:32.745+0000] {processor.py:156} INFO - Started process (PID=1188) to work on /home/airflow/.local/lib/python3.7/site-packages/airflow/example_dags/example_kubernetes_executor.py
[2024-05-27T16:50:32.745+0000] {processor.py:799} INFO - Processing file /home/airflow/.local/lib/python3.7/site-packages/airflow/example_dags/example_kubernetes_executor.py for tasks to queue
[2024-05-27T16:50:32.746+0000] {logging_mixin.py:149} INFO - [2024-05-27T16:50:32.746+0000] {dagbag.py:541} INFO - Filling up the DagBag from /home/airflow/.local/lib/python3.7/site-packages/airflow/example_dags/example_kubernetes_executor.py
[2024-05-27T16:50:32.895+0000] {processor.py:809} INFO - DAG(s) dict_keys(['example_kubernetes_executor']) retrieved from /home/airflow/.local/lib/python3.7/site-packages/airflow/example_dags/example_kubernetes_executor.py
[2024-05-27T16:50:32.920+0000] {logging_mixin.py:149} INFO - [2024-05-27T16:50:32.920+0000] {dag.py:2726} INFO - Sync 1 DAGs
[2024-05-27T16:50:32.933+0000] {logging_mixin.py:149} INFO - [2024-05-27T16:50:32.933+0000] {dag.py:3490} INFO - Setting next_dagrun for example_kubernetes_executor to None, run_after=None
[2024-05-27T16:50:32.942+0000] {processor.py:178} INFO - Processing /home/airflow/.local/lib/python3.7/site-packages/airflow/example_dags/example_kubernetes_executor.py took 0.199 seconds
[2024-05-27T16:51:03.002+0000] {processor.py:156} INFO - Started process (PID=1251) to work on /home/airflow/.local/lib/python3.7/site-packages/airflow/example_dags/example_kubernetes_executor.py
[2024-05-27T16:51:03.003+0000] {processor.py:799} INFO - Processing file /home/airflow/.local/lib/python3.7/site-packages/airflow/example_dags/example_kubernetes_executor.py for tasks to queue
[2024-05-27T16:51:03.003+0000] {logging_mixin.py:149} INFO - [2024-05-27T16:51:03.003+0000] {dagbag.py:541} INFO - Filling up the DagBag from /home/airflow/.local/lib/python3.7/site-packages/airflow/example_dags/example_kubernetes_executor.py
[2024-05-27T16:51:03.132+0000] {processor.py:809} INFO - DAG(s) dict_keys(['example_kubernetes_executor']) retrieved from /home/airflow/.local/lib/python3.7/site-packages/airflow/example_dags/example_kubernetes_executor.py
[2024-05-27T16:51:03.152+0000] {logging_mixin.py:149} INFO - [2024-05-27T16:51:03.152+0000] {dag.py:2726} INFO - Sync 1 DAGs
[2024-05-27T16:51:03.164+0000] {logging_mixin.py:149} INFO - [2024-05-27T16:51:03.164+0000] {dag.py:3490} INFO - Setting next_dagrun for example_kubernetes_executor to None, run_after=None
[2024-05-27T16:51:03.173+0000] {processor.py:178} INFO - Processing /home/airflow/.local/lib/python3.7/site-packages/airflow/example_dags/example_kubernetes_executor.py took 0.172 seconds
[2024-05-27T16:51:34.140+0000] {processor.py:156} INFO - Started process (PID=1313) to work on /home/airflow/.local/lib/python3.7/site-packages/airflow/example_dags/example_kubernetes_executor.py
[2024-05-27T16:51:34.143+0000] {processor.py:799} INFO - Processing file /home/airflow/.local/lib/python3.7/site-packages/airflow/example_dags/example_kubernetes_executor.py for tasks to queue
[2024-05-27T16:51:34.144+0000] {logging_mixin.py:149} INFO - [2024-05-27T16:51:34.144+0000] {dagbag.py:541} INFO - Filling up the DagBag from /home/airflow/.local/lib/python3.7/site-packages/airflow/example_dags/example_kubernetes_executor.py
[2024-05-27T16:51:34.295+0000] {processor.py:809} INFO - DAG(s) dict_keys(['example_kubernetes_executor']) retrieved from /home/airflow/.local/lib/python3.7/site-packages/airflow/example_dags/example_kubernetes_executor.py
[2024-05-27T16:51:34.317+0000] {logging_mixin.py:149} INFO - [2024-05-27T16:51:34.317+0000] {dag.py:2726} INFO - Sync 1 DAGs
[2024-05-27T16:51:34.340+0000] {logging_mixin.py:149} INFO - [2024-05-27T16:51:34.340+0000] {dag.py:3490} INFO - Setting next_dagrun for example_kubernetes_executor to None, run_after=None
[2024-05-27T16:51:34.355+0000] {processor.py:178} INFO - Processing /home/airflow/.local/lib/python3.7/site-packages/airflow/example_dags/example_kubernetes_executor.py took 0.221 seconds
[2024-05-27T16:52:15.351+0000] {processor.py:156} INFO - Started process (PID=1387) to work on /home/airflow/.local/lib/python3.7/site-packages/airflow/example_dags/example_kubernetes_executor.py
[2024-05-27T16:52:15.355+0000] {processor.py:799} INFO - Processing file /home/airflow/.local/lib/python3.7/site-packages/airflow/example_dags/example_kubernetes_executor.py for tasks to queue
[2024-05-27T16:52:15.371+0000] {logging_mixin.py:149} INFO - [2024-05-27T16:52:15.370+0000] {dagbag.py:541} INFO - Filling up the DagBag from /home/airflow/.local/lib/python3.7/site-packages/airflow/example_dags/example_kubernetes_executor.py
[2024-05-27T16:52:18.058+0000] {processor.py:809} INFO - DAG(s) dict_keys(['example_kubernetes_executor']) retrieved from /home/airflow/.local/lib/python3.7/site-packages/airflow/example_dags/example_kubernetes_executor.py
[2024-05-27T16:52:18.226+0000] {logging_mixin.py:149} INFO - [2024-05-27T16:52:18.226+0000] {dag.py:2726} INFO - Sync 1 DAGs
[2024-05-27T16:52:18.292+0000] {logging_mixin.py:149} INFO - [2024-05-27T16:52:18.292+0000] {dag.py:3490} INFO - Setting next_dagrun for example_kubernetes_executor to None, run_after=None
[2024-05-27T16:52:18.347+0000] {processor.py:178} INFO - Processing /home/airflow/.local/lib/python3.7/site-packages/airflow/example_dags/example_kubernetes_executor.py took 3.003 seconds
