[2024-05-27T16:40:19.217+0000] {processor.py:156} INFO - Started process (PID=37) to work on /home/airflow/.local/lib/python3.7/site-packages/airflow/example_dags/example_latest_only.py
[2024-05-27T16:40:19.218+0000] {processor.py:799} INFO - Processing file /home/airflow/.local/lib/python3.7/site-packages/airflow/example_dags/example_latest_only.py for tasks to queue
[2024-05-27T16:40:19.219+0000] {logging_mixin.py:149} INFO - [2024-05-27T16:40:19.219+0000] {dagbag.py:541} INFO - Filling up the DagBag from /home/airflow/.local/lib/python3.7/site-packages/airflow/example_dags/example_latest_only.py
[2024-05-27T16:40:19.224+0000] {processor.py:809} INFO - DAG(s) dict_keys(['latest_only']) retrieved from /home/airflow/.local/lib/python3.7/site-packages/airflow/example_dags/example_latest_only.py
[2024-05-27T16:40:19.285+0000] {logging_mixin.py:149} INFO - [2024-05-27T16:40:19.285+0000] {manager.py:504} INFO - Created Permission View: can delete on DAG:latest_only
[2024-05-27T16:40:19.290+0000] {logging_mixin.py:149} INFO - [2024-05-27T16:40:19.289+0000] {manager.py:504} INFO - Created Permission View: can read on DAG:latest_only
[2024-05-27T16:40:19.293+0000] {logging_mixin.py:149} INFO - [2024-05-27T16:40:19.293+0000] {manager.py:504} INFO - Created Permission View: can edit on DAG:latest_only
[2024-05-27T16:40:19.294+0000] {logging_mixin.py:149} INFO - [2024-05-27T16:40:19.293+0000] {dag.py:2726} INFO - Sync 1 DAGs
[2024-05-27T16:40:19.301+0000] {logging_mixin.py:149} INFO - [2024-05-27T16:40:19.301+0000] {dag.py:2747} INFO - Creating ORM DAG for latest_only
[2024-05-27T16:40:19.306+0000] {logging_mixin.py:149} INFO - [2024-05-27T16:40:19.306+0000] {dag.py:3490} INFO - Setting next_dagrun for latest_only to 2024-05-27T12:40:19.306421+00:00, run_after=2024-05-27T16:40:19.306421+00:00
[2024-05-27T16:40:19.318+0000] {processor.py:178} INFO - Processing /home/airflow/.local/lib/python3.7/site-packages/airflow/example_dags/example_latest_only.py took 0.103 seconds
[2024-05-27T16:40:49.733+0000] {processor.py:156} INFO - Started process (PID=97) to work on /home/airflow/.local/lib/python3.7/site-packages/airflow/example_dags/example_latest_only.py
[2024-05-27T16:40:49.734+0000] {processor.py:799} INFO - Processing file /home/airflow/.local/lib/python3.7/site-packages/airflow/example_dags/example_latest_only.py for tasks to queue
[2024-05-27T16:40:49.734+0000] {logging_mixin.py:149} INFO - [2024-05-27T16:40:49.734+0000] {dagbag.py:541} INFO - Filling up the DagBag from /home/airflow/.local/lib/python3.7/site-packages/airflow/example_dags/example_latest_only.py
[2024-05-27T16:40:49.738+0000] {processor.py:809} INFO - DAG(s) dict_keys(['latest_only']) retrieved from /home/airflow/.local/lib/python3.7/site-packages/airflow/example_dags/example_latest_only.py
[2024-05-27T16:40:49.752+0000] {logging_mixin.py:149} INFO - [2024-05-27T16:40:49.752+0000] {dag.py:2726} INFO - Sync 1 DAGs
[2024-05-27T16:40:49.765+0000] {logging_mixin.py:149} INFO - [2024-05-27T16:40:49.765+0000] {dag.py:3490} INFO - Setting next_dagrun for latest_only to 2024-05-27T12:40:49.765493+00:00, run_after=2024-05-27T16:40:49.765493+00:00
[2024-05-27T16:40:49.774+0000] {processor.py:178} INFO - Processing /home/airflow/.local/lib/python3.7/site-packages/airflow/example_dags/example_latest_only.py took 0.043 seconds
[2024-05-27T16:41:19.926+0000] {processor.py:156} INFO - Started process (PID=157) to work on /home/airflow/.local/lib/python3.7/site-packages/airflow/example_dags/example_latest_only.py
[2024-05-27T16:41:19.927+0000] {processor.py:799} INFO - Processing file /home/airflow/.local/lib/python3.7/site-packages/airflow/example_dags/example_latest_only.py for tasks to queue
[2024-05-27T16:41:19.927+0000] {logging_mixin.py:149} INFO - [2024-05-27T16:41:19.927+0000] {dagbag.py:541} INFO - Filling up the DagBag from /home/airflow/.local/lib/python3.7/site-packages/airflow/example_dags/example_latest_only.py
[2024-05-27T16:41:19.932+0000] {processor.py:809} INFO - DAG(s) dict_keys(['latest_only']) retrieved from /home/airflow/.local/lib/python3.7/site-packages/airflow/example_dags/example_latest_only.py
[2024-05-27T16:41:19.947+0000] {logging_mixin.py:149} INFO - [2024-05-27T16:41:19.947+0000] {dag.py:2726} INFO - Sync 1 DAGs
[2024-05-27T16:41:19.962+0000] {logging_mixin.py:149} INFO - [2024-05-27T16:41:19.961+0000] {dag.py:3490} INFO - Setting next_dagrun for latest_only to 2024-05-27T12:41:19.961828+00:00, run_after=2024-05-27T16:41:19.961828+00:00
[2024-05-27T16:41:19.990+0000] {processor.py:178} INFO - Processing /home/airflow/.local/lib/python3.7/site-packages/airflow/example_dags/example_latest_only.py took 0.066 seconds
[2024-05-27T16:41:50.054+0000] {processor.py:156} INFO - Started process (PID=217) to work on /home/airflow/.local/lib/python3.7/site-packages/airflow/example_dags/example_latest_only.py
[2024-05-27T16:41:50.055+0000] {processor.py:799} INFO - Processing file /home/airflow/.local/lib/python3.7/site-packages/airflow/example_dags/example_latest_only.py for tasks to queue
[2024-05-27T16:41:50.055+0000] {logging_mixin.py:149} INFO - [2024-05-27T16:41:50.055+0000] {dagbag.py:541} INFO - Filling up the DagBag from /home/airflow/.local/lib/python3.7/site-packages/airflow/example_dags/example_latest_only.py
[2024-05-27T16:41:50.059+0000] {processor.py:809} INFO - DAG(s) dict_keys(['latest_only']) retrieved from /home/airflow/.local/lib/python3.7/site-packages/airflow/example_dags/example_latest_only.py
[2024-05-27T16:41:50.072+0000] {logging_mixin.py:149} INFO - [2024-05-27T16:41:50.072+0000] {dag.py:2726} INFO - Sync 1 DAGs
[2024-05-27T16:41:50.084+0000] {logging_mixin.py:149} INFO - [2024-05-27T16:41:50.084+0000] {dag.py:3490} INFO - Setting next_dagrun for latest_only to 2024-05-27T12:41:50.084582+00:00, run_after=2024-05-27T16:41:50.084582+00:00
[2024-05-27T16:41:50.092+0000] {processor.py:178} INFO - Processing /home/airflow/.local/lib/python3.7/site-packages/airflow/example_dags/example_latest_only.py took 0.040 seconds
[2024-05-27T16:42:20.359+0000] {processor.py:156} INFO - Started process (PID=277) to work on /home/airflow/.local/lib/python3.7/site-packages/airflow/example_dags/example_latest_only.py
[2024-05-27T16:42:20.360+0000] {processor.py:799} INFO - Processing file /home/airflow/.local/lib/python3.7/site-packages/airflow/example_dags/example_latest_only.py for tasks to queue
[2024-05-27T16:42:20.360+0000] {logging_mixin.py:149} INFO - [2024-05-27T16:42:20.360+0000] {dagbag.py:541} INFO - Filling up the DagBag from /home/airflow/.local/lib/python3.7/site-packages/airflow/example_dags/example_latest_only.py
[2024-05-27T16:42:20.364+0000] {processor.py:809} INFO - DAG(s) dict_keys(['latest_only']) retrieved from /home/airflow/.local/lib/python3.7/site-packages/airflow/example_dags/example_latest_only.py
[2024-05-27T16:42:20.376+0000] {logging_mixin.py:149} INFO - [2024-05-27T16:42:20.376+0000] {dag.py:2726} INFO - Sync 1 DAGs
[2024-05-27T16:42:20.389+0000] {logging_mixin.py:149} INFO - [2024-05-27T16:42:20.389+0000] {dag.py:3490} INFO - Setting next_dagrun for latest_only to 2024-05-27T12:42:20.389260+00:00, run_after=2024-05-27T16:42:20.389260+00:00
[2024-05-27T16:42:20.397+0000] {processor.py:178} INFO - Processing /home/airflow/.local/lib/python3.7/site-packages/airflow/example_dags/example_latest_only.py took 0.040 seconds
[2024-05-27T16:42:50.616+0000] {processor.py:156} INFO - Started process (PID=337) to work on /home/airflow/.local/lib/python3.7/site-packages/airflow/example_dags/example_latest_only.py
[2024-05-27T16:42:50.617+0000] {processor.py:799} INFO - Processing file /home/airflow/.local/lib/python3.7/site-packages/airflow/example_dags/example_latest_only.py for tasks to queue
[2024-05-27T16:42:50.617+0000] {logging_mixin.py:149} INFO - [2024-05-27T16:42:50.617+0000] {dagbag.py:541} INFO - Filling up the DagBag from /home/airflow/.local/lib/python3.7/site-packages/airflow/example_dags/example_latest_only.py
[2024-05-27T16:42:50.621+0000] {processor.py:809} INFO - DAG(s) dict_keys(['latest_only']) retrieved from /home/airflow/.local/lib/python3.7/site-packages/airflow/example_dags/example_latest_only.py
[2024-05-27T16:42:50.633+0000] {logging_mixin.py:149} INFO - [2024-05-27T16:42:50.633+0000] {dag.py:2726} INFO - Sync 1 DAGs
[2024-05-27T16:42:50.646+0000] {logging_mixin.py:149} INFO - [2024-05-27T16:42:50.646+0000] {dag.py:3490} INFO - Setting next_dagrun for latest_only to 2024-05-27T12:42:50.645886+00:00, run_after=2024-05-27T16:42:50.645886+00:00
[2024-05-27T16:42:50.654+0000] {processor.py:178} INFO - Processing /home/airflow/.local/lib/python3.7/site-packages/airflow/example_dags/example_latest_only.py took 0.040 seconds
[2024-05-27T16:43:21.421+0000] {processor.py:156} INFO - Started process (PID=397) to work on /home/airflow/.local/lib/python3.7/site-packages/airflow/example_dags/example_latest_only.py
[2024-05-27T16:43:21.422+0000] {processor.py:799} INFO - Processing file /home/airflow/.local/lib/python3.7/site-packages/airflow/example_dags/example_latest_only.py for tasks to queue
[2024-05-27T16:43:21.422+0000] {logging_mixin.py:149} INFO - [2024-05-27T16:43:21.422+0000] {dagbag.py:541} INFO - Filling up the DagBag from /home/airflow/.local/lib/python3.7/site-packages/airflow/example_dags/example_latest_only.py
[2024-05-27T16:43:21.425+0000] {processor.py:809} INFO - DAG(s) dict_keys(['latest_only']) retrieved from /home/airflow/.local/lib/python3.7/site-packages/airflow/example_dags/example_latest_only.py
[2024-05-27T16:43:21.438+0000] {logging_mixin.py:149} INFO - [2024-05-27T16:43:21.438+0000] {dag.py:2726} INFO - Sync 1 DAGs
[2024-05-27T16:43:21.451+0000] {logging_mixin.py:149} INFO - [2024-05-27T16:43:21.451+0000] {dag.py:3490} INFO - Setting next_dagrun for latest_only to 2024-05-27T12:43:21.451549+00:00, run_after=2024-05-27T16:43:21.451549+00:00
[2024-05-27T16:43:21.459+0000] {processor.py:178} INFO - Processing /home/airflow/.local/lib/python3.7/site-packages/airflow/example_dags/example_latest_only.py took 0.041 seconds
[2024-05-27T16:43:52.340+0000] {processor.py:156} INFO - Started process (PID=457) to work on /home/airflow/.local/lib/python3.7/site-packages/airflow/example_dags/example_latest_only.py
[2024-05-27T16:43:52.341+0000] {processor.py:799} INFO - Processing file /home/airflow/.local/lib/python3.7/site-packages/airflow/example_dags/example_latest_only.py for tasks to queue
[2024-05-27T16:43:52.341+0000] {logging_mixin.py:149} INFO - [2024-05-27T16:43:52.341+0000] {dagbag.py:541} INFO - Filling up the DagBag from /home/airflow/.local/lib/python3.7/site-packages/airflow/example_dags/example_latest_only.py
[2024-05-27T16:43:52.346+0000] {processor.py:809} INFO - DAG(s) dict_keys(['latest_only']) retrieved from /home/airflow/.local/lib/python3.7/site-packages/airflow/example_dags/example_latest_only.py
[2024-05-27T16:43:52.361+0000] {logging_mixin.py:149} INFO - [2024-05-27T16:43:52.361+0000] {dag.py:2726} INFO - Sync 1 DAGs
[2024-05-27T16:43:52.376+0000] {logging_mixin.py:149} INFO - [2024-05-27T16:43:52.376+0000] {dag.py:3490} INFO - Setting next_dagrun for latest_only to 2024-05-27T12:43:52.375954+00:00, run_after=2024-05-27T16:43:52.375954+00:00
[2024-05-27T16:43:52.385+0000] {processor.py:178} INFO - Processing /home/airflow/.local/lib/python3.7/site-packages/airflow/example_dags/example_latest_only.py took 0.049 seconds
[2024-05-27T16:44:23.161+0000] {processor.py:156} INFO - Started process (PID=517) to work on /home/airflow/.local/lib/python3.7/site-packages/airflow/example_dags/example_latest_only.py
[2024-05-27T16:44:23.162+0000] {processor.py:799} INFO - Processing file /home/airflow/.local/lib/python3.7/site-packages/airflow/example_dags/example_latest_only.py for tasks to queue
[2024-05-27T16:44:23.162+0000] {logging_mixin.py:149} INFO - [2024-05-27T16:44:23.162+0000] {dagbag.py:541} INFO - Filling up the DagBag from /home/airflow/.local/lib/python3.7/site-packages/airflow/example_dags/example_latest_only.py
[2024-05-27T16:44:23.165+0000] {processor.py:809} INFO - DAG(s) dict_keys(['latest_only']) retrieved from /home/airflow/.local/lib/python3.7/site-packages/airflow/example_dags/example_latest_only.py
[2024-05-27T16:44:23.178+0000] {logging_mixin.py:149} INFO - [2024-05-27T16:44:23.178+0000] {dag.py:2726} INFO - Sync 1 DAGs
[2024-05-27T16:44:23.192+0000] {logging_mixin.py:149} INFO - [2024-05-27T16:44:23.192+0000] {dag.py:3490} INFO - Setting next_dagrun for latest_only to 2024-05-27T12:44:23.191838+00:00, run_after=2024-05-27T16:44:23.191838+00:00
[2024-05-27T16:44:23.202+0000] {processor.py:178} INFO - Processing /home/airflow/.local/lib/python3.7/site-packages/airflow/example_dags/example_latest_only.py took 0.043 seconds
[2024-05-27T16:44:53.302+0000] {processor.py:156} INFO - Started process (PID=577) to work on /home/airflow/.local/lib/python3.7/site-packages/airflow/example_dags/example_latest_only.py
[2024-05-27T16:44:53.303+0000] {processor.py:799} INFO - Processing file /home/airflow/.local/lib/python3.7/site-packages/airflow/example_dags/example_latest_only.py for tasks to queue
[2024-05-27T16:44:53.303+0000] {logging_mixin.py:149} INFO - [2024-05-27T16:44:53.303+0000] {dagbag.py:541} INFO - Filling up the DagBag from /home/airflow/.local/lib/python3.7/site-packages/airflow/example_dags/example_latest_only.py
[2024-05-27T16:44:53.306+0000] {processor.py:809} INFO - DAG(s) dict_keys(['latest_only']) retrieved from /home/airflow/.local/lib/python3.7/site-packages/airflow/example_dags/example_latest_only.py
[2024-05-27T16:44:53.318+0000] {logging_mixin.py:149} INFO - [2024-05-27T16:44:53.318+0000] {dag.py:2726} INFO - Sync 1 DAGs
[2024-05-27T16:44:53.330+0000] {logging_mixin.py:149} INFO - [2024-05-27T16:44:53.330+0000] {dag.py:3490} INFO - Setting next_dagrun for latest_only to 2024-05-27T12:44:53.330499+00:00, run_after=2024-05-27T16:44:53.330499+00:00
[2024-05-27T16:44:53.339+0000] {processor.py:178} INFO - Processing /home/airflow/.local/lib/python3.7/site-packages/airflow/example_dags/example_latest_only.py took 0.039 seconds
[2024-05-27T16:45:24.284+0000] {processor.py:156} INFO - Started process (PID=637) to work on /home/airflow/.local/lib/python3.7/site-packages/airflow/example_dags/example_latest_only.py
[2024-05-27T16:45:24.285+0000] {processor.py:799} INFO - Processing file /home/airflow/.local/lib/python3.7/site-packages/airflow/example_dags/example_latest_only.py for tasks to queue
[2024-05-27T16:45:24.285+0000] {logging_mixin.py:149} INFO - [2024-05-27T16:45:24.285+0000] {dagbag.py:541} INFO - Filling up the DagBag from /home/airflow/.local/lib/python3.7/site-packages/airflow/example_dags/example_latest_only.py
[2024-05-27T16:45:24.288+0000] {processor.py:809} INFO - DAG(s) dict_keys(['latest_only']) retrieved from /home/airflow/.local/lib/python3.7/site-packages/airflow/example_dags/example_latest_only.py
[2024-05-27T16:45:24.300+0000] {logging_mixin.py:149} INFO - [2024-05-27T16:45:24.300+0000] {dag.py:2726} INFO - Sync 1 DAGs
[2024-05-27T16:45:24.313+0000] {logging_mixin.py:149} INFO - [2024-05-27T16:45:24.312+0000] {dag.py:3490} INFO - Setting next_dagrun for latest_only to 2024-05-27T12:45:24.312856+00:00, run_after=2024-05-27T16:45:24.312856+00:00
[2024-05-27T16:45:24.321+0000] {processor.py:178} INFO - Processing /home/airflow/.local/lib/python3.7/site-packages/airflow/example_dags/example_latest_only.py took 0.039 seconds
[2024-05-27T16:45:55.049+0000] {processor.py:156} INFO - Started process (PID=697) to work on /home/airflow/.local/lib/python3.7/site-packages/airflow/example_dags/example_latest_only.py
[2024-05-27T16:45:55.050+0000] {processor.py:799} INFO - Processing file /home/airflow/.local/lib/python3.7/site-packages/airflow/example_dags/example_latest_only.py for tasks to queue
[2024-05-27T16:45:55.050+0000] {logging_mixin.py:149} INFO - [2024-05-27T16:45:55.050+0000] {dagbag.py:541} INFO - Filling up the DagBag from /home/airflow/.local/lib/python3.7/site-packages/airflow/example_dags/example_latest_only.py
[2024-05-27T16:45:55.055+0000] {processor.py:809} INFO - DAG(s) dict_keys(['latest_only']) retrieved from /home/airflow/.local/lib/python3.7/site-packages/airflow/example_dags/example_latest_only.py
[2024-05-27T16:45:55.068+0000] {logging_mixin.py:149} INFO - [2024-05-27T16:45:55.067+0000] {dag.py:2726} INFO - Sync 1 DAGs
[2024-05-27T16:45:55.080+0000] {logging_mixin.py:149} INFO - [2024-05-27T16:45:55.079+0000] {dag.py:3490} INFO - Setting next_dagrun for latest_only to 2024-05-27T12:45:55.079825+00:00, run_after=2024-05-27T16:45:55.079825+00:00
[2024-05-27T16:45:55.088+0000] {processor.py:178} INFO - Processing /home/airflow/.local/lib/python3.7/site-packages/airflow/example_dags/example_latest_only.py took 0.041 seconds
[2024-05-27T16:46:25.206+0000] {processor.py:156} INFO - Started process (PID=757) to work on /home/airflow/.local/lib/python3.7/site-packages/airflow/example_dags/example_latest_only.py
[2024-05-27T16:46:25.206+0000] {processor.py:799} INFO - Processing file /home/airflow/.local/lib/python3.7/site-packages/airflow/example_dags/example_latest_only.py for tasks to queue
[2024-05-27T16:46:25.207+0000] {logging_mixin.py:149} INFO - [2024-05-27T16:46:25.206+0000] {dagbag.py:541} INFO - Filling up the DagBag from /home/airflow/.local/lib/python3.7/site-packages/airflow/example_dags/example_latest_only.py
[2024-05-27T16:46:25.210+0000] {processor.py:809} INFO - DAG(s) dict_keys(['latest_only']) retrieved from /home/airflow/.local/lib/python3.7/site-packages/airflow/example_dags/example_latest_only.py
[2024-05-27T16:46:25.223+0000] {logging_mixin.py:149} INFO - [2024-05-27T16:46:25.223+0000] {dag.py:2726} INFO - Sync 1 DAGs
[2024-05-27T16:46:25.235+0000] {logging_mixin.py:149} INFO - [2024-05-27T16:46:25.235+0000] {dag.py:3490} INFO - Setting next_dagrun for latest_only to 2024-05-27T12:46:25.235146+00:00, run_after=2024-05-27T16:46:25.235146+00:00
[2024-05-27T16:46:25.244+0000] {processor.py:178} INFO - Processing /home/airflow/.local/lib/python3.7/site-packages/airflow/example_dags/example_latest_only.py took 0.040 seconds
[2024-05-27T16:46:56.089+0000] {processor.py:156} INFO - Started process (PID=817) to work on /home/airflow/.local/lib/python3.7/site-packages/airflow/example_dags/example_latest_only.py
[2024-05-27T16:46:56.089+0000] {processor.py:799} INFO - Processing file /home/airflow/.local/lib/python3.7/site-packages/airflow/example_dags/example_latest_only.py for tasks to queue
[2024-05-27T16:46:56.090+0000] {logging_mixin.py:149} INFO - [2024-05-27T16:46:56.090+0000] {dagbag.py:541} INFO - Filling up the DagBag from /home/airflow/.local/lib/python3.7/site-packages/airflow/example_dags/example_latest_only.py
[2024-05-27T16:46:56.094+0000] {processor.py:809} INFO - DAG(s) dict_keys(['latest_only']) retrieved from /home/airflow/.local/lib/python3.7/site-packages/airflow/example_dags/example_latest_only.py
[2024-05-27T16:46:56.116+0000] {logging_mixin.py:149} INFO - [2024-05-27T16:46:56.116+0000] {dag.py:2726} INFO - Sync 1 DAGs
[2024-05-27T16:46:56.131+0000] {logging_mixin.py:149} INFO - [2024-05-27T16:46:56.131+0000] {dag.py:3490} INFO - Setting next_dagrun for latest_only to 2024-05-27T12:46:56.130928+00:00, run_after=2024-05-27T16:46:56.130928+00:00
[2024-05-27T16:46:56.139+0000] {processor.py:178} INFO - Processing /home/airflow/.local/lib/python3.7/site-packages/airflow/example_dags/example_latest_only.py took 0.053 seconds
[2024-05-27T16:47:26.906+0000] {processor.py:156} INFO - Started process (PID=877) to work on /home/airflow/.local/lib/python3.7/site-packages/airflow/example_dags/example_latest_only.py
[2024-05-27T16:47:26.906+0000] {processor.py:799} INFO - Processing file /home/airflow/.local/lib/python3.7/site-packages/airflow/example_dags/example_latest_only.py for tasks to queue
[2024-05-27T16:47:26.906+0000] {logging_mixin.py:149} INFO - [2024-05-27T16:47:26.906+0000] {dagbag.py:541} INFO - Filling up the DagBag from /home/airflow/.local/lib/python3.7/site-packages/airflow/example_dags/example_latest_only.py
[2024-05-27T16:47:26.910+0000] {processor.py:809} INFO - DAG(s) dict_keys(['latest_only']) retrieved from /home/airflow/.local/lib/python3.7/site-packages/airflow/example_dags/example_latest_only.py
[2024-05-27T16:47:26.922+0000] {logging_mixin.py:149} INFO - [2024-05-27T16:47:26.922+0000] {dag.py:2726} INFO - Sync 1 DAGs
[2024-05-27T16:47:26.934+0000] {logging_mixin.py:149} INFO - [2024-05-27T16:47:26.934+0000] {dag.py:3490} INFO - Setting next_dagrun for latest_only to 2024-05-27T12:47:26.934432+00:00, run_after=2024-05-27T16:47:26.934432+00:00
[2024-05-27T16:47:26.942+0000] {processor.py:178} INFO - Processing /home/airflow/.local/lib/python3.7/site-packages/airflow/example_dags/example_latest_only.py took 0.039 seconds
[2024-05-27T16:47:57.686+0000] {processor.py:156} INFO - Started process (PID=937) to work on /home/airflow/.local/lib/python3.7/site-packages/airflow/example_dags/example_latest_only.py
[2024-05-27T16:47:57.687+0000] {processor.py:799} INFO - Processing file /home/airflow/.local/lib/python3.7/site-packages/airflow/example_dags/example_latest_only.py for tasks to queue
[2024-05-27T16:47:57.687+0000] {logging_mixin.py:149} INFO - [2024-05-27T16:47:57.687+0000] {dagbag.py:541} INFO - Filling up the DagBag from /home/airflow/.local/lib/python3.7/site-packages/airflow/example_dags/example_latest_only.py
[2024-05-27T16:47:57.691+0000] {processor.py:809} INFO - DAG(s) dict_keys(['latest_only']) retrieved from /home/airflow/.local/lib/python3.7/site-packages/airflow/example_dags/example_latest_only.py
[2024-05-27T16:47:57.703+0000] {logging_mixin.py:149} INFO - [2024-05-27T16:47:57.703+0000] {dag.py:2726} INFO - Sync 1 DAGs
[2024-05-27T16:47:57.715+0000] {logging_mixin.py:149} INFO - [2024-05-27T16:47:57.715+0000] {dag.py:3490} INFO - Setting next_dagrun for latest_only to 2024-05-27T12:47:57.715445+00:00, run_after=2024-05-27T16:47:57.715445+00:00
[2024-05-27T16:47:57.724+0000] {processor.py:178} INFO - Processing /home/airflow/.local/lib/python3.7/site-packages/airflow/example_dags/example_latest_only.py took 0.040 seconds
[2024-05-27T16:48:28.493+0000] {processor.py:156} INFO - Started process (PID=997) to work on /home/airflow/.local/lib/python3.7/site-packages/airflow/example_dags/example_latest_only.py
[2024-05-27T16:48:28.494+0000] {processor.py:799} INFO - Processing file /home/airflow/.local/lib/python3.7/site-packages/airflow/example_dags/example_latest_only.py for tasks to queue
[2024-05-27T16:48:28.494+0000] {logging_mixin.py:149} INFO - [2024-05-27T16:48:28.494+0000] {dagbag.py:541} INFO - Filling up the DagBag from /home/airflow/.local/lib/python3.7/site-packages/airflow/example_dags/example_latest_only.py
[2024-05-27T16:48:28.498+0000] {processor.py:809} INFO - DAG(s) dict_keys(['latest_only']) retrieved from /home/airflow/.local/lib/python3.7/site-packages/airflow/example_dags/example_latest_only.py
[2024-05-27T16:48:28.511+0000] {logging_mixin.py:149} INFO - [2024-05-27T16:48:28.510+0000] {dag.py:2726} INFO - Sync 1 DAGs
[2024-05-27T16:48:28.523+0000] {logging_mixin.py:149} INFO - [2024-05-27T16:48:28.522+0000] {dag.py:3490} INFO - Setting next_dagrun for latest_only to 2024-05-27T12:48:28.522832+00:00, run_after=2024-05-27T16:48:28.522832+00:00
[2024-05-27T16:48:28.531+0000] {processor.py:178} INFO - Processing /home/airflow/.local/lib/python3.7/site-packages/airflow/example_dags/example_latest_only.py took 0.039 seconds
[2024-05-27T16:48:59.159+0000] {processor.py:156} INFO - Started process (PID=1057) to work on /home/airflow/.local/lib/python3.7/site-packages/airflow/example_dags/example_latest_only.py
[2024-05-27T16:48:59.159+0000] {processor.py:799} INFO - Processing file /home/airflow/.local/lib/python3.7/site-packages/airflow/example_dags/example_latest_only.py for tasks to queue
[2024-05-27T16:48:59.160+0000] {logging_mixin.py:149} INFO - [2024-05-27T16:48:59.160+0000] {dagbag.py:541} INFO - Filling up the DagBag from /home/airflow/.local/lib/python3.7/site-packages/airflow/example_dags/example_latest_only.py
[2024-05-27T16:48:59.163+0000] {processor.py:809} INFO - DAG(s) dict_keys(['latest_only']) retrieved from /home/airflow/.local/lib/python3.7/site-packages/airflow/example_dags/example_latest_only.py
[2024-05-27T16:48:59.176+0000] {logging_mixin.py:149} INFO - [2024-05-27T16:48:59.175+0000] {dag.py:2726} INFO - Sync 1 DAGs
[2024-05-27T16:48:59.188+0000] {logging_mixin.py:149} INFO - [2024-05-27T16:48:59.188+0000] {dag.py:3490} INFO - Setting next_dagrun for latest_only to 2024-05-27T12:48:59.188239+00:00, run_after=2024-05-27T16:48:59.188239+00:00
[2024-05-27T16:48:59.196+0000] {processor.py:178} INFO - Processing /home/airflow/.local/lib/python3.7/site-packages/airflow/example_dags/example_latest_only.py took 0.039 seconds
[2024-05-27T16:50:02.234+0000] {processor.py:156} INFO - Started process (PID=1117) to work on /home/airflow/.local/lib/python3.7/site-packages/airflow/example_dags/example_latest_only.py
[2024-05-27T16:50:02.234+0000] {processor.py:799} INFO - Processing file /home/airflow/.local/lib/python3.7/site-packages/airflow/example_dags/example_latest_only.py for tasks to queue
[2024-05-27T16:50:02.235+0000] {logging_mixin.py:149} INFO - [2024-05-27T16:50:02.235+0000] {dagbag.py:541} INFO - Filling up the DagBag from /home/airflow/.local/lib/python3.7/site-packages/airflow/example_dags/example_latest_only.py
[2024-05-27T16:50:02.238+0000] {processor.py:809} INFO - DAG(s) dict_keys(['latest_only']) retrieved from /home/airflow/.local/lib/python3.7/site-packages/airflow/example_dags/example_latest_only.py
[2024-05-27T16:50:02.252+0000] {logging_mixin.py:149} INFO - [2024-05-27T16:50:02.252+0000] {dag.py:2726} INFO - Sync 1 DAGs
[2024-05-27T16:50:02.264+0000] {logging_mixin.py:149} INFO - [2024-05-27T16:50:02.264+0000] {dag.py:3490} INFO - Setting next_dagrun for latest_only to 2024-05-27T12:50:02.264523+00:00, run_after=2024-05-27T16:50:02.264523+00:00
[2024-05-27T16:50:02.273+0000] {processor.py:178} INFO - Processing /home/airflow/.local/lib/python3.7/site-packages/airflow/example_dags/example_latest_only.py took 0.042 seconds
[2024-05-27T16:50:32.391+0000] {processor.py:156} INFO - Started process (PID=1178) to work on /home/airflow/.local/lib/python3.7/site-packages/airflow/example_dags/example_latest_only.py
[2024-05-27T16:50:32.392+0000] {processor.py:799} INFO - Processing file /home/airflow/.local/lib/python3.7/site-packages/airflow/example_dags/example_latest_only.py for tasks to queue
[2024-05-27T16:50:32.392+0000] {logging_mixin.py:149} INFO - [2024-05-27T16:50:32.392+0000] {dagbag.py:541} INFO - Filling up the DagBag from /home/airflow/.local/lib/python3.7/site-packages/airflow/example_dags/example_latest_only.py
[2024-05-27T16:50:32.396+0000] {processor.py:809} INFO - DAG(s) dict_keys(['latest_only']) retrieved from /home/airflow/.local/lib/python3.7/site-packages/airflow/example_dags/example_latest_only.py
[2024-05-27T16:50:32.409+0000] {logging_mixin.py:149} INFO - [2024-05-27T16:50:32.409+0000] {dag.py:2726} INFO - Sync 1 DAGs
[2024-05-27T16:50:32.422+0000] {logging_mixin.py:149} INFO - [2024-05-27T16:50:32.421+0000] {dag.py:3490} INFO - Setting next_dagrun for latest_only to 2024-05-27T12:50:32.421792+00:00, run_after=2024-05-27T16:50:32.421792+00:00
[2024-05-27T16:50:32.430+0000] {processor.py:178} INFO - Processing /home/airflow/.local/lib/python3.7/site-packages/airflow/example_dags/example_latest_only.py took 0.040 seconds
[2024-05-27T16:51:02.534+0000] {processor.py:156} INFO - Started process (PID=1239) to work on /home/airflow/.local/lib/python3.7/site-packages/airflow/example_dags/example_latest_only.py
[2024-05-27T16:51:02.534+0000] {processor.py:799} INFO - Processing file /home/airflow/.local/lib/python3.7/site-packages/airflow/example_dags/example_latest_only.py for tasks to queue
[2024-05-27T16:51:02.535+0000] {logging_mixin.py:149} INFO - [2024-05-27T16:51:02.535+0000] {dagbag.py:541} INFO - Filling up the DagBag from /home/airflow/.local/lib/python3.7/site-packages/airflow/example_dags/example_latest_only.py
[2024-05-27T16:51:02.538+0000] {processor.py:809} INFO - DAG(s) dict_keys(['latest_only']) retrieved from /home/airflow/.local/lib/python3.7/site-packages/airflow/example_dags/example_latest_only.py
[2024-05-27T16:51:02.549+0000] {logging_mixin.py:149} INFO - [2024-05-27T16:51:02.549+0000] {dag.py:2726} INFO - Sync 1 DAGs
[2024-05-27T16:51:02.561+0000] {logging_mixin.py:149} INFO - [2024-05-27T16:51:02.561+0000] {dag.py:3490} INFO - Setting next_dagrun for latest_only to 2024-05-27T12:51:02.561073+00:00, run_after=2024-05-27T16:51:02.561073+00:00
[2024-05-27T16:51:02.569+0000] {processor.py:178} INFO - Processing /home/airflow/.local/lib/python3.7/site-packages/airflow/example_dags/example_latest_only.py took 0.037 seconds
[2024-05-27T16:51:32.725+0000] {processor.py:156} INFO - Started process (PID=1300) to work on /home/airflow/.local/lib/python3.7/site-packages/airflow/example_dags/example_latest_only.py
[2024-05-27T16:51:32.726+0000] {processor.py:799} INFO - Processing file /home/airflow/.local/lib/python3.7/site-packages/airflow/example_dags/example_latest_only.py for tasks to queue
[2024-05-27T16:51:32.726+0000] {logging_mixin.py:149} INFO - [2024-05-27T16:51:32.726+0000] {dagbag.py:541} INFO - Filling up the DagBag from /home/airflow/.local/lib/python3.7/site-packages/airflow/example_dags/example_latest_only.py
[2024-05-27T16:51:32.730+0000] {processor.py:809} INFO - DAG(s) dict_keys(['latest_only']) retrieved from /home/airflow/.local/lib/python3.7/site-packages/airflow/example_dags/example_latest_only.py
[2024-05-27T16:51:32.742+0000] {logging_mixin.py:149} INFO - [2024-05-27T16:51:32.742+0000] {dag.py:2726} INFO - Sync 1 DAGs
[2024-05-27T16:51:32.755+0000] {logging_mixin.py:149} INFO - [2024-05-27T16:51:32.754+0000] {dag.py:3490} INFO - Setting next_dagrun for latest_only to 2024-05-27T12:51:32.754741+00:00, run_after=2024-05-27T16:51:32.754741+00:00
[2024-05-27T16:51:32.763+0000] {processor.py:178} INFO - Processing /home/airflow/.local/lib/python3.7/site-packages/airflow/example_dags/example_latest_only.py took 0.040 seconds
[2024-05-27T16:52:06.468+0000] {processor.py:156} INFO - Started process (PID=1378) to work on /home/airflow/.local/lib/python3.7/site-packages/airflow/example_dags/example_latest_only.py
[2024-05-27T16:52:06.471+0000] {processor.py:799} INFO - Processing file /home/airflow/.local/lib/python3.7/site-packages/airflow/example_dags/example_latest_only.py for tasks to queue
[2024-05-27T16:52:06.473+0000] {logging_mixin.py:149} INFO - [2024-05-27T16:52:06.473+0000] {dagbag.py:541} INFO - Filling up the DagBag from /home/airflow/.local/lib/python3.7/site-packages/airflow/example_dags/example_latest_only.py
[2024-05-27T16:52:06.498+0000] {processor.py:809} INFO - DAG(s) dict_keys(['latest_only']) retrieved from /home/airflow/.local/lib/python3.7/site-packages/airflow/example_dags/example_latest_only.py
[2024-05-27T16:52:06.723+0000] {logging_mixin.py:149} INFO - [2024-05-27T16:52:06.722+0000] {dag.py:2726} INFO - Sync 1 DAGs
[2024-05-27T16:52:06.819+0000] {logging_mixin.py:149} INFO - [2024-05-27T16:52:06.819+0000] {dag.py:3490} INFO - Setting next_dagrun for latest_only to 2024-05-27T12:52:06.818062+00:00, run_after=2024-05-27T16:52:06.818062+00:00
[2024-05-27T16:52:06.882+0000] {processor.py:178} INFO - Processing /home/airflow/.local/lib/python3.7/site-packages/airflow/example_dags/example_latest_only.py took 0.424 seconds
