[2024-05-27T16:40:19.016+0000] {processor.py:156} INFO - Started process (PID=34) to work on /home/airflow/.local/lib/python3.7/site-packages/airflow/example_dags/example_dag_decorator.py
[2024-05-27T16:40:19.017+0000] {processor.py:799} INFO - Processing file /home/airflow/.local/lib/python3.7/site-packages/airflow/example_dags/example_dag_decorator.py for tasks to queue
[2024-05-27T16:40:19.017+0000] {logging_mixin.py:149} INFO - [2024-05-27T16:40:19.017+0000] {dagbag.py:541} INFO - Filling up the DagBag from /home/airflow/.local/lib/python3.7/site-packages/airflow/example_dags/example_dag_decorator.py
[2024-05-27T16:40:19.021+0000] {logging_mixin.py:149} INFO - [2024-05-27T16:40:19.021+0000] {taskmixin.py:211} WARNING - Dependency <Task(_PythonDecoratedOperator): prepare_email>, send_email already registered for DAG: example_dag_decorator
[2024-05-27T16:40:19.021+0000] {logging_mixin.py:149} INFO - [2024-05-27T16:40:19.021+0000] {taskmixin.py:211} WARNING - Dependency <Task(EmailOperator): send_email>, prepare_email already registered for DAG: example_dag_decorator
[2024-05-27T16:40:19.030+0000] {processor.py:809} INFO - DAG(s) dict_keys(['example_dag_decorator']) retrieved from /home/airflow/.local/lib/python3.7/site-packages/airflow/example_dags/example_dag_decorator.py
[2024-05-27T16:40:19.097+0000] {logging_mixin.py:149} INFO - [2024-05-27T16:40:19.097+0000] {manager.py:504} INFO - Created Permission View: can delete on DAG:example_dag_decorator
[2024-05-27T16:40:19.102+0000] {logging_mixin.py:149} INFO - [2024-05-27T16:40:19.102+0000] {manager.py:504} INFO - Created Permission View: can read on DAG:example_dag_decorator
[2024-05-27T16:40:19.105+0000] {logging_mixin.py:149} INFO - [2024-05-27T16:40:19.105+0000] {manager.py:504} INFO - Created Permission View: can edit on DAG:example_dag_decorator
[2024-05-27T16:40:19.106+0000] {logging_mixin.py:149} INFO - [2024-05-27T16:40:19.106+0000] {dag.py:2726} INFO - Sync 1 DAGs
[2024-05-27T16:40:19.115+0000] {logging_mixin.py:149} INFO - [2024-05-27T16:40:19.115+0000] {dag.py:2747} INFO - Creating ORM DAG for example_dag_decorator
[2024-05-27T16:40:19.125+0000] {logging_mixin.py:149} INFO - [2024-05-27T16:40:19.125+0000] {dag.py:3490} INFO - Setting next_dagrun for example_dag_decorator to None, run_after=None
[2024-05-27T16:40:19.148+0000] {processor.py:178} INFO - Processing /home/airflow/.local/lib/python3.7/site-packages/airflow/example_dags/example_dag_decorator.py took 0.134 seconds
[2024-05-27T16:40:49.603+0000] {processor.py:156} INFO - Started process (PID=94) to work on /home/airflow/.local/lib/python3.7/site-packages/airflow/example_dags/example_dag_decorator.py
[2024-05-27T16:40:49.604+0000] {processor.py:799} INFO - Processing file /home/airflow/.local/lib/python3.7/site-packages/airflow/example_dags/example_dag_decorator.py for tasks to queue
[2024-05-27T16:40:49.604+0000] {logging_mixin.py:149} INFO - [2024-05-27T16:40:49.604+0000] {dagbag.py:541} INFO - Filling up the DagBag from /home/airflow/.local/lib/python3.7/site-packages/airflow/example_dags/example_dag_decorator.py
[2024-05-27T16:40:49.609+0000] {logging_mixin.py:149} INFO - [2024-05-27T16:40:49.609+0000] {taskmixin.py:211} WARNING - Dependency <Task(_PythonDecoratedOperator): prepare_email>, send_email already registered for DAG: example_dag_decorator
[2024-05-27T16:40:49.609+0000] {logging_mixin.py:149} INFO - [2024-05-27T16:40:49.609+0000] {taskmixin.py:211} WARNING - Dependency <Task(EmailOperator): send_email>, prepare_email already registered for DAG: example_dag_decorator
[2024-05-27T16:40:49.617+0000] {processor.py:809} INFO - DAG(s) dict_keys(['example_dag_decorator']) retrieved from /home/airflow/.local/lib/python3.7/site-packages/airflow/example_dags/example_dag_decorator.py
[2024-05-27T16:40:49.690+0000] {logging_mixin.py:149} INFO - [2024-05-27T16:40:49.690+0000] {dag.py:2726} INFO - Sync 1 DAGs
[2024-05-27T16:40:49.705+0000] {logging_mixin.py:149} INFO - [2024-05-27T16:40:49.705+0000] {dag.py:3490} INFO - Setting next_dagrun for example_dag_decorator to None, run_after=None
[2024-05-27T16:40:49.717+0000] {processor.py:178} INFO - Processing /home/airflow/.local/lib/python3.7/site-packages/airflow/example_dags/example_dag_decorator.py took 0.117 seconds
[2024-05-27T16:41:19.825+0000] {processor.py:156} INFO - Started process (PID=154) to work on /home/airflow/.local/lib/python3.7/site-packages/airflow/example_dags/example_dag_decorator.py
[2024-05-27T16:41:19.826+0000] {processor.py:799} INFO - Processing file /home/airflow/.local/lib/python3.7/site-packages/airflow/example_dags/example_dag_decorator.py for tasks to queue
[2024-05-27T16:41:19.826+0000] {logging_mixin.py:149} INFO - [2024-05-27T16:41:19.826+0000] {dagbag.py:541} INFO - Filling up the DagBag from /home/airflow/.local/lib/python3.7/site-packages/airflow/example_dags/example_dag_decorator.py
[2024-05-27T16:41:19.831+0000] {logging_mixin.py:149} INFO - [2024-05-27T16:41:19.831+0000] {taskmixin.py:211} WARNING - Dependency <Task(_PythonDecoratedOperator): prepare_email>, send_email already registered for DAG: example_dag_decorator
[2024-05-27T16:41:19.831+0000] {logging_mixin.py:149} INFO - [2024-05-27T16:41:19.831+0000] {taskmixin.py:211} WARNING - Dependency <Task(EmailOperator): send_email>, prepare_email already registered for DAG: example_dag_decorator
[2024-05-27T16:41:19.837+0000] {processor.py:809} INFO - DAG(s) dict_keys(['example_dag_decorator']) retrieved from /home/airflow/.local/lib/python3.7/site-packages/airflow/example_dags/example_dag_decorator.py
[2024-05-27T16:41:19.878+0000] {logging_mixin.py:149} INFO - [2024-05-27T16:41:19.878+0000] {dag.py:2726} INFO - Sync 1 DAGs
[2024-05-27T16:41:19.898+0000] {logging_mixin.py:149} INFO - [2024-05-27T16:41:19.898+0000] {dag.py:3490} INFO - Setting next_dagrun for example_dag_decorator to None, run_after=None
[2024-05-27T16:41:19.911+0000] {processor.py:178} INFO - Processing /home/airflow/.local/lib/python3.7/site-packages/airflow/example_dags/example_dag_decorator.py took 0.088 seconds
[2024-05-27T16:41:49.971+0000] {processor.py:156} INFO - Started process (PID=214) to work on /home/airflow/.local/lib/python3.7/site-packages/airflow/example_dags/example_dag_decorator.py
[2024-05-27T16:41:49.971+0000] {processor.py:799} INFO - Processing file /home/airflow/.local/lib/python3.7/site-packages/airflow/example_dags/example_dag_decorator.py for tasks to queue
[2024-05-27T16:41:49.972+0000] {logging_mixin.py:149} INFO - [2024-05-27T16:41:49.972+0000] {dagbag.py:541} INFO - Filling up the DagBag from /home/airflow/.local/lib/python3.7/site-packages/airflow/example_dags/example_dag_decorator.py
[2024-05-27T16:41:49.976+0000] {logging_mixin.py:149} INFO - [2024-05-27T16:41:49.975+0000] {taskmixin.py:211} WARNING - Dependency <Task(_PythonDecoratedOperator): prepare_email>, send_email already registered for DAG: example_dag_decorator
[2024-05-27T16:41:49.976+0000] {logging_mixin.py:149} INFO - [2024-05-27T16:41:49.976+0000] {taskmixin.py:211} WARNING - Dependency <Task(EmailOperator): send_email>, prepare_email already registered for DAG: example_dag_decorator
[2024-05-27T16:41:49.982+0000] {processor.py:809} INFO - DAG(s) dict_keys(['example_dag_decorator']) retrieved from /home/airflow/.local/lib/python3.7/site-packages/airflow/example_dags/example_dag_decorator.py
[2024-05-27T16:41:50.018+0000] {logging_mixin.py:149} INFO - [2024-05-27T16:41:50.017+0000] {dag.py:2726} INFO - Sync 1 DAGs
[2024-05-27T16:41:50.029+0000] {logging_mixin.py:149} INFO - [2024-05-27T16:41:50.029+0000] {dag.py:3490} INFO - Setting next_dagrun for example_dag_decorator to None, run_after=None
[2024-05-27T16:41:50.040+0000] {processor.py:178} INFO - Processing /home/airflow/.local/lib/python3.7/site-packages/airflow/example_dags/example_dag_decorator.py took 0.072 seconds
[2024-05-27T16:42:20.273+0000] {processor.py:156} INFO - Started process (PID=274) to work on /home/airflow/.local/lib/python3.7/site-packages/airflow/example_dags/example_dag_decorator.py
[2024-05-27T16:42:20.274+0000] {processor.py:799} INFO - Processing file /home/airflow/.local/lib/python3.7/site-packages/airflow/example_dags/example_dag_decorator.py for tasks to queue
[2024-05-27T16:42:20.275+0000] {logging_mixin.py:149} INFO - [2024-05-27T16:42:20.275+0000] {dagbag.py:541} INFO - Filling up the DagBag from /home/airflow/.local/lib/python3.7/site-packages/airflow/example_dags/example_dag_decorator.py
[2024-05-27T16:42:20.279+0000] {logging_mixin.py:149} INFO - [2024-05-27T16:42:20.279+0000] {taskmixin.py:211} WARNING - Dependency <Task(_PythonDecoratedOperator): prepare_email>, send_email already registered for DAG: example_dag_decorator
[2024-05-27T16:42:20.279+0000] {logging_mixin.py:149} INFO - [2024-05-27T16:42:20.279+0000] {taskmixin.py:211} WARNING - Dependency <Task(EmailOperator): send_email>, prepare_email already registered for DAG: example_dag_decorator
[2024-05-27T16:42:20.285+0000] {processor.py:809} INFO - DAG(s) dict_keys(['example_dag_decorator']) retrieved from /home/airflow/.local/lib/python3.7/site-packages/airflow/example_dags/example_dag_decorator.py
[2024-05-27T16:42:20.324+0000] {logging_mixin.py:149} INFO - [2024-05-27T16:42:20.324+0000] {dag.py:2726} INFO - Sync 1 DAGs
[2024-05-27T16:42:20.337+0000] {logging_mixin.py:149} INFO - [2024-05-27T16:42:20.337+0000] {dag.py:3490} INFO - Setting next_dagrun for example_dag_decorator to None, run_after=None
[2024-05-27T16:42:20.347+0000] {processor.py:178} INFO - Processing /home/airflow/.local/lib/python3.7/site-packages/airflow/example_dags/example_dag_decorator.py took 0.076 seconds
[2024-05-27T16:42:50.539+0000] {processor.py:156} INFO - Started process (PID=334) to work on /home/airflow/.local/lib/python3.7/site-packages/airflow/example_dags/example_dag_decorator.py
[2024-05-27T16:42:50.540+0000] {processor.py:799} INFO - Processing file /home/airflow/.local/lib/python3.7/site-packages/airflow/example_dags/example_dag_decorator.py for tasks to queue
[2024-05-27T16:42:50.540+0000] {logging_mixin.py:149} INFO - [2024-05-27T16:42:50.540+0000] {dagbag.py:541} INFO - Filling up the DagBag from /home/airflow/.local/lib/python3.7/site-packages/airflow/example_dags/example_dag_decorator.py
[2024-05-27T16:42:50.544+0000] {logging_mixin.py:149} INFO - [2024-05-27T16:42:50.544+0000] {taskmixin.py:211} WARNING - Dependency <Task(_PythonDecoratedOperator): prepare_email>, send_email already registered for DAG: example_dag_decorator
[2024-05-27T16:42:50.544+0000] {logging_mixin.py:149} INFO - [2024-05-27T16:42:50.544+0000] {taskmixin.py:211} WARNING - Dependency <Task(EmailOperator): send_email>, prepare_email already registered for DAG: example_dag_decorator
[2024-05-27T16:42:50.550+0000] {processor.py:809} INFO - DAG(s) dict_keys(['example_dag_decorator']) retrieved from /home/airflow/.local/lib/python3.7/site-packages/airflow/example_dags/example_dag_decorator.py
[2024-05-27T16:42:50.584+0000] {logging_mixin.py:149} INFO - [2024-05-27T16:42:50.584+0000] {dag.py:2726} INFO - Sync 1 DAGs
[2024-05-27T16:42:50.595+0000] {logging_mixin.py:149} INFO - [2024-05-27T16:42:50.595+0000] {dag.py:3490} INFO - Setting next_dagrun for example_dag_decorator to None, run_after=None
[2024-05-27T16:42:50.604+0000] {processor.py:178} INFO - Processing /home/airflow/.local/lib/python3.7/site-packages/airflow/example_dags/example_dag_decorator.py took 0.067 seconds
[2024-05-27T16:43:21.307+0000] {processor.py:156} INFO - Started process (PID=394) to work on /home/airflow/.local/lib/python3.7/site-packages/airflow/example_dags/example_dag_decorator.py
[2024-05-27T16:43:21.307+0000] {processor.py:799} INFO - Processing file /home/airflow/.local/lib/python3.7/site-packages/airflow/example_dags/example_dag_decorator.py for tasks to queue
[2024-05-27T16:43:21.308+0000] {logging_mixin.py:149} INFO - [2024-05-27T16:43:21.308+0000] {dagbag.py:541} INFO - Filling up the DagBag from /home/airflow/.local/lib/python3.7/site-packages/airflow/example_dags/example_dag_decorator.py
[2024-05-27T16:43:21.312+0000] {logging_mixin.py:149} INFO - [2024-05-27T16:43:21.312+0000] {taskmixin.py:211} WARNING - Dependency <Task(_PythonDecoratedOperator): prepare_email>, send_email already registered for DAG: example_dag_decorator
[2024-05-27T16:43:21.312+0000] {logging_mixin.py:149} INFO - [2024-05-27T16:43:21.312+0000] {taskmixin.py:211} WARNING - Dependency <Task(EmailOperator): send_email>, prepare_email already registered for DAG: example_dag_decorator
[2024-05-27T16:43:21.318+0000] {processor.py:809} INFO - DAG(s) dict_keys(['example_dag_decorator']) retrieved from /home/airflow/.local/lib/python3.7/site-packages/airflow/example_dags/example_dag_decorator.py
[2024-05-27T16:43:21.351+0000] {logging_mixin.py:149} INFO - [2024-05-27T16:43:21.351+0000] {dag.py:2726} INFO - Sync 1 DAGs
[2024-05-27T16:43:21.363+0000] {logging_mixin.py:149} INFO - [2024-05-27T16:43:21.363+0000] {dag.py:3490} INFO - Setting next_dagrun for example_dag_decorator to None, run_after=None
[2024-05-27T16:43:21.373+0000] {processor.py:178} INFO - Processing /home/airflow/.local/lib/python3.7/site-packages/airflow/example_dags/example_dag_decorator.py took 0.068 seconds
[2024-05-27T16:43:52.200+0000] {processor.py:156} INFO - Started process (PID=454) to work on /home/airflow/.local/lib/python3.7/site-packages/airflow/example_dags/example_dag_decorator.py
[2024-05-27T16:43:52.201+0000] {processor.py:799} INFO - Processing file /home/airflow/.local/lib/python3.7/site-packages/airflow/example_dags/example_dag_decorator.py for tasks to queue
[2024-05-27T16:43:52.202+0000] {logging_mixin.py:149} INFO - [2024-05-27T16:43:52.202+0000] {dagbag.py:541} INFO - Filling up the DagBag from /home/airflow/.local/lib/python3.7/site-packages/airflow/example_dags/example_dag_decorator.py
[2024-05-27T16:43:52.208+0000] {logging_mixin.py:149} INFO - [2024-05-27T16:43:52.208+0000] {taskmixin.py:211} WARNING - Dependency <Task(_PythonDecoratedOperator): prepare_email>, send_email already registered for DAG: example_dag_decorator
[2024-05-27T16:43:52.209+0000] {logging_mixin.py:149} INFO - [2024-05-27T16:43:52.209+0000] {taskmixin.py:211} WARNING - Dependency <Task(EmailOperator): send_email>, prepare_email already registered for DAG: example_dag_decorator
[2024-05-27T16:43:52.216+0000] {processor.py:809} INFO - DAG(s) dict_keys(['example_dag_decorator']) retrieved from /home/airflow/.local/lib/python3.7/site-packages/airflow/example_dags/example_dag_decorator.py
[2024-05-27T16:43:52.263+0000] {logging_mixin.py:149} INFO - [2024-05-27T16:43:52.263+0000] {dag.py:2726} INFO - Sync 1 DAGs
[2024-05-27T16:43:52.276+0000] {logging_mixin.py:149} INFO - [2024-05-27T16:43:52.276+0000] {dag.py:3490} INFO - Setting next_dagrun for example_dag_decorator to None, run_after=None
[2024-05-27T16:43:52.286+0000] {processor.py:178} INFO - Processing /home/airflow/.local/lib/python3.7/site-packages/airflow/example_dags/example_dag_decorator.py took 0.088 seconds
[2024-05-27T16:44:23.074+0000] {processor.py:156} INFO - Started process (PID=514) to work on /home/airflow/.local/lib/python3.7/site-packages/airflow/example_dags/example_dag_decorator.py
[2024-05-27T16:44:23.075+0000] {processor.py:799} INFO - Processing file /home/airflow/.local/lib/python3.7/site-packages/airflow/example_dags/example_dag_decorator.py for tasks to queue
[2024-05-27T16:44:23.075+0000] {logging_mixin.py:149} INFO - [2024-05-27T16:44:23.075+0000] {dagbag.py:541} INFO - Filling up the DagBag from /home/airflow/.local/lib/python3.7/site-packages/airflow/example_dags/example_dag_decorator.py
[2024-05-27T16:44:23.080+0000] {logging_mixin.py:149} INFO - [2024-05-27T16:44:23.079+0000] {taskmixin.py:211} WARNING - Dependency <Task(_PythonDecoratedOperator): prepare_email>, send_email already registered for DAG: example_dag_decorator
[2024-05-27T16:44:23.080+0000] {logging_mixin.py:149} INFO - [2024-05-27T16:44:23.080+0000] {taskmixin.py:211} WARNING - Dependency <Task(EmailOperator): send_email>, prepare_email already registered for DAG: example_dag_decorator
[2024-05-27T16:44:23.086+0000] {processor.py:809} INFO - DAG(s) dict_keys(['example_dag_decorator']) retrieved from /home/airflow/.local/lib/python3.7/site-packages/airflow/example_dags/example_dag_decorator.py
[2024-05-27T16:44:23.124+0000] {logging_mixin.py:149} INFO - [2024-05-27T16:44:23.124+0000] {dag.py:2726} INFO - Sync 1 DAGs
[2024-05-27T16:44:23.137+0000] {logging_mixin.py:149} INFO - [2024-05-27T16:44:23.137+0000] {dag.py:3490} INFO - Setting next_dagrun for example_dag_decorator to None, run_after=None
[2024-05-27T16:44:23.148+0000] {processor.py:178} INFO - Processing /home/airflow/.local/lib/python3.7/site-packages/airflow/example_dags/example_dag_decorator.py took 0.076 seconds
[2024-05-27T16:44:53.224+0000] {processor.py:156} INFO - Started process (PID=574) to work on /home/airflow/.local/lib/python3.7/site-packages/airflow/example_dags/example_dag_decorator.py
[2024-05-27T16:44:53.225+0000] {processor.py:799} INFO - Processing file /home/airflow/.local/lib/python3.7/site-packages/airflow/example_dags/example_dag_decorator.py for tasks to queue
[2024-05-27T16:44:53.225+0000] {logging_mixin.py:149} INFO - [2024-05-27T16:44:53.225+0000] {dagbag.py:541} INFO - Filling up the DagBag from /home/airflow/.local/lib/python3.7/site-packages/airflow/example_dags/example_dag_decorator.py
[2024-05-27T16:44:53.229+0000] {logging_mixin.py:149} INFO - [2024-05-27T16:44:53.229+0000] {taskmixin.py:211} WARNING - Dependency <Task(_PythonDecoratedOperator): prepare_email>, send_email already registered for DAG: example_dag_decorator
[2024-05-27T16:44:53.230+0000] {logging_mixin.py:149} INFO - [2024-05-27T16:44:53.230+0000] {taskmixin.py:211} WARNING - Dependency <Task(EmailOperator): send_email>, prepare_email already registered for DAG: example_dag_decorator
[2024-05-27T16:44:53.235+0000] {processor.py:809} INFO - DAG(s) dict_keys(['example_dag_decorator']) retrieved from /home/airflow/.local/lib/python3.7/site-packages/airflow/example_dags/example_dag_decorator.py
[2024-05-27T16:44:53.269+0000] {logging_mixin.py:149} INFO - [2024-05-27T16:44:53.269+0000] {dag.py:2726} INFO - Sync 1 DAGs
[2024-05-27T16:44:53.280+0000] {logging_mixin.py:149} INFO - [2024-05-27T16:44:53.280+0000] {dag.py:3490} INFO - Setting next_dagrun for example_dag_decorator to None, run_after=None
[2024-05-27T16:44:53.289+0000] {processor.py:178} INFO - Processing /home/airflow/.local/lib/python3.7/site-packages/airflow/example_dags/example_dag_decorator.py took 0.067 seconds
[2024-05-27T16:45:24.209+0000] {processor.py:156} INFO - Started process (PID=634) to work on /home/airflow/.local/lib/python3.7/site-packages/airflow/example_dags/example_dag_decorator.py
[2024-05-27T16:45:24.209+0000] {processor.py:799} INFO - Processing file /home/airflow/.local/lib/python3.7/site-packages/airflow/example_dags/example_dag_decorator.py for tasks to queue
[2024-05-27T16:45:24.210+0000] {logging_mixin.py:149} INFO - [2024-05-27T16:45:24.210+0000] {dagbag.py:541} INFO - Filling up the DagBag from /home/airflow/.local/lib/python3.7/site-packages/airflow/example_dags/example_dag_decorator.py
[2024-05-27T16:45:24.214+0000] {logging_mixin.py:149} INFO - [2024-05-27T16:45:24.214+0000] {taskmixin.py:211} WARNING - Dependency <Task(_PythonDecoratedOperator): prepare_email>, send_email already registered for DAG: example_dag_decorator
[2024-05-27T16:45:24.214+0000] {logging_mixin.py:149} INFO - [2024-05-27T16:45:24.214+0000] {taskmixin.py:211} WARNING - Dependency <Task(EmailOperator): send_email>, prepare_email already registered for DAG: example_dag_decorator
[2024-05-27T16:45:24.219+0000] {processor.py:809} INFO - DAG(s) dict_keys(['example_dag_decorator']) retrieved from /home/airflow/.local/lib/python3.7/site-packages/airflow/example_dags/example_dag_decorator.py
[2024-05-27T16:45:24.252+0000] {logging_mixin.py:149} INFO - [2024-05-27T16:45:24.252+0000] {dag.py:2726} INFO - Sync 1 DAGs
[2024-05-27T16:45:24.263+0000] {logging_mixin.py:149} INFO - [2024-05-27T16:45:24.263+0000] {dag.py:3490} INFO - Setting next_dagrun for example_dag_decorator to None, run_after=None
[2024-05-27T16:45:24.272+0000] {processor.py:178} INFO - Processing /home/airflow/.local/lib/python3.7/site-packages/airflow/example_dags/example_dag_decorator.py took 0.065 seconds
[2024-05-27T16:45:54.972+0000] {processor.py:156} INFO - Started process (PID=694) to work on /home/airflow/.local/lib/python3.7/site-packages/airflow/example_dags/example_dag_decorator.py
[2024-05-27T16:45:54.973+0000] {processor.py:799} INFO - Processing file /home/airflow/.local/lib/python3.7/site-packages/airflow/example_dags/example_dag_decorator.py for tasks to queue
[2024-05-27T16:45:54.973+0000] {logging_mixin.py:149} INFO - [2024-05-27T16:45:54.973+0000] {dagbag.py:541} INFO - Filling up the DagBag from /home/airflow/.local/lib/python3.7/site-packages/airflow/example_dags/example_dag_decorator.py
[2024-05-27T16:45:54.977+0000] {logging_mixin.py:149} INFO - [2024-05-27T16:45:54.977+0000] {taskmixin.py:211} WARNING - Dependency <Task(_PythonDecoratedOperator): prepare_email>, send_email already registered for DAG: example_dag_decorator
[2024-05-27T16:45:54.977+0000] {logging_mixin.py:149} INFO - [2024-05-27T16:45:54.977+0000] {taskmixin.py:211} WARNING - Dependency <Task(EmailOperator): send_email>, prepare_email already registered for DAG: example_dag_decorator
[2024-05-27T16:45:54.982+0000] {processor.py:809} INFO - DAG(s) dict_keys(['example_dag_decorator']) retrieved from /home/airflow/.local/lib/python3.7/site-packages/airflow/example_dags/example_dag_decorator.py
[2024-05-27T16:45:55.015+0000] {logging_mixin.py:149} INFO - [2024-05-27T16:45:55.015+0000] {dag.py:2726} INFO - Sync 1 DAGs
[2024-05-27T16:45:55.026+0000] {logging_mixin.py:149} INFO - [2024-05-27T16:45:55.026+0000] {dag.py:3490} INFO - Setting next_dagrun for example_dag_decorator to None, run_after=None
[2024-05-27T16:45:55.036+0000] {processor.py:178} INFO - Processing /home/airflow/.local/lib/python3.7/site-packages/airflow/example_dags/example_dag_decorator.py took 0.065 seconds
[2024-05-27T16:46:25.075+0000] {processor.py:156} INFO - Started process (PID=754) to work on /home/airflow/.local/lib/python3.7/site-packages/airflow/example_dags/example_dag_decorator.py
[2024-05-27T16:46:25.075+0000] {processor.py:799} INFO - Processing file /home/airflow/.local/lib/python3.7/site-packages/airflow/example_dags/example_dag_decorator.py for tasks to queue
[2024-05-27T16:46:25.076+0000] {logging_mixin.py:149} INFO - [2024-05-27T16:46:25.076+0000] {dagbag.py:541} INFO - Filling up the DagBag from /home/airflow/.local/lib/python3.7/site-packages/airflow/example_dags/example_dag_decorator.py
[2024-05-27T16:46:25.080+0000] {logging_mixin.py:149} INFO - [2024-05-27T16:46:25.080+0000] {taskmixin.py:211} WARNING - Dependency <Task(_PythonDecoratedOperator): prepare_email>, send_email already registered for DAG: example_dag_decorator
[2024-05-27T16:46:25.080+0000] {logging_mixin.py:149} INFO - [2024-05-27T16:46:25.080+0000] {taskmixin.py:211} WARNING - Dependency <Task(EmailOperator): send_email>, prepare_email already registered for DAG: example_dag_decorator
[2024-05-27T16:46:25.086+0000] {processor.py:809} INFO - DAG(s) dict_keys(['example_dag_decorator']) retrieved from /home/airflow/.local/lib/python3.7/site-packages/airflow/example_dags/example_dag_decorator.py
[2024-05-27T16:46:25.117+0000] {logging_mixin.py:149} INFO - [2024-05-27T16:46:25.117+0000] {dag.py:2726} INFO - Sync 1 DAGs
[2024-05-27T16:46:25.127+0000] {logging_mixin.py:149} INFO - [2024-05-27T16:46:25.127+0000] {dag.py:3490} INFO - Setting next_dagrun for example_dag_decorator to None, run_after=None
[2024-05-27T16:46:25.135+0000] {processor.py:178} INFO - Processing /home/airflow/.local/lib/python3.7/site-packages/airflow/example_dags/example_dag_decorator.py took 0.062 seconds
[2024-05-27T16:46:55.972+0000] {processor.py:156} INFO - Started process (PID=814) to work on /home/airflow/.local/lib/python3.7/site-packages/airflow/example_dags/example_dag_decorator.py
[2024-05-27T16:46:55.973+0000] {processor.py:799} INFO - Processing file /home/airflow/.local/lib/python3.7/site-packages/airflow/example_dags/example_dag_decorator.py for tasks to queue
[2024-05-27T16:46:55.973+0000] {logging_mixin.py:149} INFO - [2024-05-27T16:46:55.973+0000] {dagbag.py:541} INFO - Filling up the DagBag from /home/airflow/.local/lib/python3.7/site-packages/airflow/example_dags/example_dag_decorator.py
[2024-05-27T16:46:55.977+0000] {logging_mixin.py:149} INFO - [2024-05-27T16:46:55.977+0000] {taskmixin.py:211} WARNING - Dependency <Task(_PythonDecoratedOperator): prepare_email>, send_email already registered for DAG: example_dag_decorator
[2024-05-27T16:46:55.977+0000] {logging_mixin.py:149} INFO - [2024-05-27T16:46:55.977+0000] {taskmixin.py:211} WARNING - Dependency <Task(EmailOperator): send_email>, prepare_email already registered for DAG: example_dag_decorator
[2024-05-27T16:46:55.983+0000] {processor.py:809} INFO - DAG(s) dict_keys(['example_dag_decorator']) retrieved from /home/airflow/.local/lib/python3.7/site-packages/airflow/example_dags/example_dag_decorator.py
[2024-05-27T16:46:56.017+0000] {logging_mixin.py:149} INFO - [2024-05-27T16:46:56.017+0000] {dag.py:2726} INFO - Sync 1 DAGs
[2024-05-27T16:46:56.029+0000] {logging_mixin.py:149} INFO - [2024-05-27T16:46:56.029+0000] {dag.py:3490} INFO - Setting next_dagrun for example_dag_decorator to None, run_after=None
[2024-05-27T16:46:56.039+0000] {processor.py:178} INFO - Processing /home/airflow/.local/lib/python3.7/site-packages/airflow/example_dags/example_dag_decorator.py took 0.069 seconds
[2024-05-27T16:47:26.832+0000] {processor.py:156} INFO - Started process (PID=874) to work on /home/airflow/.local/lib/python3.7/site-packages/airflow/example_dags/example_dag_decorator.py
[2024-05-27T16:47:26.832+0000] {processor.py:799} INFO - Processing file /home/airflow/.local/lib/python3.7/site-packages/airflow/example_dags/example_dag_decorator.py for tasks to queue
[2024-05-27T16:47:26.833+0000] {logging_mixin.py:149} INFO - [2024-05-27T16:47:26.833+0000] {dagbag.py:541} INFO - Filling up the DagBag from /home/airflow/.local/lib/python3.7/site-packages/airflow/example_dags/example_dag_decorator.py
[2024-05-27T16:47:26.836+0000] {logging_mixin.py:149} INFO - [2024-05-27T16:47:26.836+0000] {taskmixin.py:211} WARNING - Dependency <Task(_PythonDecoratedOperator): prepare_email>, send_email already registered for DAG: example_dag_decorator
[2024-05-27T16:47:26.836+0000] {logging_mixin.py:149} INFO - [2024-05-27T16:47:26.836+0000] {taskmixin.py:211} WARNING - Dependency <Task(EmailOperator): send_email>, prepare_email already registered for DAG: example_dag_decorator
[2024-05-27T16:47:26.841+0000] {processor.py:809} INFO - DAG(s) dict_keys(['example_dag_decorator']) retrieved from /home/airflow/.local/lib/python3.7/site-packages/airflow/example_dags/example_dag_decorator.py
[2024-05-27T16:47:26.873+0000] {logging_mixin.py:149} INFO - [2024-05-27T16:47:26.873+0000] {dag.py:2726} INFO - Sync 1 DAGs
[2024-05-27T16:47:26.885+0000] {logging_mixin.py:149} INFO - [2024-05-27T16:47:26.885+0000] {dag.py:3490} INFO - Setting next_dagrun for example_dag_decorator to None, run_after=None
[2024-05-27T16:47:26.894+0000] {processor.py:178} INFO - Processing /home/airflow/.local/lib/python3.7/site-packages/airflow/example_dags/example_dag_decorator.py took 0.064 seconds
[2024-05-27T16:47:57.609+0000] {processor.py:156} INFO - Started process (PID=934) to work on /home/airflow/.local/lib/python3.7/site-packages/airflow/example_dags/example_dag_decorator.py
[2024-05-27T16:47:57.610+0000] {processor.py:799} INFO - Processing file /home/airflow/.local/lib/python3.7/site-packages/airflow/example_dags/example_dag_decorator.py for tasks to queue
[2024-05-27T16:47:57.610+0000] {logging_mixin.py:149} INFO - [2024-05-27T16:47:57.610+0000] {dagbag.py:541} INFO - Filling up the DagBag from /home/airflow/.local/lib/python3.7/site-packages/airflow/example_dags/example_dag_decorator.py
[2024-05-27T16:47:57.614+0000] {logging_mixin.py:149} INFO - [2024-05-27T16:47:57.614+0000] {taskmixin.py:211} WARNING - Dependency <Task(_PythonDecoratedOperator): prepare_email>, send_email already registered for DAG: example_dag_decorator
[2024-05-27T16:47:57.614+0000] {logging_mixin.py:149} INFO - [2024-05-27T16:47:57.614+0000] {taskmixin.py:211} WARNING - Dependency <Task(EmailOperator): send_email>, prepare_email already registered for DAG: example_dag_decorator
[2024-05-27T16:47:57.620+0000] {processor.py:809} INFO - DAG(s) dict_keys(['example_dag_decorator']) retrieved from /home/airflow/.local/lib/python3.7/site-packages/airflow/example_dags/example_dag_decorator.py
[2024-05-27T16:47:57.654+0000] {logging_mixin.py:149} INFO - [2024-05-27T16:47:57.654+0000] {dag.py:2726} INFO - Sync 1 DAGs
[2024-05-27T16:47:57.665+0000] {logging_mixin.py:149} INFO - [2024-05-27T16:47:57.665+0000] {dag.py:3490} INFO - Setting next_dagrun for example_dag_decorator to None, run_after=None
[2024-05-27T16:47:57.674+0000] {processor.py:178} INFO - Processing /home/airflow/.local/lib/python3.7/site-packages/airflow/example_dags/example_dag_decorator.py took 0.067 seconds
[2024-05-27T16:48:28.419+0000] {processor.py:156} INFO - Started process (PID=994) to work on /home/airflow/.local/lib/python3.7/site-packages/airflow/example_dags/example_dag_decorator.py
[2024-05-27T16:48:28.420+0000] {processor.py:799} INFO - Processing file /home/airflow/.local/lib/python3.7/site-packages/airflow/example_dags/example_dag_decorator.py for tasks to queue
[2024-05-27T16:48:28.420+0000] {logging_mixin.py:149} INFO - [2024-05-27T16:48:28.420+0000] {dagbag.py:541} INFO - Filling up the DagBag from /home/airflow/.local/lib/python3.7/site-packages/airflow/example_dags/example_dag_decorator.py
[2024-05-27T16:48:28.424+0000] {logging_mixin.py:149} INFO - [2024-05-27T16:48:28.424+0000] {taskmixin.py:211} WARNING - Dependency <Task(_PythonDecoratedOperator): prepare_email>, send_email already registered for DAG: example_dag_decorator
[2024-05-27T16:48:28.424+0000] {logging_mixin.py:149} INFO - [2024-05-27T16:48:28.424+0000] {taskmixin.py:211} WARNING - Dependency <Task(EmailOperator): send_email>, prepare_email already registered for DAG: example_dag_decorator
[2024-05-27T16:48:28.429+0000] {processor.py:809} INFO - DAG(s) dict_keys(['example_dag_decorator']) retrieved from /home/airflow/.local/lib/python3.7/site-packages/airflow/example_dags/example_dag_decorator.py
[2024-05-27T16:48:28.461+0000] {logging_mixin.py:149} INFO - [2024-05-27T16:48:28.461+0000] {dag.py:2726} INFO - Sync 1 DAGs
[2024-05-27T16:48:28.472+0000] {logging_mixin.py:149} INFO - [2024-05-27T16:48:28.472+0000] {dag.py:3490} INFO - Setting next_dagrun for example_dag_decorator to None, run_after=None
[2024-05-27T16:48:28.481+0000] {processor.py:178} INFO - Processing /home/airflow/.local/lib/python3.7/site-packages/airflow/example_dags/example_dag_decorator.py took 0.064 seconds
[2024-05-27T16:48:59.084+0000] {processor.py:156} INFO - Started process (PID=1054) to work on /home/airflow/.local/lib/python3.7/site-packages/airflow/example_dags/example_dag_decorator.py
[2024-05-27T16:48:59.084+0000] {processor.py:799} INFO - Processing file /home/airflow/.local/lib/python3.7/site-packages/airflow/example_dags/example_dag_decorator.py for tasks to queue
[2024-05-27T16:48:59.085+0000] {logging_mixin.py:149} INFO - [2024-05-27T16:48:59.085+0000] {dagbag.py:541} INFO - Filling up the DagBag from /home/airflow/.local/lib/python3.7/site-packages/airflow/example_dags/example_dag_decorator.py
[2024-05-27T16:48:59.088+0000] {logging_mixin.py:149} INFO - [2024-05-27T16:48:59.088+0000] {taskmixin.py:211} WARNING - Dependency <Task(_PythonDecoratedOperator): prepare_email>, send_email already registered for DAG: example_dag_decorator
[2024-05-27T16:48:59.089+0000] {logging_mixin.py:149} INFO - [2024-05-27T16:48:59.089+0000] {taskmixin.py:211} WARNING - Dependency <Task(EmailOperator): send_email>, prepare_email already registered for DAG: example_dag_decorator
[2024-05-27T16:48:59.093+0000] {processor.py:809} INFO - DAG(s) dict_keys(['example_dag_decorator']) retrieved from /home/airflow/.local/lib/python3.7/site-packages/airflow/example_dags/example_dag_decorator.py
[2024-05-27T16:48:59.127+0000] {logging_mixin.py:149} INFO - [2024-05-27T16:48:59.127+0000] {dag.py:2726} INFO - Sync 1 DAGs
[2024-05-27T16:48:59.138+0000] {logging_mixin.py:149} INFO - [2024-05-27T16:48:59.138+0000] {dag.py:3490} INFO - Setting next_dagrun for example_dag_decorator to None, run_after=None
[2024-05-27T16:48:59.146+0000] {processor.py:178} INFO - Processing /home/airflow/.local/lib/python3.7/site-packages/airflow/example_dags/example_dag_decorator.py took 0.065 seconds
[2024-05-27T16:50:02.151+0000] {processor.py:156} INFO - Started process (PID=1114) to work on /home/airflow/.local/lib/python3.7/site-packages/airflow/example_dags/example_dag_decorator.py
[2024-05-27T16:50:02.152+0000] {processor.py:799} INFO - Processing file /home/airflow/.local/lib/python3.7/site-packages/airflow/example_dags/example_dag_decorator.py for tasks to queue
[2024-05-27T16:50:02.152+0000] {logging_mixin.py:149} INFO - [2024-05-27T16:50:02.152+0000] {dagbag.py:541} INFO - Filling up the DagBag from /home/airflow/.local/lib/python3.7/site-packages/airflow/example_dags/example_dag_decorator.py
[2024-05-27T16:50:02.156+0000] {logging_mixin.py:149} INFO - [2024-05-27T16:50:02.156+0000] {taskmixin.py:211} WARNING - Dependency <Task(_PythonDecoratedOperator): prepare_email>, send_email already registered for DAG: example_dag_decorator
[2024-05-27T16:50:02.157+0000] {logging_mixin.py:149} INFO - [2024-05-27T16:50:02.157+0000] {taskmixin.py:211} WARNING - Dependency <Task(EmailOperator): send_email>, prepare_email already registered for DAG: example_dag_decorator
[2024-05-27T16:50:02.163+0000] {processor.py:809} INFO - DAG(s) dict_keys(['example_dag_decorator']) retrieved from /home/airflow/.local/lib/python3.7/site-packages/airflow/example_dags/example_dag_decorator.py
[2024-05-27T16:50:02.198+0000] {logging_mixin.py:149} INFO - [2024-05-27T16:50:02.198+0000] {dag.py:2726} INFO - Sync 1 DAGs
[2024-05-27T16:50:02.211+0000] {logging_mixin.py:149} INFO - [2024-05-27T16:50:02.211+0000] {dag.py:3490} INFO - Setting next_dagrun for example_dag_decorator to None, run_after=None
[2024-05-27T16:50:02.220+0000] {processor.py:178} INFO - Processing /home/airflow/.local/lib/python3.7/site-packages/airflow/example_dags/example_dag_decorator.py took 0.071 seconds
[2024-05-27T16:50:32.334+0000] {processor.py:156} INFO - Started process (PID=1176) to work on /home/airflow/.local/lib/python3.7/site-packages/airflow/example_dags/example_dag_decorator.py
[2024-05-27T16:50:32.335+0000] {processor.py:799} INFO - Processing file /home/airflow/.local/lib/python3.7/site-packages/airflow/example_dags/example_dag_decorator.py for tasks to queue
[2024-05-27T16:50:32.336+0000] {logging_mixin.py:149} INFO - [2024-05-27T16:50:32.335+0000] {dagbag.py:541} INFO - Filling up the DagBag from /home/airflow/.local/lib/python3.7/site-packages/airflow/example_dags/example_dag_decorator.py
[2024-05-27T16:50:32.339+0000] {logging_mixin.py:149} INFO - [2024-05-27T16:50:32.339+0000] {taskmixin.py:211} WARNING - Dependency <Task(_PythonDecoratedOperator): prepare_email>, send_email already registered for DAG: example_dag_decorator
[2024-05-27T16:50:32.339+0000] {logging_mixin.py:149} INFO - [2024-05-27T16:50:32.339+0000] {taskmixin.py:211} WARNING - Dependency <Task(EmailOperator): send_email>, prepare_email already registered for DAG: example_dag_decorator
[2024-05-27T16:50:32.345+0000] {processor.py:809} INFO - DAG(s) dict_keys(['example_dag_decorator']) retrieved from /home/airflow/.local/lib/python3.7/site-packages/airflow/example_dags/example_dag_decorator.py
[2024-05-27T16:50:32.377+0000] {logging_mixin.py:149} INFO - [2024-05-27T16:50:32.377+0000] {dag.py:2726} INFO - Sync 1 DAGs
[2024-05-27T16:50:32.389+0000] {logging_mixin.py:149} INFO - [2024-05-27T16:50:32.388+0000] {dag.py:3490} INFO - Setting next_dagrun for example_dag_decorator to None, run_after=None
[2024-05-27T16:50:32.398+0000] {processor.py:178} INFO - Processing /home/airflow/.local/lib/python3.7/site-packages/airflow/example_dags/example_dag_decorator.py took 0.065 seconds
[2024-05-27T16:51:02.463+0000] {processor.py:156} INFO - Started process (PID=1238) to work on /home/airflow/.local/lib/python3.7/site-packages/airflow/example_dags/example_dag_decorator.py
[2024-05-27T16:51:02.463+0000] {processor.py:799} INFO - Processing file /home/airflow/.local/lib/python3.7/site-packages/airflow/example_dags/example_dag_decorator.py for tasks to queue
[2024-05-27T16:51:02.464+0000] {logging_mixin.py:149} INFO - [2024-05-27T16:51:02.464+0000] {dagbag.py:541} INFO - Filling up the DagBag from /home/airflow/.local/lib/python3.7/site-packages/airflow/example_dags/example_dag_decorator.py
[2024-05-27T16:51:02.468+0000] {logging_mixin.py:149} INFO - [2024-05-27T16:51:02.467+0000] {taskmixin.py:211} WARNING - Dependency <Task(_PythonDecoratedOperator): prepare_email>, send_email already registered for DAG: example_dag_decorator
[2024-05-27T16:51:02.468+0000] {logging_mixin.py:149} INFO - [2024-05-27T16:51:02.468+0000] {taskmixin.py:211} WARNING - Dependency <Task(EmailOperator): send_email>, prepare_email already registered for DAG: example_dag_decorator
[2024-05-27T16:51:02.473+0000] {processor.py:809} INFO - DAG(s) dict_keys(['example_dag_decorator']) retrieved from /home/airflow/.local/lib/python3.7/site-packages/airflow/example_dags/example_dag_decorator.py
[2024-05-27T16:51:02.505+0000] {logging_mixin.py:149} INFO - [2024-05-27T16:51:02.505+0000] {dag.py:2726} INFO - Sync 1 DAGs
[2024-05-27T16:51:02.514+0000] {logging_mixin.py:149} INFO - [2024-05-27T16:51:02.514+0000] {dag.py:3490} INFO - Setting next_dagrun for example_dag_decorator to None, run_after=None
[2024-05-27T16:51:02.523+0000] {processor.py:178} INFO - Processing /home/airflow/.local/lib/python3.7/site-packages/airflow/example_dags/example_dag_decorator.py took 0.062 seconds
[2024-05-27T16:51:32.639+0000] {processor.py:156} INFO - Started process (PID=1297) to work on /home/airflow/.local/lib/python3.7/site-packages/airflow/example_dags/example_dag_decorator.py
[2024-05-27T16:51:32.640+0000] {processor.py:799} INFO - Processing file /home/airflow/.local/lib/python3.7/site-packages/airflow/example_dags/example_dag_decorator.py for tasks to queue
[2024-05-27T16:51:32.641+0000] {logging_mixin.py:149} INFO - [2024-05-27T16:51:32.641+0000] {dagbag.py:541} INFO - Filling up the DagBag from /home/airflow/.local/lib/python3.7/site-packages/airflow/example_dags/example_dag_decorator.py
[2024-05-27T16:51:32.644+0000] {logging_mixin.py:149} INFO - [2024-05-27T16:51:32.644+0000] {taskmixin.py:211} WARNING - Dependency <Task(_PythonDecoratedOperator): prepare_email>, send_email already registered for DAG: example_dag_decorator
[2024-05-27T16:51:32.645+0000] {logging_mixin.py:149} INFO - [2024-05-27T16:51:32.645+0000] {taskmixin.py:211} WARNING - Dependency <Task(EmailOperator): send_email>, prepare_email already registered for DAG: example_dag_decorator
[2024-05-27T16:51:32.651+0000] {processor.py:809} INFO - DAG(s) dict_keys(['example_dag_decorator']) retrieved from /home/airflow/.local/lib/python3.7/site-packages/airflow/example_dags/example_dag_decorator.py
[2024-05-27T16:51:32.691+0000] {logging_mixin.py:149} INFO - [2024-05-27T16:51:32.691+0000] {dag.py:2726} INFO - Sync 1 DAGs
[2024-05-27T16:51:32.702+0000] {logging_mixin.py:149} INFO - [2024-05-27T16:51:32.702+0000] {dag.py:3490} INFO - Setting next_dagrun for example_dag_decorator to None, run_after=None
[2024-05-27T16:51:32.712+0000] {processor.py:178} INFO - Processing /home/airflow/.local/lib/python3.7/site-packages/airflow/example_dags/example_dag_decorator.py took 0.075 seconds
[2024-05-27T16:52:05.711+0000] {processor.py:156} INFO - Started process (PID=1375) to work on /home/airflow/.local/lib/python3.7/site-packages/airflow/example_dags/example_dag_decorator.py
[2024-05-27T16:52:05.713+0000] {processor.py:799} INFO - Processing file /home/airflow/.local/lib/python3.7/site-packages/airflow/example_dags/example_dag_decorator.py for tasks to queue
[2024-05-27T16:52:05.717+0000] {logging_mixin.py:149} INFO - [2024-05-27T16:52:05.717+0000] {dagbag.py:541} INFO - Filling up the DagBag from /home/airflow/.local/lib/python3.7/site-packages/airflow/example_dags/example_dag_decorator.py
[2024-05-27T16:52:05.741+0000] {logging_mixin.py:149} INFO - [2024-05-27T16:52:05.740+0000] {taskmixin.py:211} WARNING - Dependency <Task(_PythonDecoratedOperator): prepare_email>, send_email already registered for DAG: example_dag_decorator
[2024-05-27T16:52:05.742+0000] {logging_mixin.py:149} INFO - [2024-05-27T16:52:05.742+0000] {taskmixin.py:211} WARNING - Dependency <Task(EmailOperator): send_email>, prepare_email already registered for DAG: example_dag_decorator
[2024-05-27T16:52:05.786+0000] {processor.py:809} INFO - DAG(s) dict_keys(['example_dag_decorator']) retrieved from /home/airflow/.local/lib/python3.7/site-packages/airflow/example_dags/example_dag_decorator.py
[2024-05-27T16:52:06.257+0000] {logging_mixin.py:149} INFO - [2024-05-27T16:52:06.256+0000] {dag.py:2726} INFO - Sync 1 DAGs
[2024-05-27T16:52:06.331+0000] {logging_mixin.py:149} INFO - [2024-05-27T16:52:06.330+0000] {dag.py:3490} INFO - Setting next_dagrun for example_dag_decorator to None, run_after=None
[2024-05-27T16:52:06.399+0000] {processor.py:178} INFO - Processing /home/airflow/.local/lib/python3.7/site-packages/airflow/example_dags/example_dag_decorator.py took 0.697 seconds
