[2024-05-27T16:40:22.316+0000] {processor.py:156} INFO - Started process (PID=66) to work on /home/airflow/.local/lib/python3.7/site-packages/airflow/example_dags/example_time_delta_sensor_async.py
[2024-05-27T16:40:22.317+0000] {processor.py:799} INFO - Processing file /home/airflow/.local/lib/python3.7/site-packages/airflow/example_dags/example_time_delta_sensor_async.py for tasks to queue
[2024-05-27T16:40:22.317+0000] {logging_mixin.py:149} INFO - [2024-05-27T16:40:22.317+0000] {dagbag.py:541} INFO - Filling up the DagBag from /home/airflow/.local/lib/python3.7/site-packages/airflow/example_dags/example_time_delta_sensor_async.py
[2024-05-27T16:40:22.320+0000] {processor.py:809} INFO - DAG(s) dict_keys(['example_time_delta_sensor_async']) retrieved from /home/airflow/.local/lib/python3.7/site-packages/airflow/example_dags/example_time_delta_sensor_async.py
[2024-05-27T16:40:22.422+0000] {logging_mixin.py:149} INFO - [2024-05-27T16:40:22.421+0000] {manager.py:504} INFO - Created Permission View: can delete on DAG:example_time_delta_sensor_async
[2024-05-27T16:40:22.430+0000] {logging_mixin.py:149} INFO - [2024-05-27T16:40:22.430+0000] {manager.py:504} INFO - Created Permission View: can read on DAG:example_time_delta_sensor_async
[2024-05-27T16:40:22.434+0000] {logging_mixin.py:149} INFO - [2024-05-27T16:40:22.433+0000] {manager.py:504} INFO - Created Permission View: can edit on DAG:example_time_delta_sensor_async
[2024-05-27T16:40:22.434+0000] {logging_mixin.py:149} INFO - [2024-05-27T16:40:22.434+0000] {dag.py:2726} INFO - Sync 1 DAGs
[2024-05-27T16:40:22.445+0000] {logging_mixin.py:149} INFO - [2024-05-27T16:40:22.445+0000] {dag.py:2747} INFO - Creating ORM DAG for example_time_delta_sensor_async
[2024-05-27T16:40:22.454+0000] {logging_mixin.py:149} INFO - [2024-05-27T16:40:22.454+0000] {dag.py:3490} INFO - Setting next_dagrun for example_time_delta_sensor_async to None, run_after=None
[2024-05-27T16:40:22.472+0000] {processor.py:178} INFO - Processing /home/airflow/.local/lib/python3.7/site-packages/airflow/example_dags/example_time_delta_sensor_async.py took 0.159 seconds
[2024-05-27T16:40:52.791+0000] {processor.py:156} INFO - Started process (PID=126) to work on /home/airflow/.local/lib/python3.7/site-packages/airflow/example_dags/example_time_delta_sensor_async.py
[2024-05-27T16:40:52.792+0000] {processor.py:799} INFO - Processing file /home/airflow/.local/lib/python3.7/site-packages/airflow/example_dags/example_time_delta_sensor_async.py for tasks to queue
[2024-05-27T16:40:52.792+0000] {logging_mixin.py:149} INFO - [2024-05-27T16:40:52.792+0000] {dagbag.py:541} INFO - Filling up the DagBag from /home/airflow/.local/lib/python3.7/site-packages/airflow/example_dags/example_time_delta_sensor_async.py
[2024-05-27T16:40:52.795+0000] {processor.py:809} INFO - DAG(s) dict_keys(['example_time_delta_sensor_async']) retrieved from /home/airflow/.local/lib/python3.7/site-packages/airflow/example_dags/example_time_delta_sensor_async.py
[2024-05-27T16:40:52.808+0000] {logging_mixin.py:149} INFO - [2024-05-27T16:40:52.808+0000] {dag.py:2726} INFO - Sync 1 DAGs
[2024-05-27T16:40:52.820+0000] {logging_mixin.py:149} INFO - [2024-05-27T16:40:52.820+0000] {dag.py:3490} INFO - Setting next_dagrun for example_time_delta_sensor_async to None, run_after=None
[2024-05-27T16:40:52.829+0000] {processor.py:178} INFO - Processing /home/airflow/.local/lib/python3.7/site-packages/airflow/example_dags/example_time_delta_sensor_async.py took 0.040 seconds
[2024-05-27T16:41:23.072+0000] {processor.py:156} INFO - Started process (PID=186) to work on /home/airflow/.local/lib/python3.7/site-packages/airflow/example_dags/example_time_delta_sensor_async.py
[2024-05-27T16:41:23.073+0000] {processor.py:799} INFO - Processing file /home/airflow/.local/lib/python3.7/site-packages/airflow/example_dags/example_time_delta_sensor_async.py for tasks to queue
[2024-05-27T16:41:23.073+0000] {logging_mixin.py:149} INFO - [2024-05-27T16:41:23.073+0000] {dagbag.py:541} INFO - Filling up the DagBag from /home/airflow/.local/lib/python3.7/site-packages/airflow/example_dags/example_time_delta_sensor_async.py
[2024-05-27T16:41:23.076+0000] {processor.py:809} INFO - DAG(s) dict_keys(['example_time_delta_sensor_async']) retrieved from /home/airflow/.local/lib/python3.7/site-packages/airflow/example_dags/example_time_delta_sensor_async.py
[2024-05-27T16:41:23.089+0000] {logging_mixin.py:149} INFO - [2024-05-27T16:41:23.089+0000] {dag.py:2726} INFO - Sync 1 DAGs
[2024-05-27T16:41:23.100+0000] {logging_mixin.py:149} INFO - [2024-05-27T16:41:23.100+0000] {dag.py:3490} INFO - Setting next_dagrun for example_time_delta_sensor_async to None, run_after=None
[2024-05-27T16:41:23.109+0000] {processor.py:178} INFO - Processing /home/airflow/.local/lib/python3.7/site-packages/airflow/example_dags/example_time_delta_sensor_async.py took 0.039 seconds
[2024-05-27T16:41:54.126+0000] {processor.py:156} INFO - Started process (PID=246) to work on /home/airflow/.local/lib/python3.7/site-packages/airflow/example_dags/example_time_delta_sensor_async.py
[2024-05-27T16:41:54.127+0000] {processor.py:799} INFO - Processing file /home/airflow/.local/lib/python3.7/site-packages/airflow/example_dags/example_time_delta_sensor_async.py for tasks to queue
[2024-05-27T16:41:54.127+0000] {logging_mixin.py:149} INFO - [2024-05-27T16:41:54.127+0000] {dagbag.py:541} INFO - Filling up the DagBag from /home/airflow/.local/lib/python3.7/site-packages/airflow/example_dags/example_time_delta_sensor_async.py
[2024-05-27T16:41:54.130+0000] {processor.py:809} INFO - DAG(s) dict_keys(['example_time_delta_sensor_async']) retrieved from /home/airflow/.local/lib/python3.7/site-packages/airflow/example_dags/example_time_delta_sensor_async.py
[2024-05-27T16:41:54.144+0000] {logging_mixin.py:149} INFO - [2024-05-27T16:41:54.143+0000] {dag.py:2726} INFO - Sync 1 DAGs
[2024-05-27T16:41:54.156+0000] {logging_mixin.py:149} INFO - [2024-05-27T16:41:54.156+0000] {dag.py:3490} INFO - Setting next_dagrun for example_time_delta_sensor_async to None, run_after=None
[2024-05-27T16:41:54.165+0000] {processor.py:178} INFO - Processing /home/airflow/.local/lib/python3.7/site-packages/airflow/example_dags/example_time_delta_sensor_async.py took 0.041 seconds
[2024-05-27T16:42:24.448+0000] {processor.py:156} INFO - Started process (PID=306) to work on /home/airflow/.local/lib/python3.7/site-packages/airflow/example_dags/example_time_delta_sensor_async.py
[2024-05-27T16:42:24.449+0000] {processor.py:799} INFO - Processing file /home/airflow/.local/lib/python3.7/site-packages/airflow/example_dags/example_time_delta_sensor_async.py for tasks to queue
[2024-05-27T16:42:24.449+0000] {logging_mixin.py:149} INFO - [2024-05-27T16:42:24.449+0000] {dagbag.py:541} INFO - Filling up the DagBag from /home/airflow/.local/lib/python3.7/site-packages/airflow/example_dags/example_time_delta_sensor_async.py
[2024-05-27T16:42:24.451+0000] {processor.py:809} INFO - DAG(s) dict_keys(['example_time_delta_sensor_async']) retrieved from /home/airflow/.local/lib/python3.7/site-packages/airflow/example_dags/example_time_delta_sensor_async.py
[2024-05-27T16:42:24.466+0000] {logging_mixin.py:149} INFO - [2024-05-27T16:42:24.466+0000] {dag.py:2726} INFO - Sync 1 DAGs
[2024-05-27T16:42:24.479+0000] {logging_mixin.py:149} INFO - [2024-05-27T16:42:24.479+0000] {dag.py:3490} INFO - Setting next_dagrun for example_time_delta_sensor_async to None, run_after=None
[2024-05-27T16:42:24.489+0000] {processor.py:178} INFO - Processing /home/airflow/.local/lib/python3.7/site-packages/airflow/example_dags/example_time_delta_sensor_async.py took 0.043 seconds
[2024-05-27T16:42:54.548+0000] {processor.py:156} INFO - Started process (PID=366) to work on /home/airflow/.local/lib/python3.7/site-packages/airflow/example_dags/example_time_delta_sensor_async.py
[2024-05-27T16:42:54.549+0000] {processor.py:799} INFO - Processing file /home/airflow/.local/lib/python3.7/site-packages/airflow/example_dags/example_time_delta_sensor_async.py for tasks to queue
[2024-05-27T16:42:54.549+0000] {logging_mixin.py:149} INFO - [2024-05-27T16:42:54.549+0000] {dagbag.py:541} INFO - Filling up the DagBag from /home/airflow/.local/lib/python3.7/site-packages/airflow/example_dags/example_time_delta_sensor_async.py
[2024-05-27T16:42:54.552+0000] {processor.py:809} INFO - DAG(s) dict_keys(['example_time_delta_sensor_async']) retrieved from /home/airflow/.local/lib/python3.7/site-packages/airflow/example_dags/example_time_delta_sensor_async.py
[2024-05-27T16:42:54.565+0000] {logging_mixin.py:149} INFO - [2024-05-27T16:42:54.565+0000] {dag.py:2726} INFO - Sync 1 DAGs
[2024-05-27T16:42:54.577+0000] {logging_mixin.py:149} INFO - [2024-05-27T16:42:54.577+0000] {dag.py:3490} INFO - Setting next_dagrun for example_time_delta_sensor_async to None, run_after=None
[2024-05-27T16:42:54.585+0000] {processor.py:178} INFO - Processing /home/airflow/.local/lib/python3.7/site-packages/airflow/example_dags/example_time_delta_sensor_async.py took 0.038 seconds
[2024-05-27T16:43:25.431+0000] {processor.py:156} INFO - Started process (PID=426) to work on /home/airflow/.local/lib/python3.7/site-packages/airflow/example_dags/example_time_delta_sensor_async.py
[2024-05-27T16:43:25.431+0000] {processor.py:799} INFO - Processing file /home/airflow/.local/lib/python3.7/site-packages/airflow/example_dags/example_time_delta_sensor_async.py for tasks to queue
[2024-05-27T16:43:25.431+0000] {logging_mixin.py:149} INFO - [2024-05-27T16:43:25.431+0000] {dagbag.py:541} INFO - Filling up the DagBag from /home/airflow/.local/lib/python3.7/site-packages/airflow/example_dags/example_time_delta_sensor_async.py
[2024-05-27T16:43:25.434+0000] {processor.py:809} INFO - DAG(s) dict_keys(['example_time_delta_sensor_async']) retrieved from /home/airflow/.local/lib/python3.7/site-packages/airflow/example_dags/example_time_delta_sensor_async.py
[2024-05-27T16:43:25.447+0000] {logging_mixin.py:149} INFO - [2024-05-27T16:43:25.447+0000] {dag.py:2726} INFO - Sync 1 DAGs
[2024-05-27T16:43:25.459+0000] {logging_mixin.py:149} INFO - [2024-05-27T16:43:25.459+0000] {dag.py:3490} INFO - Setting next_dagrun for example_time_delta_sensor_async to None, run_after=None
[2024-05-27T16:43:25.468+0000] {processor.py:178} INFO - Processing /home/airflow/.local/lib/python3.7/site-packages/airflow/example_dags/example_time_delta_sensor_async.py took 0.039 seconds
[2024-05-27T16:43:56.285+0000] {processor.py:156} INFO - Started process (PID=486) to work on /home/airflow/.local/lib/python3.7/site-packages/airflow/example_dags/example_time_delta_sensor_async.py
[2024-05-27T16:43:56.285+0000] {processor.py:799} INFO - Processing file /home/airflow/.local/lib/python3.7/site-packages/airflow/example_dags/example_time_delta_sensor_async.py for tasks to queue
[2024-05-27T16:43:56.286+0000] {logging_mixin.py:149} INFO - [2024-05-27T16:43:56.286+0000] {dagbag.py:541} INFO - Filling up the DagBag from /home/airflow/.local/lib/python3.7/site-packages/airflow/example_dags/example_time_delta_sensor_async.py
[2024-05-27T16:43:56.288+0000] {processor.py:809} INFO - DAG(s) dict_keys(['example_time_delta_sensor_async']) retrieved from /home/airflow/.local/lib/python3.7/site-packages/airflow/example_dags/example_time_delta_sensor_async.py
[2024-05-27T16:43:56.302+0000] {logging_mixin.py:149} INFO - [2024-05-27T16:43:56.301+0000] {dag.py:2726} INFO - Sync 1 DAGs
[2024-05-27T16:43:56.314+0000] {logging_mixin.py:149} INFO - [2024-05-27T16:43:56.314+0000] {dag.py:3490} INFO - Setting next_dagrun for example_time_delta_sensor_async to None, run_after=None
[2024-05-27T16:43:56.322+0000] {processor.py:178} INFO - Processing /home/airflow/.local/lib/python3.7/site-packages/airflow/example_dags/example_time_delta_sensor_async.py took 0.039 seconds
[2024-05-27T16:44:27.222+0000] {processor.py:156} INFO - Started process (PID=546) to work on /home/airflow/.local/lib/python3.7/site-packages/airflow/example_dags/example_time_delta_sensor_async.py
[2024-05-27T16:44:27.223+0000] {processor.py:799} INFO - Processing file /home/airflow/.local/lib/python3.7/site-packages/airflow/example_dags/example_time_delta_sensor_async.py for tasks to queue
[2024-05-27T16:44:27.223+0000] {logging_mixin.py:149} INFO - [2024-05-27T16:44:27.223+0000] {dagbag.py:541} INFO - Filling up the DagBag from /home/airflow/.local/lib/python3.7/site-packages/airflow/example_dags/example_time_delta_sensor_async.py
[2024-05-27T16:44:27.226+0000] {processor.py:809} INFO - DAG(s) dict_keys(['example_time_delta_sensor_async']) retrieved from /home/airflow/.local/lib/python3.7/site-packages/airflow/example_dags/example_time_delta_sensor_async.py
[2024-05-27T16:44:27.239+0000] {logging_mixin.py:149} INFO - [2024-05-27T16:44:27.238+0000] {dag.py:2726} INFO - Sync 1 DAGs
[2024-05-27T16:44:27.251+0000] {logging_mixin.py:149} INFO - [2024-05-27T16:44:27.251+0000] {dag.py:3490} INFO - Setting next_dagrun for example_time_delta_sensor_async to None, run_after=None
[2024-05-27T16:44:27.260+0000] {processor.py:178} INFO - Processing /home/airflow/.local/lib/python3.7/site-packages/airflow/example_dags/example_time_delta_sensor_async.py took 0.039 seconds
[2024-05-27T16:44:57.329+0000] {processor.py:156} INFO - Started process (PID=606) to work on /home/airflow/.local/lib/python3.7/site-packages/airflow/example_dags/example_time_delta_sensor_async.py
[2024-05-27T16:44:57.330+0000] {processor.py:799} INFO - Processing file /home/airflow/.local/lib/python3.7/site-packages/airflow/example_dags/example_time_delta_sensor_async.py for tasks to queue
[2024-05-27T16:44:57.331+0000] {logging_mixin.py:149} INFO - [2024-05-27T16:44:57.330+0000] {dagbag.py:541} INFO - Filling up the DagBag from /home/airflow/.local/lib/python3.7/site-packages/airflow/example_dags/example_time_delta_sensor_async.py
[2024-05-27T16:44:57.334+0000] {processor.py:809} INFO - DAG(s) dict_keys(['example_time_delta_sensor_async']) retrieved from /home/airflow/.local/lib/python3.7/site-packages/airflow/example_dags/example_time_delta_sensor_async.py
[2024-05-27T16:44:57.346+0000] {logging_mixin.py:149} INFO - [2024-05-27T16:44:57.346+0000] {dag.py:2726} INFO - Sync 1 DAGs
[2024-05-27T16:44:57.359+0000] {logging_mixin.py:149} INFO - [2024-05-27T16:44:57.358+0000] {dag.py:3490} INFO - Setting next_dagrun for example_time_delta_sensor_async to None, run_after=None
[2024-05-27T16:44:57.367+0000] {processor.py:178} INFO - Processing /home/airflow/.local/lib/python3.7/site-packages/airflow/example_dags/example_time_delta_sensor_async.py took 0.039 seconds
[2024-05-27T16:45:28.222+0000] {processor.py:156} INFO - Started process (PID=666) to work on /home/airflow/.local/lib/python3.7/site-packages/airflow/example_dags/example_time_delta_sensor_async.py
[2024-05-27T16:45:28.222+0000] {processor.py:799} INFO - Processing file /home/airflow/.local/lib/python3.7/site-packages/airflow/example_dags/example_time_delta_sensor_async.py for tasks to queue
[2024-05-27T16:45:28.223+0000] {logging_mixin.py:149} INFO - [2024-05-27T16:45:28.223+0000] {dagbag.py:541} INFO - Filling up the DagBag from /home/airflow/.local/lib/python3.7/site-packages/airflow/example_dags/example_time_delta_sensor_async.py
[2024-05-27T16:45:28.225+0000] {processor.py:809} INFO - DAG(s) dict_keys(['example_time_delta_sensor_async']) retrieved from /home/airflow/.local/lib/python3.7/site-packages/airflow/example_dags/example_time_delta_sensor_async.py
[2024-05-27T16:45:28.239+0000] {logging_mixin.py:149} INFO - [2024-05-27T16:45:28.239+0000] {dag.py:2726} INFO - Sync 1 DAGs
[2024-05-27T16:45:28.251+0000] {logging_mixin.py:149} INFO - [2024-05-27T16:45:28.251+0000] {dag.py:3490} INFO - Setting next_dagrun for example_time_delta_sensor_async to None, run_after=None
[2024-05-27T16:45:28.259+0000] {processor.py:178} INFO - Processing /home/airflow/.local/lib/python3.7/site-packages/airflow/example_dags/example_time_delta_sensor_async.py took 0.039 seconds
[2024-05-27T16:45:59.065+0000] {processor.py:156} INFO - Started process (PID=726) to work on /home/airflow/.local/lib/python3.7/site-packages/airflow/example_dags/example_time_delta_sensor_async.py
[2024-05-27T16:45:59.065+0000] {processor.py:799} INFO - Processing file /home/airflow/.local/lib/python3.7/site-packages/airflow/example_dags/example_time_delta_sensor_async.py for tasks to queue
[2024-05-27T16:45:59.066+0000] {logging_mixin.py:149} INFO - [2024-05-27T16:45:59.066+0000] {dagbag.py:541} INFO - Filling up the DagBag from /home/airflow/.local/lib/python3.7/site-packages/airflow/example_dags/example_time_delta_sensor_async.py
[2024-05-27T16:45:59.068+0000] {processor.py:809} INFO - DAG(s) dict_keys(['example_time_delta_sensor_async']) retrieved from /home/airflow/.local/lib/python3.7/site-packages/airflow/example_dags/example_time_delta_sensor_async.py
[2024-05-27T16:45:59.083+0000] {logging_mixin.py:149} INFO - [2024-05-27T16:45:59.083+0000] {dag.py:2726} INFO - Sync 1 DAGs
[2024-05-27T16:45:59.096+0000] {logging_mixin.py:149} INFO - [2024-05-27T16:45:59.096+0000] {dag.py:3490} INFO - Setting next_dagrun for example_time_delta_sensor_async to None, run_after=None
[2024-05-27T16:45:59.105+0000] {processor.py:178} INFO - Processing /home/airflow/.local/lib/python3.7/site-packages/airflow/example_dags/example_time_delta_sensor_async.py took 0.042 seconds
[2024-05-27T16:46:29.183+0000] {processor.py:156} INFO - Started process (PID=786) to work on /home/airflow/.local/lib/python3.7/site-packages/airflow/example_dags/example_time_delta_sensor_async.py
[2024-05-27T16:46:29.183+0000] {processor.py:799} INFO - Processing file /home/airflow/.local/lib/python3.7/site-packages/airflow/example_dags/example_time_delta_sensor_async.py for tasks to queue
[2024-05-27T16:46:29.184+0000] {logging_mixin.py:149} INFO - [2024-05-27T16:46:29.184+0000] {dagbag.py:541} INFO - Filling up the DagBag from /home/airflow/.local/lib/python3.7/site-packages/airflow/example_dags/example_time_delta_sensor_async.py
[2024-05-27T16:46:29.186+0000] {processor.py:809} INFO - DAG(s) dict_keys(['example_time_delta_sensor_async']) retrieved from /home/airflow/.local/lib/python3.7/site-packages/airflow/example_dags/example_time_delta_sensor_async.py
[2024-05-27T16:46:29.199+0000] {logging_mixin.py:149} INFO - [2024-05-27T16:46:29.199+0000] {dag.py:2726} INFO - Sync 1 DAGs
[2024-05-27T16:46:29.212+0000] {logging_mixin.py:149} INFO - [2024-05-27T16:46:29.212+0000] {dag.py:3490} INFO - Setting next_dagrun for example_time_delta_sensor_async to None, run_after=None
[2024-05-27T16:46:29.220+0000] {processor.py:178} INFO - Processing /home/airflow/.local/lib/python3.7/site-packages/airflow/example_dags/example_time_delta_sensor_async.py took 0.039 seconds
[2024-05-27T16:47:00.043+0000] {processor.py:156} INFO - Started process (PID=846) to work on /home/airflow/.local/lib/python3.7/site-packages/airflow/example_dags/example_time_delta_sensor_async.py
[2024-05-27T16:47:00.043+0000] {processor.py:799} INFO - Processing file /home/airflow/.local/lib/python3.7/site-packages/airflow/example_dags/example_time_delta_sensor_async.py for tasks to queue
[2024-05-27T16:47:00.044+0000] {logging_mixin.py:149} INFO - [2024-05-27T16:47:00.044+0000] {dagbag.py:541} INFO - Filling up the DagBag from /home/airflow/.local/lib/python3.7/site-packages/airflow/example_dags/example_time_delta_sensor_async.py
[2024-05-27T16:47:00.046+0000] {processor.py:809} INFO - DAG(s) dict_keys(['example_time_delta_sensor_async']) retrieved from /home/airflow/.local/lib/python3.7/site-packages/airflow/example_dags/example_time_delta_sensor_async.py
[2024-05-27T16:47:00.062+0000] {logging_mixin.py:149} INFO - [2024-05-27T16:47:00.062+0000] {dag.py:2726} INFO - Sync 1 DAGs
[2024-05-27T16:47:00.075+0000] {logging_mixin.py:149} INFO - [2024-05-27T16:47:00.075+0000] {dag.py:3490} INFO - Setting next_dagrun for example_time_delta_sensor_async to None, run_after=None
[2024-05-27T16:47:00.089+0000] {processor.py:178} INFO - Processing /home/airflow/.local/lib/python3.7/site-packages/airflow/example_dags/example_time_delta_sensor_async.py took 0.048 seconds
[2024-05-27T16:47:30.819+0000] {processor.py:156} INFO - Started process (PID=906) to work on /home/airflow/.local/lib/python3.7/site-packages/airflow/example_dags/example_time_delta_sensor_async.py
[2024-05-27T16:47:30.819+0000] {processor.py:799} INFO - Processing file /home/airflow/.local/lib/python3.7/site-packages/airflow/example_dags/example_time_delta_sensor_async.py for tasks to queue
[2024-05-27T16:47:30.820+0000] {logging_mixin.py:149} INFO - [2024-05-27T16:47:30.820+0000] {dagbag.py:541} INFO - Filling up the DagBag from /home/airflow/.local/lib/python3.7/site-packages/airflow/example_dags/example_time_delta_sensor_async.py
[2024-05-27T16:47:30.822+0000] {processor.py:809} INFO - DAG(s) dict_keys(['example_time_delta_sensor_async']) retrieved from /home/airflow/.local/lib/python3.7/site-packages/airflow/example_dags/example_time_delta_sensor_async.py
[2024-05-27T16:47:30.836+0000] {logging_mixin.py:149} INFO - [2024-05-27T16:47:30.836+0000] {dag.py:2726} INFO - Sync 1 DAGs
[2024-05-27T16:47:30.848+0000] {logging_mixin.py:149} INFO - [2024-05-27T16:47:30.848+0000] {dag.py:3490} INFO - Setting next_dagrun for example_time_delta_sensor_async to None, run_after=None
[2024-05-27T16:47:30.857+0000] {processor.py:178} INFO - Processing /home/airflow/.local/lib/python3.7/site-packages/airflow/example_dags/example_time_delta_sensor_async.py took 0.040 seconds
[2024-05-27T16:48:01.596+0000] {processor.py:156} INFO - Started process (PID=966) to work on /home/airflow/.local/lib/python3.7/site-packages/airflow/example_dags/example_time_delta_sensor_async.py
[2024-05-27T16:48:01.596+0000] {processor.py:799} INFO - Processing file /home/airflow/.local/lib/python3.7/site-packages/airflow/example_dags/example_time_delta_sensor_async.py for tasks to queue
[2024-05-27T16:48:01.597+0000] {logging_mixin.py:149} INFO - [2024-05-27T16:48:01.597+0000] {dagbag.py:541} INFO - Filling up the DagBag from /home/airflow/.local/lib/python3.7/site-packages/airflow/example_dags/example_time_delta_sensor_async.py
[2024-05-27T16:48:01.599+0000] {processor.py:809} INFO - DAG(s) dict_keys(['example_time_delta_sensor_async']) retrieved from /home/airflow/.local/lib/python3.7/site-packages/airflow/example_dags/example_time_delta_sensor_async.py
[2024-05-27T16:48:01.615+0000] {logging_mixin.py:149} INFO - [2024-05-27T16:48:01.615+0000] {dag.py:2726} INFO - Sync 1 DAGs
[2024-05-27T16:48:01.630+0000] {logging_mixin.py:149} INFO - [2024-05-27T16:48:01.630+0000] {dag.py:3490} INFO - Setting next_dagrun for example_time_delta_sensor_async to None, run_after=None
[2024-05-27T16:48:01.640+0000] {processor.py:178} INFO - Processing /home/airflow/.local/lib/python3.7/site-packages/airflow/example_dags/example_time_delta_sensor_async.py took 0.046 seconds
[2024-05-27T16:48:32.338+0000] {processor.py:156} INFO - Started process (PID=1026) to work on /home/airflow/.local/lib/python3.7/site-packages/airflow/example_dags/example_time_delta_sensor_async.py
[2024-05-27T16:48:32.339+0000] {processor.py:799} INFO - Processing file /home/airflow/.local/lib/python3.7/site-packages/airflow/example_dags/example_time_delta_sensor_async.py for tasks to queue
[2024-05-27T16:48:32.339+0000] {logging_mixin.py:149} INFO - [2024-05-27T16:48:32.339+0000] {dagbag.py:541} INFO - Filling up the DagBag from /home/airflow/.local/lib/python3.7/site-packages/airflow/example_dags/example_time_delta_sensor_async.py
[2024-05-27T16:48:32.342+0000] {processor.py:809} INFO - DAG(s) dict_keys(['example_time_delta_sensor_async']) retrieved from /home/airflow/.local/lib/python3.7/site-packages/airflow/example_dags/example_time_delta_sensor_async.py
[2024-05-27T16:48:32.355+0000] {logging_mixin.py:149} INFO - [2024-05-27T16:48:32.355+0000] {dag.py:2726} INFO - Sync 1 DAGs
[2024-05-27T16:48:32.369+0000] {logging_mixin.py:149} INFO - [2024-05-27T16:48:32.369+0000] {dag.py:3490} INFO - Setting next_dagrun for example_time_delta_sensor_async to None, run_after=None
[2024-05-27T16:48:32.378+0000] {processor.py:178} INFO - Processing /home/airflow/.local/lib/python3.7/site-packages/airflow/example_dags/example_time_delta_sensor_async.py took 0.042 seconds
[2024-05-27T16:49:03.069+0000] {processor.py:156} INFO - Started process (PID=1086) to work on /home/airflow/.local/lib/python3.7/site-packages/airflow/example_dags/example_time_delta_sensor_async.py
[2024-05-27T16:49:03.069+0000] {processor.py:799} INFO - Processing file /home/airflow/.local/lib/python3.7/site-packages/airflow/example_dags/example_time_delta_sensor_async.py for tasks to queue
[2024-05-27T16:49:03.070+0000] {logging_mixin.py:149} INFO - [2024-05-27T16:49:03.070+0000] {dagbag.py:541} INFO - Filling up the DagBag from /home/airflow/.local/lib/python3.7/site-packages/airflow/example_dags/example_time_delta_sensor_async.py
[2024-05-27T16:49:03.073+0000] {processor.py:809} INFO - DAG(s) dict_keys(['example_time_delta_sensor_async']) retrieved from /home/airflow/.local/lib/python3.7/site-packages/airflow/example_dags/example_time_delta_sensor_async.py
[2024-05-27T16:49:03.086+0000] {logging_mixin.py:149} INFO - [2024-05-27T16:49:03.085+0000] {dag.py:2726} INFO - Sync 1 DAGs
[2024-05-27T16:49:03.098+0000] {logging_mixin.py:149} INFO - [2024-05-27T16:49:03.098+0000] {dag.py:3490} INFO - Setting next_dagrun for example_time_delta_sensor_async to None, run_after=None
[2024-05-27T16:49:03.107+0000] {processor.py:178} INFO - Processing /home/airflow/.local/lib/python3.7/site-packages/airflow/example_dags/example_time_delta_sensor_async.py took 0.040 seconds
[2024-05-27T16:50:03.163+0000] {processor.py:156} INFO - Started process (PID=1146) to work on /home/airflow/.local/lib/python3.7/site-packages/airflow/example_dags/example_time_delta_sensor_async.py
[2024-05-27T16:50:03.164+0000] {processor.py:799} INFO - Processing file /home/airflow/.local/lib/python3.7/site-packages/airflow/example_dags/example_time_delta_sensor_async.py for tasks to queue
[2024-05-27T16:50:03.164+0000] {logging_mixin.py:149} INFO - [2024-05-27T16:50:03.164+0000] {dagbag.py:541} INFO - Filling up the DagBag from /home/airflow/.local/lib/python3.7/site-packages/airflow/example_dags/example_time_delta_sensor_async.py
[2024-05-27T16:50:03.167+0000] {processor.py:809} INFO - DAG(s) dict_keys(['example_time_delta_sensor_async']) retrieved from /home/airflow/.local/lib/python3.7/site-packages/airflow/example_dags/example_time_delta_sensor_async.py
[2024-05-27T16:50:03.181+0000] {logging_mixin.py:149} INFO - [2024-05-27T16:50:03.180+0000] {dag.py:2726} INFO - Sync 1 DAGs
[2024-05-27T16:50:03.193+0000] {logging_mixin.py:149} INFO - [2024-05-27T16:50:03.193+0000] {dag.py:3490} INFO - Setting next_dagrun for example_time_delta_sensor_async to None, run_after=None
[2024-05-27T16:50:03.202+0000] {processor.py:178} INFO - Processing /home/airflow/.local/lib/python3.7/site-packages/airflow/example_dags/example_time_delta_sensor_async.py took 0.041 seconds
[2024-05-27T16:50:33.360+0000] {processor.py:156} INFO - Started process (PID=1207) to work on /home/airflow/.local/lib/python3.7/site-packages/airflow/example_dags/example_time_delta_sensor_async.py
[2024-05-27T16:50:33.361+0000] {processor.py:799} INFO - Processing file /home/airflow/.local/lib/python3.7/site-packages/airflow/example_dags/example_time_delta_sensor_async.py for tasks to queue
[2024-05-27T16:50:33.362+0000] {logging_mixin.py:149} INFO - [2024-05-27T16:50:33.361+0000] {dagbag.py:541} INFO - Filling up the DagBag from /home/airflow/.local/lib/python3.7/site-packages/airflow/example_dags/example_time_delta_sensor_async.py
[2024-05-27T16:50:33.364+0000] {processor.py:809} INFO - DAG(s) dict_keys(['example_time_delta_sensor_async']) retrieved from /home/airflow/.local/lib/python3.7/site-packages/airflow/example_dags/example_time_delta_sensor_async.py
[2024-05-27T16:50:33.377+0000] {logging_mixin.py:149} INFO - [2024-05-27T16:50:33.377+0000] {dag.py:2726} INFO - Sync 1 DAGs
[2024-05-27T16:50:33.389+0000] {logging_mixin.py:149} INFO - [2024-05-27T16:50:33.389+0000] {dag.py:3490} INFO - Setting next_dagrun for example_time_delta_sensor_async to None, run_after=None
[2024-05-27T16:50:33.398+0000] {processor.py:178} INFO - Processing /home/airflow/.local/lib/python3.7/site-packages/airflow/example_dags/example_time_delta_sensor_async.py took 0.040 seconds
[2024-05-27T16:51:03.522+0000] {processor.py:156} INFO - Started process (PID=1268) to work on /home/airflow/.local/lib/python3.7/site-packages/airflow/example_dags/example_time_delta_sensor_async.py
[2024-05-27T16:51:03.523+0000] {processor.py:799} INFO - Processing file /home/airflow/.local/lib/python3.7/site-packages/airflow/example_dags/example_time_delta_sensor_async.py for tasks to queue
[2024-05-27T16:51:03.523+0000] {logging_mixin.py:149} INFO - [2024-05-27T16:51:03.523+0000] {dagbag.py:541} INFO - Filling up the DagBag from /home/airflow/.local/lib/python3.7/site-packages/airflow/example_dags/example_time_delta_sensor_async.py
[2024-05-27T16:51:03.525+0000] {processor.py:809} INFO - DAG(s) dict_keys(['example_time_delta_sensor_async']) retrieved from /home/airflow/.local/lib/python3.7/site-packages/airflow/example_dags/example_time_delta_sensor_async.py
[2024-05-27T16:51:03.539+0000] {logging_mixin.py:149} INFO - [2024-05-27T16:51:03.539+0000] {dag.py:2726} INFO - Sync 1 DAGs
[2024-05-27T16:51:03.551+0000] {logging_mixin.py:149} INFO - [2024-05-27T16:51:03.551+0000] {dag.py:3490} INFO - Setting next_dagrun for example_time_delta_sensor_async to None, run_after=None
[2024-05-27T16:51:03.560+0000] {processor.py:178} INFO - Processing /home/airflow/.local/lib/python3.7/site-packages/airflow/example_dags/example_time_delta_sensor_async.py took 0.040 seconds
[2024-05-27T16:51:34.683+0000] {processor.py:156} INFO - Started process (PID=1329) to work on /home/airflow/.local/lib/python3.7/site-packages/airflow/example_dags/example_time_delta_sensor_async.py
[2024-05-27T16:51:34.683+0000] {processor.py:799} INFO - Processing file /home/airflow/.local/lib/python3.7/site-packages/airflow/example_dags/example_time_delta_sensor_async.py for tasks to queue
[2024-05-27T16:51:34.684+0000] {logging_mixin.py:149} INFO - [2024-05-27T16:51:34.684+0000] {dagbag.py:541} INFO - Filling up the DagBag from /home/airflow/.local/lib/python3.7/site-packages/airflow/example_dags/example_time_delta_sensor_async.py
[2024-05-27T16:51:34.686+0000] {processor.py:809} INFO - DAG(s) dict_keys(['example_time_delta_sensor_async']) retrieved from /home/airflow/.local/lib/python3.7/site-packages/airflow/example_dags/example_time_delta_sensor_async.py
[2024-05-27T16:51:34.699+0000] {logging_mixin.py:149} INFO - [2024-05-27T16:51:34.699+0000] {dag.py:2726} INFO - Sync 1 DAGs
[2024-05-27T16:51:34.711+0000] {logging_mixin.py:149} INFO - [2024-05-27T16:51:34.711+0000] {dag.py:3490} INFO - Setting next_dagrun for example_time_delta_sensor_async to None, run_after=None
[2024-05-27T16:51:34.719+0000] {processor.py:178} INFO - Processing /home/airflow/.local/lib/python3.7/site-packages/airflow/example_dags/example_time_delta_sensor_async.py took 0.038 seconds
[2024-05-27T16:52:20.691+0000] {processor.py:156} INFO - Started process (PID=1424) to work on /home/airflow/.local/lib/python3.7/site-packages/airflow/example_dags/example_time_delta_sensor_async.py
[2024-05-27T16:52:20.694+0000] {processor.py:799} INFO - Processing file /home/airflow/.local/lib/python3.7/site-packages/airflow/example_dags/example_time_delta_sensor_async.py for tasks to queue
[2024-05-27T16:52:20.696+0000] {logging_mixin.py:149} INFO - [2024-05-27T16:52:20.695+0000] {dagbag.py:541} INFO - Filling up the DagBag from /home/airflow/.local/lib/python3.7/site-packages/airflow/example_dags/example_time_delta_sensor_async.py
[2024-05-27T16:52:20.719+0000] {processor.py:809} INFO - DAG(s) dict_keys(['example_time_delta_sensor_async']) retrieved from /home/airflow/.local/lib/python3.7/site-packages/airflow/example_dags/example_time_delta_sensor_async.py
[2024-05-27T16:52:20.833+0000] {logging_mixin.py:149} INFO - [2024-05-27T16:52:20.833+0000] {dag.py:2726} INFO - Sync 1 DAGs
[2024-05-27T16:52:20.918+0000] {logging_mixin.py:149} INFO - [2024-05-27T16:52:20.918+0000] {dag.py:3490} INFO - Setting next_dagrun for example_time_delta_sensor_async to None, run_after=None
[2024-05-27T16:52:20.958+0000] {processor.py:178} INFO - Processing /home/airflow/.local/lib/python3.7/site-packages/airflow/example_dags/example_time_delta_sensor_async.py took 0.273 seconds
