[2024-05-27T16:40:19.560+0000] {processor.py:156} INFO - Started process (PID=42) to work on /home/airflow/.local/lib/python3.7/site-packages/airflow/example_dags/example_short_circuit_operator.py
[2024-05-27T16:40:19.561+0000] {processor.py:799} INFO - Processing file /home/airflow/.local/lib/python3.7/site-packages/airflow/example_dags/example_short_circuit_operator.py for tasks to queue
[2024-05-27T16:40:19.561+0000] {logging_mixin.py:149} INFO - [2024-05-27T16:40:19.561+0000] {dagbag.py:541} INFO - Filling up the DagBag from /home/airflow/.local/lib/python3.7/site-packages/airflow/example_dags/example_short_circuit_operator.py
[2024-05-27T16:40:19.567+0000] {processor.py:809} INFO - DAG(s) dict_keys(['example_short_circuit_operator']) retrieved from /home/airflow/.local/lib/python3.7/site-packages/airflow/example_dags/example_short_circuit_operator.py
[2024-05-27T16:40:19.632+0000] {logging_mixin.py:149} INFO - [2024-05-27T16:40:19.631+0000] {manager.py:504} INFO - Created Permission View: can delete on DAG:example_short_circuit_operator
[2024-05-27T16:40:19.636+0000] {logging_mixin.py:149} INFO - [2024-05-27T16:40:19.636+0000] {manager.py:504} INFO - Created Permission View: can read on DAG:example_short_circuit_operator
[2024-05-27T16:40:19.641+0000] {logging_mixin.py:149} INFO - [2024-05-27T16:40:19.641+0000] {manager.py:504} INFO - Created Permission View: can edit on DAG:example_short_circuit_operator
[2024-05-27T16:40:19.642+0000] {logging_mixin.py:149} INFO - [2024-05-27T16:40:19.642+0000] {dag.py:2726} INFO - Sync 1 DAGs
[2024-05-27T16:40:19.650+0000] {logging_mixin.py:149} INFO - [2024-05-27T16:40:19.650+0000] {dag.py:2747} INFO - Creating ORM DAG for example_short_circuit_operator
[2024-05-27T16:40:19.657+0000] {logging_mixin.py:149} INFO - [2024-05-27T16:40:19.657+0000] {dag.py:3490} INFO - Setting next_dagrun for example_short_circuit_operator to 2024-05-26T16:40:19.657022+00:00, run_after=2024-05-27T16:40:19.657022+00:00
[2024-05-27T16:40:19.667+0000] {processor.py:178} INFO - Processing /home/airflow/.local/lib/python3.7/site-packages/airflow/example_dags/example_short_circuit_operator.py took 0.109 seconds
[2024-05-27T16:40:49.908+0000] {processor.py:156} INFO - Started process (PID=102) to work on /home/airflow/.local/lib/python3.7/site-packages/airflow/example_dags/example_short_circuit_operator.py
[2024-05-27T16:40:49.909+0000] {processor.py:799} INFO - Processing file /home/airflow/.local/lib/python3.7/site-packages/airflow/example_dags/example_short_circuit_operator.py for tasks to queue
[2024-05-27T16:40:49.910+0000] {logging_mixin.py:149} INFO - [2024-05-27T16:40:49.909+0000] {dagbag.py:541} INFO - Filling up the DagBag from /home/airflow/.local/lib/python3.7/site-packages/airflow/example_dags/example_short_circuit_operator.py
[2024-05-27T16:40:49.915+0000] {processor.py:809} INFO - DAG(s) dict_keys(['example_short_circuit_operator']) retrieved from /home/airflow/.local/lib/python3.7/site-packages/airflow/example_dags/example_short_circuit_operator.py
[2024-05-27T16:40:49.928+0000] {logging_mixin.py:149} INFO - [2024-05-27T16:40:49.928+0000] {dag.py:2726} INFO - Sync 1 DAGs
[2024-05-27T16:40:49.940+0000] {logging_mixin.py:149} INFO - [2024-05-27T16:40:49.940+0000] {dag.py:3490} INFO - Setting next_dagrun for example_short_circuit_operator to 2024-05-26T16:40:49.939850+00:00, run_after=2024-05-27T16:40:49.939850+00:00
[2024-05-27T16:40:49.948+0000] {processor.py:178} INFO - Processing /home/airflow/.local/lib/python3.7/site-packages/airflow/example_dags/example_short_circuit_operator.py took 0.042 seconds
[2024-05-27T16:41:20.236+0000] {processor.py:156} INFO - Started process (PID=162) to work on /home/airflow/.local/lib/python3.7/site-packages/airflow/example_dags/example_short_circuit_operator.py
[2024-05-27T16:41:20.237+0000] {processor.py:799} INFO - Processing file /home/airflow/.local/lib/python3.7/site-packages/airflow/example_dags/example_short_circuit_operator.py for tasks to queue
[2024-05-27T16:41:20.237+0000] {logging_mixin.py:149} INFO - [2024-05-27T16:41:20.237+0000] {dagbag.py:541} INFO - Filling up the DagBag from /home/airflow/.local/lib/python3.7/site-packages/airflow/example_dags/example_short_circuit_operator.py
[2024-05-27T16:41:20.243+0000] {processor.py:809} INFO - DAG(s) dict_keys(['example_short_circuit_operator']) retrieved from /home/airflow/.local/lib/python3.7/site-packages/airflow/example_dags/example_short_circuit_operator.py
[2024-05-27T16:41:20.260+0000] {logging_mixin.py:149} INFO - [2024-05-27T16:41:20.260+0000] {dag.py:2726} INFO - Sync 1 DAGs
[2024-05-27T16:41:20.274+0000] {logging_mixin.py:149} INFO - [2024-05-27T16:41:20.274+0000] {dag.py:3490} INFO - Setting next_dagrun for example_short_circuit_operator to 2024-05-26T16:41:20.274157+00:00, run_after=2024-05-27T16:41:20.274157+00:00
[2024-05-27T16:41:20.283+0000] {processor.py:178} INFO - Processing /home/airflow/.local/lib/python3.7/site-packages/airflow/example_dags/example_short_circuit_operator.py took 0.050 seconds
[2024-05-27T16:41:51.278+0000] {processor.py:156} INFO - Started process (PID=222) to work on /home/airflow/.local/lib/python3.7/site-packages/airflow/example_dags/example_short_circuit_operator.py
[2024-05-27T16:41:51.279+0000] {processor.py:799} INFO - Processing file /home/airflow/.local/lib/python3.7/site-packages/airflow/example_dags/example_short_circuit_operator.py for tasks to queue
[2024-05-27T16:41:51.279+0000] {logging_mixin.py:149} INFO - [2024-05-27T16:41:51.279+0000] {dagbag.py:541} INFO - Filling up the DagBag from /home/airflow/.local/lib/python3.7/site-packages/airflow/example_dags/example_short_circuit_operator.py
[2024-05-27T16:41:51.285+0000] {processor.py:809} INFO - DAG(s) dict_keys(['example_short_circuit_operator']) retrieved from /home/airflow/.local/lib/python3.7/site-packages/airflow/example_dags/example_short_circuit_operator.py
[2024-05-27T16:41:51.304+0000] {logging_mixin.py:149} INFO - [2024-05-27T16:41:51.304+0000] {dag.py:2726} INFO - Sync 1 DAGs
[2024-05-27T16:41:51.319+0000] {logging_mixin.py:149} INFO - [2024-05-27T16:41:51.319+0000] {dag.py:3490} INFO - Setting next_dagrun for example_short_circuit_operator to 2024-05-26T16:41:51.319420+00:00, run_after=2024-05-27T16:41:51.319420+00:00
[2024-05-27T16:41:51.329+0000] {processor.py:178} INFO - Processing /home/airflow/.local/lib/python3.7/site-packages/airflow/example_dags/example_short_circuit_operator.py took 0.053 seconds
[2024-05-27T16:42:21.568+0000] {processor.py:156} INFO - Started process (PID=282) to work on /home/airflow/.local/lib/python3.7/site-packages/airflow/example_dags/example_short_circuit_operator.py
[2024-05-27T16:42:21.569+0000] {processor.py:799} INFO - Processing file /home/airflow/.local/lib/python3.7/site-packages/airflow/example_dags/example_short_circuit_operator.py for tasks to queue
[2024-05-27T16:42:21.569+0000] {logging_mixin.py:149} INFO - [2024-05-27T16:42:21.569+0000] {dagbag.py:541} INFO - Filling up the DagBag from /home/airflow/.local/lib/python3.7/site-packages/airflow/example_dags/example_short_circuit_operator.py
[2024-05-27T16:42:21.574+0000] {processor.py:809} INFO - DAG(s) dict_keys(['example_short_circuit_operator']) retrieved from /home/airflow/.local/lib/python3.7/site-packages/airflow/example_dags/example_short_circuit_operator.py
[2024-05-27T16:42:21.590+0000] {logging_mixin.py:149} INFO - [2024-05-27T16:42:21.590+0000] {dag.py:2726} INFO - Sync 1 DAGs
[2024-05-27T16:42:21.604+0000] {logging_mixin.py:149} INFO - [2024-05-27T16:42:21.604+0000] {dag.py:3490} INFO - Setting next_dagrun for example_short_circuit_operator to 2024-05-26T16:42:21.604341+00:00, run_after=2024-05-27T16:42:21.604341+00:00
[2024-05-27T16:42:21.614+0000] {processor.py:178} INFO - Processing /home/airflow/.local/lib/python3.7/site-packages/airflow/example_dags/example_short_circuit_operator.py took 0.048 seconds
[2024-05-27T16:42:51.810+0000] {processor.py:156} INFO - Started process (PID=342) to work on /home/airflow/.local/lib/python3.7/site-packages/airflow/example_dags/example_short_circuit_operator.py
[2024-05-27T16:42:51.811+0000] {processor.py:799} INFO - Processing file /home/airflow/.local/lib/python3.7/site-packages/airflow/example_dags/example_short_circuit_operator.py for tasks to queue
[2024-05-27T16:42:51.811+0000] {logging_mixin.py:149} INFO - [2024-05-27T16:42:51.811+0000] {dagbag.py:541} INFO - Filling up the DagBag from /home/airflow/.local/lib/python3.7/site-packages/airflow/example_dags/example_short_circuit_operator.py
[2024-05-27T16:42:51.816+0000] {processor.py:809} INFO - DAG(s) dict_keys(['example_short_circuit_operator']) retrieved from /home/airflow/.local/lib/python3.7/site-packages/airflow/example_dags/example_short_circuit_operator.py
[2024-05-27T16:42:51.831+0000] {logging_mixin.py:149} INFO - [2024-05-27T16:42:51.831+0000] {dag.py:2726} INFO - Sync 1 DAGs
[2024-05-27T16:42:51.844+0000] {logging_mixin.py:149} INFO - [2024-05-27T16:42:51.844+0000] {dag.py:3490} INFO - Setting next_dagrun for example_short_circuit_operator to 2024-05-26T16:42:51.843881+00:00, run_after=2024-05-27T16:42:51.843881+00:00
[2024-05-27T16:42:51.853+0000] {processor.py:178} INFO - Processing /home/airflow/.local/lib/python3.7/site-packages/airflow/example_dags/example_short_circuit_operator.py took 0.045 seconds
[2024-05-27T16:43:22.600+0000] {processor.py:156} INFO - Started process (PID=402) to work on /home/airflow/.local/lib/python3.7/site-packages/airflow/example_dags/example_short_circuit_operator.py
[2024-05-27T16:43:22.600+0000] {processor.py:799} INFO - Processing file /home/airflow/.local/lib/python3.7/site-packages/airflow/example_dags/example_short_circuit_operator.py for tasks to queue
[2024-05-27T16:43:22.601+0000] {logging_mixin.py:149} INFO - [2024-05-27T16:43:22.601+0000] {dagbag.py:541} INFO - Filling up the DagBag from /home/airflow/.local/lib/python3.7/site-packages/airflow/example_dags/example_short_circuit_operator.py
[2024-05-27T16:43:22.606+0000] {processor.py:809} INFO - DAG(s) dict_keys(['example_short_circuit_operator']) retrieved from /home/airflow/.local/lib/python3.7/site-packages/airflow/example_dags/example_short_circuit_operator.py
[2024-05-27T16:43:22.620+0000] {logging_mixin.py:149} INFO - [2024-05-27T16:43:22.620+0000] {dag.py:2726} INFO - Sync 1 DAGs
[2024-05-27T16:43:22.633+0000] {logging_mixin.py:149} INFO - [2024-05-27T16:43:22.633+0000] {dag.py:3490} INFO - Setting next_dagrun for example_short_circuit_operator to 2024-05-26T16:43:22.633255+00:00, run_after=2024-05-27T16:43:22.633255+00:00
[2024-05-27T16:43:22.641+0000] {processor.py:178} INFO - Processing /home/airflow/.local/lib/python3.7/site-packages/airflow/example_dags/example_short_circuit_operator.py took 0.044 seconds
[2024-05-27T16:43:53.539+0000] {processor.py:156} INFO - Started process (PID=462) to work on /home/airflow/.local/lib/python3.7/site-packages/airflow/example_dags/example_short_circuit_operator.py
[2024-05-27T16:43:53.540+0000] {processor.py:799} INFO - Processing file /home/airflow/.local/lib/python3.7/site-packages/airflow/example_dags/example_short_circuit_operator.py for tasks to queue
[2024-05-27T16:43:53.540+0000] {logging_mixin.py:149} INFO - [2024-05-27T16:43:53.540+0000] {dagbag.py:541} INFO - Filling up the DagBag from /home/airflow/.local/lib/python3.7/site-packages/airflow/example_dags/example_short_circuit_operator.py
[2024-05-27T16:43:53.545+0000] {processor.py:809} INFO - DAG(s) dict_keys(['example_short_circuit_operator']) retrieved from /home/airflow/.local/lib/python3.7/site-packages/airflow/example_dags/example_short_circuit_operator.py
[2024-05-27T16:43:53.559+0000] {logging_mixin.py:149} INFO - [2024-05-27T16:43:53.559+0000] {dag.py:2726} INFO - Sync 1 DAGs
[2024-05-27T16:43:53.572+0000] {logging_mixin.py:149} INFO - [2024-05-27T16:43:53.572+0000] {dag.py:3490} INFO - Setting next_dagrun for example_short_circuit_operator to 2024-05-26T16:43:53.572598+00:00, run_after=2024-05-27T16:43:53.572598+00:00
[2024-05-27T16:43:53.581+0000] {processor.py:178} INFO - Processing /home/airflow/.local/lib/python3.7/site-packages/airflow/example_dags/example_short_circuit_operator.py took 0.044 seconds
[2024-05-27T16:44:24.319+0000] {processor.py:156} INFO - Started process (PID=522) to work on /home/airflow/.local/lib/python3.7/site-packages/airflow/example_dags/example_short_circuit_operator.py
[2024-05-27T16:44:24.319+0000] {processor.py:799} INFO - Processing file /home/airflow/.local/lib/python3.7/site-packages/airflow/example_dags/example_short_circuit_operator.py for tasks to queue
[2024-05-27T16:44:24.320+0000] {logging_mixin.py:149} INFO - [2024-05-27T16:44:24.320+0000] {dagbag.py:541} INFO - Filling up the DagBag from /home/airflow/.local/lib/python3.7/site-packages/airflow/example_dags/example_short_circuit_operator.py
[2024-05-27T16:44:24.325+0000] {processor.py:809} INFO - DAG(s) dict_keys(['example_short_circuit_operator']) retrieved from /home/airflow/.local/lib/python3.7/site-packages/airflow/example_dags/example_short_circuit_operator.py
[2024-05-27T16:44:24.339+0000] {logging_mixin.py:149} INFO - [2024-05-27T16:44:24.339+0000] {dag.py:2726} INFO - Sync 1 DAGs
[2024-05-27T16:44:24.353+0000] {logging_mixin.py:149} INFO - [2024-05-27T16:44:24.353+0000] {dag.py:3490} INFO - Setting next_dagrun for example_short_circuit_operator to 2024-05-26T16:44:24.353208+00:00, run_after=2024-05-27T16:44:24.353208+00:00
[2024-05-27T16:44:24.362+0000] {processor.py:178} INFO - Processing /home/airflow/.local/lib/python3.7/site-packages/airflow/example_dags/example_short_circuit_operator.py took 0.045 seconds
[2024-05-27T16:44:54.428+0000] {processor.py:156} INFO - Started process (PID=582) to work on /home/airflow/.local/lib/python3.7/site-packages/airflow/example_dags/example_short_circuit_operator.py
[2024-05-27T16:44:54.429+0000] {processor.py:799} INFO - Processing file /home/airflow/.local/lib/python3.7/site-packages/airflow/example_dags/example_short_circuit_operator.py for tasks to queue
[2024-05-27T16:44:54.429+0000] {logging_mixin.py:149} INFO - [2024-05-27T16:44:54.429+0000] {dagbag.py:541} INFO - Filling up the DagBag from /home/airflow/.local/lib/python3.7/site-packages/airflow/example_dags/example_short_circuit_operator.py
[2024-05-27T16:44:54.435+0000] {processor.py:809} INFO - DAG(s) dict_keys(['example_short_circuit_operator']) retrieved from /home/airflow/.local/lib/python3.7/site-packages/airflow/example_dags/example_short_circuit_operator.py
[2024-05-27T16:44:54.451+0000] {logging_mixin.py:149} INFO - [2024-05-27T16:44:54.451+0000] {dag.py:2726} INFO - Sync 1 DAGs
[2024-05-27T16:44:54.464+0000] {logging_mixin.py:149} INFO - [2024-05-27T16:44:54.464+0000] {dag.py:3490} INFO - Setting next_dagrun for example_short_circuit_operator to 2024-05-26T16:44:54.464076+00:00, run_after=2024-05-27T16:44:54.464076+00:00
[2024-05-27T16:44:54.473+0000] {processor.py:178} INFO - Processing /home/airflow/.local/lib/python3.7/site-packages/airflow/example_dags/example_short_circuit_operator.py took 0.048 seconds
[2024-05-27T16:45:25.449+0000] {processor.py:156} INFO - Started process (PID=642) to work on /home/airflow/.local/lib/python3.7/site-packages/airflow/example_dags/example_short_circuit_operator.py
[2024-05-27T16:45:25.450+0000] {processor.py:799} INFO - Processing file /home/airflow/.local/lib/python3.7/site-packages/airflow/example_dags/example_short_circuit_operator.py for tasks to queue
[2024-05-27T16:45:25.450+0000] {logging_mixin.py:149} INFO - [2024-05-27T16:45:25.450+0000] {dagbag.py:541} INFO - Filling up the DagBag from /home/airflow/.local/lib/python3.7/site-packages/airflow/example_dags/example_short_circuit_operator.py
[2024-05-27T16:45:25.455+0000] {processor.py:809} INFO - DAG(s) dict_keys(['example_short_circuit_operator']) retrieved from /home/airflow/.local/lib/python3.7/site-packages/airflow/example_dags/example_short_circuit_operator.py
[2024-05-27T16:45:25.471+0000] {logging_mixin.py:149} INFO - [2024-05-27T16:45:25.471+0000] {dag.py:2726} INFO - Sync 1 DAGs
[2024-05-27T16:45:25.484+0000] {logging_mixin.py:149} INFO - [2024-05-27T16:45:25.484+0000] {dag.py:3490} INFO - Setting next_dagrun for example_short_circuit_operator to 2024-05-26T16:45:25.484668+00:00, run_after=2024-05-27T16:45:25.484668+00:00
[2024-05-27T16:45:25.495+0000] {processor.py:178} INFO - Processing /home/airflow/.local/lib/python3.7/site-packages/airflow/example_dags/example_short_circuit_operator.py took 0.048 seconds
[2024-05-27T16:45:56.212+0000] {processor.py:156} INFO - Started process (PID=702) to work on /home/airflow/.local/lib/python3.7/site-packages/airflow/example_dags/example_short_circuit_operator.py
[2024-05-27T16:45:56.213+0000] {processor.py:799} INFO - Processing file /home/airflow/.local/lib/python3.7/site-packages/airflow/example_dags/example_short_circuit_operator.py for tasks to queue
[2024-05-27T16:45:56.213+0000] {logging_mixin.py:149} INFO - [2024-05-27T16:45:56.213+0000] {dagbag.py:541} INFO - Filling up the DagBag from /home/airflow/.local/lib/python3.7/site-packages/airflow/example_dags/example_short_circuit_operator.py
[2024-05-27T16:45:56.219+0000] {processor.py:809} INFO - DAG(s) dict_keys(['example_short_circuit_operator']) retrieved from /home/airflow/.local/lib/python3.7/site-packages/airflow/example_dags/example_short_circuit_operator.py
[2024-05-27T16:45:56.234+0000] {logging_mixin.py:149} INFO - [2024-05-27T16:45:56.234+0000] {dag.py:2726} INFO - Sync 1 DAGs
[2024-05-27T16:45:56.248+0000] {logging_mixin.py:149} INFO - [2024-05-27T16:45:56.248+0000] {dag.py:3490} INFO - Setting next_dagrun for example_short_circuit_operator to 2024-05-26T16:45:56.248371+00:00, run_after=2024-05-27T16:45:56.248371+00:00
[2024-05-27T16:45:56.257+0000] {processor.py:178} INFO - Processing /home/airflow/.local/lib/python3.7/site-packages/airflow/example_dags/example_short_circuit_operator.py took 0.048 seconds
[2024-05-27T16:46:26.395+0000] {processor.py:156} INFO - Started process (PID=762) to work on /home/airflow/.local/lib/python3.7/site-packages/airflow/example_dags/example_short_circuit_operator.py
[2024-05-27T16:46:26.395+0000] {processor.py:799} INFO - Processing file /home/airflow/.local/lib/python3.7/site-packages/airflow/example_dags/example_short_circuit_operator.py for tasks to queue
[2024-05-27T16:46:26.396+0000] {logging_mixin.py:149} INFO - [2024-05-27T16:46:26.396+0000] {dagbag.py:541} INFO - Filling up the DagBag from /home/airflow/.local/lib/python3.7/site-packages/airflow/example_dags/example_short_circuit_operator.py
[2024-05-27T16:46:26.400+0000] {processor.py:809} INFO - DAG(s) dict_keys(['example_short_circuit_operator']) retrieved from /home/airflow/.local/lib/python3.7/site-packages/airflow/example_dags/example_short_circuit_operator.py
[2024-05-27T16:46:26.414+0000] {logging_mixin.py:149} INFO - [2024-05-27T16:46:26.414+0000] {dag.py:2726} INFO - Sync 1 DAGs
[2024-05-27T16:46:26.427+0000] {logging_mixin.py:149} INFO - [2024-05-27T16:46:26.427+0000] {dag.py:3490} INFO - Setting next_dagrun for example_short_circuit_operator to 2024-05-26T16:46:26.427406+00:00, run_after=2024-05-27T16:46:26.427406+00:00
[2024-05-27T16:46:26.436+0000] {processor.py:178} INFO - Processing /home/airflow/.local/lib/python3.7/site-packages/airflow/example_dags/example_short_circuit_operator.py took 0.043 seconds
[2024-05-27T16:46:57.281+0000] {processor.py:156} INFO - Started process (PID=822) to work on /home/airflow/.local/lib/python3.7/site-packages/airflow/example_dags/example_short_circuit_operator.py
[2024-05-27T16:46:57.281+0000] {processor.py:799} INFO - Processing file /home/airflow/.local/lib/python3.7/site-packages/airflow/example_dags/example_short_circuit_operator.py for tasks to queue
[2024-05-27T16:46:57.282+0000] {logging_mixin.py:149} INFO - [2024-05-27T16:46:57.282+0000] {dagbag.py:541} INFO - Filling up the DagBag from /home/airflow/.local/lib/python3.7/site-packages/airflow/example_dags/example_short_circuit_operator.py
[2024-05-27T16:46:57.287+0000] {processor.py:809} INFO - DAG(s) dict_keys(['example_short_circuit_operator']) retrieved from /home/airflow/.local/lib/python3.7/site-packages/airflow/example_dags/example_short_circuit_operator.py
[2024-05-27T16:46:57.301+0000] {logging_mixin.py:149} INFO - [2024-05-27T16:46:57.301+0000] {dag.py:2726} INFO - Sync 1 DAGs
[2024-05-27T16:46:57.314+0000] {logging_mixin.py:149} INFO - [2024-05-27T16:46:57.314+0000] {dag.py:3490} INFO - Setting next_dagrun for example_short_circuit_operator to 2024-05-26T16:46:57.314460+00:00, run_after=2024-05-27T16:46:57.314460+00:00
[2024-05-27T16:46:57.323+0000] {processor.py:178} INFO - Processing /home/airflow/.local/lib/python3.7/site-packages/airflow/example_dags/example_short_circuit_operator.py took 0.044 seconds
[2024-05-27T16:47:28.056+0000] {processor.py:156} INFO - Started process (PID=882) to work on /home/airflow/.local/lib/python3.7/site-packages/airflow/example_dags/example_short_circuit_operator.py
[2024-05-27T16:47:28.057+0000] {processor.py:799} INFO - Processing file /home/airflow/.local/lib/python3.7/site-packages/airflow/example_dags/example_short_circuit_operator.py for tasks to queue
[2024-05-27T16:47:28.057+0000] {logging_mixin.py:149} INFO - [2024-05-27T16:47:28.057+0000] {dagbag.py:541} INFO - Filling up the DagBag from /home/airflow/.local/lib/python3.7/site-packages/airflow/example_dags/example_short_circuit_operator.py
[2024-05-27T16:47:28.062+0000] {processor.py:809} INFO - DAG(s) dict_keys(['example_short_circuit_operator']) retrieved from /home/airflow/.local/lib/python3.7/site-packages/airflow/example_dags/example_short_circuit_operator.py
[2024-05-27T16:47:28.076+0000] {logging_mixin.py:149} INFO - [2024-05-27T16:47:28.076+0000] {dag.py:2726} INFO - Sync 1 DAGs
[2024-05-27T16:47:28.089+0000] {logging_mixin.py:149} INFO - [2024-05-27T16:47:28.089+0000] {dag.py:3490} INFO - Setting next_dagrun for example_short_circuit_operator to 2024-05-26T16:47:28.089047+00:00, run_after=2024-05-27T16:47:28.089047+00:00
[2024-05-27T16:47:28.097+0000] {processor.py:178} INFO - Processing /home/airflow/.local/lib/python3.7/site-packages/airflow/example_dags/example_short_circuit_operator.py took 0.043 seconds
[2024-05-27T16:47:58.841+0000] {processor.py:156} INFO - Started process (PID=942) to work on /home/airflow/.local/lib/python3.7/site-packages/airflow/example_dags/example_short_circuit_operator.py
[2024-05-27T16:47:58.841+0000] {processor.py:799} INFO - Processing file /home/airflow/.local/lib/python3.7/site-packages/airflow/example_dags/example_short_circuit_operator.py for tasks to queue
[2024-05-27T16:47:58.842+0000] {logging_mixin.py:149} INFO - [2024-05-27T16:47:58.842+0000] {dagbag.py:541} INFO - Filling up the DagBag from /home/airflow/.local/lib/python3.7/site-packages/airflow/example_dags/example_short_circuit_operator.py
[2024-05-27T16:47:58.846+0000] {processor.py:809} INFO - DAG(s) dict_keys(['example_short_circuit_operator']) retrieved from /home/airflow/.local/lib/python3.7/site-packages/airflow/example_dags/example_short_circuit_operator.py
[2024-05-27T16:47:58.860+0000] {logging_mixin.py:149} INFO - [2024-05-27T16:47:58.860+0000] {dag.py:2726} INFO - Sync 1 DAGs
[2024-05-27T16:47:58.873+0000] {logging_mixin.py:149} INFO - [2024-05-27T16:47:58.873+0000] {dag.py:3490} INFO - Setting next_dagrun for example_short_circuit_operator to 2024-05-26T16:47:58.873588+00:00, run_after=2024-05-27T16:47:58.873588+00:00
[2024-05-27T16:47:58.882+0000] {processor.py:178} INFO - Processing /home/airflow/.local/lib/python3.7/site-packages/airflow/example_dags/example_short_circuit_operator.py took 0.044 seconds
[2024-05-27T16:48:29.624+0000] {processor.py:156} INFO - Started process (PID=1002) to work on /home/airflow/.local/lib/python3.7/site-packages/airflow/example_dags/example_short_circuit_operator.py
[2024-05-27T16:48:29.624+0000] {processor.py:799} INFO - Processing file /home/airflow/.local/lib/python3.7/site-packages/airflow/example_dags/example_short_circuit_operator.py for tasks to queue
[2024-05-27T16:48:29.625+0000] {logging_mixin.py:149} INFO - [2024-05-27T16:48:29.625+0000] {dagbag.py:541} INFO - Filling up the DagBag from /home/airflow/.local/lib/python3.7/site-packages/airflow/example_dags/example_short_circuit_operator.py
[2024-05-27T16:48:29.629+0000] {processor.py:809} INFO - DAG(s) dict_keys(['example_short_circuit_operator']) retrieved from /home/airflow/.local/lib/python3.7/site-packages/airflow/example_dags/example_short_circuit_operator.py
[2024-05-27T16:48:29.643+0000] {logging_mixin.py:149} INFO - [2024-05-27T16:48:29.643+0000] {dag.py:2726} INFO - Sync 1 DAGs
[2024-05-27T16:48:29.656+0000] {logging_mixin.py:149} INFO - [2024-05-27T16:48:29.656+0000] {dag.py:3490} INFO - Setting next_dagrun for example_short_circuit_operator to 2024-05-26T16:48:29.656639+00:00, run_after=2024-05-27T16:48:29.656639+00:00
[2024-05-27T16:48:29.665+0000] {processor.py:178} INFO - Processing /home/airflow/.local/lib/python3.7/site-packages/airflow/example_dags/example_short_circuit_operator.py took 0.044 seconds
[2024-05-27T16:49:00.310+0000] {processor.py:156} INFO - Started process (PID=1062) to work on /home/airflow/.local/lib/python3.7/site-packages/airflow/example_dags/example_short_circuit_operator.py
[2024-05-27T16:49:00.310+0000] {processor.py:799} INFO - Processing file /home/airflow/.local/lib/python3.7/site-packages/airflow/example_dags/example_short_circuit_operator.py for tasks to queue
[2024-05-27T16:49:00.311+0000] {logging_mixin.py:149} INFO - [2024-05-27T16:49:00.311+0000] {dagbag.py:541} INFO - Filling up the DagBag from /home/airflow/.local/lib/python3.7/site-packages/airflow/example_dags/example_short_circuit_operator.py
[2024-05-27T16:49:00.316+0000] {processor.py:809} INFO - DAG(s) dict_keys(['example_short_circuit_operator']) retrieved from /home/airflow/.local/lib/python3.7/site-packages/airflow/example_dags/example_short_circuit_operator.py
[2024-05-27T16:49:00.329+0000] {logging_mixin.py:149} INFO - [2024-05-27T16:49:00.329+0000] {dag.py:2726} INFO - Sync 1 DAGs
[2024-05-27T16:49:00.343+0000] {logging_mixin.py:149} INFO - [2024-05-27T16:49:00.343+0000] {dag.py:3490} INFO - Setting next_dagrun for example_short_circuit_operator to 2024-05-26T16:49:00.342953+00:00, run_after=2024-05-27T16:49:00.342953+00:00
[2024-05-27T16:49:00.351+0000] {processor.py:178} INFO - Processing /home/airflow/.local/lib/python3.7/site-packages/airflow/example_dags/example_short_circuit_operator.py took 0.043 seconds
[2024-05-27T16:50:02.388+0000] {processor.py:156} INFO - Started process (PID=1122) to work on /home/airflow/.local/lib/python3.7/site-packages/airflow/example_dags/example_short_circuit_operator.py
[2024-05-27T16:50:02.388+0000] {processor.py:799} INFO - Processing file /home/airflow/.local/lib/python3.7/site-packages/airflow/example_dags/example_short_circuit_operator.py for tasks to queue
[2024-05-27T16:50:02.389+0000] {logging_mixin.py:149} INFO - [2024-05-27T16:50:02.389+0000] {dagbag.py:541} INFO - Filling up the DagBag from /home/airflow/.local/lib/python3.7/site-packages/airflow/example_dags/example_short_circuit_operator.py
[2024-05-27T16:50:02.394+0000] {processor.py:809} INFO - DAG(s) dict_keys(['example_short_circuit_operator']) retrieved from /home/airflow/.local/lib/python3.7/site-packages/airflow/example_dags/example_short_circuit_operator.py
[2024-05-27T16:50:02.409+0000] {logging_mixin.py:149} INFO - [2024-05-27T16:50:02.409+0000] {dag.py:2726} INFO - Sync 1 DAGs
[2024-05-27T16:50:02.423+0000] {logging_mixin.py:149} INFO - [2024-05-27T16:50:02.423+0000] {dag.py:3490} INFO - Setting next_dagrun for example_short_circuit_operator to 2024-05-26T16:50:02.422931+00:00, run_after=2024-05-27T16:50:02.422931+00:00
[2024-05-27T16:50:02.431+0000] {processor.py:178} INFO - Processing /home/airflow/.local/lib/python3.7/site-packages/airflow/example_dags/example_short_circuit_operator.py took 0.046 seconds
[2024-05-27T16:50:32.535+0000] {processor.py:156} INFO - Started process (PID=1183) to work on /home/airflow/.local/lib/python3.7/site-packages/airflow/example_dags/example_short_circuit_operator.py
[2024-05-27T16:50:32.536+0000] {processor.py:799} INFO - Processing file /home/airflow/.local/lib/python3.7/site-packages/airflow/example_dags/example_short_circuit_operator.py for tasks to queue
[2024-05-27T16:50:32.536+0000] {logging_mixin.py:149} INFO - [2024-05-27T16:50:32.536+0000] {dagbag.py:541} INFO - Filling up the DagBag from /home/airflow/.local/lib/python3.7/site-packages/airflow/example_dags/example_short_circuit_operator.py
[2024-05-27T16:50:32.541+0000] {processor.py:809} INFO - DAG(s) dict_keys(['example_short_circuit_operator']) retrieved from /home/airflow/.local/lib/python3.7/site-packages/airflow/example_dags/example_short_circuit_operator.py
[2024-05-27T16:50:32.557+0000] {logging_mixin.py:149} INFO - [2024-05-27T16:50:32.557+0000] {dag.py:2726} INFO - Sync 1 DAGs
[2024-05-27T16:50:32.569+0000] {logging_mixin.py:149} INFO - [2024-05-27T16:50:32.569+0000] {dag.py:3490} INFO - Setting next_dagrun for example_short_circuit_operator to 2024-05-26T16:50:32.569465+00:00, run_after=2024-05-27T16:50:32.569465+00:00
[2024-05-27T16:50:32.577+0000] {processor.py:178} INFO - Processing /home/airflow/.local/lib/python3.7/site-packages/airflow/example_dags/example_short_circuit_operator.py took 0.044 seconds
[2024-05-27T16:51:02.741+0000] {processor.py:156} INFO - Started process (PID=1244) to work on /home/airflow/.local/lib/python3.7/site-packages/airflow/example_dags/example_short_circuit_operator.py
[2024-05-27T16:51:02.742+0000] {processor.py:799} INFO - Processing file /home/airflow/.local/lib/python3.7/site-packages/airflow/example_dags/example_short_circuit_operator.py for tasks to queue
[2024-05-27T16:51:02.742+0000] {logging_mixin.py:149} INFO - [2024-05-27T16:51:02.742+0000] {dagbag.py:541} INFO - Filling up the DagBag from /home/airflow/.local/lib/python3.7/site-packages/airflow/example_dags/example_short_circuit_operator.py
[2024-05-27T16:51:02.748+0000] {processor.py:809} INFO - DAG(s) dict_keys(['example_short_circuit_operator']) retrieved from /home/airflow/.local/lib/python3.7/site-packages/airflow/example_dags/example_short_circuit_operator.py
[2024-05-27T16:51:02.763+0000] {logging_mixin.py:149} INFO - [2024-05-27T16:51:02.763+0000] {dag.py:2726} INFO - Sync 1 DAGs
[2024-05-27T16:51:02.775+0000] {logging_mixin.py:149} INFO - [2024-05-27T16:51:02.775+0000] {dag.py:3490} INFO - Setting next_dagrun for example_short_circuit_operator to 2024-05-26T16:51:02.775265+00:00, run_after=2024-05-27T16:51:02.775265+00:00
[2024-05-27T16:51:02.784+0000] {processor.py:178} INFO - Processing /home/airflow/.local/lib/python3.7/site-packages/airflow/example_dags/example_short_circuit_operator.py took 0.045 seconds
[2024-05-27T16:51:32.882+0000] {processor.py:156} INFO - Started process (PID=1305) to work on /home/airflow/.local/lib/python3.7/site-packages/airflow/example_dags/example_short_circuit_operator.py
[2024-05-27T16:51:32.883+0000] {processor.py:799} INFO - Processing file /home/airflow/.local/lib/python3.7/site-packages/airflow/example_dags/example_short_circuit_operator.py for tasks to queue
[2024-05-27T16:51:32.883+0000] {logging_mixin.py:149} INFO - [2024-05-27T16:51:32.883+0000] {dagbag.py:541} INFO - Filling up the DagBag from /home/airflow/.local/lib/python3.7/site-packages/airflow/example_dags/example_short_circuit_operator.py
[2024-05-27T16:51:32.889+0000] {processor.py:809} INFO - DAG(s) dict_keys(['example_short_circuit_operator']) retrieved from /home/airflow/.local/lib/python3.7/site-packages/airflow/example_dags/example_short_circuit_operator.py
[2024-05-27T16:51:32.903+0000] {logging_mixin.py:149} INFO - [2024-05-27T16:51:32.903+0000] {dag.py:2726} INFO - Sync 1 DAGs
[2024-05-27T16:51:32.916+0000] {logging_mixin.py:149} INFO - [2024-05-27T16:51:32.916+0000] {dag.py:3490} INFO - Setting next_dagrun for example_short_circuit_operator to 2024-05-26T16:51:32.916122+00:00, run_after=2024-05-27T16:51:32.916122+00:00
[2024-05-27T16:51:32.924+0000] {processor.py:178} INFO - Processing /home/airflow/.local/lib/python3.7/site-packages/airflow/example_dags/example_short_circuit_operator.py took 0.044 seconds
[2024-05-27T16:52:08.578+0000] {processor.py:156} INFO - Started process (PID=1383) to work on /home/airflow/.local/lib/python3.7/site-packages/airflow/example_dags/example_short_circuit_operator.py
[2024-05-27T16:52:08.581+0000] {processor.py:799} INFO - Processing file /home/airflow/.local/lib/python3.7/site-packages/airflow/example_dags/example_short_circuit_operator.py for tasks to queue
[2024-05-27T16:52:08.589+0000] {logging_mixin.py:149} INFO - [2024-05-27T16:52:08.589+0000] {dagbag.py:541} INFO - Filling up the DagBag from /home/airflow/.local/lib/python3.7/site-packages/airflow/example_dags/example_short_circuit_operator.py
[2024-05-27T16:52:08.648+0000] {processor.py:809} INFO - DAG(s) dict_keys(['example_short_circuit_operator']) retrieved from /home/airflow/.local/lib/python3.7/site-packages/airflow/example_dags/example_short_circuit_operator.py
[2024-05-27T16:52:12.185+0000] {logging_mixin.py:149} INFO - [2024-05-27T16:52:12.183+0000] {dag.py:2726} INFO - Sync 1 DAGs
[2024-05-27T16:52:12.320+0000] {logging_mixin.py:149} INFO - [2024-05-27T16:52:12.319+0000] {dag.py:3490} INFO - Setting next_dagrun for example_short_circuit_operator to 2024-05-26T16:52:12.317999+00:00, run_after=2024-05-27T16:52:12.317999+00:00
[2024-05-27T16:52:12.384+0000] {processor.py:178} INFO - Processing /home/airflow/.local/lib/python3.7/site-packages/airflow/example_dags/example_short_circuit_operator.py took 3.821 seconds
