[2024-05-27T16:40:21.579+0000] {processor.py:156} INFO - Started process (PID=59) to work on /home/airflow/.local/lib/python3.7/site-packages/airflow/example_dags/example_branch_operator.py
[2024-05-27T16:40:21.581+0000] {processor.py:799} INFO - Processing file /home/airflow/.local/lib/python3.7/site-packages/airflow/example_dags/example_branch_operator.py for tasks to queue
[2024-05-27T16:40:21.583+0000] {logging_mixin.py:149} INFO - [2024-05-27T16:40:21.582+0000] {dagbag.py:541} INFO - Filling up the DagBag from /home/airflow/.local/lib/python3.7/site-packages/airflow/example_dags/example_branch_operator.py
[2024-05-27T16:40:21.594+0000] {processor.py:809} INFO - DAG(s) dict_keys(['example_branch_operator']) retrieved from /home/airflow/.local/lib/python3.7/site-packages/airflow/example_dags/example_branch_operator.py
[2024-05-27T16:40:21.717+0000] {logging_mixin.py:149} INFO - [2024-05-27T16:40:21.717+0000] {manager.py:504} INFO - Created Permission View: can delete on DAG:example_branch_operator
[2024-05-27T16:40:21.725+0000] {logging_mixin.py:149} INFO - [2024-05-27T16:40:21.725+0000] {manager.py:504} INFO - Created Permission View: can read on DAG:example_branch_operator
[2024-05-27T16:40:21.731+0000] {logging_mixin.py:149} INFO - [2024-05-27T16:40:21.731+0000] {manager.py:504} INFO - Created Permission View: can edit on DAG:example_branch_operator
[2024-05-27T16:40:21.731+0000] {logging_mixin.py:149} INFO - [2024-05-27T16:40:21.731+0000] {dag.py:2726} INFO - Sync 1 DAGs
[2024-05-27T16:40:21.743+0000] {logging_mixin.py:149} INFO - [2024-05-27T16:40:21.743+0000] {dag.py:2747} INFO - Creating ORM DAG for example_branch_operator
[2024-05-27T16:40:21.766+0000] {logging_mixin.py:149} INFO - [2024-05-27T16:40:21.765+0000] {dag.py:3490} INFO - Setting next_dagrun for example_branch_operator to 2024-05-26T00:00:00+00:00, run_after=2024-05-27T00:00:00+00:00
[2024-05-27T16:40:21.784+0000] {processor.py:178} INFO - Processing /home/airflow/.local/lib/python3.7/site-packages/airflow/example_dags/example_branch_operator.py took 0.213 seconds
[2024-05-27T16:40:52.602+0000] {processor.py:156} INFO - Started process (PID=119) to work on /home/airflow/.local/lib/python3.7/site-packages/airflow/example_dags/example_branch_operator.py
[2024-05-27T16:40:52.603+0000] {processor.py:799} INFO - Processing file /home/airflow/.local/lib/python3.7/site-packages/airflow/example_dags/example_branch_operator.py for tasks to queue
[2024-05-27T16:40:52.603+0000] {logging_mixin.py:149} INFO - [2024-05-27T16:40:52.603+0000] {dagbag.py:541} INFO - Filling up the DagBag from /home/airflow/.local/lib/python3.7/site-packages/airflow/example_dags/example_branch_operator.py
[2024-05-27T16:40:52.609+0000] {processor.py:809} INFO - DAG(s) dict_keys(['example_branch_operator']) retrieved from /home/airflow/.local/lib/python3.7/site-packages/airflow/example_dags/example_branch_operator.py
[2024-05-27T16:40:52.624+0000] {logging_mixin.py:149} INFO - [2024-05-27T16:40:52.624+0000] {dag.py:2726} INFO - Sync 1 DAGs
[2024-05-27T16:40:52.638+0000] {logging_mixin.py:149} INFO - [2024-05-27T16:40:52.638+0000] {dag.py:3490} INFO - Setting next_dagrun for example_branch_operator to 2024-05-26T00:00:00+00:00, run_after=2024-05-27T00:00:00+00:00
[2024-05-27T16:40:52.647+0000] {processor.py:178} INFO - Processing /home/airflow/.local/lib/python3.7/site-packages/airflow/example_dags/example_branch_operator.py took 0.047 seconds
[2024-05-27T16:41:22.889+0000] {processor.py:156} INFO - Started process (PID=179) to work on /home/airflow/.local/lib/python3.7/site-packages/airflow/example_dags/example_branch_operator.py
[2024-05-27T16:41:22.890+0000] {processor.py:799} INFO - Processing file /home/airflow/.local/lib/python3.7/site-packages/airflow/example_dags/example_branch_operator.py for tasks to queue
[2024-05-27T16:41:22.891+0000] {logging_mixin.py:149} INFO - [2024-05-27T16:41:22.891+0000] {dagbag.py:541} INFO - Filling up the DagBag from /home/airflow/.local/lib/python3.7/site-packages/airflow/example_dags/example_branch_operator.py
[2024-05-27T16:41:22.896+0000] {processor.py:809} INFO - DAG(s) dict_keys(['example_branch_operator']) retrieved from /home/airflow/.local/lib/python3.7/site-packages/airflow/example_dags/example_branch_operator.py
[2024-05-27T16:41:22.910+0000] {logging_mixin.py:149} INFO - [2024-05-27T16:41:22.910+0000] {dag.py:2726} INFO - Sync 1 DAGs
[2024-05-27T16:41:22.924+0000] {logging_mixin.py:149} INFO - [2024-05-27T16:41:22.924+0000] {dag.py:3490} INFO - Setting next_dagrun for example_branch_operator to 2024-05-26T00:00:00+00:00, run_after=2024-05-27T00:00:00+00:00
[2024-05-27T16:41:22.933+0000] {processor.py:178} INFO - Processing /home/airflow/.local/lib/python3.7/site-packages/airflow/example_dags/example_branch_operator.py took 0.045 seconds
[2024-05-27T16:41:53.934+0000] {processor.py:156} INFO - Started process (PID=239) to work on /home/airflow/.local/lib/python3.7/site-packages/airflow/example_dags/example_branch_operator.py
[2024-05-27T16:41:53.935+0000] {processor.py:799} INFO - Processing file /home/airflow/.local/lib/python3.7/site-packages/airflow/example_dags/example_branch_operator.py for tasks to queue
[2024-05-27T16:41:53.935+0000] {logging_mixin.py:149} INFO - [2024-05-27T16:41:53.935+0000] {dagbag.py:541} INFO - Filling up the DagBag from /home/airflow/.local/lib/python3.7/site-packages/airflow/example_dags/example_branch_operator.py
[2024-05-27T16:41:53.940+0000] {processor.py:809} INFO - DAG(s) dict_keys(['example_branch_operator']) retrieved from /home/airflow/.local/lib/python3.7/site-packages/airflow/example_dags/example_branch_operator.py
[2024-05-27T16:41:53.955+0000] {logging_mixin.py:149} INFO - [2024-05-27T16:41:53.955+0000] {dag.py:2726} INFO - Sync 1 DAGs
[2024-05-27T16:41:53.969+0000] {logging_mixin.py:149} INFO - [2024-05-27T16:41:53.968+0000] {dag.py:3490} INFO - Setting next_dagrun for example_branch_operator to 2024-05-26T00:00:00+00:00, run_after=2024-05-27T00:00:00+00:00
[2024-05-27T16:41:53.977+0000] {processor.py:178} INFO - Processing /home/airflow/.local/lib/python3.7/site-packages/airflow/example_dags/example_branch_operator.py took 0.045 seconds
[2024-05-27T16:42:24.237+0000] {processor.py:156} INFO - Started process (PID=299) to work on /home/airflow/.local/lib/python3.7/site-packages/airflow/example_dags/example_branch_operator.py
[2024-05-27T16:42:24.237+0000] {processor.py:799} INFO - Processing file /home/airflow/.local/lib/python3.7/site-packages/airflow/example_dags/example_branch_operator.py for tasks to queue
[2024-05-27T16:42:24.238+0000] {logging_mixin.py:149} INFO - [2024-05-27T16:42:24.238+0000] {dagbag.py:541} INFO - Filling up the DagBag from /home/airflow/.local/lib/python3.7/site-packages/airflow/example_dags/example_branch_operator.py
[2024-05-27T16:42:24.244+0000] {processor.py:809} INFO - DAG(s) dict_keys(['example_branch_operator']) retrieved from /home/airflow/.local/lib/python3.7/site-packages/airflow/example_dags/example_branch_operator.py
[2024-05-27T16:42:24.259+0000] {logging_mixin.py:149} INFO - [2024-05-27T16:42:24.259+0000] {dag.py:2726} INFO - Sync 1 DAGs
[2024-05-27T16:42:24.275+0000] {logging_mixin.py:149} INFO - [2024-05-27T16:42:24.275+0000] {dag.py:3490} INFO - Setting next_dagrun for example_branch_operator to 2024-05-26T00:00:00+00:00, run_after=2024-05-27T00:00:00+00:00
[2024-05-27T16:42:24.284+0000] {processor.py:178} INFO - Processing /home/airflow/.local/lib/python3.7/site-packages/airflow/example_dags/example_branch_operator.py took 0.050 seconds
[2024-05-27T16:42:54.368+0000] {processor.py:156} INFO - Started process (PID=359) to work on /home/airflow/.local/lib/python3.7/site-packages/airflow/example_dags/example_branch_operator.py
[2024-05-27T16:42:54.369+0000] {processor.py:799} INFO - Processing file /home/airflow/.local/lib/python3.7/site-packages/airflow/example_dags/example_branch_operator.py for tasks to queue
[2024-05-27T16:42:54.369+0000] {logging_mixin.py:149} INFO - [2024-05-27T16:42:54.369+0000] {dagbag.py:541} INFO - Filling up the DagBag from /home/airflow/.local/lib/python3.7/site-packages/airflow/example_dags/example_branch_operator.py
[2024-05-27T16:42:54.374+0000] {processor.py:809} INFO - DAG(s) dict_keys(['example_branch_operator']) retrieved from /home/airflow/.local/lib/python3.7/site-packages/airflow/example_dags/example_branch_operator.py
[2024-05-27T16:42:54.388+0000] {logging_mixin.py:149} INFO - [2024-05-27T16:42:54.388+0000] {dag.py:2726} INFO - Sync 1 DAGs
[2024-05-27T16:42:54.401+0000] {logging_mixin.py:149} INFO - [2024-05-27T16:42:54.401+0000] {dag.py:3490} INFO - Setting next_dagrun for example_branch_operator to 2024-05-26T00:00:00+00:00, run_after=2024-05-27T00:00:00+00:00
[2024-05-27T16:42:54.410+0000] {processor.py:178} INFO - Processing /home/airflow/.local/lib/python3.7/site-packages/airflow/example_dags/example_branch_operator.py took 0.044 seconds
[2024-05-27T16:43:25.248+0000] {processor.py:156} INFO - Started process (PID=419) to work on /home/airflow/.local/lib/python3.7/site-packages/airflow/example_dags/example_branch_operator.py
[2024-05-27T16:43:25.248+0000] {processor.py:799} INFO - Processing file /home/airflow/.local/lib/python3.7/site-packages/airflow/example_dags/example_branch_operator.py for tasks to queue
[2024-05-27T16:43:25.249+0000] {logging_mixin.py:149} INFO - [2024-05-27T16:43:25.249+0000] {dagbag.py:541} INFO - Filling up the DagBag from /home/airflow/.local/lib/python3.7/site-packages/airflow/example_dags/example_branch_operator.py
[2024-05-27T16:43:25.254+0000] {processor.py:809} INFO - DAG(s) dict_keys(['example_branch_operator']) retrieved from /home/airflow/.local/lib/python3.7/site-packages/airflow/example_dags/example_branch_operator.py
[2024-05-27T16:43:25.268+0000] {logging_mixin.py:149} INFO - [2024-05-27T16:43:25.268+0000] {dag.py:2726} INFO - Sync 1 DAGs
[2024-05-27T16:43:25.282+0000] {logging_mixin.py:149} INFO - [2024-05-27T16:43:25.282+0000] {dag.py:3490} INFO - Setting next_dagrun for example_branch_operator to 2024-05-26T00:00:00+00:00, run_after=2024-05-27T00:00:00+00:00
[2024-05-27T16:43:25.291+0000] {processor.py:178} INFO - Processing /home/airflow/.local/lib/python3.7/site-packages/airflow/example_dags/example_branch_operator.py took 0.045 seconds
[2024-05-27T16:43:56.100+0000] {processor.py:156} INFO - Started process (PID=479) to work on /home/airflow/.local/lib/python3.7/site-packages/airflow/example_dags/example_branch_operator.py
[2024-05-27T16:43:56.101+0000] {processor.py:799} INFO - Processing file /home/airflow/.local/lib/python3.7/site-packages/airflow/example_dags/example_branch_operator.py for tasks to queue
[2024-05-27T16:43:56.101+0000] {logging_mixin.py:149} INFO - [2024-05-27T16:43:56.101+0000] {dagbag.py:541} INFO - Filling up the DagBag from /home/airflow/.local/lib/python3.7/site-packages/airflow/example_dags/example_branch_operator.py
[2024-05-27T16:43:56.107+0000] {processor.py:809} INFO - DAG(s) dict_keys(['example_branch_operator']) retrieved from /home/airflow/.local/lib/python3.7/site-packages/airflow/example_dags/example_branch_operator.py
[2024-05-27T16:43:56.122+0000] {logging_mixin.py:149} INFO - [2024-05-27T16:43:56.122+0000] {dag.py:2726} INFO - Sync 1 DAGs
[2024-05-27T16:43:56.135+0000] {logging_mixin.py:149} INFO - [2024-05-27T16:43:56.135+0000] {dag.py:3490} INFO - Setting next_dagrun for example_branch_operator to 2024-05-26T00:00:00+00:00, run_after=2024-05-27T00:00:00+00:00
[2024-05-27T16:43:56.143+0000] {processor.py:178} INFO - Processing /home/airflow/.local/lib/python3.7/site-packages/airflow/example_dags/example_branch_operator.py took 0.045 seconds
[2024-05-27T16:44:27.012+0000] {processor.py:156} INFO - Started process (PID=539) to work on /home/airflow/.local/lib/python3.7/site-packages/airflow/example_dags/example_branch_operator.py
[2024-05-27T16:44:27.013+0000] {processor.py:799} INFO - Processing file /home/airflow/.local/lib/python3.7/site-packages/airflow/example_dags/example_branch_operator.py for tasks to queue
[2024-05-27T16:44:27.013+0000] {logging_mixin.py:149} INFO - [2024-05-27T16:44:27.013+0000] {dagbag.py:541} INFO - Filling up the DagBag from /home/airflow/.local/lib/python3.7/site-packages/airflow/example_dags/example_branch_operator.py
[2024-05-27T16:44:27.019+0000] {processor.py:809} INFO - DAG(s) dict_keys(['example_branch_operator']) retrieved from /home/airflow/.local/lib/python3.7/site-packages/airflow/example_dags/example_branch_operator.py
[2024-05-27T16:44:27.034+0000] {logging_mixin.py:149} INFO - [2024-05-27T16:44:27.034+0000] {dag.py:2726} INFO - Sync 1 DAGs
[2024-05-27T16:44:27.049+0000] {logging_mixin.py:149} INFO - [2024-05-27T16:44:27.049+0000] {dag.py:3490} INFO - Setting next_dagrun for example_branch_operator to 2024-05-26T00:00:00+00:00, run_after=2024-05-27T00:00:00+00:00
[2024-05-27T16:44:27.058+0000] {processor.py:178} INFO - Processing /home/airflow/.local/lib/python3.7/site-packages/airflow/example_dags/example_branch_operator.py took 0.048 seconds
[2024-05-27T16:44:57.148+0000] {processor.py:156} INFO - Started process (PID=599) to work on /home/airflow/.local/lib/python3.7/site-packages/airflow/example_dags/example_branch_operator.py
[2024-05-27T16:44:57.149+0000] {processor.py:799} INFO - Processing file /home/airflow/.local/lib/python3.7/site-packages/airflow/example_dags/example_branch_operator.py for tasks to queue
[2024-05-27T16:44:57.149+0000] {logging_mixin.py:149} INFO - [2024-05-27T16:44:57.149+0000] {dagbag.py:541} INFO - Filling up the DagBag from /home/airflow/.local/lib/python3.7/site-packages/airflow/example_dags/example_branch_operator.py
[2024-05-27T16:44:57.154+0000] {processor.py:809} INFO - DAG(s) dict_keys(['example_branch_operator']) retrieved from /home/airflow/.local/lib/python3.7/site-packages/airflow/example_dags/example_branch_operator.py
[2024-05-27T16:44:57.168+0000] {logging_mixin.py:149} INFO - [2024-05-27T16:44:57.168+0000] {dag.py:2726} INFO - Sync 1 DAGs
[2024-05-27T16:44:57.182+0000] {logging_mixin.py:149} INFO - [2024-05-27T16:44:57.182+0000] {dag.py:3490} INFO - Setting next_dagrun for example_branch_operator to 2024-05-26T00:00:00+00:00, run_after=2024-05-27T00:00:00+00:00
[2024-05-27T16:44:57.190+0000] {processor.py:178} INFO - Processing /home/airflow/.local/lib/python3.7/site-packages/airflow/example_dags/example_branch_operator.py took 0.044 seconds
[2024-05-27T16:45:28.036+0000] {processor.py:156} INFO - Started process (PID=659) to work on /home/airflow/.local/lib/python3.7/site-packages/airflow/example_dags/example_branch_operator.py
[2024-05-27T16:45:28.036+0000] {processor.py:799} INFO - Processing file /home/airflow/.local/lib/python3.7/site-packages/airflow/example_dags/example_branch_operator.py for tasks to queue
[2024-05-27T16:45:28.037+0000] {logging_mixin.py:149} INFO - [2024-05-27T16:45:28.037+0000] {dagbag.py:541} INFO - Filling up the DagBag from /home/airflow/.local/lib/python3.7/site-packages/airflow/example_dags/example_branch_operator.py
[2024-05-27T16:45:28.042+0000] {processor.py:809} INFO - DAG(s) dict_keys(['example_branch_operator']) retrieved from /home/airflow/.local/lib/python3.7/site-packages/airflow/example_dags/example_branch_operator.py
[2024-05-27T16:45:28.056+0000] {logging_mixin.py:149} INFO - [2024-05-27T16:45:28.056+0000] {dag.py:2726} INFO - Sync 1 DAGs
[2024-05-27T16:45:28.069+0000] {logging_mixin.py:149} INFO - [2024-05-27T16:45:28.069+0000] {dag.py:3490} INFO - Setting next_dagrun for example_branch_operator to 2024-05-26T00:00:00+00:00, run_after=2024-05-27T00:00:00+00:00
[2024-05-27T16:45:28.078+0000] {processor.py:178} INFO - Processing /home/airflow/.local/lib/python3.7/site-packages/airflow/example_dags/example_branch_operator.py took 0.045 seconds
[2024-05-27T16:45:58.822+0000] {processor.py:156} INFO - Started process (PID=719) to work on /home/airflow/.local/lib/python3.7/site-packages/airflow/example_dags/example_branch_operator.py
[2024-05-27T16:45:58.823+0000] {processor.py:799} INFO - Processing file /home/airflow/.local/lib/python3.7/site-packages/airflow/example_dags/example_branch_operator.py for tasks to queue
[2024-05-27T16:45:58.823+0000] {logging_mixin.py:149} INFO - [2024-05-27T16:45:58.823+0000] {dagbag.py:541} INFO - Filling up the DagBag from /home/airflow/.local/lib/python3.7/site-packages/airflow/example_dags/example_branch_operator.py
[2024-05-27T16:45:58.828+0000] {processor.py:809} INFO - DAG(s) dict_keys(['example_branch_operator']) retrieved from /home/airflow/.local/lib/python3.7/site-packages/airflow/example_dags/example_branch_operator.py
[2024-05-27T16:45:58.844+0000] {logging_mixin.py:149} INFO - [2024-05-27T16:45:58.844+0000] {dag.py:2726} INFO - Sync 1 DAGs
[2024-05-27T16:45:58.858+0000] {logging_mixin.py:149} INFO - [2024-05-27T16:45:58.858+0000] {dag.py:3490} INFO - Setting next_dagrun for example_branch_operator to 2024-05-26T00:00:00+00:00, run_after=2024-05-27T00:00:00+00:00
[2024-05-27T16:45:58.867+0000] {processor.py:178} INFO - Processing /home/airflow/.local/lib/python3.7/site-packages/airflow/example_dags/example_branch_operator.py took 0.046 seconds
[2024-05-27T16:46:28.999+0000] {processor.py:156} INFO - Started process (PID=779) to work on /home/airflow/.local/lib/python3.7/site-packages/airflow/example_dags/example_branch_operator.py
[2024-05-27T16:46:28.999+0000] {processor.py:799} INFO - Processing file /home/airflow/.local/lib/python3.7/site-packages/airflow/example_dags/example_branch_operator.py for tasks to queue
[2024-05-27T16:46:29.000+0000] {logging_mixin.py:149} INFO - [2024-05-27T16:46:29.000+0000] {dagbag.py:541} INFO - Filling up the DagBag from /home/airflow/.local/lib/python3.7/site-packages/airflow/example_dags/example_branch_operator.py
[2024-05-27T16:46:29.005+0000] {processor.py:809} INFO - DAG(s) dict_keys(['example_branch_operator']) retrieved from /home/airflow/.local/lib/python3.7/site-packages/airflow/example_dags/example_branch_operator.py
[2024-05-27T16:46:29.019+0000] {logging_mixin.py:149} INFO - [2024-05-27T16:46:29.019+0000] {dag.py:2726} INFO - Sync 1 DAGs
[2024-05-27T16:46:29.033+0000] {logging_mixin.py:149} INFO - [2024-05-27T16:46:29.033+0000] {dag.py:3490} INFO - Setting next_dagrun for example_branch_operator to 2024-05-26T00:00:00+00:00, run_after=2024-05-27T00:00:00+00:00
[2024-05-27T16:46:29.041+0000] {processor.py:178} INFO - Processing /home/airflow/.local/lib/python3.7/site-packages/airflow/example_dags/example_branch_operator.py took 0.045 seconds
[2024-05-27T16:46:59.845+0000] {processor.py:156} INFO - Started process (PID=839) to work on /home/airflow/.local/lib/python3.7/site-packages/airflow/example_dags/example_branch_operator.py
[2024-05-27T16:46:59.846+0000] {processor.py:799} INFO - Processing file /home/airflow/.local/lib/python3.7/site-packages/airflow/example_dags/example_branch_operator.py for tasks to queue
[2024-05-27T16:46:59.846+0000] {logging_mixin.py:149} INFO - [2024-05-27T16:46:59.846+0000] {dagbag.py:541} INFO - Filling up the DagBag from /home/airflow/.local/lib/python3.7/site-packages/airflow/example_dags/example_branch_operator.py
[2024-05-27T16:46:59.852+0000] {processor.py:809} INFO - DAG(s) dict_keys(['example_branch_operator']) retrieved from /home/airflow/.local/lib/python3.7/site-packages/airflow/example_dags/example_branch_operator.py
[2024-05-27T16:46:59.866+0000] {logging_mixin.py:149} INFO - [2024-05-27T16:46:59.866+0000] {dag.py:2726} INFO - Sync 1 DAGs
[2024-05-27T16:46:59.880+0000] {logging_mixin.py:149} INFO - [2024-05-27T16:46:59.880+0000] {dag.py:3490} INFO - Setting next_dagrun for example_branch_operator to 2024-05-26T00:00:00+00:00, run_after=2024-05-27T00:00:00+00:00
[2024-05-27T16:46:59.889+0000] {processor.py:178} INFO - Processing /home/airflow/.local/lib/python3.7/site-packages/airflow/example_dags/example_branch_operator.py took 0.046 seconds
[2024-05-27T16:47:30.626+0000] {processor.py:156} INFO - Started process (PID=899) to work on /home/airflow/.local/lib/python3.7/site-packages/airflow/example_dags/example_branch_operator.py
[2024-05-27T16:47:30.626+0000] {processor.py:799} INFO - Processing file /home/airflow/.local/lib/python3.7/site-packages/airflow/example_dags/example_branch_operator.py for tasks to queue
[2024-05-27T16:47:30.627+0000] {logging_mixin.py:149} INFO - [2024-05-27T16:47:30.627+0000] {dagbag.py:541} INFO - Filling up the DagBag from /home/airflow/.local/lib/python3.7/site-packages/airflow/example_dags/example_branch_operator.py
[2024-05-27T16:47:30.634+0000] {processor.py:809} INFO - DAG(s) dict_keys(['example_branch_operator']) retrieved from /home/airflow/.local/lib/python3.7/site-packages/airflow/example_dags/example_branch_operator.py
[2024-05-27T16:47:30.650+0000] {logging_mixin.py:149} INFO - [2024-05-27T16:47:30.650+0000] {dag.py:2726} INFO - Sync 1 DAGs
[2024-05-27T16:47:30.664+0000] {logging_mixin.py:149} INFO - [2024-05-27T16:47:30.664+0000] {dag.py:3490} INFO - Setting next_dagrun for example_branch_operator to 2024-05-26T00:00:00+00:00, run_after=2024-05-27T00:00:00+00:00
[2024-05-27T16:47:30.674+0000] {processor.py:178} INFO - Processing /home/airflow/.local/lib/python3.7/site-packages/airflow/example_dags/example_branch_operator.py took 0.050 seconds
[2024-05-27T16:48:01.396+0000] {processor.py:156} INFO - Started process (PID=959) to work on /home/airflow/.local/lib/python3.7/site-packages/airflow/example_dags/example_branch_operator.py
[2024-05-27T16:48:01.397+0000] {processor.py:799} INFO - Processing file /home/airflow/.local/lib/python3.7/site-packages/airflow/example_dags/example_branch_operator.py for tasks to queue
[2024-05-27T16:48:01.397+0000] {logging_mixin.py:149} INFO - [2024-05-27T16:48:01.397+0000] {dagbag.py:541} INFO - Filling up the DagBag from /home/airflow/.local/lib/python3.7/site-packages/airflow/example_dags/example_branch_operator.py
[2024-05-27T16:48:01.402+0000] {processor.py:809} INFO - DAG(s) dict_keys(['example_branch_operator']) retrieved from /home/airflow/.local/lib/python3.7/site-packages/airflow/example_dags/example_branch_operator.py
[2024-05-27T16:48:01.417+0000] {logging_mixin.py:149} INFO - [2024-05-27T16:48:01.417+0000] {dag.py:2726} INFO - Sync 1 DAGs
[2024-05-27T16:48:01.431+0000] {logging_mixin.py:149} INFO - [2024-05-27T16:48:01.431+0000] {dag.py:3490} INFO - Setting next_dagrun for example_branch_operator to 2024-05-26T00:00:00+00:00, run_after=2024-05-27T00:00:00+00:00
[2024-05-27T16:48:01.440+0000] {processor.py:178} INFO - Processing /home/airflow/.local/lib/python3.7/site-packages/airflow/example_dags/example_branch_operator.py took 0.045 seconds
[2024-05-27T16:48:32.148+0000] {processor.py:156} INFO - Started process (PID=1019) to work on /home/airflow/.local/lib/python3.7/site-packages/airflow/example_dags/example_branch_operator.py
[2024-05-27T16:48:32.149+0000] {processor.py:799} INFO - Processing file /home/airflow/.local/lib/python3.7/site-packages/airflow/example_dags/example_branch_operator.py for tasks to queue
[2024-05-27T16:48:32.149+0000] {logging_mixin.py:149} INFO - [2024-05-27T16:48:32.149+0000] {dagbag.py:541} INFO - Filling up the DagBag from /home/airflow/.local/lib/python3.7/site-packages/airflow/example_dags/example_branch_operator.py
[2024-05-27T16:48:32.154+0000] {processor.py:809} INFO - DAG(s) dict_keys(['example_branch_operator']) retrieved from /home/airflow/.local/lib/python3.7/site-packages/airflow/example_dags/example_branch_operator.py
[2024-05-27T16:48:32.170+0000] {logging_mixin.py:149} INFO - [2024-05-27T16:48:32.169+0000] {dag.py:2726} INFO - Sync 1 DAGs
[2024-05-27T16:48:32.183+0000] {logging_mixin.py:149} INFO - [2024-05-27T16:48:32.183+0000] {dag.py:3490} INFO - Setting next_dagrun for example_branch_operator to 2024-05-26T00:00:00+00:00, run_after=2024-05-27T00:00:00+00:00
[2024-05-27T16:48:32.192+0000] {processor.py:178} INFO - Processing /home/airflow/.local/lib/python3.7/site-packages/airflow/example_dags/example_branch_operator.py took 0.046 seconds
[2024-05-27T16:49:02.880+0000] {processor.py:156} INFO - Started process (PID=1079) to work on /home/airflow/.local/lib/python3.7/site-packages/airflow/example_dags/example_branch_operator.py
[2024-05-27T16:49:02.881+0000] {processor.py:799} INFO - Processing file /home/airflow/.local/lib/python3.7/site-packages/airflow/example_dags/example_branch_operator.py for tasks to queue
[2024-05-27T16:49:02.881+0000] {logging_mixin.py:149} INFO - [2024-05-27T16:49:02.881+0000] {dagbag.py:541} INFO - Filling up the DagBag from /home/airflow/.local/lib/python3.7/site-packages/airflow/example_dags/example_branch_operator.py
[2024-05-27T16:49:02.887+0000] {processor.py:809} INFO - DAG(s) dict_keys(['example_branch_operator']) retrieved from /home/airflow/.local/lib/python3.7/site-packages/airflow/example_dags/example_branch_operator.py
[2024-05-27T16:49:02.901+0000] {logging_mixin.py:149} INFO - [2024-05-27T16:49:02.901+0000] {dag.py:2726} INFO - Sync 1 DAGs
[2024-05-27T16:49:02.915+0000] {logging_mixin.py:149} INFO - [2024-05-27T16:49:02.915+0000] {dag.py:3490} INFO - Setting next_dagrun for example_branch_operator to 2024-05-26T00:00:00+00:00, run_after=2024-05-27T00:00:00+00:00
[2024-05-27T16:49:02.923+0000] {processor.py:178} INFO - Processing /home/airflow/.local/lib/python3.7/site-packages/airflow/example_dags/example_branch_operator.py took 0.045 seconds
[2024-05-27T16:50:02.979+0000] {processor.py:156} INFO - Started process (PID=1139) to work on /home/airflow/.local/lib/python3.7/site-packages/airflow/example_dags/example_branch_operator.py
[2024-05-27T16:50:02.979+0000] {processor.py:799} INFO - Processing file /home/airflow/.local/lib/python3.7/site-packages/airflow/example_dags/example_branch_operator.py for tasks to queue
[2024-05-27T16:50:02.980+0000] {logging_mixin.py:149} INFO - [2024-05-27T16:50:02.980+0000] {dagbag.py:541} INFO - Filling up the DagBag from /home/airflow/.local/lib/python3.7/site-packages/airflow/example_dags/example_branch_operator.py
[2024-05-27T16:50:02.985+0000] {processor.py:809} INFO - DAG(s) dict_keys(['example_branch_operator']) retrieved from /home/airflow/.local/lib/python3.7/site-packages/airflow/example_dags/example_branch_operator.py
[2024-05-27T16:50:02.999+0000] {logging_mixin.py:149} INFO - [2024-05-27T16:50:02.999+0000] {dag.py:2726} INFO - Sync 1 DAGs
[2024-05-27T16:50:03.012+0000] {logging_mixin.py:149} INFO - [2024-05-27T16:50:03.012+0000] {dag.py:3490} INFO - Setting next_dagrun for example_branch_operator to 2024-05-26T00:00:00+00:00, run_after=2024-05-27T00:00:00+00:00
[2024-05-27T16:50:03.021+0000] {processor.py:178} INFO - Processing /home/airflow/.local/lib/python3.7/site-packages/airflow/example_dags/example_branch_operator.py took 0.044 seconds
[2024-05-27T16:50:33.178+0000] {processor.py:156} INFO - Started process (PID=1200) to work on /home/airflow/.local/lib/python3.7/site-packages/airflow/example_dags/example_branch_operator.py
[2024-05-27T16:50:33.178+0000] {processor.py:799} INFO - Processing file /home/airflow/.local/lib/python3.7/site-packages/airflow/example_dags/example_branch_operator.py for tasks to queue
[2024-05-27T16:50:33.179+0000] {logging_mixin.py:149} INFO - [2024-05-27T16:50:33.179+0000] {dagbag.py:541} INFO - Filling up the DagBag from /home/airflow/.local/lib/python3.7/site-packages/airflow/example_dags/example_branch_operator.py
[2024-05-27T16:50:33.184+0000] {processor.py:809} INFO - DAG(s) dict_keys(['example_branch_operator']) retrieved from /home/airflow/.local/lib/python3.7/site-packages/airflow/example_dags/example_branch_operator.py
[2024-05-27T16:50:33.198+0000] {logging_mixin.py:149} INFO - [2024-05-27T16:50:33.198+0000] {dag.py:2726} INFO - Sync 1 DAGs
[2024-05-27T16:50:33.212+0000] {logging_mixin.py:149} INFO - [2024-05-27T16:50:33.211+0000] {dag.py:3490} INFO - Setting next_dagrun for example_branch_operator to 2024-05-26T00:00:00+00:00, run_after=2024-05-27T00:00:00+00:00
[2024-05-27T16:50:33.220+0000] {processor.py:178} INFO - Processing /home/airflow/.local/lib/python3.7/site-packages/airflow/example_dags/example_branch_operator.py took 0.044 seconds
[2024-05-27T16:51:03.340+0000] {processor.py:156} INFO - Started process (PID=1261) to work on /home/airflow/.local/lib/python3.7/site-packages/airflow/example_dags/example_branch_operator.py
[2024-05-27T16:51:03.340+0000] {processor.py:799} INFO - Processing file /home/airflow/.local/lib/python3.7/site-packages/airflow/example_dags/example_branch_operator.py for tasks to queue
[2024-05-27T16:51:03.341+0000] {logging_mixin.py:149} INFO - [2024-05-27T16:51:03.341+0000] {dagbag.py:541} INFO - Filling up the DagBag from /home/airflow/.local/lib/python3.7/site-packages/airflow/example_dags/example_branch_operator.py
[2024-05-27T16:51:03.346+0000] {processor.py:809} INFO - DAG(s) dict_keys(['example_branch_operator']) retrieved from /home/airflow/.local/lib/python3.7/site-packages/airflow/example_dags/example_branch_operator.py
[2024-05-27T16:51:03.360+0000] {logging_mixin.py:149} INFO - [2024-05-27T16:51:03.359+0000] {dag.py:2726} INFO - Sync 1 DAGs
[2024-05-27T16:51:03.372+0000] {logging_mixin.py:149} INFO - [2024-05-27T16:51:03.372+0000] {dag.py:3490} INFO - Setting next_dagrun for example_branch_operator to 2024-05-26T00:00:00+00:00, run_after=2024-05-27T00:00:00+00:00
[2024-05-27T16:51:03.382+0000] {processor.py:178} INFO - Processing /home/airflow/.local/lib/python3.7/site-packages/airflow/example_dags/example_branch_operator.py took 0.045 seconds
[2024-05-27T16:51:34.513+0000] {processor.py:156} INFO - Started process (PID=1322) to work on /home/airflow/.local/lib/python3.7/site-packages/airflow/example_dags/example_branch_operator.py
[2024-05-27T16:51:34.513+0000] {processor.py:799} INFO - Processing file /home/airflow/.local/lib/python3.7/site-packages/airflow/example_dags/example_branch_operator.py for tasks to queue
[2024-05-27T16:51:34.514+0000] {logging_mixin.py:149} INFO - [2024-05-27T16:51:34.513+0000] {dagbag.py:541} INFO - Filling up the DagBag from /home/airflow/.local/lib/python3.7/site-packages/airflow/example_dags/example_branch_operator.py
[2024-05-27T16:51:34.519+0000] {processor.py:809} INFO - DAG(s) dict_keys(['example_branch_operator']) retrieved from /home/airflow/.local/lib/python3.7/site-packages/airflow/example_dags/example_branch_operator.py
[2024-05-27T16:51:34.533+0000] {logging_mixin.py:149} INFO - [2024-05-27T16:51:34.533+0000] {dag.py:2726} INFO - Sync 1 DAGs
[2024-05-27T16:51:34.546+0000] {logging_mixin.py:149} INFO - [2024-05-27T16:51:34.545+0000] {dag.py:3490} INFO - Setting next_dagrun for example_branch_operator to 2024-05-26T00:00:00+00:00, run_after=2024-05-27T00:00:00+00:00
[2024-05-27T16:51:34.554+0000] {processor.py:178} INFO - Processing /home/airflow/.local/lib/python3.7/site-packages/airflow/example_dags/example_branch_operator.py took 0.043 seconds
[2024-05-27T16:52:19.657+0000] {processor.py:156} INFO - Started process (PID=1410) to work on /home/airflow/.local/lib/python3.7/site-packages/airflow/example_dags/example_branch_operator.py
[2024-05-27T16:52:19.658+0000] {processor.py:799} INFO - Processing file /home/airflow/.local/lib/python3.7/site-packages/airflow/example_dags/example_branch_operator.py for tasks to queue
[2024-05-27T16:52:19.660+0000] {logging_mixin.py:149} INFO - [2024-05-27T16:52:19.660+0000] {dagbag.py:541} INFO - Filling up the DagBag from /home/airflow/.local/lib/python3.7/site-packages/airflow/example_dags/example_branch_operator.py
[2024-05-27T16:52:19.686+0000] {processor.py:809} INFO - DAG(s) dict_keys(['example_branch_operator']) retrieved from /home/airflow/.local/lib/python3.7/site-packages/airflow/example_dags/example_branch_operator.py
[2024-05-27T16:52:19.740+0000] {logging_mixin.py:149} INFO - [2024-05-27T16:52:19.739+0000] {dag.py:2726} INFO - Sync 1 DAGs
[2024-05-27T16:52:19.811+0000] {logging_mixin.py:149} INFO - [2024-05-27T16:52:19.810+0000] {dag.py:3490} INFO - Setting next_dagrun for example_branch_operator to 2024-05-26T00:00:00+00:00, run_after=2024-05-27T00:00:00+00:00
[2024-05-27T16:52:19.871+0000] {processor.py:178} INFO - Processing /home/airflow/.local/lib/python3.7/site-packages/airflow/example_dags/example_branch_operator.py took 0.218 seconds
