[2024-05-27T16:40:18.364+0000] {processor.py:156} INFO - Started process (PID=32) to work on /home/airflow/.local/lib/python3.7/site-packages/airflow/example_dags/example_nested_branch_dag.py
[2024-05-27T16:40:18.366+0000] {processor.py:799} INFO - Processing file /home/airflow/.local/lib/python3.7/site-packages/airflow/example_dags/example_nested_branch_dag.py for tasks to queue
[2024-05-27T16:40:18.368+0000] {logging_mixin.py:149} INFO - [2024-05-27T16:40:18.367+0000] {dagbag.py:541} INFO - Filling up the DagBag from /home/airflow/.local/lib/python3.7/site-packages/airflow/example_dags/example_nested_branch_dag.py
[2024-05-27T16:40:18.392+0000] {processor.py:809} INFO - DAG(s) dict_keys(['example_nested_branch_dag']) retrieved from /home/airflow/.local/lib/python3.7/site-packages/airflow/example_dags/example_nested_branch_dag.py
[2024-05-27T16:40:18.843+0000] {logging_mixin.py:149} INFO - [2024-05-27T16:40:18.843+0000] {manager.py:504} INFO - Created Permission View: can delete on DAG:example_nested_branch_dag
[2024-05-27T16:40:18.847+0000] {logging_mixin.py:149} INFO - [2024-05-27T16:40:18.847+0000] {manager.py:504} INFO - Created Permission View: can read on DAG:example_nested_branch_dag
[2024-05-27T16:40:18.851+0000] {logging_mixin.py:149} INFO - [2024-05-27T16:40:18.851+0000] {manager.py:504} INFO - Created Permission View: can edit on DAG:example_nested_branch_dag
[2024-05-27T16:40:18.851+0000] {logging_mixin.py:149} INFO - [2024-05-27T16:40:18.851+0000] {dag.py:2726} INFO - Sync 1 DAGs
[2024-05-27T16:40:18.858+0000] {logging_mixin.py:149} INFO - [2024-05-27T16:40:18.858+0000] {dag.py:2747} INFO - Creating ORM DAG for example_nested_branch_dag
[2024-05-27T16:40:18.866+0000] {logging_mixin.py:149} INFO - [2024-05-27T16:40:18.865+0000] {dag.py:3490} INFO - Setting next_dagrun for example_nested_branch_dag to 2024-05-26T00:00:00+00:00, run_after=2024-05-27T00:00:00+00:00
[2024-05-27T16:40:18.876+0000] {processor.py:178} INFO - Processing /home/airflow/.local/lib/python3.7/site-packages/airflow/example_dags/example_nested_branch_dag.py took 0.519 seconds
[2024-05-27T16:40:49.461+0000] {processor.py:156} INFO - Started process (PID=92) to work on /home/airflow/.local/lib/python3.7/site-packages/airflow/example_dags/example_nested_branch_dag.py
[2024-05-27T16:40:49.463+0000] {processor.py:799} INFO - Processing file /home/airflow/.local/lib/python3.7/site-packages/airflow/example_dags/example_nested_branch_dag.py for tasks to queue
[2024-05-27T16:40:49.463+0000] {logging_mixin.py:149} INFO - [2024-05-27T16:40:49.463+0000] {dagbag.py:541} INFO - Filling up the DagBag from /home/airflow/.local/lib/python3.7/site-packages/airflow/example_dags/example_nested_branch_dag.py
[2024-05-27T16:40:49.477+0000] {processor.py:809} INFO - DAG(s) dict_keys(['example_nested_branch_dag']) retrieved from /home/airflow/.local/lib/python3.7/site-packages/airflow/example_dags/example_nested_branch_dag.py
[2024-05-27T16:40:49.499+0000] {logging_mixin.py:149} INFO - [2024-05-27T16:40:49.499+0000] {dag.py:2726} INFO - Sync 1 DAGs
[2024-05-27T16:40:49.519+0000] {logging_mixin.py:149} INFO - [2024-05-27T16:40:49.518+0000] {dag.py:3490} INFO - Setting next_dagrun for example_nested_branch_dag to 2024-05-26T00:00:00+00:00, run_after=2024-05-27T00:00:00+00:00
[2024-05-27T16:40:49.533+0000] {processor.py:178} INFO - Processing /home/airflow/.local/lib/python3.7/site-packages/airflow/example_dags/example_nested_branch_dag.py took 0.077 seconds
[2024-05-27T16:41:19.668+0000] {processor.py:156} INFO - Started process (PID=152) to work on /home/airflow/.local/lib/python3.7/site-packages/airflow/example_dags/example_nested_branch_dag.py
[2024-05-27T16:41:19.670+0000] {processor.py:799} INFO - Processing file /home/airflow/.local/lib/python3.7/site-packages/airflow/example_dags/example_nested_branch_dag.py for tasks to queue
[2024-05-27T16:41:19.671+0000] {logging_mixin.py:149} INFO - [2024-05-27T16:41:19.671+0000] {dagbag.py:541} INFO - Filling up the DagBag from /home/airflow/.local/lib/python3.7/site-packages/airflow/example_dags/example_nested_branch_dag.py
[2024-05-27T16:41:19.696+0000] {processor.py:809} INFO - DAG(s) dict_keys(['example_nested_branch_dag']) retrieved from /home/airflow/.local/lib/python3.7/site-packages/airflow/example_dags/example_nested_branch_dag.py
[2024-05-27T16:41:19.721+0000] {logging_mixin.py:149} INFO - [2024-05-27T16:41:19.721+0000] {dag.py:2726} INFO - Sync 1 DAGs
[2024-05-27T16:41:19.741+0000] {logging_mixin.py:149} INFO - [2024-05-27T16:41:19.741+0000] {dag.py:3490} INFO - Setting next_dagrun for example_nested_branch_dag to 2024-05-26T00:00:00+00:00, run_after=2024-05-27T00:00:00+00:00
[2024-05-27T16:41:19.757+0000] {processor.py:178} INFO - Processing /home/airflow/.local/lib/python3.7/site-packages/airflow/example_dags/example_nested_branch_dag.py took 0.093 seconds
[2024-05-27T16:41:49.839+0000] {processor.py:156} INFO - Started process (PID=212) to work on /home/airflow/.local/lib/python3.7/site-packages/airflow/example_dags/example_nested_branch_dag.py
[2024-05-27T16:41:49.841+0000] {processor.py:799} INFO - Processing file /home/airflow/.local/lib/python3.7/site-packages/airflow/example_dags/example_nested_branch_dag.py for tasks to queue
[2024-05-27T16:41:49.841+0000] {logging_mixin.py:149} INFO - [2024-05-27T16:41:49.841+0000] {dagbag.py:541} INFO - Filling up the DagBag from /home/airflow/.local/lib/python3.7/site-packages/airflow/example_dags/example_nested_branch_dag.py
[2024-05-27T16:41:49.853+0000] {processor.py:809} INFO - DAG(s) dict_keys(['example_nested_branch_dag']) retrieved from /home/airflow/.local/lib/python3.7/site-packages/airflow/example_dags/example_nested_branch_dag.py
[2024-05-27T16:41:49.872+0000] {logging_mixin.py:149} INFO - [2024-05-27T16:41:49.872+0000] {dag.py:2726} INFO - Sync 1 DAGs
[2024-05-27T16:41:49.889+0000] {logging_mixin.py:149} INFO - [2024-05-27T16:41:49.889+0000] {dag.py:3490} INFO - Setting next_dagrun for example_nested_branch_dag to 2024-05-26T00:00:00+00:00, run_after=2024-05-27T00:00:00+00:00
[2024-05-27T16:41:49.898+0000] {processor.py:178} INFO - Processing /home/airflow/.local/lib/python3.7/site-packages/airflow/example_dags/example_nested_branch_dag.py took 0.063 seconds
[2024-05-27T16:42:20.133+0000] {processor.py:156} INFO - Started process (PID=272) to work on /home/airflow/.local/lib/python3.7/site-packages/airflow/example_dags/example_nested_branch_dag.py
[2024-05-27T16:42:20.134+0000] {processor.py:799} INFO - Processing file /home/airflow/.local/lib/python3.7/site-packages/airflow/example_dags/example_nested_branch_dag.py for tasks to queue
[2024-05-27T16:42:20.135+0000] {logging_mixin.py:149} INFO - [2024-05-27T16:42:20.135+0000] {dagbag.py:541} INFO - Filling up the DagBag from /home/airflow/.local/lib/python3.7/site-packages/airflow/example_dags/example_nested_branch_dag.py
[2024-05-27T16:42:20.150+0000] {processor.py:809} INFO - DAG(s) dict_keys(['example_nested_branch_dag']) retrieved from /home/airflow/.local/lib/python3.7/site-packages/airflow/example_dags/example_nested_branch_dag.py
[2024-05-27T16:42:20.172+0000] {logging_mixin.py:149} INFO - [2024-05-27T16:42:20.172+0000] {dag.py:2726} INFO - Sync 1 DAGs
[2024-05-27T16:42:20.190+0000] {logging_mixin.py:149} INFO - [2024-05-27T16:42:20.190+0000] {dag.py:3490} INFO - Setting next_dagrun for example_nested_branch_dag to 2024-05-26T00:00:00+00:00, run_after=2024-05-27T00:00:00+00:00
[2024-05-27T16:42:20.201+0000] {processor.py:178} INFO - Processing /home/airflow/.local/lib/python3.7/site-packages/airflow/example_dags/example_nested_branch_dag.py took 0.072 seconds
[2024-05-27T16:42:50.411+0000] {processor.py:156} INFO - Started process (PID=332) to work on /home/airflow/.local/lib/python3.7/site-packages/airflow/example_dags/example_nested_branch_dag.py
[2024-05-27T16:42:50.412+0000] {processor.py:799} INFO - Processing file /home/airflow/.local/lib/python3.7/site-packages/airflow/example_dags/example_nested_branch_dag.py for tasks to queue
[2024-05-27T16:42:50.413+0000] {logging_mixin.py:149} INFO - [2024-05-27T16:42:50.413+0000] {dagbag.py:541} INFO - Filling up the DagBag from /home/airflow/.local/lib/python3.7/site-packages/airflow/example_dags/example_nested_branch_dag.py
[2024-05-27T16:42:50.424+0000] {processor.py:809} INFO - DAG(s) dict_keys(['example_nested_branch_dag']) retrieved from /home/airflow/.local/lib/python3.7/site-packages/airflow/example_dags/example_nested_branch_dag.py
[2024-05-27T16:42:50.444+0000] {logging_mixin.py:149} INFO - [2024-05-27T16:42:50.444+0000] {dag.py:2726} INFO - Sync 1 DAGs
[2024-05-27T16:42:50.460+0000] {logging_mixin.py:149} INFO - [2024-05-27T16:42:50.460+0000] {dag.py:3490} INFO - Setting next_dagrun for example_nested_branch_dag to 2024-05-26T00:00:00+00:00, run_after=2024-05-27T00:00:00+00:00
[2024-05-27T16:42:50.470+0000] {processor.py:178} INFO - Processing /home/airflow/.local/lib/python3.7/site-packages/airflow/example_dags/example_nested_branch_dag.py took 0.062 seconds
[2024-05-27T16:43:21.230+0000] {processor.py:156} INFO - Started process (PID=392) to work on /home/airflow/.local/lib/python3.7/site-packages/airflow/example_dags/example_nested_branch_dag.py
[2024-05-27T16:43:21.231+0000] {processor.py:799} INFO - Processing file /home/airflow/.local/lib/python3.7/site-packages/airflow/example_dags/example_nested_branch_dag.py for tasks to queue
[2024-05-27T16:43:21.231+0000] {logging_mixin.py:149} INFO - [2024-05-27T16:43:21.231+0000] {dagbag.py:541} INFO - Filling up the DagBag from /home/airflow/.local/lib/python3.7/site-packages/airflow/example_dags/example_nested_branch_dag.py
[2024-05-27T16:43:21.240+0000] {processor.py:809} INFO - DAG(s) dict_keys(['example_nested_branch_dag']) retrieved from /home/airflow/.local/lib/python3.7/site-packages/airflow/example_dags/example_nested_branch_dag.py
[2024-05-27T16:43:21.267+0000] {logging_mixin.py:149} INFO - [2024-05-27T16:43:21.267+0000] {dag.py:2726} INFO - Sync 1 DAGs
[2024-05-27T16:43:21.283+0000] {logging_mixin.py:149} INFO - [2024-05-27T16:43:21.282+0000] {dag.py:3490} INFO - Setting next_dagrun for example_nested_branch_dag to 2024-05-26T00:00:00+00:00, run_after=2024-05-27T00:00:00+00:00
[2024-05-27T16:43:21.292+0000] {processor.py:178} INFO - Processing /home/airflow/.local/lib/python3.7/site-packages/airflow/example_dags/example_nested_branch_dag.py took 0.064 seconds
[2024-05-27T16:43:52.087+0000] {processor.py:156} INFO - Started process (PID=452) to work on /home/airflow/.local/lib/python3.7/site-packages/airflow/example_dags/example_nested_branch_dag.py
[2024-05-27T16:43:52.088+0000] {processor.py:799} INFO - Processing file /home/airflow/.local/lib/python3.7/site-packages/airflow/example_dags/example_nested_branch_dag.py for tasks to queue
[2024-05-27T16:43:52.088+0000] {logging_mixin.py:149} INFO - [2024-05-27T16:43:52.088+0000] {dagbag.py:541} INFO - Filling up the DagBag from /home/airflow/.local/lib/python3.7/site-packages/airflow/example_dags/example_nested_branch_dag.py
[2024-05-27T16:43:52.098+0000] {processor.py:809} INFO - DAG(s) dict_keys(['example_nested_branch_dag']) retrieved from /home/airflow/.local/lib/python3.7/site-packages/airflow/example_dags/example_nested_branch_dag.py
[2024-05-27T16:43:52.131+0000] {logging_mixin.py:149} INFO - [2024-05-27T16:43:52.131+0000] {dag.py:2726} INFO - Sync 1 DAGs
[2024-05-27T16:43:52.165+0000] {logging_mixin.py:149} INFO - [2024-05-27T16:43:52.165+0000] {dag.py:3490} INFO - Setting next_dagrun for example_nested_branch_dag to 2024-05-26T00:00:00+00:00, run_after=2024-05-27T00:00:00+00:00
[2024-05-27T16:43:52.182+0000] {processor.py:178} INFO - Processing /home/airflow/.local/lib/python3.7/site-packages/airflow/example_dags/example_nested_branch_dag.py took 0.099 seconds
[2024-05-27T16:44:22.908+0000] {processor.py:156} INFO - Started process (PID=512) to work on /home/airflow/.local/lib/python3.7/site-packages/airflow/example_dags/example_nested_branch_dag.py
[2024-05-27T16:44:22.910+0000] {processor.py:799} INFO - Processing file /home/airflow/.local/lib/python3.7/site-packages/airflow/example_dags/example_nested_branch_dag.py for tasks to queue
[2024-05-27T16:44:22.911+0000] {logging_mixin.py:149} INFO - [2024-05-27T16:44:22.910+0000] {dagbag.py:541} INFO - Filling up the DagBag from /home/airflow/.local/lib/python3.7/site-packages/airflow/example_dags/example_nested_branch_dag.py
[2024-05-27T16:44:22.938+0000] {processor.py:809} INFO - DAG(s) dict_keys(['example_nested_branch_dag']) retrieved from /home/airflow/.local/lib/python3.7/site-packages/airflow/example_dags/example_nested_branch_dag.py
[2024-05-27T16:44:22.965+0000] {logging_mixin.py:149} INFO - [2024-05-27T16:44:22.965+0000] {dag.py:2726} INFO - Sync 1 DAGs
[2024-05-27T16:44:22.984+0000] {logging_mixin.py:149} INFO - [2024-05-27T16:44:22.984+0000] {dag.py:3490} INFO - Setting next_dagrun for example_nested_branch_dag to 2024-05-26T00:00:00+00:00, run_after=2024-05-27T00:00:00+00:00
[2024-05-27T16:44:23.002+0000] {processor.py:178} INFO - Processing /home/airflow/.local/lib/python3.7/site-packages/airflow/example_dags/example_nested_branch_dag.py took 0.097 seconds
[2024-05-27T16:44:53.098+0000] {processor.py:156} INFO - Started process (PID=572) to work on /home/airflow/.local/lib/python3.7/site-packages/airflow/example_dags/example_nested_branch_dag.py
[2024-05-27T16:44:53.100+0000] {processor.py:799} INFO - Processing file /home/airflow/.local/lib/python3.7/site-packages/airflow/example_dags/example_nested_branch_dag.py for tasks to queue
[2024-05-27T16:44:53.100+0000] {logging_mixin.py:149} INFO - [2024-05-27T16:44:53.100+0000] {dagbag.py:541} INFO - Filling up the DagBag from /home/airflow/.local/lib/python3.7/site-packages/airflow/example_dags/example_nested_branch_dag.py
[2024-05-27T16:44:53.113+0000] {processor.py:809} INFO - DAG(s) dict_keys(['example_nested_branch_dag']) retrieved from /home/airflow/.local/lib/python3.7/site-packages/airflow/example_dags/example_nested_branch_dag.py
[2024-05-27T16:44:53.134+0000] {logging_mixin.py:149} INFO - [2024-05-27T16:44:53.134+0000] {dag.py:2726} INFO - Sync 1 DAGs
[2024-05-27T16:44:53.150+0000] {logging_mixin.py:149} INFO - [2024-05-27T16:44:53.150+0000] {dag.py:3490} INFO - Setting next_dagrun for example_nested_branch_dag to 2024-05-26T00:00:00+00:00, run_after=2024-05-27T00:00:00+00:00
[2024-05-27T16:44:53.160+0000] {processor.py:178} INFO - Processing /home/airflow/.local/lib/python3.7/site-packages/airflow/example_dags/example_nested_branch_dag.py took 0.066 seconds
[2024-05-27T16:45:24.089+0000] {processor.py:156} INFO - Started process (PID=632) to work on /home/airflow/.local/lib/python3.7/site-packages/airflow/example_dags/example_nested_branch_dag.py
[2024-05-27T16:45:24.090+0000] {processor.py:799} INFO - Processing file /home/airflow/.local/lib/python3.7/site-packages/airflow/example_dags/example_nested_branch_dag.py for tasks to queue
[2024-05-27T16:45:24.091+0000] {logging_mixin.py:149} INFO - [2024-05-27T16:45:24.091+0000] {dagbag.py:541} INFO - Filling up the DagBag from /home/airflow/.local/lib/python3.7/site-packages/airflow/example_dags/example_nested_branch_dag.py
[2024-05-27T16:45:24.104+0000] {processor.py:809} INFO - DAG(s) dict_keys(['example_nested_branch_dag']) retrieved from /home/airflow/.local/lib/python3.7/site-packages/airflow/example_dags/example_nested_branch_dag.py
[2024-05-27T16:45:24.123+0000] {logging_mixin.py:149} INFO - [2024-05-27T16:45:24.123+0000] {dag.py:2726} INFO - Sync 1 DAGs
[2024-05-27T16:45:24.138+0000] {logging_mixin.py:149} INFO - [2024-05-27T16:45:24.138+0000] {dag.py:3490} INFO - Setting next_dagrun for example_nested_branch_dag to 2024-05-26T00:00:00+00:00, run_after=2024-05-27T00:00:00+00:00
[2024-05-27T16:45:24.148+0000] {processor.py:178} INFO - Processing /home/airflow/.local/lib/python3.7/site-packages/airflow/example_dags/example_nested_branch_dag.py took 0.064 seconds
[2024-05-27T16:45:54.855+0000] {processor.py:156} INFO - Started process (PID=692) to work on /home/airflow/.local/lib/python3.7/site-packages/airflow/example_dags/example_nested_branch_dag.py
[2024-05-27T16:45:54.856+0000] {processor.py:799} INFO - Processing file /home/airflow/.local/lib/python3.7/site-packages/airflow/example_dags/example_nested_branch_dag.py for tasks to queue
[2024-05-27T16:45:54.856+0000] {logging_mixin.py:149} INFO - [2024-05-27T16:45:54.856+0000] {dagbag.py:541} INFO - Filling up the DagBag from /home/airflow/.local/lib/python3.7/site-packages/airflow/example_dags/example_nested_branch_dag.py
[2024-05-27T16:45:54.867+0000] {processor.py:809} INFO - DAG(s) dict_keys(['example_nested_branch_dag']) retrieved from /home/airflow/.local/lib/python3.7/site-packages/airflow/example_dags/example_nested_branch_dag.py
[2024-05-27T16:45:54.885+0000] {logging_mixin.py:149} INFO - [2024-05-27T16:45:54.885+0000] {dag.py:2726} INFO - Sync 1 DAGs
[2024-05-27T16:45:54.900+0000] {logging_mixin.py:149} INFO - [2024-05-27T16:45:54.900+0000] {dag.py:3490} INFO - Setting next_dagrun for example_nested_branch_dag to 2024-05-26T00:00:00+00:00, run_after=2024-05-27T00:00:00+00:00
[2024-05-27T16:45:54.911+0000] {processor.py:178} INFO - Processing /home/airflow/.local/lib/python3.7/site-packages/airflow/example_dags/example_nested_branch_dag.py took 0.060 seconds
[2024-05-27T16:46:25.020+0000] {processor.py:156} INFO - Started process (PID=752) to work on /home/airflow/.local/lib/python3.7/site-packages/airflow/example_dags/example_nested_branch_dag.py
[2024-05-27T16:46:25.021+0000] {processor.py:799} INFO - Processing file /home/airflow/.local/lib/python3.7/site-packages/airflow/example_dags/example_nested_branch_dag.py for tasks to queue
[2024-05-27T16:46:25.022+0000] {logging_mixin.py:149} INFO - [2024-05-27T16:46:25.022+0000] {dagbag.py:541} INFO - Filling up the DagBag from /home/airflow/.local/lib/python3.7/site-packages/airflow/example_dags/example_nested_branch_dag.py
[2024-05-27T16:46:25.028+0000] {processor.py:809} INFO - DAG(s) dict_keys(['example_nested_branch_dag']) retrieved from /home/airflow/.local/lib/python3.7/site-packages/airflow/example_dags/example_nested_branch_dag.py
[2024-05-27T16:46:25.042+0000] {logging_mixin.py:149} INFO - [2024-05-27T16:46:25.042+0000] {dag.py:2726} INFO - Sync 1 DAGs
[2024-05-27T16:46:25.054+0000] {logging_mixin.py:149} INFO - [2024-05-27T16:46:25.054+0000] {dag.py:3490} INFO - Setting next_dagrun for example_nested_branch_dag to 2024-05-26T00:00:00+00:00, run_after=2024-05-27T00:00:00+00:00
[2024-05-27T16:46:25.063+0000] {processor.py:178} INFO - Processing /home/airflow/.local/lib/python3.7/site-packages/airflow/example_dags/example_nested_branch_dag.py took 0.045 seconds
[2024-05-27T16:46:55.894+0000] {processor.py:156} INFO - Started process (PID=812) to work on /home/airflow/.local/lib/python3.7/site-packages/airflow/example_dags/example_nested_branch_dag.py
[2024-05-27T16:46:55.895+0000] {processor.py:799} INFO - Processing file /home/airflow/.local/lib/python3.7/site-packages/airflow/example_dags/example_nested_branch_dag.py for tasks to queue
[2024-05-27T16:46:55.896+0000] {logging_mixin.py:149} INFO - [2024-05-27T16:46:55.896+0000] {dagbag.py:541} INFO - Filling up the DagBag from /home/airflow/.local/lib/python3.7/site-packages/airflow/example_dags/example_nested_branch_dag.py
[2024-05-27T16:46:55.911+0000] {processor.py:809} INFO - DAG(s) dict_keys(['example_nested_branch_dag']) retrieved from /home/airflow/.local/lib/python3.7/site-packages/airflow/example_dags/example_nested_branch_dag.py
[2024-05-27T16:46:55.933+0000] {logging_mixin.py:149} INFO - [2024-05-27T16:46:55.933+0000] {dag.py:2726} INFO - Sync 1 DAGs
[2024-05-27T16:46:55.949+0000] {logging_mixin.py:149} INFO - [2024-05-27T16:46:55.949+0000] {dag.py:3490} INFO - Setting next_dagrun for example_nested_branch_dag to 2024-05-26T00:00:00+00:00, run_after=2024-05-27T00:00:00+00:00
[2024-05-27T16:46:55.958+0000] {processor.py:178} INFO - Processing /home/airflow/.local/lib/python3.7/site-packages/airflow/example_dags/example_nested_branch_dag.py took 0.069 seconds
[2024-05-27T16:47:26.718+0000] {processor.py:156} INFO - Started process (PID=872) to work on /home/airflow/.local/lib/python3.7/site-packages/airflow/example_dags/example_nested_branch_dag.py
[2024-05-27T16:47:26.719+0000] {processor.py:799} INFO - Processing file /home/airflow/.local/lib/python3.7/site-packages/airflow/example_dags/example_nested_branch_dag.py for tasks to queue
[2024-05-27T16:47:26.720+0000] {logging_mixin.py:149} INFO - [2024-05-27T16:47:26.720+0000] {dagbag.py:541} INFO - Filling up the DagBag from /home/airflow/.local/lib/python3.7/site-packages/airflow/example_dags/example_nested_branch_dag.py
[2024-05-27T16:47:26.731+0000] {processor.py:809} INFO - DAG(s) dict_keys(['example_nested_branch_dag']) retrieved from /home/airflow/.local/lib/python3.7/site-packages/airflow/example_dags/example_nested_branch_dag.py
[2024-05-27T16:47:26.749+0000] {logging_mixin.py:149} INFO - [2024-05-27T16:47:26.749+0000] {dag.py:2726} INFO - Sync 1 DAGs
[2024-05-27T16:47:26.764+0000] {logging_mixin.py:149} INFO - [2024-05-27T16:47:26.764+0000] {dag.py:3490} INFO - Setting next_dagrun for example_nested_branch_dag to 2024-05-26T00:00:00+00:00, run_after=2024-05-27T00:00:00+00:00
[2024-05-27T16:47:26.772+0000] {processor.py:178} INFO - Processing /home/airflow/.local/lib/python3.7/site-packages/airflow/example_dags/example_nested_branch_dag.py took 0.058 seconds
[2024-05-27T16:47:57.495+0000] {processor.py:156} INFO - Started process (PID=932) to work on /home/airflow/.local/lib/python3.7/site-packages/airflow/example_dags/example_nested_branch_dag.py
[2024-05-27T16:47:57.496+0000] {processor.py:799} INFO - Processing file /home/airflow/.local/lib/python3.7/site-packages/airflow/example_dags/example_nested_branch_dag.py for tasks to queue
[2024-05-27T16:47:57.497+0000] {logging_mixin.py:149} INFO - [2024-05-27T16:47:57.496+0000] {dagbag.py:541} INFO - Filling up the DagBag from /home/airflow/.local/lib/python3.7/site-packages/airflow/example_dags/example_nested_branch_dag.py
[2024-05-27T16:47:57.507+0000] {processor.py:809} INFO - DAG(s) dict_keys(['example_nested_branch_dag']) retrieved from /home/airflow/.local/lib/python3.7/site-packages/airflow/example_dags/example_nested_branch_dag.py
[2024-05-27T16:47:57.525+0000] {logging_mixin.py:149} INFO - [2024-05-27T16:47:57.525+0000] {dag.py:2726} INFO - Sync 1 DAGs
[2024-05-27T16:47:57.540+0000] {logging_mixin.py:149} INFO - [2024-05-27T16:47:57.540+0000] {dag.py:3490} INFO - Setting next_dagrun for example_nested_branch_dag to 2024-05-26T00:00:00+00:00, run_after=2024-05-27T00:00:00+00:00
[2024-05-27T16:47:57.548+0000] {processor.py:178} INFO - Processing /home/airflow/.local/lib/python3.7/site-packages/airflow/example_dags/example_nested_branch_dag.py took 0.058 seconds
[2024-05-27T16:48:28.307+0000] {processor.py:156} INFO - Started process (PID=992) to work on /home/airflow/.local/lib/python3.7/site-packages/airflow/example_dags/example_nested_branch_dag.py
[2024-05-27T16:48:28.308+0000] {processor.py:799} INFO - Processing file /home/airflow/.local/lib/python3.7/site-packages/airflow/example_dags/example_nested_branch_dag.py for tasks to queue
[2024-05-27T16:48:28.309+0000] {logging_mixin.py:149} INFO - [2024-05-27T16:48:28.309+0000] {dagbag.py:541} INFO - Filling up the DagBag from /home/airflow/.local/lib/python3.7/site-packages/airflow/example_dags/example_nested_branch_dag.py
[2024-05-27T16:48:28.320+0000] {processor.py:809} INFO - DAG(s) dict_keys(['example_nested_branch_dag']) retrieved from /home/airflow/.local/lib/python3.7/site-packages/airflow/example_dags/example_nested_branch_dag.py
[2024-05-27T16:48:28.339+0000] {logging_mixin.py:149} INFO - [2024-05-27T16:48:28.339+0000] {dag.py:2726} INFO - Sync 1 DAGs
[2024-05-27T16:48:28.354+0000] {logging_mixin.py:149} INFO - [2024-05-27T16:48:28.354+0000] {dag.py:3490} INFO - Setting next_dagrun for example_nested_branch_dag to 2024-05-26T00:00:00+00:00, run_after=2024-05-27T00:00:00+00:00
[2024-05-27T16:48:28.362+0000] {processor.py:178} INFO - Processing /home/airflow/.local/lib/python3.7/site-packages/airflow/example_dags/example_nested_branch_dag.py took 0.061 seconds
[2024-05-27T16:48:58.970+0000] {processor.py:156} INFO - Started process (PID=1052) to work on /home/airflow/.local/lib/python3.7/site-packages/airflow/example_dags/example_nested_branch_dag.py
[2024-05-27T16:48:58.971+0000] {processor.py:799} INFO - Processing file /home/airflow/.local/lib/python3.7/site-packages/airflow/example_dags/example_nested_branch_dag.py for tasks to queue
[2024-05-27T16:48:58.972+0000] {logging_mixin.py:149} INFO - [2024-05-27T16:48:58.972+0000] {dagbag.py:541} INFO - Filling up the DagBag from /home/airflow/.local/lib/python3.7/site-packages/airflow/example_dags/example_nested_branch_dag.py
[2024-05-27T16:48:58.982+0000] {processor.py:809} INFO - DAG(s) dict_keys(['example_nested_branch_dag']) retrieved from /home/airflow/.local/lib/python3.7/site-packages/airflow/example_dags/example_nested_branch_dag.py
[2024-05-27T16:48:59.001+0000] {logging_mixin.py:149} INFO - [2024-05-27T16:48:59.000+0000] {dag.py:2726} INFO - Sync 1 DAGs
[2024-05-27T16:48:59.015+0000] {logging_mixin.py:149} INFO - [2024-05-27T16:48:59.015+0000] {dag.py:3490} INFO - Setting next_dagrun for example_nested_branch_dag to 2024-05-26T00:00:00+00:00, run_after=2024-05-27T00:00:00+00:00
[2024-05-27T16:48:59.023+0000] {processor.py:178} INFO - Processing /home/airflow/.local/lib/python3.7/site-packages/airflow/example_dags/example_nested_branch_dag.py took 0.058 seconds
[2024-05-27T16:50:02.017+0000] {processor.py:156} INFO - Started process (PID=1112) to work on /home/airflow/.local/lib/python3.7/site-packages/airflow/example_dags/example_nested_branch_dag.py
[2024-05-27T16:50:02.019+0000] {processor.py:799} INFO - Processing file /home/airflow/.local/lib/python3.7/site-packages/airflow/example_dags/example_nested_branch_dag.py for tasks to queue
[2024-05-27T16:50:02.020+0000] {logging_mixin.py:149} INFO - [2024-05-27T16:50:02.020+0000] {dagbag.py:541} INFO - Filling up the DagBag from /home/airflow/.local/lib/python3.7/site-packages/airflow/example_dags/example_nested_branch_dag.py
[2024-05-27T16:50:02.032+0000] {processor.py:809} INFO - DAG(s) dict_keys(['example_nested_branch_dag']) retrieved from /home/airflow/.local/lib/python3.7/site-packages/airflow/example_dags/example_nested_branch_dag.py
[2024-05-27T16:50:02.052+0000] {logging_mixin.py:149} INFO - [2024-05-27T16:50:02.052+0000] {dag.py:2726} INFO - Sync 1 DAGs
[2024-05-27T16:50:02.069+0000] {logging_mixin.py:149} INFO - [2024-05-27T16:50:02.069+0000] {dag.py:3490} INFO - Setting next_dagrun for example_nested_branch_dag to 2024-05-26T00:00:00+00:00, run_after=2024-05-27T00:00:00+00:00
[2024-05-27T16:50:02.079+0000] {processor.py:178} INFO - Processing /home/airflow/.local/lib/python3.7/site-packages/airflow/example_dags/example_nested_branch_dag.py took 0.068 seconds
[2024-05-27T16:50:32.144+0000] {processor.py:156} INFO - Started process (PID=1173) to work on /home/airflow/.local/lib/python3.7/site-packages/airflow/example_dags/example_nested_branch_dag.py
[2024-05-27T16:50:32.146+0000] {processor.py:799} INFO - Processing file /home/airflow/.local/lib/python3.7/site-packages/airflow/example_dags/example_nested_branch_dag.py for tasks to queue
[2024-05-27T16:50:32.147+0000] {logging_mixin.py:149} INFO - [2024-05-27T16:50:32.147+0000] {dagbag.py:541} INFO - Filling up the DagBag from /home/airflow/.local/lib/python3.7/site-packages/airflow/example_dags/example_nested_branch_dag.py
[2024-05-27T16:50:32.161+0000] {processor.py:809} INFO - DAG(s) dict_keys(['example_nested_branch_dag']) retrieved from /home/airflow/.local/lib/python3.7/site-packages/airflow/example_dags/example_nested_branch_dag.py
[2024-05-27T16:50:32.191+0000] {logging_mixin.py:149} INFO - [2024-05-27T16:50:32.191+0000] {dag.py:2726} INFO - Sync 1 DAGs
[2024-05-27T16:50:32.207+0000] {logging_mixin.py:149} INFO - [2024-05-27T16:50:32.207+0000] {dag.py:3490} INFO - Setting next_dagrun for example_nested_branch_dag to 2024-05-26T00:00:00+00:00, run_after=2024-05-27T00:00:00+00:00
[2024-05-27T16:50:32.217+0000] {processor.py:178} INFO - Processing /home/airflow/.local/lib/python3.7/site-packages/airflow/example_dags/example_nested_branch_dag.py took 0.079 seconds
[2024-05-27T16:51:02.299+0000] {processor.py:156} INFO - Started process (PID=1234) to work on /home/airflow/.local/lib/python3.7/site-packages/airflow/example_dags/example_nested_branch_dag.py
[2024-05-27T16:51:02.300+0000] {processor.py:799} INFO - Processing file /home/airflow/.local/lib/python3.7/site-packages/airflow/example_dags/example_nested_branch_dag.py for tasks to queue
[2024-05-27T16:51:02.300+0000] {logging_mixin.py:149} INFO - [2024-05-27T16:51:02.300+0000] {dagbag.py:541} INFO - Filling up the DagBag from /home/airflow/.local/lib/python3.7/site-packages/airflow/example_dags/example_nested_branch_dag.py
[2024-05-27T16:51:02.310+0000] {processor.py:809} INFO - DAG(s) dict_keys(['example_nested_branch_dag']) retrieved from /home/airflow/.local/lib/python3.7/site-packages/airflow/example_dags/example_nested_branch_dag.py
[2024-05-27T16:51:02.327+0000] {logging_mixin.py:149} INFO - [2024-05-27T16:51:02.327+0000] {dag.py:2726} INFO - Sync 1 DAGs
[2024-05-27T16:51:02.341+0000] {logging_mixin.py:149} INFO - [2024-05-27T16:51:02.341+0000] {dag.py:3490} INFO - Setting next_dagrun for example_nested_branch_dag to 2024-05-26T00:00:00+00:00, run_after=2024-05-27T00:00:00+00:00
[2024-05-27T16:51:02.349+0000] {processor.py:178} INFO - Processing /home/airflow/.local/lib/python3.7/site-packages/airflow/example_dags/example_nested_branch_dag.py took 0.055 seconds
[2024-05-27T16:51:32.464+0000] {processor.py:156} INFO - Started process (PID=1295) to work on /home/airflow/.local/lib/python3.7/site-packages/airflow/example_dags/example_nested_branch_dag.py
[2024-05-27T16:51:32.466+0000] {processor.py:799} INFO - Processing file /home/airflow/.local/lib/python3.7/site-packages/airflow/example_dags/example_nested_branch_dag.py for tasks to queue
[2024-05-27T16:51:32.468+0000] {logging_mixin.py:149} INFO - [2024-05-27T16:51:32.468+0000] {dagbag.py:541} INFO - Filling up the DagBag from /home/airflow/.local/lib/python3.7/site-packages/airflow/example_dags/example_nested_branch_dag.py
[2024-05-27T16:51:32.495+0000] {processor.py:809} INFO - DAG(s) dict_keys(['example_nested_branch_dag']) retrieved from /home/airflow/.local/lib/python3.7/site-packages/airflow/example_dags/example_nested_branch_dag.py
[2024-05-27T16:51:32.521+0000] {logging_mixin.py:149} INFO - [2024-05-27T16:51:32.521+0000] {dag.py:2726} INFO - Sync 1 DAGs
[2024-05-27T16:51:32.553+0000] {logging_mixin.py:149} INFO - [2024-05-27T16:51:32.553+0000] {dag.py:3490} INFO - Setting next_dagrun for example_nested_branch_dag to 2024-05-26T00:00:00+00:00, run_after=2024-05-27T00:00:00+00:00
[2024-05-27T16:51:32.575+0000] {processor.py:178} INFO - Processing /home/airflow/.local/lib/python3.7/site-packages/airflow/example_dags/example_nested_branch_dag.py took 0.115 seconds
[2024-05-27T16:52:03.249+0000] {processor.py:156} INFO - Started process (PID=1373) to work on /home/airflow/.local/lib/python3.7/site-packages/airflow/example_dags/example_nested_branch_dag.py
[2024-05-27T16:52:03.263+0000] {processor.py:799} INFO - Processing file /home/airflow/.local/lib/python3.7/site-packages/airflow/example_dags/example_nested_branch_dag.py for tasks to queue
[2024-05-27T16:52:03.269+0000] {logging_mixin.py:149} INFO - [2024-05-27T16:52:03.267+0000] {dagbag.py:541} INFO - Filling up the DagBag from /home/airflow/.local/lib/python3.7/site-packages/airflow/example_dags/example_nested_branch_dag.py
[2024-05-27T16:52:03.407+0000] {processor.py:809} INFO - DAG(s) dict_keys(['example_nested_branch_dag']) retrieved from /home/airflow/.local/lib/python3.7/site-packages/airflow/example_dags/example_nested_branch_dag.py
[2024-05-27T16:52:04.448+0000] {logging_mixin.py:149} INFO - [2024-05-27T16:52:04.443+0000] {dag.py:2726} INFO - Sync 1 DAGs
[2024-05-27T16:52:04.590+0000] {logging_mixin.py:149} INFO - [2024-05-27T16:52:04.590+0000] {dag.py:3490} INFO - Setting next_dagrun for example_nested_branch_dag to 2024-05-26T00:00:00+00:00, run_after=2024-05-27T00:00:00+00:00
[2024-05-27T16:52:04.649+0000] {processor.py:178} INFO - Processing /home/airflow/.local/lib/python3.7/site-packages/airflow/example_dags/example_nested_branch_dag.py took 1.497 seconds
