[2024-05-27T16:40:19.886+0000] {processor.py:156} INFO - Started process (PID=47) to work on /home/airflow/.local/lib/python3.7/site-packages/airflow/example_dags/example_task_group_decorator.py
[2024-05-27T16:40:19.888+0000] {processor.py:799} INFO - Processing file /home/airflow/.local/lib/python3.7/site-packages/airflow/example_dags/example_task_group_decorator.py for tasks to queue
[2024-05-27T16:40:19.888+0000] {logging_mixin.py:149} INFO - [2024-05-27T16:40:19.888+0000] {dagbag.py:541} INFO - Filling up the DagBag from /home/airflow/.local/lib/python3.7/site-packages/airflow/example_dags/example_task_group_decorator.py
[2024-05-27T16:40:19.905+0000] {processor.py:809} INFO - DAG(s) dict_keys(['example_task_group_decorator']) retrieved from /home/airflow/.local/lib/python3.7/site-packages/airflow/example_dags/example_task_group_decorator.py
[2024-05-27T16:40:19.986+0000] {logging_mixin.py:149} INFO - [2024-05-27T16:40:19.986+0000] {manager.py:504} INFO - Created Permission View: can delete on DAG:example_task_group_decorator
[2024-05-27T16:40:19.990+0000] {logging_mixin.py:149} INFO - [2024-05-27T16:40:19.990+0000] {manager.py:504} INFO - Created Permission View: can read on DAG:example_task_group_decorator
[2024-05-27T16:40:19.996+0000] {logging_mixin.py:149} INFO - [2024-05-27T16:40:19.996+0000] {manager.py:504} INFO - Created Permission View: can edit on DAG:example_task_group_decorator
[2024-05-27T16:40:19.997+0000] {logging_mixin.py:149} INFO - [2024-05-27T16:40:19.996+0000] {dag.py:2726} INFO - Sync 1 DAGs
[2024-05-27T16:40:20.006+0000] {logging_mixin.py:149} INFO - [2024-05-27T16:40:20.006+0000] {dag.py:2747} INFO - Creating ORM DAG for example_task_group_decorator
[2024-05-27T16:40:20.016+0000] {logging_mixin.py:149} INFO - [2024-05-27T16:40:20.016+0000] {dag.py:3490} INFO - Setting next_dagrun for example_task_group_decorator to 2024-05-26T16:40:20.015878+00:00, run_after=2024-05-27T16:40:20.015878+00:00
[2024-05-27T16:40:20.035+0000] {processor.py:178} INFO - Processing /home/airflow/.local/lib/python3.7/site-packages/airflow/example_dags/example_task_group_decorator.py took 0.152 seconds
[2024-05-27T16:40:50.060+0000] {processor.py:156} INFO - Started process (PID=106) to work on /home/airflow/.local/lib/python3.7/site-packages/airflow/example_dags/example_task_group_decorator.py
[2024-05-27T16:40:50.061+0000] {processor.py:799} INFO - Processing file /home/airflow/.local/lib/python3.7/site-packages/airflow/example_dags/example_task_group_decorator.py for tasks to queue
[2024-05-27T16:40:50.061+0000] {logging_mixin.py:149} INFO - [2024-05-27T16:40:50.061+0000] {dagbag.py:541} INFO - Filling up the DagBag from /home/airflow/.local/lib/python3.7/site-packages/airflow/example_dags/example_task_group_decorator.py
[2024-05-27T16:40:50.069+0000] {processor.py:809} INFO - DAG(s) dict_keys(['example_task_group_decorator']) retrieved from /home/airflow/.local/lib/python3.7/site-packages/airflow/example_dags/example_task_group_decorator.py
[2024-05-27T16:40:50.083+0000] {logging_mixin.py:149} INFO - [2024-05-27T16:40:50.082+0000] {dag.py:2726} INFO - Sync 1 DAGs
[2024-05-27T16:40:50.094+0000] {logging_mixin.py:149} INFO - [2024-05-27T16:40:50.094+0000] {dag.py:3490} INFO - Setting next_dagrun for example_task_group_decorator to 2024-05-26T16:40:50.094591+00:00, run_after=2024-05-27T16:40:50.094591+00:00
[2024-05-27T16:40:50.103+0000] {processor.py:178} INFO - Processing /home/airflow/.local/lib/python3.7/site-packages/airflow/example_dags/example_task_group_decorator.py took 0.045 seconds
[2024-05-27T16:41:20.366+0000] {processor.py:156} INFO - Started process (PID=166) to work on /home/airflow/.local/lib/python3.7/site-packages/airflow/example_dags/example_task_group_decorator.py
[2024-05-27T16:41:20.367+0000] {processor.py:799} INFO - Processing file /home/airflow/.local/lib/python3.7/site-packages/airflow/example_dags/example_task_group_decorator.py for tasks to queue
[2024-05-27T16:41:20.367+0000] {logging_mixin.py:149} INFO - [2024-05-27T16:41:20.367+0000] {dagbag.py:541} INFO - Filling up the DagBag from /home/airflow/.local/lib/python3.7/site-packages/airflow/example_dags/example_task_group_decorator.py
[2024-05-27T16:41:20.377+0000] {processor.py:809} INFO - DAG(s) dict_keys(['example_task_group_decorator']) retrieved from /home/airflow/.local/lib/python3.7/site-packages/airflow/example_dags/example_task_group_decorator.py
[2024-05-27T16:41:20.391+0000] {logging_mixin.py:149} INFO - [2024-05-27T16:41:20.391+0000] {dag.py:2726} INFO - Sync 1 DAGs
[2024-05-27T16:41:20.406+0000] {logging_mixin.py:149} INFO - [2024-05-27T16:41:20.406+0000] {dag.py:3490} INFO - Setting next_dagrun for example_task_group_decorator to 2024-05-26T16:41:20.406438+00:00, run_after=2024-05-27T16:41:20.406438+00:00
[2024-05-27T16:41:20.417+0000] {processor.py:178} INFO - Processing /home/airflow/.local/lib/python3.7/site-packages/airflow/example_dags/example_task_group_decorator.py took 0.053 seconds
[2024-05-27T16:41:51.394+0000] {processor.py:156} INFO - Started process (PID=226) to work on /home/airflow/.local/lib/python3.7/site-packages/airflow/example_dags/example_task_group_decorator.py
[2024-05-27T16:41:51.395+0000] {processor.py:799} INFO - Processing file /home/airflow/.local/lib/python3.7/site-packages/airflow/example_dags/example_task_group_decorator.py for tasks to queue
[2024-05-27T16:41:51.395+0000] {logging_mixin.py:149} INFO - [2024-05-27T16:41:51.395+0000] {dagbag.py:541} INFO - Filling up the DagBag from /home/airflow/.local/lib/python3.7/site-packages/airflow/example_dags/example_task_group_decorator.py
[2024-05-27T16:41:51.404+0000] {processor.py:809} INFO - DAG(s) dict_keys(['example_task_group_decorator']) retrieved from /home/airflow/.local/lib/python3.7/site-packages/airflow/example_dags/example_task_group_decorator.py
[2024-05-27T16:41:51.419+0000] {logging_mixin.py:149} INFO - [2024-05-27T16:41:51.418+0000] {dag.py:2726} INFO - Sync 1 DAGs
[2024-05-27T16:41:51.432+0000] {logging_mixin.py:149} INFO - [2024-05-27T16:41:51.432+0000] {dag.py:3490} INFO - Setting next_dagrun for example_task_group_decorator to 2024-05-26T16:41:51.431892+00:00, run_after=2024-05-27T16:41:51.431892+00:00
[2024-05-27T16:41:51.440+0000] {processor.py:178} INFO - Processing /home/airflow/.local/lib/python3.7/site-packages/airflow/example_dags/example_task_group_decorator.py took 0.048 seconds
[2024-05-27T16:42:21.680+0000] {processor.py:156} INFO - Started process (PID=286) to work on /home/airflow/.local/lib/python3.7/site-packages/airflow/example_dags/example_task_group_decorator.py
[2024-05-27T16:42:21.680+0000] {processor.py:799} INFO - Processing file /home/airflow/.local/lib/python3.7/site-packages/airflow/example_dags/example_task_group_decorator.py for tasks to queue
[2024-05-27T16:42:21.681+0000] {logging_mixin.py:149} INFO - [2024-05-27T16:42:21.681+0000] {dagbag.py:541} INFO - Filling up the DagBag from /home/airflow/.local/lib/python3.7/site-packages/airflow/example_dags/example_task_group_decorator.py
[2024-05-27T16:42:21.688+0000] {processor.py:809} INFO - DAG(s) dict_keys(['example_task_group_decorator']) retrieved from /home/airflow/.local/lib/python3.7/site-packages/airflow/example_dags/example_task_group_decorator.py
[2024-05-27T16:42:21.704+0000] {logging_mixin.py:149} INFO - [2024-05-27T16:42:21.703+0000] {dag.py:2726} INFO - Sync 1 DAGs
[2024-05-27T16:42:21.725+0000] {logging_mixin.py:149} INFO - [2024-05-27T16:42:21.725+0000] {dag.py:3490} INFO - Setting next_dagrun for example_task_group_decorator to 2024-05-26T16:42:21.724790+00:00, run_after=2024-05-27T16:42:21.724790+00:00
[2024-05-27T16:42:21.736+0000] {processor.py:178} INFO - Processing /home/airflow/.local/lib/python3.7/site-packages/airflow/example_dags/example_task_group_decorator.py took 0.058 seconds
[2024-05-27T16:42:51.916+0000] {processor.py:156} INFO - Started process (PID=346) to work on /home/airflow/.local/lib/python3.7/site-packages/airflow/example_dags/example_task_group_decorator.py
[2024-05-27T16:42:51.917+0000] {processor.py:799} INFO - Processing file /home/airflow/.local/lib/python3.7/site-packages/airflow/example_dags/example_task_group_decorator.py for tasks to queue
[2024-05-27T16:42:51.917+0000] {logging_mixin.py:149} INFO - [2024-05-27T16:42:51.917+0000] {dagbag.py:541} INFO - Filling up the DagBag from /home/airflow/.local/lib/python3.7/site-packages/airflow/example_dags/example_task_group_decorator.py
[2024-05-27T16:42:51.925+0000] {processor.py:809} INFO - DAG(s) dict_keys(['example_task_group_decorator']) retrieved from /home/airflow/.local/lib/python3.7/site-packages/airflow/example_dags/example_task_group_decorator.py
[2024-05-27T16:42:51.938+0000] {logging_mixin.py:149} INFO - [2024-05-27T16:42:51.938+0000] {dag.py:2726} INFO - Sync 1 DAGs
[2024-05-27T16:42:51.951+0000] {logging_mixin.py:149} INFO - [2024-05-27T16:42:51.951+0000] {dag.py:3490} INFO - Setting next_dagrun for example_task_group_decorator to 2024-05-26T16:42:51.951195+00:00, run_after=2024-05-27T16:42:51.951195+00:00
[2024-05-27T16:42:51.958+0000] {processor.py:178} INFO - Processing /home/airflow/.local/lib/python3.7/site-packages/airflow/example_dags/example_task_group_decorator.py took 0.044 seconds
[2024-05-27T16:43:22.716+0000] {processor.py:156} INFO - Started process (PID=406) to work on /home/airflow/.local/lib/python3.7/site-packages/airflow/example_dags/example_task_group_decorator.py
[2024-05-27T16:43:22.716+0000] {processor.py:799} INFO - Processing file /home/airflow/.local/lib/python3.7/site-packages/airflow/example_dags/example_task_group_decorator.py for tasks to queue
[2024-05-27T16:43:22.717+0000] {logging_mixin.py:149} INFO - [2024-05-27T16:43:22.717+0000] {dagbag.py:541} INFO - Filling up the DagBag from /home/airflow/.local/lib/python3.7/site-packages/airflow/example_dags/example_task_group_decorator.py
[2024-05-27T16:43:22.725+0000] {processor.py:809} INFO - DAG(s) dict_keys(['example_task_group_decorator']) retrieved from /home/airflow/.local/lib/python3.7/site-packages/airflow/example_dags/example_task_group_decorator.py
[2024-05-27T16:43:22.740+0000] {logging_mixin.py:149} INFO - [2024-05-27T16:43:22.740+0000] {dag.py:2726} INFO - Sync 1 DAGs
[2024-05-27T16:43:22.752+0000] {logging_mixin.py:149} INFO - [2024-05-27T16:43:22.752+0000] {dag.py:3490} INFO - Setting next_dagrun for example_task_group_decorator to 2024-05-26T16:43:22.752001+00:00, run_after=2024-05-27T16:43:22.752001+00:00
[2024-05-27T16:43:22.760+0000] {processor.py:178} INFO - Processing /home/airflow/.local/lib/python3.7/site-packages/airflow/example_dags/example_task_group_decorator.py took 0.046 seconds
[2024-05-27T16:43:53.652+0000] {processor.py:156} INFO - Started process (PID=466) to work on /home/airflow/.local/lib/python3.7/site-packages/airflow/example_dags/example_task_group_decorator.py
[2024-05-27T16:43:53.653+0000] {processor.py:799} INFO - Processing file /home/airflow/.local/lib/python3.7/site-packages/airflow/example_dags/example_task_group_decorator.py for tasks to queue
[2024-05-27T16:43:53.653+0000] {logging_mixin.py:149} INFO - [2024-05-27T16:43:53.653+0000] {dagbag.py:541} INFO - Filling up the DagBag from /home/airflow/.local/lib/python3.7/site-packages/airflow/example_dags/example_task_group_decorator.py
[2024-05-27T16:43:53.660+0000] {processor.py:809} INFO - DAG(s) dict_keys(['example_task_group_decorator']) retrieved from /home/airflow/.local/lib/python3.7/site-packages/airflow/example_dags/example_task_group_decorator.py
[2024-05-27T16:43:53.674+0000] {logging_mixin.py:149} INFO - [2024-05-27T16:43:53.674+0000] {dag.py:2726} INFO - Sync 1 DAGs
[2024-05-27T16:43:53.686+0000] {logging_mixin.py:149} INFO - [2024-05-27T16:43:53.686+0000] {dag.py:3490} INFO - Setting next_dagrun for example_task_group_decorator to 2024-05-26T16:43:53.685936+00:00, run_after=2024-05-27T16:43:53.685936+00:00
[2024-05-27T16:43:53.693+0000] {processor.py:178} INFO - Processing /home/airflow/.local/lib/python3.7/site-packages/airflow/example_dags/example_task_group_decorator.py took 0.043 seconds
[2024-05-27T16:44:24.428+0000] {processor.py:156} INFO - Started process (PID=526) to work on /home/airflow/.local/lib/python3.7/site-packages/airflow/example_dags/example_task_group_decorator.py
[2024-05-27T16:44:24.429+0000] {processor.py:799} INFO - Processing file /home/airflow/.local/lib/python3.7/site-packages/airflow/example_dags/example_task_group_decorator.py for tasks to queue
[2024-05-27T16:44:24.429+0000] {logging_mixin.py:149} INFO - [2024-05-27T16:44:24.429+0000] {dagbag.py:541} INFO - Filling up the DagBag from /home/airflow/.local/lib/python3.7/site-packages/airflow/example_dags/example_task_group_decorator.py
[2024-05-27T16:44:24.437+0000] {processor.py:809} INFO - DAG(s) dict_keys(['example_task_group_decorator']) retrieved from /home/airflow/.local/lib/python3.7/site-packages/airflow/example_dags/example_task_group_decorator.py
[2024-05-27T16:44:24.451+0000] {logging_mixin.py:149} INFO - [2024-05-27T16:44:24.451+0000] {dag.py:2726} INFO - Sync 1 DAGs
[2024-05-27T16:44:24.464+0000] {logging_mixin.py:149} INFO - [2024-05-27T16:44:24.464+0000] {dag.py:3490} INFO - Setting next_dagrun for example_task_group_decorator to 2024-05-26T16:44:24.464685+00:00, run_after=2024-05-27T16:44:24.464685+00:00
[2024-05-27T16:44:24.472+0000] {processor.py:178} INFO - Processing /home/airflow/.local/lib/python3.7/site-packages/airflow/example_dags/example_task_group_decorator.py took 0.047 seconds
[2024-05-27T16:44:54.551+0000] {processor.py:156} INFO - Started process (PID=586) to work on /home/airflow/.local/lib/python3.7/site-packages/airflow/example_dags/example_task_group_decorator.py
[2024-05-27T16:44:54.553+0000] {processor.py:799} INFO - Processing file /home/airflow/.local/lib/python3.7/site-packages/airflow/example_dags/example_task_group_decorator.py for tasks to queue
[2024-05-27T16:44:54.554+0000] {logging_mixin.py:149} INFO - [2024-05-27T16:44:54.554+0000] {dagbag.py:541} INFO - Filling up the DagBag from /home/airflow/.local/lib/python3.7/site-packages/airflow/example_dags/example_task_group_decorator.py
[2024-05-27T16:44:54.573+0000] {processor.py:809} INFO - DAG(s) dict_keys(['example_task_group_decorator']) retrieved from /home/airflow/.local/lib/python3.7/site-packages/airflow/example_dags/example_task_group_decorator.py
[2024-05-27T16:44:54.591+0000] {logging_mixin.py:149} INFO - [2024-05-27T16:44:54.591+0000] {dag.py:2726} INFO - Sync 1 DAGs
[2024-05-27T16:44:54.605+0000] {logging_mixin.py:149} INFO - [2024-05-27T16:44:54.605+0000] {dag.py:3490} INFO - Setting next_dagrun for example_task_group_decorator to 2024-05-26T16:44:54.605382+00:00, run_after=2024-05-27T16:44:54.605382+00:00
[2024-05-27T16:44:54.614+0000] {processor.py:178} INFO - Processing /home/airflow/.local/lib/python3.7/site-packages/airflow/example_dags/example_task_group_decorator.py took 0.068 seconds
[2024-05-27T16:45:25.574+0000] {processor.py:156} INFO - Started process (PID=646) to work on /home/airflow/.local/lib/python3.7/site-packages/airflow/example_dags/example_task_group_decorator.py
[2024-05-27T16:45:25.574+0000] {processor.py:799} INFO - Processing file /home/airflow/.local/lib/python3.7/site-packages/airflow/example_dags/example_task_group_decorator.py for tasks to queue
[2024-05-27T16:45:25.575+0000] {logging_mixin.py:149} INFO - [2024-05-27T16:45:25.575+0000] {dagbag.py:541} INFO - Filling up the DagBag from /home/airflow/.local/lib/python3.7/site-packages/airflow/example_dags/example_task_group_decorator.py
[2024-05-27T16:45:25.583+0000] {processor.py:809} INFO - DAG(s) dict_keys(['example_task_group_decorator']) retrieved from /home/airflow/.local/lib/python3.7/site-packages/airflow/example_dags/example_task_group_decorator.py
[2024-05-27T16:45:25.600+0000] {logging_mixin.py:149} INFO - [2024-05-27T16:45:25.600+0000] {dag.py:2726} INFO - Sync 1 DAGs
[2024-05-27T16:45:25.613+0000] {logging_mixin.py:149} INFO - [2024-05-27T16:45:25.613+0000] {dag.py:3490} INFO - Setting next_dagrun for example_task_group_decorator to 2024-05-26T16:45:25.613233+00:00, run_after=2024-05-27T16:45:25.613233+00:00
[2024-05-27T16:45:25.621+0000] {processor.py:178} INFO - Processing /home/airflow/.local/lib/python3.7/site-packages/airflow/example_dags/example_task_group_decorator.py took 0.050 seconds
[2024-05-27T16:45:56.323+0000] {processor.py:156} INFO - Started process (PID=706) to work on /home/airflow/.local/lib/python3.7/site-packages/airflow/example_dags/example_task_group_decorator.py
[2024-05-27T16:45:56.324+0000] {processor.py:799} INFO - Processing file /home/airflow/.local/lib/python3.7/site-packages/airflow/example_dags/example_task_group_decorator.py for tasks to queue
[2024-05-27T16:45:56.324+0000] {logging_mixin.py:149} INFO - [2024-05-27T16:45:56.324+0000] {dagbag.py:541} INFO - Filling up the DagBag from /home/airflow/.local/lib/python3.7/site-packages/airflow/example_dags/example_task_group_decorator.py
[2024-05-27T16:45:56.332+0000] {processor.py:809} INFO - DAG(s) dict_keys(['example_task_group_decorator']) retrieved from /home/airflow/.local/lib/python3.7/site-packages/airflow/example_dags/example_task_group_decorator.py
[2024-05-27T16:45:56.348+0000] {logging_mixin.py:149} INFO - [2024-05-27T16:45:56.348+0000] {dag.py:2726} INFO - Sync 1 DAGs
[2024-05-27T16:45:56.361+0000] {logging_mixin.py:149} INFO - [2024-05-27T16:45:56.361+0000] {dag.py:3490} INFO - Setting next_dagrun for example_task_group_decorator to 2024-05-26T16:45:56.361353+00:00, run_after=2024-05-27T16:45:56.361353+00:00
[2024-05-27T16:45:56.370+0000] {processor.py:178} INFO - Processing /home/airflow/.local/lib/python3.7/site-packages/airflow/example_dags/example_task_group_decorator.py took 0.049 seconds
[2024-05-27T16:46:26.504+0000] {processor.py:156} INFO - Started process (PID=766) to work on /home/airflow/.local/lib/python3.7/site-packages/airflow/example_dags/example_task_group_decorator.py
[2024-05-27T16:46:26.505+0000] {processor.py:799} INFO - Processing file /home/airflow/.local/lib/python3.7/site-packages/airflow/example_dags/example_task_group_decorator.py for tasks to queue
[2024-05-27T16:46:26.505+0000] {logging_mixin.py:149} INFO - [2024-05-27T16:46:26.505+0000] {dagbag.py:541} INFO - Filling up the DagBag from /home/airflow/.local/lib/python3.7/site-packages/airflow/example_dags/example_task_group_decorator.py
[2024-05-27T16:46:26.513+0000] {processor.py:809} INFO - DAG(s) dict_keys(['example_task_group_decorator']) retrieved from /home/airflow/.local/lib/python3.7/site-packages/airflow/example_dags/example_task_group_decorator.py
[2024-05-27T16:46:26.526+0000] {logging_mixin.py:149} INFO - [2024-05-27T16:46:26.526+0000] {dag.py:2726} INFO - Sync 1 DAGs
[2024-05-27T16:46:26.539+0000] {logging_mixin.py:149} INFO - [2024-05-27T16:46:26.538+0000] {dag.py:3490} INFO - Setting next_dagrun for example_task_group_decorator to 2024-05-26T16:46:26.538869+00:00, run_after=2024-05-27T16:46:26.538869+00:00
[2024-05-27T16:46:26.548+0000] {processor.py:178} INFO - Processing /home/airflow/.local/lib/python3.7/site-packages/airflow/example_dags/example_task_group_decorator.py took 0.045 seconds
[2024-05-27T16:46:57.386+0000] {processor.py:156} INFO - Started process (PID=826) to work on /home/airflow/.local/lib/python3.7/site-packages/airflow/example_dags/example_task_group_decorator.py
[2024-05-27T16:46:57.387+0000] {processor.py:799} INFO - Processing file /home/airflow/.local/lib/python3.7/site-packages/airflow/example_dags/example_task_group_decorator.py for tasks to queue
[2024-05-27T16:46:57.387+0000] {logging_mixin.py:149} INFO - [2024-05-27T16:46:57.387+0000] {dagbag.py:541} INFO - Filling up the DagBag from /home/airflow/.local/lib/python3.7/site-packages/airflow/example_dags/example_task_group_decorator.py
[2024-05-27T16:46:57.395+0000] {processor.py:809} INFO - DAG(s) dict_keys(['example_task_group_decorator']) retrieved from /home/airflow/.local/lib/python3.7/site-packages/airflow/example_dags/example_task_group_decorator.py
[2024-05-27T16:46:57.409+0000] {logging_mixin.py:149} INFO - [2024-05-27T16:46:57.409+0000] {dag.py:2726} INFO - Sync 1 DAGs
[2024-05-27T16:46:57.421+0000] {logging_mixin.py:149} INFO - [2024-05-27T16:46:57.421+0000] {dag.py:3490} INFO - Setting next_dagrun for example_task_group_decorator to 2024-05-26T16:46:57.421182+00:00, run_after=2024-05-27T16:46:57.421182+00:00
[2024-05-27T16:46:57.429+0000] {processor.py:178} INFO - Processing /home/airflow/.local/lib/python3.7/site-packages/airflow/example_dags/example_task_group_decorator.py took 0.044 seconds
[2024-05-27T16:47:28.159+0000] {processor.py:156} INFO - Started process (PID=886) to work on /home/airflow/.local/lib/python3.7/site-packages/airflow/example_dags/example_task_group_decorator.py
[2024-05-27T16:47:28.160+0000] {processor.py:799} INFO - Processing file /home/airflow/.local/lib/python3.7/site-packages/airflow/example_dags/example_task_group_decorator.py for tasks to queue
[2024-05-27T16:47:28.160+0000] {logging_mixin.py:149} INFO - [2024-05-27T16:47:28.160+0000] {dagbag.py:541} INFO - Filling up the DagBag from /home/airflow/.local/lib/python3.7/site-packages/airflow/example_dags/example_task_group_decorator.py
[2024-05-27T16:47:28.167+0000] {processor.py:809} INFO - DAG(s) dict_keys(['example_task_group_decorator']) retrieved from /home/airflow/.local/lib/python3.7/site-packages/airflow/example_dags/example_task_group_decorator.py
[2024-05-27T16:47:28.181+0000] {logging_mixin.py:149} INFO - [2024-05-27T16:47:28.181+0000] {dag.py:2726} INFO - Sync 1 DAGs
[2024-05-27T16:47:28.193+0000] {logging_mixin.py:149} INFO - [2024-05-27T16:47:28.193+0000] {dag.py:3490} INFO - Setting next_dagrun for example_task_group_decorator to 2024-05-26T16:47:28.193224+00:00, run_after=2024-05-27T16:47:28.193224+00:00
[2024-05-27T16:47:28.201+0000] {processor.py:178} INFO - Processing /home/airflow/.local/lib/python3.7/site-packages/airflow/example_dags/example_task_group_decorator.py took 0.043 seconds
[2024-05-27T16:47:58.947+0000] {processor.py:156} INFO - Started process (PID=946) to work on /home/airflow/.local/lib/python3.7/site-packages/airflow/example_dags/example_task_group_decorator.py
[2024-05-27T16:47:58.948+0000] {processor.py:799} INFO - Processing file /home/airflow/.local/lib/python3.7/site-packages/airflow/example_dags/example_task_group_decorator.py for tasks to queue
[2024-05-27T16:47:58.948+0000] {logging_mixin.py:149} INFO - [2024-05-27T16:47:58.948+0000] {dagbag.py:541} INFO - Filling up the DagBag from /home/airflow/.local/lib/python3.7/site-packages/airflow/example_dags/example_task_group_decorator.py
[2024-05-27T16:47:58.956+0000] {processor.py:809} INFO - DAG(s) dict_keys(['example_task_group_decorator']) retrieved from /home/airflow/.local/lib/python3.7/site-packages/airflow/example_dags/example_task_group_decorator.py
[2024-05-27T16:47:58.971+0000] {logging_mixin.py:149} INFO - [2024-05-27T16:47:58.971+0000] {dag.py:2726} INFO - Sync 1 DAGs
[2024-05-27T16:47:58.983+0000] {logging_mixin.py:149} INFO - [2024-05-27T16:47:58.983+0000] {dag.py:3490} INFO - Setting next_dagrun for example_task_group_decorator to 2024-05-26T16:47:58.982978+00:00, run_after=2024-05-27T16:47:58.982978+00:00
[2024-05-27T16:47:58.991+0000] {processor.py:178} INFO - Processing /home/airflow/.local/lib/python3.7/site-packages/airflow/example_dags/example_task_group_decorator.py took 0.046 seconds
[2024-05-27T16:48:29.728+0000] {processor.py:156} INFO - Started process (PID=1006) to work on /home/airflow/.local/lib/python3.7/site-packages/airflow/example_dags/example_task_group_decorator.py
[2024-05-27T16:48:29.728+0000] {processor.py:799} INFO - Processing file /home/airflow/.local/lib/python3.7/site-packages/airflow/example_dags/example_task_group_decorator.py for tasks to queue
[2024-05-27T16:48:29.729+0000] {logging_mixin.py:149} INFO - [2024-05-27T16:48:29.729+0000] {dagbag.py:541} INFO - Filling up the DagBag from /home/airflow/.local/lib/python3.7/site-packages/airflow/example_dags/example_task_group_decorator.py
[2024-05-27T16:48:29.737+0000] {processor.py:809} INFO - DAG(s) dict_keys(['example_task_group_decorator']) retrieved from /home/airflow/.local/lib/python3.7/site-packages/airflow/example_dags/example_task_group_decorator.py
[2024-05-27T16:48:29.750+0000] {logging_mixin.py:149} INFO - [2024-05-27T16:48:29.750+0000] {dag.py:2726} INFO - Sync 1 DAGs
[2024-05-27T16:48:29.762+0000] {logging_mixin.py:149} INFO - [2024-05-27T16:48:29.762+0000] {dag.py:3490} INFO - Setting next_dagrun for example_task_group_decorator to 2024-05-26T16:48:29.762356+00:00, run_after=2024-05-27T16:48:29.762356+00:00
[2024-05-27T16:48:29.770+0000] {processor.py:178} INFO - Processing /home/airflow/.local/lib/python3.7/site-packages/airflow/example_dags/example_task_group_decorator.py took 0.044 seconds
[2024-05-27T16:49:00.419+0000] {processor.py:156} INFO - Started process (PID=1066) to work on /home/airflow/.local/lib/python3.7/site-packages/airflow/example_dags/example_task_group_decorator.py
[2024-05-27T16:49:00.420+0000] {processor.py:799} INFO - Processing file /home/airflow/.local/lib/python3.7/site-packages/airflow/example_dags/example_task_group_decorator.py for tasks to queue
[2024-05-27T16:49:00.420+0000] {logging_mixin.py:149} INFO - [2024-05-27T16:49:00.420+0000] {dagbag.py:541} INFO - Filling up the DagBag from /home/airflow/.local/lib/python3.7/site-packages/airflow/example_dags/example_task_group_decorator.py
[2024-05-27T16:49:00.428+0000] {processor.py:809} INFO - DAG(s) dict_keys(['example_task_group_decorator']) retrieved from /home/airflow/.local/lib/python3.7/site-packages/airflow/example_dags/example_task_group_decorator.py
[2024-05-27T16:49:00.441+0000] {logging_mixin.py:149} INFO - [2024-05-27T16:49:00.441+0000] {dag.py:2726} INFO - Sync 1 DAGs
[2024-05-27T16:49:00.453+0000] {logging_mixin.py:149} INFO - [2024-05-27T16:49:00.453+0000] {dag.py:3490} INFO - Setting next_dagrun for example_task_group_decorator to 2024-05-26T16:49:00.453760+00:00, run_after=2024-05-27T16:49:00.453760+00:00
[2024-05-27T16:49:00.461+0000] {processor.py:178} INFO - Processing /home/airflow/.local/lib/python3.7/site-packages/airflow/example_dags/example_task_group_decorator.py took 0.044 seconds
[2024-05-27T16:50:02.517+0000] {processor.py:156} INFO - Started process (PID=1127) to work on /home/airflow/.local/lib/python3.7/site-packages/airflow/example_dags/example_task_group_decorator.py
[2024-05-27T16:50:02.517+0000] {processor.py:799} INFO - Processing file /home/airflow/.local/lib/python3.7/site-packages/airflow/example_dags/example_task_group_decorator.py for tasks to queue
[2024-05-27T16:50:02.518+0000] {logging_mixin.py:149} INFO - [2024-05-27T16:50:02.518+0000] {dagbag.py:541} INFO - Filling up the DagBag from /home/airflow/.local/lib/python3.7/site-packages/airflow/example_dags/example_task_group_decorator.py
[2024-05-27T16:50:02.526+0000] {processor.py:809} INFO - DAG(s) dict_keys(['example_task_group_decorator']) retrieved from /home/airflow/.local/lib/python3.7/site-packages/airflow/example_dags/example_task_group_decorator.py
[2024-05-27T16:50:02.542+0000] {logging_mixin.py:149} INFO - [2024-05-27T16:50:02.542+0000] {dag.py:2726} INFO - Sync 1 DAGs
[2024-05-27T16:50:02.556+0000] {logging_mixin.py:149} INFO - [2024-05-27T16:50:02.556+0000] {dag.py:3490} INFO - Setting next_dagrun for example_task_group_decorator to 2024-05-26T16:50:02.555951+00:00, run_after=2024-05-27T16:50:02.555951+00:00
[2024-05-27T16:50:02.565+0000] {processor.py:178} INFO - Processing /home/airflow/.local/lib/python3.7/site-packages/airflow/example_dags/example_task_group_decorator.py took 0.051 seconds
[2024-05-27T16:50:32.691+0000] {processor.py:156} INFO - Started process (PID=1187) to work on /home/airflow/.local/lib/python3.7/site-packages/airflow/example_dags/example_task_group_decorator.py
[2024-05-27T16:50:32.692+0000] {processor.py:799} INFO - Processing file /home/airflow/.local/lib/python3.7/site-packages/airflow/example_dags/example_task_group_decorator.py for tasks to queue
[2024-05-27T16:50:32.692+0000] {logging_mixin.py:149} INFO - [2024-05-27T16:50:32.692+0000] {dagbag.py:541} INFO - Filling up the DagBag from /home/airflow/.local/lib/python3.7/site-packages/airflow/example_dags/example_task_group_decorator.py
[2024-05-27T16:50:32.699+0000] {processor.py:809} INFO - DAG(s) dict_keys(['example_task_group_decorator']) retrieved from /home/airflow/.local/lib/python3.7/site-packages/airflow/example_dags/example_task_group_decorator.py
[2024-05-27T16:50:32.713+0000] {logging_mixin.py:149} INFO - [2024-05-27T16:50:32.713+0000] {dag.py:2726} INFO - Sync 1 DAGs
[2024-05-27T16:50:32.724+0000] {logging_mixin.py:149} INFO - [2024-05-27T16:50:32.724+0000] {dag.py:3490} INFO - Setting next_dagrun for example_task_group_decorator to 2024-05-26T16:50:32.724652+00:00, run_after=2024-05-27T16:50:32.724652+00:00
[2024-05-27T16:50:32.733+0000] {processor.py:178} INFO - Processing /home/airflow/.local/lib/python3.7/site-packages/airflow/example_dags/example_task_group_decorator.py took 0.044 seconds
[2024-05-27T16:51:02.891+0000] {processor.py:156} INFO - Started process (PID=1248) to work on /home/airflow/.local/lib/python3.7/site-packages/airflow/example_dags/example_task_group_decorator.py
[2024-05-27T16:51:02.892+0000] {processor.py:799} INFO - Processing file /home/airflow/.local/lib/python3.7/site-packages/airflow/example_dags/example_task_group_decorator.py for tasks to queue
[2024-05-27T16:51:02.892+0000] {logging_mixin.py:149} INFO - [2024-05-27T16:51:02.892+0000] {dagbag.py:541} INFO - Filling up the DagBag from /home/airflow/.local/lib/python3.7/site-packages/airflow/example_dags/example_task_group_decorator.py
[2024-05-27T16:51:02.900+0000] {processor.py:809} INFO - DAG(s) dict_keys(['example_task_group_decorator']) retrieved from /home/airflow/.local/lib/python3.7/site-packages/airflow/example_dags/example_task_group_decorator.py
[2024-05-27T16:51:02.913+0000] {logging_mixin.py:149} INFO - [2024-05-27T16:51:02.913+0000] {dag.py:2726} INFO - Sync 1 DAGs
[2024-05-27T16:51:02.925+0000] {logging_mixin.py:149} INFO - [2024-05-27T16:51:02.925+0000] {dag.py:3490} INFO - Setting next_dagrun for example_task_group_decorator to 2024-05-26T16:51:02.925358+00:00, run_after=2024-05-27T16:51:02.925358+00:00
[2024-05-27T16:51:02.934+0000] {processor.py:178} INFO - Processing /home/airflow/.local/lib/python3.7/site-packages/airflow/example_dags/example_task_group_decorator.py took 0.045 seconds
[2024-05-27T16:51:32.990+0000] {processor.py:156} INFO - Started process (PID=1309) to work on /home/airflow/.local/lib/python3.7/site-packages/airflow/example_dags/example_task_group_decorator.py
[2024-05-27T16:51:32.990+0000] {processor.py:799} INFO - Processing file /home/airflow/.local/lib/python3.7/site-packages/airflow/example_dags/example_task_group_decorator.py for tasks to queue
[2024-05-27T16:51:32.991+0000] {logging_mixin.py:149} INFO - [2024-05-27T16:51:32.991+0000] {dagbag.py:541} INFO - Filling up the DagBag from /home/airflow/.local/lib/python3.7/site-packages/airflow/example_dags/example_task_group_decorator.py
[2024-05-27T16:51:32.998+0000] {processor.py:809} INFO - DAG(s) dict_keys(['example_task_group_decorator']) retrieved from /home/airflow/.local/lib/python3.7/site-packages/airflow/example_dags/example_task_group_decorator.py
[2024-05-27T16:51:33.013+0000] {logging_mixin.py:149} INFO - [2024-05-27T16:51:33.013+0000] {dag.py:2726} INFO - Sync 1 DAGs
[2024-05-27T16:51:33.026+0000] {logging_mixin.py:149} INFO - [2024-05-27T16:51:33.026+0000] {dag.py:3490} INFO - Setting next_dagrun for example_task_group_decorator to 2024-05-26T16:51:33.025905+00:00, run_after=2024-05-27T16:51:33.025905+00:00
[2024-05-27T16:51:33.034+0000] {processor.py:178} INFO - Processing /home/airflow/.local/lib/python3.7/site-packages/airflow/example_dags/example_task_group_decorator.py took 0.046 seconds
[2024-05-27T16:52:15.348+0000] {processor.py:156} INFO - Started process (PID=1388) to work on /home/airflow/.local/lib/python3.7/site-packages/airflow/example_dags/example_task_group_decorator.py
[2024-05-27T16:52:15.354+0000] {processor.py:799} INFO - Processing file /home/airflow/.local/lib/python3.7/site-packages/airflow/example_dags/example_task_group_decorator.py for tasks to queue
[2024-05-27T16:52:15.359+0000] {logging_mixin.py:149} INFO - [2024-05-27T16:52:15.358+0000] {dagbag.py:541} INFO - Filling up the DagBag from /home/airflow/.local/lib/python3.7/site-packages/airflow/example_dags/example_task_group_decorator.py
[2024-05-27T16:52:15.491+0000] {processor.py:809} INFO - DAG(s) dict_keys(['example_task_group_decorator']) retrieved from /home/airflow/.local/lib/python3.7/site-packages/airflow/example_dags/example_task_group_decorator.py
[2024-05-27T16:52:15.854+0000] {logging_mixin.py:149} INFO - [2024-05-27T16:52:15.853+0000] {dag.py:2726} INFO - Sync 1 DAGs
[2024-05-27T16:52:16.013+0000] {logging_mixin.py:149} INFO - [2024-05-27T16:52:16.012+0000] {dag.py:3490} INFO - Setting next_dagrun for example_task_group_decorator to 2024-05-26T16:52:16.012021+00:00, run_after=2024-05-27T16:52:16.012021+00:00
[2024-05-27T16:52:16.114+0000] {processor.py:178} INFO - Processing /home/airflow/.local/lib/python3.7/site-packages/airflow/example_dags/example_task_group_decorator.py took 0.772 seconds
