[2024-05-27T16:40:20.708+0000] {processor.py:156} INFO - Started process (PID=51) to work on /home/airflow/.local/lib/python3.7/site-packages/airflow/example_dags/example_sla_dag.py
[2024-05-27T16:40:20.711+0000] {processor.py:799} INFO - Processing file /home/airflow/.local/lib/python3.7/site-packages/airflow/example_dags/example_sla_dag.py for tasks to queue
[2024-05-27T16:40:20.712+0000] {logging_mixin.py:149} INFO - [2024-05-27T16:40:20.712+0000] {dagbag.py:541} INFO - Filling up the DagBag from /home/airflow/.local/lib/python3.7/site-packages/airflow/example_dags/example_sla_dag.py
[2024-05-27T16:40:20.720+0000] {processor.py:809} INFO - DAG(s) dict_keys(['example_sla_dag']) retrieved from /home/airflow/.local/lib/python3.7/site-packages/airflow/example_dags/example_sla_dag.py
[2024-05-27T16:40:20.840+0000] {logging_mixin.py:149} INFO - [2024-05-27T16:40:20.840+0000] {manager.py:504} INFO - Created Permission View: can delete on DAG:example_sla_dag
[2024-05-27T16:40:20.853+0000] {logging_mixin.py:149} INFO - [2024-05-27T16:40:20.852+0000] {manager.py:504} INFO - Created Permission View: can read on DAG:example_sla_dag
[2024-05-27T16:40:20.862+0000] {logging_mixin.py:149} INFO - [2024-05-27T16:40:20.862+0000] {manager.py:504} INFO - Created Permission View: can edit on DAG:example_sla_dag
[2024-05-27T16:40:20.862+0000] {logging_mixin.py:149} INFO - [2024-05-27T16:40:20.862+0000] {dag.py:2726} INFO - Sync 1 DAGs
[2024-05-27T16:40:20.873+0000] {logging_mixin.py:149} INFO - [2024-05-27T16:40:20.873+0000] {dag.py:2747} INFO - Creating ORM DAG for example_sla_dag
[2024-05-27T16:40:20.887+0000] {logging_mixin.py:149} INFO - [2024-05-27T16:40:20.887+0000] {dag.py:3490} INFO - Setting next_dagrun for example_sla_dag to 2024-05-27T16:38:00+00:00, run_after=2024-05-27T16:40:00+00:00
[2024-05-27T16:40:20.904+0000] {processor.py:178} INFO - Processing /home/airflow/.local/lib/python3.7/site-packages/airflow/example_dags/example_sla_dag.py took 0.200 seconds
[2024-05-27T16:40:51.303+0000] {processor.py:156} INFO - Started process (PID=111) to work on /home/airflow/.local/lib/python3.7/site-packages/airflow/example_dags/example_sla_dag.py
[2024-05-27T16:40:51.304+0000] {processor.py:799} INFO - Processing file /home/airflow/.local/lib/python3.7/site-packages/airflow/example_dags/example_sla_dag.py for tasks to queue
[2024-05-27T16:40:51.304+0000] {logging_mixin.py:149} INFO - [2024-05-27T16:40:51.304+0000] {dagbag.py:541} INFO - Filling up the DagBag from /home/airflow/.local/lib/python3.7/site-packages/airflow/example_dags/example_sla_dag.py
[2024-05-27T16:40:51.309+0000] {processor.py:809} INFO - DAG(s) dict_keys(['example_sla_dag']) retrieved from /home/airflow/.local/lib/python3.7/site-packages/airflow/example_dags/example_sla_dag.py
[2024-05-27T16:40:51.325+0000] {logging_mixin.py:149} INFO - [2024-05-27T16:40:51.325+0000] {dag.py:2726} INFO - Sync 1 DAGs
[2024-05-27T16:40:51.349+0000] {logging_mixin.py:149} INFO - [2024-05-27T16:40:51.349+0000] {dag.py:3490} INFO - Setting next_dagrun for example_sla_dag to 2024-05-27T16:38:00+00:00, run_after=2024-05-27T16:40:00+00:00
[2024-05-27T16:40:51.359+0000] {processor.py:178} INFO - Processing /home/airflow/.local/lib/python3.7/site-packages/airflow/example_dags/example_sla_dag.py took 0.058 seconds
[2024-05-27T16:41:21.640+0000] {processor.py:156} INFO - Started process (PID=171) to work on /home/airflow/.local/lib/python3.7/site-packages/airflow/example_dags/example_sla_dag.py
[2024-05-27T16:41:21.641+0000] {processor.py:799} INFO - Processing file /home/airflow/.local/lib/python3.7/site-packages/airflow/example_dags/example_sla_dag.py for tasks to queue
[2024-05-27T16:41:21.641+0000] {logging_mixin.py:149} INFO - [2024-05-27T16:41:21.641+0000] {dagbag.py:541} INFO - Filling up the DagBag from /home/airflow/.local/lib/python3.7/site-packages/airflow/example_dags/example_sla_dag.py
[2024-05-27T16:41:21.647+0000] {processor.py:809} INFO - DAG(s) dict_keys(['example_sla_dag']) retrieved from /home/airflow/.local/lib/python3.7/site-packages/airflow/example_dags/example_sla_dag.py
[2024-05-27T16:41:21.660+0000] {logging_mixin.py:149} INFO - [2024-05-27T16:41:21.660+0000] {dag.py:2726} INFO - Sync 1 DAGs
[2024-05-27T16:41:21.674+0000] {logging_mixin.py:149} INFO - [2024-05-27T16:41:21.674+0000] {dag.py:3490} INFO - Setting next_dagrun for example_sla_dag to 2024-05-27T16:38:00+00:00, run_after=2024-05-27T16:40:00+00:00
[2024-05-27T16:41:21.682+0000] {processor.py:178} INFO - Processing /home/airflow/.local/lib/python3.7/site-packages/airflow/example_dags/example_sla_dag.py took 0.044 seconds
[2024-05-27T16:41:52.662+0000] {processor.py:156} INFO - Started process (PID=231) to work on /home/airflow/.local/lib/python3.7/site-packages/airflow/example_dags/example_sla_dag.py
[2024-05-27T16:41:52.663+0000] {processor.py:799} INFO - Processing file /home/airflow/.local/lib/python3.7/site-packages/airflow/example_dags/example_sla_dag.py for tasks to queue
[2024-05-27T16:41:52.664+0000] {logging_mixin.py:149} INFO - [2024-05-27T16:41:52.663+0000] {dagbag.py:541} INFO - Filling up the DagBag from /home/airflow/.local/lib/python3.7/site-packages/airflow/example_dags/example_sla_dag.py
[2024-05-27T16:41:52.668+0000] {processor.py:809} INFO - DAG(s) dict_keys(['example_sla_dag']) retrieved from /home/airflow/.local/lib/python3.7/site-packages/airflow/example_dags/example_sla_dag.py
[2024-05-27T16:41:52.681+0000] {logging_mixin.py:149} INFO - [2024-05-27T16:41:52.681+0000] {dag.py:2726} INFO - Sync 1 DAGs
[2024-05-27T16:41:52.694+0000] {logging_mixin.py:149} INFO - [2024-05-27T16:41:52.694+0000] {dag.py:3490} INFO - Setting next_dagrun for example_sla_dag to 2024-05-27T16:38:00+00:00, run_after=2024-05-27T16:40:00+00:00
[2024-05-27T16:41:52.701+0000] {processor.py:178} INFO - Processing /home/airflow/.local/lib/python3.7/site-packages/airflow/example_dags/example_sla_dag.py took 0.041 seconds
[2024-05-27T16:42:22.971+0000] {processor.py:156} INFO - Started process (PID=291) to work on /home/airflow/.local/lib/python3.7/site-packages/airflow/example_dags/example_sla_dag.py
[2024-05-27T16:42:22.972+0000] {processor.py:799} INFO - Processing file /home/airflow/.local/lib/python3.7/site-packages/airflow/example_dags/example_sla_dag.py for tasks to queue
[2024-05-27T16:42:22.972+0000] {logging_mixin.py:149} INFO - [2024-05-27T16:42:22.972+0000] {dagbag.py:541} INFO - Filling up the DagBag from /home/airflow/.local/lib/python3.7/site-packages/airflow/example_dags/example_sla_dag.py
[2024-05-27T16:42:22.978+0000] {processor.py:809} INFO - DAG(s) dict_keys(['example_sla_dag']) retrieved from /home/airflow/.local/lib/python3.7/site-packages/airflow/example_dags/example_sla_dag.py
[2024-05-27T16:42:22.991+0000] {logging_mixin.py:149} INFO - [2024-05-27T16:42:22.991+0000] {dag.py:2726} INFO - Sync 1 DAGs
[2024-05-27T16:42:23.005+0000] {logging_mixin.py:149} INFO - [2024-05-27T16:42:23.005+0000] {dag.py:3490} INFO - Setting next_dagrun for example_sla_dag to 2024-05-27T16:40:00+00:00, run_after=2024-05-27T16:42:00+00:00
[2024-05-27T16:42:23.013+0000] {processor.py:178} INFO - Processing /home/airflow/.local/lib/python3.7/site-packages/airflow/example_dags/example_sla_dag.py took 0.045 seconds
[2024-05-27T16:42:53.063+0000] {processor.py:156} INFO - Started process (PID=351) to work on /home/airflow/.local/lib/python3.7/site-packages/airflow/example_dags/example_sla_dag.py
[2024-05-27T16:42:53.064+0000] {processor.py:799} INFO - Processing file /home/airflow/.local/lib/python3.7/site-packages/airflow/example_dags/example_sla_dag.py for tasks to queue
[2024-05-27T16:42:53.065+0000] {logging_mixin.py:149} INFO - [2024-05-27T16:42:53.064+0000] {dagbag.py:541} INFO - Filling up the DagBag from /home/airflow/.local/lib/python3.7/site-packages/airflow/example_dags/example_sla_dag.py
[2024-05-27T16:42:53.071+0000] {processor.py:809} INFO - DAG(s) dict_keys(['example_sla_dag']) retrieved from /home/airflow/.local/lib/python3.7/site-packages/airflow/example_dags/example_sla_dag.py
[2024-05-27T16:42:53.088+0000] {logging_mixin.py:149} INFO - [2024-05-27T16:42:53.088+0000] {dag.py:2726} INFO - Sync 1 DAGs
[2024-05-27T16:42:53.104+0000] {logging_mixin.py:149} INFO - [2024-05-27T16:42:53.104+0000] {dag.py:3490} INFO - Setting next_dagrun for example_sla_dag to 2024-05-27T16:40:00+00:00, run_after=2024-05-27T16:42:00+00:00
[2024-05-27T16:42:53.113+0000] {processor.py:178} INFO - Processing /home/airflow/.local/lib/python3.7/site-packages/airflow/example_dags/example_sla_dag.py took 0.052 seconds
[2024-05-27T16:43:23.970+0000] {processor.py:156} INFO - Started process (PID=411) to work on /home/airflow/.local/lib/python3.7/site-packages/airflow/example_dags/example_sla_dag.py
[2024-05-27T16:43:23.971+0000] {processor.py:799} INFO - Processing file /home/airflow/.local/lib/python3.7/site-packages/airflow/example_dags/example_sla_dag.py for tasks to queue
[2024-05-27T16:43:23.971+0000] {logging_mixin.py:149} INFO - [2024-05-27T16:43:23.971+0000] {dagbag.py:541} INFO - Filling up the DagBag from /home/airflow/.local/lib/python3.7/site-packages/airflow/example_dags/example_sla_dag.py
[2024-05-27T16:43:23.976+0000] {processor.py:809} INFO - DAG(s) dict_keys(['example_sla_dag']) retrieved from /home/airflow/.local/lib/python3.7/site-packages/airflow/example_dags/example_sla_dag.py
[2024-05-27T16:43:23.988+0000] {logging_mixin.py:149} INFO - [2024-05-27T16:43:23.988+0000] {dag.py:2726} INFO - Sync 1 DAGs
[2024-05-27T16:43:24.001+0000] {logging_mixin.py:149} INFO - [2024-05-27T16:43:24.001+0000] {dag.py:3490} INFO - Setting next_dagrun for example_sla_dag to 2024-05-27T16:40:00+00:00, run_after=2024-05-27T16:42:00+00:00
[2024-05-27T16:43:24.009+0000] {processor.py:178} INFO - Processing /home/airflow/.local/lib/python3.7/site-packages/airflow/example_dags/example_sla_dag.py took 0.040 seconds
[2024-05-27T16:43:54.867+0000] {processor.py:156} INFO - Started process (PID=471) to work on /home/airflow/.local/lib/python3.7/site-packages/airflow/example_dags/example_sla_dag.py
[2024-05-27T16:43:54.868+0000] {processor.py:799} INFO - Processing file /home/airflow/.local/lib/python3.7/site-packages/airflow/example_dags/example_sla_dag.py for tasks to queue
[2024-05-27T16:43:54.868+0000] {logging_mixin.py:149} INFO - [2024-05-27T16:43:54.868+0000] {dagbag.py:541} INFO - Filling up the DagBag from /home/airflow/.local/lib/python3.7/site-packages/airflow/example_dags/example_sla_dag.py
[2024-05-27T16:43:54.873+0000] {processor.py:809} INFO - DAG(s) dict_keys(['example_sla_dag']) retrieved from /home/airflow/.local/lib/python3.7/site-packages/airflow/example_dags/example_sla_dag.py
[2024-05-27T16:43:54.885+0000] {logging_mixin.py:149} INFO - [2024-05-27T16:43:54.885+0000] {dag.py:2726} INFO - Sync 1 DAGs
[2024-05-27T16:43:54.900+0000] {logging_mixin.py:149} INFO - [2024-05-27T16:43:54.899+0000] {dag.py:3490} INFO - Setting next_dagrun for example_sla_dag to 2024-05-27T16:40:00+00:00, run_after=2024-05-27T16:42:00+00:00
[2024-05-27T16:43:54.907+0000] {processor.py:178} INFO - Processing /home/airflow/.local/lib/python3.7/site-packages/airflow/example_dags/example_sla_dag.py took 0.042 seconds
[2024-05-27T16:44:25.696+0000] {processor.py:156} INFO - Started process (PID=531) to work on /home/airflow/.local/lib/python3.7/site-packages/airflow/example_dags/example_sla_dag.py
[2024-05-27T16:44:25.697+0000] {processor.py:799} INFO - Processing file /home/airflow/.local/lib/python3.7/site-packages/airflow/example_dags/example_sla_dag.py for tasks to queue
[2024-05-27T16:44:25.697+0000] {logging_mixin.py:149} INFO - [2024-05-27T16:44:25.697+0000] {dagbag.py:541} INFO - Filling up the DagBag from /home/airflow/.local/lib/python3.7/site-packages/airflow/example_dags/example_sla_dag.py
[2024-05-27T16:44:25.702+0000] {processor.py:809} INFO - DAG(s) dict_keys(['example_sla_dag']) retrieved from /home/airflow/.local/lib/python3.7/site-packages/airflow/example_dags/example_sla_dag.py
[2024-05-27T16:44:25.715+0000] {logging_mixin.py:149} INFO - [2024-05-27T16:44:25.715+0000] {dag.py:2726} INFO - Sync 1 DAGs
[2024-05-27T16:44:25.732+0000] {logging_mixin.py:149} INFO - [2024-05-27T16:44:25.732+0000] {dag.py:3490} INFO - Setting next_dagrun for example_sla_dag to 2024-05-27T16:42:00+00:00, run_after=2024-05-27T16:44:00+00:00
[2024-05-27T16:44:25.742+0000] {processor.py:178} INFO - Processing /home/airflow/.local/lib/python3.7/site-packages/airflow/example_dags/example_sla_dag.py took 0.048 seconds
[2024-05-27T16:44:55.803+0000] {processor.py:156} INFO - Started process (PID=591) to work on /home/airflow/.local/lib/python3.7/site-packages/airflow/example_dags/example_sla_dag.py
[2024-05-27T16:44:55.804+0000] {processor.py:799} INFO - Processing file /home/airflow/.local/lib/python3.7/site-packages/airflow/example_dags/example_sla_dag.py for tasks to queue
[2024-05-27T16:44:55.804+0000] {logging_mixin.py:149} INFO - [2024-05-27T16:44:55.804+0000] {dagbag.py:541} INFO - Filling up the DagBag from /home/airflow/.local/lib/python3.7/site-packages/airflow/example_dags/example_sla_dag.py
[2024-05-27T16:44:55.811+0000] {processor.py:809} INFO - DAG(s) dict_keys(['example_sla_dag']) retrieved from /home/airflow/.local/lib/python3.7/site-packages/airflow/example_dags/example_sla_dag.py
[2024-05-27T16:44:55.826+0000] {logging_mixin.py:149} INFO - [2024-05-27T16:44:55.826+0000] {dag.py:2726} INFO - Sync 1 DAGs
[2024-05-27T16:44:55.841+0000] {logging_mixin.py:149} INFO - [2024-05-27T16:44:55.841+0000] {dag.py:3490} INFO - Setting next_dagrun for example_sla_dag to 2024-05-27T16:42:00+00:00, run_after=2024-05-27T16:44:00+00:00
[2024-05-27T16:44:55.849+0000] {processor.py:178} INFO - Processing /home/airflow/.local/lib/python3.7/site-packages/airflow/example_dags/example_sla_dag.py took 0.049 seconds
[2024-05-27T16:45:26.800+0000] {processor.py:156} INFO - Started process (PID=651) to work on /home/airflow/.local/lib/python3.7/site-packages/airflow/example_dags/example_sla_dag.py
[2024-05-27T16:45:26.801+0000] {processor.py:799} INFO - Processing file /home/airflow/.local/lib/python3.7/site-packages/airflow/example_dags/example_sla_dag.py for tasks to queue
[2024-05-27T16:45:26.801+0000] {logging_mixin.py:149} INFO - [2024-05-27T16:45:26.801+0000] {dagbag.py:541} INFO - Filling up the DagBag from /home/airflow/.local/lib/python3.7/site-packages/airflow/example_dags/example_sla_dag.py
[2024-05-27T16:45:26.806+0000] {processor.py:809} INFO - DAG(s) dict_keys(['example_sla_dag']) retrieved from /home/airflow/.local/lib/python3.7/site-packages/airflow/example_dags/example_sla_dag.py
[2024-05-27T16:45:26.818+0000] {logging_mixin.py:149} INFO - [2024-05-27T16:45:26.818+0000] {dag.py:2726} INFO - Sync 1 DAGs
[2024-05-27T16:45:26.832+0000] {logging_mixin.py:149} INFO - [2024-05-27T16:45:26.832+0000] {dag.py:3490} INFO - Setting next_dagrun for example_sla_dag to 2024-05-27T16:42:00+00:00, run_after=2024-05-27T16:44:00+00:00
[2024-05-27T16:45:26.842+0000] {processor.py:178} INFO - Processing /home/airflow/.local/lib/python3.7/site-packages/airflow/example_dags/example_sla_dag.py took 0.043 seconds
[2024-05-27T16:45:57.546+0000] {processor.py:156} INFO - Started process (PID=711) to work on /home/airflow/.local/lib/python3.7/site-packages/airflow/example_dags/example_sla_dag.py
[2024-05-27T16:45:57.547+0000] {processor.py:799} INFO - Processing file /home/airflow/.local/lib/python3.7/site-packages/airflow/example_dags/example_sla_dag.py for tasks to queue
[2024-05-27T16:45:57.547+0000] {logging_mixin.py:149} INFO - [2024-05-27T16:45:57.547+0000] {dagbag.py:541} INFO - Filling up the DagBag from /home/airflow/.local/lib/python3.7/site-packages/airflow/example_dags/example_sla_dag.py
[2024-05-27T16:45:57.553+0000] {processor.py:809} INFO - DAG(s) dict_keys(['example_sla_dag']) retrieved from /home/airflow/.local/lib/python3.7/site-packages/airflow/example_dags/example_sla_dag.py
[2024-05-27T16:45:57.565+0000] {logging_mixin.py:149} INFO - [2024-05-27T16:45:57.565+0000] {dag.py:2726} INFO - Sync 1 DAGs
[2024-05-27T16:45:57.578+0000] {logging_mixin.py:149} INFO - [2024-05-27T16:45:57.578+0000] {dag.py:3490} INFO - Setting next_dagrun for example_sla_dag to 2024-05-27T16:42:00+00:00, run_after=2024-05-27T16:44:00+00:00
[2024-05-27T16:45:57.586+0000] {processor.py:178} INFO - Processing /home/airflow/.local/lib/python3.7/site-packages/airflow/example_dags/example_sla_dag.py took 0.041 seconds
[2024-05-27T16:46:27.655+0000] {processor.py:156} INFO - Started process (PID=771) to work on /home/airflow/.local/lib/python3.7/site-packages/airflow/example_dags/example_sla_dag.py
[2024-05-27T16:46:27.656+0000] {processor.py:799} INFO - Processing file /home/airflow/.local/lib/python3.7/site-packages/airflow/example_dags/example_sla_dag.py for tasks to queue
[2024-05-27T16:46:27.656+0000] {logging_mixin.py:149} INFO - [2024-05-27T16:46:27.656+0000] {dagbag.py:541} INFO - Filling up the DagBag from /home/airflow/.local/lib/python3.7/site-packages/airflow/example_dags/example_sla_dag.py
[2024-05-27T16:46:27.662+0000] {processor.py:809} INFO - DAG(s) dict_keys(['example_sla_dag']) retrieved from /home/airflow/.local/lib/python3.7/site-packages/airflow/example_dags/example_sla_dag.py
[2024-05-27T16:46:27.678+0000] {logging_mixin.py:149} INFO - [2024-05-27T16:46:27.678+0000] {dag.py:2726} INFO - Sync 1 DAGs
[2024-05-27T16:46:27.695+0000] {logging_mixin.py:149} INFO - [2024-05-27T16:46:27.695+0000] {dag.py:3490} INFO - Setting next_dagrun for example_sla_dag to 2024-05-27T16:44:00+00:00, run_after=2024-05-27T16:46:00+00:00
[2024-05-27T16:46:27.709+0000] {processor.py:178} INFO - Processing /home/airflow/.local/lib/python3.7/site-packages/airflow/example_dags/example_sla_dag.py took 0.056 seconds
[2024-05-27T16:46:58.609+0000] {processor.py:156} INFO - Started process (PID=831) to work on /home/airflow/.local/lib/python3.7/site-packages/airflow/example_dags/example_sla_dag.py
[2024-05-27T16:46:58.610+0000] {processor.py:799} INFO - Processing file /home/airflow/.local/lib/python3.7/site-packages/airflow/example_dags/example_sla_dag.py for tasks to queue
[2024-05-27T16:46:58.610+0000] {logging_mixin.py:149} INFO - [2024-05-27T16:46:58.610+0000] {dagbag.py:541} INFO - Filling up the DagBag from /home/airflow/.local/lib/python3.7/site-packages/airflow/example_dags/example_sla_dag.py
[2024-05-27T16:46:58.616+0000] {processor.py:809} INFO - DAG(s) dict_keys(['example_sla_dag']) retrieved from /home/airflow/.local/lib/python3.7/site-packages/airflow/example_dags/example_sla_dag.py
[2024-05-27T16:46:58.629+0000] {logging_mixin.py:149} INFO - [2024-05-27T16:46:58.629+0000] {dag.py:2726} INFO - Sync 1 DAGs
[2024-05-27T16:46:58.644+0000] {logging_mixin.py:149} INFO - [2024-05-27T16:46:58.644+0000] {dag.py:3490} INFO - Setting next_dagrun for example_sla_dag to 2024-05-27T16:44:00+00:00, run_after=2024-05-27T16:46:00+00:00
[2024-05-27T16:46:58.653+0000] {processor.py:178} INFO - Processing /home/airflow/.local/lib/python3.7/site-packages/airflow/example_dags/example_sla_dag.py took 0.046 seconds
[2024-05-27T16:47:29.386+0000] {processor.py:156} INFO - Started process (PID=891) to work on /home/airflow/.local/lib/python3.7/site-packages/airflow/example_dags/example_sla_dag.py
[2024-05-27T16:47:29.387+0000] {processor.py:799} INFO - Processing file /home/airflow/.local/lib/python3.7/site-packages/airflow/example_dags/example_sla_dag.py for tasks to queue
[2024-05-27T16:47:29.387+0000] {logging_mixin.py:149} INFO - [2024-05-27T16:47:29.387+0000] {dagbag.py:541} INFO - Filling up the DagBag from /home/airflow/.local/lib/python3.7/site-packages/airflow/example_dags/example_sla_dag.py
[2024-05-27T16:47:29.392+0000] {processor.py:809} INFO - DAG(s) dict_keys(['example_sla_dag']) retrieved from /home/airflow/.local/lib/python3.7/site-packages/airflow/example_dags/example_sla_dag.py
[2024-05-27T16:47:29.404+0000] {logging_mixin.py:149} INFO - [2024-05-27T16:47:29.404+0000] {dag.py:2726} INFO - Sync 1 DAGs
[2024-05-27T16:47:29.418+0000] {logging_mixin.py:149} INFO - [2024-05-27T16:47:29.418+0000] {dag.py:3490} INFO - Setting next_dagrun for example_sla_dag to 2024-05-27T16:44:00+00:00, run_after=2024-05-27T16:46:00+00:00
[2024-05-27T16:47:29.426+0000] {processor.py:178} INFO - Processing /home/airflow/.local/lib/python3.7/site-packages/airflow/example_dags/example_sla_dag.py took 0.042 seconds
[2024-05-27T16:48:00.192+0000] {processor.py:156} INFO - Started process (PID=951) to work on /home/airflow/.local/lib/python3.7/site-packages/airflow/example_dags/example_sla_dag.py
[2024-05-27T16:48:00.193+0000] {processor.py:799} INFO - Processing file /home/airflow/.local/lib/python3.7/site-packages/airflow/example_dags/example_sla_dag.py for tasks to queue
[2024-05-27T16:48:00.193+0000] {logging_mixin.py:149} INFO - [2024-05-27T16:48:00.193+0000] {dagbag.py:541} INFO - Filling up the DagBag from /home/airflow/.local/lib/python3.7/site-packages/airflow/example_dags/example_sla_dag.py
[2024-05-27T16:48:00.198+0000] {processor.py:809} INFO - DAG(s) dict_keys(['example_sla_dag']) retrieved from /home/airflow/.local/lib/python3.7/site-packages/airflow/example_dags/example_sla_dag.py
[2024-05-27T16:48:00.211+0000] {logging_mixin.py:149} INFO - [2024-05-27T16:48:00.211+0000] {dag.py:2726} INFO - Sync 1 DAGs
[2024-05-27T16:48:00.224+0000] {logging_mixin.py:149} INFO - [2024-05-27T16:48:00.224+0000] {dag.py:3490} INFO - Setting next_dagrun for example_sla_dag to 2024-05-27T16:46:00+00:00, run_after=2024-05-27T16:48:00+00:00
[2024-05-27T16:48:00.233+0000] {processor.py:178} INFO - Processing /home/airflow/.local/lib/python3.7/site-packages/airflow/example_dags/example_sla_dag.py took 0.042 seconds
[2024-05-27T16:48:30.947+0000] {processor.py:156} INFO - Started process (PID=1011) to work on /home/airflow/.local/lib/python3.7/site-packages/airflow/example_dags/example_sla_dag.py
[2024-05-27T16:48:30.947+0000] {processor.py:799} INFO - Processing file /home/airflow/.local/lib/python3.7/site-packages/airflow/example_dags/example_sla_dag.py for tasks to queue
[2024-05-27T16:48:30.948+0000] {logging_mixin.py:149} INFO - [2024-05-27T16:48:30.947+0000] {dagbag.py:541} INFO - Filling up the DagBag from /home/airflow/.local/lib/python3.7/site-packages/airflow/example_dags/example_sla_dag.py
[2024-05-27T16:48:30.952+0000] {processor.py:809} INFO - DAG(s) dict_keys(['example_sla_dag']) retrieved from /home/airflow/.local/lib/python3.7/site-packages/airflow/example_dags/example_sla_dag.py
[2024-05-27T16:48:30.965+0000] {logging_mixin.py:149} INFO - [2024-05-27T16:48:30.965+0000] {dag.py:2726} INFO - Sync 1 DAGs
[2024-05-27T16:48:30.978+0000] {logging_mixin.py:149} INFO - [2024-05-27T16:48:30.978+0000] {dag.py:3490} INFO - Setting next_dagrun for example_sla_dag to 2024-05-27T16:46:00+00:00, run_after=2024-05-27T16:48:00+00:00
[2024-05-27T16:48:30.986+0000] {processor.py:178} INFO - Processing /home/airflow/.local/lib/python3.7/site-packages/airflow/example_dags/example_sla_dag.py took 0.042 seconds
[2024-05-27T16:49:01.645+0000] {processor.py:156} INFO - Started process (PID=1071) to work on /home/airflow/.local/lib/python3.7/site-packages/airflow/example_dags/example_sla_dag.py
[2024-05-27T16:49:01.646+0000] {processor.py:799} INFO - Processing file /home/airflow/.local/lib/python3.7/site-packages/airflow/example_dags/example_sla_dag.py for tasks to queue
[2024-05-27T16:49:01.646+0000] {logging_mixin.py:149} INFO - [2024-05-27T16:49:01.646+0000] {dagbag.py:541} INFO - Filling up the DagBag from /home/airflow/.local/lib/python3.7/site-packages/airflow/example_dags/example_sla_dag.py
[2024-05-27T16:49:01.651+0000] {processor.py:809} INFO - DAG(s) dict_keys(['example_sla_dag']) retrieved from /home/airflow/.local/lib/python3.7/site-packages/airflow/example_dags/example_sla_dag.py
[2024-05-27T16:49:01.663+0000] {logging_mixin.py:149} INFO - [2024-05-27T16:49:01.663+0000] {dag.py:2726} INFO - Sync 1 DAGs
[2024-05-27T16:49:01.678+0000] {logging_mixin.py:149} INFO - [2024-05-27T16:49:01.677+0000] {dag.py:3490} INFO - Setting next_dagrun for example_sla_dag to 2024-05-27T16:46:00+00:00, run_after=2024-05-27T16:48:00+00:00
[2024-05-27T16:49:01.686+0000] {processor.py:178} INFO - Processing /home/airflow/.local/lib/python3.7/site-packages/airflow/example_dags/example_sla_dag.py took 0.043 seconds
[2024-05-27T16:50:02.719+0000] {processor.py:156} INFO - Started process (PID=1131) to work on /home/airflow/.local/lib/python3.7/site-packages/airflow/example_dags/example_sla_dag.py
[2024-05-27T16:50:02.720+0000] {processor.py:799} INFO - Processing file /home/airflow/.local/lib/python3.7/site-packages/airflow/example_dags/example_sla_dag.py for tasks to queue
[2024-05-27T16:50:02.721+0000] {logging_mixin.py:149} INFO - [2024-05-27T16:50:02.721+0000] {dagbag.py:541} INFO - Filling up the DagBag from /home/airflow/.local/lib/python3.7/site-packages/airflow/example_dags/example_sla_dag.py
[2024-05-27T16:50:02.726+0000] {processor.py:809} INFO - DAG(s) dict_keys(['example_sla_dag']) retrieved from /home/airflow/.local/lib/python3.7/site-packages/airflow/example_dags/example_sla_dag.py
[2024-05-27T16:50:02.740+0000] {logging_mixin.py:149} INFO - [2024-05-27T16:50:02.740+0000] {dag.py:2726} INFO - Sync 1 DAGs
[2024-05-27T16:50:02.753+0000] {logging_mixin.py:149} INFO - [2024-05-27T16:50:02.753+0000] {dag.py:3490} INFO - Setting next_dagrun for example_sla_dag to 2024-05-27T16:48:00+00:00, run_after=2024-05-27T16:50:00+00:00
[2024-05-27T16:50:02.762+0000] {processor.py:178} INFO - Processing /home/airflow/.local/lib/python3.7/site-packages/airflow/example_dags/example_sla_dag.py took 0.045 seconds
[2024-05-27T16:50:32.947+0000] {processor.py:156} INFO - Started process (PID=1192) to work on /home/airflow/.local/lib/python3.7/site-packages/airflow/example_dags/example_sla_dag.py
[2024-05-27T16:50:32.948+0000] {processor.py:799} INFO - Processing file /home/airflow/.local/lib/python3.7/site-packages/airflow/example_dags/example_sla_dag.py for tasks to queue
[2024-05-27T16:50:32.948+0000] {logging_mixin.py:149} INFO - [2024-05-27T16:50:32.948+0000] {dagbag.py:541} INFO - Filling up the DagBag from /home/airflow/.local/lib/python3.7/site-packages/airflow/example_dags/example_sla_dag.py
[2024-05-27T16:50:32.954+0000] {processor.py:809} INFO - DAG(s) dict_keys(['example_sla_dag']) retrieved from /home/airflow/.local/lib/python3.7/site-packages/airflow/example_dags/example_sla_dag.py
[2024-05-27T16:50:32.966+0000] {logging_mixin.py:149} INFO - [2024-05-27T16:50:32.966+0000] {dag.py:2726} INFO - Sync 1 DAGs
[2024-05-27T16:50:32.980+0000] {logging_mixin.py:149} INFO - [2024-05-27T16:50:32.980+0000] {dag.py:3490} INFO - Setting next_dagrun for example_sla_dag to 2024-05-27T16:48:00+00:00, run_after=2024-05-27T16:50:00+00:00
[2024-05-27T16:50:32.988+0000] {processor.py:178} INFO - Processing /home/airflow/.local/lib/python3.7/site-packages/airflow/example_dags/example_sla_dag.py took 0.043 seconds
[2024-05-27T16:51:03.057+0000] {processor.py:156} INFO - Started process (PID=1253) to work on /home/airflow/.local/lib/python3.7/site-packages/airflow/example_dags/example_sla_dag.py
[2024-05-27T16:51:03.058+0000] {processor.py:799} INFO - Processing file /home/airflow/.local/lib/python3.7/site-packages/airflow/example_dags/example_sla_dag.py for tasks to queue
[2024-05-27T16:51:03.058+0000] {logging_mixin.py:149} INFO - [2024-05-27T16:51:03.058+0000] {dagbag.py:541} INFO - Filling up the DagBag from /home/airflow/.local/lib/python3.7/site-packages/airflow/example_dags/example_sla_dag.py
[2024-05-27T16:51:03.063+0000] {processor.py:809} INFO - DAG(s) dict_keys(['example_sla_dag']) retrieved from /home/airflow/.local/lib/python3.7/site-packages/airflow/example_dags/example_sla_dag.py
[2024-05-27T16:51:03.077+0000] {logging_mixin.py:149} INFO - [2024-05-27T16:51:03.077+0000] {dag.py:2726} INFO - Sync 1 DAGs
[2024-05-27T16:51:03.093+0000] {logging_mixin.py:149} INFO - [2024-05-27T16:51:03.093+0000] {dag.py:3490} INFO - Setting next_dagrun for example_sla_dag to 2024-05-27T16:48:00+00:00, run_after=2024-05-27T16:50:00+00:00
[2024-05-27T16:51:03.104+0000] {processor.py:178} INFO - Processing /home/airflow/.local/lib/python3.7/site-packages/airflow/example_dags/example_sla_dag.py took 0.049 seconds
[2024-05-27T16:51:34.148+0000] {processor.py:156} INFO - Started process (PID=1314) to work on /home/airflow/.local/lib/python3.7/site-packages/airflow/example_dags/example_sla_dag.py
[2024-05-27T16:51:34.149+0000] {processor.py:799} INFO - Processing file /home/airflow/.local/lib/python3.7/site-packages/airflow/example_dags/example_sla_dag.py for tasks to queue
[2024-05-27T16:51:34.150+0000] {logging_mixin.py:149} INFO - [2024-05-27T16:51:34.150+0000] {dagbag.py:541} INFO - Filling up the DagBag from /home/airflow/.local/lib/python3.7/site-packages/airflow/example_dags/example_sla_dag.py
[2024-05-27T16:51:34.157+0000] {processor.py:809} INFO - DAG(s) dict_keys(['example_sla_dag']) retrieved from /home/airflow/.local/lib/python3.7/site-packages/airflow/example_dags/example_sla_dag.py
[2024-05-27T16:51:34.176+0000] {logging_mixin.py:149} INFO - [2024-05-27T16:51:34.176+0000] {dag.py:2726} INFO - Sync 1 DAGs
[2024-05-27T16:51:34.193+0000] {logging_mixin.py:149} INFO - [2024-05-27T16:51:34.193+0000] {dag.py:3490} INFO - Setting next_dagrun for example_sla_dag to 2024-05-27T16:48:00+00:00, run_after=2024-05-27T16:50:00+00:00
[2024-05-27T16:51:34.202+0000] {processor.py:178} INFO - Processing /home/airflow/.local/lib/python3.7/site-packages/airflow/example_dags/example_sla_dag.py took 0.057 seconds
[2024-05-27T16:52:17.493+0000] {processor.py:156} INFO - Started process (PID=1396) to work on /home/airflow/.local/lib/python3.7/site-packages/airflow/example_dags/example_sla_dag.py
[2024-05-27T16:52:17.503+0000] {processor.py:799} INFO - Processing file /home/airflow/.local/lib/python3.7/site-packages/airflow/example_dags/example_sla_dag.py for tasks to queue
[2024-05-27T16:52:17.506+0000] {logging_mixin.py:149} INFO - [2024-05-27T16:52:17.506+0000] {dagbag.py:541} INFO - Filling up the DagBag from /home/airflow/.local/lib/python3.7/site-packages/airflow/example_dags/example_sla_dag.py
[2024-05-27T16:52:17.533+0000] {processor.py:809} INFO - DAG(s) dict_keys(['example_sla_dag']) retrieved from /home/airflow/.local/lib/python3.7/site-packages/airflow/example_dags/example_sla_dag.py
[2024-05-27T16:52:17.664+0000] {logging_mixin.py:149} INFO - [2024-05-27T16:52:17.663+0000] {dag.py:2726} INFO - Sync 1 DAGs
[2024-05-27T16:52:17.801+0000] {logging_mixin.py:149} INFO - [2024-05-27T16:52:17.801+0000] {dag.py:3490} INFO - Setting next_dagrun for example_sla_dag to 2024-05-27T16:50:00+00:00, run_after=2024-05-27T16:52:00+00:00
[2024-05-27T16:52:17.858+0000] {processor.py:178} INFO - Processing /home/airflow/.local/lib/python3.7/site-packages/airflow/example_dags/example_sla_dag.py took 0.371 seconds
