[2024-05-27T16:40:19.454+0000] {processor.py:156} INFO - Started process (PID=41) to work on /home/airflow/.local/lib/python3.7/site-packages/airflow/example_dags/example_trigger_controller_dag.py
[2024-05-27T16:40:19.455+0000] {processor.py:799} INFO - Processing file /home/airflow/.local/lib/python3.7/site-packages/airflow/example_dags/example_trigger_controller_dag.py for tasks to queue
[2024-05-27T16:40:19.455+0000] {logging_mixin.py:149} INFO - [2024-05-27T16:40:19.455+0000] {dagbag.py:541} INFO - Filling up the DagBag from /home/airflow/.local/lib/python3.7/site-packages/airflow/example_dags/example_trigger_controller_dag.py
[2024-05-27T16:40:19.459+0000] {processor.py:809} INFO - DAG(s) dict_keys(['example_trigger_controller_dag']) retrieved from /home/airflow/.local/lib/python3.7/site-packages/airflow/example_dags/example_trigger_controller_dag.py
[2024-05-27T16:40:19.517+0000] {logging_mixin.py:149} INFO - [2024-05-27T16:40:19.517+0000] {manager.py:504} INFO - Created Permission View: can delete on DAG:example_trigger_controller_dag
[2024-05-27T16:40:19.521+0000] {logging_mixin.py:149} INFO - [2024-05-27T16:40:19.521+0000] {manager.py:504} INFO - Created Permission View: can read on DAG:example_trigger_controller_dag
[2024-05-27T16:40:19.525+0000] {logging_mixin.py:149} INFO - [2024-05-27T16:40:19.525+0000] {manager.py:504} INFO - Created Permission View: can edit on DAG:example_trigger_controller_dag
[2024-05-27T16:40:19.525+0000] {logging_mixin.py:149} INFO - [2024-05-27T16:40:19.525+0000] {dag.py:2726} INFO - Sync 1 DAGs
[2024-05-27T16:40:19.532+0000] {logging_mixin.py:149} INFO - [2024-05-27T16:40:19.532+0000] {dag.py:2747} INFO - Creating ORM DAG for example_trigger_controller_dag
[2024-05-27T16:40:19.537+0000] {logging_mixin.py:149} INFO - [2024-05-27T16:40:19.537+0000] {dag.py:3490} INFO - Setting next_dagrun for example_trigger_controller_dag to 2021-01-01T00:00:00+00:00, run_after=2021-01-01T00:00:00+00:00
[2024-05-27T16:40:19.546+0000] {processor.py:178} INFO - Processing /home/airflow/.local/lib/python3.7/site-packages/airflow/example_dags/example_trigger_controller_dag.py took 0.094 seconds
[2024-05-27T16:40:49.905+0000] {processor.py:156} INFO - Started process (PID=101) to work on /home/airflow/.local/lib/python3.7/site-packages/airflow/example_dags/example_trigger_controller_dag.py
[2024-05-27T16:40:49.906+0000] {processor.py:799} INFO - Processing file /home/airflow/.local/lib/python3.7/site-packages/airflow/example_dags/example_trigger_controller_dag.py for tasks to queue
[2024-05-27T16:40:49.906+0000] {logging_mixin.py:149} INFO - [2024-05-27T16:40:49.906+0000] {dagbag.py:541} INFO - Filling up the DagBag from /home/airflow/.local/lib/python3.7/site-packages/airflow/example_dags/example_trigger_controller_dag.py
[2024-05-27T16:40:49.909+0000] {processor.py:809} INFO - DAG(s) dict_keys(['example_trigger_controller_dag']) retrieved from /home/airflow/.local/lib/python3.7/site-packages/airflow/example_dags/example_trigger_controller_dag.py
[2024-05-27T16:40:49.923+0000] {logging_mixin.py:149} INFO - [2024-05-27T16:40:49.923+0000] {dag.py:2726} INFO - Sync 1 DAGs
[2024-05-27T16:40:49.936+0000] {logging_mixin.py:149} INFO - [2024-05-27T16:40:49.936+0000] {dag.py:3490} INFO - Setting next_dagrun for example_trigger_controller_dag to 2021-01-01T00:00:00+00:00, run_after=2021-01-01T00:00:00+00:00
[2024-05-27T16:40:49.945+0000] {processor.py:178} INFO - Processing /home/airflow/.local/lib/python3.7/site-packages/airflow/example_dags/example_trigger_controller_dag.py took 0.041 seconds
[2024-05-27T16:41:20.138+0000] {processor.py:156} INFO - Started process (PID=161) to work on /home/airflow/.local/lib/python3.7/site-packages/airflow/example_dags/example_trigger_controller_dag.py
[2024-05-27T16:41:20.140+0000] {processor.py:799} INFO - Processing file /home/airflow/.local/lib/python3.7/site-packages/airflow/example_dags/example_trigger_controller_dag.py for tasks to queue
[2024-05-27T16:41:20.141+0000] {logging_mixin.py:149} INFO - [2024-05-27T16:41:20.140+0000] {dagbag.py:541} INFO - Filling up the DagBag from /home/airflow/.local/lib/python3.7/site-packages/airflow/example_dags/example_trigger_controller_dag.py
[2024-05-27T16:41:20.145+0000] {processor.py:809} INFO - DAG(s) dict_keys(['example_trigger_controller_dag']) retrieved from /home/airflow/.local/lib/python3.7/site-packages/airflow/example_dags/example_trigger_controller_dag.py
[2024-05-27T16:41:20.168+0000] {logging_mixin.py:149} INFO - [2024-05-27T16:41:20.168+0000] {dag.py:2726} INFO - Sync 1 DAGs
[2024-05-27T16:41:20.214+0000] {logging_mixin.py:149} INFO - [2024-05-27T16:41:20.213+0000] {dag.py:3490} INFO - Setting next_dagrun for example_trigger_controller_dag to 2021-01-01T00:00:00+00:00, run_after=2021-01-01T00:00:00+00:00
[2024-05-27T16:41:20.230+0000] {processor.py:178} INFO - Processing /home/airflow/.local/lib/python3.7/site-packages/airflow/example_dags/example_trigger_controller_dag.py took 0.095 seconds
[2024-05-27T16:41:51.201+0000] {processor.py:156} INFO - Started process (PID=221) to work on /home/airflow/.local/lib/python3.7/site-packages/airflow/example_dags/example_trigger_controller_dag.py
[2024-05-27T16:41:51.202+0000] {processor.py:799} INFO - Processing file /home/airflow/.local/lib/python3.7/site-packages/airflow/example_dags/example_trigger_controller_dag.py for tasks to queue
[2024-05-27T16:41:51.203+0000] {logging_mixin.py:149} INFO - [2024-05-27T16:41:51.203+0000] {dagbag.py:541} INFO - Filling up the DagBag from /home/airflow/.local/lib/python3.7/site-packages/airflow/example_dags/example_trigger_controller_dag.py
[2024-05-27T16:41:51.208+0000] {processor.py:809} INFO - DAG(s) dict_keys(['example_trigger_controller_dag']) retrieved from /home/airflow/.local/lib/python3.7/site-packages/airflow/example_dags/example_trigger_controller_dag.py
[2024-05-27T16:41:51.231+0000] {logging_mixin.py:149} INFO - [2024-05-27T16:41:51.231+0000] {dag.py:2726} INFO - Sync 1 DAGs
[2024-05-27T16:41:51.253+0000] {logging_mixin.py:149} INFO - [2024-05-27T16:41:51.252+0000] {dag.py:3490} INFO - Setting next_dagrun for example_trigger_controller_dag to 2021-01-01T00:00:00+00:00, run_after=2021-01-01T00:00:00+00:00
[2024-05-27T16:41:51.264+0000] {processor.py:178} INFO - Processing /home/airflow/.local/lib/python3.7/site-packages/airflow/example_dags/example_trigger_controller_dag.py took 0.067 seconds
[2024-05-27T16:42:21.497+0000] {processor.py:156} INFO - Started process (PID=281) to work on /home/airflow/.local/lib/python3.7/site-packages/airflow/example_dags/example_trigger_controller_dag.py
[2024-05-27T16:42:21.498+0000] {processor.py:799} INFO - Processing file /home/airflow/.local/lib/python3.7/site-packages/airflow/example_dags/example_trigger_controller_dag.py for tasks to queue
[2024-05-27T16:42:21.499+0000] {logging_mixin.py:149} INFO - [2024-05-27T16:42:21.499+0000] {dagbag.py:541} INFO - Filling up the DagBag from /home/airflow/.local/lib/python3.7/site-packages/airflow/example_dags/example_trigger_controller_dag.py
[2024-05-27T16:42:21.504+0000] {processor.py:809} INFO - DAG(s) dict_keys(['example_trigger_controller_dag']) retrieved from /home/airflow/.local/lib/python3.7/site-packages/airflow/example_dags/example_trigger_controller_dag.py
[2024-05-27T16:42:21.524+0000] {logging_mixin.py:149} INFO - [2024-05-27T16:42:21.524+0000] {dag.py:2726} INFO - Sync 1 DAGs
[2024-05-27T16:42:21.539+0000] {logging_mixin.py:149} INFO - [2024-05-27T16:42:21.539+0000] {dag.py:3490} INFO - Setting next_dagrun for example_trigger_controller_dag to 2021-01-01T00:00:00+00:00, run_after=2021-01-01T00:00:00+00:00
[2024-05-27T16:42:21.551+0000] {processor.py:178} INFO - Processing /home/airflow/.local/lib/python3.7/site-packages/airflow/example_dags/example_trigger_controller_dag.py took 0.059 seconds
[2024-05-27T16:42:51.749+0000] {processor.py:156} INFO - Started process (PID=341) to work on /home/airflow/.local/lib/python3.7/site-packages/airflow/example_dags/example_trigger_controller_dag.py
[2024-05-27T16:42:51.750+0000] {processor.py:799} INFO - Processing file /home/airflow/.local/lib/python3.7/site-packages/airflow/example_dags/example_trigger_controller_dag.py for tasks to queue
[2024-05-27T16:42:51.751+0000] {logging_mixin.py:149} INFO - [2024-05-27T16:42:51.751+0000] {dagbag.py:541} INFO - Filling up the DagBag from /home/airflow/.local/lib/python3.7/site-packages/airflow/example_dags/example_trigger_controller_dag.py
[2024-05-27T16:42:51.755+0000] {processor.py:809} INFO - DAG(s) dict_keys(['example_trigger_controller_dag']) retrieved from /home/airflow/.local/lib/python3.7/site-packages/airflow/example_dags/example_trigger_controller_dag.py
[2024-05-27T16:42:51.775+0000] {logging_mixin.py:149} INFO - [2024-05-27T16:42:51.775+0000] {dag.py:2726} INFO - Sync 1 DAGs
[2024-05-27T16:42:51.789+0000] {logging_mixin.py:149} INFO - [2024-05-27T16:42:51.789+0000] {dag.py:3490} INFO - Setting next_dagrun for example_trigger_controller_dag to 2021-01-01T00:00:00+00:00, run_after=2021-01-01T00:00:00+00:00
[2024-05-27T16:42:51.799+0000] {processor.py:178} INFO - Processing /home/airflow/.local/lib/python3.7/site-packages/airflow/example_dags/example_trigger_controller_dag.py took 0.053 seconds
[2024-05-27T16:43:22.537+0000] {processor.py:156} INFO - Started process (PID=401) to work on /home/airflow/.local/lib/python3.7/site-packages/airflow/example_dags/example_trigger_controller_dag.py
[2024-05-27T16:43:22.538+0000] {processor.py:799} INFO - Processing file /home/airflow/.local/lib/python3.7/site-packages/airflow/example_dags/example_trigger_controller_dag.py for tasks to queue
[2024-05-27T16:43:22.539+0000] {logging_mixin.py:149} INFO - [2024-05-27T16:43:22.538+0000] {dagbag.py:541} INFO - Filling up the DagBag from /home/airflow/.local/lib/python3.7/site-packages/airflow/example_dags/example_trigger_controller_dag.py
[2024-05-27T16:43:22.543+0000] {processor.py:809} INFO - DAG(s) dict_keys(['example_trigger_controller_dag']) retrieved from /home/airflow/.local/lib/python3.7/site-packages/airflow/example_dags/example_trigger_controller_dag.py
[2024-05-27T16:43:22.564+0000] {logging_mixin.py:149} INFO - [2024-05-27T16:43:22.564+0000] {dag.py:2726} INFO - Sync 1 DAGs
[2024-05-27T16:43:22.579+0000] {logging_mixin.py:149} INFO - [2024-05-27T16:43:22.579+0000] {dag.py:3490} INFO - Setting next_dagrun for example_trigger_controller_dag to 2021-01-01T00:00:00+00:00, run_after=2021-01-01T00:00:00+00:00
[2024-05-27T16:43:22.588+0000] {processor.py:178} INFO - Processing /home/airflow/.local/lib/python3.7/site-packages/airflow/example_dags/example_trigger_controller_dag.py took 0.056 seconds
[2024-05-27T16:43:53.475+0000] {processor.py:156} INFO - Started process (PID=461) to work on /home/airflow/.local/lib/python3.7/site-packages/airflow/example_dags/example_trigger_controller_dag.py
[2024-05-27T16:43:53.476+0000] {processor.py:799} INFO - Processing file /home/airflow/.local/lib/python3.7/site-packages/airflow/example_dags/example_trigger_controller_dag.py for tasks to queue
[2024-05-27T16:43:53.477+0000] {logging_mixin.py:149} INFO - [2024-05-27T16:43:53.477+0000] {dagbag.py:541} INFO - Filling up the DagBag from /home/airflow/.local/lib/python3.7/site-packages/airflow/example_dags/example_trigger_controller_dag.py
[2024-05-27T16:43:53.482+0000] {processor.py:809} INFO - DAG(s) dict_keys(['example_trigger_controller_dag']) retrieved from /home/airflow/.local/lib/python3.7/site-packages/airflow/example_dags/example_trigger_controller_dag.py
[2024-05-27T16:43:53.504+0000] {logging_mixin.py:149} INFO - [2024-05-27T16:43:53.504+0000] {dag.py:2726} INFO - Sync 1 DAGs
[2024-05-27T16:43:53.519+0000] {logging_mixin.py:149} INFO - [2024-05-27T16:43:53.518+0000] {dag.py:3490} INFO - Setting next_dagrun for example_trigger_controller_dag to 2021-01-01T00:00:00+00:00, run_after=2021-01-01T00:00:00+00:00
[2024-05-27T16:43:53.528+0000] {processor.py:178} INFO - Processing /home/airflow/.local/lib/python3.7/site-packages/airflow/example_dags/example_trigger_controller_dag.py took 0.057 seconds
[2024-05-27T16:44:24.257+0000] {processor.py:156} INFO - Started process (PID=521) to work on /home/airflow/.local/lib/python3.7/site-packages/airflow/example_dags/example_trigger_controller_dag.py
[2024-05-27T16:44:24.258+0000] {processor.py:799} INFO - Processing file /home/airflow/.local/lib/python3.7/site-packages/airflow/example_dags/example_trigger_controller_dag.py for tasks to queue
[2024-05-27T16:44:24.259+0000] {logging_mixin.py:149} INFO - [2024-05-27T16:44:24.259+0000] {dagbag.py:541} INFO - Filling up the DagBag from /home/airflow/.local/lib/python3.7/site-packages/airflow/example_dags/example_trigger_controller_dag.py
[2024-05-27T16:44:24.264+0000] {processor.py:809} INFO - DAG(s) dict_keys(['example_trigger_controller_dag']) retrieved from /home/airflow/.local/lib/python3.7/site-packages/airflow/example_dags/example_trigger_controller_dag.py
[2024-05-27T16:44:24.284+0000] {logging_mixin.py:149} INFO - [2024-05-27T16:44:24.284+0000] {dag.py:2726} INFO - Sync 1 DAGs
[2024-05-27T16:44:24.299+0000] {logging_mixin.py:149} INFO - [2024-05-27T16:44:24.299+0000] {dag.py:3490} INFO - Setting next_dagrun for example_trigger_controller_dag to 2021-01-01T00:00:00+00:00, run_after=2021-01-01T00:00:00+00:00
[2024-05-27T16:44:24.307+0000] {processor.py:178} INFO - Processing /home/airflow/.local/lib/python3.7/site-packages/airflow/example_dags/example_trigger_controller_dag.py took 0.055 seconds
[2024-05-27T16:44:54.364+0000] {processor.py:156} INFO - Started process (PID=581) to work on /home/airflow/.local/lib/python3.7/site-packages/airflow/example_dags/example_trigger_controller_dag.py
[2024-05-27T16:44:54.365+0000] {processor.py:799} INFO - Processing file /home/airflow/.local/lib/python3.7/site-packages/airflow/example_dags/example_trigger_controller_dag.py for tasks to queue
[2024-05-27T16:44:54.365+0000] {logging_mixin.py:149} INFO - [2024-05-27T16:44:54.365+0000] {dagbag.py:541} INFO - Filling up the DagBag from /home/airflow/.local/lib/python3.7/site-packages/airflow/example_dags/example_trigger_controller_dag.py
[2024-05-27T16:44:54.368+0000] {processor.py:809} INFO - DAG(s) dict_keys(['example_trigger_controller_dag']) retrieved from /home/airflow/.local/lib/python3.7/site-packages/airflow/example_dags/example_trigger_controller_dag.py
[2024-05-27T16:44:54.386+0000] {logging_mixin.py:149} INFO - [2024-05-27T16:44:54.386+0000] {dag.py:2726} INFO - Sync 1 DAGs
[2024-05-27T16:44:54.402+0000] {logging_mixin.py:149} INFO - [2024-05-27T16:44:54.401+0000] {dag.py:3490} INFO - Setting next_dagrun for example_trigger_controller_dag to 2021-01-01T00:00:00+00:00, run_after=2021-01-01T00:00:00+00:00
[2024-05-27T16:44:54.414+0000] {processor.py:178} INFO - Processing /home/airflow/.local/lib/python3.7/site-packages/airflow/example_dags/example_trigger_controller_dag.py took 0.053 seconds
[2024-05-27T16:45:25.391+0000] {processor.py:156} INFO - Started process (PID=641) to work on /home/airflow/.local/lib/python3.7/site-packages/airflow/example_dags/example_trigger_controller_dag.py
[2024-05-27T16:45:25.391+0000] {processor.py:799} INFO - Processing file /home/airflow/.local/lib/python3.7/site-packages/airflow/example_dags/example_trigger_controller_dag.py for tasks to queue
[2024-05-27T16:45:25.392+0000] {logging_mixin.py:149} INFO - [2024-05-27T16:45:25.392+0000] {dagbag.py:541} INFO - Filling up the DagBag from /home/airflow/.local/lib/python3.7/site-packages/airflow/example_dags/example_trigger_controller_dag.py
[2024-05-27T16:45:25.395+0000] {processor.py:809} INFO - DAG(s) dict_keys(['example_trigger_controller_dag']) retrieved from /home/airflow/.local/lib/python3.7/site-packages/airflow/example_dags/example_trigger_controller_dag.py
[2024-05-27T16:45:25.411+0000] {logging_mixin.py:149} INFO - [2024-05-27T16:45:25.411+0000] {dag.py:2726} INFO - Sync 1 DAGs
[2024-05-27T16:45:25.426+0000] {logging_mixin.py:149} INFO - [2024-05-27T16:45:25.426+0000] {dag.py:3490} INFO - Setting next_dagrun for example_trigger_controller_dag to 2021-01-01T00:00:00+00:00, run_after=2021-01-01T00:00:00+00:00
[2024-05-27T16:45:25.437+0000] {processor.py:178} INFO - Processing /home/airflow/.local/lib/python3.7/site-packages/airflow/example_dags/example_trigger_controller_dag.py took 0.049 seconds
[2024-05-27T16:45:56.158+0000] {processor.py:156} INFO - Started process (PID=701) to work on /home/airflow/.local/lib/python3.7/site-packages/airflow/example_dags/example_trigger_controller_dag.py
[2024-05-27T16:45:56.159+0000] {processor.py:799} INFO - Processing file /home/airflow/.local/lib/python3.7/site-packages/airflow/example_dags/example_trigger_controller_dag.py for tasks to queue
[2024-05-27T16:45:56.159+0000] {logging_mixin.py:149} INFO - [2024-05-27T16:45:56.159+0000] {dagbag.py:541} INFO - Filling up the DagBag from /home/airflow/.local/lib/python3.7/site-packages/airflow/example_dags/example_trigger_controller_dag.py
[2024-05-27T16:45:56.162+0000] {processor.py:809} INFO - DAG(s) dict_keys(['example_trigger_controller_dag']) retrieved from /home/airflow/.local/lib/python3.7/site-packages/airflow/example_dags/example_trigger_controller_dag.py
[2024-05-27T16:45:56.177+0000] {logging_mixin.py:149} INFO - [2024-05-27T16:45:56.177+0000] {dag.py:2726} INFO - Sync 1 DAGs
[2024-05-27T16:45:56.191+0000] {logging_mixin.py:149} INFO - [2024-05-27T16:45:56.191+0000] {dag.py:3490} INFO - Setting next_dagrun for example_trigger_controller_dag to 2021-01-01T00:00:00+00:00, run_after=2021-01-01T00:00:00+00:00
[2024-05-27T16:45:56.200+0000] {processor.py:178} INFO - Processing /home/airflow/.local/lib/python3.7/site-packages/airflow/example_dags/example_trigger_controller_dag.py took 0.044 seconds
[2024-05-27T16:46:26.336+0000] {processor.py:156} INFO - Started process (PID=761) to work on /home/airflow/.local/lib/python3.7/site-packages/airflow/example_dags/example_trigger_controller_dag.py
[2024-05-27T16:46:26.337+0000] {processor.py:799} INFO - Processing file /home/airflow/.local/lib/python3.7/site-packages/airflow/example_dags/example_trigger_controller_dag.py for tasks to queue
[2024-05-27T16:46:26.337+0000] {logging_mixin.py:149} INFO - [2024-05-27T16:46:26.337+0000] {dagbag.py:541} INFO - Filling up the DagBag from /home/airflow/.local/lib/python3.7/site-packages/airflow/example_dags/example_trigger_controller_dag.py
[2024-05-27T16:46:26.341+0000] {processor.py:809} INFO - DAG(s) dict_keys(['example_trigger_controller_dag']) retrieved from /home/airflow/.local/lib/python3.7/site-packages/airflow/example_dags/example_trigger_controller_dag.py
[2024-05-27T16:46:26.360+0000] {logging_mixin.py:149} INFO - [2024-05-27T16:46:26.360+0000] {dag.py:2726} INFO - Sync 1 DAGs
[2024-05-27T16:46:26.375+0000] {logging_mixin.py:149} INFO - [2024-05-27T16:46:26.374+0000] {dag.py:3490} INFO - Setting next_dagrun for example_trigger_controller_dag to 2021-01-01T00:00:00+00:00, run_after=2021-01-01T00:00:00+00:00
[2024-05-27T16:46:26.384+0000] {processor.py:178} INFO - Processing /home/airflow/.local/lib/python3.7/site-packages/airflow/example_dags/example_trigger_controller_dag.py took 0.051 seconds
[2024-05-27T16:46:57.219+0000] {processor.py:156} INFO - Started process (PID=821) to work on /home/airflow/.local/lib/python3.7/site-packages/airflow/example_dags/example_trigger_controller_dag.py
[2024-05-27T16:46:57.221+0000] {processor.py:799} INFO - Processing file /home/airflow/.local/lib/python3.7/site-packages/airflow/example_dags/example_trigger_controller_dag.py for tasks to queue
[2024-05-27T16:46:57.221+0000] {logging_mixin.py:149} INFO - [2024-05-27T16:46:57.221+0000] {dagbag.py:541} INFO - Filling up the DagBag from /home/airflow/.local/lib/python3.7/site-packages/airflow/example_dags/example_trigger_controller_dag.py
[2024-05-27T16:46:57.226+0000] {processor.py:809} INFO - DAG(s) dict_keys(['example_trigger_controller_dag']) retrieved from /home/airflow/.local/lib/python3.7/site-packages/airflow/example_dags/example_trigger_controller_dag.py
[2024-05-27T16:46:57.246+0000] {logging_mixin.py:149} INFO - [2024-05-27T16:46:57.245+0000] {dag.py:2726} INFO - Sync 1 DAGs
[2024-05-27T16:46:57.260+0000] {logging_mixin.py:149} INFO - [2024-05-27T16:46:57.260+0000] {dag.py:3490} INFO - Setting next_dagrun for example_trigger_controller_dag to 2021-01-01T00:00:00+00:00, run_after=2021-01-01T00:00:00+00:00
[2024-05-27T16:46:57.270+0000] {processor.py:178} INFO - Processing /home/airflow/.local/lib/python3.7/site-packages/airflow/example_dags/example_trigger_controller_dag.py took 0.054 seconds
[2024-05-27T16:47:27.995+0000] {processor.py:156} INFO - Started process (PID=881) to work on /home/airflow/.local/lib/python3.7/site-packages/airflow/example_dags/example_trigger_controller_dag.py
[2024-05-27T16:47:27.996+0000] {processor.py:799} INFO - Processing file /home/airflow/.local/lib/python3.7/site-packages/airflow/example_dags/example_trigger_controller_dag.py for tasks to queue
[2024-05-27T16:47:27.997+0000] {logging_mixin.py:149} INFO - [2024-05-27T16:47:27.997+0000] {dagbag.py:541} INFO - Filling up the DagBag from /home/airflow/.local/lib/python3.7/site-packages/airflow/example_dags/example_trigger_controller_dag.py
[2024-05-27T16:47:28.002+0000] {processor.py:809} INFO - DAG(s) dict_keys(['example_trigger_controller_dag']) retrieved from /home/airflow/.local/lib/python3.7/site-packages/airflow/example_dags/example_trigger_controller_dag.py
[2024-05-27T16:47:28.021+0000] {logging_mixin.py:149} INFO - [2024-05-27T16:47:28.021+0000] {dag.py:2726} INFO - Sync 1 DAGs
[2024-05-27T16:47:28.036+0000] {logging_mixin.py:149} INFO - [2024-05-27T16:47:28.036+0000] {dag.py:3490} INFO - Setting next_dagrun for example_trigger_controller_dag to 2021-01-01T00:00:00+00:00, run_after=2021-01-01T00:00:00+00:00
[2024-05-27T16:47:28.045+0000] {processor.py:178} INFO - Processing /home/airflow/.local/lib/python3.7/site-packages/airflow/example_dags/example_trigger_controller_dag.py took 0.054 seconds
[2024-05-27T16:47:58.779+0000] {processor.py:156} INFO - Started process (PID=941) to work on /home/airflow/.local/lib/python3.7/site-packages/airflow/example_dags/example_trigger_controller_dag.py
[2024-05-27T16:47:58.780+0000] {processor.py:799} INFO - Processing file /home/airflow/.local/lib/python3.7/site-packages/airflow/example_dags/example_trigger_controller_dag.py for tasks to queue
[2024-05-27T16:47:58.781+0000] {logging_mixin.py:149} INFO - [2024-05-27T16:47:58.781+0000] {dagbag.py:541} INFO - Filling up the DagBag from /home/airflow/.local/lib/python3.7/site-packages/airflow/example_dags/example_trigger_controller_dag.py
[2024-05-27T16:47:58.786+0000] {processor.py:809} INFO - DAG(s) dict_keys(['example_trigger_controller_dag']) retrieved from /home/airflow/.local/lib/python3.7/site-packages/airflow/example_dags/example_trigger_controller_dag.py
[2024-05-27T16:47:58.805+0000] {logging_mixin.py:149} INFO - [2024-05-27T16:47:58.805+0000] {dag.py:2726} INFO - Sync 1 DAGs
[2024-05-27T16:47:58.820+0000] {logging_mixin.py:149} INFO - [2024-05-27T16:47:58.820+0000] {dag.py:3490} INFO - Setting next_dagrun for example_trigger_controller_dag to 2021-01-01T00:00:00+00:00, run_after=2021-01-01T00:00:00+00:00
[2024-05-27T16:47:58.829+0000] {processor.py:178} INFO - Processing /home/airflow/.local/lib/python3.7/site-packages/airflow/example_dags/example_trigger_controller_dag.py took 0.055 seconds
[2024-05-27T16:48:29.566+0000] {processor.py:156} INFO - Started process (PID=1001) to work on /home/airflow/.local/lib/python3.7/site-packages/airflow/example_dags/example_trigger_controller_dag.py
[2024-05-27T16:48:29.567+0000] {processor.py:799} INFO - Processing file /home/airflow/.local/lib/python3.7/site-packages/airflow/example_dags/example_trigger_controller_dag.py for tasks to queue
[2024-05-27T16:48:29.568+0000] {logging_mixin.py:149} INFO - [2024-05-27T16:48:29.568+0000] {dagbag.py:541} INFO - Filling up the DagBag from /home/airflow/.local/lib/python3.7/site-packages/airflow/example_dags/example_trigger_controller_dag.py
[2024-05-27T16:48:29.571+0000] {processor.py:809} INFO - DAG(s) dict_keys(['example_trigger_controller_dag']) retrieved from /home/airflow/.local/lib/python3.7/site-packages/airflow/example_dags/example_trigger_controller_dag.py
[2024-05-27T16:48:29.590+0000] {logging_mixin.py:149} INFO - [2024-05-27T16:48:29.590+0000] {dag.py:2726} INFO - Sync 1 DAGs
[2024-05-27T16:48:29.604+0000] {logging_mixin.py:149} INFO - [2024-05-27T16:48:29.604+0000] {dag.py:3490} INFO - Setting next_dagrun for example_trigger_controller_dag to 2021-01-01T00:00:00+00:00, run_after=2021-01-01T00:00:00+00:00
[2024-05-27T16:48:29.613+0000] {processor.py:178} INFO - Processing /home/airflow/.local/lib/python3.7/site-packages/airflow/example_dags/example_trigger_controller_dag.py took 0.049 seconds
[2024-05-27T16:49:00.248+0000] {processor.py:156} INFO - Started process (PID=1061) to work on /home/airflow/.local/lib/python3.7/site-packages/airflow/example_dags/example_trigger_controller_dag.py
[2024-05-27T16:49:00.249+0000] {processor.py:799} INFO - Processing file /home/airflow/.local/lib/python3.7/site-packages/airflow/example_dags/example_trigger_controller_dag.py for tasks to queue
[2024-05-27T16:49:00.250+0000] {logging_mixin.py:149} INFO - [2024-05-27T16:49:00.250+0000] {dagbag.py:541} INFO - Filling up the DagBag from /home/airflow/.local/lib/python3.7/site-packages/airflow/example_dags/example_trigger_controller_dag.py
[2024-05-27T16:49:00.254+0000] {processor.py:809} INFO - DAG(s) dict_keys(['example_trigger_controller_dag']) retrieved from /home/airflow/.local/lib/python3.7/site-packages/airflow/example_dags/example_trigger_controller_dag.py
[2024-05-27T16:49:00.274+0000] {logging_mixin.py:149} INFO - [2024-05-27T16:49:00.274+0000] {dag.py:2726} INFO - Sync 1 DAGs
[2024-05-27T16:49:00.289+0000] {logging_mixin.py:149} INFO - [2024-05-27T16:49:00.289+0000] {dag.py:3490} INFO - Setting next_dagrun for example_trigger_controller_dag to 2021-01-01T00:00:00+00:00, run_after=2021-01-01T00:00:00+00:00
[2024-05-27T16:49:00.298+0000] {processor.py:178} INFO - Processing /home/airflow/.local/lib/python3.7/site-packages/airflow/example_dags/example_trigger_controller_dag.py took 0.055 seconds
[2024-05-27T16:50:02.336+0000] {processor.py:156} INFO - Started process (PID=1121) to work on /home/airflow/.local/lib/python3.7/site-packages/airflow/example_dags/example_trigger_controller_dag.py
[2024-05-27T16:50:02.337+0000] {processor.py:799} INFO - Processing file /home/airflow/.local/lib/python3.7/site-packages/airflow/example_dags/example_trigger_controller_dag.py for tasks to queue
[2024-05-27T16:50:02.337+0000] {logging_mixin.py:149} INFO - [2024-05-27T16:50:02.337+0000] {dagbag.py:541} INFO - Filling up the DagBag from /home/airflow/.local/lib/python3.7/site-packages/airflow/example_dags/example_trigger_controller_dag.py
[2024-05-27T16:50:02.339+0000] {processor.py:809} INFO - DAG(s) dict_keys(['example_trigger_controller_dag']) retrieved from /home/airflow/.local/lib/python3.7/site-packages/airflow/example_dags/example_trigger_controller_dag.py
[2024-05-27T16:50:02.352+0000] {logging_mixin.py:149} INFO - [2024-05-27T16:50:02.352+0000] {dag.py:2726} INFO - Sync 1 DAGs
[2024-05-27T16:50:02.364+0000] {logging_mixin.py:149} INFO - [2024-05-27T16:50:02.364+0000] {dag.py:3490} INFO - Setting next_dagrun for example_trigger_controller_dag to 2021-01-01T00:00:00+00:00, run_after=2021-01-01T00:00:00+00:00
[2024-05-27T16:50:02.373+0000] {processor.py:178} INFO - Processing /home/airflow/.local/lib/python3.7/site-packages/airflow/example_dags/example_trigger_controller_dag.py took 0.039 seconds
[2024-05-27T16:50:32.491+0000] {processor.py:156} INFO - Started process (PID=1182) to work on /home/airflow/.local/lib/python3.7/site-packages/airflow/example_dags/example_trigger_controller_dag.py
[2024-05-27T16:50:32.492+0000] {processor.py:799} INFO - Processing file /home/airflow/.local/lib/python3.7/site-packages/airflow/example_dags/example_trigger_controller_dag.py for tasks to queue
[2024-05-27T16:50:32.492+0000] {logging_mixin.py:149} INFO - [2024-05-27T16:50:32.492+0000] {dagbag.py:541} INFO - Filling up the DagBag from /home/airflow/.local/lib/python3.7/site-packages/airflow/example_dags/example_trigger_controller_dag.py
[2024-05-27T16:50:32.494+0000] {processor.py:809} INFO - DAG(s) dict_keys(['example_trigger_controller_dag']) retrieved from /home/airflow/.local/lib/python3.7/site-packages/airflow/example_dags/example_trigger_controller_dag.py
[2024-05-27T16:50:32.508+0000] {logging_mixin.py:149} INFO - [2024-05-27T16:50:32.508+0000] {dag.py:2726} INFO - Sync 1 DAGs
[2024-05-27T16:50:32.520+0000] {logging_mixin.py:149} INFO - [2024-05-27T16:50:32.520+0000] {dag.py:3490} INFO - Setting next_dagrun for example_trigger_controller_dag to 2021-01-01T00:00:00+00:00, run_after=2021-01-01T00:00:00+00:00
[2024-05-27T16:50:32.528+0000] {processor.py:178} INFO - Processing /home/airflow/.local/lib/python3.7/site-packages/airflow/example_dags/example_trigger_controller_dag.py took 0.039 seconds
[2024-05-27T16:51:02.695+0000] {processor.py:156} INFO - Started process (PID=1243) to work on /home/airflow/.local/lib/python3.7/site-packages/airflow/example_dags/example_trigger_controller_dag.py
[2024-05-27T16:51:02.696+0000] {processor.py:799} INFO - Processing file /home/airflow/.local/lib/python3.7/site-packages/airflow/example_dags/example_trigger_controller_dag.py for tasks to queue
[2024-05-27T16:51:02.696+0000] {logging_mixin.py:149} INFO - [2024-05-27T16:51:02.696+0000] {dagbag.py:541} INFO - Filling up the DagBag from /home/airflow/.local/lib/python3.7/site-packages/airflow/example_dags/example_trigger_controller_dag.py
[2024-05-27T16:51:02.698+0000] {processor.py:809} INFO - DAG(s) dict_keys(['example_trigger_controller_dag']) retrieved from /home/airflow/.local/lib/python3.7/site-packages/airflow/example_dags/example_trigger_controller_dag.py
[2024-05-27T16:51:02.711+0000] {logging_mixin.py:149} INFO - [2024-05-27T16:51:02.711+0000] {dag.py:2726} INFO - Sync 1 DAGs
[2024-05-27T16:51:02.722+0000] {logging_mixin.py:149} INFO - [2024-05-27T16:51:02.722+0000] {dag.py:3490} INFO - Setting next_dagrun for example_trigger_controller_dag to 2021-01-01T00:00:00+00:00, run_after=2021-01-01T00:00:00+00:00
[2024-05-27T16:51:02.730+0000] {processor.py:178} INFO - Processing /home/airflow/.local/lib/python3.7/site-packages/airflow/example_dags/example_trigger_controller_dag.py took 0.036 seconds
[2024-05-27T16:51:32.831+0000] {processor.py:156} INFO - Started process (PID=1304) to work on /home/airflow/.local/lib/python3.7/site-packages/airflow/example_dags/example_trigger_controller_dag.py
[2024-05-27T16:51:32.832+0000] {processor.py:799} INFO - Processing file /home/airflow/.local/lib/python3.7/site-packages/airflow/example_dags/example_trigger_controller_dag.py for tasks to queue
[2024-05-27T16:51:32.832+0000] {logging_mixin.py:149} INFO - [2024-05-27T16:51:32.832+0000] {dagbag.py:541} INFO - Filling up the DagBag from /home/airflow/.local/lib/python3.7/site-packages/airflow/example_dags/example_trigger_controller_dag.py
[2024-05-27T16:51:32.835+0000] {processor.py:809} INFO - DAG(s) dict_keys(['example_trigger_controller_dag']) retrieved from /home/airflow/.local/lib/python3.7/site-packages/airflow/example_dags/example_trigger_controller_dag.py
[2024-05-27T16:51:32.848+0000] {logging_mixin.py:149} INFO - [2024-05-27T16:51:32.848+0000] {dag.py:2726} INFO - Sync 1 DAGs
[2024-05-27T16:51:32.861+0000] {logging_mixin.py:149} INFO - [2024-05-27T16:51:32.861+0000] {dag.py:3490} INFO - Setting next_dagrun for example_trigger_controller_dag to 2021-01-01T00:00:00+00:00, run_after=2021-01-01T00:00:00+00:00
[2024-05-27T16:51:32.870+0000] {processor.py:178} INFO - Processing /home/airflow/.local/lib/python3.7/site-packages/airflow/example_dags/example_trigger_controller_dag.py took 0.041 seconds
[2024-05-27T16:52:08.330+0000] {processor.py:156} INFO - Started process (PID=1382) to work on /home/airflow/.local/lib/python3.7/site-packages/airflow/example_dags/example_trigger_controller_dag.py
[2024-05-27T16:52:08.334+0000] {processor.py:799} INFO - Processing file /home/airflow/.local/lib/python3.7/site-packages/airflow/example_dags/example_trigger_controller_dag.py for tasks to queue
[2024-05-27T16:52:08.341+0000] {logging_mixin.py:149} INFO - [2024-05-27T16:52:08.341+0000] {dagbag.py:541} INFO - Filling up the DagBag from /home/airflow/.local/lib/python3.7/site-packages/airflow/example_dags/example_trigger_controller_dag.py
[2024-05-27T16:52:08.394+0000] {processor.py:809} INFO - DAG(s) dict_keys(['example_trigger_controller_dag']) retrieved from /home/airflow/.local/lib/python3.7/site-packages/airflow/example_dags/example_trigger_controller_dag.py
[2024-05-27T16:52:12.179+0000] {logging_mixin.py:149} INFO - [2024-05-27T16:52:12.175+0000] {dag.py:2726} INFO - Sync 1 DAGs
[2024-05-27T16:52:12.262+0000] {logging_mixin.py:149} INFO - [2024-05-27T16:52:12.261+0000] {dag.py:3490} INFO - Setting next_dagrun for example_trigger_controller_dag to 2021-01-01T00:00:00+00:00, run_after=2021-01-01T00:00:00+00:00
[2024-05-27T16:52:12.319+0000] {processor.py:178} INFO - Processing /home/airflow/.local/lib/python3.7/site-packages/airflow/example_dags/example_trigger_controller_dag.py took 4.002 seconds
