[2024-05-27T16:40:21.690+0000] {processor.py:156} INFO - Started process (PID=60) to work on /home/airflow/.local/lib/python3.7/site-packages/airflow/example_dags/example_trigger_target_dag.py
[2024-05-27T16:40:21.691+0000] {processor.py:799} INFO - Processing file /home/airflow/.local/lib/python3.7/site-packages/airflow/example_dags/example_trigger_target_dag.py for tasks to queue
[2024-05-27T16:40:21.693+0000] {logging_mixin.py:149} INFO - [2024-05-27T16:40:21.692+0000] {dagbag.py:541} INFO - Filling up the DagBag from /home/airflow/.local/lib/python3.7/site-packages/airflow/example_dags/example_trigger_target_dag.py
[2024-05-27T16:40:21.699+0000] {processor.py:809} INFO - DAG(s) dict_keys(['example_trigger_target_dag']) retrieved from /home/airflow/.local/lib/python3.7/site-packages/airflow/example_dags/example_trigger_target_dag.py
[2024-05-27T16:40:21.827+0000] {logging_mixin.py:149} INFO - [2024-05-27T16:40:21.827+0000] {manager.py:504} INFO - Created Permission View: can delete on DAG:example_trigger_target_dag
[2024-05-27T16:40:21.839+0000] {logging_mixin.py:149} INFO - [2024-05-27T16:40:21.839+0000] {manager.py:504} INFO - Created Permission View: can read on DAG:example_trigger_target_dag
[2024-05-27T16:40:21.846+0000] {logging_mixin.py:149} INFO - [2024-05-27T16:40:21.846+0000] {manager.py:504} INFO - Created Permission View: can edit on DAG:example_trigger_target_dag
[2024-05-27T16:40:21.846+0000] {logging_mixin.py:149} INFO - [2024-05-27T16:40:21.846+0000] {dag.py:2726} INFO - Sync 1 DAGs
[2024-05-27T16:40:21.858+0000] {logging_mixin.py:149} INFO - [2024-05-27T16:40:21.858+0000] {dag.py:2747} INFO - Creating ORM DAG for example_trigger_target_dag
[2024-05-27T16:40:21.867+0000] {logging_mixin.py:149} INFO - [2024-05-27T16:40:21.867+0000] {dag.py:3490} INFO - Setting next_dagrun for example_trigger_target_dag to None, run_after=None
[2024-05-27T16:40:21.887+0000] {processor.py:178} INFO - Processing /home/airflow/.local/lib/python3.7/site-packages/airflow/example_dags/example_trigger_target_dag.py took 0.202 seconds
[2024-05-27T16:40:52.630+0000] {processor.py:156} INFO - Started process (PID=120) to work on /home/airflow/.local/lib/python3.7/site-packages/airflow/example_dags/example_trigger_target_dag.py
[2024-05-27T16:40:52.631+0000] {processor.py:799} INFO - Processing file /home/airflow/.local/lib/python3.7/site-packages/airflow/example_dags/example_trigger_target_dag.py for tasks to queue
[2024-05-27T16:40:52.631+0000] {logging_mixin.py:149} INFO - [2024-05-27T16:40:52.631+0000] {dagbag.py:541} INFO - Filling up the DagBag from /home/airflow/.local/lib/python3.7/site-packages/airflow/example_dags/example_trigger_target_dag.py
[2024-05-27T16:40:52.635+0000] {processor.py:809} INFO - DAG(s) dict_keys(['example_trigger_target_dag']) retrieved from /home/airflow/.local/lib/python3.7/site-packages/airflow/example_dags/example_trigger_target_dag.py
[2024-05-27T16:40:52.649+0000] {logging_mixin.py:149} INFO - [2024-05-27T16:40:52.648+0000] {dag.py:2726} INFO - Sync 1 DAGs
[2024-05-27T16:40:52.661+0000] {logging_mixin.py:149} INFO - [2024-05-27T16:40:52.661+0000] {dag.py:3490} INFO - Setting next_dagrun for example_trigger_target_dag to None, run_after=None
[2024-05-27T16:40:52.670+0000] {processor.py:178} INFO - Processing /home/airflow/.local/lib/python3.7/site-packages/airflow/example_dags/example_trigger_target_dag.py took 0.041 seconds
[2024-05-27T16:41:22.918+0000] {processor.py:156} INFO - Started process (PID=180) to work on /home/airflow/.local/lib/python3.7/site-packages/airflow/example_dags/example_trigger_target_dag.py
[2024-05-27T16:41:22.918+0000] {processor.py:799} INFO - Processing file /home/airflow/.local/lib/python3.7/site-packages/airflow/example_dags/example_trigger_target_dag.py for tasks to queue
[2024-05-27T16:41:22.919+0000] {logging_mixin.py:149} INFO - [2024-05-27T16:41:22.919+0000] {dagbag.py:541} INFO - Filling up the DagBag from /home/airflow/.local/lib/python3.7/site-packages/airflow/example_dags/example_trigger_target_dag.py
[2024-05-27T16:41:22.922+0000] {processor.py:809} INFO - DAG(s) dict_keys(['example_trigger_target_dag']) retrieved from /home/airflow/.local/lib/python3.7/site-packages/airflow/example_dags/example_trigger_target_dag.py
[2024-05-27T16:41:22.935+0000] {logging_mixin.py:149} INFO - [2024-05-27T16:41:22.935+0000] {dag.py:2726} INFO - Sync 1 DAGs
[2024-05-27T16:41:22.948+0000] {logging_mixin.py:149} INFO - [2024-05-27T16:41:22.948+0000] {dag.py:3490} INFO - Setting next_dagrun for example_trigger_target_dag to None, run_after=None
[2024-05-27T16:41:22.957+0000] {processor.py:178} INFO - Processing /home/airflow/.local/lib/python3.7/site-packages/airflow/example_dags/example_trigger_target_dag.py took 0.041 seconds
[2024-05-27T16:41:53.962+0000] {processor.py:156} INFO - Started process (PID=240) to work on /home/airflow/.local/lib/python3.7/site-packages/airflow/example_dags/example_trigger_target_dag.py
[2024-05-27T16:41:53.963+0000] {processor.py:799} INFO - Processing file /home/airflow/.local/lib/python3.7/site-packages/airflow/example_dags/example_trigger_target_dag.py for tasks to queue
[2024-05-27T16:41:53.963+0000] {logging_mixin.py:149} INFO - [2024-05-27T16:41:53.963+0000] {dagbag.py:541} INFO - Filling up the DagBag from /home/airflow/.local/lib/python3.7/site-packages/airflow/example_dags/example_trigger_target_dag.py
[2024-05-27T16:41:53.967+0000] {processor.py:809} INFO - DAG(s) dict_keys(['example_trigger_target_dag']) retrieved from /home/airflow/.local/lib/python3.7/site-packages/airflow/example_dags/example_trigger_target_dag.py
[2024-05-27T16:41:53.980+0000] {logging_mixin.py:149} INFO - [2024-05-27T16:41:53.979+0000] {dag.py:2726} INFO - Sync 1 DAGs
[2024-05-27T16:41:53.992+0000] {logging_mixin.py:149} INFO - [2024-05-27T16:41:53.992+0000] {dag.py:3490} INFO - Setting next_dagrun for example_trigger_target_dag to None, run_after=None
[2024-05-27T16:41:54.001+0000] {processor.py:178} INFO - Processing /home/airflow/.local/lib/python3.7/site-packages/airflow/example_dags/example_trigger_target_dag.py took 0.040 seconds
[2024-05-27T16:42:24.265+0000] {processor.py:156} INFO - Started process (PID=300) to work on /home/airflow/.local/lib/python3.7/site-packages/airflow/example_dags/example_trigger_target_dag.py
[2024-05-27T16:42:24.266+0000] {processor.py:799} INFO - Processing file /home/airflow/.local/lib/python3.7/site-packages/airflow/example_dags/example_trigger_target_dag.py for tasks to queue
[2024-05-27T16:42:24.266+0000] {logging_mixin.py:149} INFO - [2024-05-27T16:42:24.266+0000] {dagbag.py:541} INFO - Filling up the DagBag from /home/airflow/.local/lib/python3.7/site-packages/airflow/example_dags/example_trigger_target_dag.py
[2024-05-27T16:42:24.270+0000] {processor.py:809} INFO - DAG(s) dict_keys(['example_trigger_target_dag']) retrieved from /home/airflow/.local/lib/python3.7/site-packages/airflow/example_dags/example_trigger_target_dag.py
[2024-05-27T16:42:24.286+0000] {logging_mixin.py:149} INFO - [2024-05-27T16:42:24.286+0000] {dag.py:2726} INFO - Sync 1 DAGs
[2024-05-27T16:42:24.299+0000] {logging_mixin.py:149} INFO - [2024-05-27T16:42:24.299+0000] {dag.py:3490} INFO - Setting next_dagrun for example_trigger_target_dag to None, run_after=None
[2024-05-27T16:42:24.308+0000] {processor.py:178} INFO - Processing /home/airflow/.local/lib/python3.7/site-packages/airflow/example_dags/example_trigger_target_dag.py took 0.045 seconds
[2024-05-27T16:42:54.395+0000] {processor.py:156} INFO - Started process (PID=360) to work on /home/airflow/.local/lib/python3.7/site-packages/airflow/example_dags/example_trigger_target_dag.py
[2024-05-27T16:42:54.395+0000] {processor.py:799} INFO - Processing file /home/airflow/.local/lib/python3.7/site-packages/airflow/example_dags/example_trigger_target_dag.py for tasks to queue
[2024-05-27T16:42:54.396+0000] {logging_mixin.py:149} INFO - [2024-05-27T16:42:54.396+0000] {dagbag.py:541} INFO - Filling up the DagBag from /home/airflow/.local/lib/python3.7/site-packages/airflow/example_dags/example_trigger_target_dag.py
[2024-05-27T16:42:54.399+0000] {processor.py:809} INFO - DAG(s) dict_keys(['example_trigger_target_dag']) retrieved from /home/airflow/.local/lib/python3.7/site-packages/airflow/example_dags/example_trigger_target_dag.py
[2024-05-27T16:42:54.412+0000] {logging_mixin.py:149} INFO - [2024-05-27T16:42:54.412+0000] {dag.py:2726} INFO - Sync 1 DAGs
[2024-05-27T16:42:54.425+0000] {logging_mixin.py:149} INFO - [2024-05-27T16:42:54.425+0000] {dag.py:3490} INFO - Setting next_dagrun for example_trigger_target_dag to None, run_after=None
[2024-05-27T16:42:54.433+0000] {processor.py:178} INFO - Processing /home/airflow/.local/lib/python3.7/site-packages/airflow/example_dags/example_trigger_target_dag.py took 0.040 seconds
[2024-05-27T16:43:25.275+0000] {processor.py:156} INFO - Started process (PID=420) to work on /home/airflow/.local/lib/python3.7/site-packages/airflow/example_dags/example_trigger_target_dag.py
[2024-05-27T16:43:25.276+0000] {processor.py:799} INFO - Processing file /home/airflow/.local/lib/python3.7/site-packages/airflow/example_dags/example_trigger_target_dag.py for tasks to queue
[2024-05-27T16:43:25.276+0000] {logging_mixin.py:149} INFO - [2024-05-27T16:43:25.276+0000] {dagbag.py:541} INFO - Filling up the DagBag from /home/airflow/.local/lib/python3.7/site-packages/airflow/example_dags/example_trigger_target_dag.py
[2024-05-27T16:43:25.280+0000] {processor.py:809} INFO - DAG(s) dict_keys(['example_trigger_target_dag']) retrieved from /home/airflow/.local/lib/python3.7/site-packages/airflow/example_dags/example_trigger_target_dag.py
[2024-05-27T16:43:25.293+0000] {logging_mixin.py:149} INFO - [2024-05-27T16:43:25.293+0000] {dag.py:2726} INFO - Sync 1 DAGs
[2024-05-27T16:43:25.306+0000] {logging_mixin.py:149} INFO - [2024-05-27T16:43:25.305+0000] {dag.py:3490} INFO - Setting next_dagrun for example_trigger_target_dag to None, run_after=None
[2024-05-27T16:43:25.314+0000] {processor.py:178} INFO - Processing /home/airflow/.local/lib/python3.7/site-packages/airflow/example_dags/example_trigger_target_dag.py took 0.041 seconds
[2024-05-27T16:43:56.129+0000] {processor.py:156} INFO - Started process (PID=480) to work on /home/airflow/.local/lib/python3.7/site-packages/airflow/example_dags/example_trigger_target_dag.py
[2024-05-27T16:43:56.129+0000] {processor.py:799} INFO - Processing file /home/airflow/.local/lib/python3.7/site-packages/airflow/example_dags/example_trigger_target_dag.py for tasks to queue
[2024-05-27T16:43:56.130+0000] {logging_mixin.py:149} INFO - [2024-05-27T16:43:56.130+0000] {dagbag.py:541} INFO - Filling up the DagBag from /home/airflow/.local/lib/python3.7/site-packages/airflow/example_dags/example_trigger_target_dag.py
[2024-05-27T16:43:56.133+0000] {processor.py:809} INFO - DAG(s) dict_keys(['example_trigger_target_dag']) retrieved from /home/airflow/.local/lib/python3.7/site-packages/airflow/example_dags/example_trigger_target_dag.py
[2024-05-27T16:43:56.146+0000] {logging_mixin.py:149} INFO - [2024-05-27T16:43:56.146+0000] {dag.py:2726} INFO - Sync 1 DAGs
[2024-05-27T16:43:56.158+0000] {logging_mixin.py:149} INFO - [2024-05-27T16:43:56.158+0000] {dag.py:3490} INFO - Setting next_dagrun for example_trigger_target_dag to None, run_after=None
[2024-05-27T16:43:56.167+0000] {processor.py:178} INFO - Processing /home/airflow/.local/lib/python3.7/site-packages/airflow/example_dags/example_trigger_target_dag.py took 0.040 seconds
[2024-05-27T16:44:27.037+0000] {processor.py:156} INFO - Started process (PID=540) to work on /home/airflow/.local/lib/python3.7/site-packages/airflow/example_dags/example_trigger_target_dag.py
[2024-05-27T16:44:27.038+0000] {processor.py:799} INFO - Processing file /home/airflow/.local/lib/python3.7/site-packages/airflow/example_dags/example_trigger_target_dag.py for tasks to queue
[2024-05-27T16:44:27.038+0000] {logging_mixin.py:149} INFO - [2024-05-27T16:44:27.038+0000] {dagbag.py:541} INFO - Filling up the DagBag from /home/airflow/.local/lib/python3.7/site-packages/airflow/example_dags/example_trigger_target_dag.py
[2024-05-27T16:44:27.042+0000] {processor.py:809} INFO - DAG(s) dict_keys(['example_trigger_target_dag']) retrieved from /home/airflow/.local/lib/python3.7/site-packages/airflow/example_dags/example_trigger_target_dag.py
[2024-05-27T16:44:27.056+0000] {logging_mixin.py:149} INFO - [2024-05-27T16:44:27.056+0000] {dag.py:2726} INFO - Sync 1 DAGs
[2024-05-27T16:44:27.069+0000] {logging_mixin.py:149} INFO - [2024-05-27T16:44:27.069+0000] {dag.py:3490} INFO - Setting next_dagrun for example_trigger_target_dag to None, run_after=None
[2024-05-27T16:44:27.078+0000] {processor.py:178} INFO - Processing /home/airflow/.local/lib/python3.7/site-packages/airflow/example_dags/example_trigger_target_dag.py took 0.043 seconds
[2024-05-27T16:44:57.172+0000] {processor.py:156} INFO - Started process (PID=600) to work on /home/airflow/.local/lib/python3.7/site-packages/airflow/example_dags/example_trigger_target_dag.py
[2024-05-27T16:44:57.173+0000] {processor.py:799} INFO - Processing file /home/airflow/.local/lib/python3.7/site-packages/airflow/example_dags/example_trigger_target_dag.py for tasks to queue
[2024-05-27T16:44:57.174+0000] {logging_mixin.py:149} INFO - [2024-05-27T16:44:57.174+0000] {dagbag.py:541} INFO - Filling up the DagBag from /home/airflow/.local/lib/python3.7/site-packages/airflow/example_dags/example_trigger_target_dag.py
[2024-05-27T16:44:57.177+0000] {processor.py:809} INFO - DAG(s) dict_keys(['example_trigger_target_dag']) retrieved from /home/airflow/.local/lib/python3.7/site-packages/airflow/example_dags/example_trigger_target_dag.py
[2024-05-27T16:44:57.189+0000] {logging_mixin.py:149} INFO - [2024-05-27T16:44:57.189+0000] {dag.py:2726} INFO - Sync 1 DAGs
[2024-05-27T16:44:57.202+0000] {logging_mixin.py:149} INFO - [2024-05-27T16:44:57.202+0000] {dag.py:3490} INFO - Setting next_dagrun for example_trigger_target_dag to None, run_after=None
[2024-05-27T16:44:57.210+0000] {processor.py:178} INFO - Processing /home/airflow/.local/lib/python3.7/site-packages/airflow/example_dags/example_trigger_target_dag.py took 0.040 seconds
[2024-05-27T16:45:28.062+0000] {processor.py:156} INFO - Started process (PID=660) to work on /home/airflow/.local/lib/python3.7/site-packages/airflow/example_dags/example_trigger_target_dag.py
[2024-05-27T16:45:28.062+0000] {processor.py:799} INFO - Processing file /home/airflow/.local/lib/python3.7/site-packages/airflow/example_dags/example_trigger_target_dag.py for tasks to queue
[2024-05-27T16:45:28.063+0000] {logging_mixin.py:149} INFO - [2024-05-27T16:45:28.063+0000] {dagbag.py:541} INFO - Filling up the DagBag from /home/airflow/.local/lib/python3.7/site-packages/airflow/example_dags/example_trigger_target_dag.py
[2024-05-27T16:45:28.066+0000] {processor.py:809} INFO - DAG(s) dict_keys(['example_trigger_target_dag']) retrieved from /home/airflow/.local/lib/python3.7/site-packages/airflow/example_dags/example_trigger_target_dag.py
[2024-05-27T16:45:28.079+0000] {logging_mixin.py:149} INFO - [2024-05-27T16:45:28.079+0000] {dag.py:2726} INFO - Sync 1 DAGs
[2024-05-27T16:45:28.091+0000] {logging_mixin.py:149} INFO - [2024-05-27T16:45:28.091+0000] {dag.py:3490} INFO - Setting next_dagrun for example_trigger_target_dag to None, run_after=None
[2024-05-27T16:45:28.100+0000] {processor.py:178} INFO - Processing /home/airflow/.local/lib/python3.7/site-packages/airflow/example_dags/example_trigger_target_dag.py took 0.040 seconds
[2024-05-27T16:45:58.851+0000] {processor.py:156} INFO - Started process (PID=720) to work on /home/airflow/.local/lib/python3.7/site-packages/airflow/example_dags/example_trigger_target_dag.py
[2024-05-27T16:45:58.851+0000] {processor.py:799} INFO - Processing file /home/airflow/.local/lib/python3.7/site-packages/airflow/example_dags/example_trigger_target_dag.py for tasks to queue
[2024-05-27T16:45:58.852+0000] {logging_mixin.py:149} INFO - [2024-05-27T16:45:58.852+0000] {dagbag.py:541} INFO - Filling up the DagBag from /home/airflow/.local/lib/python3.7/site-packages/airflow/example_dags/example_trigger_target_dag.py
[2024-05-27T16:45:58.855+0000] {processor.py:809} INFO - DAG(s) dict_keys(['example_trigger_target_dag']) retrieved from /home/airflow/.local/lib/python3.7/site-packages/airflow/example_dags/example_trigger_target_dag.py
[2024-05-27T16:45:58.869+0000] {logging_mixin.py:149} INFO - [2024-05-27T16:45:58.868+0000] {dag.py:2726} INFO - Sync 1 DAGs
[2024-05-27T16:45:58.881+0000] {logging_mixin.py:149} INFO - [2024-05-27T16:45:58.881+0000] {dag.py:3490} INFO - Setting next_dagrun for example_trigger_target_dag to None, run_after=None
[2024-05-27T16:45:58.890+0000] {processor.py:178} INFO - Processing /home/airflow/.local/lib/python3.7/site-packages/airflow/example_dags/example_trigger_target_dag.py took 0.041 seconds
[2024-05-27T16:46:29.024+0000] {processor.py:156} INFO - Started process (PID=780) to work on /home/airflow/.local/lib/python3.7/site-packages/airflow/example_dags/example_trigger_target_dag.py
[2024-05-27T16:46:29.025+0000] {processor.py:799} INFO - Processing file /home/airflow/.local/lib/python3.7/site-packages/airflow/example_dags/example_trigger_target_dag.py for tasks to queue
[2024-05-27T16:46:29.025+0000] {logging_mixin.py:149} INFO - [2024-05-27T16:46:29.025+0000] {dagbag.py:541} INFO - Filling up the DagBag from /home/airflow/.local/lib/python3.7/site-packages/airflow/example_dags/example_trigger_target_dag.py
[2024-05-27T16:46:29.029+0000] {processor.py:809} INFO - DAG(s) dict_keys(['example_trigger_target_dag']) retrieved from /home/airflow/.local/lib/python3.7/site-packages/airflow/example_dags/example_trigger_target_dag.py
[2024-05-27T16:46:29.042+0000] {logging_mixin.py:149} INFO - [2024-05-27T16:46:29.042+0000] {dag.py:2726} INFO - Sync 1 DAGs
[2024-05-27T16:46:29.055+0000] {logging_mixin.py:149} INFO - [2024-05-27T16:46:29.055+0000] {dag.py:3490} INFO - Setting next_dagrun for example_trigger_target_dag to None, run_after=None
[2024-05-27T16:46:29.063+0000] {processor.py:178} INFO - Processing /home/airflow/.local/lib/python3.7/site-packages/airflow/example_dags/example_trigger_target_dag.py took 0.041 seconds
[2024-05-27T16:46:59.872+0000] {processor.py:156} INFO - Started process (PID=840) to work on /home/airflow/.local/lib/python3.7/site-packages/airflow/example_dags/example_trigger_target_dag.py
[2024-05-27T16:46:59.873+0000] {processor.py:799} INFO - Processing file /home/airflow/.local/lib/python3.7/site-packages/airflow/example_dags/example_trigger_target_dag.py for tasks to queue
[2024-05-27T16:46:59.873+0000] {logging_mixin.py:149} INFO - [2024-05-27T16:46:59.873+0000] {dagbag.py:541} INFO - Filling up the DagBag from /home/airflow/.local/lib/python3.7/site-packages/airflow/example_dags/example_trigger_target_dag.py
[2024-05-27T16:46:59.876+0000] {processor.py:809} INFO - DAG(s) dict_keys(['example_trigger_target_dag']) retrieved from /home/airflow/.local/lib/python3.7/site-packages/airflow/example_dags/example_trigger_target_dag.py
[2024-05-27T16:46:59.890+0000] {logging_mixin.py:149} INFO - [2024-05-27T16:46:59.890+0000] {dag.py:2726} INFO - Sync 1 DAGs
[2024-05-27T16:46:59.902+0000] {logging_mixin.py:149} INFO - [2024-05-27T16:46:59.902+0000] {dag.py:3490} INFO - Setting next_dagrun for example_trigger_target_dag to None, run_after=None
[2024-05-27T16:46:59.912+0000] {processor.py:178} INFO - Processing /home/airflow/.local/lib/python3.7/site-packages/airflow/example_dags/example_trigger_target_dag.py took 0.041 seconds
[2024-05-27T16:47:30.655+0000] {processor.py:156} INFO - Started process (PID=900) to work on /home/airflow/.local/lib/python3.7/site-packages/airflow/example_dags/example_trigger_target_dag.py
[2024-05-27T16:47:30.656+0000] {processor.py:799} INFO - Processing file /home/airflow/.local/lib/python3.7/site-packages/airflow/example_dags/example_trigger_target_dag.py for tasks to queue
[2024-05-27T16:47:30.656+0000] {logging_mixin.py:149} INFO - [2024-05-27T16:47:30.656+0000] {dagbag.py:541} INFO - Filling up the DagBag from /home/airflow/.local/lib/python3.7/site-packages/airflow/example_dags/example_trigger_target_dag.py
[2024-05-27T16:47:30.659+0000] {processor.py:809} INFO - DAG(s) dict_keys(['example_trigger_target_dag']) retrieved from /home/airflow/.local/lib/python3.7/site-packages/airflow/example_dags/example_trigger_target_dag.py
[2024-05-27T16:47:30.678+0000] {logging_mixin.py:149} INFO - [2024-05-27T16:47:30.677+0000] {dag.py:2726} INFO - Sync 1 DAGs
[2024-05-27T16:47:30.690+0000] {logging_mixin.py:149} INFO - [2024-05-27T16:47:30.690+0000] {dag.py:3490} INFO - Setting next_dagrun for example_trigger_target_dag to None, run_after=None
[2024-05-27T16:47:30.699+0000] {processor.py:178} INFO - Processing /home/airflow/.local/lib/python3.7/site-packages/airflow/example_dags/example_trigger_target_dag.py took 0.046 seconds
[2024-05-27T16:48:01.421+0000] {processor.py:156} INFO - Started process (PID=960) to work on /home/airflow/.local/lib/python3.7/site-packages/airflow/example_dags/example_trigger_target_dag.py
[2024-05-27T16:48:01.422+0000] {processor.py:799} INFO - Processing file /home/airflow/.local/lib/python3.7/site-packages/airflow/example_dags/example_trigger_target_dag.py for tasks to queue
[2024-05-27T16:48:01.422+0000] {logging_mixin.py:149} INFO - [2024-05-27T16:48:01.422+0000] {dagbag.py:541} INFO - Filling up the DagBag from /home/airflow/.local/lib/python3.7/site-packages/airflow/example_dags/example_trigger_target_dag.py
[2024-05-27T16:48:01.425+0000] {processor.py:809} INFO - DAG(s) dict_keys(['example_trigger_target_dag']) retrieved from /home/airflow/.local/lib/python3.7/site-packages/airflow/example_dags/example_trigger_target_dag.py
[2024-05-27T16:48:01.438+0000] {logging_mixin.py:149} INFO - [2024-05-27T16:48:01.438+0000] {dag.py:2726} INFO - Sync 1 DAGs
[2024-05-27T16:48:01.452+0000] {logging_mixin.py:149} INFO - [2024-05-27T16:48:01.452+0000] {dag.py:3490} INFO - Setting next_dagrun for example_trigger_target_dag to None, run_after=None
[2024-05-27T16:48:01.461+0000] {processor.py:178} INFO - Processing /home/airflow/.local/lib/python3.7/site-packages/airflow/example_dags/example_trigger_target_dag.py took 0.042 seconds
[2024-05-27T16:48:32.175+0000] {processor.py:156} INFO - Started process (PID=1020) to work on /home/airflow/.local/lib/python3.7/site-packages/airflow/example_dags/example_trigger_target_dag.py
[2024-05-27T16:48:32.176+0000] {processor.py:799} INFO - Processing file /home/airflow/.local/lib/python3.7/site-packages/airflow/example_dags/example_trigger_target_dag.py for tasks to queue
[2024-05-27T16:48:32.176+0000] {logging_mixin.py:149} INFO - [2024-05-27T16:48:32.176+0000] {dagbag.py:541} INFO - Filling up the DagBag from /home/airflow/.local/lib/python3.7/site-packages/airflow/example_dags/example_trigger_target_dag.py
[2024-05-27T16:48:32.180+0000] {processor.py:809} INFO - DAG(s) dict_keys(['example_trigger_target_dag']) retrieved from /home/airflow/.local/lib/python3.7/site-packages/airflow/example_dags/example_trigger_target_dag.py
[2024-05-27T16:48:32.193+0000] {logging_mixin.py:149} INFO - [2024-05-27T16:48:32.193+0000] {dag.py:2726} INFO - Sync 1 DAGs
[2024-05-27T16:48:32.206+0000] {logging_mixin.py:149} INFO - [2024-05-27T16:48:32.206+0000] {dag.py:3490} INFO - Setting next_dagrun for example_trigger_target_dag to None, run_after=None
[2024-05-27T16:48:32.215+0000] {processor.py:178} INFO - Processing /home/airflow/.local/lib/python3.7/site-packages/airflow/example_dags/example_trigger_target_dag.py took 0.041 seconds
[2024-05-27T16:49:02.906+0000] {processor.py:156} INFO - Started process (PID=1080) to work on /home/airflow/.local/lib/python3.7/site-packages/airflow/example_dags/example_trigger_target_dag.py
[2024-05-27T16:49:02.906+0000] {processor.py:799} INFO - Processing file /home/airflow/.local/lib/python3.7/site-packages/airflow/example_dags/example_trigger_target_dag.py for tasks to queue
[2024-05-27T16:49:02.906+0000] {logging_mixin.py:149} INFO - [2024-05-27T16:49:02.906+0000] {dagbag.py:541} INFO - Filling up the DagBag from /home/airflow/.local/lib/python3.7/site-packages/airflow/example_dags/example_trigger_target_dag.py
[2024-05-27T16:49:02.910+0000] {processor.py:809} INFO - DAG(s) dict_keys(['example_trigger_target_dag']) retrieved from /home/airflow/.local/lib/python3.7/site-packages/airflow/example_dags/example_trigger_target_dag.py
[2024-05-27T16:49:02.923+0000] {logging_mixin.py:149} INFO - [2024-05-27T16:49:02.923+0000] {dag.py:2726} INFO - Sync 1 DAGs
[2024-05-27T16:49:02.936+0000] {logging_mixin.py:149} INFO - [2024-05-27T16:49:02.935+0000] {dag.py:3490} INFO - Setting next_dagrun for example_trigger_target_dag to None, run_after=None
[2024-05-27T16:49:02.944+0000] {processor.py:178} INFO - Processing /home/airflow/.local/lib/python3.7/site-packages/airflow/example_dags/example_trigger_target_dag.py took 0.041 seconds
[2024-05-27T16:50:02.985+0000] {processor.py:156} INFO - Started process (PID=1140) to work on /home/airflow/.local/lib/python3.7/site-packages/airflow/example_dags/example_trigger_target_dag.py
[2024-05-27T16:50:02.986+0000] {processor.py:799} INFO - Processing file /home/airflow/.local/lib/python3.7/site-packages/airflow/example_dags/example_trigger_target_dag.py for tasks to queue
[2024-05-27T16:50:02.986+0000] {logging_mixin.py:149} INFO - [2024-05-27T16:50:02.986+0000] {dagbag.py:541} INFO - Filling up the DagBag from /home/airflow/.local/lib/python3.7/site-packages/airflow/example_dags/example_trigger_target_dag.py
[2024-05-27T16:50:02.989+0000] {processor.py:809} INFO - DAG(s) dict_keys(['example_trigger_target_dag']) retrieved from /home/airflow/.local/lib/python3.7/site-packages/airflow/example_dags/example_trigger_target_dag.py
[2024-05-27T16:50:03.001+0000] {logging_mixin.py:149} INFO - [2024-05-27T16:50:03.001+0000] {dag.py:2726} INFO - Sync 1 DAGs
[2024-05-27T16:50:03.013+0000] {logging_mixin.py:149} INFO - [2024-05-27T16:50:03.013+0000] {dag.py:3490} INFO - Setting next_dagrun for example_trigger_target_dag to None, run_after=None
[2024-05-27T16:50:03.021+0000] {processor.py:178} INFO - Processing /home/airflow/.local/lib/python3.7/site-packages/airflow/example_dags/example_trigger_target_dag.py took 0.038 seconds
[2024-05-27T16:50:33.204+0000] {processor.py:156} INFO - Started process (PID=1201) to work on /home/airflow/.local/lib/python3.7/site-packages/airflow/example_dags/example_trigger_target_dag.py
[2024-05-27T16:50:33.204+0000] {processor.py:799} INFO - Processing file /home/airflow/.local/lib/python3.7/site-packages/airflow/example_dags/example_trigger_target_dag.py for tasks to queue
[2024-05-27T16:50:33.205+0000] {logging_mixin.py:149} INFO - [2024-05-27T16:50:33.205+0000] {dagbag.py:541} INFO - Filling up the DagBag from /home/airflow/.local/lib/python3.7/site-packages/airflow/example_dags/example_trigger_target_dag.py
[2024-05-27T16:50:33.208+0000] {processor.py:809} INFO - DAG(s) dict_keys(['example_trigger_target_dag']) retrieved from /home/airflow/.local/lib/python3.7/site-packages/airflow/example_dags/example_trigger_target_dag.py
[2024-05-27T16:50:33.222+0000] {logging_mixin.py:149} INFO - [2024-05-27T16:50:33.221+0000] {dag.py:2726} INFO - Sync 1 DAGs
[2024-05-27T16:50:33.234+0000] {logging_mixin.py:149} INFO - [2024-05-27T16:50:33.234+0000] {dag.py:3490} INFO - Setting next_dagrun for example_trigger_target_dag to None, run_after=None
[2024-05-27T16:50:33.242+0000] {processor.py:178} INFO - Processing /home/airflow/.local/lib/python3.7/site-packages/airflow/example_dags/example_trigger_target_dag.py took 0.040 seconds
[2024-05-27T16:51:03.347+0000] {processor.py:156} INFO - Started process (PID=1262) to work on /home/airflow/.local/lib/python3.7/site-packages/airflow/example_dags/example_trigger_target_dag.py
[2024-05-27T16:51:03.348+0000] {processor.py:799} INFO - Processing file /home/airflow/.local/lib/python3.7/site-packages/airflow/example_dags/example_trigger_target_dag.py for tasks to queue
[2024-05-27T16:51:03.349+0000] {logging_mixin.py:149} INFO - [2024-05-27T16:51:03.349+0000] {dagbag.py:541} INFO - Filling up the DagBag from /home/airflow/.local/lib/python3.7/site-packages/airflow/example_dags/example_trigger_target_dag.py
[2024-05-27T16:51:03.352+0000] {processor.py:809} INFO - DAG(s) dict_keys(['example_trigger_target_dag']) retrieved from /home/airflow/.local/lib/python3.7/site-packages/airflow/example_dags/example_trigger_target_dag.py
[2024-05-27T16:51:03.363+0000] {logging_mixin.py:149} INFO - [2024-05-27T16:51:03.363+0000] {dag.py:2726} INFO - Sync 1 DAGs
[2024-05-27T16:51:03.375+0000] {logging_mixin.py:149} INFO - [2024-05-27T16:51:03.374+0000] {dag.py:3490} INFO - Setting next_dagrun for example_trigger_target_dag to None, run_after=None
[2024-05-27T16:51:03.383+0000] {processor.py:178} INFO - Processing /home/airflow/.local/lib/python3.7/site-packages/airflow/example_dags/example_trigger_target_dag.py took 0.038 seconds
[2024-05-27T16:51:34.528+0000] {processor.py:156} INFO - Started process (PID=1323) to work on /home/airflow/.local/lib/python3.7/site-packages/airflow/example_dags/example_trigger_target_dag.py
[2024-05-27T16:51:34.528+0000] {processor.py:799} INFO - Processing file /home/airflow/.local/lib/python3.7/site-packages/airflow/example_dags/example_trigger_target_dag.py for tasks to queue
[2024-05-27T16:51:34.529+0000] {logging_mixin.py:149} INFO - [2024-05-27T16:51:34.529+0000] {dagbag.py:541} INFO - Filling up the DagBag from /home/airflow/.local/lib/python3.7/site-packages/airflow/example_dags/example_trigger_target_dag.py
[2024-05-27T16:51:34.532+0000] {processor.py:809} INFO - DAG(s) dict_keys(['example_trigger_target_dag']) retrieved from /home/airflow/.local/lib/python3.7/site-packages/airflow/example_dags/example_trigger_target_dag.py
[2024-05-27T16:51:34.544+0000] {logging_mixin.py:149} INFO - [2024-05-27T16:51:34.544+0000] {dag.py:2726} INFO - Sync 1 DAGs
[2024-05-27T16:51:34.556+0000] {logging_mixin.py:149} INFO - [2024-05-27T16:51:34.556+0000] {dag.py:3490} INFO - Setting next_dagrun for example_trigger_target_dag to None, run_after=None
[2024-05-27T16:51:34.564+0000] {processor.py:178} INFO - Processing /home/airflow/.local/lib/python3.7/site-packages/airflow/example_dags/example_trigger_target_dag.py took 0.039 seconds
[2024-05-27T16:52:19.935+0000] {processor.py:156} INFO - Started process (PID=1411) to work on /home/airflow/.local/lib/python3.7/site-packages/airflow/example_dags/example_trigger_target_dag.py
[2024-05-27T16:52:19.938+0000] {processor.py:799} INFO - Processing file /home/airflow/.local/lib/python3.7/site-packages/airflow/example_dags/example_trigger_target_dag.py for tasks to queue
[2024-05-27T16:52:19.939+0000] {logging_mixin.py:149} INFO - [2024-05-27T16:52:19.939+0000] {dagbag.py:541} INFO - Filling up the DagBag from /home/airflow/.local/lib/python3.7/site-packages/airflow/example_dags/example_trigger_target_dag.py
[2024-05-27T16:52:19.950+0000] {processor.py:809} INFO - DAG(s) dict_keys(['example_trigger_target_dag']) retrieved from /home/airflow/.local/lib/python3.7/site-packages/airflow/example_dags/example_trigger_target_dag.py
[2024-05-27T16:52:19.992+0000] {logging_mixin.py:149} INFO - [2024-05-27T16:52:19.991+0000] {dag.py:2726} INFO - Sync 1 DAGs
[2024-05-27T16:52:20.021+0000] {logging_mixin.py:149} INFO - [2024-05-27T16:52:20.021+0000] {dag.py:3490} INFO - Setting next_dagrun for example_trigger_target_dag to None, run_after=None
[2024-05-27T16:52:20.049+0000] {processor.py:178} INFO - Processing /home/airflow/.local/lib/python3.7/site-packages/airflow/example_dags/example_trigger_target_dag.py took 0.118 seconds
