[2024-05-27T16:40:19.193+0000] {processor.py:156} INFO - Started process (PID=36) to work on /home/airflow/.local/lib/python3.7/site-packages/airflow/example_dags/example_short_circuit_decorator.py
[2024-05-27T16:40:19.198+0000] {processor.py:799} INFO - Processing file /home/airflow/.local/lib/python3.7/site-packages/airflow/example_dags/example_short_circuit_decorator.py for tasks to queue
[2024-05-27T16:40:19.199+0000] {logging_mixin.py:149} INFO - [2024-05-27T16:40:19.198+0000] {dagbag.py:541} INFO - Filling up the DagBag from /home/airflow/.local/lib/python3.7/site-packages/airflow/example_dags/example_short_circuit_decorator.py
[2024-05-27T16:40:19.207+0000] {processor.py:809} INFO - DAG(s) dict_keys(['example_short_circuit_decorator']) retrieved from /home/airflow/.local/lib/python3.7/site-packages/airflow/example_dags/example_short_circuit_decorator.py
[2024-05-27T16:40:19.273+0000] {logging_mixin.py:149} INFO - [2024-05-27T16:40:19.273+0000] {manager.py:504} INFO - Created Permission View: can delete on DAG:example_short_circuit_decorator
[2024-05-27T16:40:19.278+0000] {logging_mixin.py:149} INFO - [2024-05-27T16:40:19.278+0000] {manager.py:504} INFO - Created Permission View: can read on DAG:example_short_circuit_decorator
[2024-05-27T16:40:19.282+0000] {logging_mixin.py:149} INFO - [2024-05-27T16:40:19.282+0000] {manager.py:504} INFO - Created Permission View: can edit on DAG:example_short_circuit_decorator
[2024-05-27T16:40:19.282+0000] {logging_mixin.py:149} INFO - [2024-05-27T16:40:19.282+0000] {dag.py:2726} INFO - Sync 1 DAGs
[2024-05-27T16:40:19.289+0000] {logging_mixin.py:149} INFO - [2024-05-27T16:40:19.289+0000] {dag.py:2747} INFO - Creating ORM DAG for example_short_circuit_decorator
[2024-05-27T16:40:19.295+0000] {logging_mixin.py:149} INFO - [2024-05-27T16:40:19.295+0000] {dag.py:3490} INFO - Setting next_dagrun for example_short_circuit_decorator to 2024-05-26T16:40:19.295357+00:00, run_after=2024-05-27T16:40:19.295357+00:00
[2024-05-27T16:40:19.305+0000] {processor.py:178} INFO - Processing /home/airflow/.local/lib/python3.7/site-packages/airflow/example_dags/example_short_circuit_decorator.py took 0.119 seconds
[2024-05-27T16:40:49.715+0000] {processor.py:156} INFO - Started process (PID=96) to work on /home/airflow/.local/lib/python3.7/site-packages/airflow/example_dags/example_short_circuit_decorator.py
[2024-05-27T16:40:49.716+0000] {processor.py:799} INFO - Processing file /home/airflow/.local/lib/python3.7/site-packages/airflow/example_dags/example_short_circuit_decorator.py for tasks to queue
[2024-05-27T16:40:49.716+0000] {logging_mixin.py:149} INFO - [2024-05-27T16:40:49.716+0000] {dagbag.py:541} INFO - Filling up the DagBag from /home/airflow/.local/lib/python3.7/site-packages/airflow/example_dags/example_short_circuit_decorator.py
[2024-05-27T16:40:49.723+0000] {processor.py:809} INFO - DAG(s) dict_keys(['example_short_circuit_decorator']) retrieved from /home/airflow/.local/lib/python3.7/site-packages/airflow/example_dags/example_short_circuit_decorator.py
[2024-05-27T16:40:49.739+0000] {logging_mixin.py:149} INFO - [2024-05-27T16:40:49.739+0000] {dag.py:2726} INFO - Sync 1 DAGs
[2024-05-27T16:40:49.753+0000] {logging_mixin.py:149} INFO - [2024-05-27T16:40:49.753+0000] {dag.py:3490} INFO - Setting next_dagrun for example_short_circuit_decorator to 2024-05-26T16:40:49.753238+00:00, run_after=2024-05-27T16:40:49.753238+00:00
[2024-05-27T16:40:49.762+0000] {processor.py:178} INFO - Processing /home/airflow/.local/lib/python3.7/site-packages/airflow/example_dags/example_short_circuit_decorator.py took 0.050 seconds
[2024-05-27T16:41:19.905+0000] {processor.py:156} INFO - Started process (PID=156) to work on /home/airflow/.local/lib/python3.7/site-packages/airflow/example_dags/example_short_circuit_decorator.py
[2024-05-27T16:41:19.906+0000] {processor.py:799} INFO - Processing file /home/airflow/.local/lib/python3.7/site-packages/airflow/example_dags/example_short_circuit_decorator.py for tasks to queue
[2024-05-27T16:41:19.906+0000] {logging_mixin.py:149} INFO - [2024-05-27T16:41:19.906+0000] {dagbag.py:541} INFO - Filling up the DagBag from /home/airflow/.local/lib/python3.7/site-packages/airflow/example_dags/example_short_circuit_decorator.py
[2024-05-27T16:41:19.915+0000] {processor.py:809} INFO - DAG(s) dict_keys(['example_short_circuit_decorator']) retrieved from /home/airflow/.local/lib/python3.7/site-packages/airflow/example_dags/example_short_circuit_decorator.py
[2024-05-27T16:41:19.933+0000] {logging_mixin.py:149} INFO - [2024-05-27T16:41:19.932+0000] {dag.py:2726} INFO - Sync 1 DAGs
[2024-05-27T16:41:19.947+0000] {logging_mixin.py:149} INFO - [2024-05-27T16:41:19.947+0000] {dag.py:3490} INFO - Setting next_dagrun for example_short_circuit_decorator to 2024-05-26T16:41:19.947340+00:00, run_after=2024-05-27T16:41:19.947340+00:00
[2024-05-27T16:41:19.957+0000] {processor.py:178} INFO - Processing /home/airflow/.local/lib/python3.7/site-packages/airflow/example_dags/example_short_circuit_decorator.py took 0.055 seconds
[2024-05-27T16:41:50.038+0000] {processor.py:156} INFO - Started process (PID=216) to work on /home/airflow/.local/lib/python3.7/site-packages/airflow/example_dags/example_short_circuit_decorator.py
[2024-05-27T16:41:50.039+0000] {processor.py:799} INFO - Processing file /home/airflow/.local/lib/python3.7/site-packages/airflow/example_dags/example_short_circuit_decorator.py for tasks to queue
[2024-05-27T16:41:50.039+0000] {logging_mixin.py:149} INFO - [2024-05-27T16:41:50.039+0000] {dagbag.py:541} INFO - Filling up the DagBag from /home/airflow/.local/lib/python3.7/site-packages/airflow/example_dags/example_short_circuit_decorator.py
[2024-05-27T16:41:50.045+0000] {processor.py:809} INFO - DAG(s) dict_keys(['example_short_circuit_decorator']) retrieved from /home/airflow/.local/lib/python3.7/site-packages/airflow/example_dags/example_short_circuit_decorator.py
[2024-05-27T16:41:50.060+0000] {logging_mixin.py:149} INFO - [2024-05-27T16:41:50.060+0000] {dag.py:2726} INFO - Sync 1 DAGs
[2024-05-27T16:41:50.073+0000] {logging_mixin.py:149} INFO - [2024-05-27T16:41:50.073+0000] {dag.py:3490} INFO - Setting next_dagrun for example_short_circuit_decorator to 2024-05-26T16:41:50.073285+00:00, run_after=2024-05-27T16:41:50.073285+00:00
[2024-05-27T16:41:50.082+0000] {processor.py:178} INFO - Processing /home/airflow/.local/lib/python3.7/site-packages/airflow/example_dags/example_short_circuit_decorator.py took 0.046 seconds
[2024-05-27T16:42:20.343+0000] {processor.py:156} INFO - Started process (PID=276) to work on /home/airflow/.local/lib/python3.7/site-packages/airflow/example_dags/example_short_circuit_decorator.py
[2024-05-27T16:42:20.344+0000] {processor.py:799} INFO - Processing file /home/airflow/.local/lib/python3.7/site-packages/airflow/example_dags/example_short_circuit_decorator.py for tasks to queue
[2024-05-27T16:42:20.344+0000] {logging_mixin.py:149} INFO - [2024-05-27T16:42:20.344+0000] {dagbag.py:541} INFO - Filling up the DagBag from /home/airflow/.local/lib/python3.7/site-packages/airflow/example_dags/example_short_circuit_decorator.py
[2024-05-27T16:42:20.350+0000] {processor.py:809} INFO - DAG(s) dict_keys(['example_short_circuit_decorator']) retrieved from /home/airflow/.local/lib/python3.7/site-packages/airflow/example_dags/example_short_circuit_decorator.py
[2024-05-27T16:42:20.364+0000] {logging_mixin.py:149} INFO - [2024-05-27T16:42:20.364+0000] {dag.py:2726} INFO - Sync 1 DAGs
[2024-05-27T16:42:20.377+0000] {logging_mixin.py:149} INFO - [2024-05-27T16:42:20.377+0000] {dag.py:3490} INFO - Setting next_dagrun for example_short_circuit_decorator to 2024-05-26T16:42:20.377436+00:00, run_after=2024-05-27T16:42:20.377436+00:00
[2024-05-27T16:42:20.386+0000] {processor.py:178} INFO - Processing /home/airflow/.local/lib/python3.7/site-packages/airflow/example_dags/example_short_circuit_decorator.py took 0.045 seconds
[2024-05-27T16:42:50.601+0000] {processor.py:156} INFO - Started process (PID=336) to work on /home/airflow/.local/lib/python3.7/site-packages/airflow/example_dags/example_short_circuit_decorator.py
[2024-05-27T16:42:50.602+0000] {processor.py:799} INFO - Processing file /home/airflow/.local/lib/python3.7/site-packages/airflow/example_dags/example_short_circuit_decorator.py for tasks to queue
[2024-05-27T16:42:50.602+0000] {logging_mixin.py:149} INFO - [2024-05-27T16:42:50.602+0000] {dagbag.py:541} INFO - Filling up the DagBag from /home/airflow/.local/lib/python3.7/site-packages/airflow/example_dags/example_short_circuit_decorator.py
[2024-05-27T16:42:50.608+0000] {processor.py:809} INFO - DAG(s) dict_keys(['example_short_circuit_decorator']) retrieved from /home/airflow/.local/lib/python3.7/site-packages/airflow/example_dags/example_short_circuit_decorator.py
[2024-05-27T16:42:50.622+0000] {logging_mixin.py:149} INFO - [2024-05-27T16:42:50.622+0000] {dag.py:2726} INFO - Sync 1 DAGs
[2024-05-27T16:42:50.635+0000] {logging_mixin.py:149} INFO - [2024-05-27T16:42:50.635+0000] {dag.py:3490} INFO - Setting next_dagrun for example_short_circuit_decorator to 2024-05-26T16:42:50.634902+00:00, run_after=2024-05-27T16:42:50.634902+00:00
[2024-05-27T16:42:50.643+0000] {processor.py:178} INFO - Processing /home/airflow/.local/lib/python3.7/site-packages/airflow/example_dags/example_short_circuit_decorator.py took 0.044 seconds
[2024-05-27T16:43:21.385+0000] {processor.py:156} INFO - Started process (PID=396) to work on /home/airflow/.local/lib/python3.7/site-packages/airflow/example_dags/example_short_circuit_decorator.py
[2024-05-27T16:43:21.386+0000] {processor.py:799} INFO - Processing file /home/airflow/.local/lib/python3.7/site-packages/airflow/example_dags/example_short_circuit_decorator.py for tasks to queue
[2024-05-27T16:43:21.386+0000] {logging_mixin.py:149} INFO - [2024-05-27T16:43:21.386+0000] {dagbag.py:541} INFO - Filling up the DagBag from /home/airflow/.local/lib/python3.7/site-packages/airflow/example_dags/example_short_circuit_decorator.py
[2024-05-27T16:43:21.392+0000] {processor.py:809} INFO - DAG(s) dict_keys(['example_short_circuit_decorator']) retrieved from /home/airflow/.local/lib/python3.7/site-packages/airflow/example_dags/example_short_circuit_decorator.py
[2024-05-27T16:43:21.407+0000] {logging_mixin.py:149} INFO - [2024-05-27T16:43:21.406+0000] {dag.py:2726} INFO - Sync 1 DAGs
[2024-05-27T16:43:21.419+0000] {logging_mixin.py:149} INFO - [2024-05-27T16:43:21.419+0000] {dag.py:3490} INFO - Setting next_dagrun for example_short_circuit_decorator to 2024-05-26T16:43:21.419195+00:00, run_after=2024-05-27T16:43:21.419195+00:00
[2024-05-27T16:43:21.428+0000] {processor.py:178} INFO - Processing /home/airflow/.local/lib/python3.7/site-packages/airflow/example_dags/example_short_circuit_decorator.py took 0.045 seconds
[2024-05-27T16:43:52.300+0000] {processor.py:156} INFO - Started process (PID=456) to work on /home/airflow/.local/lib/python3.7/site-packages/airflow/example_dags/example_short_circuit_decorator.py
[2024-05-27T16:43:52.301+0000] {processor.py:799} INFO - Processing file /home/airflow/.local/lib/python3.7/site-packages/airflow/example_dags/example_short_circuit_decorator.py for tasks to queue
[2024-05-27T16:43:52.301+0000] {logging_mixin.py:149} INFO - [2024-05-27T16:43:52.301+0000] {dagbag.py:541} INFO - Filling up the DagBag from /home/airflow/.local/lib/python3.7/site-packages/airflow/example_dags/example_short_circuit_decorator.py
[2024-05-27T16:43:52.307+0000] {processor.py:809} INFO - DAG(s) dict_keys(['example_short_circuit_decorator']) retrieved from /home/airflow/.local/lib/python3.7/site-packages/airflow/example_dags/example_short_circuit_decorator.py
[2024-05-27T16:43:52.322+0000] {logging_mixin.py:149} INFO - [2024-05-27T16:43:52.322+0000] {dag.py:2726} INFO - Sync 1 DAGs
[2024-05-27T16:43:52.338+0000] {logging_mixin.py:149} INFO - [2024-05-27T16:43:52.338+0000] {dag.py:3490} INFO - Setting next_dagrun for example_short_circuit_decorator to 2024-05-26T16:43:52.337898+00:00, run_after=2024-05-27T16:43:52.337898+00:00
[2024-05-27T16:43:52.348+0000] {processor.py:178} INFO - Processing /home/airflow/.local/lib/python3.7/site-packages/airflow/example_dags/example_short_circuit_decorator.py took 0.050 seconds
[2024-05-27T16:44:23.145+0000] {processor.py:156} INFO - Started process (PID=516) to work on /home/airflow/.local/lib/python3.7/site-packages/airflow/example_dags/example_short_circuit_decorator.py
[2024-05-27T16:44:23.146+0000] {processor.py:799} INFO - Processing file /home/airflow/.local/lib/python3.7/site-packages/airflow/example_dags/example_short_circuit_decorator.py for tasks to queue
[2024-05-27T16:44:23.147+0000] {logging_mixin.py:149} INFO - [2024-05-27T16:44:23.147+0000] {dagbag.py:541} INFO - Filling up the DagBag from /home/airflow/.local/lib/python3.7/site-packages/airflow/example_dags/example_short_circuit_decorator.py
[2024-05-27T16:44:23.153+0000] {processor.py:809} INFO - DAG(s) dict_keys(['example_short_circuit_decorator']) retrieved from /home/airflow/.local/lib/python3.7/site-packages/airflow/example_dags/example_short_circuit_decorator.py
[2024-05-27T16:44:23.168+0000] {logging_mixin.py:149} INFO - [2024-05-27T16:44:23.168+0000] {dag.py:2726} INFO - Sync 1 DAGs
[2024-05-27T16:44:23.181+0000] {logging_mixin.py:149} INFO - [2024-05-27T16:44:23.181+0000] {dag.py:3490} INFO - Setting next_dagrun for example_short_circuit_decorator to 2024-05-26T16:44:23.181007+00:00, run_after=2024-05-27T16:44:23.181007+00:00
[2024-05-27T16:44:23.190+0000] {processor.py:178} INFO - Processing /home/airflow/.local/lib/python3.7/site-packages/airflow/example_dags/example_short_circuit_decorator.py took 0.047 seconds
[2024-05-27T16:44:53.288+0000] {processor.py:156} INFO - Started process (PID=576) to work on /home/airflow/.local/lib/python3.7/site-packages/airflow/example_dags/example_short_circuit_decorator.py
[2024-05-27T16:44:53.288+0000] {processor.py:799} INFO - Processing file /home/airflow/.local/lib/python3.7/site-packages/airflow/example_dags/example_short_circuit_decorator.py for tasks to queue
[2024-05-27T16:44:53.289+0000] {logging_mixin.py:149} INFO - [2024-05-27T16:44:53.289+0000] {dagbag.py:541} INFO - Filling up the DagBag from /home/airflow/.local/lib/python3.7/site-packages/airflow/example_dags/example_short_circuit_decorator.py
[2024-05-27T16:44:53.294+0000] {processor.py:809} INFO - DAG(s) dict_keys(['example_short_circuit_decorator']) retrieved from /home/airflow/.local/lib/python3.7/site-packages/airflow/example_dags/example_short_circuit_decorator.py
[2024-05-27T16:44:53.309+0000] {logging_mixin.py:149} INFO - [2024-05-27T16:44:53.308+0000] {dag.py:2726} INFO - Sync 1 DAGs
[2024-05-27T16:44:53.321+0000] {logging_mixin.py:149} INFO - [2024-05-27T16:44:53.321+0000] {dag.py:3490} INFO - Setting next_dagrun for example_short_circuit_decorator to 2024-05-26T16:44:53.321213+00:00, run_after=2024-05-27T16:44:53.321213+00:00
[2024-05-27T16:44:53.330+0000] {processor.py:178} INFO - Processing /home/airflow/.local/lib/python3.7/site-packages/airflow/example_dags/example_short_circuit_decorator.py took 0.044 seconds
[2024-05-27T16:45:24.270+0000] {processor.py:156} INFO - Started process (PID=636) to work on /home/airflow/.local/lib/python3.7/site-packages/airflow/example_dags/example_short_circuit_decorator.py
[2024-05-27T16:45:24.271+0000] {processor.py:799} INFO - Processing file /home/airflow/.local/lib/python3.7/site-packages/airflow/example_dags/example_short_circuit_decorator.py for tasks to queue
[2024-05-27T16:45:24.271+0000] {logging_mixin.py:149} INFO - [2024-05-27T16:45:24.271+0000] {dagbag.py:541} INFO - Filling up the DagBag from /home/airflow/.local/lib/python3.7/site-packages/airflow/example_dags/example_short_circuit_decorator.py
[2024-05-27T16:45:24.277+0000] {processor.py:809} INFO - DAG(s) dict_keys(['example_short_circuit_decorator']) retrieved from /home/airflow/.local/lib/python3.7/site-packages/airflow/example_dags/example_short_circuit_decorator.py
[2024-05-27T16:45:24.290+0000] {logging_mixin.py:149} INFO - [2024-05-27T16:45:24.290+0000] {dag.py:2726} INFO - Sync 1 DAGs
[2024-05-27T16:45:24.302+0000] {logging_mixin.py:149} INFO - [2024-05-27T16:45:24.302+0000] {dag.py:3490} INFO - Setting next_dagrun for example_short_circuit_decorator to 2024-05-26T16:45:24.302745+00:00, run_after=2024-05-27T16:45:24.302745+00:00
[2024-05-27T16:45:24.311+0000] {processor.py:178} INFO - Processing /home/airflow/.local/lib/python3.7/site-packages/airflow/example_dags/example_short_circuit_decorator.py took 0.043 seconds
[2024-05-27T16:45:55.034+0000] {processor.py:156} INFO - Started process (PID=696) to work on /home/airflow/.local/lib/python3.7/site-packages/airflow/example_dags/example_short_circuit_decorator.py
[2024-05-27T16:45:55.035+0000] {processor.py:799} INFO - Processing file /home/airflow/.local/lib/python3.7/site-packages/airflow/example_dags/example_short_circuit_decorator.py for tasks to queue
[2024-05-27T16:45:55.035+0000] {logging_mixin.py:149} INFO - [2024-05-27T16:45:55.035+0000] {dagbag.py:541} INFO - Filling up the DagBag from /home/airflow/.local/lib/python3.7/site-packages/airflow/example_dags/example_short_circuit_decorator.py
[2024-05-27T16:45:55.041+0000] {processor.py:809} INFO - DAG(s) dict_keys(['example_short_circuit_decorator']) retrieved from /home/airflow/.local/lib/python3.7/site-packages/airflow/example_dags/example_short_circuit_decorator.py
[2024-05-27T16:45:55.057+0000] {logging_mixin.py:149} INFO - [2024-05-27T16:45:55.057+0000] {dag.py:2726} INFO - Sync 1 DAGs
[2024-05-27T16:45:55.070+0000] {logging_mixin.py:149} INFO - [2024-05-27T16:45:55.070+0000] {dag.py:3490} INFO - Setting next_dagrun for example_short_circuit_decorator to 2024-05-26T16:45:55.069979+00:00, run_after=2024-05-27T16:45:55.069979+00:00
[2024-05-27T16:45:55.078+0000] {processor.py:178} INFO - Processing /home/airflow/.local/lib/python3.7/site-packages/airflow/example_dags/example_short_circuit_decorator.py took 0.046 seconds
[2024-05-27T16:46:25.204+0000] {processor.py:156} INFO - Started process (PID=756) to work on /home/airflow/.local/lib/python3.7/site-packages/airflow/example_dags/example_short_circuit_decorator.py
[2024-05-27T16:46:25.204+0000] {processor.py:799} INFO - Processing file /home/airflow/.local/lib/python3.7/site-packages/airflow/example_dags/example_short_circuit_decorator.py for tasks to queue
[2024-05-27T16:46:25.205+0000] {logging_mixin.py:149} INFO - [2024-05-27T16:46:25.204+0000] {dagbag.py:541} INFO - Filling up the DagBag from /home/airflow/.local/lib/python3.7/site-packages/airflow/example_dags/example_short_circuit_decorator.py
[2024-05-27T16:46:25.210+0000] {processor.py:809} INFO - DAG(s) dict_keys(['example_short_circuit_decorator']) retrieved from /home/airflow/.local/lib/python3.7/site-packages/airflow/example_dags/example_short_circuit_decorator.py
[2024-05-27T16:46:25.224+0000] {logging_mixin.py:149} INFO - [2024-05-27T16:46:25.224+0000] {dag.py:2726} INFO - Sync 1 DAGs
[2024-05-27T16:46:25.235+0000] {logging_mixin.py:149} INFO - [2024-05-27T16:46:25.235+0000] {dag.py:3490} INFO - Setting next_dagrun for example_short_circuit_decorator to 2024-05-26T16:46:25.235722+00:00, run_after=2024-05-27T16:46:25.235722+00:00
[2024-05-27T16:46:25.244+0000] {processor.py:178} INFO - Processing /home/airflow/.local/lib/python3.7/site-packages/airflow/example_dags/example_short_circuit_decorator.py took 0.042 seconds
[2024-05-27T16:46:56.051+0000] {processor.py:156} INFO - Started process (PID=816) to work on /home/airflow/.local/lib/python3.7/site-packages/airflow/example_dags/example_short_circuit_decorator.py
[2024-05-27T16:46:56.052+0000] {processor.py:799} INFO - Processing file /home/airflow/.local/lib/python3.7/site-packages/airflow/example_dags/example_short_circuit_decorator.py for tasks to queue
[2024-05-27T16:46:56.052+0000] {logging_mixin.py:149} INFO - [2024-05-27T16:46:56.052+0000] {dagbag.py:541} INFO - Filling up the DagBag from /home/airflow/.local/lib/python3.7/site-packages/airflow/example_dags/example_short_circuit_decorator.py
[2024-05-27T16:46:56.057+0000] {processor.py:809} INFO - DAG(s) dict_keys(['example_short_circuit_decorator']) retrieved from /home/airflow/.local/lib/python3.7/site-packages/airflow/example_dags/example_short_circuit_decorator.py
[2024-05-27T16:46:56.071+0000] {logging_mixin.py:149} INFO - [2024-05-27T16:46:56.071+0000] {dag.py:2726} INFO - Sync 1 DAGs
[2024-05-27T16:46:56.084+0000] {logging_mixin.py:149} INFO - [2024-05-27T16:46:56.084+0000] {dag.py:3490} INFO - Setting next_dagrun for example_short_circuit_decorator to 2024-05-26T16:46:56.084092+00:00, run_after=2024-05-27T16:46:56.084092+00:00
[2024-05-27T16:46:56.093+0000] {processor.py:178} INFO - Processing /home/airflow/.local/lib/python3.7/site-packages/airflow/example_dags/example_short_circuit_decorator.py took 0.043 seconds
[2024-05-27T16:47:26.892+0000] {processor.py:156} INFO - Started process (PID=876) to work on /home/airflow/.local/lib/python3.7/site-packages/airflow/example_dags/example_short_circuit_decorator.py
[2024-05-27T16:47:26.893+0000] {processor.py:799} INFO - Processing file /home/airflow/.local/lib/python3.7/site-packages/airflow/example_dags/example_short_circuit_decorator.py for tasks to queue
[2024-05-27T16:47:26.893+0000] {logging_mixin.py:149} INFO - [2024-05-27T16:47:26.893+0000] {dagbag.py:541} INFO - Filling up the DagBag from /home/airflow/.local/lib/python3.7/site-packages/airflow/example_dags/example_short_circuit_decorator.py
[2024-05-27T16:47:26.898+0000] {processor.py:809} INFO - DAG(s) dict_keys(['example_short_circuit_decorator']) retrieved from /home/airflow/.local/lib/python3.7/site-packages/airflow/example_dags/example_short_circuit_decorator.py
[2024-05-27T16:47:26.912+0000] {logging_mixin.py:149} INFO - [2024-05-27T16:47:26.912+0000] {dag.py:2726} INFO - Sync 1 DAGs
[2024-05-27T16:47:26.924+0000] {logging_mixin.py:149} INFO - [2024-05-27T16:47:26.924+0000] {dag.py:3490} INFO - Setting next_dagrun for example_short_circuit_decorator to 2024-05-26T16:47:26.924566+00:00, run_after=2024-05-27T16:47:26.924566+00:00
[2024-05-27T16:47:26.933+0000] {processor.py:178} INFO - Processing /home/airflow/.local/lib/python3.7/site-packages/airflow/example_dags/example_short_circuit_decorator.py took 0.043 seconds
[2024-05-27T16:47:57.673+0000] {processor.py:156} INFO - Started process (PID=936) to work on /home/airflow/.local/lib/python3.7/site-packages/airflow/example_dags/example_short_circuit_decorator.py
[2024-05-27T16:47:57.674+0000] {processor.py:799} INFO - Processing file /home/airflow/.local/lib/python3.7/site-packages/airflow/example_dags/example_short_circuit_decorator.py for tasks to queue
[2024-05-27T16:47:57.674+0000] {logging_mixin.py:149} INFO - [2024-05-27T16:47:57.674+0000] {dagbag.py:541} INFO - Filling up the DagBag from /home/airflow/.local/lib/python3.7/site-packages/airflow/example_dags/example_short_circuit_decorator.py
[2024-05-27T16:47:57.680+0000] {processor.py:809} INFO - DAG(s) dict_keys(['example_short_circuit_decorator']) retrieved from /home/airflow/.local/lib/python3.7/site-packages/airflow/example_dags/example_short_circuit_decorator.py
[2024-05-27T16:47:57.694+0000] {logging_mixin.py:149} INFO - [2024-05-27T16:47:57.694+0000] {dag.py:2726} INFO - Sync 1 DAGs
[2024-05-27T16:47:57.706+0000] {logging_mixin.py:149} INFO - [2024-05-27T16:47:57.706+0000] {dag.py:3490} INFO - Setting next_dagrun for example_short_circuit_decorator to 2024-05-26T16:47:57.706283+00:00, run_after=2024-05-27T16:47:57.706283+00:00
[2024-05-27T16:47:57.715+0000] {processor.py:178} INFO - Processing /home/airflow/.local/lib/python3.7/site-packages/airflow/example_dags/example_short_circuit_decorator.py took 0.044 seconds
[2024-05-27T16:48:28.480+0000] {processor.py:156} INFO - Started process (PID=996) to work on /home/airflow/.local/lib/python3.7/site-packages/airflow/example_dags/example_short_circuit_decorator.py
[2024-05-27T16:48:28.481+0000] {processor.py:799} INFO - Processing file /home/airflow/.local/lib/python3.7/site-packages/airflow/example_dags/example_short_circuit_decorator.py for tasks to queue
[2024-05-27T16:48:28.481+0000] {logging_mixin.py:149} INFO - [2024-05-27T16:48:28.481+0000] {dagbag.py:541} INFO - Filling up the DagBag from /home/airflow/.local/lib/python3.7/site-packages/airflow/example_dags/example_short_circuit_decorator.py
[2024-05-27T16:48:28.487+0000] {processor.py:809} INFO - DAG(s) dict_keys(['example_short_circuit_decorator']) retrieved from /home/airflow/.local/lib/python3.7/site-packages/airflow/example_dags/example_short_circuit_decorator.py
[2024-05-27T16:48:28.501+0000] {logging_mixin.py:149} INFO - [2024-05-27T16:48:28.501+0000] {dag.py:2726} INFO - Sync 1 DAGs
[2024-05-27T16:48:28.513+0000] {logging_mixin.py:149} INFO - [2024-05-27T16:48:28.513+0000] {dag.py:3490} INFO - Setting next_dagrun for example_short_circuit_decorator to 2024-05-26T16:48:28.513654+00:00, run_after=2024-05-27T16:48:28.513654+00:00
[2024-05-27T16:48:28.522+0000] {processor.py:178} INFO - Processing /home/airflow/.local/lib/python3.7/site-packages/airflow/example_dags/example_short_circuit_decorator.py took 0.043 seconds
[2024-05-27T16:48:59.146+0000] {processor.py:156} INFO - Started process (PID=1056) to work on /home/airflow/.local/lib/python3.7/site-packages/airflow/example_dags/example_short_circuit_decorator.py
[2024-05-27T16:48:59.146+0000] {processor.py:799} INFO - Processing file /home/airflow/.local/lib/python3.7/site-packages/airflow/example_dags/example_short_circuit_decorator.py for tasks to queue
[2024-05-27T16:48:59.147+0000] {logging_mixin.py:149} INFO - [2024-05-27T16:48:59.147+0000] {dagbag.py:541} INFO - Filling up the DagBag from /home/airflow/.local/lib/python3.7/site-packages/airflow/example_dags/example_short_circuit_decorator.py
[2024-05-27T16:48:59.153+0000] {processor.py:809} INFO - DAG(s) dict_keys(['example_short_circuit_decorator']) retrieved from /home/airflow/.local/lib/python3.7/site-packages/airflow/example_dags/example_short_circuit_decorator.py
[2024-05-27T16:48:59.166+0000] {logging_mixin.py:149} INFO - [2024-05-27T16:48:59.166+0000] {dag.py:2726} INFO - Sync 1 DAGs
[2024-05-27T16:48:59.179+0000] {logging_mixin.py:149} INFO - [2024-05-27T16:48:59.179+0000] {dag.py:3490} INFO - Setting next_dagrun for example_short_circuit_decorator to 2024-05-26T16:48:59.179373+00:00, run_after=2024-05-27T16:48:59.179373+00:00
[2024-05-27T16:48:59.187+0000] {processor.py:178} INFO - Processing /home/airflow/.local/lib/python3.7/site-packages/airflow/example_dags/example_short_circuit_decorator.py took 0.043 seconds
[2024-05-27T16:50:02.216+0000] {processor.py:156} INFO - Started process (PID=1116) to work on /home/airflow/.local/lib/python3.7/site-packages/airflow/example_dags/example_short_circuit_decorator.py
[2024-05-27T16:50:02.217+0000] {processor.py:799} INFO - Processing file /home/airflow/.local/lib/python3.7/site-packages/airflow/example_dags/example_short_circuit_decorator.py for tasks to queue
[2024-05-27T16:50:02.217+0000] {logging_mixin.py:149} INFO - [2024-05-27T16:50:02.217+0000] {dagbag.py:541} INFO - Filling up the DagBag from /home/airflow/.local/lib/python3.7/site-packages/airflow/example_dags/example_short_circuit_decorator.py
[2024-05-27T16:50:02.223+0000] {processor.py:809} INFO - DAG(s) dict_keys(['example_short_circuit_decorator']) retrieved from /home/airflow/.local/lib/python3.7/site-packages/airflow/example_dags/example_short_circuit_decorator.py
[2024-05-27T16:50:02.238+0000] {logging_mixin.py:149} INFO - [2024-05-27T16:50:02.238+0000] {dag.py:2726} INFO - Sync 1 DAGs
[2024-05-27T16:50:02.251+0000] {logging_mixin.py:149} INFO - [2024-05-27T16:50:02.251+0000] {dag.py:3490} INFO - Setting next_dagrun for example_short_circuit_decorator to 2024-05-26T16:50:02.251749+00:00, run_after=2024-05-27T16:50:02.251749+00:00
[2024-05-27T16:50:02.260+0000] {processor.py:178} INFO - Processing /home/airflow/.local/lib/python3.7/site-packages/airflow/example_dags/example_short_circuit_decorator.py took 0.046 seconds
[2024-05-27T16:50:32.337+0000] {processor.py:156} INFO - Started process (PID=1177) to work on /home/airflow/.local/lib/python3.7/site-packages/airflow/example_dags/example_short_circuit_decorator.py
[2024-05-27T16:50:32.338+0000] {processor.py:799} INFO - Processing file /home/airflow/.local/lib/python3.7/site-packages/airflow/example_dags/example_short_circuit_decorator.py for tasks to queue
[2024-05-27T16:50:32.338+0000] {logging_mixin.py:149} INFO - [2024-05-27T16:50:32.338+0000] {dagbag.py:541} INFO - Filling up the DagBag from /home/airflow/.local/lib/python3.7/site-packages/airflow/example_dags/example_short_circuit_decorator.py
[2024-05-27T16:50:32.344+0000] {processor.py:809} INFO - DAG(s) dict_keys(['example_short_circuit_decorator']) retrieved from /home/airflow/.local/lib/python3.7/site-packages/airflow/example_dags/example_short_circuit_decorator.py
[2024-05-27T16:50:32.357+0000] {logging_mixin.py:149} INFO - [2024-05-27T16:50:32.357+0000] {dag.py:2726} INFO - Sync 1 DAGs
[2024-05-27T16:50:32.370+0000] {logging_mixin.py:149} INFO - [2024-05-27T16:50:32.370+0000] {dag.py:3490} INFO - Setting next_dagrun for example_short_circuit_decorator to 2024-05-26T16:50:32.370441+00:00, run_after=2024-05-27T16:50:32.370441+00:00
[2024-05-27T16:50:32.379+0000] {processor.py:178} INFO - Processing /home/airflow/.local/lib/python3.7/site-packages/airflow/example_dags/example_short_circuit_decorator.py took 0.044 seconds
[2024-05-27T16:51:02.411+0000] {processor.py:156} INFO - Started process (PID=1237) to work on /home/airflow/.local/lib/python3.7/site-packages/airflow/example_dags/example_short_circuit_decorator.py
[2024-05-27T16:51:02.412+0000] {processor.py:799} INFO - Processing file /home/airflow/.local/lib/python3.7/site-packages/airflow/example_dags/example_short_circuit_decorator.py for tasks to queue
[2024-05-27T16:51:02.412+0000] {logging_mixin.py:149} INFO - [2024-05-27T16:51:02.412+0000] {dagbag.py:541} INFO - Filling up the DagBag from /home/airflow/.local/lib/python3.7/site-packages/airflow/example_dags/example_short_circuit_decorator.py
[2024-05-27T16:51:02.417+0000] {processor.py:809} INFO - DAG(s) dict_keys(['example_short_circuit_decorator']) retrieved from /home/airflow/.local/lib/python3.7/site-packages/airflow/example_dags/example_short_circuit_decorator.py
[2024-05-27T16:51:02.430+0000] {logging_mixin.py:149} INFO - [2024-05-27T16:51:02.430+0000] {dag.py:2726} INFO - Sync 1 DAGs
[2024-05-27T16:51:02.442+0000] {logging_mixin.py:149} INFO - [2024-05-27T16:51:02.442+0000] {dag.py:3490} INFO - Setting next_dagrun for example_short_circuit_decorator to 2024-05-26T16:51:02.442282+00:00, run_after=2024-05-27T16:51:02.442282+00:00
[2024-05-27T16:51:02.451+0000] {processor.py:178} INFO - Processing /home/airflow/.local/lib/python3.7/site-packages/airflow/example_dags/example_short_circuit_decorator.py took 0.042 seconds
[2024-05-27T16:51:32.709+0000] {processor.py:156} INFO - Started process (PID=1299) to work on /home/airflow/.local/lib/python3.7/site-packages/airflow/example_dags/example_short_circuit_decorator.py
[2024-05-27T16:51:32.710+0000] {processor.py:799} INFO - Processing file /home/airflow/.local/lib/python3.7/site-packages/airflow/example_dags/example_short_circuit_decorator.py for tasks to queue
[2024-05-27T16:51:32.710+0000] {logging_mixin.py:149} INFO - [2024-05-27T16:51:32.710+0000] {dagbag.py:541} INFO - Filling up the DagBag from /home/airflow/.local/lib/python3.7/site-packages/airflow/example_dags/example_short_circuit_decorator.py
[2024-05-27T16:51:32.716+0000] {processor.py:809} INFO - DAG(s) dict_keys(['example_short_circuit_decorator']) retrieved from /home/airflow/.local/lib/python3.7/site-packages/airflow/example_dags/example_short_circuit_decorator.py
[2024-05-27T16:51:32.731+0000] {logging_mixin.py:149} INFO - [2024-05-27T16:51:32.731+0000] {dag.py:2726} INFO - Sync 1 DAGs
[2024-05-27T16:51:32.743+0000] {logging_mixin.py:149} INFO - [2024-05-27T16:51:32.743+0000] {dag.py:3490} INFO - Setting next_dagrun for example_short_circuit_decorator to 2024-05-26T16:51:32.743423+00:00, run_after=2024-05-27T16:51:32.743423+00:00
[2024-05-27T16:51:32.752+0000] {processor.py:178} INFO - Processing /home/airflow/.local/lib/python3.7/site-packages/airflow/example_dags/example_short_circuit_decorator.py took 0.044 seconds
[2024-05-27T16:52:06.409+0000] {processor.py:156} INFO - Started process (PID=1377) to work on /home/airflow/.local/lib/python3.7/site-packages/airflow/example_dags/example_short_circuit_decorator.py
[2024-05-27T16:52:06.414+0000] {processor.py:799} INFO - Processing file /home/airflow/.local/lib/python3.7/site-packages/airflow/example_dags/example_short_circuit_decorator.py for tasks to queue
[2024-05-27T16:52:06.441+0000] {logging_mixin.py:149} INFO - [2024-05-27T16:52:06.441+0000] {dagbag.py:541} INFO - Filling up the DagBag from /home/airflow/.local/lib/python3.7/site-packages/airflow/example_dags/example_short_circuit_decorator.py
[2024-05-27T16:52:06.491+0000] {processor.py:809} INFO - DAG(s) dict_keys(['example_short_circuit_decorator']) retrieved from /home/airflow/.local/lib/python3.7/site-packages/airflow/example_dags/example_short_circuit_decorator.py
[2024-05-27T16:52:06.728+0000] {logging_mixin.py:149} INFO - [2024-05-27T16:52:06.728+0000] {dag.py:2726} INFO - Sync 1 DAGs
[2024-05-27T16:52:06.903+0000] {logging_mixin.py:149} INFO - [2024-05-27T16:52:06.903+0000] {dag.py:3490} INFO - Setting next_dagrun for example_short_circuit_decorator to 2024-05-26T16:52:06.902525+00:00, run_after=2024-05-27T16:52:06.902525+00:00
[2024-05-27T16:52:06.980+0000] {processor.py:178} INFO - Processing /home/airflow/.local/lib/python3.7/site-packages/airflow/example_dags/example_short_circuit_decorator.py took 0.582 seconds
