[2024-05-27T16:40:19.023+0000] {processor.py:156} INFO - Started process (PID=35) to work on /home/airflow/.local/lib/python3.7/site-packages/airflow/example_dags/example_complex.py
[2024-05-27T16:40:19.024+0000] {processor.py:799} INFO - Processing file /home/airflow/.local/lib/python3.7/site-packages/airflow/example_dags/example_complex.py for tasks to queue
[2024-05-27T16:40:19.024+0000] {logging_mixin.py:149} INFO - [2024-05-27T16:40:19.024+0000] {dagbag.py:541} INFO - Filling up the DagBag from /home/airflow/.local/lib/python3.7/site-packages/airflow/example_dags/example_complex.py
[2024-05-27T16:40:19.031+0000] {logging_mixin.py:149} INFO - [2024-05-27T16:40:19.031+0000] {taskmixin.py:211} WARNING - Dependency <Task(BashOperator): create_entry_group>, delete_entry_group already registered for DAG: example_complex
[2024-05-27T16:40:19.031+0000] {logging_mixin.py:149} INFO - [2024-05-27T16:40:19.031+0000] {taskmixin.py:211} WARNING - Dependency <Task(BashOperator): delete_entry_group>, create_entry_group already registered for DAG: example_complex
[2024-05-27T16:40:19.032+0000] {logging_mixin.py:149} INFO - [2024-05-27T16:40:19.032+0000] {taskmixin.py:211} WARNING - Dependency <Task(BashOperator): create_entry_gcs>, delete_entry already registered for DAG: example_complex
[2024-05-27T16:40:19.033+0000] {logging_mixin.py:149} INFO - [2024-05-27T16:40:19.033+0000] {taskmixin.py:211} WARNING - Dependency <Task(BashOperator): delete_entry>, create_entry_gcs already registered for DAG: example_complex
[2024-05-27T16:40:19.033+0000] {logging_mixin.py:149} INFO - [2024-05-27T16:40:19.033+0000] {taskmixin.py:211} WARNING - Dependency <Task(BashOperator): create_tag>, delete_tag already registered for DAG: example_complex
[2024-05-27T16:40:19.033+0000] {logging_mixin.py:149} INFO - [2024-05-27T16:40:19.033+0000] {taskmixin.py:211} WARNING - Dependency <Task(BashOperator): delete_tag>, create_tag already registered for DAG: example_complex
[2024-05-27T16:40:19.036+0000] {processor.py:809} INFO - DAG(s) dict_keys(['example_complex']) retrieved from /home/airflow/.local/lib/python3.7/site-packages/airflow/example_dags/example_complex.py
[2024-05-27T16:40:19.105+0000] {logging_mixin.py:149} INFO - [2024-05-27T16:40:19.105+0000] {manager.py:504} INFO - Created Permission View: can delete on DAG:example_complex
[2024-05-27T16:40:19.110+0000] {logging_mixin.py:149} INFO - [2024-05-27T16:40:19.110+0000] {manager.py:504} INFO - Created Permission View: can read on DAG:example_complex
[2024-05-27T16:40:19.122+0000] {logging_mixin.py:149} INFO - [2024-05-27T16:40:19.122+0000] {manager.py:504} INFO - Created Permission View: can edit on DAG:example_complex
[2024-05-27T16:40:19.123+0000] {logging_mixin.py:149} INFO - [2024-05-27T16:40:19.123+0000] {dag.py:2726} INFO - Sync 1 DAGs
[2024-05-27T16:40:19.134+0000] {logging_mixin.py:149} INFO - [2024-05-27T16:40:19.134+0000] {dag.py:2747} INFO - Creating ORM DAG for example_complex
[2024-05-27T16:40:19.144+0000] {logging_mixin.py:149} INFO - [2024-05-27T16:40:19.144+0000] {dag.py:3490} INFO - Setting next_dagrun for example_complex to None, run_after=None
[2024-05-27T16:40:19.195+0000] {processor.py:178} INFO - Processing /home/airflow/.local/lib/python3.7/site-packages/airflow/example_dags/example_complex.py took 0.174 seconds
[2024-05-27T16:40:49.607+0000] {processor.py:156} INFO - Started process (PID=95) to work on /home/airflow/.local/lib/python3.7/site-packages/airflow/example_dags/example_complex.py
[2024-05-27T16:40:49.607+0000] {processor.py:799} INFO - Processing file /home/airflow/.local/lib/python3.7/site-packages/airflow/example_dags/example_complex.py for tasks to queue
[2024-05-27T16:40:49.608+0000] {logging_mixin.py:149} INFO - [2024-05-27T16:40:49.608+0000] {dagbag.py:541} INFO - Filling up the DagBag from /home/airflow/.local/lib/python3.7/site-packages/airflow/example_dags/example_complex.py
[2024-05-27T16:40:49.614+0000] {logging_mixin.py:149} INFO - [2024-05-27T16:40:49.614+0000] {taskmixin.py:211} WARNING - Dependency <Task(BashOperator): create_entry_group>, delete_entry_group already registered for DAG: example_complex
[2024-05-27T16:40:49.615+0000] {logging_mixin.py:149} INFO - [2024-05-27T16:40:49.614+0000] {taskmixin.py:211} WARNING - Dependency <Task(BashOperator): delete_entry_group>, create_entry_group already registered for DAG: example_complex
[2024-05-27T16:40:49.615+0000] {logging_mixin.py:149} INFO - [2024-05-27T16:40:49.615+0000] {taskmixin.py:211} WARNING - Dependency <Task(BashOperator): create_entry_gcs>, delete_entry already registered for DAG: example_complex
[2024-05-27T16:40:49.615+0000] {logging_mixin.py:149} INFO - [2024-05-27T16:40:49.615+0000] {taskmixin.py:211} WARNING - Dependency <Task(BashOperator): delete_entry>, create_entry_gcs already registered for DAG: example_complex
[2024-05-27T16:40:49.615+0000] {logging_mixin.py:149} INFO - [2024-05-27T16:40:49.615+0000] {taskmixin.py:211} WARNING - Dependency <Task(BashOperator): create_tag>, delete_tag already registered for DAG: example_complex
[2024-05-27T16:40:49.615+0000] {logging_mixin.py:149} INFO - [2024-05-27T16:40:49.615+0000] {taskmixin.py:211} WARNING - Dependency <Task(BashOperator): delete_tag>, create_tag already registered for DAG: example_complex
[2024-05-27T16:40:49.616+0000] {processor.py:809} INFO - DAG(s) dict_keys(['example_complex']) retrieved from /home/airflow/.local/lib/python3.7/site-packages/airflow/example_dags/example_complex.py
[2024-05-27T16:40:49.669+0000] {logging_mixin.py:149} INFO - [2024-05-27T16:40:49.669+0000] {dag.py:2726} INFO - Sync 1 DAGs
[2024-05-27T16:40:49.686+0000] {logging_mixin.py:149} INFO - [2024-05-27T16:40:49.686+0000] {dag.py:3490} INFO - Setting next_dagrun for example_complex to None, run_after=None
[2024-05-27T16:40:49.698+0000] {processor.py:178} INFO - Processing /home/airflow/.local/lib/python3.7/site-packages/airflow/example_dags/example_complex.py took 0.093 seconds
[2024-05-27T16:41:19.829+0000] {processor.py:156} INFO - Started process (PID=155) to work on /home/airflow/.local/lib/python3.7/site-packages/airflow/example_dags/example_complex.py
[2024-05-27T16:41:19.830+0000] {processor.py:799} INFO - Processing file /home/airflow/.local/lib/python3.7/site-packages/airflow/example_dags/example_complex.py for tasks to queue
[2024-05-27T16:41:19.830+0000] {logging_mixin.py:149} INFO - [2024-05-27T16:41:19.830+0000] {dagbag.py:541} INFO - Filling up the DagBag from /home/airflow/.local/lib/python3.7/site-packages/airflow/example_dags/example_complex.py
[2024-05-27T16:41:19.836+0000] {logging_mixin.py:149} INFO - [2024-05-27T16:41:19.836+0000] {taskmixin.py:211} WARNING - Dependency <Task(BashOperator): create_entry_group>, delete_entry_group already registered for DAG: example_complex
[2024-05-27T16:41:19.836+0000] {logging_mixin.py:149} INFO - [2024-05-27T16:41:19.836+0000] {taskmixin.py:211} WARNING - Dependency <Task(BashOperator): delete_entry_group>, create_entry_group already registered for DAG: example_complex
[2024-05-27T16:41:19.837+0000] {logging_mixin.py:149} INFO - [2024-05-27T16:41:19.837+0000] {taskmixin.py:211} WARNING - Dependency <Task(BashOperator): create_entry_gcs>, delete_entry already registered for DAG: example_complex
[2024-05-27T16:41:19.837+0000] {logging_mixin.py:149} INFO - [2024-05-27T16:41:19.837+0000] {taskmixin.py:211} WARNING - Dependency <Task(BashOperator): delete_entry>, create_entry_gcs already registered for DAG: example_complex
[2024-05-27T16:41:19.837+0000] {logging_mixin.py:149} INFO - [2024-05-27T16:41:19.837+0000] {taskmixin.py:211} WARNING - Dependency <Task(BashOperator): create_tag>, delete_tag already registered for DAG: example_complex
[2024-05-27T16:41:19.837+0000] {logging_mixin.py:149} INFO - [2024-05-27T16:41:19.837+0000] {taskmixin.py:211} WARNING - Dependency <Task(BashOperator): delete_tag>, create_tag already registered for DAG: example_complex
[2024-05-27T16:41:19.838+0000] {processor.py:809} INFO - DAG(s) dict_keys(['example_complex']) retrieved from /home/airflow/.local/lib/python3.7/site-packages/airflow/example_dags/example_complex.py
[2024-05-27T16:41:19.856+0000] {logging_mixin.py:149} INFO - [2024-05-27T16:41:19.856+0000] {dag.py:2726} INFO - Sync 1 DAGs
[2024-05-27T16:41:19.869+0000] {logging_mixin.py:149} INFO - [2024-05-27T16:41:19.869+0000] {dag.py:3490} INFO - Setting next_dagrun for example_complex to None, run_after=None
[2024-05-27T16:41:19.887+0000] {processor.py:178} INFO - Processing /home/airflow/.local/lib/python3.7/site-packages/airflow/example_dags/example_complex.py took 0.061 seconds
[2024-05-27T16:41:49.974+0000] {processor.py:156} INFO - Started process (PID=215) to work on /home/airflow/.local/lib/python3.7/site-packages/airflow/example_dags/example_complex.py
[2024-05-27T16:41:49.974+0000] {processor.py:799} INFO - Processing file /home/airflow/.local/lib/python3.7/site-packages/airflow/example_dags/example_complex.py for tasks to queue
[2024-05-27T16:41:49.975+0000] {logging_mixin.py:149} INFO - [2024-05-27T16:41:49.975+0000] {dagbag.py:541} INFO - Filling up the DagBag from /home/airflow/.local/lib/python3.7/site-packages/airflow/example_dags/example_complex.py
[2024-05-27T16:41:49.980+0000] {logging_mixin.py:149} INFO - [2024-05-27T16:41:49.980+0000] {taskmixin.py:211} WARNING - Dependency <Task(BashOperator): create_entry_group>, delete_entry_group already registered for DAG: example_complex
[2024-05-27T16:41:49.981+0000] {logging_mixin.py:149} INFO - [2024-05-27T16:41:49.981+0000] {taskmixin.py:211} WARNING - Dependency <Task(BashOperator): delete_entry_group>, create_entry_group already registered for DAG: example_complex
[2024-05-27T16:41:49.981+0000] {logging_mixin.py:149} INFO - [2024-05-27T16:41:49.981+0000] {taskmixin.py:211} WARNING - Dependency <Task(BashOperator): create_entry_gcs>, delete_entry already registered for DAG: example_complex
[2024-05-27T16:41:49.981+0000] {logging_mixin.py:149} INFO - [2024-05-27T16:41:49.981+0000] {taskmixin.py:211} WARNING - Dependency <Task(BashOperator): delete_entry>, create_entry_gcs already registered for DAG: example_complex
[2024-05-27T16:41:49.981+0000] {logging_mixin.py:149} INFO - [2024-05-27T16:41:49.981+0000] {taskmixin.py:211} WARNING - Dependency <Task(BashOperator): create_tag>, delete_tag already registered for DAG: example_complex
[2024-05-27T16:41:49.981+0000] {logging_mixin.py:149} INFO - [2024-05-27T16:41:49.981+0000] {taskmixin.py:211} WARNING - Dependency <Task(BashOperator): delete_tag>, create_tag already registered for DAG: example_complex
[2024-05-27T16:41:49.982+0000] {processor.py:809} INFO - DAG(s) dict_keys(['example_complex']) retrieved from /home/airflow/.local/lib/python3.7/site-packages/airflow/example_dags/example_complex.py
[2024-05-27T16:41:50.001+0000] {logging_mixin.py:149} INFO - [2024-05-27T16:41:50.001+0000] {dag.py:2726} INFO - Sync 1 DAGs
[2024-05-27T16:41:50.014+0000] {logging_mixin.py:149} INFO - [2024-05-27T16:41:50.014+0000] {dag.py:3490} INFO - Setting next_dagrun for example_complex to None, run_after=None
[2024-05-27T16:41:50.023+0000] {processor.py:178} INFO - Processing /home/airflow/.local/lib/python3.7/site-packages/airflow/example_dags/example_complex.py took 0.051 seconds
[2024-05-27T16:42:20.277+0000] {processor.py:156} INFO - Started process (PID=275) to work on /home/airflow/.local/lib/python3.7/site-packages/airflow/example_dags/example_complex.py
[2024-05-27T16:42:20.278+0000] {processor.py:799} INFO - Processing file /home/airflow/.local/lib/python3.7/site-packages/airflow/example_dags/example_complex.py for tasks to queue
[2024-05-27T16:42:20.278+0000] {logging_mixin.py:149} INFO - [2024-05-27T16:42:20.278+0000] {dagbag.py:541} INFO - Filling up the DagBag from /home/airflow/.local/lib/python3.7/site-packages/airflow/example_dags/example_complex.py
[2024-05-27T16:42:20.284+0000] {logging_mixin.py:149} INFO - [2024-05-27T16:42:20.284+0000] {taskmixin.py:211} WARNING - Dependency <Task(BashOperator): create_entry_group>, delete_entry_group already registered for DAG: example_complex
[2024-05-27T16:42:20.284+0000] {logging_mixin.py:149} INFO - [2024-05-27T16:42:20.284+0000] {taskmixin.py:211} WARNING - Dependency <Task(BashOperator): delete_entry_group>, create_entry_group already registered for DAG: example_complex
[2024-05-27T16:42:20.284+0000] {logging_mixin.py:149} INFO - [2024-05-27T16:42:20.284+0000] {taskmixin.py:211} WARNING - Dependency <Task(BashOperator): create_entry_gcs>, delete_entry already registered for DAG: example_complex
[2024-05-27T16:42:20.285+0000] {logging_mixin.py:149} INFO - [2024-05-27T16:42:20.285+0000] {taskmixin.py:211} WARNING - Dependency <Task(BashOperator): delete_entry>, create_entry_gcs already registered for DAG: example_complex
[2024-05-27T16:42:20.285+0000] {logging_mixin.py:149} INFO - [2024-05-27T16:42:20.285+0000] {taskmixin.py:211} WARNING - Dependency <Task(BashOperator): create_tag>, delete_tag already registered for DAG: example_complex
[2024-05-27T16:42:20.285+0000] {logging_mixin.py:149} INFO - [2024-05-27T16:42:20.285+0000] {taskmixin.py:211} WARNING - Dependency <Task(BashOperator): delete_tag>, create_tag already registered for DAG: example_complex
[2024-05-27T16:42:20.286+0000] {processor.py:809} INFO - DAG(s) dict_keys(['example_complex']) retrieved from /home/airflow/.local/lib/python3.7/site-packages/airflow/example_dags/example_complex.py
[2024-05-27T16:42:20.306+0000] {logging_mixin.py:149} INFO - [2024-05-27T16:42:20.306+0000] {dag.py:2726} INFO - Sync 1 DAGs
[2024-05-27T16:42:20.320+0000] {logging_mixin.py:149} INFO - [2024-05-27T16:42:20.320+0000] {dag.py:3490} INFO - Setting next_dagrun for example_complex to None, run_after=None
[2024-05-27T16:42:20.330+0000] {processor.py:178} INFO - Processing /home/airflow/.local/lib/python3.7/site-packages/airflow/example_dags/example_complex.py took 0.055 seconds
[2024-05-27T16:42:50.543+0000] {processor.py:156} INFO - Started process (PID=335) to work on /home/airflow/.local/lib/python3.7/site-packages/airflow/example_dags/example_complex.py
[2024-05-27T16:42:50.543+0000] {processor.py:799} INFO - Processing file /home/airflow/.local/lib/python3.7/site-packages/airflow/example_dags/example_complex.py for tasks to queue
[2024-05-27T16:42:50.544+0000] {logging_mixin.py:149} INFO - [2024-05-27T16:42:50.544+0000] {dagbag.py:541} INFO - Filling up the DagBag from /home/airflow/.local/lib/python3.7/site-packages/airflow/example_dags/example_complex.py
[2024-05-27T16:42:50.549+0000] {logging_mixin.py:149} INFO - [2024-05-27T16:42:50.549+0000] {taskmixin.py:211} WARNING - Dependency <Task(BashOperator): create_entry_group>, delete_entry_group already registered for DAG: example_complex
[2024-05-27T16:42:50.549+0000] {logging_mixin.py:149} INFO - [2024-05-27T16:42:50.549+0000] {taskmixin.py:211} WARNING - Dependency <Task(BashOperator): delete_entry_group>, create_entry_group already registered for DAG: example_complex
[2024-05-27T16:42:50.550+0000] {logging_mixin.py:149} INFO - [2024-05-27T16:42:50.550+0000] {taskmixin.py:211} WARNING - Dependency <Task(BashOperator): create_entry_gcs>, delete_entry already registered for DAG: example_complex
[2024-05-27T16:42:50.550+0000] {logging_mixin.py:149} INFO - [2024-05-27T16:42:50.550+0000] {taskmixin.py:211} WARNING - Dependency <Task(BashOperator): delete_entry>, create_entry_gcs already registered for DAG: example_complex
[2024-05-27T16:42:50.550+0000] {logging_mixin.py:149} INFO - [2024-05-27T16:42:50.550+0000] {taskmixin.py:211} WARNING - Dependency <Task(BashOperator): create_tag>, delete_tag already registered for DAG: example_complex
[2024-05-27T16:42:50.550+0000] {logging_mixin.py:149} INFO - [2024-05-27T16:42:50.550+0000] {taskmixin.py:211} WARNING - Dependency <Task(BashOperator): delete_tag>, create_tag already registered for DAG: example_complex
[2024-05-27T16:42:50.551+0000] {processor.py:809} INFO - DAG(s) dict_keys(['example_complex']) retrieved from /home/airflow/.local/lib/python3.7/site-packages/airflow/example_dags/example_complex.py
[2024-05-27T16:42:50.568+0000] {logging_mixin.py:149} INFO - [2024-05-27T16:42:50.568+0000] {dag.py:2726} INFO - Sync 1 DAGs
[2024-05-27T16:42:50.580+0000] {logging_mixin.py:149} INFO - [2024-05-27T16:42:50.579+0000] {dag.py:3490} INFO - Setting next_dagrun for example_complex to None, run_after=None
[2024-05-27T16:42:50.589+0000] {processor.py:178} INFO - Processing /home/airflow/.local/lib/python3.7/site-packages/airflow/example_dags/example_complex.py took 0.048 seconds
[2024-05-27T16:43:21.360+0000] {processor.py:156} INFO - Started process (PID=395) to work on /home/airflow/.local/lib/python3.7/site-packages/airflow/example_dags/example_complex.py
[2024-05-27T16:43:21.360+0000] {processor.py:799} INFO - Processing file /home/airflow/.local/lib/python3.7/site-packages/airflow/example_dags/example_complex.py for tasks to queue
[2024-05-27T16:43:21.361+0000] {logging_mixin.py:149} INFO - [2024-05-27T16:43:21.361+0000] {dagbag.py:541} INFO - Filling up the DagBag from /home/airflow/.local/lib/python3.7/site-packages/airflow/example_dags/example_complex.py
[2024-05-27T16:43:21.367+0000] {logging_mixin.py:149} INFO - [2024-05-27T16:43:21.367+0000] {taskmixin.py:211} WARNING - Dependency <Task(BashOperator): create_entry_group>, delete_entry_group already registered for DAG: example_complex
[2024-05-27T16:43:21.367+0000] {logging_mixin.py:149} INFO - [2024-05-27T16:43:21.367+0000] {taskmixin.py:211} WARNING - Dependency <Task(BashOperator): delete_entry_group>, create_entry_group already registered for DAG: example_complex
[2024-05-27T16:43:21.368+0000] {logging_mixin.py:149} INFO - [2024-05-27T16:43:21.368+0000] {taskmixin.py:211} WARNING - Dependency <Task(BashOperator): create_entry_gcs>, delete_entry already registered for DAG: example_complex
[2024-05-27T16:43:21.368+0000] {logging_mixin.py:149} INFO - [2024-05-27T16:43:21.368+0000] {taskmixin.py:211} WARNING - Dependency <Task(BashOperator): delete_entry>, create_entry_gcs already registered for DAG: example_complex
[2024-05-27T16:43:21.368+0000] {logging_mixin.py:149} INFO - [2024-05-27T16:43:21.368+0000] {taskmixin.py:211} WARNING - Dependency <Task(BashOperator): create_tag>, delete_tag already registered for DAG: example_complex
[2024-05-27T16:43:21.368+0000] {logging_mixin.py:149} INFO - [2024-05-27T16:43:21.368+0000] {taskmixin.py:211} WARNING - Dependency <Task(BashOperator): delete_tag>, create_tag already registered for DAG: example_complex
[2024-05-27T16:43:21.369+0000] {processor.py:809} INFO - DAG(s) dict_keys(['example_complex']) retrieved from /home/airflow/.local/lib/python3.7/site-packages/airflow/example_dags/example_complex.py
[2024-05-27T16:43:21.387+0000] {logging_mixin.py:149} INFO - [2024-05-27T16:43:21.387+0000] {dag.py:2726} INFO - Sync 1 DAGs
[2024-05-27T16:43:21.401+0000] {logging_mixin.py:149} INFO - [2024-05-27T16:43:21.401+0000] {dag.py:3490} INFO - Setting next_dagrun for example_complex to None, run_after=None
[2024-05-27T16:43:21.409+0000] {processor.py:178} INFO - Processing /home/airflow/.local/lib/python3.7/site-packages/airflow/example_dags/example_complex.py took 0.051 seconds
[2024-05-27T16:43:52.273+0000] {processor.py:156} INFO - Started process (PID=455) to work on /home/airflow/.local/lib/python3.7/site-packages/airflow/example_dags/example_complex.py
[2024-05-27T16:43:52.274+0000] {processor.py:799} INFO - Processing file /home/airflow/.local/lib/python3.7/site-packages/airflow/example_dags/example_complex.py for tasks to queue
[2024-05-27T16:43:52.274+0000] {logging_mixin.py:149} INFO - [2024-05-27T16:43:52.274+0000] {dagbag.py:541} INFO - Filling up the DagBag from /home/airflow/.local/lib/python3.7/site-packages/airflow/example_dags/example_complex.py
[2024-05-27T16:43:52.280+0000] {logging_mixin.py:149} INFO - [2024-05-27T16:43:52.280+0000] {taskmixin.py:211} WARNING - Dependency <Task(BashOperator): create_entry_group>, delete_entry_group already registered for DAG: example_complex
[2024-05-27T16:43:52.280+0000] {logging_mixin.py:149} INFO - [2024-05-27T16:43:52.280+0000] {taskmixin.py:211} WARNING - Dependency <Task(BashOperator): delete_entry_group>, create_entry_group already registered for DAG: example_complex
[2024-05-27T16:43:52.281+0000] {logging_mixin.py:149} INFO - [2024-05-27T16:43:52.281+0000] {taskmixin.py:211} WARNING - Dependency <Task(BashOperator): create_entry_gcs>, delete_entry already registered for DAG: example_complex
[2024-05-27T16:43:52.281+0000] {logging_mixin.py:149} INFO - [2024-05-27T16:43:52.281+0000] {taskmixin.py:211} WARNING - Dependency <Task(BashOperator): delete_entry>, create_entry_gcs already registered for DAG: example_complex
[2024-05-27T16:43:52.281+0000] {logging_mixin.py:149} INFO - [2024-05-27T16:43:52.281+0000] {taskmixin.py:211} WARNING - Dependency <Task(BashOperator): create_tag>, delete_tag already registered for DAG: example_complex
[2024-05-27T16:43:52.281+0000] {logging_mixin.py:149} INFO - [2024-05-27T16:43:52.281+0000] {taskmixin.py:211} WARNING - Dependency <Task(BashOperator): delete_tag>, create_tag already registered for DAG: example_complex
[2024-05-27T16:43:52.282+0000] {processor.py:809} INFO - DAG(s) dict_keys(['example_complex']) retrieved from /home/airflow/.local/lib/python3.7/site-packages/airflow/example_dags/example_complex.py
[2024-05-27T16:43:52.301+0000] {logging_mixin.py:149} INFO - [2024-05-27T16:43:52.301+0000] {dag.py:2726} INFO - Sync 1 DAGs
[2024-05-27T16:43:52.315+0000] {logging_mixin.py:149} INFO - [2024-05-27T16:43:52.315+0000] {dag.py:3490} INFO - Setting next_dagrun for example_complex to None, run_after=None
[2024-05-27T16:43:52.324+0000] {processor.py:178} INFO - Processing /home/airflow/.local/lib/python3.7/site-packages/airflow/example_dags/example_complex.py took 0.053 seconds
[2024-05-27T16:44:23.078+0000] {processor.py:156} INFO - Started process (PID=515) to work on /home/airflow/.local/lib/python3.7/site-packages/airflow/example_dags/example_complex.py
[2024-05-27T16:44:23.079+0000] {processor.py:799} INFO - Processing file /home/airflow/.local/lib/python3.7/site-packages/airflow/example_dags/example_complex.py for tasks to queue
[2024-05-27T16:44:23.079+0000] {logging_mixin.py:149} INFO - [2024-05-27T16:44:23.079+0000] {dagbag.py:541} INFO - Filling up the DagBag from /home/airflow/.local/lib/python3.7/site-packages/airflow/example_dags/example_complex.py
[2024-05-27T16:44:23.085+0000] {logging_mixin.py:149} INFO - [2024-05-27T16:44:23.085+0000] {taskmixin.py:211} WARNING - Dependency <Task(BashOperator): create_entry_group>, delete_entry_group already registered for DAG: example_complex
[2024-05-27T16:44:23.085+0000] {logging_mixin.py:149} INFO - [2024-05-27T16:44:23.085+0000] {taskmixin.py:211} WARNING - Dependency <Task(BashOperator): delete_entry_group>, create_entry_group already registered for DAG: example_complex
[2024-05-27T16:44:23.086+0000] {logging_mixin.py:149} INFO - [2024-05-27T16:44:23.086+0000] {taskmixin.py:211} WARNING - Dependency <Task(BashOperator): create_entry_gcs>, delete_entry already registered for DAG: example_complex
[2024-05-27T16:44:23.086+0000] {logging_mixin.py:149} INFO - [2024-05-27T16:44:23.086+0000] {taskmixin.py:211} WARNING - Dependency <Task(BashOperator): delete_entry>, create_entry_gcs already registered for DAG: example_complex
[2024-05-27T16:44:23.086+0000] {logging_mixin.py:149} INFO - [2024-05-27T16:44:23.086+0000] {taskmixin.py:211} WARNING - Dependency <Task(BashOperator): create_tag>, delete_tag already registered for DAG: example_complex
[2024-05-27T16:44:23.086+0000] {logging_mixin.py:149} INFO - [2024-05-27T16:44:23.086+0000] {taskmixin.py:211} WARNING - Dependency <Task(BashOperator): delete_tag>, create_tag already registered for DAG: example_complex
[2024-05-27T16:44:23.087+0000] {processor.py:809} INFO - DAG(s) dict_keys(['example_complex']) retrieved from /home/airflow/.local/lib/python3.7/site-packages/airflow/example_dags/example_complex.py
[2024-05-27T16:44:23.106+0000] {logging_mixin.py:149} INFO - [2024-05-27T16:44:23.106+0000] {dag.py:2726} INFO - Sync 1 DAGs
[2024-05-27T16:44:23.121+0000] {logging_mixin.py:149} INFO - [2024-05-27T16:44:23.121+0000] {dag.py:3490} INFO - Setting next_dagrun for example_complex to None, run_after=None
[2024-05-27T16:44:23.130+0000] {processor.py:178} INFO - Processing /home/airflow/.local/lib/python3.7/site-packages/airflow/example_dags/example_complex.py took 0.055 seconds
[2024-05-27T16:44:53.228+0000] {processor.py:156} INFO - Started process (PID=575) to work on /home/airflow/.local/lib/python3.7/site-packages/airflow/example_dags/example_complex.py
[2024-05-27T16:44:53.229+0000] {processor.py:799} INFO - Processing file /home/airflow/.local/lib/python3.7/site-packages/airflow/example_dags/example_complex.py for tasks to queue
[2024-05-27T16:44:53.229+0000] {logging_mixin.py:149} INFO - [2024-05-27T16:44:53.229+0000] {dagbag.py:541} INFO - Filling up the DagBag from /home/airflow/.local/lib/python3.7/site-packages/airflow/example_dags/example_complex.py
[2024-05-27T16:44:53.236+0000] {logging_mixin.py:149} INFO - [2024-05-27T16:44:53.235+0000] {taskmixin.py:211} WARNING - Dependency <Task(BashOperator): create_entry_group>, delete_entry_group already registered for DAG: example_complex
[2024-05-27T16:44:53.236+0000] {logging_mixin.py:149} INFO - [2024-05-27T16:44:53.236+0000] {taskmixin.py:211} WARNING - Dependency <Task(BashOperator): delete_entry_group>, create_entry_group already registered for DAG: example_complex
[2024-05-27T16:44:53.236+0000] {logging_mixin.py:149} INFO - [2024-05-27T16:44:53.236+0000] {taskmixin.py:211} WARNING - Dependency <Task(BashOperator): create_entry_gcs>, delete_entry already registered for DAG: example_complex
[2024-05-27T16:44:53.236+0000] {logging_mixin.py:149} INFO - [2024-05-27T16:44:53.236+0000] {taskmixin.py:211} WARNING - Dependency <Task(BashOperator): delete_entry>, create_entry_gcs already registered for DAG: example_complex
[2024-05-27T16:44:53.236+0000] {logging_mixin.py:149} INFO - [2024-05-27T16:44:53.236+0000] {taskmixin.py:211} WARNING - Dependency <Task(BashOperator): create_tag>, delete_tag already registered for DAG: example_complex
[2024-05-27T16:44:53.237+0000] {logging_mixin.py:149} INFO - [2024-05-27T16:44:53.236+0000] {taskmixin.py:211} WARNING - Dependency <Task(BashOperator): delete_tag>, create_tag already registered for DAG: example_complex
[2024-05-27T16:44:53.237+0000] {processor.py:809} INFO - DAG(s) dict_keys(['example_complex']) retrieved from /home/airflow/.local/lib/python3.7/site-packages/airflow/example_dags/example_complex.py
[2024-05-27T16:44:53.254+0000] {logging_mixin.py:149} INFO - [2024-05-27T16:44:53.254+0000] {dag.py:2726} INFO - Sync 1 DAGs
[2024-05-27T16:44:53.266+0000] {logging_mixin.py:149} INFO - [2024-05-27T16:44:53.266+0000] {dag.py:3490} INFO - Setting next_dagrun for example_complex to None, run_after=None
[2024-05-27T16:44:53.275+0000] {processor.py:178} INFO - Processing /home/airflow/.local/lib/python3.7/site-packages/airflow/example_dags/example_complex.py took 0.050 seconds
[2024-05-27T16:45:24.212+0000] {processor.py:156} INFO - Started process (PID=635) to work on /home/airflow/.local/lib/python3.7/site-packages/airflow/example_dags/example_complex.py
[2024-05-27T16:45:24.212+0000] {processor.py:799} INFO - Processing file /home/airflow/.local/lib/python3.7/site-packages/airflow/example_dags/example_complex.py for tasks to queue
[2024-05-27T16:45:24.213+0000] {logging_mixin.py:149} INFO - [2024-05-27T16:45:24.213+0000] {dagbag.py:541} INFO - Filling up the DagBag from /home/airflow/.local/lib/python3.7/site-packages/airflow/example_dags/example_complex.py
[2024-05-27T16:45:24.219+0000] {logging_mixin.py:149} INFO - [2024-05-27T16:45:24.219+0000] {taskmixin.py:211} WARNING - Dependency <Task(BashOperator): create_entry_group>, delete_entry_group already registered for DAG: example_complex
[2024-05-27T16:45:24.219+0000] {logging_mixin.py:149} INFO - [2024-05-27T16:45:24.219+0000] {taskmixin.py:211} WARNING - Dependency <Task(BashOperator): delete_entry_group>, create_entry_group already registered for DAG: example_complex
[2024-05-27T16:45:24.219+0000] {logging_mixin.py:149} INFO - [2024-05-27T16:45:24.219+0000] {taskmixin.py:211} WARNING - Dependency <Task(BashOperator): create_entry_gcs>, delete_entry already registered for DAG: example_complex
[2024-05-27T16:45:24.220+0000] {logging_mixin.py:149} INFO - [2024-05-27T16:45:24.220+0000] {taskmixin.py:211} WARNING - Dependency <Task(BashOperator): delete_entry>, create_entry_gcs already registered for DAG: example_complex
[2024-05-27T16:45:24.220+0000] {logging_mixin.py:149} INFO - [2024-05-27T16:45:24.220+0000] {taskmixin.py:211} WARNING - Dependency <Task(BashOperator): create_tag>, delete_tag already registered for DAG: example_complex
[2024-05-27T16:45:24.220+0000] {logging_mixin.py:149} INFO - [2024-05-27T16:45:24.220+0000] {taskmixin.py:211} WARNING - Dependency <Task(BashOperator): delete_tag>, create_tag already registered for DAG: example_complex
[2024-05-27T16:45:24.221+0000] {processor.py:809} INFO - DAG(s) dict_keys(['example_complex']) retrieved from /home/airflow/.local/lib/python3.7/site-packages/airflow/example_dags/example_complex.py
[2024-05-27T16:45:24.238+0000] {logging_mixin.py:149} INFO - [2024-05-27T16:45:24.238+0000] {dag.py:2726} INFO - Sync 1 DAGs
[2024-05-27T16:45:24.250+0000] {logging_mixin.py:149} INFO - [2024-05-27T16:45:24.250+0000] {dag.py:3490} INFO - Setting next_dagrun for example_complex to None, run_after=None
[2024-05-27T16:45:24.258+0000] {processor.py:178} INFO - Processing /home/airflow/.local/lib/python3.7/site-packages/airflow/example_dags/example_complex.py took 0.048 seconds
[2024-05-27T16:45:54.975+0000] {processor.py:156} INFO - Started process (PID=695) to work on /home/airflow/.local/lib/python3.7/site-packages/airflow/example_dags/example_complex.py
[2024-05-27T16:45:54.976+0000] {processor.py:799} INFO - Processing file /home/airflow/.local/lib/python3.7/site-packages/airflow/example_dags/example_complex.py for tasks to queue
[2024-05-27T16:45:54.976+0000] {logging_mixin.py:149} INFO - [2024-05-27T16:45:54.976+0000] {dagbag.py:541} INFO - Filling up the DagBag from /home/airflow/.local/lib/python3.7/site-packages/airflow/example_dags/example_complex.py
[2024-05-27T16:45:54.982+0000] {logging_mixin.py:149} INFO - [2024-05-27T16:45:54.982+0000] {taskmixin.py:211} WARNING - Dependency <Task(BashOperator): create_entry_group>, delete_entry_group already registered for DAG: example_complex
[2024-05-27T16:45:54.982+0000] {logging_mixin.py:149} INFO - [2024-05-27T16:45:54.982+0000] {taskmixin.py:211} WARNING - Dependency <Task(BashOperator): delete_entry_group>, create_entry_group already registered for DAG: example_complex
[2024-05-27T16:45:54.982+0000] {logging_mixin.py:149} INFO - [2024-05-27T16:45:54.982+0000] {taskmixin.py:211} WARNING - Dependency <Task(BashOperator): create_entry_gcs>, delete_entry already registered for DAG: example_complex
[2024-05-27T16:45:54.982+0000] {logging_mixin.py:149} INFO - [2024-05-27T16:45:54.982+0000] {taskmixin.py:211} WARNING - Dependency <Task(BashOperator): delete_entry>, create_entry_gcs already registered for DAG: example_complex
[2024-05-27T16:45:54.983+0000] {logging_mixin.py:149} INFO - [2024-05-27T16:45:54.983+0000] {taskmixin.py:211} WARNING - Dependency <Task(BashOperator): create_tag>, delete_tag already registered for DAG: example_complex
[2024-05-27T16:45:54.983+0000] {logging_mixin.py:149} INFO - [2024-05-27T16:45:54.983+0000] {taskmixin.py:211} WARNING - Dependency <Task(BashOperator): delete_tag>, create_tag already registered for DAG: example_complex
[2024-05-27T16:45:54.984+0000] {processor.py:809} INFO - DAG(s) dict_keys(['example_complex']) retrieved from /home/airflow/.local/lib/python3.7/site-packages/airflow/example_dags/example_complex.py
[2024-05-27T16:45:55.001+0000] {logging_mixin.py:149} INFO - [2024-05-27T16:45:55.001+0000] {dag.py:2726} INFO - Sync 1 DAGs
[2024-05-27T16:45:55.013+0000] {logging_mixin.py:149} INFO - [2024-05-27T16:45:55.013+0000] {dag.py:3490} INFO - Setting next_dagrun for example_complex to None, run_after=None
[2024-05-27T16:45:55.022+0000] {processor.py:178} INFO - Processing /home/airflow/.local/lib/python3.7/site-packages/airflow/example_dags/example_complex.py took 0.048 seconds
[2024-05-27T16:46:25.147+0000] {processor.py:156} INFO - Started process (PID=755) to work on /home/airflow/.local/lib/python3.7/site-packages/airflow/example_dags/example_complex.py
[2024-05-27T16:46:25.148+0000] {processor.py:799} INFO - Processing file /home/airflow/.local/lib/python3.7/site-packages/airflow/example_dags/example_complex.py for tasks to queue
[2024-05-27T16:46:25.148+0000] {logging_mixin.py:149} INFO - [2024-05-27T16:46:25.148+0000] {dagbag.py:541} INFO - Filling up the DagBag from /home/airflow/.local/lib/python3.7/site-packages/airflow/example_dags/example_complex.py
[2024-05-27T16:46:25.154+0000] {logging_mixin.py:149} INFO - [2024-05-27T16:46:25.154+0000] {taskmixin.py:211} WARNING - Dependency <Task(BashOperator): create_entry_group>, delete_entry_group already registered for DAG: example_complex
[2024-05-27T16:46:25.154+0000] {logging_mixin.py:149} INFO - [2024-05-27T16:46:25.154+0000] {taskmixin.py:211} WARNING - Dependency <Task(BashOperator): delete_entry_group>, create_entry_group already registered for DAG: example_complex
[2024-05-27T16:46:25.154+0000] {logging_mixin.py:149} INFO - [2024-05-27T16:46:25.154+0000] {taskmixin.py:211} WARNING - Dependency <Task(BashOperator): create_entry_gcs>, delete_entry already registered for DAG: example_complex
[2024-05-27T16:46:25.154+0000] {logging_mixin.py:149} INFO - [2024-05-27T16:46:25.154+0000] {taskmixin.py:211} WARNING - Dependency <Task(BashOperator): delete_entry>, create_entry_gcs already registered for DAG: example_complex
[2024-05-27T16:46:25.155+0000] {logging_mixin.py:149} INFO - [2024-05-27T16:46:25.154+0000] {taskmixin.py:211} WARNING - Dependency <Task(BashOperator): create_tag>, delete_tag already registered for DAG: example_complex
[2024-05-27T16:46:25.155+0000] {logging_mixin.py:149} INFO - [2024-05-27T16:46:25.155+0000] {taskmixin.py:211} WARNING - Dependency <Task(BashOperator): delete_tag>, create_tag already registered for DAG: example_complex
[2024-05-27T16:46:25.156+0000] {processor.py:809} INFO - DAG(s) dict_keys(['example_complex']) retrieved from /home/airflow/.local/lib/python3.7/site-packages/airflow/example_dags/example_complex.py
[2024-05-27T16:46:25.172+0000] {logging_mixin.py:149} INFO - [2024-05-27T16:46:25.172+0000] {dag.py:2726} INFO - Sync 1 DAGs
[2024-05-27T16:46:25.183+0000] {logging_mixin.py:149} INFO - [2024-05-27T16:46:25.183+0000] {dag.py:3490} INFO - Setting next_dagrun for example_complex to None, run_after=None
[2024-05-27T16:46:25.192+0000] {processor.py:178} INFO - Processing /home/airflow/.local/lib/python3.7/site-packages/airflow/example_dags/example_complex.py took 0.046 seconds
[2024-05-27T16:46:56.028+0000] {processor.py:156} INFO - Started process (PID=815) to work on /home/airflow/.local/lib/python3.7/site-packages/airflow/example_dags/example_complex.py
[2024-05-27T16:46:56.029+0000] {processor.py:799} INFO - Processing file /home/airflow/.local/lib/python3.7/site-packages/airflow/example_dags/example_complex.py for tasks to queue
[2024-05-27T16:46:56.029+0000] {logging_mixin.py:149} INFO - [2024-05-27T16:46:56.029+0000] {dagbag.py:541} INFO - Filling up the DagBag from /home/airflow/.local/lib/python3.7/site-packages/airflow/example_dags/example_complex.py
[2024-05-27T16:46:56.035+0000] {logging_mixin.py:149} INFO - [2024-05-27T16:46:56.035+0000] {taskmixin.py:211} WARNING - Dependency <Task(BashOperator): create_entry_group>, delete_entry_group already registered for DAG: example_complex
[2024-05-27T16:46:56.035+0000] {logging_mixin.py:149} INFO - [2024-05-27T16:46:56.035+0000] {taskmixin.py:211} WARNING - Dependency <Task(BashOperator): delete_entry_group>, create_entry_group already registered for DAG: example_complex
[2024-05-27T16:46:56.036+0000] {logging_mixin.py:149} INFO - [2024-05-27T16:46:56.036+0000] {taskmixin.py:211} WARNING - Dependency <Task(BashOperator): create_entry_gcs>, delete_entry already registered for DAG: example_complex
[2024-05-27T16:46:56.036+0000] {logging_mixin.py:149} INFO - [2024-05-27T16:46:56.036+0000] {taskmixin.py:211} WARNING - Dependency <Task(BashOperator): delete_entry>, create_entry_gcs already registered for DAG: example_complex
[2024-05-27T16:46:56.036+0000] {logging_mixin.py:149} INFO - [2024-05-27T16:46:56.036+0000] {taskmixin.py:211} WARNING - Dependency <Task(BashOperator): create_tag>, delete_tag already registered for DAG: example_complex
[2024-05-27T16:46:56.036+0000] {logging_mixin.py:149} INFO - [2024-05-27T16:46:56.036+0000] {taskmixin.py:211} WARNING - Dependency <Task(BashOperator): delete_tag>, create_tag already registered for DAG: example_complex
[2024-05-27T16:46:56.037+0000] {processor.py:809} INFO - DAG(s) dict_keys(['example_complex']) retrieved from /home/airflow/.local/lib/python3.7/site-packages/airflow/example_dags/example_complex.py
[2024-05-27T16:46:56.056+0000] {logging_mixin.py:149} INFO - [2024-05-27T16:46:56.056+0000] {dag.py:2726} INFO - Sync 1 DAGs
[2024-05-27T16:46:56.068+0000] {logging_mixin.py:149} INFO - [2024-05-27T16:46:56.068+0000] {dag.py:3490} INFO - Setting next_dagrun for example_complex to None, run_after=None
[2024-05-27T16:46:56.077+0000] {processor.py:178} INFO - Processing /home/airflow/.local/lib/python3.7/site-packages/airflow/example_dags/example_complex.py took 0.051 seconds
[2024-05-27T16:47:26.835+0000] {processor.py:156} INFO - Started process (PID=875) to work on /home/airflow/.local/lib/python3.7/site-packages/airflow/example_dags/example_complex.py
[2024-05-27T16:47:26.835+0000] {processor.py:799} INFO - Processing file /home/airflow/.local/lib/python3.7/site-packages/airflow/example_dags/example_complex.py for tasks to queue
[2024-05-27T16:47:26.836+0000] {logging_mixin.py:149} INFO - [2024-05-27T16:47:26.836+0000] {dagbag.py:541} INFO - Filling up the DagBag from /home/airflow/.local/lib/python3.7/site-packages/airflow/example_dags/example_complex.py
[2024-05-27T16:47:26.841+0000] {logging_mixin.py:149} INFO - [2024-05-27T16:47:26.841+0000] {taskmixin.py:211} WARNING - Dependency <Task(BashOperator): create_entry_group>, delete_entry_group already registered for DAG: example_complex
[2024-05-27T16:47:26.841+0000] {logging_mixin.py:149} INFO - [2024-05-27T16:47:26.841+0000] {taskmixin.py:211} WARNING - Dependency <Task(BashOperator): delete_entry_group>, create_entry_group already registered for DAG: example_complex
[2024-05-27T16:47:26.841+0000] {logging_mixin.py:149} INFO - [2024-05-27T16:47:26.841+0000] {taskmixin.py:211} WARNING - Dependency <Task(BashOperator): create_entry_gcs>, delete_entry already registered for DAG: example_complex
[2024-05-27T16:47:26.842+0000] {logging_mixin.py:149} INFO - [2024-05-27T16:47:26.842+0000] {taskmixin.py:211} WARNING - Dependency <Task(BashOperator): delete_entry>, create_entry_gcs already registered for DAG: example_complex
[2024-05-27T16:47:26.842+0000] {logging_mixin.py:149} INFO - [2024-05-27T16:47:26.842+0000] {taskmixin.py:211} WARNING - Dependency <Task(BashOperator): create_tag>, delete_tag already registered for DAG: example_complex
[2024-05-27T16:47:26.842+0000] {logging_mixin.py:149} INFO - [2024-05-27T16:47:26.842+0000] {taskmixin.py:211} WARNING - Dependency <Task(BashOperator): delete_tag>, create_tag already registered for DAG: example_complex
[2024-05-27T16:47:26.843+0000] {processor.py:809} INFO - DAG(s) dict_keys(['example_complex']) retrieved from /home/airflow/.local/lib/python3.7/site-packages/airflow/example_dags/example_complex.py
[2024-05-27T16:47:26.860+0000] {logging_mixin.py:149} INFO - [2024-05-27T16:47:26.860+0000] {dag.py:2726} INFO - Sync 1 DAGs
[2024-05-27T16:47:26.872+0000] {logging_mixin.py:149} INFO - [2024-05-27T16:47:26.872+0000] {dag.py:3490} INFO - Setting next_dagrun for example_complex to None, run_after=None
[2024-05-27T16:47:26.880+0000] {processor.py:178} INFO - Processing /home/airflow/.local/lib/python3.7/site-packages/airflow/example_dags/example_complex.py took 0.047 seconds
[2024-05-27T16:47:57.612+0000] {processor.py:156} INFO - Started process (PID=935) to work on /home/airflow/.local/lib/python3.7/site-packages/airflow/example_dags/example_complex.py
[2024-05-27T16:47:57.613+0000] {processor.py:799} INFO - Processing file /home/airflow/.local/lib/python3.7/site-packages/airflow/example_dags/example_complex.py for tasks to queue
[2024-05-27T16:47:57.614+0000] {logging_mixin.py:149} INFO - [2024-05-27T16:47:57.614+0000] {dagbag.py:541} INFO - Filling up the DagBag from /home/airflow/.local/lib/python3.7/site-packages/airflow/example_dags/example_complex.py
[2024-05-27T16:47:57.620+0000] {logging_mixin.py:149} INFO - [2024-05-27T16:47:57.620+0000] {taskmixin.py:211} WARNING - Dependency <Task(BashOperator): create_entry_group>, delete_entry_group already registered for DAG: example_complex
[2024-05-27T16:47:57.620+0000] {logging_mixin.py:149} INFO - [2024-05-27T16:47:57.620+0000] {taskmixin.py:211} WARNING - Dependency <Task(BashOperator): delete_entry_group>, create_entry_group already registered for DAG: example_complex
[2024-05-27T16:47:57.620+0000] {logging_mixin.py:149} INFO - [2024-05-27T16:47:57.620+0000] {taskmixin.py:211} WARNING - Dependency <Task(BashOperator): create_entry_gcs>, delete_entry already registered for DAG: example_complex
[2024-05-27T16:47:57.621+0000] {logging_mixin.py:149} INFO - [2024-05-27T16:47:57.621+0000] {taskmixin.py:211} WARNING - Dependency <Task(BashOperator): delete_entry>, create_entry_gcs already registered for DAG: example_complex
[2024-05-27T16:47:57.621+0000] {logging_mixin.py:149} INFO - [2024-05-27T16:47:57.621+0000] {taskmixin.py:211} WARNING - Dependency <Task(BashOperator): create_tag>, delete_tag already registered for DAG: example_complex
[2024-05-27T16:47:57.621+0000] {logging_mixin.py:149} INFO - [2024-05-27T16:47:57.621+0000] {taskmixin.py:211} WARNING - Dependency <Task(BashOperator): delete_tag>, create_tag already registered for DAG: example_complex
[2024-05-27T16:47:57.622+0000] {processor.py:809} INFO - DAG(s) dict_keys(['example_complex']) retrieved from /home/airflow/.local/lib/python3.7/site-packages/airflow/example_dags/example_complex.py
[2024-05-27T16:47:57.640+0000] {logging_mixin.py:149} INFO - [2024-05-27T16:47:57.640+0000] {dag.py:2726} INFO - Sync 1 DAGs
[2024-05-27T16:47:57.652+0000] {logging_mixin.py:149} INFO - [2024-05-27T16:47:57.652+0000] {dag.py:3490} INFO - Setting next_dagrun for example_complex to None, run_after=None
[2024-05-27T16:47:57.661+0000] {processor.py:178} INFO - Processing /home/airflow/.local/lib/python3.7/site-packages/airflow/example_dags/example_complex.py took 0.050 seconds
[2024-05-27T16:48:28.422+0000] {processor.py:156} INFO - Started process (PID=995) to work on /home/airflow/.local/lib/python3.7/site-packages/airflow/example_dags/example_complex.py
[2024-05-27T16:48:28.423+0000] {processor.py:799} INFO - Processing file /home/airflow/.local/lib/python3.7/site-packages/airflow/example_dags/example_complex.py for tasks to queue
[2024-05-27T16:48:28.423+0000] {logging_mixin.py:149} INFO - [2024-05-27T16:48:28.423+0000] {dagbag.py:541} INFO - Filling up the DagBag from /home/airflow/.local/lib/python3.7/site-packages/airflow/example_dags/example_complex.py
[2024-05-27T16:48:28.429+0000] {logging_mixin.py:149} INFO - [2024-05-27T16:48:28.429+0000] {taskmixin.py:211} WARNING - Dependency <Task(BashOperator): create_entry_group>, delete_entry_group already registered for DAG: example_complex
[2024-05-27T16:48:28.429+0000] {logging_mixin.py:149} INFO - [2024-05-27T16:48:28.429+0000] {taskmixin.py:211} WARNING - Dependency <Task(BashOperator): delete_entry_group>, create_entry_group already registered for DAG: example_complex
[2024-05-27T16:48:28.429+0000] {logging_mixin.py:149} INFO - [2024-05-27T16:48:28.429+0000] {taskmixin.py:211} WARNING - Dependency <Task(BashOperator): create_entry_gcs>, delete_entry already registered for DAG: example_complex
[2024-05-27T16:48:28.430+0000] {logging_mixin.py:149} INFO - [2024-05-27T16:48:28.429+0000] {taskmixin.py:211} WARNING - Dependency <Task(BashOperator): delete_entry>, create_entry_gcs already registered for DAG: example_complex
[2024-05-27T16:48:28.430+0000] {logging_mixin.py:149} INFO - [2024-05-27T16:48:28.430+0000] {taskmixin.py:211} WARNING - Dependency <Task(BashOperator): create_tag>, delete_tag already registered for DAG: example_complex
[2024-05-27T16:48:28.430+0000] {logging_mixin.py:149} INFO - [2024-05-27T16:48:28.430+0000] {taskmixin.py:211} WARNING - Dependency <Task(BashOperator): delete_tag>, create_tag already registered for DAG: example_complex
[2024-05-27T16:48:28.431+0000] {processor.py:809} INFO - DAG(s) dict_keys(['example_complex']) retrieved from /home/airflow/.local/lib/python3.7/site-packages/airflow/example_dags/example_complex.py
[2024-05-27T16:48:28.448+0000] {logging_mixin.py:149} INFO - [2024-05-27T16:48:28.448+0000] {dag.py:2726} INFO - Sync 1 DAGs
[2024-05-27T16:48:28.460+0000] {logging_mixin.py:149} INFO - [2024-05-27T16:48:28.460+0000] {dag.py:3490} INFO - Setting next_dagrun for example_complex to None, run_after=None
[2024-05-27T16:48:28.468+0000] {processor.py:178} INFO - Processing /home/airflow/.local/lib/python3.7/site-packages/airflow/example_dags/example_complex.py took 0.048 seconds
[2024-05-27T16:48:59.086+0000] {processor.py:156} INFO - Started process (PID=1055) to work on /home/airflow/.local/lib/python3.7/site-packages/airflow/example_dags/example_complex.py
[2024-05-27T16:48:59.087+0000] {processor.py:799} INFO - Processing file /home/airflow/.local/lib/python3.7/site-packages/airflow/example_dags/example_complex.py for tasks to queue
[2024-05-27T16:48:59.087+0000] {logging_mixin.py:149} INFO - [2024-05-27T16:48:59.087+0000] {dagbag.py:541} INFO - Filling up the DagBag from /home/airflow/.local/lib/python3.7/site-packages/airflow/example_dags/example_complex.py
[2024-05-27T16:48:59.093+0000] {logging_mixin.py:149} INFO - [2024-05-27T16:48:59.093+0000] {taskmixin.py:211} WARNING - Dependency <Task(BashOperator): create_entry_group>, delete_entry_group already registered for DAG: example_complex
[2024-05-27T16:48:59.093+0000] {logging_mixin.py:149} INFO - [2024-05-27T16:48:59.093+0000] {taskmixin.py:211} WARNING - Dependency <Task(BashOperator): delete_entry_group>, create_entry_group already registered for DAG: example_complex
[2024-05-27T16:48:59.094+0000] {logging_mixin.py:149} INFO - [2024-05-27T16:48:59.094+0000] {taskmixin.py:211} WARNING - Dependency <Task(BashOperator): create_entry_gcs>, delete_entry already registered for DAG: example_complex
[2024-05-27T16:48:59.094+0000] {logging_mixin.py:149} INFO - [2024-05-27T16:48:59.094+0000] {taskmixin.py:211} WARNING - Dependency <Task(BashOperator): delete_entry>, create_entry_gcs already registered for DAG: example_complex
[2024-05-27T16:48:59.094+0000] {logging_mixin.py:149} INFO - [2024-05-27T16:48:59.094+0000] {taskmixin.py:211} WARNING - Dependency <Task(BashOperator): create_tag>, delete_tag already registered for DAG: example_complex
[2024-05-27T16:48:59.094+0000] {logging_mixin.py:149} INFO - [2024-05-27T16:48:59.094+0000] {taskmixin.py:211} WARNING - Dependency <Task(BashOperator): delete_tag>, create_tag already registered for DAG: example_complex
[2024-05-27T16:48:59.095+0000] {processor.py:809} INFO - DAG(s) dict_keys(['example_complex']) retrieved from /home/airflow/.local/lib/python3.7/site-packages/airflow/example_dags/example_complex.py
[2024-05-27T16:48:59.113+0000] {logging_mixin.py:149} INFO - [2024-05-27T16:48:59.113+0000] {dag.py:2726} INFO - Sync 1 DAGs
[2024-05-27T16:48:59.125+0000] {logging_mixin.py:149} INFO - [2024-05-27T16:48:59.125+0000] {dag.py:3490} INFO - Setting next_dagrun for example_complex to None, run_after=None
[2024-05-27T16:48:59.133+0000] {processor.py:178} INFO - Processing /home/airflow/.local/lib/python3.7/site-packages/airflow/example_dags/example_complex.py took 0.049 seconds
[2024-05-27T16:50:02.155+0000] {processor.py:156} INFO - Started process (PID=1115) to work on /home/airflow/.local/lib/python3.7/site-packages/airflow/example_dags/example_complex.py
[2024-05-27T16:50:02.155+0000] {processor.py:799} INFO - Processing file /home/airflow/.local/lib/python3.7/site-packages/airflow/example_dags/example_complex.py for tasks to queue
[2024-05-27T16:50:02.156+0000] {logging_mixin.py:149} INFO - [2024-05-27T16:50:02.156+0000] {dagbag.py:541} INFO - Filling up the DagBag from /home/airflow/.local/lib/python3.7/site-packages/airflow/example_dags/example_complex.py
[2024-05-27T16:50:02.162+0000] {logging_mixin.py:149} INFO - [2024-05-27T16:50:02.162+0000] {taskmixin.py:211} WARNING - Dependency <Task(BashOperator): create_entry_group>, delete_entry_group already registered for DAG: example_complex
[2024-05-27T16:50:02.162+0000] {logging_mixin.py:149} INFO - [2024-05-27T16:50:02.162+0000] {taskmixin.py:211} WARNING - Dependency <Task(BashOperator): delete_entry_group>, create_entry_group already registered for DAG: example_complex
[2024-05-27T16:50:02.162+0000] {logging_mixin.py:149} INFO - [2024-05-27T16:50:02.162+0000] {taskmixin.py:211} WARNING - Dependency <Task(BashOperator): create_entry_gcs>, delete_entry already registered for DAG: example_complex
[2024-05-27T16:50:02.163+0000] {logging_mixin.py:149} INFO - [2024-05-27T16:50:02.163+0000] {taskmixin.py:211} WARNING - Dependency <Task(BashOperator): delete_entry>, create_entry_gcs already registered for DAG: example_complex
[2024-05-27T16:50:02.163+0000] {logging_mixin.py:149} INFO - [2024-05-27T16:50:02.163+0000] {taskmixin.py:211} WARNING - Dependency <Task(BashOperator): create_tag>, delete_tag already registered for DAG: example_complex
[2024-05-27T16:50:02.163+0000] {logging_mixin.py:149} INFO - [2024-05-27T16:50:02.163+0000] {taskmixin.py:211} WARNING - Dependency <Task(BashOperator): delete_tag>, create_tag already registered for DAG: example_complex
[2024-05-27T16:50:02.164+0000] {processor.py:809} INFO - DAG(s) dict_keys(['example_complex']) retrieved from /home/airflow/.local/lib/python3.7/site-packages/airflow/example_dags/example_complex.py
[2024-05-27T16:50:02.183+0000] {logging_mixin.py:149} INFO - [2024-05-27T16:50:02.183+0000] {dag.py:2726} INFO - Sync 1 DAGs
[2024-05-27T16:50:02.195+0000] {logging_mixin.py:149} INFO - [2024-05-27T16:50:02.195+0000] {dag.py:3490} INFO - Setting next_dagrun for example_complex to None, run_after=None
[2024-05-27T16:50:02.204+0000] {processor.py:178} INFO - Processing /home/airflow/.local/lib/python3.7/site-packages/airflow/example_dags/example_complex.py took 0.051 seconds
[2024-05-27T16:50:32.280+0000] {processor.py:156} INFO - Started process (PID=1175) to work on /home/airflow/.local/lib/python3.7/site-packages/airflow/example_dags/example_complex.py
[2024-05-27T16:50:32.281+0000] {processor.py:799} INFO - Processing file /home/airflow/.local/lib/python3.7/site-packages/airflow/example_dags/example_complex.py for tasks to queue
[2024-05-27T16:50:32.281+0000] {logging_mixin.py:149} INFO - [2024-05-27T16:50:32.281+0000] {dagbag.py:541} INFO - Filling up the DagBag from /home/airflow/.local/lib/python3.7/site-packages/airflow/example_dags/example_complex.py
[2024-05-27T16:50:32.286+0000] {logging_mixin.py:149} INFO - [2024-05-27T16:50:32.286+0000] {taskmixin.py:211} WARNING - Dependency <Task(BashOperator): create_entry_group>, delete_entry_group already registered for DAG: example_complex
[2024-05-27T16:50:32.286+0000] {logging_mixin.py:149} INFO - [2024-05-27T16:50:32.286+0000] {taskmixin.py:211} WARNING - Dependency <Task(BashOperator): delete_entry_group>, create_entry_group already registered for DAG: example_complex
[2024-05-27T16:50:32.286+0000] {logging_mixin.py:149} INFO - [2024-05-27T16:50:32.286+0000] {taskmixin.py:211} WARNING - Dependency <Task(BashOperator): create_entry_gcs>, delete_entry already registered for DAG: example_complex
[2024-05-27T16:50:32.286+0000] {logging_mixin.py:149} INFO - [2024-05-27T16:50:32.286+0000] {taskmixin.py:211} WARNING - Dependency <Task(BashOperator): delete_entry>, create_entry_gcs already registered for DAG: example_complex
[2024-05-27T16:50:32.287+0000] {logging_mixin.py:149} INFO - [2024-05-27T16:50:32.287+0000] {taskmixin.py:211} WARNING - Dependency <Task(BashOperator): create_tag>, delete_tag already registered for DAG: example_complex
[2024-05-27T16:50:32.287+0000] {logging_mixin.py:149} INFO - [2024-05-27T16:50:32.287+0000] {taskmixin.py:211} WARNING - Dependency <Task(BashOperator): delete_tag>, create_tag already registered for DAG: example_complex
[2024-05-27T16:50:32.288+0000] {processor.py:809} INFO - DAG(s) dict_keys(['example_complex']) retrieved from /home/airflow/.local/lib/python3.7/site-packages/airflow/example_dags/example_complex.py
[2024-05-27T16:50:32.305+0000] {logging_mixin.py:149} INFO - [2024-05-27T16:50:32.304+0000] {dag.py:2726} INFO - Sync 1 DAGs
[2024-05-27T16:50:32.316+0000] {logging_mixin.py:149} INFO - [2024-05-27T16:50:32.316+0000] {dag.py:3490} INFO - Setting next_dagrun for example_complex to None, run_after=None
[2024-05-27T16:50:32.323+0000] {processor.py:178} INFO - Processing /home/airflow/.local/lib/python3.7/site-packages/airflow/example_dags/example_complex.py took 0.045 seconds
[2024-05-27T16:51:02.408+0000] {processor.py:156} INFO - Started process (PID=1236) to work on /home/airflow/.local/lib/python3.7/site-packages/airflow/example_dags/example_complex.py
[2024-05-27T16:51:02.409+0000] {processor.py:799} INFO - Processing file /home/airflow/.local/lib/python3.7/site-packages/airflow/example_dags/example_complex.py for tasks to queue
[2024-05-27T16:51:02.410+0000] {logging_mixin.py:149} INFO - [2024-05-27T16:51:02.409+0000] {dagbag.py:541} INFO - Filling up the DagBag from /home/airflow/.local/lib/python3.7/site-packages/airflow/example_dags/example_complex.py
[2024-05-27T16:51:02.415+0000] {logging_mixin.py:149} INFO - [2024-05-27T16:51:02.415+0000] {taskmixin.py:211} WARNING - Dependency <Task(BashOperator): create_entry_group>, delete_entry_group already registered for DAG: example_complex
[2024-05-27T16:51:02.415+0000] {logging_mixin.py:149} INFO - [2024-05-27T16:51:02.415+0000] {taskmixin.py:211} WARNING - Dependency <Task(BashOperator): delete_entry_group>, create_entry_group already registered for DAG: example_complex
[2024-05-27T16:51:02.415+0000] {logging_mixin.py:149} INFO - [2024-05-27T16:51:02.415+0000] {taskmixin.py:211} WARNING - Dependency <Task(BashOperator): create_entry_gcs>, delete_entry already registered for DAG: example_complex
[2024-05-27T16:51:02.415+0000] {logging_mixin.py:149} INFO - [2024-05-27T16:51:02.415+0000] {taskmixin.py:211} WARNING - Dependency <Task(BashOperator): delete_entry>, create_entry_gcs already registered for DAG: example_complex
[2024-05-27T16:51:02.416+0000] {logging_mixin.py:149} INFO - [2024-05-27T16:51:02.416+0000] {taskmixin.py:211} WARNING - Dependency <Task(BashOperator): create_tag>, delete_tag already registered for DAG: example_complex
[2024-05-27T16:51:02.416+0000] {logging_mixin.py:149} INFO - [2024-05-27T16:51:02.416+0000] {taskmixin.py:211} WARNING - Dependency <Task(BashOperator): delete_tag>, create_tag already registered for DAG: example_complex
[2024-05-27T16:51:02.417+0000] {processor.py:809} INFO - DAG(s) dict_keys(['example_complex']) retrieved from /home/airflow/.local/lib/python3.7/site-packages/airflow/example_dags/example_complex.py
[2024-05-27T16:51:02.434+0000] {logging_mixin.py:149} INFO - [2024-05-27T16:51:02.434+0000] {dag.py:2726} INFO - Sync 1 DAGs
[2024-05-27T16:51:02.445+0000] {logging_mixin.py:149} INFO - [2024-05-27T16:51:02.445+0000] {dag.py:3490} INFO - Setting next_dagrun for example_complex to None, run_after=None
[2024-05-27T16:51:02.453+0000] {processor.py:178} INFO - Processing /home/airflow/.local/lib/python3.7/site-packages/airflow/example_dags/example_complex.py took 0.047 seconds
[2024-05-27T16:51:32.643+0000] {processor.py:156} INFO - Started process (PID=1298) to work on /home/airflow/.local/lib/python3.7/site-packages/airflow/example_dags/example_complex.py
[2024-05-27T16:51:32.643+0000] {processor.py:799} INFO - Processing file /home/airflow/.local/lib/python3.7/site-packages/airflow/example_dags/example_complex.py for tasks to queue
[2024-05-27T16:51:32.644+0000] {logging_mixin.py:149} INFO - [2024-05-27T16:51:32.644+0000] {dagbag.py:541} INFO - Filling up the DagBag from /home/airflow/.local/lib/python3.7/site-packages/airflow/example_dags/example_complex.py
[2024-05-27T16:51:32.650+0000] {logging_mixin.py:149} INFO - [2024-05-27T16:51:32.650+0000] {taskmixin.py:211} WARNING - Dependency <Task(BashOperator): create_entry_group>, delete_entry_group already registered for DAG: example_complex
[2024-05-27T16:51:32.650+0000] {logging_mixin.py:149} INFO - [2024-05-27T16:51:32.650+0000] {taskmixin.py:211} WARNING - Dependency <Task(BashOperator): delete_entry_group>, create_entry_group already registered for DAG: example_complex
[2024-05-27T16:51:32.650+0000] {logging_mixin.py:149} INFO - [2024-05-27T16:51:32.650+0000] {taskmixin.py:211} WARNING - Dependency <Task(BashOperator): create_entry_gcs>, delete_entry already registered for DAG: example_complex
[2024-05-27T16:51:32.650+0000] {logging_mixin.py:149} INFO - [2024-05-27T16:51:32.650+0000] {taskmixin.py:211} WARNING - Dependency <Task(BashOperator): delete_entry>, create_entry_gcs already registered for DAG: example_complex
[2024-05-27T16:51:32.650+0000] {logging_mixin.py:149} INFO - [2024-05-27T16:51:32.650+0000] {taskmixin.py:211} WARNING - Dependency <Task(BashOperator): create_tag>, delete_tag already registered for DAG: example_complex
[2024-05-27T16:51:32.650+0000] {logging_mixin.py:149} INFO - [2024-05-27T16:51:32.650+0000] {taskmixin.py:211} WARNING - Dependency <Task(BashOperator): delete_tag>, create_tag already registered for DAG: example_complex
[2024-05-27T16:51:32.651+0000] {processor.py:809} INFO - DAG(s) dict_keys(['example_complex']) retrieved from /home/airflow/.local/lib/python3.7/site-packages/airflow/example_dags/example_complex.py
[2024-05-27T16:51:32.675+0000] {logging_mixin.py:149} INFO - [2024-05-27T16:51:32.675+0000] {dag.py:2726} INFO - Sync 1 DAGs
[2024-05-27T16:51:32.688+0000] {logging_mixin.py:149} INFO - [2024-05-27T16:51:32.688+0000] {dag.py:3490} INFO - Setting next_dagrun for example_complex to None, run_after=None
[2024-05-27T16:51:32.697+0000] {processor.py:178} INFO - Processing /home/airflow/.local/lib/python3.7/site-packages/airflow/example_dags/example_complex.py took 0.056 seconds
[2024-05-27T16:52:05.798+0000] {processor.py:156} INFO - Started process (PID=1376) to work on /home/airflow/.local/lib/python3.7/site-packages/airflow/example_dags/example_complex.py
[2024-05-27T16:52:05.801+0000] {processor.py:799} INFO - Processing file /home/airflow/.local/lib/python3.7/site-packages/airflow/example_dags/example_complex.py for tasks to queue
[2024-05-27T16:52:05.805+0000] {logging_mixin.py:149} INFO - [2024-05-27T16:52:05.805+0000] {dagbag.py:541} INFO - Filling up the DagBag from /home/airflow/.local/lib/python3.7/site-packages/airflow/example_dags/example_complex.py
[2024-05-27T16:52:05.827+0000] {logging_mixin.py:149} INFO - [2024-05-27T16:52:05.826+0000] {taskmixin.py:211} WARNING - Dependency <Task(BashOperator): create_entry_group>, delete_entry_group already registered for DAG: example_complex
[2024-05-27T16:52:05.829+0000] {logging_mixin.py:149} INFO - [2024-05-27T16:52:05.829+0000] {taskmixin.py:211} WARNING - Dependency <Task(BashOperator): delete_entry_group>, create_entry_group already registered for DAG: example_complex
[2024-05-27T16:52:05.831+0000] {logging_mixin.py:149} INFO - [2024-05-27T16:52:05.830+0000] {taskmixin.py:211} WARNING - Dependency <Task(BashOperator): create_entry_gcs>, delete_entry already registered for DAG: example_complex
[2024-05-27T16:52:05.832+0000] {logging_mixin.py:149} INFO - [2024-05-27T16:52:05.832+0000] {taskmixin.py:211} WARNING - Dependency <Task(BashOperator): delete_entry>, create_entry_gcs already registered for DAG: example_complex
[2024-05-27T16:52:05.835+0000] {logging_mixin.py:149} INFO - [2024-05-27T16:52:05.835+0000] {taskmixin.py:211} WARNING - Dependency <Task(BashOperator): create_tag>, delete_tag already registered for DAG: example_complex
[2024-05-27T16:52:05.837+0000] {logging_mixin.py:149} INFO - [2024-05-27T16:52:05.837+0000] {taskmixin.py:211} WARNING - Dependency <Task(BashOperator): delete_tag>, create_tag already registered for DAG: example_complex
[2024-05-27T16:52:05.841+0000] {processor.py:809} INFO - DAG(s) dict_keys(['example_complex']) retrieved from /home/airflow/.local/lib/python3.7/site-packages/airflow/example_dags/example_complex.py
[2024-05-27T16:52:06.157+0000] {logging_mixin.py:149} INFO - [2024-05-27T16:52:06.156+0000] {dag.py:2726} INFO - Sync 1 DAGs
[2024-05-27T16:52:06.254+0000] {logging_mixin.py:149} INFO - [2024-05-27T16:52:06.254+0000] {dag.py:3490} INFO - Setting next_dagrun for example_complex to None, run_after=None
[2024-05-27T16:52:06.298+0000] {processor.py:178} INFO - Processing /home/airflow/.local/lib/python3.7/site-packages/airflow/example_dags/example_complex.py took 0.507 seconds
