[2024-05-27T16:40:22.128+0000] {processor.py:156} INFO - Started process (PID=65) to work on /home/airflow/.local/lib/python3.7/site-packages/airflow/example_dags/example_task_group.py
[2024-05-27T16:40:22.129+0000] {processor.py:799} INFO - Processing file /home/airflow/.local/lib/python3.7/site-packages/airflow/example_dags/example_task_group.py for tasks to queue
[2024-05-27T16:40:22.130+0000] {logging_mixin.py:149} INFO - [2024-05-27T16:40:22.130+0000] {dagbag.py:541} INFO - Filling up the DagBag from /home/airflow/.local/lib/python3.7/site-packages/airflow/example_dags/example_task_group.py
[2024-05-27T16:40:22.138+0000] {processor.py:809} INFO - DAG(s) dict_keys(['example_task_group']) retrieved from /home/airflow/.local/lib/python3.7/site-packages/airflow/example_dags/example_task_group.py
[2024-05-27T16:40:22.253+0000] {logging_mixin.py:149} INFO - [2024-05-27T16:40:22.253+0000] {manager.py:504} INFO - Created Permission View: can delete on DAG:example_task_group
[2024-05-27T16:40:22.257+0000] {logging_mixin.py:149} INFO - [2024-05-27T16:40:22.257+0000] {manager.py:504} INFO - Created Permission View: can read on DAG:example_task_group
[2024-05-27T16:40:22.260+0000] {logging_mixin.py:149} INFO - [2024-05-27T16:40:22.260+0000] {manager.py:504} INFO - Created Permission View: can edit on DAG:example_task_group
[2024-05-27T16:40:22.260+0000] {logging_mixin.py:149} INFO - [2024-05-27T16:40:22.260+0000] {dag.py:2726} INFO - Sync 1 DAGs
[2024-05-27T16:40:22.272+0000] {logging_mixin.py:149} INFO - [2024-05-27T16:40:22.272+0000] {dag.py:2747} INFO - Creating ORM DAG for example_task_group
[2024-05-27T16:40:22.280+0000] {logging_mixin.py:149} INFO - [2024-05-27T16:40:22.280+0000] {dag.py:3490} INFO - Setting next_dagrun for example_task_group to 2024-05-26T16:40:22.280212+00:00, run_after=2024-05-27T16:40:22.280212+00:00
[2024-05-27T16:40:22.294+0000] {processor.py:178} INFO - Processing /home/airflow/.local/lib/python3.7/site-packages/airflow/example_dags/example_task_group.py took 0.169 seconds
[2024-05-27T16:40:52.789+0000] {processor.py:156} INFO - Started process (PID=125) to work on /home/airflow/.local/lib/python3.7/site-packages/airflow/example_dags/example_task_group.py
[2024-05-27T16:40:52.789+0000] {processor.py:799} INFO - Processing file /home/airflow/.local/lib/python3.7/site-packages/airflow/example_dags/example_task_group.py for tasks to queue
[2024-05-27T16:40:52.790+0000] {logging_mixin.py:149} INFO - [2024-05-27T16:40:52.790+0000] {dagbag.py:541} INFO - Filling up the DagBag from /home/airflow/.local/lib/python3.7/site-packages/airflow/example_dags/example_task_group.py
[2024-05-27T16:40:52.795+0000] {processor.py:809} INFO - DAG(s) dict_keys(['example_task_group']) retrieved from /home/airflow/.local/lib/python3.7/site-packages/airflow/example_dags/example_task_group.py
[2024-05-27T16:40:52.808+0000] {logging_mixin.py:149} INFO - [2024-05-27T16:40:52.808+0000] {dag.py:2726} INFO - Sync 1 DAGs
[2024-05-27T16:40:52.820+0000] {logging_mixin.py:149} INFO - [2024-05-27T16:40:52.820+0000] {dag.py:3490} INFO - Setting next_dagrun for example_task_group to 2024-05-26T16:40:52.820472+00:00, run_after=2024-05-27T16:40:52.820472+00:00
[2024-05-27T16:40:52.830+0000] {processor.py:178} INFO - Processing /home/airflow/.local/lib/python3.7/site-packages/airflow/example_dags/example_task_group.py took 0.043 seconds
[2024-05-27T16:41:23.070+0000] {processor.py:156} INFO - Started process (PID=185) to work on /home/airflow/.local/lib/python3.7/site-packages/airflow/example_dags/example_task_group.py
[2024-05-27T16:41:23.071+0000] {processor.py:799} INFO - Processing file /home/airflow/.local/lib/python3.7/site-packages/airflow/example_dags/example_task_group.py for tasks to queue
[2024-05-27T16:41:23.071+0000] {logging_mixin.py:149} INFO - [2024-05-27T16:41:23.071+0000] {dagbag.py:541} INFO - Filling up the DagBag from /home/airflow/.local/lib/python3.7/site-packages/airflow/example_dags/example_task_group.py
[2024-05-27T16:41:23.076+0000] {processor.py:809} INFO - DAG(s) dict_keys(['example_task_group']) retrieved from /home/airflow/.local/lib/python3.7/site-packages/airflow/example_dags/example_task_group.py
[2024-05-27T16:41:23.089+0000] {logging_mixin.py:149} INFO - [2024-05-27T16:41:23.089+0000] {dag.py:2726} INFO - Sync 1 DAGs
[2024-05-27T16:41:23.101+0000] {logging_mixin.py:149} INFO - [2024-05-27T16:41:23.101+0000] {dag.py:3490} INFO - Setting next_dagrun for example_task_group to 2024-05-26T16:41:23.100907+00:00, run_after=2024-05-27T16:41:23.100907+00:00
[2024-05-27T16:41:23.109+0000] {processor.py:178} INFO - Processing /home/airflow/.local/lib/python3.7/site-packages/airflow/example_dags/example_task_group.py took 0.041 seconds
[2024-05-27T16:41:54.124+0000] {processor.py:156} INFO - Started process (PID=245) to work on /home/airflow/.local/lib/python3.7/site-packages/airflow/example_dags/example_task_group.py
[2024-05-27T16:41:54.125+0000] {processor.py:799} INFO - Processing file /home/airflow/.local/lib/python3.7/site-packages/airflow/example_dags/example_task_group.py for tasks to queue
[2024-05-27T16:41:54.125+0000] {logging_mixin.py:149} INFO - [2024-05-27T16:41:54.125+0000] {dagbag.py:541} INFO - Filling up the DagBag from /home/airflow/.local/lib/python3.7/site-packages/airflow/example_dags/example_task_group.py
[2024-05-27T16:41:54.130+0000] {processor.py:809} INFO - DAG(s) dict_keys(['example_task_group']) retrieved from /home/airflow/.local/lib/python3.7/site-packages/airflow/example_dags/example_task_group.py
[2024-05-27T16:41:54.144+0000] {logging_mixin.py:149} INFO - [2024-05-27T16:41:54.144+0000] {dag.py:2726} INFO - Sync 1 DAGs
[2024-05-27T16:41:54.156+0000] {logging_mixin.py:149} INFO - [2024-05-27T16:41:54.156+0000] {dag.py:3490} INFO - Setting next_dagrun for example_task_group to 2024-05-26T16:41:54.156333+00:00, run_after=2024-05-27T16:41:54.156333+00:00
[2024-05-27T16:41:54.165+0000] {processor.py:178} INFO - Processing /home/airflow/.local/lib/python3.7/site-packages/airflow/example_dags/example_task_group.py took 0.043 seconds
[2024-05-27T16:42:24.446+0000] {processor.py:156} INFO - Started process (PID=305) to work on /home/airflow/.local/lib/python3.7/site-packages/airflow/example_dags/example_task_group.py
[2024-05-27T16:42:24.446+0000] {processor.py:799} INFO - Processing file /home/airflow/.local/lib/python3.7/site-packages/airflow/example_dags/example_task_group.py for tasks to queue
[2024-05-27T16:42:24.447+0000] {logging_mixin.py:149} INFO - [2024-05-27T16:42:24.447+0000] {dagbag.py:541} INFO - Filling up the DagBag from /home/airflow/.local/lib/python3.7/site-packages/airflow/example_dags/example_task_group.py
[2024-05-27T16:42:24.452+0000] {processor.py:809} INFO - DAG(s) dict_keys(['example_task_group']) retrieved from /home/airflow/.local/lib/python3.7/site-packages/airflow/example_dags/example_task_group.py
[2024-05-27T16:42:24.466+0000] {logging_mixin.py:149} INFO - [2024-05-27T16:42:24.466+0000] {dag.py:2726} INFO - Sync 1 DAGs
[2024-05-27T16:42:24.479+0000] {logging_mixin.py:149} INFO - [2024-05-27T16:42:24.479+0000] {dag.py:3490} INFO - Setting next_dagrun for example_task_group to 2024-05-26T16:42:24.479698+00:00, run_after=2024-05-27T16:42:24.479698+00:00
[2024-05-27T16:42:24.489+0000] {processor.py:178} INFO - Processing /home/airflow/.local/lib/python3.7/site-packages/airflow/example_dags/example_task_group.py took 0.045 seconds
[2024-05-27T16:42:54.546+0000] {processor.py:156} INFO - Started process (PID=365) to work on /home/airflow/.local/lib/python3.7/site-packages/airflow/example_dags/example_task_group.py
[2024-05-27T16:42:54.547+0000] {processor.py:799} INFO - Processing file /home/airflow/.local/lib/python3.7/site-packages/airflow/example_dags/example_task_group.py for tasks to queue
[2024-05-27T16:42:54.547+0000] {logging_mixin.py:149} INFO - [2024-05-27T16:42:54.547+0000] {dagbag.py:541} INFO - Filling up the DagBag from /home/airflow/.local/lib/python3.7/site-packages/airflow/example_dags/example_task_group.py
[2024-05-27T16:42:54.552+0000] {processor.py:809} INFO - DAG(s) dict_keys(['example_task_group']) retrieved from /home/airflow/.local/lib/python3.7/site-packages/airflow/example_dags/example_task_group.py
[2024-05-27T16:42:54.565+0000] {logging_mixin.py:149} INFO - [2024-05-27T16:42:54.565+0000] {dag.py:2726} INFO - Sync 1 DAGs
[2024-05-27T16:42:54.577+0000] {logging_mixin.py:149} INFO - [2024-05-27T16:42:54.577+0000] {dag.py:3490} INFO - Setting next_dagrun for example_task_group to 2024-05-26T16:42:54.577313+00:00, run_after=2024-05-27T16:42:54.577313+00:00
[2024-05-27T16:42:54.585+0000] {processor.py:178} INFO - Processing /home/airflow/.local/lib/python3.7/site-packages/airflow/example_dags/example_task_group.py took 0.041 seconds
[2024-05-27T16:43:25.428+0000] {processor.py:156} INFO - Started process (PID=425) to work on /home/airflow/.local/lib/python3.7/site-packages/airflow/example_dags/example_task_group.py
[2024-05-27T16:43:25.429+0000] {processor.py:799} INFO - Processing file /home/airflow/.local/lib/python3.7/site-packages/airflow/example_dags/example_task_group.py for tasks to queue
[2024-05-27T16:43:25.429+0000] {logging_mixin.py:149} INFO - [2024-05-27T16:43:25.429+0000] {dagbag.py:541} INFO - Filling up the DagBag from /home/airflow/.local/lib/python3.7/site-packages/airflow/example_dags/example_task_group.py
[2024-05-27T16:43:25.434+0000] {processor.py:809} INFO - DAG(s) dict_keys(['example_task_group']) retrieved from /home/airflow/.local/lib/python3.7/site-packages/airflow/example_dags/example_task_group.py
[2024-05-27T16:43:25.448+0000] {logging_mixin.py:149} INFO - [2024-05-27T16:43:25.448+0000] {dag.py:2726} INFO - Sync 1 DAGs
[2024-05-27T16:43:25.460+0000] {logging_mixin.py:149} INFO - [2024-05-27T16:43:25.459+0000] {dag.py:3490} INFO - Setting next_dagrun for example_task_group to 2024-05-26T16:43:25.459806+00:00, run_after=2024-05-27T16:43:25.459806+00:00
[2024-05-27T16:43:25.468+0000] {processor.py:178} INFO - Processing /home/airflow/.local/lib/python3.7/site-packages/airflow/example_dags/example_task_group.py took 0.042 seconds
[2024-05-27T16:43:56.283+0000] {processor.py:156} INFO - Started process (PID=485) to work on /home/airflow/.local/lib/python3.7/site-packages/airflow/example_dags/example_task_group.py
[2024-05-27T16:43:56.283+0000] {processor.py:799} INFO - Processing file /home/airflow/.local/lib/python3.7/site-packages/airflow/example_dags/example_task_group.py for tasks to queue
[2024-05-27T16:43:56.284+0000] {logging_mixin.py:149} INFO - [2024-05-27T16:43:56.284+0000] {dagbag.py:541} INFO - Filling up the DagBag from /home/airflow/.local/lib/python3.7/site-packages/airflow/example_dags/example_task_group.py
[2024-05-27T16:43:56.288+0000] {processor.py:809} INFO - DAG(s) dict_keys(['example_task_group']) retrieved from /home/airflow/.local/lib/python3.7/site-packages/airflow/example_dags/example_task_group.py
[2024-05-27T16:43:56.302+0000] {logging_mixin.py:149} INFO - [2024-05-27T16:43:56.302+0000] {dag.py:2726} INFO - Sync 1 DAGs
[2024-05-27T16:43:56.314+0000] {logging_mixin.py:149} INFO - [2024-05-27T16:43:56.314+0000] {dag.py:3490} INFO - Setting next_dagrun for example_task_group to 2024-05-26T16:43:56.313967+00:00, run_after=2024-05-27T16:43:56.313967+00:00
[2024-05-27T16:43:56.322+0000] {processor.py:178} INFO - Processing /home/airflow/.local/lib/python3.7/site-packages/airflow/example_dags/example_task_group.py took 0.041 seconds
[2024-05-27T16:44:27.220+0000] {processor.py:156} INFO - Started process (PID=545) to work on /home/airflow/.local/lib/python3.7/site-packages/airflow/example_dags/example_task_group.py
[2024-05-27T16:44:27.221+0000] {processor.py:799} INFO - Processing file /home/airflow/.local/lib/python3.7/site-packages/airflow/example_dags/example_task_group.py for tasks to queue
[2024-05-27T16:44:27.221+0000] {logging_mixin.py:149} INFO - [2024-05-27T16:44:27.221+0000] {dagbag.py:541} INFO - Filling up the DagBag from /home/airflow/.local/lib/python3.7/site-packages/airflow/example_dags/example_task_group.py
[2024-05-27T16:44:27.226+0000] {processor.py:809} INFO - DAG(s) dict_keys(['example_task_group']) retrieved from /home/airflow/.local/lib/python3.7/site-packages/airflow/example_dags/example_task_group.py
[2024-05-27T16:44:27.239+0000] {logging_mixin.py:149} INFO - [2024-05-27T16:44:27.239+0000] {dag.py:2726} INFO - Sync 1 DAGs
[2024-05-27T16:44:27.251+0000] {logging_mixin.py:149} INFO - [2024-05-27T16:44:27.251+0000] {dag.py:3490} INFO - Setting next_dagrun for example_task_group to 2024-05-26T16:44:27.251280+00:00, run_after=2024-05-27T16:44:27.251280+00:00
[2024-05-27T16:44:27.260+0000] {processor.py:178} INFO - Processing /home/airflow/.local/lib/python3.7/site-packages/airflow/example_dags/example_task_group.py took 0.042 seconds
[2024-05-27T16:44:57.327+0000] {processor.py:156} INFO - Started process (PID=605) to work on /home/airflow/.local/lib/python3.7/site-packages/airflow/example_dags/example_task_group.py
[2024-05-27T16:44:57.328+0000] {processor.py:799} INFO - Processing file /home/airflow/.local/lib/python3.7/site-packages/airflow/example_dags/example_task_group.py for tasks to queue
[2024-05-27T16:44:57.328+0000] {logging_mixin.py:149} INFO - [2024-05-27T16:44:57.328+0000] {dagbag.py:541} INFO - Filling up the DagBag from /home/airflow/.local/lib/python3.7/site-packages/airflow/example_dags/example_task_group.py
[2024-05-27T16:44:57.333+0000] {processor.py:809} INFO - DAG(s) dict_keys(['example_task_group']) retrieved from /home/airflow/.local/lib/python3.7/site-packages/airflow/example_dags/example_task_group.py
[2024-05-27T16:44:57.347+0000] {logging_mixin.py:149} INFO - [2024-05-27T16:44:57.347+0000] {dag.py:2726} INFO - Sync 1 DAGs
[2024-05-27T16:44:57.359+0000] {logging_mixin.py:149} INFO - [2024-05-27T16:44:57.359+0000] {dag.py:3490} INFO - Setting next_dagrun for example_task_group to 2024-05-26T16:44:57.358915+00:00, run_after=2024-05-27T16:44:57.358915+00:00
[2024-05-27T16:44:57.367+0000] {processor.py:178} INFO - Processing /home/airflow/.local/lib/python3.7/site-packages/airflow/example_dags/example_task_group.py took 0.042 seconds
[2024-05-27T16:45:28.220+0000] {processor.py:156} INFO - Started process (PID=665) to work on /home/airflow/.local/lib/python3.7/site-packages/airflow/example_dags/example_task_group.py
[2024-05-27T16:45:28.220+0000] {processor.py:799} INFO - Processing file /home/airflow/.local/lib/python3.7/site-packages/airflow/example_dags/example_task_group.py for tasks to queue
[2024-05-27T16:45:28.221+0000] {logging_mixin.py:149} INFO - [2024-05-27T16:45:28.221+0000] {dagbag.py:541} INFO - Filling up the DagBag from /home/airflow/.local/lib/python3.7/site-packages/airflow/example_dags/example_task_group.py
[2024-05-27T16:45:28.226+0000] {processor.py:809} INFO - DAG(s) dict_keys(['example_task_group']) retrieved from /home/airflow/.local/lib/python3.7/site-packages/airflow/example_dags/example_task_group.py
[2024-05-27T16:45:28.239+0000] {logging_mixin.py:149} INFO - [2024-05-27T16:45:28.239+0000] {dag.py:2726} INFO - Sync 1 DAGs
[2024-05-27T16:45:28.251+0000] {logging_mixin.py:149} INFO - [2024-05-27T16:45:28.251+0000] {dag.py:3490} INFO - Setting next_dagrun for example_task_group to 2024-05-26T16:45:28.251420+00:00, run_after=2024-05-27T16:45:28.251420+00:00
[2024-05-27T16:45:28.259+0000] {processor.py:178} INFO - Processing /home/airflow/.local/lib/python3.7/site-packages/airflow/example_dags/example_task_group.py took 0.042 seconds
[2024-05-27T16:45:59.063+0000] {processor.py:156} INFO - Started process (PID=725) to work on /home/airflow/.local/lib/python3.7/site-packages/airflow/example_dags/example_task_group.py
[2024-05-27T16:45:59.063+0000] {processor.py:799} INFO - Processing file /home/airflow/.local/lib/python3.7/site-packages/airflow/example_dags/example_task_group.py for tasks to queue
[2024-05-27T16:45:59.064+0000] {logging_mixin.py:149} INFO - [2024-05-27T16:45:59.064+0000] {dagbag.py:541} INFO - Filling up the DagBag from /home/airflow/.local/lib/python3.7/site-packages/airflow/example_dags/example_task_group.py
[2024-05-27T16:45:59.069+0000] {processor.py:809} INFO - DAG(s) dict_keys(['example_task_group']) retrieved from /home/airflow/.local/lib/python3.7/site-packages/airflow/example_dags/example_task_group.py
[2024-05-27T16:45:59.083+0000] {logging_mixin.py:149} INFO - [2024-05-27T16:45:59.083+0000] {dag.py:2726} INFO - Sync 1 DAGs
[2024-05-27T16:45:59.096+0000] {logging_mixin.py:149} INFO - [2024-05-27T16:45:59.096+0000] {dag.py:3490} INFO - Setting next_dagrun for example_task_group to 2024-05-26T16:45:59.096272+00:00, run_after=2024-05-27T16:45:59.096272+00:00
[2024-05-27T16:45:59.105+0000] {processor.py:178} INFO - Processing /home/airflow/.local/lib/python3.7/site-packages/airflow/example_dags/example_task_group.py took 0.044 seconds
[2024-05-27T16:46:29.180+0000] {processor.py:156} INFO - Started process (PID=785) to work on /home/airflow/.local/lib/python3.7/site-packages/airflow/example_dags/example_task_group.py
[2024-05-27T16:46:29.181+0000] {processor.py:799} INFO - Processing file /home/airflow/.local/lib/python3.7/site-packages/airflow/example_dags/example_task_group.py for tasks to queue
[2024-05-27T16:46:29.181+0000] {logging_mixin.py:149} INFO - [2024-05-27T16:46:29.181+0000] {dagbag.py:541} INFO - Filling up the DagBag from /home/airflow/.local/lib/python3.7/site-packages/airflow/example_dags/example_task_group.py
[2024-05-27T16:46:29.186+0000] {processor.py:809} INFO - DAG(s) dict_keys(['example_task_group']) retrieved from /home/airflow/.local/lib/python3.7/site-packages/airflow/example_dags/example_task_group.py
[2024-05-27T16:46:29.199+0000] {logging_mixin.py:149} INFO - [2024-05-27T16:46:29.199+0000] {dag.py:2726} INFO - Sync 1 DAGs
[2024-05-27T16:46:29.212+0000] {logging_mixin.py:149} INFO - [2024-05-27T16:46:29.212+0000] {dag.py:3490} INFO - Setting next_dagrun for example_task_group to 2024-05-26T16:46:29.211974+00:00, run_after=2024-05-27T16:46:29.211974+00:00
[2024-05-27T16:46:29.220+0000] {processor.py:178} INFO - Processing /home/airflow/.local/lib/python3.7/site-packages/airflow/example_dags/example_task_group.py took 0.042 seconds
[2024-05-27T16:47:00.040+0000] {processor.py:156} INFO - Started process (PID=845) to work on /home/airflow/.local/lib/python3.7/site-packages/airflow/example_dags/example_task_group.py
[2024-05-27T16:47:00.041+0000] {processor.py:799} INFO - Processing file /home/airflow/.local/lib/python3.7/site-packages/airflow/example_dags/example_task_group.py for tasks to queue
[2024-05-27T16:47:00.041+0000] {logging_mixin.py:149} INFO - [2024-05-27T16:47:00.041+0000] {dagbag.py:541} INFO - Filling up the DagBag from /home/airflow/.local/lib/python3.7/site-packages/airflow/example_dags/example_task_group.py
[2024-05-27T16:47:00.046+0000] {processor.py:809} INFO - DAG(s) dict_keys(['example_task_group']) retrieved from /home/airflow/.local/lib/python3.7/site-packages/airflow/example_dags/example_task_group.py
[2024-05-27T16:47:00.062+0000] {logging_mixin.py:149} INFO - [2024-05-27T16:47:00.062+0000] {dag.py:2726} INFO - Sync 1 DAGs
[2024-05-27T16:47:00.075+0000] {logging_mixin.py:149} INFO - [2024-05-27T16:47:00.075+0000] {dag.py:3490} INFO - Setting next_dagrun for example_task_group to 2024-05-26T16:47:00.075486+00:00, run_after=2024-05-27T16:47:00.075486+00:00
[2024-05-27T16:47:00.089+0000] {processor.py:178} INFO - Processing /home/airflow/.local/lib/python3.7/site-packages/airflow/example_dags/example_task_group.py took 0.051 seconds
[2024-05-27T16:47:30.816+0000] {processor.py:156} INFO - Started process (PID=905) to work on /home/airflow/.local/lib/python3.7/site-packages/airflow/example_dags/example_task_group.py
[2024-05-27T16:47:30.817+0000] {processor.py:799} INFO - Processing file /home/airflow/.local/lib/python3.7/site-packages/airflow/example_dags/example_task_group.py for tasks to queue
[2024-05-27T16:47:30.818+0000] {logging_mixin.py:149} INFO - [2024-05-27T16:47:30.817+0000] {dagbag.py:541} INFO - Filling up the DagBag from /home/airflow/.local/lib/python3.7/site-packages/airflow/example_dags/example_task_group.py
[2024-05-27T16:47:30.822+0000] {processor.py:809} INFO - DAG(s) dict_keys(['example_task_group']) retrieved from /home/airflow/.local/lib/python3.7/site-packages/airflow/example_dags/example_task_group.py
[2024-05-27T16:47:30.836+0000] {logging_mixin.py:149} INFO - [2024-05-27T16:47:30.836+0000] {dag.py:2726} INFO - Sync 1 DAGs
[2024-05-27T16:47:30.848+0000] {logging_mixin.py:149} INFO - [2024-05-27T16:47:30.848+0000] {dag.py:3490} INFO - Setting next_dagrun for example_task_group to 2024-05-26T16:47:30.848518+00:00, run_after=2024-05-27T16:47:30.848518+00:00
[2024-05-27T16:47:30.857+0000] {processor.py:178} INFO - Processing /home/airflow/.local/lib/python3.7/site-packages/airflow/example_dags/example_task_group.py took 0.042 seconds
[2024-05-27T16:48:01.593+0000] {processor.py:156} INFO - Started process (PID=965) to work on /home/airflow/.local/lib/python3.7/site-packages/airflow/example_dags/example_task_group.py
[2024-05-27T16:48:01.594+0000] {processor.py:799} INFO - Processing file /home/airflow/.local/lib/python3.7/site-packages/airflow/example_dags/example_task_group.py for tasks to queue
[2024-05-27T16:48:01.594+0000] {logging_mixin.py:149} INFO - [2024-05-27T16:48:01.594+0000] {dagbag.py:541} INFO - Filling up the DagBag from /home/airflow/.local/lib/python3.7/site-packages/airflow/example_dags/example_task_group.py
[2024-05-27T16:48:01.600+0000] {processor.py:809} INFO - DAG(s) dict_keys(['example_task_group']) retrieved from /home/airflow/.local/lib/python3.7/site-packages/airflow/example_dags/example_task_group.py
[2024-05-27T16:48:01.615+0000] {logging_mixin.py:149} INFO - [2024-05-27T16:48:01.615+0000] {dag.py:2726} INFO - Sync 1 DAGs
[2024-05-27T16:48:01.630+0000] {logging_mixin.py:149} INFO - [2024-05-27T16:48:01.630+0000] {dag.py:3490} INFO - Setting next_dagrun for example_task_group to 2024-05-26T16:48:01.630672+00:00, run_after=2024-05-27T16:48:01.630672+00:00
[2024-05-27T16:48:01.640+0000] {processor.py:178} INFO - Processing /home/airflow/.local/lib/python3.7/site-packages/airflow/example_dags/example_task_group.py took 0.049 seconds
[2024-05-27T16:48:32.336+0000] {processor.py:156} INFO - Started process (PID=1025) to work on /home/airflow/.local/lib/python3.7/site-packages/airflow/example_dags/example_task_group.py
[2024-05-27T16:48:32.336+0000] {processor.py:799} INFO - Processing file /home/airflow/.local/lib/python3.7/site-packages/airflow/example_dags/example_task_group.py for tasks to queue
[2024-05-27T16:48:32.337+0000] {logging_mixin.py:149} INFO - [2024-05-27T16:48:32.337+0000] {dagbag.py:541} INFO - Filling up the DagBag from /home/airflow/.local/lib/python3.7/site-packages/airflow/example_dags/example_task_group.py
[2024-05-27T16:48:32.342+0000] {processor.py:809} INFO - DAG(s) dict_keys(['example_task_group']) retrieved from /home/airflow/.local/lib/python3.7/site-packages/airflow/example_dags/example_task_group.py
[2024-05-27T16:48:32.356+0000] {logging_mixin.py:149} INFO - [2024-05-27T16:48:32.355+0000] {dag.py:2726} INFO - Sync 1 DAGs
[2024-05-27T16:48:32.369+0000] {logging_mixin.py:149} INFO - [2024-05-27T16:48:32.369+0000] {dag.py:3490} INFO - Setting next_dagrun for example_task_group to 2024-05-26T16:48:32.369161+00:00, run_after=2024-05-27T16:48:32.369161+00:00
[2024-05-27T16:48:32.378+0000] {processor.py:178} INFO - Processing /home/airflow/.local/lib/python3.7/site-packages/airflow/example_dags/example_task_group.py took 0.044 seconds
[2024-05-27T16:49:03.066+0000] {processor.py:156} INFO - Started process (PID=1085) to work on /home/airflow/.local/lib/python3.7/site-packages/airflow/example_dags/example_task_group.py
[2024-05-27T16:49:03.067+0000] {processor.py:799} INFO - Processing file /home/airflow/.local/lib/python3.7/site-packages/airflow/example_dags/example_task_group.py for tasks to queue
[2024-05-27T16:49:03.067+0000] {logging_mixin.py:149} INFO - [2024-05-27T16:49:03.067+0000] {dagbag.py:541} INFO - Filling up the DagBag from /home/airflow/.local/lib/python3.7/site-packages/airflow/example_dags/example_task_group.py
[2024-05-27T16:49:03.072+0000] {processor.py:809} INFO - DAG(s) dict_keys(['example_task_group']) retrieved from /home/airflow/.local/lib/python3.7/site-packages/airflow/example_dags/example_task_group.py
[2024-05-27T16:49:03.086+0000] {logging_mixin.py:149} INFO - [2024-05-27T16:49:03.086+0000] {dag.py:2726} INFO - Sync 1 DAGs
[2024-05-27T16:49:03.098+0000] {logging_mixin.py:149} INFO - [2024-05-27T16:49:03.098+0000] {dag.py:3490} INFO - Setting next_dagrun for example_task_group to 2024-05-26T16:49:03.098437+00:00, run_after=2024-05-27T16:49:03.098437+00:00
[2024-05-27T16:49:03.107+0000] {processor.py:178} INFO - Processing /home/airflow/.local/lib/python3.7/site-packages/airflow/example_dags/example_task_group.py took 0.042 seconds
[2024-05-27T16:50:03.131+0000] {processor.py:156} INFO - Started process (PID=1145) to work on /home/airflow/.local/lib/python3.7/site-packages/airflow/example_dags/example_task_group.py
[2024-05-27T16:50:03.132+0000] {processor.py:799} INFO - Processing file /home/airflow/.local/lib/python3.7/site-packages/airflow/example_dags/example_task_group.py for tasks to queue
[2024-05-27T16:50:03.132+0000] {logging_mixin.py:149} INFO - [2024-05-27T16:50:03.132+0000] {dagbag.py:541} INFO - Filling up the DagBag from /home/airflow/.local/lib/python3.7/site-packages/airflow/example_dags/example_task_group.py
[2024-05-27T16:50:03.137+0000] {processor.py:809} INFO - DAG(s) dict_keys(['example_task_group']) retrieved from /home/airflow/.local/lib/python3.7/site-packages/airflow/example_dags/example_task_group.py
[2024-05-27T16:50:03.150+0000] {logging_mixin.py:149} INFO - [2024-05-27T16:50:03.150+0000] {dag.py:2726} INFO - Sync 1 DAGs
[2024-05-27T16:50:03.163+0000] {logging_mixin.py:149} INFO - [2024-05-27T16:50:03.163+0000] {dag.py:3490} INFO - Setting next_dagrun for example_task_group to 2024-05-26T16:50:03.163171+00:00, run_after=2024-05-27T16:50:03.163171+00:00
[2024-05-27T16:50:03.172+0000] {processor.py:178} INFO - Processing /home/airflow/.local/lib/python3.7/site-packages/airflow/example_dags/example_task_group.py took 0.042 seconds
[2024-05-27T16:50:33.358+0000] {processor.py:156} INFO - Started process (PID=1206) to work on /home/airflow/.local/lib/python3.7/site-packages/airflow/example_dags/example_task_group.py
[2024-05-27T16:50:33.359+0000] {processor.py:799} INFO - Processing file /home/airflow/.local/lib/python3.7/site-packages/airflow/example_dags/example_task_group.py for tasks to queue
[2024-05-27T16:50:33.359+0000] {logging_mixin.py:149} INFO - [2024-05-27T16:50:33.359+0000] {dagbag.py:541} INFO - Filling up the DagBag from /home/airflow/.local/lib/python3.7/site-packages/airflow/example_dags/example_task_group.py
[2024-05-27T16:50:33.364+0000] {processor.py:809} INFO - DAG(s) dict_keys(['example_task_group']) retrieved from /home/airflow/.local/lib/python3.7/site-packages/airflow/example_dags/example_task_group.py
[2024-05-27T16:50:33.377+0000] {logging_mixin.py:149} INFO - [2024-05-27T16:50:33.377+0000] {dag.py:2726} INFO - Sync 1 DAGs
[2024-05-27T16:50:33.390+0000] {logging_mixin.py:149} INFO - [2024-05-27T16:50:33.390+0000] {dag.py:3490} INFO - Setting next_dagrun for example_task_group to 2024-05-26T16:50:33.389932+00:00, run_after=2024-05-27T16:50:33.389932+00:00
[2024-05-27T16:50:33.398+0000] {processor.py:178} INFO - Processing /home/airflow/.local/lib/python3.7/site-packages/airflow/example_dags/example_task_group.py took 0.042 seconds
[2024-05-27T16:51:03.490+0000] {processor.py:156} INFO - Started process (PID=1267) to work on /home/airflow/.local/lib/python3.7/site-packages/airflow/example_dags/example_task_group.py
[2024-05-27T16:51:03.491+0000] {processor.py:799} INFO - Processing file /home/airflow/.local/lib/python3.7/site-packages/airflow/example_dags/example_task_group.py for tasks to queue
[2024-05-27T16:51:03.491+0000] {logging_mixin.py:149} INFO - [2024-05-27T16:51:03.491+0000] {dagbag.py:541} INFO - Filling up the DagBag from /home/airflow/.local/lib/python3.7/site-packages/airflow/example_dags/example_task_group.py
[2024-05-27T16:51:03.496+0000] {processor.py:809} INFO - DAG(s) dict_keys(['example_task_group']) retrieved from /home/airflow/.local/lib/python3.7/site-packages/airflow/example_dags/example_task_group.py
[2024-05-27T16:51:03.509+0000] {logging_mixin.py:149} INFO - [2024-05-27T16:51:03.509+0000] {dag.py:2726} INFO - Sync 1 DAGs
[2024-05-27T16:51:03.522+0000] {logging_mixin.py:149} INFO - [2024-05-27T16:51:03.522+0000] {dag.py:3490} INFO - Setting next_dagrun for example_task_group to 2024-05-26T16:51:03.522197+00:00, run_after=2024-05-27T16:51:03.522197+00:00
[2024-05-27T16:51:03.530+0000] {processor.py:178} INFO - Processing /home/airflow/.local/lib/python3.7/site-packages/airflow/example_dags/example_task_group.py took 0.042 seconds
[2024-05-27T16:51:34.636+0000] {processor.py:156} INFO - Started process (PID=1328) to work on /home/airflow/.local/lib/python3.7/site-packages/airflow/example_dags/example_task_group.py
[2024-05-27T16:51:34.637+0000] {processor.py:799} INFO - Processing file /home/airflow/.local/lib/python3.7/site-packages/airflow/example_dags/example_task_group.py for tasks to queue
[2024-05-27T16:51:34.637+0000] {logging_mixin.py:149} INFO - [2024-05-27T16:51:34.637+0000] {dagbag.py:541} INFO - Filling up the DagBag from /home/airflow/.local/lib/python3.7/site-packages/airflow/example_dags/example_task_group.py
[2024-05-27T16:51:34.642+0000] {processor.py:809} INFO - DAG(s) dict_keys(['example_task_group']) retrieved from /home/airflow/.local/lib/python3.7/site-packages/airflow/example_dags/example_task_group.py
[2024-05-27T16:51:34.655+0000] {logging_mixin.py:149} INFO - [2024-05-27T16:51:34.655+0000] {dag.py:2726} INFO - Sync 1 DAGs
[2024-05-27T16:51:34.666+0000] {logging_mixin.py:149} INFO - [2024-05-27T16:51:34.666+0000] {dag.py:3490} INFO - Setting next_dagrun for example_task_group to 2024-05-26T16:51:34.666597+00:00, run_after=2024-05-27T16:51:34.666597+00:00
[2024-05-27T16:51:34.675+0000] {processor.py:178} INFO - Processing /home/airflow/.local/lib/python3.7/site-packages/airflow/example_dags/example_task_group.py took 0.041 seconds
[2024-05-27T16:52:20.420+0000] {processor.py:156} INFO - Started process (PID=1423) to work on /home/airflow/.local/lib/python3.7/site-packages/airflow/example_dags/example_task_group.py
[2024-05-27T16:52:20.430+0000] {processor.py:799} INFO - Processing file /home/airflow/.local/lib/python3.7/site-packages/airflow/example_dags/example_task_group.py for tasks to queue
[2024-05-27T16:52:20.433+0000] {logging_mixin.py:149} INFO - [2024-05-27T16:52:20.432+0000] {dagbag.py:541} INFO - Filling up the DagBag from /home/airflow/.local/lib/python3.7/site-packages/airflow/example_dags/example_task_group.py
[2024-05-27T16:52:20.450+0000] {processor.py:809} INFO - DAG(s) dict_keys(['example_task_group']) retrieved from /home/airflow/.local/lib/python3.7/site-packages/airflow/example_dags/example_task_group.py
[2024-05-27T16:52:20.538+0000] {logging_mixin.py:149} INFO - [2024-05-27T16:52:20.538+0000] {dag.py:2726} INFO - Sync 1 DAGs
[2024-05-27T16:52:20.586+0000] {logging_mixin.py:149} INFO - [2024-05-27T16:52:20.586+0000] {dag.py:3490} INFO - Setting next_dagrun for example_task_group to 2024-05-26T16:52:20.585970+00:00, run_after=2024-05-27T16:52:20.585970+00:00
[2024-05-27T16:52:20.629+0000] {processor.py:178} INFO - Processing /home/airflow/.local/lib/python3.7/site-packages/airflow/example_dags/example_task_group.py took 0.227 seconds
