[2024-05-27T16:40:21.428+0000] {processor.py:156} INFO - Started process (PID=58) to work on /home/airflow/.local/lib/python3.7/site-packages/airflow/example_dags/example_python_operator.py
[2024-05-27T16:40:21.429+0000] {processor.py:799} INFO - Processing file /home/airflow/.local/lib/python3.7/site-packages/airflow/example_dags/example_python_operator.py for tasks to queue
[2024-05-27T16:40:21.430+0000] {logging_mixin.py:149} INFO - [2024-05-27T16:40:21.430+0000] {dagbag.py:541} INFO - Filling up the DagBag from /home/airflow/.local/lib/python3.7/site-packages/airflow/example_dags/example_python_operator.py
[2024-05-27T16:40:21.448+0000] {logging_mixin.py:149} INFO - [2024-05-27T16:40:21.448+0000] {taskmixin.py:211} WARNING - Dependency <Task(_PythonDecoratedOperator): print_the_context>, log_sql_query already registered for DAG: example_python_operator
[2024-05-27T16:40:21.448+0000] {logging_mixin.py:149} INFO - [2024-05-27T16:40:21.448+0000] {taskmixin.py:211} WARNING - Dependency <Task(_PythonDecoratedOperator): log_sql_query>, print_the_context already registered for DAG: example_python_operator
[2024-05-27T16:40:21.449+0000] {logging_mixin.py:149} INFO - [2024-05-27T16:40:21.449+0000] {taskmixin.py:211} WARNING - Dependency <Task(_PythonDecoratedOperator): print_the_context>, log_sql_query already registered for DAG: example_python_operator
[2024-05-27T16:40:21.449+0000] {logging_mixin.py:149} INFO - [2024-05-27T16:40:21.449+0000] {taskmixin.py:211} WARNING - Dependency <Task(_PythonDecoratedOperator): log_sql_query>, print_the_context already registered for DAG: example_python_operator
[2024-05-27T16:40:21.451+0000] {logging_mixin.py:149} INFO - [2024-05-27T16:40:21.450+0000] {taskmixin.py:211} WARNING - Dependency <Task(_PythonDecoratedOperator): print_the_context>, log_sql_query already registered for DAG: example_python_operator
[2024-05-27T16:40:21.451+0000] {logging_mixin.py:149} INFO - [2024-05-27T16:40:21.451+0000] {taskmixin.py:211} WARNING - Dependency <Task(_PythonDecoratedOperator): log_sql_query>, print_the_context already registered for DAG: example_python_operator
[2024-05-27T16:40:21.451+0000] {logging_mixin.py:149} INFO - [2024-05-27T16:40:21.451+0000] {taskmixin.py:211} WARNING - Dependency <Task(_PythonDecoratedOperator): print_the_context>, log_sql_query already registered for DAG: example_python_operator
[2024-05-27T16:40:21.451+0000] {logging_mixin.py:149} INFO - [2024-05-27T16:40:21.451+0000] {taskmixin.py:211} WARNING - Dependency <Task(_PythonDecoratedOperator): log_sql_query>, print_the_context already registered for DAG: example_python_operator
[2024-05-27T16:40:21.453+0000] {processor.py:809} INFO - DAG(s) dict_keys(['example_python_operator']) retrieved from /home/airflow/.local/lib/python3.7/site-packages/airflow/example_dags/example_python_operator.py
[2024-05-27T16:40:21.616+0000] {logging_mixin.py:149} INFO - [2024-05-27T16:40:21.616+0000] {manager.py:504} INFO - Created Permission View: can delete on DAG:example_python_operator
[2024-05-27T16:40:21.621+0000] {logging_mixin.py:149} INFO - [2024-05-27T16:40:21.621+0000] {manager.py:504} INFO - Created Permission View: can read on DAG:example_python_operator
[2024-05-27T16:40:21.624+0000] {logging_mixin.py:149} INFO - [2024-05-27T16:40:21.624+0000] {manager.py:504} INFO - Created Permission View: can edit on DAG:example_python_operator
[2024-05-27T16:40:21.624+0000] {logging_mixin.py:149} INFO - [2024-05-27T16:40:21.624+0000] {dag.py:2726} INFO - Sync 1 DAGs
[2024-05-27T16:40:21.643+0000] {logging_mixin.py:149} INFO - [2024-05-27T16:40:21.643+0000] {dag.py:2747} INFO - Creating ORM DAG for example_python_operator
[2024-05-27T16:40:21.651+0000] {logging_mixin.py:149} INFO - [2024-05-27T16:40:21.651+0000] {dag.py:3490} INFO - Setting next_dagrun for example_python_operator to None, run_after=None
[2024-05-27T16:40:21.664+0000] {processor.py:178} INFO - Processing /home/airflow/.local/lib/python3.7/site-packages/airflow/example_dags/example_python_operator.py took 0.243 seconds
[2024-05-27T16:40:52.523+0000] {processor.py:156} INFO - Started process (PID=118) to work on /home/airflow/.local/lib/python3.7/site-packages/airflow/example_dags/example_python_operator.py
[2024-05-27T16:40:52.524+0000] {processor.py:799} INFO - Processing file /home/airflow/.local/lib/python3.7/site-packages/airflow/example_dags/example_python_operator.py for tasks to queue
[2024-05-27T16:40:52.525+0000] {logging_mixin.py:149} INFO - [2024-05-27T16:40:52.525+0000] {dagbag.py:541} INFO - Filling up the DagBag from /home/airflow/.local/lib/python3.7/site-packages/airflow/example_dags/example_python_operator.py
[2024-05-27T16:40:52.533+0000] {logging_mixin.py:149} INFO - [2024-05-27T16:40:52.533+0000] {taskmixin.py:211} WARNING - Dependency <Task(_PythonDecoratedOperator): print_the_context>, log_sql_query already registered for DAG: example_python_operator
[2024-05-27T16:40:52.533+0000] {logging_mixin.py:149} INFO - [2024-05-27T16:40:52.533+0000] {taskmixin.py:211} WARNING - Dependency <Task(_PythonDecoratedOperator): log_sql_query>, print_the_context already registered for DAG: example_python_operator
[2024-05-27T16:40:52.534+0000] {logging_mixin.py:149} INFO - [2024-05-27T16:40:52.534+0000] {taskmixin.py:211} WARNING - Dependency <Task(_PythonDecoratedOperator): print_the_context>, log_sql_query already registered for DAG: example_python_operator
[2024-05-27T16:40:52.534+0000] {logging_mixin.py:149} INFO - [2024-05-27T16:40:52.534+0000] {taskmixin.py:211} WARNING - Dependency <Task(_PythonDecoratedOperator): log_sql_query>, print_the_context already registered for DAG: example_python_operator
[2024-05-27T16:40:52.535+0000] {logging_mixin.py:149} INFO - [2024-05-27T16:40:52.534+0000] {taskmixin.py:211} WARNING - Dependency <Task(_PythonDecoratedOperator): print_the_context>, log_sql_query already registered for DAG: example_python_operator
[2024-05-27T16:40:52.535+0000] {logging_mixin.py:149} INFO - [2024-05-27T16:40:52.535+0000] {taskmixin.py:211} WARNING - Dependency <Task(_PythonDecoratedOperator): log_sql_query>, print_the_context already registered for DAG: example_python_operator
[2024-05-27T16:40:52.535+0000] {logging_mixin.py:149} INFO - [2024-05-27T16:40:52.535+0000] {taskmixin.py:211} WARNING - Dependency <Task(_PythonDecoratedOperator): print_the_context>, log_sql_query already registered for DAG: example_python_operator
[2024-05-27T16:40:52.535+0000] {logging_mixin.py:149} INFO - [2024-05-27T16:40:52.535+0000] {taskmixin.py:211} WARNING - Dependency <Task(_PythonDecoratedOperator): log_sql_query>, print_the_context already registered for DAG: example_python_operator
[2024-05-27T16:40:52.537+0000] {processor.py:809} INFO - DAG(s) dict_keys(['example_python_operator']) retrieved from /home/airflow/.local/lib/python3.7/site-packages/airflow/example_dags/example_python_operator.py
[2024-05-27T16:40:52.566+0000] {logging_mixin.py:149} INFO - [2024-05-27T16:40:52.566+0000] {dag.py:2726} INFO - Sync 1 DAGs
[2024-05-27T16:40:52.580+0000] {logging_mixin.py:149} INFO - [2024-05-27T16:40:52.580+0000] {dag.py:3490} INFO - Setting next_dagrun for example_python_operator to None, run_after=None
[2024-05-27T16:40:52.589+0000] {processor.py:178} INFO - Processing /home/airflow/.local/lib/python3.7/site-packages/airflow/example_dags/example_python_operator.py took 0.070 seconds
[2024-05-27T16:41:22.822+0000] {processor.py:156} INFO - Started process (PID=178) to work on /home/airflow/.local/lib/python3.7/site-packages/airflow/example_dags/example_python_operator.py
[2024-05-27T16:41:22.824+0000] {processor.py:799} INFO - Processing file /home/airflow/.local/lib/python3.7/site-packages/airflow/example_dags/example_python_operator.py for tasks to queue
[2024-05-27T16:41:22.825+0000] {logging_mixin.py:149} INFO - [2024-05-27T16:41:22.824+0000] {dagbag.py:541} INFO - Filling up the DagBag from /home/airflow/.local/lib/python3.7/site-packages/airflow/example_dags/example_python_operator.py
[2024-05-27T16:41:22.834+0000] {logging_mixin.py:149} INFO - [2024-05-27T16:41:22.834+0000] {taskmixin.py:211} WARNING - Dependency <Task(_PythonDecoratedOperator): print_the_context>, log_sql_query already registered for DAG: example_python_operator
[2024-05-27T16:41:22.834+0000] {logging_mixin.py:149} INFO - [2024-05-27T16:41:22.834+0000] {taskmixin.py:211} WARNING - Dependency <Task(_PythonDecoratedOperator): log_sql_query>, print_the_context already registered for DAG: example_python_operator
[2024-05-27T16:41:22.835+0000] {logging_mixin.py:149} INFO - [2024-05-27T16:41:22.835+0000] {taskmixin.py:211} WARNING - Dependency <Task(_PythonDecoratedOperator): print_the_context>, log_sql_query already registered for DAG: example_python_operator
[2024-05-27T16:41:22.835+0000] {logging_mixin.py:149} INFO - [2024-05-27T16:41:22.835+0000] {taskmixin.py:211} WARNING - Dependency <Task(_PythonDecoratedOperator): log_sql_query>, print_the_context already registered for DAG: example_python_operator
[2024-05-27T16:41:22.836+0000] {logging_mixin.py:149} INFO - [2024-05-27T16:41:22.836+0000] {taskmixin.py:211} WARNING - Dependency <Task(_PythonDecoratedOperator): print_the_context>, log_sql_query already registered for DAG: example_python_operator
[2024-05-27T16:41:22.836+0000] {logging_mixin.py:149} INFO - [2024-05-27T16:41:22.836+0000] {taskmixin.py:211} WARNING - Dependency <Task(_PythonDecoratedOperator): log_sql_query>, print_the_context already registered for DAG: example_python_operator
[2024-05-27T16:41:22.837+0000] {logging_mixin.py:149} INFO - [2024-05-27T16:41:22.837+0000] {taskmixin.py:211} WARNING - Dependency <Task(_PythonDecoratedOperator): print_the_context>, log_sql_query already registered for DAG: example_python_operator
[2024-05-27T16:41:22.837+0000] {logging_mixin.py:149} INFO - [2024-05-27T16:41:22.837+0000] {taskmixin.py:211} WARNING - Dependency <Task(_PythonDecoratedOperator): log_sql_query>, print_the_context already registered for DAG: example_python_operator
[2024-05-27T16:41:22.839+0000] {processor.py:809} INFO - DAG(s) dict_keys(['example_python_operator']) retrieved from /home/airflow/.local/lib/python3.7/site-packages/airflow/example_dags/example_python_operator.py
[2024-05-27T16:41:22.858+0000] {logging_mixin.py:149} INFO - [2024-05-27T16:41:22.858+0000] {dag.py:2726} INFO - Sync 1 DAGs
[2024-05-27T16:41:22.870+0000] {logging_mixin.py:149} INFO - [2024-05-27T16:41:22.870+0000] {dag.py:3490} INFO - Setting next_dagrun for example_python_operator to None, run_after=None
[2024-05-27T16:41:22.879+0000] {processor.py:178} INFO - Processing /home/airflow/.local/lib/python3.7/site-packages/airflow/example_dags/example_python_operator.py took 0.061 seconds
[2024-05-27T16:41:53.868+0000] {processor.py:156} INFO - Started process (PID=238) to work on /home/airflow/.local/lib/python3.7/site-packages/airflow/example_dags/example_python_operator.py
[2024-05-27T16:41:53.869+0000] {processor.py:799} INFO - Processing file /home/airflow/.local/lib/python3.7/site-packages/airflow/example_dags/example_python_operator.py for tasks to queue
[2024-05-27T16:41:53.870+0000] {logging_mixin.py:149} INFO - [2024-05-27T16:41:53.870+0000] {dagbag.py:541} INFO - Filling up the DagBag from /home/airflow/.local/lib/python3.7/site-packages/airflow/example_dags/example_python_operator.py
[2024-05-27T16:41:53.877+0000] {logging_mixin.py:149} INFO - [2024-05-27T16:41:53.876+0000] {taskmixin.py:211} WARNING - Dependency <Task(_PythonDecoratedOperator): print_the_context>, log_sql_query already registered for DAG: example_python_operator
[2024-05-27T16:41:53.877+0000] {logging_mixin.py:149} INFO - [2024-05-27T16:41:53.877+0000] {taskmixin.py:211} WARNING - Dependency <Task(_PythonDecoratedOperator): log_sql_query>, print_the_context already registered for DAG: example_python_operator
[2024-05-27T16:41:53.878+0000] {logging_mixin.py:149} INFO - [2024-05-27T16:41:53.878+0000] {taskmixin.py:211} WARNING - Dependency <Task(_PythonDecoratedOperator): print_the_context>, log_sql_query already registered for DAG: example_python_operator
[2024-05-27T16:41:53.878+0000] {logging_mixin.py:149} INFO - [2024-05-27T16:41:53.878+0000] {taskmixin.py:211} WARNING - Dependency <Task(_PythonDecoratedOperator): log_sql_query>, print_the_context already registered for DAG: example_python_operator
[2024-05-27T16:41:53.879+0000] {logging_mixin.py:149} INFO - [2024-05-27T16:41:53.878+0000] {taskmixin.py:211} WARNING - Dependency <Task(_PythonDecoratedOperator): print_the_context>, log_sql_query already registered for DAG: example_python_operator
[2024-05-27T16:41:53.879+0000] {logging_mixin.py:149} INFO - [2024-05-27T16:41:53.879+0000] {taskmixin.py:211} WARNING - Dependency <Task(_PythonDecoratedOperator): log_sql_query>, print_the_context already registered for DAG: example_python_operator
[2024-05-27T16:41:53.879+0000] {logging_mixin.py:149} INFO - [2024-05-27T16:41:53.879+0000] {taskmixin.py:211} WARNING - Dependency <Task(_PythonDecoratedOperator): print_the_context>, log_sql_query already registered for DAG: example_python_operator
[2024-05-27T16:41:53.880+0000] {logging_mixin.py:149} INFO - [2024-05-27T16:41:53.880+0000] {taskmixin.py:211} WARNING - Dependency <Task(_PythonDecoratedOperator): log_sql_query>, print_the_context already registered for DAG: example_python_operator
[2024-05-27T16:41:53.882+0000] {processor.py:809} INFO - DAG(s) dict_keys(['example_python_operator']) retrieved from /home/airflow/.local/lib/python3.7/site-packages/airflow/example_dags/example_python_operator.py
[2024-05-27T16:41:53.901+0000] {logging_mixin.py:149} INFO - [2024-05-27T16:41:53.901+0000] {dag.py:2726} INFO - Sync 1 DAGs
[2024-05-27T16:41:53.914+0000] {logging_mixin.py:149} INFO - [2024-05-27T16:41:53.914+0000] {dag.py:3490} INFO - Setting next_dagrun for example_python_operator to None, run_after=None
[2024-05-27T16:41:53.923+0000] {processor.py:178} INFO - Processing /home/airflow/.local/lib/python3.7/site-packages/airflow/example_dags/example_python_operator.py took 0.059 seconds
[2024-05-27T16:42:24.159+0000] {processor.py:156} INFO - Started process (PID=298) to work on /home/airflow/.local/lib/python3.7/site-packages/airflow/example_dags/example_python_operator.py
[2024-05-27T16:42:24.160+0000] {processor.py:799} INFO - Processing file /home/airflow/.local/lib/python3.7/site-packages/airflow/example_dags/example_python_operator.py for tasks to queue
[2024-05-27T16:42:24.161+0000] {logging_mixin.py:149} INFO - [2024-05-27T16:42:24.161+0000] {dagbag.py:541} INFO - Filling up the DagBag from /home/airflow/.local/lib/python3.7/site-packages/airflow/example_dags/example_python_operator.py
[2024-05-27T16:42:24.171+0000] {logging_mixin.py:149} INFO - [2024-05-27T16:42:24.171+0000] {taskmixin.py:211} WARNING - Dependency <Task(_PythonDecoratedOperator): print_the_context>, log_sql_query already registered for DAG: example_python_operator
[2024-05-27T16:42:24.171+0000] {logging_mixin.py:149} INFO - [2024-05-27T16:42:24.171+0000] {taskmixin.py:211} WARNING - Dependency <Task(_PythonDecoratedOperator): log_sql_query>, print_the_context already registered for DAG: example_python_operator
[2024-05-27T16:42:24.172+0000] {logging_mixin.py:149} INFO - [2024-05-27T16:42:24.172+0000] {taskmixin.py:211} WARNING - Dependency <Task(_PythonDecoratedOperator): print_the_context>, log_sql_query already registered for DAG: example_python_operator
[2024-05-27T16:42:24.172+0000] {logging_mixin.py:149} INFO - [2024-05-27T16:42:24.172+0000] {taskmixin.py:211} WARNING - Dependency <Task(_PythonDecoratedOperator): log_sql_query>, print_the_context already registered for DAG: example_python_operator
[2024-05-27T16:42:24.173+0000] {logging_mixin.py:149} INFO - [2024-05-27T16:42:24.173+0000] {taskmixin.py:211} WARNING - Dependency <Task(_PythonDecoratedOperator): print_the_context>, log_sql_query already registered for DAG: example_python_operator
[2024-05-27T16:42:24.173+0000] {logging_mixin.py:149} INFO - [2024-05-27T16:42:24.173+0000] {taskmixin.py:211} WARNING - Dependency <Task(_PythonDecoratedOperator): log_sql_query>, print_the_context already registered for DAG: example_python_operator
[2024-05-27T16:42:24.174+0000] {logging_mixin.py:149} INFO - [2024-05-27T16:42:24.173+0000] {taskmixin.py:211} WARNING - Dependency <Task(_PythonDecoratedOperator): print_the_context>, log_sql_query already registered for DAG: example_python_operator
[2024-05-27T16:42:24.174+0000] {logging_mixin.py:149} INFO - [2024-05-27T16:42:24.174+0000] {taskmixin.py:211} WARNING - Dependency <Task(_PythonDecoratedOperator): log_sql_query>, print_the_context already registered for DAG: example_python_operator
[2024-05-27T16:42:24.176+0000] {processor.py:809} INFO - DAG(s) dict_keys(['example_python_operator']) retrieved from /home/airflow/.local/lib/python3.7/site-packages/airflow/example_dags/example_python_operator.py
[2024-05-27T16:42:24.199+0000] {logging_mixin.py:149} INFO - [2024-05-27T16:42:24.199+0000] {dag.py:2726} INFO - Sync 1 DAGs
[2024-05-27T16:42:24.215+0000] {logging_mixin.py:149} INFO - [2024-05-27T16:42:24.215+0000] {dag.py:3490} INFO - Setting next_dagrun for example_python_operator to None, run_after=None
[2024-05-27T16:42:24.225+0000] {processor.py:178} INFO - Processing /home/airflow/.local/lib/python3.7/site-packages/airflow/example_dags/example_python_operator.py took 0.071 seconds
[2024-05-27T16:42:54.300+0000] {processor.py:156} INFO - Started process (PID=358) to work on /home/airflow/.local/lib/python3.7/site-packages/airflow/example_dags/example_python_operator.py
[2024-05-27T16:42:54.301+0000] {processor.py:799} INFO - Processing file /home/airflow/.local/lib/python3.7/site-packages/airflow/example_dags/example_python_operator.py for tasks to queue
[2024-05-27T16:42:54.302+0000] {logging_mixin.py:149} INFO - [2024-05-27T16:42:54.302+0000] {dagbag.py:541} INFO - Filling up the DagBag from /home/airflow/.local/lib/python3.7/site-packages/airflow/example_dags/example_python_operator.py
[2024-05-27T16:42:54.310+0000] {logging_mixin.py:149} INFO - [2024-05-27T16:42:54.310+0000] {taskmixin.py:211} WARNING - Dependency <Task(_PythonDecoratedOperator): print_the_context>, log_sql_query already registered for DAG: example_python_operator
[2024-05-27T16:42:54.310+0000] {logging_mixin.py:149} INFO - [2024-05-27T16:42:54.310+0000] {taskmixin.py:211} WARNING - Dependency <Task(_PythonDecoratedOperator): log_sql_query>, print_the_context already registered for DAG: example_python_operator
[2024-05-27T16:42:54.311+0000] {logging_mixin.py:149} INFO - [2024-05-27T16:42:54.311+0000] {taskmixin.py:211} WARNING - Dependency <Task(_PythonDecoratedOperator): print_the_context>, log_sql_query already registered for DAG: example_python_operator
[2024-05-27T16:42:54.311+0000] {logging_mixin.py:149} INFO - [2024-05-27T16:42:54.311+0000] {taskmixin.py:211} WARNING - Dependency <Task(_PythonDecoratedOperator): log_sql_query>, print_the_context already registered for DAG: example_python_operator
[2024-05-27T16:42:54.312+0000] {logging_mixin.py:149} INFO - [2024-05-27T16:42:54.312+0000] {taskmixin.py:211} WARNING - Dependency <Task(_PythonDecoratedOperator): print_the_context>, log_sql_query already registered for DAG: example_python_operator
[2024-05-27T16:42:54.312+0000] {logging_mixin.py:149} INFO - [2024-05-27T16:42:54.312+0000] {taskmixin.py:211} WARNING - Dependency <Task(_PythonDecoratedOperator): log_sql_query>, print_the_context already registered for DAG: example_python_operator
[2024-05-27T16:42:54.313+0000] {logging_mixin.py:149} INFO - [2024-05-27T16:42:54.313+0000] {taskmixin.py:211} WARNING - Dependency <Task(_PythonDecoratedOperator): print_the_context>, log_sql_query already registered for DAG: example_python_operator
[2024-05-27T16:42:54.313+0000] {logging_mixin.py:149} INFO - [2024-05-27T16:42:54.313+0000] {taskmixin.py:211} WARNING - Dependency <Task(_PythonDecoratedOperator): log_sql_query>, print_the_context already registered for DAG: example_python_operator
[2024-05-27T16:42:54.315+0000] {processor.py:809} INFO - DAG(s) dict_keys(['example_python_operator']) retrieved from /home/airflow/.local/lib/python3.7/site-packages/airflow/example_dags/example_python_operator.py
[2024-05-27T16:42:54.335+0000] {logging_mixin.py:149} INFO - [2024-05-27T16:42:54.335+0000] {dag.py:2726} INFO - Sync 1 DAGs
[2024-05-27T16:42:54.349+0000] {logging_mixin.py:149} INFO - [2024-05-27T16:42:54.349+0000] {dag.py:3490} INFO - Setting next_dagrun for example_python_operator to None, run_after=None
[2024-05-27T16:42:54.357+0000] {processor.py:178} INFO - Processing /home/airflow/.local/lib/python3.7/site-packages/airflow/example_dags/example_python_operator.py took 0.061 seconds
[2024-05-27T16:43:25.182+0000] {processor.py:156} INFO - Started process (PID=418) to work on /home/airflow/.local/lib/python3.7/site-packages/airflow/example_dags/example_python_operator.py
[2024-05-27T16:43:25.184+0000] {processor.py:799} INFO - Processing file /home/airflow/.local/lib/python3.7/site-packages/airflow/example_dags/example_python_operator.py for tasks to queue
[2024-05-27T16:43:25.184+0000] {logging_mixin.py:149} INFO - [2024-05-27T16:43:25.184+0000] {dagbag.py:541} INFO - Filling up the DagBag from /home/airflow/.local/lib/python3.7/site-packages/airflow/example_dags/example_python_operator.py
[2024-05-27T16:43:25.191+0000] {logging_mixin.py:149} INFO - [2024-05-27T16:43:25.191+0000] {taskmixin.py:211} WARNING - Dependency <Task(_PythonDecoratedOperator): print_the_context>, log_sql_query already registered for DAG: example_python_operator
[2024-05-27T16:43:25.192+0000] {logging_mixin.py:149} INFO - [2024-05-27T16:43:25.192+0000] {taskmixin.py:211} WARNING - Dependency <Task(_PythonDecoratedOperator): log_sql_query>, print_the_context already registered for DAG: example_python_operator
[2024-05-27T16:43:25.192+0000] {logging_mixin.py:149} INFO - [2024-05-27T16:43:25.192+0000] {taskmixin.py:211} WARNING - Dependency <Task(_PythonDecoratedOperator): print_the_context>, log_sql_query already registered for DAG: example_python_operator
[2024-05-27T16:43:25.193+0000] {logging_mixin.py:149} INFO - [2024-05-27T16:43:25.192+0000] {taskmixin.py:211} WARNING - Dependency <Task(_PythonDecoratedOperator): log_sql_query>, print_the_context already registered for DAG: example_python_operator
[2024-05-27T16:43:25.193+0000] {logging_mixin.py:149} INFO - [2024-05-27T16:43:25.193+0000] {taskmixin.py:211} WARNING - Dependency <Task(_PythonDecoratedOperator): print_the_context>, log_sql_query already registered for DAG: example_python_operator
[2024-05-27T16:43:25.193+0000] {logging_mixin.py:149} INFO - [2024-05-27T16:43:25.193+0000] {taskmixin.py:211} WARNING - Dependency <Task(_PythonDecoratedOperator): log_sql_query>, print_the_context already registered for DAG: example_python_operator
[2024-05-27T16:43:25.194+0000] {logging_mixin.py:149} INFO - [2024-05-27T16:43:25.194+0000] {taskmixin.py:211} WARNING - Dependency <Task(_PythonDecoratedOperator): print_the_context>, log_sql_query already registered for DAG: example_python_operator
[2024-05-27T16:43:25.194+0000] {logging_mixin.py:149} INFO - [2024-05-27T16:43:25.194+0000] {taskmixin.py:211} WARNING - Dependency <Task(_PythonDecoratedOperator): log_sql_query>, print_the_context already registered for DAG: example_python_operator
[2024-05-27T16:43:25.196+0000] {processor.py:809} INFO - DAG(s) dict_keys(['example_python_operator']) retrieved from /home/airflow/.local/lib/python3.7/site-packages/airflow/example_dags/example_python_operator.py
[2024-05-27T16:43:25.215+0000] {logging_mixin.py:149} INFO - [2024-05-27T16:43:25.215+0000] {dag.py:2726} INFO - Sync 1 DAGs
[2024-05-27T16:43:25.228+0000] {logging_mixin.py:149} INFO - [2024-05-27T16:43:25.228+0000] {dag.py:3490} INFO - Setting next_dagrun for example_python_operator to None, run_after=None
[2024-05-27T16:43:25.237+0000] {processor.py:178} INFO - Processing /home/airflow/.local/lib/python3.7/site-packages/airflow/example_dags/example_python_operator.py took 0.059 seconds
[2024-05-27T16:43:56.030+0000] {processor.py:156} INFO - Started process (PID=478) to work on /home/airflow/.local/lib/python3.7/site-packages/airflow/example_dags/example_python_operator.py
[2024-05-27T16:43:56.032+0000] {processor.py:799} INFO - Processing file /home/airflow/.local/lib/python3.7/site-packages/airflow/example_dags/example_python_operator.py for tasks to queue
[2024-05-27T16:43:56.032+0000] {logging_mixin.py:149} INFO - [2024-05-27T16:43:56.032+0000] {dagbag.py:541} INFO - Filling up the DagBag from /home/airflow/.local/lib/python3.7/site-packages/airflow/example_dags/example_python_operator.py
[2024-05-27T16:43:56.040+0000] {logging_mixin.py:149} INFO - [2024-05-27T16:43:56.039+0000] {taskmixin.py:211} WARNING - Dependency <Task(_PythonDecoratedOperator): print_the_context>, log_sql_query already registered for DAG: example_python_operator
[2024-05-27T16:43:56.040+0000] {logging_mixin.py:149} INFO - [2024-05-27T16:43:56.040+0000] {taskmixin.py:211} WARNING - Dependency <Task(_PythonDecoratedOperator): log_sql_query>, print_the_context already registered for DAG: example_python_operator
[2024-05-27T16:43:56.041+0000] {logging_mixin.py:149} INFO - [2024-05-27T16:43:56.040+0000] {taskmixin.py:211} WARNING - Dependency <Task(_PythonDecoratedOperator): print_the_context>, log_sql_query already registered for DAG: example_python_operator
[2024-05-27T16:43:56.041+0000] {logging_mixin.py:149} INFO - [2024-05-27T16:43:56.041+0000] {taskmixin.py:211} WARNING - Dependency <Task(_PythonDecoratedOperator): log_sql_query>, print_the_context already registered for DAG: example_python_operator
[2024-05-27T16:43:56.042+0000] {logging_mixin.py:149} INFO - [2024-05-27T16:43:56.041+0000] {taskmixin.py:211} WARNING - Dependency <Task(_PythonDecoratedOperator): print_the_context>, log_sql_query already registered for DAG: example_python_operator
[2024-05-27T16:43:56.042+0000] {logging_mixin.py:149} INFO - [2024-05-27T16:43:56.042+0000] {taskmixin.py:211} WARNING - Dependency <Task(_PythonDecoratedOperator): log_sql_query>, print_the_context already registered for DAG: example_python_operator
[2024-05-27T16:43:56.043+0000] {logging_mixin.py:149} INFO - [2024-05-27T16:43:56.042+0000] {taskmixin.py:211} WARNING - Dependency <Task(_PythonDecoratedOperator): print_the_context>, log_sql_query already registered for DAG: example_python_operator
[2024-05-27T16:43:56.043+0000] {logging_mixin.py:149} INFO - [2024-05-27T16:43:56.043+0000] {taskmixin.py:211} WARNING - Dependency <Task(_PythonDecoratedOperator): log_sql_query>, print_the_context already registered for DAG: example_python_operator
[2024-05-27T16:43:56.045+0000] {processor.py:809} INFO - DAG(s) dict_keys(['example_python_operator']) retrieved from /home/airflow/.local/lib/python3.7/site-packages/airflow/example_dags/example_python_operator.py
[2024-05-27T16:43:56.067+0000] {logging_mixin.py:149} INFO - [2024-05-27T16:43:56.067+0000] {dag.py:2726} INFO - Sync 1 DAGs
[2024-05-27T16:43:56.080+0000] {logging_mixin.py:149} INFO - [2024-05-27T16:43:56.080+0000] {dag.py:3490} INFO - Setting next_dagrun for example_python_operator to None, run_after=None
[2024-05-27T16:43:56.089+0000] {processor.py:178} INFO - Processing /home/airflow/.local/lib/python3.7/site-packages/airflow/example_dags/example_python_operator.py took 0.063 seconds
[2024-05-27T16:44:26.937+0000] {processor.py:156} INFO - Started process (PID=538) to work on /home/airflow/.local/lib/python3.7/site-packages/airflow/example_dags/example_python_operator.py
[2024-05-27T16:44:26.938+0000] {processor.py:799} INFO - Processing file /home/airflow/.local/lib/python3.7/site-packages/airflow/example_dags/example_python_operator.py for tasks to queue
[2024-05-27T16:44:26.938+0000] {logging_mixin.py:149} INFO - [2024-05-27T16:44:26.938+0000] {dagbag.py:541} INFO - Filling up the DagBag from /home/airflow/.local/lib/python3.7/site-packages/airflow/example_dags/example_python_operator.py
[2024-05-27T16:44:26.946+0000] {logging_mixin.py:149} INFO - [2024-05-27T16:44:26.946+0000] {taskmixin.py:211} WARNING - Dependency <Task(_PythonDecoratedOperator): print_the_context>, log_sql_query already registered for DAG: example_python_operator
[2024-05-27T16:44:26.946+0000] {logging_mixin.py:149} INFO - [2024-05-27T16:44:26.946+0000] {taskmixin.py:211} WARNING - Dependency <Task(_PythonDecoratedOperator): log_sql_query>, print_the_context already registered for DAG: example_python_operator
[2024-05-27T16:44:26.947+0000] {logging_mixin.py:149} INFO - [2024-05-27T16:44:26.947+0000] {taskmixin.py:211} WARNING - Dependency <Task(_PythonDecoratedOperator): print_the_context>, log_sql_query already registered for DAG: example_python_operator
[2024-05-27T16:44:26.947+0000] {logging_mixin.py:149} INFO - [2024-05-27T16:44:26.947+0000] {taskmixin.py:211} WARNING - Dependency <Task(_PythonDecoratedOperator): log_sql_query>, print_the_context already registered for DAG: example_python_operator
[2024-05-27T16:44:26.947+0000] {logging_mixin.py:149} INFO - [2024-05-27T16:44:26.947+0000] {taskmixin.py:211} WARNING - Dependency <Task(_PythonDecoratedOperator): print_the_context>, log_sql_query already registered for DAG: example_python_operator
[2024-05-27T16:44:26.948+0000] {logging_mixin.py:149} INFO - [2024-05-27T16:44:26.948+0000] {taskmixin.py:211} WARNING - Dependency <Task(_PythonDecoratedOperator): log_sql_query>, print_the_context already registered for DAG: example_python_operator
[2024-05-27T16:44:26.948+0000] {logging_mixin.py:149} INFO - [2024-05-27T16:44:26.948+0000] {taskmixin.py:211} WARNING - Dependency <Task(_PythonDecoratedOperator): print_the_context>, log_sql_query already registered for DAG: example_python_operator
[2024-05-27T16:44:26.948+0000] {logging_mixin.py:149} INFO - [2024-05-27T16:44:26.948+0000] {taskmixin.py:211} WARNING - Dependency <Task(_PythonDecoratedOperator): log_sql_query>, print_the_context already registered for DAG: example_python_operator
[2024-05-27T16:44:26.950+0000] {processor.py:809} INFO - DAG(s) dict_keys(['example_python_operator']) retrieved from /home/airflow/.local/lib/python3.7/site-packages/airflow/example_dags/example_python_operator.py
[2024-05-27T16:44:26.971+0000] {logging_mixin.py:149} INFO - [2024-05-27T16:44:26.971+0000] {dag.py:2726} INFO - Sync 1 DAGs
[2024-05-27T16:44:26.989+0000] {logging_mixin.py:149} INFO - [2024-05-27T16:44:26.989+0000] {dag.py:3490} INFO - Setting next_dagrun for example_python_operator to None, run_after=None
[2024-05-27T16:44:27.000+0000] {processor.py:178} INFO - Processing /home/airflow/.local/lib/python3.7/site-packages/airflow/example_dags/example_python_operator.py took 0.066 seconds
[2024-05-27T16:44:57.078+0000] {processor.py:156} INFO - Started process (PID=598) to work on /home/airflow/.local/lib/python3.7/site-packages/airflow/example_dags/example_python_operator.py
[2024-05-27T16:44:57.080+0000] {processor.py:799} INFO - Processing file /home/airflow/.local/lib/python3.7/site-packages/airflow/example_dags/example_python_operator.py for tasks to queue
[2024-05-27T16:44:57.081+0000] {logging_mixin.py:149} INFO - [2024-05-27T16:44:57.080+0000] {dagbag.py:541} INFO - Filling up the DagBag from /home/airflow/.local/lib/python3.7/site-packages/airflow/example_dags/example_python_operator.py
[2024-05-27T16:44:57.089+0000] {logging_mixin.py:149} INFO - [2024-05-27T16:44:57.089+0000] {taskmixin.py:211} WARNING - Dependency <Task(_PythonDecoratedOperator): print_the_context>, log_sql_query already registered for DAG: example_python_operator
[2024-05-27T16:44:57.089+0000] {logging_mixin.py:149} INFO - [2024-05-27T16:44:57.089+0000] {taskmixin.py:211} WARNING - Dependency <Task(_PythonDecoratedOperator): log_sql_query>, print_the_context already registered for DAG: example_python_operator
[2024-05-27T16:44:57.090+0000] {logging_mixin.py:149} INFO - [2024-05-27T16:44:57.090+0000] {taskmixin.py:211} WARNING - Dependency <Task(_PythonDecoratedOperator): print_the_context>, log_sql_query already registered for DAG: example_python_operator
[2024-05-27T16:44:57.090+0000] {logging_mixin.py:149} INFO - [2024-05-27T16:44:57.090+0000] {taskmixin.py:211} WARNING - Dependency <Task(_PythonDecoratedOperator): log_sql_query>, print_the_context already registered for DAG: example_python_operator
[2024-05-27T16:44:57.091+0000] {logging_mixin.py:149} INFO - [2024-05-27T16:44:57.090+0000] {taskmixin.py:211} WARNING - Dependency <Task(_PythonDecoratedOperator): print_the_context>, log_sql_query already registered for DAG: example_python_operator
[2024-05-27T16:44:57.091+0000] {logging_mixin.py:149} INFO - [2024-05-27T16:44:57.091+0000] {taskmixin.py:211} WARNING - Dependency <Task(_PythonDecoratedOperator): log_sql_query>, print_the_context already registered for DAG: example_python_operator
[2024-05-27T16:44:57.091+0000] {logging_mixin.py:149} INFO - [2024-05-27T16:44:57.091+0000] {taskmixin.py:211} WARNING - Dependency <Task(_PythonDecoratedOperator): print_the_context>, log_sql_query already registered for DAG: example_python_operator
[2024-05-27T16:44:57.092+0000] {logging_mixin.py:149} INFO - [2024-05-27T16:44:57.092+0000] {taskmixin.py:211} WARNING - Dependency <Task(_PythonDecoratedOperator): log_sql_query>, print_the_context already registered for DAG: example_python_operator
[2024-05-27T16:44:57.094+0000] {processor.py:809} INFO - DAG(s) dict_keys(['example_python_operator']) retrieved from /home/airflow/.local/lib/python3.7/site-packages/airflow/example_dags/example_python_operator.py
[2024-05-27T16:44:57.113+0000] {logging_mixin.py:149} INFO - [2024-05-27T16:44:57.113+0000] {dag.py:2726} INFO - Sync 1 DAGs
[2024-05-27T16:44:57.127+0000] {logging_mixin.py:149} INFO - [2024-05-27T16:44:57.127+0000] {dag.py:3490} INFO - Setting next_dagrun for example_python_operator to None, run_after=None
[2024-05-27T16:44:57.135+0000] {processor.py:178} INFO - Processing /home/airflow/.local/lib/python3.7/site-packages/airflow/example_dags/example_python_operator.py took 0.062 seconds
[2024-05-27T16:45:27.968+0000] {processor.py:156} INFO - Started process (PID=658) to work on /home/airflow/.local/lib/python3.7/site-packages/airflow/example_dags/example_python_operator.py
[2024-05-27T16:45:27.969+0000] {processor.py:799} INFO - Processing file /home/airflow/.local/lib/python3.7/site-packages/airflow/example_dags/example_python_operator.py for tasks to queue
[2024-05-27T16:45:27.970+0000] {logging_mixin.py:149} INFO - [2024-05-27T16:45:27.970+0000] {dagbag.py:541} INFO - Filling up the DagBag from /home/airflow/.local/lib/python3.7/site-packages/airflow/example_dags/example_python_operator.py
[2024-05-27T16:45:27.978+0000] {logging_mixin.py:149} INFO - [2024-05-27T16:45:27.978+0000] {taskmixin.py:211} WARNING - Dependency <Task(_PythonDecoratedOperator): print_the_context>, log_sql_query already registered for DAG: example_python_operator
[2024-05-27T16:45:27.979+0000] {logging_mixin.py:149} INFO - [2024-05-27T16:45:27.979+0000] {taskmixin.py:211} WARNING - Dependency <Task(_PythonDecoratedOperator): log_sql_query>, print_the_context already registered for DAG: example_python_operator
[2024-05-27T16:45:27.979+0000] {logging_mixin.py:149} INFO - [2024-05-27T16:45:27.979+0000] {taskmixin.py:211} WARNING - Dependency <Task(_PythonDecoratedOperator): print_the_context>, log_sql_query already registered for DAG: example_python_operator
[2024-05-27T16:45:27.980+0000] {logging_mixin.py:149} INFO - [2024-05-27T16:45:27.980+0000] {taskmixin.py:211} WARNING - Dependency <Task(_PythonDecoratedOperator): log_sql_query>, print_the_context already registered for DAG: example_python_operator
[2024-05-27T16:45:27.980+0000] {logging_mixin.py:149} INFO - [2024-05-27T16:45:27.980+0000] {taskmixin.py:211} WARNING - Dependency <Task(_PythonDecoratedOperator): print_the_context>, log_sql_query already registered for DAG: example_python_operator
[2024-05-27T16:45:27.981+0000] {logging_mixin.py:149} INFO - [2024-05-27T16:45:27.980+0000] {taskmixin.py:211} WARNING - Dependency <Task(_PythonDecoratedOperator): log_sql_query>, print_the_context already registered for DAG: example_python_operator
[2024-05-27T16:45:27.981+0000] {logging_mixin.py:149} INFO - [2024-05-27T16:45:27.981+0000] {taskmixin.py:211} WARNING - Dependency <Task(_PythonDecoratedOperator): print_the_context>, log_sql_query already registered for DAG: example_python_operator
[2024-05-27T16:45:27.981+0000] {logging_mixin.py:149} INFO - [2024-05-27T16:45:27.981+0000] {taskmixin.py:211} WARNING - Dependency <Task(_PythonDecoratedOperator): log_sql_query>, print_the_context already registered for DAG: example_python_operator
[2024-05-27T16:45:27.983+0000] {processor.py:809} INFO - DAG(s) dict_keys(['example_python_operator']) retrieved from /home/airflow/.local/lib/python3.7/site-packages/airflow/example_dags/example_python_operator.py
[2024-05-27T16:45:28.002+0000] {logging_mixin.py:149} INFO - [2024-05-27T16:45:28.002+0000] {dag.py:2726} INFO - Sync 1 DAGs
[2024-05-27T16:45:28.016+0000] {logging_mixin.py:149} INFO - [2024-05-27T16:45:28.016+0000] {dag.py:3490} INFO - Setting next_dagrun for example_python_operator to None, run_after=None
[2024-05-27T16:45:28.025+0000] {processor.py:178} INFO - Processing /home/airflow/.local/lib/python3.7/site-packages/airflow/example_dags/example_python_operator.py took 0.062 seconds
[2024-05-27T16:45:58.757+0000] {processor.py:156} INFO - Started process (PID=718) to work on /home/airflow/.local/lib/python3.7/site-packages/airflow/example_dags/example_python_operator.py
[2024-05-27T16:45:58.758+0000] {processor.py:799} INFO - Processing file /home/airflow/.local/lib/python3.7/site-packages/airflow/example_dags/example_python_operator.py for tasks to queue
[2024-05-27T16:45:58.758+0000] {logging_mixin.py:149} INFO - [2024-05-27T16:45:58.758+0000] {dagbag.py:541} INFO - Filling up the DagBag from /home/airflow/.local/lib/python3.7/site-packages/airflow/example_dags/example_python_operator.py
[2024-05-27T16:45:58.765+0000] {logging_mixin.py:149} INFO - [2024-05-27T16:45:58.765+0000] {taskmixin.py:211} WARNING - Dependency <Task(_PythonDecoratedOperator): print_the_context>, log_sql_query already registered for DAG: example_python_operator
[2024-05-27T16:45:58.766+0000] {logging_mixin.py:149} INFO - [2024-05-27T16:45:58.765+0000] {taskmixin.py:211} WARNING - Dependency <Task(_PythonDecoratedOperator): log_sql_query>, print_the_context already registered for DAG: example_python_operator
[2024-05-27T16:45:58.766+0000] {logging_mixin.py:149} INFO - [2024-05-27T16:45:58.766+0000] {taskmixin.py:211} WARNING - Dependency <Task(_PythonDecoratedOperator): print_the_context>, log_sql_query already registered for DAG: example_python_operator
[2024-05-27T16:45:58.766+0000] {logging_mixin.py:149} INFO - [2024-05-27T16:45:58.766+0000] {taskmixin.py:211} WARNING - Dependency <Task(_PythonDecoratedOperator): log_sql_query>, print_the_context already registered for DAG: example_python_operator
[2024-05-27T16:45:58.767+0000] {logging_mixin.py:149} INFO - [2024-05-27T16:45:58.767+0000] {taskmixin.py:211} WARNING - Dependency <Task(_PythonDecoratedOperator): print_the_context>, log_sql_query already registered for DAG: example_python_operator
[2024-05-27T16:45:58.767+0000] {logging_mixin.py:149} INFO - [2024-05-27T16:45:58.767+0000] {taskmixin.py:211} WARNING - Dependency <Task(_PythonDecoratedOperator): log_sql_query>, print_the_context already registered for DAG: example_python_operator
[2024-05-27T16:45:58.768+0000] {logging_mixin.py:149} INFO - [2024-05-27T16:45:58.768+0000] {taskmixin.py:211} WARNING - Dependency <Task(_PythonDecoratedOperator): print_the_context>, log_sql_query already registered for DAG: example_python_operator
[2024-05-27T16:45:58.768+0000] {logging_mixin.py:149} INFO - [2024-05-27T16:45:58.768+0000] {taskmixin.py:211} WARNING - Dependency <Task(_PythonDecoratedOperator): log_sql_query>, print_the_context already registered for DAG: example_python_operator
[2024-05-27T16:45:58.770+0000] {processor.py:809} INFO - DAG(s) dict_keys(['example_python_operator']) retrieved from /home/airflow/.local/lib/python3.7/site-packages/airflow/example_dags/example_python_operator.py
[2024-05-27T16:45:58.790+0000] {logging_mixin.py:149} INFO - [2024-05-27T16:45:58.789+0000] {dag.py:2726} INFO - Sync 1 DAGs
[2024-05-27T16:45:58.803+0000] {logging_mixin.py:149} INFO - [2024-05-27T16:45:58.803+0000] {dag.py:3490} INFO - Setting next_dagrun for example_python_operator to None, run_after=None
[2024-05-27T16:45:58.812+0000] {processor.py:178} INFO - Processing /home/airflow/.local/lib/python3.7/site-packages/airflow/example_dags/example_python_operator.py took 0.059 seconds
[2024-05-27T16:46:28.932+0000] {processor.py:156} INFO - Started process (PID=778) to work on /home/airflow/.local/lib/python3.7/site-packages/airflow/example_dags/example_python_operator.py
[2024-05-27T16:46:28.933+0000] {processor.py:799} INFO - Processing file /home/airflow/.local/lib/python3.7/site-packages/airflow/example_dags/example_python_operator.py for tasks to queue
[2024-05-27T16:46:28.934+0000] {logging_mixin.py:149} INFO - [2024-05-27T16:46:28.934+0000] {dagbag.py:541} INFO - Filling up the DagBag from /home/airflow/.local/lib/python3.7/site-packages/airflow/example_dags/example_python_operator.py
[2024-05-27T16:46:28.940+0000] {logging_mixin.py:149} INFO - [2024-05-27T16:46:28.940+0000] {taskmixin.py:211} WARNING - Dependency <Task(_PythonDecoratedOperator): print_the_context>, log_sql_query already registered for DAG: example_python_operator
[2024-05-27T16:46:28.941+0000] {logging_mixin.py:149} INFO - [2024-05-27T16:46:28.940+0000] {taskmixin.py:211} WARNING - Dependency <Task(_PythonDecoratedOperator): log_sql_query>, print_the_context already registered for DAG: example_python_operator
[2024-05-27T16:46:28.941+0000] {logging_mixin.py:149} INFO - [2024-05-27T16:46:28.941+0000] {taskmixin.py:211} WARNING - Dependency <Task(_PythonDecoratedOperator): print_the_context>, log_sql_query already registered for DAG: example_python_operator
[2024-05-27T16:46:28.941+0000] {logging_mixin.py:149} INFO - [2024-05-27T16:46:28.941+0000] {taskmixin.py:211} WARNING - Dependency <Task(_PythonDecoratedOperator): log_sql_query>, print_the_context already registered for DAG: example_python_operator
[2024-05-27T16:46:28.942+0000] {logging_mixin.py:149} INFO - [2024-05-27T16:46:28.942+0000] {taskmixin.py:211} WARNING - Dependency <Task(_PythonDecoratedOperator): print_the_context>, log_sql_query already registered for DAG: example_python_operator
[2024-05-27T16:46:28.942+0000] {logging_mixin.py:149} INFO - [2024-05-27T16:46:28.942+0000] {taskmixin.py:211} WARNING - Dependency <Task(_PythonDecoratedOperator): log_sql_query>, print_the_context already registered for DAG: example_python_operator
[2024-05-27T16:46:28.943+0000] {logging_mixin.py:149} INFO - [2024-05-27T16:46:28.943+0000] {taskmixin.py:211} WARNING - Dependency <Task(_PythonDecoratedOperator): print_the_context>, log_sql_query already registered for DAG: example_python_operator
[2024-05-27T16:46:28.943+0000] {logging_mixin.py:149} INFO - [2024-05-27T16:46:28.943+0000] {taskmixin.py:211} WARNING - Dependency <Task(_PythonDecoratedOperator): log_sql_query>, print_the_context already registered for DAG: example_python_operator
[2024-05-27T16:46:28.945+0000] {processor.py:809} INFO - DAG(s) dict_keys(['example_python_operator']) retrieved from /home/airflow/.local/lib/python3.7/site-packages/airflow/example_dags/example_python_operator.py
[2024-05-27T16:46:28.964+0000] {logging_mixin.py:149} INFO - [2024-05-27T16:46:28.964+0000] {dag.py:2726} INFO - Sync 1 DAGs
[2024-05-27T16:46:28.978+0000] {logging_mixin.py:149} INFO - [2024-05-27T16:46:28.978+0000] {dag.py:3490} INFO - Setting next_dagrun for example_python_operator to None, run_after=None
[2024-05-27T16:46:28.987+0000] {processor.py:178} INFO - Processing /home/airflow/.local/lib/python3.7/site-packages/airflow/example_dags/example_python_operator.py took 0.059 seconds
[2024-05-27T16:46:59.769+0000] {processor.py:156} INFO - Started process (PID=838) to work on /home/airflow/.local/lib/python3.7/site-packages/airflow/example_dags/example_python_operator.py
[2024-05-27T16:46:59.770+0000] {processor.py:799} INFO - Processing file /home/airflow/.local/lib/python3.7/site-packages/airflow/example_dags/example_python_operator.py for tasks to queue
[2024-05-27T16:46:59.771+0000] {logging_mixin.py:149} INFO - [2024-05-27T16:46:59.771+0000] {dagbag.py:541} INFO - Filling up the DagBag from /home/airflow/.local/lib/python3.7/site-packages/airflow/example_dags/example_python_operator.py
[2024-05-27T16:46:59.780+0000] {logging_mixin.py:149} INFO - [2024-05-27T16:46:59.779+0000] {taskmixin.py:211} WARNING - Dependency <Task(_PythonDecoratedOperator): print_the_context>, log_sql_query already registered for DAG: example_python_operator
[2024-05-27T16:46:59.780+0000] {logging_mixin.py:149} INFO - [2024-05-27T16:46:59.780+0000] {taskmixin.py:211} WARNING - Dependency <Task(_PythonDecoratedOperator): log_sql_query>, print_the_context already registered for DAG: example_python_operator
[2024-05-27T16:46:59.781+0000] {logging_mixin.py:149} INFO - [2024-05-27T16:46:59.780+0000] {taskmixin.py:211} WARNING - Dependency <Task(_PythonDecoratedOperator): print_the_context>, log_sql_query already registered for DAG: example_python_operator
[2024-05-27T16:46:59.781+0000] {logging_mixin.py:149} INFO - [2024-05-27T16:46:59.781+0000] {taskmixin.py:211} WARNING - Dependency <Task(_PythonDecoratedOperator): log_sql_query>, print_the_context already registered for DAG: example_python_operator
[2024-05-27T16:46:59.781+0000] {logging_mixin.py:149} INFO - [2024-05-27T16:46:59.781+0000] {taskmixin.py:211} WARNING - Dependency <Task(_PythonDecoratedOperator): print_the_context>, log_sql_query already registered for DAG: example_python_operator
[2024-05-27T16:46:59.782+0000] {logging_mixin.py:149} INFO - [2024-05-27T16:46:59.782+0000] {taskmixin.py:211} WARNING - Dependency <Task(_PythonDecoratedOperator): log_sql_query>, print_the_context already registered for DAG: example_python_operator
[2024-05-27T16:46:59.782+0000] {logging_mixin.py:149} INFO - [2024-05-27T16:46:59.782+0000] {taskmixin.py:211} WARNING - Dependency <Task(_PythonDecoratedOperator): print_the_context>, log_sql_query already registered for DAG: example_python_operator
[2024-05-27T16:46:59.782+0000] {logging_mixin.py:149} INFO - [2024-05-27T16:46:59.782+0000] {taskmixin.py:211} WARNING - Dependency <Task(_PythonDecoratedOperator): log_sql_query>, print_the_context already registered for DAG: example_python_operator
[2024-05-27T16:46:59.785+0000] {processor.py:809} INFO - DAG(s) dict_keys(['example_python_operator']) retrieved from /home/airflow/.local/lib/python3.7/site-packages/airflow/example_dags/example_python_operator.py
[2024-05-27T16:46:59.810+0000] {logging_mixin.py:149} INFO - [2024-05-27T16:46:59.809+0000] {dag.py:2726} INFO - Sync 1 DAGs
[2024-05-27T16:46:59.823+0000] {logging_mixin.py:149} INFO - [2024-05-27T16:46:59.823+0000] {dag.py:3490} INFO - Setting next_dagrun for example_python_operator to None, run_after=None
[2024-05-27T16:46:59.833+0000] {processor.py:178} INFO - Processing /home/airflow/.local/lib/python3.7/site-packages/airflow/example_dags/example_python_operator.py took 0.068 seconds
[2024-05-27T16:47:30.526+0000] {processor.py:156} INFO - Started process (PID=898) to work on /home/airflow/.local/lib/python3.7/site-packages/airflow/example_dags/example_python_operator.py
[2024-05-27T16:47:30.527+0000] {processor.py:799} INFO - Processing file /home/airflow/.local/lib/python3.7/site-packages/airflow/example_dags/example_python_operator.py for tasks to queue
[2024-05-27T16:47:30.527+0000] {logging_mixin.py:149} INFO - [2024-05-27T16:47:30.527+0000] {dagbag.py:541} INFO - Filling up the DagBag from /home/airflow/.local/lib/python3.7/site-packages/airflow/example_dags/example_python_operator.py
[2024-05-27T16:47:30.536+0000] {logging_mixin.py:149} INFO - [2024-05-27T16:47:30.536+0000] {taskmixin.py:211} WARNING - Dependency <Task(_PythonDecoratedOperator): print_the_context>, log_sql_query already registered for DAG: example_python_operator
[2024-05-27T16:47:30.537+0000] {logging_mixin.py:149} INFO - [2024-05-27T16:47:30.537+0000] {taskmixin.py:211} WARNING - Dependency <Task(_PythonDecoratedOperator): log_sql_query>, print_the_context already registered for DAG: example_python_operator
[2024-05-27T16:47:30.537+0000] {logging_mixin.py:149} INFO - [2024-05-27T16:47:30.537+0000] {taskmixin.py:211} WARNING - Dependency <Task(_PythonDecoratedOperator): print_the_context>, log_sql_query already registered for DAG: example_python_operator
[2024-05-27T16:47:30.538+0000] {logging_mixin.py:149} INFO - [2024-05-27T16:47:30.538+0000] {taskmixin.py:211} WARNING - Dependency <Task(_PythonDecoratedOperator): log_sql_query>, print_the_context already registered for DAG: example_python_operator
[2024-05-27T16:47:30.538+0000] {logging_mixin.py:149} INFO - [2024-05-27T16:47:30.538+0000] {taskmixin.py:211} WARNING - Dependency <Task(_PythonDecoratedOperator): print_the_context>, log_sql_query already registered for DAG: example_python_operator
[2024-05-27T16:47:30.539+0000] {logging_mixin.py:149} INFO - [2024-05-27T16:47:30.539+0000] {taskmixin.py:211} WARNING - Dependency <Task(_PythonDecoratedOperator): log_sql_query>, print_the_context already registered for DAG: example_python_operator
[2024-05-27T16:47:30.539+0000] {logging_mixin.py:149} INFO - [2024-05-27T16:47:30.539+0000] {taskmixin.py:211} WARNING - Dependency <Task(_PythonDecoratedOperator): print_the_context>, log_sql_query already registered for DAG: example_python_operator
[2024-05-27T16:47:30.540+0000] {logging_mixin.py:149} INFO - [2024-05-27T16:47:30.540+0000] {taskmixin.py:211} WARNING - Dependency <Task(_PythonDecoratedOperator): log_sql_query>, print_the_context already registered for DAG: example_python_operator
[2024-05-27T16:47:30.543+0000] {processor.py:809} INFO - DAG(s) dict_keys(['example_python_operator']) retrieved from /home/airflow/.local/lib/python3.7/site-packages/airflow/example_dags/example_python_operator.py
[2024-05-27T16:47:30.587+0000] {logging_mixin.py:149} INFO - [2024-05-27T16:47:30.586+0000] {dag.py:2726} INFO - Sync 1 DAGs
[2024-05-27T16:47:30.605+0000] {logging_mixin.py:149} INFO - [2024-05-27T16:47:30.605+0000] {dag.py:3490} INFO - Setting next_dagrun for example_python_operator to None, run_after=None
[2024-05-27T16:47:30.614+0000] {processor.py:178} INFO - Processing /home/airflow/.local/lib/python3.7/site-packages/airflow/example_dags/example_python_operator.py took 0.092 seconds
[2024-05-27T16:48:01.330+0000] {processor.py:156} INFO - Started process (PID=958) to work on /home/airflow/.local/lib/python3.7/site-packages/airflow/example_dags/example_python_operator.py
[2024-05-27T16:48:01.331+0000] {processor.py:799} INFO - Processing file /home/airflow/.local/lib/python3.7/site-packages/airflow/example_dags/example_python_operator.py for tasks to queue
[2024-05-27T16:48:01.331+0000] {logging_mixin.py:149} INFO - [2024-05-27T16:48:01.331+0000] {dagbag.py:541} INFO - Filling up the DagBag from /home/airflow/.local/lib/python3.7/site-packages/airflow/example_dags/example_python_operator.py
[2024-05-27T16:48:01.336+0000] {logging_mixin.py:149} INFO - [2024-05-27T16:48:01.336+0000] {taskmixin.py:211} WARNING - Dependency <Task(_PythonDecoratedOperator): print_the_context>, log_sql_query already registered for DAG: example_python_operator
[2024-05-27T16:48:01.337+0000] {logging_mixin.py:149} INFO - [2024-05-27T16:48:01.337+0000] {taskmixin.py:211} WARNING - Dependency <Task(_PythonDecoratedOperator): log_sql_query>, print_the_context already registered for DAG: example_python_operator
[2024-05-27T16:48:01.337+0000] {logging_mixin.py:149} INFO - [2024-05-27T16:48:01.337+0000] {taskmixin.py:211} WARNING - Dependency <Task(_PythonDecoratedOperator): print_the_context>, log_sql_query already registered for DAG: example_python_operator
[2024-05-27T16:48:01.337+0000] {logging_mixin.py:149} INFO - [2024-05-27T16:48:01.337+0000] {taskmixin.py:211} WARNING - Dependency <Task(_PythonDecoratedOperator): log_sql_query>, print_the_context already registered for DAG: example_python_operator
[2024-05-27T16:48:01.338+0000] {logging_mixin.py:149} INFO - [2024-05-27T16:48:01.338+0000] {taskmixin.py:211} WARNING - Dependency <Task(_PythonDecoratedOperator): print_the_context>, log_sql_query already registered for DAG: example_python_operator
[2024-05-27T16:48:01.338+0000] {logging_mixin.py:149} INFO - [2024-05-27T16:48:01.338+0000] {taskmixin.py:211} WARNING - Dependency <Task(_PythonDecoratedOperator): log_sql_query>, print_the_context already registered for DAG: example_python_operator
[2024-05-27T16:48:01.338+0000] {logging_mixin.py:149} INFO - [2024-05-27T16:48:01.338+0000] {taskmixin.py:211} WARNING - Dependency <Task(_PythonDecoratedOperator): print_the_context>, log_sql_query already registered for DAG: example_python_operator
[2024-05-27T16:48:01.339+0000] {logging_mixin.py:149} INFO - [2024-05-27T16:48:01.338+0000] {taskmixin.py:211} WARNING - Dependency <Task(_PythonDecoratedOperator): log_sql_query>, print_the_context already registered for DAG: example_python_operator
[2024-05-27T16:48:01.340+0000] {processor.py:809} INFO - DAG(s) dict_keys(['example_python_operator']) retrieved from /home/airflow/.local/lib/python3.7/site-packages/airflow/example_dags/example_python_operator.py
[2024-05-27T16:48:01.358+0000] {logging_mixin.py:149} INFO - [2024-05-27T16:48:01.358+0000] {dag.py:2726} INFO - Sync 1 DAGs
[2024-05-27T16:48:01.374+0000] {logging_mixin.py:149} INFO - [2024-05-27T16:48:01.374+0000] {dag.py:3490} INFO - Setting next_dagrun for example_python_operator to None, run_after=None
[2024-05-27T16:48:01.385+0000] {processor.py:178} INFO - Processing /home/airflow/.local/lib/python3.7/site-packages/airflow/example_dags/example_python_operator.py took 0.057 seconds
[2024-05-27T16:48:32.089+0000] {processor.py:156} INFO - Started process (PID=1018) to work on /home/airflow/.local/lib/python3.7/site-packages/airflow/example_dags/example_python_operator.py
[2024-05-27T16:48:32.090+0000] {processor.py:799} INFO - Processing file /home/airflow/.local/lib/python3.7/site-packages/airflow/example_dags/example_python_operator.py for tasks to queue
[2024-05-27T16:48:32.090+0000] {logging_mixin.py:149} INFO - [2024-05-27T16:48:32.090+0000] {dagbag.py:541} INFO - Filling up the DagBag from /home/airflow/.local/lib/python3.7/site-packages/airflow/example_dags/example_python_operator.py
[2024-05-27T16:48:32.094+0000] {logging_mixin.py:149} INFO - [2024-05-27T16:48:32.094+0000] {taskmixin.py:211} WARNING - Dependency <Task(_PythonDecoratedOperator): print_the_context>, log_sql_query already registered for DAG: example_python_operator
[2024-05-27T16:48:32.095+0000] {logging_mixin.py:149} INFO - [2024-05-27T16:48:32.095+0000] {taskmixin.py:211} WARNING - Dependency <Task(_PythonDecoratedOperator): log_sql_query>, print_the_context already registered for DAG: example_python_operator
[2024-05-27T16:48:32.095+0000] {logging_mixin.py:149} INFO - [2024-05-27T16:48:32.095+0000] {taskmixin.py:211} WARNING - Dependency <Task(_PythonDecoratedOperator): print_the_context>, log_sql_query already registered for DAG: example_python_operator
[2024-05-27T16:48:32.095+0000] {logging_mixin.py:149} INFO - [2024-05-27T16:48:32.095+0000] {taskmixin.py:211} WARNING - Dependency <Task(_PythonDecoratedOperator): log_sql_query>, print_the_context already registered for DAG: example_python_operator
[2024-05-27T16:48:32.096+0000] {logging_mixin.py:149} INFO - [2024-05-27T16:48:32.096+0000] {taskmixin.py:211} WARNING - Dependency <Task(_PythonDecoratedOperator): print_the_context>, log_sql_query already registered for DAG: example_python_operator
[2024-05-27T16:48:32.096+0000] {logging_mixin.py:149} INFO - [2024-05-27T16:48:32.096+0000] {taskmixin.py:211} WARNING - Dependency <Task(_PythonDecoratedOperator): log_sql_query>, print_the_context already registered for DAG: example_python_operator
[2024-05-27T16:48:32.096+0000] {logging_mixin.py:149} INFO - [2024-05-27T16:48:32.096+0000] {taskmixin.py:211} WARNING - Dependency <Task(_PythonDecoratedOperator): print_the_context>, log_sql_query already registered for DAG: example_python_operator
[2024-05-27T16:48:32.096+0000] {logging_mixin.py:149} INFO - [2024-05-27T16:48:32.096+0000] {taskmixin.py:211} WARNING - Dependency <Task(_PythonDecoratedOperator): log_sql_query>, print_the_context already registered for DAG: example_python_operator
[2024-05-27T16:48:32.098+0000] {processor.py:809} INFO - DAG(s) dict_keys(['example_python_operator']) retrieved from /home/airflow/.local/lib/python3.7/site-packages/airflow/example_dags/example_python_operator.py
[2024-05-27T16:48:32.114+0000] {logging_mixin.py:149} INFO - [2024-05-27T16:48:32.114+0000] {dag.py:2726} INFO - Sync 1 DAGs
[2024-05-27T16:48:32.128+0000] {logging_mixin.py:149} INFO - [2024-05-27T16:48:32.128+0000] {dag.py:3490} INFO - Setting next_dagrun for example_python_operator to None, run_after=None
[2024-05-27T16:48:32.137+0000] {processor.py:178} INFO - Processing /home/airflow/.local/lib/python3.7/site-packages/airflow/example_dags/example_python_operator.py took 0.050 seconds
[2024-05-27T16:49:02.810+0000] {processor.py:156} INFO - Started process (PID=1078) to work on /home/airflow/.local/lib/python3.7/site-packages/airflow/example_dags/example_python_operator.py
[2024-05-27T16:49:02.812+0000] {processor.py:799} INFO - Processing file /home/airflow/.local/lib/python3.7/site-packages/airflow/example_dags/example_python_operator.py for tasks to queue
[2024-05-27T16:49:02.813+0000] {logging_mixin.py:149} INFO - [2024-05-27T16:49:02.812+0000] {dagbag.py:541} INFO - Filling up the DagBag from /home/airflow/.local/lib/python3.7/site-packages/airflow/example_dags/example_python_operator.py
[2024-05-27T16:49:02.820+0000] {logging_mixin.py:149} INFO - [2024-05-27T16:49:02.820+0000] {taskmixin.py:211} WARNING - Dependency <Task(_PythonDecoratedOperator): print_the_context>, log_sql_query already registered for DAG: example_python_operator
[2024-05-27T16:49:02.820+0000] {logging_mixin.py:149} INFO - [2024-05-27T16:49:02.820+0000] {taskmixin.py:211} WARNING - Dependency <Task(_PythonDecoratedOperator): log_sql_query>, print_the_context already registered for DAG: example_python_operator
[2024-05-27T16:49:02.821+0000] {logging_mixin.py:149} INFO - [2024-05-27T16:49:02.821+0000] {taskmixin.py:211} WARNING - Dependency <Task(_PythonDecoratedOperator): print_the_context>, log_sql_query already registered for DAG: example_python_operator
[2024-05-27T16:49:02.821+0000] {logging_mixin.py:149} INFO - [2024-05-27T16:49:02.821+0000] {taskmixin.py:211} WARNING - Dependency <Task(_PythonDecoratedOperator): log_sql_query>, print_the_context already registered for DAG: example_python_operator
[2024-05-27T16:49:02.822+0000] {logging_mixin.py:149} INFO - [2024-05-27T16:49:02.822+0000] {taskmixin.py:211} WARNING - Dependency <Task(_PythonDecoratedOperator): print_the_context>, log_sql_query already registered for DAG: example_python_operator
[2024-05-27T16:49:02.822+0000] {logging_mixin.py:149} INFO - [2024-05-27T16:49:02.822+0000] {taskmixin.py:211} WARNING - Dependency <Task(_PythonDecoratedOperator): log_sql_query>, print_the_context already registered for DAG: example_python_operator
[2024-05-27T16:49:02.823+0000] {logging_mixin.py:149} INFO - [2024-05-27T16:49:02.823+0000] {taskmixin.py:211} WARNING - Dependency <Task(_PythonDecoratedOperator): print_the_context>, log_sql_query already registered for DAG: example_python_operator
[2024-05-27T16:49:02.823+0000] {logging_mixin.py:149} INFO - [2024-05-27T16:49:02.823+0000] {taskmixin.py:211} WARNING - Dependency <Task(_PythonDecoratedOperator): log_sql_query>, print_the_context already registered for DAG: example_python_operator
[2024-05-27T16:49:02.825+0000] {processor.py:809} INFO - DAG(s) dict_keys(['example_python_operator']) retrieved from /home/airflow/.local/lib/python3.7/site-packages/airflow/example_dags/example_python_operator.py
[2024-05-27T16:49:02.844+0000] {logging_mixin.py:149} INFO - [2024-05-27T16:49:02.844+0000] {dag.py:2726} INFO - Sync 1 DAGs
[2024-05-27T16:49:02.857+0000] {logging_mixin.py:149} INFO - [2024-05-27T16:49:02.857+0000] {dag.py:3490} INFO - Setting next_dagrun for example_python_operator to None, run_after=None
[2024-05-27T16:49:02.868+0000] {processor.py:178} INFO - Processing /home/airflow/.local/lib/python3.7/site-packages/airflow/example_dags/example_python_operator.py took 0.062 seconds
[2024-05-27T16:50:02.924+0000] {processor.py:156} INFO - Started process (PID=1138) to work on /home/airflow/.local/lib/python3.7/site-packages/airflow/example_dags/example_python_operator.py
[2024-05-27T16:50:02.924+0000] {processor.py:799} INFO - Processing file /home/airflow/.local/lib/python3.7/site-packages/airflow/example_dags/example_python_operator.py for tasks to queue
[2024-05-27T16:50:02.925+0000] {logging_mixin.py:149} INFO - [2024-05-27T16:50:02.925+0000] {dagbag.py:541} INFO - Filling up the DagBag from /home/airflow/.local/lib/python3.7/site-packages/airflow/example_dags/example_python_operator.py
[2024-05-27T16:50:02.929+0000] {logging_mixin.py:149} INFO - [2024-05-27T16:50:02.929+0000] {taskmixin.py:211} WARNING - Dependency <Task(_PythonDecoratedOperator): print_the_context>, log_sql_query already registered for DAG: example_python_operator
[2024-05-27T16:50:02.929+0000] {logging_mixin.py:149} INFO - [2024-05-27T16:50:02.929+0000] {taskmixin.py:211} WARNING - Dependency <Task(_PythonDecoratedOperator): log_sql_query>, print_the_context already registered for DAG: example_python_operator
[2024-05-27T16:50:02.930+0000] {logging_mixin.py:149} INFO - [2024-05-27T16:50:02.930+0000] {taskmixin.py:211} WARNING - Dependency <Task(_PythonDecoratedOperator): print_the_context>, log_sql_query already registered for DAG: example_python_operator
[2024-05-27T16:50:02.930+0000] {logging_mixin.py:149} INFO - [2024-05-27T16:50:02.930+0000] {taskmixin.py:211} WARNING - Dependency <Task(_PythonDecoratedOperator): log_sql_query>, print_the_context already registered for DAG: example_python_operator
[2024-05-27T16:50:02.931+0000] {logging_mixin.py:149} INFO - [2024-05-27T16:50:02.931+0000] {taskmixin.py:211} WARNING - Dependency <Task(_PythonDecoratedOperator): print_the_context>, log_sql_query already registered for DAG: example_python_operator
[2024-05-27T16:50:02.931+0000] {logging_mixin.py:149} INFO - [2024-05-27T16:50:02.931+0000] {taskmixin.py:211} WARNING - Dependency <Task(_PythonDecoratedOperator): log_sql_query>, print_the_context already registered for DAG: example_python_operator
[2024-05-27T16:50:02.931+0000] {logging_mixin.py:149} INFO - [2024-05-27T16:50:02.931+0000] {taskmixin.py:211} WARNING - Dependency <Task(_PythonDecoratedOperator): print_the_context>, log_sql_query already registered for DAG: example_python_operator
[2024-05-27T16:50:02.931+0000] {logging_mixin.py:149} INFO - [2024-05-27T16:50:02.931+0000] {taskmixin.py:211} WARNING - Dependency <Task(_PythonDecoratedOperator): log_sql_query>, print_the_context already registered for DAG: example_python_operator
[2024-05-27T16:50:02.933+0000] {processor.py:809} INFO - DAG(s) dict_keys(['example_python_operator']) retrieved from /home/airflow/.local/lib/python3.7/site-packages/airflow/example_dags/example_python_operator.py
[2024-05-27T16:50:02.946+0000] {logging_mixin.py:149} INFO - [2024-05-27T16:50:02.946+0000] {dag.py:2726} INFO - Sync 1 DAGs
[2024-05-27T16:50:02.959+0000] {logging_mixin.py:149} INFO - [2024-05-27T16:50:02.959+0000] {dag.py:3490} INFO - Setting next_dagrun for example_python_operator to None, run_after=None
[2024-05-27T16:50:02.967+0000] {processor.py:178} INFO - Processing /home/airflow/.local/lib/python3.7/site-packages/airflow/example_dags/example_python_operator.py took 0.045 seconds
[2024-05-27T16:50:33.123+0000] {processor.py:156} INFO - Started process (PID=1199) to work on /home/airflow/.local/lib/python3.7/site-packages/airflow/example_dags/example_python_operator.py
[2024-05-27T16:50:33.124+0000] {processor.py:799} INFO - Processing file /home/airflow/.local/lib/python3.7/site-packages/airflow/example_dags/example_python_operator.py for tasks to queue
[2024-05-27T16:50:33.124+0000] {logging_mixin.py:149} INFO - [2024-05-27T16:50:33.124+0000] {dagbag.py:541} INFO - Filling up the DagBag from /home/airflow/.local/lib/python3.7/site-packages/airflow/example_dags/example_python_operator.py
[2024-05-27T16:50:33.128+0000] {logging_mixin.py:149} INFO - [2024-05-27T16:50:33.128+0000] {taskmixin.py:211} WARNING - Dependency <Task(_PythonDecoratedOperator): print_the_context>, log_sql_query already registered for DAG: example_python_operator
[2024-05-27T16:50:33.129+0000] {logging_mixin.py:149} INFO - [2024-05-27T16:50:33.129+0000] {taskmixin.py:211} WARNING - Dependency <Task(_PythonDecoratedOperator): log_sql_query>, print_the_context already registered for DAG: example_python_operator
[2024-05-27T16:50:33.129+0000] {logging_mixin.py:149} INFO - [2024-05-27T16:50:33.129+0000] {taskmixin.py:211} WARNING - Dependency <Task(_PythonDecoratedOperator): print_the_context>, log_sql_query already registered for DAG: example_python_operator
[2024-05-27T16:50:33.129+0000] {logging_mixin.py:149} INFO - [2024-05-27T16:50:33.129+0000] {taskmixin.py:211} WARNING - Dependency <Task(_PythonDecoratedOperator): log_sql_query>, print_the_context already registered for DAG: example_python_operator
[2024-05-27T16:50:33.130+0000] {logging_mixin.py:149} INFO - [2024-05-27T16:50:33.130+0000] {taskmixin.py:211} WARNING - Dependency <Task(_PythonDecoratedOperator): print_the_context>, log_sql_query already registered for DAG: example_python_operator
[2024-05-27T16:50:33.130+0000] {logging_mixin.py:149} INFO - [2024-05-27T16:50:33.130+0000] {taskmixin.py:211} WARNING - Dependency <Task(_PythonDecoratedOperator): log_sql_query>, print_the_context already registered for DAG: example_python_operator
[2024-05-27T16:50:33.130+0000] {logging_mixin.py:149} INFO - [2024-05-27T16:50:33.130+0000] {taskmixin.py:211} WARNING - Dependency <Task(_PythonDecoratedOperator): print_the_context>, log_sql_query already registered for DAG: example_python_operator
[2024-05-27T16:50:33.130+0000] {logging_mixin.py:149} INFO - [2024-05-27T16:50:33.130+0000] {taskmixin.py:211} WARNING - Dependency <Task(_PythonDecoratedOperator): log_sql_query>, print_the_context already registered for DAG: example_python_operator
[2024-05-27T16:50:33.131+0000] {processor.py:809} INFO - DAG(s) dict_keys(['example_python_operator']) retrieved from /home/airflow/.local/lib/python3.7/site-packages/airflow/example_dags/example_python_operator.py
[2024-05-27T16:50:33.146+0000] {logging_mixin.py:149} INFO - [2024-05-27T16:50:33.146+0000] {dag.py:2726} INFO - Sync 1 DAGs
[2024-05-27T16:50:33.158+0000] {logging_mixin.py:149} INFO - [2024-05-27T16:50:33.158+0000] {dag.py:3490} INFO - Setting next_dagrun for example_python_operator to None, run_after=None
[2024-05-27T16:50:33.166+0000] {processor.py:178} INFO - Processing /home/airflow/.local/lib/python3.7/site-packages/airflow/example_dags/example_python_operator.py took 0.045 seconds
[2024-05-27T16:51:03.292+0000] {processor.py:156} INFO - Started process (PID=1260) to work on /home/airflow/.local/lib/python3.7/site-packages/airflow/example_dags/example_python_operator.py
[2024-05-27T16:51:03.293+0000] {processor.py:799} INFO - Processing file /home/airflow/.local/lib/python3.7/site-packages/airflow/example_dags/example_python_operator.py for tasks to queue
[2024-05-27T16:51:03.293+0000] {logging_mixin.py:149} INFO - [2024-05-27T16:51:03.293+0000] {dagbag.py:541} INFO - Filling up the DagBag from /home/airflow/.local/lib/python3.7/site-packages/airflow/example_dags/example_python_operator.py
[2024-05-27T16:51:03.298+0000] {logging_mixin.py:149} INFO - [2024-05-27T16:51:03.298+0000] {taskmixin.py:211} WARNING - Dependency <Task(_PythonDecoratedOperator): print_the_context>, log_sql_query already registered for DAG: example_python_operator
[2024-05-27T16:51:03.298+0000] {logging_mixin.py:149} INFO - [2024-05-27T16:51:03.298+0000] {taskmixin.py:211} WARNING - Dependency <Task(_PythonDecoratedOperator): log_sql_query>, print_the_context already registered for DAG: example_python_operator
[2024-05-27T16:51:03.298+0000] {logging_mixin.py:149} INFO - [2024-05-27T16:51:03.298+0000] {taskmixin.py:211} WARNING - Dependency <Task(_PythonDecoratedOperator): print_the_context>, log_sql_query already registered for DAG: example_python_operator
[2024-05-27T16:51:03.298+0000] {logging_mixin.py:149} INFO - [2024-05-27T16:51:03.298+0000] {taskmixin.py:211} WARNING - Dependency <Task(_PythonDecoratedOperator): log_sql_query>, print_the_context already registered for DAG: example_python_operator
[2024-05-27T16:51:03.299+0000] {logging_mixin.py:149} INFO - [2024-05-27T16:51:03.299+0000] {taskmixin.py:211} WARNING - Dependency <Task(_PythonDecoratedOperator): print_the_context>, log_sql_query already registered for DAG: example_python_operator
[2024-05-27T16:51:03.299+0000] {logging_mixin.py:149} INFO - [2024-05-27T16:51:03.299+0000] {taskmixin.py:211} WARNING - Dependency <Task(_PythonDecoratedOperator): log_sql_query>, print_the_context already registered for DAG: example_python_operator
[2024-05-27T16:51:03.300+0000] {logging_mixin.py:149} INFO - [2024-05-27T16:51:03.300+0000] {taskmixin.py:211} WARNING - Dependency <Task(_PythonDecoratedOperator): print_the_context>, log_sql_query already registered for DAG: example_python_operator
[2024-05-27T16:51:03.300+0000] {logging_mixin.py:149} INFO - [2024-05-27T16:51:03.300+0000] {taskmixin.py:211} WARNING - Dependency <Task(_PythonDecoratedOperator): log_sql_query>, print_the_context already registered for DAG: example_python_operator
[2024-05-27T16:51:03.301+0000] {processor.py:809} INFO - DAG(s) dict_keys(['example_python_operator']) retrieved from /home/airflow/.local/lib/python3.7/site-packages/airflow/example_dags/example_python_operator.py
[2024-05-27T16:51:03.315+0000] {logging_mixin.py:149} INFO - [2024-05-27T16:51:03.315+0000] {dag.py:2726} INFO - Sync 1 DAGs
[2024-05-27T16:51:03.327+0000] {logging_mixin.py:149} INFO - [2024-05-27T16:51:03.327+0000] {dag.py:3490} INFO - Setting next_dagrun for example_python_operator to None, run_after=None
[2024-05-27T16:51:03.336+0000] {processor.py:178} INFO - Processing /home/airflow/.local/lib/python3.7/site-packages/airflow/example_dags/example_python_operator.py took 0.045 seconds
[2024-05-27T16:51:34.457+0000] {processor.py:156} INFO - Started process (PID=1321) to work on /home/airflow/.local/lib/python3.7/site-packages/airflow/example_dags/example_python_operator.py
[2024-05-27T16:51:34.457+0000] {processor.py:799} INFO - Processing file /home/airflow/.local/lib/python3.7/site-packages/airflow/example_dags/example_python_operator.py for tasks to queue
[2024-05-27T16:51:34.458+0000] {logging_mixin.py:149} INFO - [2024-05-27T16:51:34.458+0000] {dagbag.py:541} INFO - Filling up the DagBag from /home/airflow/.local/lib/python3.7/site-packages/airflow/example_dags/example_python_operator.py
[2024-05-27T16:51:34.462+0000] {logging_mixin.py:149} INFO - [2024-05-27T16:51:34.462+0000] {taskmixin.py:211} WARNING - Dependency <Task(_PythonDecoratedOperator): print_the_context>, log_sql_query already registered for DAG: example_python_operator
[2024-05-27T16:51:34.462+0000] {logging_mixin.py:149} INFO - [2024-05-27T16:51:34.462+0000] {taskmixin.py:211} WARNING - Dependency <Task(_PythonDecoratedOperator): log_sql_query>, print_the_context already registered for DAG: example_python_operator
[2024-05-27T16:51:34.462+0000] {logging_mixin.py:149} INFO - [2024-05-27T16:51:34.462+0000] {taskmixin.py:211} WARNING - Dependency <Task(_PythonDecoratedOperator): print_the_context>, log_sql_query already registered for DAG: example_python_operator
[2024-05-27T16:51:34.462+0000] {logging_mixin.py:149} INFO - [2024-05-27T16:51:34.462+0000] {taskmixin.py:211} WARNING - Dependency <Task(_PythonDecoratedOperator): log_sql_query>, print_the_context already registered for DAG: example_python_operator
[2024-05-27T16:51:34.463+0000] {logging_mixin.py:149} INFO - [2024-05-27T16:51:34.463+0000] {taskmixin.py:211} WARNING - Dependency <Task(_PythonDecoratedOperator): print_the_context>, log_sql_query already registered for DAG: example_python_operator
[2024-05-27T16:51:34.463+0000] {logging_mixin.py:149} INFO - [2024-05-27T16:51:34.463+0000] {taskmixin.py:211} WARNING - Dependency <Task(_PythonDecoratedOperator): log_sql_query>, print_the_context already registered for DAG: example_python_operator
[2024-05-27T16:51:34.463+0000] {logging_mixin.py:149} INFO - [2024-05-27T16:51:34.463+0000] {taskmixin.py:211} WARNING - Dependency <Task(_PythonDecoratedOperator): print_the_context>, log_sql_query already registered for DAG: example_python_operator
[2024-05-27T16:51:34.463+0000] {logging_mixin.py:149} INFO - [2024-05-27T16:51:34.463+0000] {taskmixin.py:211} WARNING - Dependency <Task(_PythonDecoratedOperator): log_sql_query>, print_the_context already registered for DAG: example_python_operator
[2024-05-27T16:51:34.464+0000] {processor.py:809} INFO - DAG(s) dict_keys(['example_python_operator']) retrieved from /home/airflow/.local/lib/python3.7/site-packages/airflow/example_dags/example_python_operator.py
[2024-05-27T16:51:34.479+0000] {logging_mixin.py:149} INFO - [2024-05-27T16:51:34.479+0000] {dag.py:2726} INFO - Sync 1 DAGs
[2024-05-27T16:51:34.492+0000] {logging_mixin.py:149} INFO - [2024-05-27T16:51:34.492+0000] {dag.py:3490} INFO - Setting next_dagrun for example_python_operator to None, run_after=None
[2024-05-27T16:51:34.500+0000] {processor.py:178} INFO - Processing /home/airflow/.local/lib/python3.7/site-packages/airflow/example_dags/example_python_operator.py took 0.046 seconds
[2024-05-27T16:52:19.323+0000] {processor.py:156} INFO - Started process (PID=1409) to work on /home/airflow/.local/lib/python3.7/site-packages/airflow/example_dags/example_python_operator.py
[2024-05-27T16:52:19.330+0000] {processor.py:799} INFO - Processing file /home/airflow/.local/lib/python3.7/site-packages/airflow/example_dags/example_python_operator.py for tasks to queue
[2024-05-27T16:52:19.335+0000] {logging_mixin.py:149} INFO - [2024-05-27T16:52:19.334+0000] {dagbag.py:541} INFO - Filling up the DagBag from /home/airflow/.local/lib/python3.7/site-packages/airflow/example_dags/example_python_operator.py
[2024-05-27T16:52:19.382+0000] {logging_mixin.py:149} INFO - [2024-05-27T16:52:19.378+0000] {taskmixin.py:211} WARNING - Dependency <Task(_PythonDecoratedOperator): print_the_context>, log_sql_query already registered for DAG: example_python_operator
[2024-05-27T16:52:19.384+0000] {logging_mixin.py:149} INFO - [2024-05-27T16:52:19.384+0000] {taskmixin.py:211} WARNING - Dependency <Task(_PythonDecoratedOperator): log_sql_query>, print_the_context already registered for DAG: example_python_operator
[2024-05-27T16:52:19.390+0000] {logging_mixin.py:149} INFO - [2024-05-27T16:52:19.390+0000] {taskmixin.py:211} WARNING - Dependency <Task(_PythonDecoratedOperator): print_the_context>, log_sql_query already registered for DAG: example_python_operator
[2024-05-27T16:52:19.393+0000] {logging_mixin.py:149} INFO - [2024-05-27T16:52:19.392+0000] {taskmixin.py:211} WARNING - Dependency <Task(_PythonDecoratedOperator): log_sql_query>, print_the_context already registered for DAG: example_python_operator
[2024-05-27T16:52:19.395+0000] {logging_mixin.py:149} INFO - [2024-05-27T16:52:19.395+0000] {taskmixin.py:211} WARNING - Dependency <Task(_PythonDecoratedOperator): print_the_context>, log_sql_query already registered for DAG: example_python_operator
[2024-05-27T16:52:19.396+0000] {logging_mixin.py:149} INFO - [2024-05-27T16:52:19.396+0000] {taskmixin.py:211} WARNING - Dependency <Task(_PythonDecoratedOperator): log_sql_query>, print_the_context already registered for DAG: example_python_operator
[2024-05-27T16:52:19.398+0000] {logging_mixin.py:149} INFO - [2024-05-27T16:52:19.398+0000] {taskmixin.py:211} WARNING - Dependency <Task(_PythonDecoratedOperator): print_the_context>, log_sql_query already registered for DAG: example_python_operator
[2024-05-27T16:52:19.399+0000] {logging_mixin.py:149} INFO - [2024-05-27T16:52:19.399+0000] {taskmixin.py:211} WARNING - Dependency <Task(_PythonDecoratedOperator): log_sql_query>, print_the_context already registered for DAG: example_python_operator
[2024-05-27T16:52:19.414+0000] {processor.py:809} INFO - DAG(s) dict_keys(['example_python_operator']) retrieved from /home/airflow/.local/lib/python3.7/site-packages/airflow/example_dags/example_python_operator.py
[2024-05-27T16:52:19.518+0000] {logging_mixin.py:149} INFO - [2024-05-27T16:52:19.518+0000] {dag.py:2726} INFO - Sync 1 DAGs
[2024-05-27T16:52:19.586+0000] {logging_mixin.py:149} INFO - [2024-05-27T16:52:19.586+0000] {dag.py:3490} INFO - Setting next_dagrun for example_python_operator to None, run_after=None
[2024-05-27T16:52:19.610+0000] {processor.py:178} INFO - Processing /home/airflow/.local/lib/python3.7/site-packages/airflow/example_dags/example_python_operator.py took 0.307 seconds
