[2024-05-27T16:40:22.113+0000] {processor.py:156} INFO - Started process (PID=64) to work on /home/airflow/.local/lib/python3.7/site-packages/airflow/example_dags/example_branch_datetime_operator.py
[2024-05-27T16:40:22.114+0000] {processor.py:799} INFO - Processing file /home/airflow/.local/lib/python3.7/site-packages/airflow/example_dags/example_branch_datetime_operator.py for tasks to queue
[2024-05-27T16:40:22.114+0000] {logging_mixin.py:149} INFO - [2024-05-27T16:40:22.114+0000] {dagbag.py:541} INFO - Filling up the DagBag from /home/airflow/.local/lib/python3.7/site-packages/airflow/example_dags/example_branch_datetime_operator.py
[2024-05-27T16:40:22.123+0000] {processor.py:809} INFO - DAG(s) dict_keys(['example_branch_datetime_operator_2', 'example_branch_datetime_operator_3', 'example_branch_datetime_operator']) retrieved from /home/airflow/.local/lib/python3.7/site-packages/airflow/example_dags/example_branch_datetime_operator.py
[2024-05-27T16:40:22.236+0000] {logging_mixin.py:149} INFO - [2024-05-27T16:40:22.235+0000] {manager.py:504} INFO - Created Permission View: can delete on DAG:example_branch_datetime_operator_2
[2024-05-27T16:40:22.240+0000] {logging_mixin.py:149} INFO - [2024-05-27T16:40:22.240+0000] {manager.py:504} INFO - Created Permission View: can read on DAG:example_branch_datetime_operator_2
[2024-05-27T16:40:22.244+0000] {logging_mixin.py:149} INFO - [2024-05-27T16:40:22.244+0000] {manager.py:504} INFO - Created Permission View: can edit on DAG:example_branch_datetime_operator_2
[2024-05-27T16:40:22.253+0000] {logging_mixin.py:149} INFO - [2024-05-27T16:40:22.253+0000] {manager.py:504} INFO - Created Permission View: can delete on DAG:example_branch_datetime_operator_3
[2024-05-27T16:40:22.256+0000] {logging_mixin.py:149} INFO - [2024-05-27T16:40:22.256+0000] {manager.py:504} INFO - Created Permission View: can read on DAG:example_branch_datetime_operator_3
[2024-05-27T16:40:22.259+0000] {logging_mixin.py:149} INFO - [2024-05-27T16:40:22.259+0000] {manager.py:504} INFO - Created Permission View: can edit on DAG:example_branch_datetime_operator_3
[2024-05-27T16:40:22.265+0000] {logging_mixin.py:149} INFO - [2024-05-27T16:40:22.265+0000] {manager.py:504} INFO - Created Permission View: can delete on DAG:example_branch_datetime_operator
[2024-05-27T16:40:22.268+0000] {logging_mixin.py:149} INFO - [2024-05-27T16:40:22.268+0000] {manager.py:504} INFO - Created Permission View: can read on DAG:example_branch_datetime_operator
[2024-05-27T16:40:22.271+0000] {logging_mixin.py:149} INFO - [2024-05-27T16:40:22.271+0000] {manager.py:504} INFO - Created Permission View: can edit on DAG:example_branch_datetime_operator
[2024-05-27T16:40:22.271+0000] {logging_mixin.py:149} INFO - [2024-05-27T16:40:22.271+0000] {dag.py:2726} INFO - Sync 3 DAGs
[2024-05-27T16:40:22.280+0000] {logging_mixin.py:149} INFO - [2024-05-27T16:40:22.280+0000] {dag.py:2747} INFO - Creating ORM DAG for example_branch_datetime_operator_3
[2024-05-27T16:40:22.281+0000] {logging_mixin.py:149} INFO - [2024-05-27T16:40:22.281+0000] {dag.py:2747} INFO - Creating ORM DAG for example_branch_datetime_operator
[2024-05-27T16:40:22.281+0000] {logging_mixin.py:149} INFO - [2024-05-27T16:40:22.281+0000] {dag.py:2747} INFO - Creating ORM DAG for example_branch_datetime_operator_2
[2024-05-27T16:40:22.290+0000] {logging_mixin.py:149} INFO - [2024-05-27T16:40:22.290+0000] {dag.py:3490} INFO - Setting next_dagrun for example_branch_datetime_operator to 2024-05-26T00:00:00+00:00, run_after=2024-05-27T00:00:00+00:00
[2024-05-27T16:40:22.292+0000] {logging_mixin.py:149} INFO - [2024-05-27T16:40:22.292+0000] {dag.py:3490} INFO - Setting next_dagrun for example_branch_datetime_operator_2 to 2024-05-26T00:00:00+00:00, run_after=2024-05-27T00:00:00+00:00
[2024-05-27T16:40:22.294+0000] {logging_mixin.py:149} INFO - [2024-05-27T16:40:22.294+0000] {dag.py:3490} INFO - Setting next_dagrun for example_branch_datetime_operator_3 to 2024-05-26T00:00:00+00:00, run_after=2024-05-27T00:00:00+00:00
[2024-05-27T16:40:22.309+0000] {processor.py:178} INFO - Processing /home/airflow/.local/lib/python3.7/site-packages/airflow/example_dags/example_branch_datetime_operator.py took 0.201 seconds
[2024-05-27T16:40:52.732+0000] {processor.py:156} INFO - Started process (PID=124) to work on /home/airflow/.local/lib/python3.7/site-packages/airflow/example_dags/example_branch_datetime_operator.py
[2024-05-27T16:40:52.733+0000] {processor.py:799} INFO - Processing file /home/airflow/.local/lib/python3.7/site-packages/airflow/example_dags/example_branch_datetime_operator.py for tasks to queue
[2024-05-27T16:40:52.733+0000] {logging_mixin.py:149} INFO - [2024-05-27T16:40:52.733+0000] {dagbag.py:541} INFO - Filling up the DagBag from /home/airflow/.local/lib/python3.7/site-packages/airflow/example_dags/example_branch_datetime_operator.py
[2024-05-27T16:40:52.739+0000] {processor.py:809} INFO - DAG(s) dict_keys(['example_branch_datetime_operator_2', 'example_branch_datetime_operator_3', 'example_branch_datetime_operator']) retrieved from /home/airflow/.local/lib/python3.7/site-packages/airflow/example_dags/example_branch_datetime_operator.py
[2024-05-27T16:40:52.755+0000] {logging_mixin.py:149} INFO - [2024-05-27T16:40:52.754+0000] {dag.py:2726} INFO - Sync 3 DAGs
[2024-05-27T16:40:52.767+0000] {logging_mixin.py:149} INFO - [2024-05-27T16:40:52.767+0000] {dag.py:3490} INFO - Setting next_dagrun for example_branch_datetime_operator to 2024-05-26T00:00:00+00:00, run_after=2024-05-27T00:00:00+00:00
[2024-05-27T16:40:52.769+0000] {logging_mixin.py:149} INFO - [2024-05-27T16:40:52.769+0000] {dag.py:3490} INFO - Setting next_dagrun for example_branch_datetime_operator_2 to 2024-05-26T00:00:00+00:00, run_after=2024-05-27T00:00:00+00:00
[2024-05-27T16:40:52.770+0000] {logging_mixin.py:149} INFO - [2024-05-27T16:40:52.770+0000] {dag.py:3490} INFO - Setting next_dagrun for example_branch_datetime_operator_3 to 2024-05-26T00:00:00+00:00, run_after=2024-05-27T00:00:00+00:00
[2024-05-27T16:40:52.778+0000] {processor.py:178} INFO - Processing /home/airflow/.local/lib/python3.7/site-packages/airflow/example_dags/example_branch_datetime_operator.py took 0.047 seconds
[2024-05-27T16:41:23.016+0000] {processor.py:156} INFO - Started process (PID=184) to work on /home/airflow/.local/lib/python3.7/site-packages/airflow/example_dags/example_branch_datetime_operator.py
[2024-05-27T16:41:23.016+0000] {processor.py:799} INFO - Processing file /home/airflow/.local/lib/python3.7/site-packages/airflow/example_dags/example_branch_datetime_operator.py for tasks to queue
[2024-05-27T16:41:23.017+0000] {logging_mixin.py:149} INFO - [2024-05-27T16:41:23.017+0000] {dagbag.py:541} INFO - Filling up the DagBag from /home/airflow/.local/lib/python3.7/site-packages/airflow/example_dags/example_branch_datetime_operator.py
[2024-05-27T16:41:23.022+0000] {processor.py:809} INFO - DAG(s) dict_keys(['example_branch_datetime_operator', 'example_branch_datetime_operator_2', 'example_branch_datetime_operator_3']) retrieved from /home/airflow/.local/lib/python3.7/site-packages/airflow/example_dags/example_branch_datetime_operator.py
[2024-05-27T16:41:23.037+0000] {logging_mixin.py:149} INFO - [2024-05-27T16:41:23.037+0000] {dag.py:2726} INFO - Sync 3 DAGs
[2024-05-27T16:41:23.049+0000] {logging_mixin.py:149} INFO - [2024-05-27T16:41:23.049+0000] {dag.py:3490} INFO - Setting next_dagrun for example_branch_datetime_operator to 2024-05-26T00:00:00+00:00, run_after=2024-05-27T00:00:00+00:00
[2024-05-27T16:41:23.051+0000] {logging_mixin.py:149} INFO - [2024-05-27T16:41:23.051+0000] {dag.py:3490} INFO - Setting next_dagrun for example_branch_datetime_operator_2 to 2024-05-26T00:00:00+00:00, run_after=2024-05-27T00:00:00+00:00
[2024-05-27T16:41:23.052+0000] {logging_mixin.py:149} INFO - [2024-05-27T16:41:23.052+0000] {dag.py:3490} INFO - Setting next_dagrun for example_branch_datetime_operator_3 to 2024-05-26T00:00:00+00:00, run_after=2024-05-27T00:00:00+00:00
[2024-05-27T16:41:23.059+0000] {processor.py:178} INFO - Processing /home/airflow/.local/lib/python3.7/site-packages/airflow/example_dags/example_branch_datetime_operator.py took 0.045 seconds
[2024-05-27T16:41:54.061+0000] {processor.py:156} INFO - Started process (PID=244) to work on /home/airflow/.local/lib/python3.7/site-packages/airflow/example_dags/example_branch_datetime_operator.py
[2024-05-27T16:41:54.061+0000] {processor.py:799} INFO - Processing file /home/airflow/.local/lib/python3.7/site-packages/airflow/example_dags/example_branch_datetime_operator.py for tasks to queue
[2024-05-27T16:41:54.062+0000] {logging_mixin.py:149} INFO - [2024-05-27T16:41:54.062+0000] {dagbag.py:541} INFO - Filling up the DagBag from /home/airflow/.local/lib/python3.7/site-packages/airflow/example_dags/example_branch_datetime_operator.py
[2024-05-27T16:41:54.068+0000] {processor.py:809} INFO - DAG(s) dict_keys(['example_branch_datetime_operator', 'example_branch_datetime_operator_2', 'example_branch_datetime_operator_3']) retrieved from /home/airflow/.local/lib/python3.7/site-packages/airflow/example_dags/example_branch_datetime_operator.py
[2024-05-27T16:41:54.085+0000] {logging_mixin.py:149} INFO - [2024-05-27T16:41:54.085+0000] {dag.py:2726} INFO - Sync 3 DAGs
[2024-05-27T16:41:54.101+0000] {logging_mixin.py:149} INFO - [2024-05-27T16:41:54.101+0000] {dag.py:3490} INFO - Setting next_dagrun for example_branch_datetime_operator to 2024-05-26T00:00:00+00:00, run_after=2024-05-27T00:00:00+00:00
[2024-05-27T16:41:54.103+0000] {logging_mixin.py:149} INFO - [2024-05-27T16:41:54.103+0000] {dag.py:3490} INFO - Setting next_dagrun for example_branch_datetime_operator_2 to 2024-05-26T00:00:00+00:00, run_after=2024-05-27T00:00:00+00:00
[2024-05-27T16:41:54.105+0000] {logging_mixin.py:149} INFO - [2024-05-27T16:41:54.104+0000] {dag.py:3490} INFO - Setting next_dagrun for example_branch_datetime_operator_3 to 2024-05-26T00:00:00+00:00, run_after=2024-05-27T00:00:00+00:00
[2024-05-27T16:41:54.112+0000] {processor.py:178} INFO - Processing /home/airflow/.local/lib/python3.7/site-packages/airflow/example_dags/example_branch_datetime_operator.py took 0.054 seconds
[2024-05-27T16:42:24.382+0000] {processor.py:156} INFO - Started process (PID=304) to work on /home/airflow/.local/lib/python3.7/site-packages/airflow/example_dags/example_branch_datetime_operator.py
[2024-05-27T16:42:24.382+0000] {processor.py:799} INFO - Processing file /home/airflow/.local/lib/python3.7/site-packages/airflow/example_dags/example_branch_datetime_operator.py for tasks to queue
[2024-05-27T16:42:24.383+0000] {logging_mixin.py:149} INFO - [2024-05-27T16:42:24.383+0000] {dagbag.py:541} INFO - Filling up the DagBag from /home/airflow/.local/lib/python3.7/site-packages/airflow/example_dags/example_branch_datetime_operator.py
[2024-05-27T16:42:24.389+0000] {processor.py:809} INFO - DAG(s) dict_keys(['example_branch_datetime_operator_2', 'example_branch_datetime_operator', 'example_branch_datetime_operator_3']) retrieved from /home/airflow/.local/lib/python3.7/site-packages/airflow/example_dags/example_branch_datetime_operator.py
[2024-05-27T16:42:24.406+0000] {logging_mixin.py:149} INFO - [2024-05-27T16:42:24.406+0000] {dag.py:2726} INFO - Sync 3 DAGs
[2024-05-27T16:42:24.423+0000] {logging_mixin.py:149} INFO - [2024-05-27T16:42:24.422+0000] {dag.py:3490} INFO - Setting next_dagrun for example_branch_datetime_operator to 2024-05-26T00:00:00+00:00, run_after=2024-05-27T00:00:00+00:00
[2024-05-27T16:42:24.425+0000] {logging_mixin.py:149} INFO - [2024-05-27T16:42:24.425+0000] {dag.py:3490} INFO - Setting next_dagrun for example_branch_datetime_operator_2 to 2024-05-26T00:00:00+00:00, run_after=2024-05-27T00:00:00+00:00
[2024-05-27T16:42:24.426+0000] {logging_mixin.py:149} INFO - [2024-05-27T16:42:24.426+0000] {dag.py:3490} INFO - Setting next_dagrun for example_branch_datetime_operator_3 to 2024-05-26T00:00:00+00:00, run_after=2024-05-27T00:00:00+00:00
[2024-05-27T16:42:24.433+0000] {processor.py:178} INFO - Processing /home/airflow/.local/lib/python3.7/site-packages/airflow/example_dags/example_branch_datetime_operator.py took 0.054 seconds
[2024-05-27T16:42:54.491+0000] {processor.py:156} INFO - Started process (PID=364) to work on /home/airflow/.local/lib/python3.7/site-packages/airflow/example_dags/example_branch_datetime_operator.py
[2024-05-27T16:42:54.492+0000] {processor.py:799} INFO - Processing file /home/airflow/.local/lib/python3.7/site-packages/airflow/example_dags/example_branch_datetime_operator.py for tasks to queue
[2024-05-27T16:42:54.492+0000] {logging_mixin.py:149} INFO - [2024-05-27T16:42:54.492+0000] {dagbag.py:541} INFO - Filling up the DagBag from /home/airflow/.local/lib/python3.7/site-packages/airflow/example_dags/example_branch_datetime_operator.py
[2024-05-27T16:42:54.497+0000] {processor.py:809} INFO - DAG(s) dict_keys(['example_branch_datetime_operator_3', 'example_branch_datetime_operator', 'example_branch_datetime_operator_2']) retrieved from /home/airflow/.local/lib/python3.7/site-packages/airflow/example_dags/example_branch_datetime_operator.py
[2024-05-27T16:42:54.512+0000] {logging_mixin.py:149} INFO - [2024-05-27T16:42:54.512+0000] {dag.py:2726} INFO - Sync 3 DAGs
[2024-05-27T16:42:54.524+0000] {logging_mixin.py:149} INFO - [2024-05-27T16:42:54.524+0000] {dag.py:3490} INFO - Setting next_dagrun for example_branch_datetime_operator to 2024-05-26T00:00:00+00:00, run_after=2024-05-27T00:00:00+00:00
[2024-05-27T16:42:54.526+0000] {logging_mixin.py:149} INFO - [2024-05-27T16:42:54.526+0000] {dag.py:3490} INFO - Setting next_dagrun for example_branch_datetime_operator_2 to 2024-05-26T00:00:00+00:00, run_after=2024-05-27T00:00:00+00:00
[2024-05-27T16:42:54.527+0000] {logging_mixin.py:149} INFO - [2024-05-27T16:42:54.527+0000] {dag.py:3490} INFO - Setting next_dagrun for example_branch_datetime_operator_3 to 2024-05-26T00:00:00+00:00, run_after=2024-05-27T00:00:00+00:00
[2024-05-27T16:42:54.535+0000] {processor.py:178} INFO - Processing /home/airflow/.local/lib/python3.7/site-packages/airflow/example_dags/example_branch_datetime_operator.py took 0.045 seconds
[2024-05-27T16:43:25.374+0000] {processor.py:156} INFO - Started process (PID=424) to work on /home/airflow/.local/lib/python3.7/site-packages/airflow/example_dags/example_branch_datetime_operator.py
[2024-05-27T16:43:25.374+0000] {processor.py:799} INFO - Processing file /home/airflow/.local/lib/python3.7/site-packages/airflow/example_dags/example_branch_datetime_operator.py for tasks to queue
[2024-05-27T16:43:25.375+0000] {logging_mixin.py:149} INFO - [2024-05-27T16:43:25.375+0000] {dagbag.py:541} INFO - Filling up the DagBag from /home/airflow/.local/lib/python3.7/site-packages/airflow/example_dags/example_branch_datetime_operator.py
[2024-05-27T16:43:25.380+0000] {processor.py:809} INFO - DAG(s) dict_keys(['example_branch_datetime_operator_3', 'example_branch_datetime_operator_2', 'example_branch_datetime_operator']) retrieved from /home/airflow/.local/lib/python3.7/site-packages/airflow/example_dags/example_branch_datetime_operator.py
[2024-05-27T16:43:25.395+0000] {logging_mixin.py:149} INFO - [2024-05-27T16:43:25.395+0000] {dag.py:2726} INFO - Sync 3 DAGs
[2024-05-27T16:43:25.407+0000] {logging_mixin.py:149} INFO - [2024-05-27T16:43:25.407+0000] {dag.py:3490} INFO - Setting next_dagrun for example_branch_datetime_operator to 2024-05-26T00:00:00+00:00, run_after=2024-05-27T00:00:00+00:00
[2024-05-27T16:43:25.409+0000] {logging_mixin.py:149} INFO - [2024-05-27T16:43:25.409+0000] {dag.py:3490} INFO - Setting next_dagrun for example_branch_datetime_operator_2 to 2024-05-26T00:00:00+00:00, run_after=2024-05-27T00:00:00+00:00
[2024-05-27T16:43:25.410+0000] {logging_mixin.py:149} INFO - [2024-05-27T16:43:25.410+0000] {dag.py:3490} INFO - Setting next_dagrun for example_branch_datetime_operator_3 to 2024-05-26T00:00:00+00:00, run_after=2024-05-27T00:00:00+00:00
[2024-05-27T16:43:25.418+0000] {processor.py:178} INFO - Processing /home/airflow/.local/lib/python3.7/site-packages/airflow/example_dags/example_branch_datetime_operator.py took 0.046 seconds
[2024-05-27T16:43:56.228+0000] {processor.py:156} INFO - Started process (PID=484) to work on /home/airflow/.local/lib/python3.7/site-packages/airflow/example_dags/example_branch_datetime_operator.py
[2024-05-27T16:43:56.229+0000] {processor.py:799} INFO - Processing file /home/airflow/.local/lib/python3.7/site-packages/airflow/example_dags/example_branch_datetime_operator.py for tasks to queue
[2024-05-27T16:43:56.229+0000] {logging_mixin.py:149} INFO - [2024-05-27T16:43:56.229+0000] {dagbag.py:541} INFO - Filling up the DagBag from /home/airflow/.local/lib/python3.7/site-packages/airflow/example_dags/example_branch_datetime_operator.py
[2024-05-27T16:43:56.235+0000] {processor.py:809} INFO - DAG(s) dict_keys(['example_branch_datetime_operator_2', 'example_branch_datetime_operator', 'example_branch_datetime_operator_3']) retrieved from /home/airflow/.local/lib/python3.7/site-packages/airflow/example_dags/example_branch_datetime_operator.py
[2024-05-27T16:43:56.250+0000] {logging_mixin.py:149} INFO - [2024-05-27T16:43:56.250+0000] {dag.py:2726} INFO - Sync 3 DAGs
[2024-05-27T16:43:56.262+0000] {logging_mixin.py:149} INFO - [2024-05-27T16:43:56.262+0000] {dag.py:3490} INFO - Setting next_dagrun for example_branch_datetime_operator to 2024-05-26T00:00:00+00:00, run_after=2024-05-27T00:00:00+00:00
[2024-05-27T16:43:56.264+0000] {logging_mixin.py:149} INFO - [2024-05-27T16:43:56.264+0000] {dag.py:3490} INFO - Setting next_dagrun for example_branch_datetime_operator_2 to 2024-05-26T00:00:00+00:00, run_after=2024-05-27T00:00:00+00:00
[2024-05-27T16:43:56.265+0000] {logging_mixin.py:149} INFO - [2024-05-27T16:43:56.265+0000] {dag.py:3490} INFO - Setting next_dagrun for example_branch_datetime_operator_3 to 2024-05-26T00:00:00+00:00, run_after=2024-05-27T00:00:00+00:00
[2024-05-27T16:43:56.272+0000] {processor.py:178} INFO - Processing /home/airflow/.local/lib/python3.7/site-packages/airflow/example_dags/example_branch_datetime_operator.py took 0.045 seconds
[2024-05-27T16:44:27.153+0000] {processor.py:156} INFO - Started process (PID=544) to work on /home/airflow/.local/lib/python3.7/site-packages/airflow/example_dags/example_branch_datetime_operator.py
[2024-05-27T16:44:27.154+0000] {processor.py:799} INFO - Processing file /home/airflow/.local/lib/python3.7/site-packages/airflow/example_dags/example_branch_datetime_operator.py for tasks to queue
[2024-05-27T16:44:27.156+0000] {logging_mixin.py:149} INFO - [2024-05-27T16:44:27.156+0000] {dagbag.py:541} INFO - Filling up the DagBag from /home/airflow/.local/lib/python3.7/site-packages/airflow/example_dags/example_branch_datetime_operator.py
[2024-05-27T16:44:27.167+0000] {processor.py:809} INFO - DAG(s) dict_keys(['example_branch_datetime_operator_2', 'example_branch_datetime_operator_3', 'example_branch_datetime_operator']) retrieved from /home/airflow/.local/lib/python3.7/site-packages/airflow/example_dags/example_branch_datetime_operator.py
[2024-05-27T16:44:27.185+0000] {logging_mixin.py:149} INFO - [2024-05-27T16:44:27.184+0000] {dag.py:2726} INFO - Sync 3 DAGs
[2024-05-27T16:44:27.198+0000] {logging_mixin.py:149} INFO - [2024-05-27T16:44:27.198+0000] {dag.py:3490} INFO - Setting next_dagrun for example_branch_datetime_operator to 2024-05-26T00:00:00+00:00, run_after=2024-05-27T00:00:00+00:00
[2024-05-27T16:44:27.200+0000] {logging_mixin.py:149} INFO - [2024-05-27T16:44:27.200+0000] {dag.py:3490} INFO - Setting next_dagrun for example_branch_datetime_operator_2 to 2024-05-26T00:00:00+00:00, run_after=2024-05-27T00:00:00+00:00
[2024-05-27T16:44:27.201+0000] {logging_mixin.py:149} INFO - [2024-05-27T16:44:27.201+0000] {dag.py:3490} INFO - Setting next_dagrun for example_branch_datetime_operator_3 to 2024-05-26T00:00:00+00:00, run_after=2024-05-27T00:00:00+00:00
[2024-05-27T16:44:27.208+0000] {processor.py:178} INFO - Processing /home/airflow/.local/lib/python3.7/site-packages/airflow/example_dags/example_branch_datetime_operator.py took 0.058 seconds
[2024-05-27T16:44:57.272+0000] {processor.py:156} INFO - Started process (PID=604) to work on /home/airflow/.local/lib/python3.7/site-packages/airflow/example_dags/example_branch_datetime_operator.py
[2024-05-27T16:44:57.273+0000] {processor.py:799} INFO - Processing file /home/airflow/.local/lib/python3.7/site-packages/airflow/example_dags/example_branch_datetime_operator.py for tasks to queue
[2024-05-27T16:44:57.273+0000] {logging_mixin.py:149} INFO - [2024-05-27T16:44:57.273+0000] {dagbag.py:541} INFO - Filling up the DagBag from /home/airflow/.local/lib/python3.7/site-packages/airflow/example_dags/example_branch_datetime_operator.py
[2024-05-27T16:44:57.278+0000] {processor.py:809} INFO - DAG(s) dict_keys(['example_branch_datetime_operator_2', 'example_branch_datetime_operator', 'example_branch_datetime_operator_3']) retrieved from /home/airflow/.local/lib/python3.7/site-packages/airflow/example_dags/example_branch_datetime_operator.py
[2024-05-27T16:44:57.293+0000] {logging_mixin.py:149} INFO - [2024-05-27T16:44:57.293+0000] {dag.py:2726} INFO - Sync 3 DAGs
[2024-05-27T16:44:57.306+0000] {logging_mixin.py:149} INFO - [2024-05-27T16:44:57.305+0000] {dag.py:3490} INFO - Setting next_dagrun for example_branch_datetime_operator to 2024-05-26T00:00:00+00:00, run_after=2024-05-27T00:00:00+00:00
[2024-05-27T16:44:57.308+0000] {logging_mixin.py:149} INFO - [2024-05-27T16:44:57.307+0000] {dag.py:3490} INFO - Setting next_dagrun for example_branch_datetime_operator_2 to 2024-05-26T00:00:00+00:00, run_after=2024-05-27T00:00:00+00:00
[2024-05-27T16:44:57.309+0000] {logging_mixin.py:149} INFO - [2024-05-27T16:44:57.309+0000] {dag.py:3490} INFO - Setting next_dagrun for example_branch_datetime_operator_3 to 2024-05-26T00:00:00+00:00, run_after=2024-05-27T00:00:00+00:00
[2024-05-27T16:44:57.316+0000] {processor.py:178} INFO - Processing /home/airflow/.local/lib/python3.7/site-packages/airflow/example_dags/example_branch_datetime_operator.py took 0.045 seconds
[2024-05-27T16:45:28.164+0000] {processor.py:156} INFO - Started process (PID=664) to work on /home/airflow/.local/lib/python3.7/site-packages/airflow/example_dags/example_branch_datetime_operator.py
[2024-05-27T16:45:28.165+0000] {processor.py:799} INFO - Processing file /home/airflow/.local/lib/python3.7/site-packages/airflow/example_dags/example_branch_datetime_operator.py for tasks to queue
[2024-05-27T16:45:28.165+0000] {logging_mixin.py:149} INFO - [2024-05-27T16:45:28.165+0000] {dagbag.py:541} INFO - Filling up the DagBag from /home/airflow/.local/lib/python3.7/site-packages/airflow/example_dags/example_branch_datetime_operator.py
[2024-05-27T16:45:28.170+0000] {processor.py:809} INFO - DAG(s) dict_keys(['example_branch_datetime_operator_2', 'example_branch_datetime_operator', 'example_branch_datetime_operator_3']) retrieved from /home/airflow/.local/lib/python3.7/site-packages/airflow/example_dags/example_branch_datetime_operator.py
[2024-05-27T16:45:28.186+0000] {logging_mixin.py:149} INFO - [2024-05-27T16:45:28.186+0000] {dag.py:2726} INFO - Sync 3 DAGs
[2024-05-27T16:45:28.198+0000] {logging_mixin.py:149} INFO - [2024-05-27T16:45:28.198+0000] {dag.py:3490} INFO - Setting next_dagrun for example_branch_datetime_operator to 2024-05-26T00:00:00+00:00, run_after=2024-05-27T00:00:00+00:00
[2024-05-27T16:45:28.200+0000] {logging_mixin.py:149} INFO - [2024-05-27T16:45:28.200+0000] {dag.py:3490} INFO - Setting next_dagrun for example_branch_datetime_operator_2 to 2024-05-26T00:00:00+00:00, run_after=2024-05-27T00:00:00+00:00
[2024-05-27T16:45:28.201+0000] {logging_mixin.py:149} INFO - [2024-05-27T16:45:28.201+0000] {dag.py:3490} INFO - Setting next_dagrun for example_branch_datetime_operator_3 to 2024-05-26T00:00:00+00:00, run_after=2024-05-27T00:00:00+00:00
[2024-05-27T16:45:28.209+0000] {processor.py:178} INFO - Processing /home/airflow/.local/lib/python3.7/site-packages/airflow/example_dags/example_branch_datetime_operator.py took 0.047 seconds
[2024-05-27T16:45:58.986+0000] {processor.py:156} INFO - Started process (PID=724) to work on /home/airflow/.local/lib/python3.7/site-packages/airflow/example_dags/example_branch_datetime_operator.py
[2024-05-27T16:45:58.987+0000] {processor.py:799} INFO - Processing file /home/airflow/.local/lib/python3.7/site-packages/airflow/example_dags/example_branch_datetime_operator.py for tasks to queue
[2024-05-27T16:45:58.988+0000] {logging_mixin.py:149} INFO - [2024-05-27T16:45:58.988+0000] {dagbag.py:541} INFO - Filling up the DagBag from /home/airflow/.local/lib/python3.7/site-packages/airflow/example_dags/example_branch_datetime_operator.py
[2024-05-27T16:45:58.998+0000] {processor.py:809} INFO - DAG(s) dict_keys(['example_branch_datetime_operator_2', 'example_branch_datetime_operator_3', 'example_branch_datetime_operator']) retrieved from /home/airflow/.local/lib/python3.7/site-packages/airflow/example_dags/example_branch_datetime_operator.py
[2024-05-27T16:45:59.023+0000] {logging_mixin.py:149} INFO - [2024-05-27T16:45:59.023+0000] {dag.py:2726} INFO - Sync 3 DAGs
[2024-05-27T16:45:59.039+0000] {logging_mixin.py:149} INFO - [2024-05-27T16:45:59.038+0000] {dag.py:3490} INFO - Setting next_dagrun for example_branch_datetime_operator to 2024-05-26T00:00:00+00:00, run_after=2024-05-27T00:00:00+00:00
[2024-05-27T16:45:59.041+0000] {logging_mixin.py:149} INFO - [2024-05-27T16:45:59.041+0000] {dag.py:3490} INFO - Setting next_dagrun for example_branch_datetime_operator_2 to 2024-05-26T00:00:00+00:00, run_after=2024-05-27T00:00:00+00:00
[2024-05-27T16:45:59.042+0000] {logging_mixin.py:149} INFO - [2024-05-27T16:45:59.042+0000] {dag.py:3490} INFO - Setting next_dagrun for example_branch_datetime_operator_3 to 2024-05-26T00:00:00+00:00, run_after=2024-05-27T00:00:00+00:00
[2024-05-27T16:45:59.050+0000] {processor.py:178} INFO - Processing /home/airflow/.local/lib/python3.7/site-packages/airflow/example_dags/example_branch_datetime_operator.py took 0.069 seconds
[2024-05-27T16:46:29.125+0000] {processor.py:156} INFO - Started process (PID=784) to work on /home/airflow/.local/lib/python3.7/site-packages/airflow/example_dags/example_branch_datetime_operator.py
[2024-05-27T16:46:29.125+0000] {processor.py:799} INFO - Processing file /home/airflow/.local/lib/python3.7/site-packages/airflow/example_dags/example_branch_datetime_operator.py for tasks to queue
[2024-05-27T16:46:29.126+0000] {logging_mixin.py:149} INFO - [2024-05-27T16:46:29.126+0000] {dagbag.py:541} INFO - Filling up the DagBag from /home/airflow/.local/lib/python3.7/site-packages/airflow/example_dags/example_branch_datetime_operator.py
[2024-05-27T16:46:29.131+0000] {processor.py:809} INFO - DAG(s) dict_keys(['example_branch_datetime_operator', 'example_branch_datetime_operator_2', 'example_branch_datetime_operator_3']) retrieved from /home/airflow/.local/lib/python3.7/site-packages/airflow/example_dags/example_branch_datetime_operator.py
[2024-05-27T16:46:29.146+0000] {logging_mixin.py:149} INFO - [2024-05-27T16:46:29.146+0000] {dag.py:2726} INFO - Sync 3 DAGs
[2024-05-27T16:46:29.159+0000] {logging_mixin.py:149} INFO - [2024-05-27T16:46:29.159+0000] {dag.py:3490} INFO - Setting next_dagrun for example_branch_datetime_operator to 2024-05-26T00:00:00+00:00, run_after=2024-05-27T00:00:00+00:00
[2024-05-27T16:46:29.161+0000] {logging_mixin.py:149} INFO - [2024-05-27T16:46:29.161+0000] {dag.py:3490} INFO - Setting next_dagrun for example_branch_datetime_operator_2 to 2024-05-26T00:00:00+00:00, run_after=2024-05-27T00:00:00+00:00
[2024-05-27T16:46:29.162+0000] {logging_mixin.py:149} INFO - [2024-05-27T16:46:29.162+0000] {dag.py:3490} INFO - Setting next_dagrun for example_branch_datetime_operator_3 to 2024-05-26T00:00:00+00:00, run_after=2024-05-27T00:00:00+00:00
[2024-05-27T16:46:29.169+0000] {processor.py:178} INFO - Processing /home/airflow/.local/lib/python3.7/site-packages/airflow/example_dags/example_branch_datetime_operator.py took 0.046 seconds
[2024-05-27T16:46:59.977+0000] {processor.py:156} INFO - Started process (PID=844) to work on /home/airflow/.local/lib/python3.7/site-packages/airflow/example_dags/example_branch_datetime_operator.py
[2024-05-27T16:46:59.977+0000] {processor.py:799} INFO - Processing file /home/airflow/.local/lib/python3.7/site-packages/airflow/example_dags/example_branch_datetime_operator.py for tasks to queue
[2024-05-27T16:46:59.977+0000] {logging_mixin.py:149} INFO - [2024-05-27T16:46:59.977+0000] {dagbag.py:541} INFO - Filling up the DagBag from /home/airflow/.local/lib/python3.7/site-packages/airflow/example_dags/example_branch_datetime_operator.py
[2024-05-27T16:46:59.983+0000] {processor.py:809} INFO - DAG(s) dict_keys(['example_branch_datetime_operator_3', 'example_branch_datetime_operator_2', 'example_branch_datetime_operator']) retrieved from /home/airflow/.local/lib/python3.7/site-packages/airflow/example_dags/example_branch_datetime_operator.py
[2024-05-27T16:46:59.999+0000] {logging_mixin.py:149} INFO - [2024-05-27T16:46:59.999+0000] {dag.py:2726} INFO - Sync 3 DAGs
[2024-05-27T16:47:00.013+0000] {logging_mixin.py:149} INFO - [2024-05-27T16:47:00.013+0000] {dag.py:3490} INFO - Setting next_dagrun for example_branch_datetime_operator to 2024-05-26T00:00:00+00:00, run_after=2024-05-27T00:00:00+00:00
[2024-05-27T16:47:00.016+0000] {logging_mixin.py:149} INFO - [2024-05-27T16:47:00.016+0000] {dag.py:3490} INFO - Setting next_dagrun for example_branch_datetime_operator_2 to 2024-05-26T00:00:00+00:00, run_after=2024-05-27T00:00:00+00:00
[2024-05-27T16:47:00.018+0000] {logging_mixin.py:149} INFO - [2024-05-27T16:47:00.018+0000] {dag.py:3490} INFO - Setting next_dagrun for example_branch_datetime_operator_3 to 2024-05-26T00:00:00+00:00, run_after=2024-05-27T00:00:00+00:00
[2024-05-27T16:47:00.027+0000] {processor.py:178} INFO - Processing /home/airflow/.local/lib/python3.7/site-packages/airflow/example_dags/example_branch_datetime_operator.py took 0.052 seconds
[2024-05-27T16:47:30.761+0000] {processor.py:156} INFO - Started process (PID=904) to work on /home/airflow/.local/lib/python3.7/site-packages/airflow/example_dags/example_branch_datetime_operator.py
[2024-05-27T16:47:30.761+0000] {processor.py:799} INFO - Processing file /home/airflow/.local/lib/python3.7/site-packages/airflow/example_dags/example_branch_datetime_operator.py for tasks to queue
[2024-05-27T16:47:30.762+0000] {logging_mixin.py:149} INFO - [2024-05-27T16:47:30.761+0000] {dagbag.py:541} INFO - Filling up the DagBag from /home/airflow/.local/lib/python3.7/site-packages/airflow/example_dags/example_branch_datetime_operator.py
[2024-05-27T16:47:30.766+0000] {processor.py:809} INFO - DAG(s) dict_keys(['example_branch_datetime_operator_2', 'example_branch_datetime_operator', 'example_branch_datetime_operator_3']) retrieved from /home/airflow/.local/lib/python3.7/site-packages/airflow/example_dags/example_branch_datetime_operator.py
[2024-05-27T16:47:30.782+0000] {logging_mixin.py:149} INFO - [2024-05-27T16:47:30.782+0000] {dag.py:2726} INFO - Sync 3 DAGs
[2024-05-27T16:47:30.794+0000] {logging_mixin.py:149} INFO - [2024-05-27T16:47:30.794+0000] {dag.py:3490} INFO - Setting next_dagrun for example_branch_datetime_operator to 2024-05-26T00:00:00+00:00, run_after=2024-05-27T00:00:00+00:00
[2024-05-27T16:47:30.796+0000] {logging_mixin.py:149} INFO - [2024-05-27T16:47:30.796+0000] {dag.py:3490} INFO - Setting next_dagrun for example_branch_datetime_operator_2 to 2024-05-26T00:00:00+00:00, run_after=2024-05-27T00:00:00+00:00
[2024-05-27T16:47:30.797+0000] {logging_mixin.py:149} INFO - [2024-05-27T16:47:30.797+0000] {dag.py:3490} INFO - Setting next_dagrun for example_branch_datetime_operator_3 to 2024-05-26T00:00:00+00:00, run_after=2024-05-27T00:00:00+00:00
[2024-05-27T16:47:30.805+0000] {processor.py:178} INFO - Processing /home/airflow/.local/lib/python3.7/site-packages/airflow/example_dags/example_branch_datetime_operator.py took 0.046 seconds
[2024-05-27T16:48:01.530+0000] {processor.py:156} INFO - Started process (PID=964) to work on /home/airflow/.local/lib/python3.7/site-packages/airflow/example_dags/example_branch_datetime_operator.py
[2024-05-27T16:48:01.531+0000] {processor.py:799} INFO - Processing file /home/airflow/.local/lib/python3.7/site-packages/airflow/example_dags/example_branch_datetime_operator.py for tasks to queue
[2024-05-27T16:48:01.531+0000] {logging_mixin.py:149} INFO - [2024-05-27T16:48:01.531+0000] {dagbag.py:541} INFO - Filling up the DagBag from /home/airflow/.local/lib/python3.7/site-packages/airflow/example_dags/example_branch_datetime_operator.py
[2024-05-27T16:48:01.537+0000] {processor.py:809} INFO - DAG(s) dict_keys(['example_branch_datetime_operator', 'example_branch_datetime_operator_3', 'example_branch_datetime_operator_2']) retrieved from /home/airflow/.local/lib/python3.7/site-packages/airflow/example_dags/example_branch_datetime_operator.py
[2024-05-27T16:48:01.554+0000] {logging_mixin.py:149} INFO - [2024-05-27T16:48:01.554+0000] {dag.py:2726} INFO - Sync 3 DAGs
[2024-05-27T16:48:01.568+0000] {logging_mixin.py:149} INFO - [2024-05-27T16:48:01.568+0000] {dag.py:3490} INFO - Setting next_dagrun for example_branch_datetime_operator to 2024-05-26T00:00:00+00:00, run_after=2024-05-27T00:00:00+00:00
[2024-05-27T16:48:01.570+0000] {logging_mixin.py:149} INFO - [2024-05-27T16:48:01.570+0000] {dag.py:3490} INFO - Setting next_dagrun for example_branch_datetime_operator_2 to 2024-05-26T00:00:00+00:00, run_after=2024-05-27T00:00:00+00:00
[2024-05-27T16:48:01.571+0000] {logging_mixin.py:149} INFO - [2024-05-27T16:48:01.571+0000] {dag.py:3490} INFO - Setting next_dagrun for example_branch_datetime_operator_3 to 2024-05-26T00:00:00+00:00, run_after=2024-05-27T00:00:00+00:00
[2024-05-27T16:48:01.579+0000] {processor.py:178} INFO - Processing /home/airflow/.local/lib/python3.7/site-packages/airflow/example_dags/example_branch_datetime_operator.py took 0.052 seconds
[2024-05-27T16:48:32.277+0000] {processor.py:156} INFO - Started process (PID=1024) to work on /home/airflow/.local/lib/python3.7/site-packages/airflow/example_dags/example_branch_datetime_operator.py
[2024-05-27T16:48:32.277+0000] {processor.py:799} INFO - Processing file /home/airflow/.local/lib/python3.7/site-packages/airflow/example_dags/example_branch_datetime_operator.py for tasks to queue
[2024-05-27T16:48:32.278+0000] {logging_mixin.py:149} INFO - [2024-05-27T16:48:32.278+0000] {dagbag.py:541} INFO - Filling up the DagBag from /home/airflow/.local/lib/python3.7/site-packages/airflow/example_dags/example_branch_datetime_operator.py
[2024-05-27T16:48:32.283+0000] {processor.py:809} INFO - DAG(s) dict_keys(['example_branch_datetime_operator_2', 'example_branch_datetime_operator_3', 'example_branch_datetime_operator']) retrieved from /home/airflow/.local/lib/python3.7/site-packages/airflow/example_dags/example_branch_datetime_operator.py
[2024-05-27T16:48:32.299+0000] {logging_mixin.py:149} INFO - [2024-05-27T16:48:32.299+0000] {dag.py:2726} INFO - Sync 3 DAGs
[2024-05-27T16:48:32.313+0000] {logging_mixin.py:149} INFO - [2024-05-27T16:48:32.313+0000] {dag.py:3490} INFO - Setting next_dagrun for example_branch_datetime_operator to 2024-05-26T00:00:00+00:00, run_after=2024-05-27T00:00:00+00:00
[2024-05-27T16:48:32.316+0000] {logging_mixin.py:149} INFO - [2024-05-27T16:48:32.316+0000] {dag.py:3490} INFO - Setting next_dagrun for example_branch_datetime_operator_2 to 2024-05-26T00:00:00+00:00, run_after=2024-05-27T00:00:00+00:00
[2024-05-27T16:48:32.317+0000] {logging_mixin.py:149} INFO - [2024-05-27T16:48:32.317+0000] {dag.py:3490} INFO - Setting next_dagrun for example_branch_datetime_operator_3 to 2024-05-26T00:00:00+00:00, run_after=2024-05-27T00:00:00+00:00
[2024-05-27T16:48:32.324+0000] {processor.py:178} INFO - Processing /home/airflow/.local/lib/python3.7/site-packages/airflow/example_dags/example_branch_datetime_operator.py took 0.049 seconds
[2024-05-27T16:49:03.007+0000] {processor.py:156} INFO - Started process (PID=1084) to work on /home/airflow/.local/lib/python3.7/site-packages/airflow/example_dags/example_branch_datetime_operator.py
[2024-05-27T16:49:03.008+0000] {processor.py:799} INFO - Processing file /home/airflow/.local/lib/python3.7/site-packages/airflow/example_dags/example_branch_datetime_operator.py for tasks to queue
[2024-05-27T16:49:03.008+0000] {logging_mixin.py:149} INFO - [2024-05-27T16:49:03.008+0000] {dagbag.py:541} INFO - Filling up the DagBag from /home/airflow/.local/lib/python3.7/site-packages/airflow/example_dags/example_branch_datetime_operator.py
[2024-05-27T16:49:03.014+0000] {processor.py:809} INFO - DAG(s) dict_keys(['example_branch_datetime_operator_3', 'example_branch_datetime_operator', 'example_branch_datetime_operator_2']) retrieved from /home/airflow/.local/lib/python3.7/site-packages/airflow/example_dags/example_branch_datetime_operator.py
[2024-05-27T16:49:03.031+0000] {logging_mixin.py:149} INFO - [2024-05-27T16:49:03.030+0000] {dag.py:2726} INFO - Sync 3 DAGs
[2024-05-27T16:49:03.043+0000] {logging_mixin.py:149} INFO - [2024-05-27T16:49:03.043+0000] {dag.py:3490} INFO - Setting next_dagrun for example_branch_datetime_operator to 2024-05-26T00:00:00+00:00, run_after=2024-05-27T00:00:00+00:00
[2024-05-27T16:49:03.045+0000] {logging_mixin.py:149} INFO - [2024-05-27T16:49:03.045+0000] {dag.py:3490} INFO - Setting next_dagrun for example_branch_datetime_operator_2 to 2024-05-26T00:00:00+00:00, run_after=2024-05-27T00:00:00+00:00
[2024-05-27T16:49:03.047+0000] {logging_mixin.py:149} INFO - [2024-05-27T16:49:03.047+0000] {dag.py:3490} INFO - Setting next_dagrun for example_branch_datetime_operator_3 to 2024-05-26T00:00:00+00:00, run_after=2024-05-27T00:00:00+00:00
[2024-05-27T16:49:03.054+0000] {processor.py:178} INFO - Processing /home/airflow/.local/lib/python3.7/site-packages/airflow/example_dags/example_branch_datetime_operator.py took 0.049 seconds
[2024-05-27T16:50:03.104+0000] {processor.py:156} INFO - Started process (PID=1144) to work on /home/airflow/.local/lib/python3.7/site-packages/airflow/example_dags/example_branch_datetime_operator.py
[2024-05-27T16:50:03.104+0000] {processor.py:799} INFO - Processing file /home/airflow/.local/lib/python3.7/site-packages/airflow/example_dags/example_branch_datetime_operator.py for tasks to queue
[2024-05-27T16:50:03.105+0000] {logging_mixin.py:149} INFO - [2024-05-27T16:50:03.105+0000] {dagbag.py:541} INFO - Filling up the DagBag from /home/airflow/.local/lib/python3.7/site-packages/airflow/example_dags/example_branch_datetime_operator.py
[2024-05-27T16:50:03.110+0000] {processor.py:809} INFO - DAG(s) dict_keys(['example_branch_datetime_operator_2', 'example_branch_datetime_operator', 'example_branch_datetime_operator_3']) retrieved from /home/airflow/.local/lib/python3.7/site-packages/airflow/example_dags/example_branch_datetime_operator.py
[2024-05-27T16:50:03.127+0000] {logging_mixin.py:149} INFO - [2024-05-27T16:50:03.127+0000] {dag.py:2726} INFO - Sync 3 DAGs
[2024-05-27T16:50:03.140+0000] {logging_mixin.py:149} INFO - [2024-05-27T16:50:03.140+0000] {dag.py:3490} INFO - Setting next_dagrun for example_branch_datetime_operator to 2024-05-26T00:00:00+00:00, run_after=2024-05-27T00:00:00+00:00
[2024-05-27T16:50:03.143+0000] {logging_mixin.py:149} INFO - [2024-05-27T16:50:03.142+0000] {dag.py:3490} INFO - Setting next_dagrun for example_branch_datetime_operator_2 to 2024-05-26T00:00:00+00:00, run_after=2024-05-27T00:00:00+00:00
[2024-05-27T16:50:03.144+0000] {logging_mixin.py:149} INFO - [2024-05-27T16:50:03.144+0000] {dag.py:3490} INFO - Setting next_dagrun for example_branch_datetime_operator_3 to 2024-05-26T00:00:00+00:00, run_after=2024-05-27T00:00:00+00:00
[2024-05-27T16:50:03.151+0000] {processor.py:178} INFO - Processing /home/airflow/.local/lib/python3.7/site-packages/airflow/example_dags/example_branch_datetime_operator.py took 0.050 seconds
[2024-05-27T16:50:33.302+0000] {processor.py:156} INFO - Started process (PID=1205) to work on /home/airflow/.local/lib/python3.7/site-packages/airflow/example_dags/example_branch_datetime_operator.py
[2024-05-27T16:50:33.302+0000] {processor.py:799} INFO - Processing file /home/airflow/.local/lib/python3.7/site-packages/airflow/example_dags/example_branch_datetime_operator.py for tasks to queue
[2024-05-27T16:50:33.303+0000] {logging_mixin.py:149} INFO - [2024-05-27T16:50:33.303+0000] {dagbag.py:541} INFO - Filling up the DagBag from /home/airflow/.local/lib/python3.7/site-packages/airflow/example_dags/example_branch_datetime_operator.py
[2024-05-27T16:50:33.308+0000] {processor.py:809} INFO - DAG(s) dict_keys(['example_branch_datetime_operator_3', 'example_branch_datetime_operator_2', 'example_branch_datetime_operator']) retrieved from /home/airflow/.local/lib/python3.7/site-packages/airflow/example_dags/example_branch_datetime_operator.py
[2024-05-27T16:50:33.323+0000] {logging_mixin.py:149} INFO - [2024-05-27T16:50:33.323+0000] {dag.py:2726} INFO - Sync 3 DAGs
[2024-05-27T16:50:33.335+0000] {logging_mixin.py:149} INFO - [2024-05-27T16:50:33.335+0000] {dag.py:3490} INFO - Setting next_dagrun for example_branch_datetime_operator to 2024-05-26T00:00:00+00:00, run_after=2024-05-27T00:00:00+00:00
[2024-05-27T16:50:33.338+0000] {logging_mixin.py:149} INFO - [2024-05-27T16:50:33.338+0000] {dag.py:3490} INFO - Setting next_dagrun for example_branch_datetime_operator_2 to 2024-05-26T00:00:00+00:00, run_after=2024-05-27T00:00:00+00:00
[2024-05-27T16:50:33.339+0000] {logging_mixin.py:149} INFO - [2024-05-27T16:50:33.339+0000] {dag.py:3490} INFO - Setting next_dagrun for example_branch_datetime_operator_3 to 2024-05-26T00:00:00+00:00, run_after=2024-05-27T00:00:00+00:00
[2024-05-27T16:50:33.347+0000] {processor.py:178} INFO - Processing /home/airflow/.local/lib/python3.7/site-packages/airflow/example_dags/example_branch_datetime_operator.py took 0.047 seconds
[2024-05-27T16:51:03.463+0000] {processor.py:156} INFO - Started process (PID=1266) to work on /home/airflow/.local/lib/python3.7/site-packages/airflow/example_dags/example_branch_datetime_operator.py
[2024-05-27T16:51:03.464+0000] {processor.py:799} INFO - Processing file /home/airflow/.local/lib/python3.7/site-packages/airflow/example_dags/example_branch_datetime_operator.py for tasks to queue
[2024-05-27T16:51:03.464+0000] {logging_mixin.py:149} INFO - [2024-05-27T16:51:03.464+0000] {dagbag.py:541} INFO - Filling up the DagBag from /home/airflow/.local/lib/python3.7/site-packages/airflow/example_dags/example_branch_datetime_operator.py
[2024-05-27T16:51:03.469+0000] {processor.py:809} INFO - DAG(s) dict_keys(['example_branch_datetime_operator', 'example_branch_datetime_operator_3', 'example_branch_datetime_operator_2']) retrieved from /home/airflow/.local/lib/python3.7/site-packages/airflow/example_dags/example_branch_datetime_operator.py
[2024-05-27T16:51:03.486+0000] {logging_mixin.py:149} INFO - [2024-05-27T16:51:03.485+0000] {dag.py:2726} INFO - Sync 3 DAGs
[2024-05-27T16:51:03.500+0000] {logging_mixin.py:149} INFO - [2024-05-27T16:51:03.500+0000] {dag.py:3490} INFO - Setting next_dagrun for example_branch_datetime_operator to 2024-05-26T00:00:00+00:00, run_after=2024-05-27T00:00:00+00:00
[2024-05-27T16:51:03.502+0000] {logging_mixin.py:149} INFO - [2024-05-27T16:51:03.502+0000] {dag.py:3490} INFO - Setting next_dagrun for example_branch_datetime_operator_2 to 2024-05-26T00:00:00+00:00, run_after=2024-05-27T00:00:00+00:00
[2024-05-27T16:51:03.503+0000] {logging_mixin.py:149} INFO - [2024-05-27T16:51:03.503+0000] {dag.py:3490} INFO - Setting next_dagrun for example_branch_datetime_operator_3 to 2024-05-26T00:00:00+00:00, run_after=2024-05-27T00:00:00+00:00
[2024-05-27T16:51:03.510+0000] {processor.py:178} INFO - Processing /home/airflow/.local/lib/python3.7/site-packages/airflow/example_dags/example_branch_datetime_operator.py took 0.049 seconds
[2024-05-27T16:51:34.625+0000] {processor.py:156} INFO - Started process (PID=1327) to work on /home/airflow/.local/lib/python3.7/site-packages/airflow/example_dags/example_branch_datetime_operator.py
[2024-05-27T16:51:34.626+0000] {processor.py:799} INFO - Processing file /home/airflow/.local/lib/python3.7/site-packages/airflow/example_dags/example_branch_datetime_operator.py for tasks to queue
[2024-05-27T16:51:34.626+0000] {logging_mixin.py:149} INFO - [2024-05-27T16:51:34.626+0000] {dagbag.py:541} INFO - Filling up the DagBag from /home/airflow/.local/lib/python3.7/site-packages/airflow/example_dags/example_branch_datetime_operator.py
[2024-05-27T16:51:34.631+0000] {processor.py:809} INFO - DAG(s) dict_keys(['example_branch_datetime_operator_3', 'example_branch_datetime_operator', 'example_branch_datetime_operator_2']) retrieved from /home/airflow/.local/lib/python3.7/site-packages/airflow/example_dags/example_branch_datetime_operator.py
[2024-05-27T16:51:34.647+0000] {logging_mixin.py:149} INFO - [2024-05-27T16:51:34.647+0000] {dag.py:2726} INFO - Sync 3 DAGs
[2024-05-27T16:51:34.660+0000] {logging_mixin.py:149} INFO - [2024-05-27T16:51:34.660+0000] {dag.py:3490} INFO - Setting next_dagrun for example_branch_datetime_operator to 2024-05-26T00:00:00+00:00, run_after=2024-05-27T00:00:00+00:00
[2024-05-27T16:51:34.662+0000] {logging_mixin.py:149} INFO - [2024-05-27T16:51:34.662+0000] {dag.py:3490} INFO - Setting next_dagrun for example_branch_datetime_operator_2 to 2024-05-26T00:00:00+00:00, run_after=2024-05-27T00:00:00+00:00
[2024-05-27T16:51:34.663+0000] {logging_mixin.py:149} INFO - [2024-05-27T16:51:34.663+0000] {dag.py:3490} INFO - Setting next_dagrun for example_branch_datetime_operator_3 to 2024-05-26T00:00:00+00:00, run_after=2024-05-27T00:00:00+00:00
[2024-05-27T16:51:34.671+0000] {processor.py:178} INFO - Processing /home/airflow/.local/lib/python3.7/site-packages/airflow/example_dags/example_branch_datetime_operator.py took 0.048 seconds
[2024-05-27T16:52:20.272+0000] {processor.py:156} INFO - Started process (PID=1422) to work on /home/airflow/.local/lib/python3.7/site-packages/airflow/example_dags/example_branch_datetime_operator.py
[2024-05-27T16:52:20.285+0000] {processor.py:799} INFO - Processing file /home/airflow/.local/lib/python3.7/site-packages/airflow/example_dags/example_branch_datetime_operator.py for tasks to queue
[2024-05-27T16:52:20.289+0000] {logging_mixin.py:149} INFO - [2024-05-27T16:52:20.289+0000] {dagbag.py:541} INFO - Filling up the DagBag from /home/airflow/.local/lib/python3.7/site-packages/airflow/example_dags/example_branch_datetime_operator.py
[2024-05-27T16:52:20.306+0000] {processor.py:809} INFO - DAG(s) dict_keys(['example_branch_datetime_operator_3', 'example_branch_datetime_operator_2', 'example_branch_datetime_operator']) retrieved from /home/airflow/.local/lib/python3.7/site-packages/airflow/example_dags/example_branch_datetime_operator.py
[2024-05-27T16:52:20.526+0000] {logging_mixin.py:149} INFO - [2024-05-27T16:52:20.526+0000] {dag.py:2726} INFO - Sync 3 DAGs
[2024-05-27T16:52:20.589+0000] {logging_mixin.py:149} INFO - [2024-05-27T16:52:20.589+0000] {dag.py:3490} INFO - Setting next_dagrun for example_branch_datetime_operator to 2024-05-26T00:00:00+00:00, run_after=2024-05-27T00:00:00+00:00
[2024-05-27T16:52:20.609+0000] {logging_mixin.py:149} INFO - [2024-05-27T16:52:20.609+0000] {dag.py:3490} INFO - Setting next_dagrun for example_branch_datetime_operator_2 to 2024-05-26T00:00:00+00:00, run_after=2024-05-27T00:00:00+00:00
[2024-05-27T16:52:20.617+0000] {logging_mixin.py:149} INFO - [2024-05-27T16:52:20.617+0000] {dag.py:3490} INFO - Setting next_dagrun for example_branch_datetime_operator_3 to 2024-05-26T00:00:00+00:00, run_after=2024-05-27T00:00:00+00:00
[2024-05-27T16:52:20.648+0000] {processor.py:178} INFO - Processing /home/airflow/.local/lib/python3.7/site-packages/airflow/example_dags/example_branch_datetime_operator.py took 0.386 seconds
