[2024-05-27T16:40:20.512+0000] {processor.py:156} INFO - Started process (PID=50) to work on /home/airflow/.local/lib/python3.7/site-packages/airflow/example_dags/tutorial_taskflow_api.py
[2024-05-27T16:40:20.513+0000] {processor.py:799} INFO - Processing file /home/airflow/.local/lib/python3.7/site-packages/airflow/example_dags/tutorial_taskflow_api.py for tasks to queue
[2024-05-27T16:40:20.514+0000] {logging_mixin.py:149} INFO - [2024-05-27T16:40:20.514+0000] {dagbag.py:541} INFO - Filling up the DagBag from /home/airflow/.local/lib/python3.7/site-packages/airflow/example_dags/tutorial_taskflow_api.py
[2024-05-27T16:40:20.520+0000] {processor.py:809} INFO - DAG(s) dict_keys(['tutorial_taskflow_api']) retrieved from /home/airflow/.local/lib/python3.7/site-packages/airflow/example_dags/tutorial_taskflow_api.py
[2024-05-27T16:40:20.636+0000] {logging_mixin.py:149} INFO - [2024-05-27T16:40:20.636+0000] {manager.py:504} INFO - Created Permission View: can delete on DAG:tutorial_taskflow_api
[2024-05-27T16:40:20.645+0000] {logging_mixin.py:149} INFO - [2024-05-27T16:40:20.645+0000] {manager.py:504} INFO - Created Permission View: can read on DAG:tutorial_taskflow_api
[2024-05-27T16:40:20.648+0000] {logging_mixin.py:149} INFO - [2024-05-27T16:40:20.648+0000] {manager.py:504} INFO - Created Permission View: can edit on DAG:tutorial_taskflow_api
[2024-05-27T16:40:20.648+0000] {logging_mixin.py:149} INFO - [2024-05-27T16:40:20.648+0000] {dag.py:2726} INFO - Sync 1 DAGs
[2024-05-27T16:40:20.661+0000] {logging_mixin.py:149} INFO - [2024-05-27T16:40:20.660+0000] {dag.py:2747} INFO - Creating ORM DAG for tutorial_taskflow_api
[2024-05-27T16:40:20.670+0000] {logging_mixin.py:149} INFO - [2024-05-27T16:40:20.670+0000] {dag.py:3490} INFO - Setting next_dagrun for tutorial_taskflow_api to None, run_after=None
[2024-05-27T16:40:20.688+0000] {processor.py:178} INFO - Processing /home/airflow/.local/lib/python3.7/site-packages/airflow/example_dags/tutorial_taskflow_api.py took 0.178 seconds
[2024-05-27T16:40:51.247+0000] {processor.py:156} INFO - Started process (PID=110) to work on /home/airflow/.local/lib/python3.7/site-packages/airflow/example_dags/tutorial_taskflow_api.py
[2024-05-27T16:40:51.248+0000] {processor.py:799} INFO - Processing file /home/airflow/.local/lib/python3.7/site-packages/airflow/example_dags/tutorial_taskflow_api.py for tasks to queue
[2024-05-27T16:40:51.249+0000] {logging_mixin.py:149} INFO - [2024-05-27T16:40:51.249+0000] {dagbag.py:541} INFO - Filling up the DagBag from /home/airflow/.local/lib/python3.7/site-packages/airflow/example_dags/tutorial_taskflow_api.py
[2024-05-27T16:40:51.253+0000] {processor.py:809} INFO - DAG(s) dict_keys(['tutorial_taskflow_api']) retrieved from /home/airflow/.local/lib/python3.7/site-packages/airflow/example_dags/tutorial_taskflow_api.py
[2024-05-27T16:40:51.267+0000] {logging_mixin.py:149} INFO - [2024-05-27T16:40:51.266+0000] {dag.py:2726} INFO - Sync 1 DAGs
[2024-05-27T16:40:51.281+0000] {logging_mixin.py:149} INFO - [2024-05-27T16:40:51.281+0000] {dag.py:3490} INFO - Setting next_dagrun for tutorial_taskflow_api to None, run_after=None
[2024-05-27T16:40:51.290+0000] {processor.py:178} INFO - Processing /home/airflow/.local/lib/python3.7/site-packages/airflow/example_dags/tutorial_taskflow_api.py took 0.045 seconds
[2024-05-27T16:41:21.582+0000] {processor.py:156} INFO - Started process (PID=170) to work on /home/airflow/.local/lib/python3.7/site-packages/airflow/example_dags/tutorial_taskflow_api.py
[2024-05-27T16:41:21.582+0000] {processor.py:799} INFO - Processing file /home/airflow/.local/lib/python3.7/site-packages/airflow/example_dags/tutorial_taskflow_api.py for tasks to queue
[2024-05-27T16:41:21.583+0000] {logging_mixin.py:149} INFO - [2024-05-27T16:41:21.583+0000] {dagbag.py:541} INFO - Filling up the DagBag from /home/airflow/.local/lib/python3.7/site-packages/airflow/example_dags/tutorial_taskflow_api.py
[2024-05-27T16:41:21.587+0000] {processor.py:809} INFO - DAG(s) dict_keys(['tutorial_taskflow_api']) retrieved from /home/airflow/.local/lib/python3.7/site-packages/airflow/example_dags/tutorial_taskflow_api.py
[2024-05-27T16:41:21.604+0000] {logging_mixin.py:149} INFO - [2024-05-27T16:41:21.604+0000] {dag.py:2726} INFO - Sync 1 DAGs
[2024-05-27T16:41:21.618+0000] {logging_mixin.py:149} INFO - [2024-05-27T16:41:21.618+0000] {dag.py:3490} INFO - Setting next_dagrun for tutorial_taskflow_api to None, run_after=None
[2024-05-27T16:41:21.628+0000] {processor.py:178} INFO - Processing /home/airflow/.local/lib/python3.7/site-packages/airflow/example_dags/tutorial_taskflow_api.py took 0.048 seconds
[2024-05-27T16:41:52.604+0000] {processor.py:156} INFO - Started process (PID=230) to work on /home/airflow/.local/lib/python3.7/site-packages/airflow/example_dags/tutorial_taskflow_api.py
[2024-05-27T16:41:52.604+0000] {processor.py:799} INFO - Processing file /home/airflow/.local/lib/python3.7/site-packages/airflow/example_dags/tutorial_taskflow_api.py for tasks to queue
[2024-05-27T16:41:52.605+0000] {logging_mixin.py:149} INFO - [2024-05-27T16:41:52.605+0000] {dagbag.py:541} INFO - Filling up the DagBag from /home/airflow/.local/lib/python3.7/site-packages/airflow/example_dags/tutorial_taskflow_api.py
[2024-05-27T16:41:52.612+0000] {processor.py:809} INFO - DAG(s) dict_keys(['tutorial_taskflow_api']) retrieved from /home/airflow/.local/lib/python3.7/site-packages/airflow/example_dags/tutorial_taskflow_api.py
[2024-05-27T16:41:52.629+0000] {logging_mixin.py:149} INFO - [2024-05-27T16:41:52.629+0000] {dag.py:2726} INFO - Sync 1 DAGs
[2024-05-27T16:41:52.641+0000] {logging_mixin.py:149} INFO - [2024-05-27T16:41:52.641+0000] {dag.py:3490} INFO - Setting next_dagrun for tutorial_taskflow_api to None, run_after=None
[2024-05-27T16:41:52.650+0000] {processor.py:178} INFO - Processing /home/airflow/.local/lib/python3.7/site-packages/airflow/example_dags/tutorial_taskflow_api.py took 0.049 seconds
[2024-05-27T16:42:22.909+0000] {processor.py:156} INFO - Started process (PID=290) to work on /home/airflow/.local/lib/python3.7/site-packages/airflow/example_dags/tutorial_taskflow_api.py
[2024-05-27T16:42:22.909+0000] {processor.py:799} INFO - Processing file /home/airflow/.local/lib/python3.7/site-packages/airflow/example_dags/tutorial_taskflow_api.py for tasks to queue
[2024-05-27T16:42:22.910+0000] {logging_mixin.py:149} INFO - [2024-05-27T16:42:22.910+0000] {dagbag.py:541} INFO - Filling up the DagBag from /home/airflow/.local/lib/python3.7/site-packages/airflow/example_dags/tutorial_taskflow_api.py
[2024-05-27T16:42:22.916+0000] {processor.py:809} INFO - DAG(s) dict_keys(['tutorial_taskflow_api']) retrieved from /home/airflow/.local/lib/python3.7/site-packages/airflow/example_dags/tutorial_taskflow_api.py
[2024-05-27T16:42:22.933+0000] {logging_mixin.py:149} INFO - [2024-05-27T16:42:22.933+0000] {dag.py:2726} INFO - Sync 1 DAGs
[2024-05-27T16:42:22.948+0000] {logging_mixin.py:149} INFO - [2024-05-27T16:42:22.948+0000] {dag.py:3490} INFO - Setting next_dagrun for tutorial_taskflow_api to None, run_after=None
[2024-05-27T16:42:22.957+0000] {processor.py:178} INFO - Processing /home/airflow/.local/lib/python3.7/site-packages/airflow/example_dags/tutorial_taskflow_api.py took 0.051 seconds
[2024-05-27T16:42:53.010+0000] {processor.py:156} INFO - Started process (PID=349) to work on /home/airflow/.local/lib/python3.7/site-packages/airflow/example_dags/tutorial_taskflow_api.py
[2024-05-27T16:42:53.011+0000] {processor.py:799} INFO - Processing file /home/airflow/.local/lib/python3.7/site-packages/airflow/example_dags/tutorial_taskflow_api.py for tasks to queue
[2024-05-27T16:42:53.012+0000] {logging_mixin.py:149} INFO - [2024-05-27T16:42:53.011+0000] {dagbag.py:541} INFO - Filling up the DagBag from /home/airflow/.local/lib/python3.7/site-packages/airflow/example_dags/tutorial_taskflow_api.py
[2024-05-27T16:42:53.015+0000] {processor.py:809} INFO - DAG(s) dict_keys(['tutorial_taskflow_api']) retrieved from /home/airflow/.local/lib/python3.7/site-packages/airflow/example_dags/tutorial_taskflow_api.py
[2024-05-27T16:42:53.028+0000] {logging_mixin.py:149} INFO - [2024-05-27T16:42:53.028+0000] {dag.py:2726} INFO - Sync 1 DAGs
[2024-05-27T16:42:53.041+0000] {logging_mixin.py:149} INFO - [2024-05-27T16:42:53.041+0000] {dag.py:3490} INFO - Setting next_dagrun for tutorial_taskflow_api to None, run_after=None
[2024-05-27T16:42:53.050+0000] {processor.py:178} INFO - Processing /home/airflow/.local/lib/python3.7/site-packages/airflow/example_dags/tutorial_taskflow_api.py took 0.042 seconds
[2024-05-27T16:43:23.920+0000] {processor.py:156} INFO - Started process (PID=410) to work on /home/airflow/.local/lib/python3.7/site-packages/airflow/example_dags/tutorial_taskflow_api.py
[2024-05-27T16:43:23.920+0000] {processor.py:799} INFO - Processing file /home/airflow/.local/lib/python3.7/site-packages/airflow/example_dags/tutorial_taskflow_api.py for tasks to queue
[2024-05-27T16:43:23.921+0000] {logging_mixin.py:149} INFO - [2024-05-27T16:43:23.921+0000] {dagbag.py:541} INFO - Filling up the DagBag from /home/airflow/.local/lib/python3.7/site-packages/airflow/example_dags/tutorial_taskflow_api.py
[2024-05-27T16:43:23.924+0000] {processor.py:809} INFO - DAG(s) dict_keys(['tutorial_taskflow_api']) retrieved from /home/airflow/.local/lib/python3.7/site-packages/airflow/example_dags/tutorial_taskflow_api.py
[2024-05-27T16:43:23.938+0000] {logging_mixin.py:149} INFO - [2024-05-27T16:43:23.938+0000] {dag.py:2726} INFO - Sync 1 DAGs
[2024-05-27T16:43:23.950+0000] {logging_mixin.py:149} INFO - [2024-05-27T16:43:23.950+0000] {dag.py:3490} INFO - Setting next_dagrun for tutorial_taskflow_api to None, run_after=None
[2024-05-27T16:43:23.959+0000] {processor.py:178} INFO - Processing /home/airflow/.local/lib/python3.7/site-packages/airflow/example_dags/tutorial_taskflow_api.py took 0.041 seconds
[2024-05-27T16:43:54.816+0000] {processor.py:156} INFO - Started process (PID=470) to work on /home/airflow/.local/lib/python3.7/site-packages/airflow/example_dags/tutorial_taskflow_api.py
[2024-05-27T16:43:54.817+0000] {processor.py:799} INFO - Processing file /home/airflow/.local/lib/python3.7/site-packages/airflow/example_dags/tutorial_taskflow_api.py for tasks to queue
[2024-05-27T16:43:54.817+0000] {logging_mixin.py:149} INFO - [2024-05-27T16:43:54.817+0000] {dagbag.py:541} INFO - Filling up the DagBag from /home/airflow/.local/lib/python3.7/site-packages/airflow/example_dags/tutorial_taskflow_api.py
[2024-05-27T16:43:54.821+0000] {processor.py:809} INFO - DAG(s) dict_keys(['tutorial_taskflow_api']) retrieved from /home/airflow/.local/lib/python3.7/site-packages/airflow/example_dags/tutorial_taskflow_api.py
[2024-05-27T16:43:54.834+0000] {logging_mixin.py:149} INFO - [2024-05-27T16:43:54.834+0000] {dag.py:2726} INFO - Sync 1 DAGs
[2024-05-27T16:43:54.846+0000] {logging_mixin.py:149} INFO - [2024-05-27T16:43:54.846+0000] {dag.py:3490} INFO - Setting next_dagrun for tutorial_taskflow_api to None, run_after=None
[2024-05-27T16:43:54.855+0000] {processor.py:178} INFO - Processing /home/airflow/.local/lib/python3.7/site-packages/airflow/example_dags/tutorial_taskflow_api.py took 0.041 seconds
[2024-05-27T16:44:25.646+0000] {processor.py:156} INFO - Started process (PID=530) to work on /home/airflow/.local/lib/python3.7/site-packages/airflow/example_dags/tutorial_taskflow_api.py
[2024-05-27T16:44:25.647+0000] {processor.py:799} INFO - Processing file /home/airflow/.local/lib/python3.7/site-packages/airflow/example_dags/tutorial_taskflow_api.py for tasks to queue
[2024-05-27T16:44:25.647+0000] {logging_mixin.py:149} INFO - [2024-05-27T16:44:25.647+0000] {dagbag.py:541} INFO - Filling up the DagBag from /home/airflow/.local/lib/python3.7/site-packages/airflow/example_dags/tutorial_taskflow_api.py
[2024-05-27T16:44:25.651+0000] {processor.py:809} INFO - DAG(s) dict_keys(['tutorial_taskflow_api']) retrieved from /home/airflow/.local/lib/python3.7/site-packages/airflow/example_dags/tutorial_taskflow_api.py
[2024-05-27T16:44:25.663+0000] {logging_mixin.py:149} INFO - [2024-05-27T16:44:25.663+0000] {dag.py:2726} INFO - Sync 1 DAGs
[2024-05-27T16:44:25.676+0000] {logging_mixin.py:149} INFO - [2024-05-27T16:44:25.675+0000] {dag.py:3490} INFO - Setting next_dagrun for tutorial_taskflow_api to None, run_after=None
[2024-05-27T16:44:25.684+0000] {processor.py:178} INFO - Processing /home/airflow/.local/lib/python3.7/site-packages/airflow/example_dags/tutorial_taskflow_api.py took 0.040 seconds
[2024-05-27T16:44:55.750+0000] {processor.py:156} INFO - Started process (PID=590) to work on /home/airflow/.local/lib/python3.7/site-packages/airflow/example_dags/tutorial_taskflow_api.py
[2024-05-27T16:44:55.750+0000] {processor.py:799} INFO - Processing file /home/airflow/.local/lib/python3.7/site-packages/airflow/example_dags/tutorial_taskflow_api.py for tasks to queue
[2024-05-27T16:44:55.751+0000] {logging_mixin.py:149} INFO - [2024-05-27T16:44:55.751+0000] {dagbag.py:541} INFO - Filling up the DagBag from /home/airflow/.local/lib/python3.7/site-packages/airflow/example_dags/tutorial_taskflow_api.py
[2024-05-27T16:44:55.755+0000] {processor.py:809} INFO - DAG(s) dict_keys(['tutorial_taskflow_api']) retrieved from /home/airflow/.local/lib/python3.7/site-packages/airflow/example_dags/tutorial_taskflow_api.py
[2024-05-27T16:44:55.768+0000] {logging_mixin.py:149} INFO - [2024-05-27T16:44:55.768+0000] {dag.py:2726} INFO - Sync 1 DAGs
[2024-05-27T16:44:55.781+0000] {logging_mixin.py:149} INFO - [2024-05-27T16:44:55.781+0000] {dag.py:3490} INFO - Setting next_dagrun for tutorial_taskflow_api to None, run_after=None
[2024-05-27T16:44:55.790+0000] {processor.py:178} INFO - Processing /home/airflow/.local/lib/python3.7/site-packages/airflow/example_dags/tutorial_taskflow_api.py took 0.042 seconds
[2024-05-27T16:45:26.764+0000] {processor.py:156} INFO - Started process (PID=650) to work on /home/airflow/.local/lib/python3.7/site-packages/airflow/example_dags/tutorial_taskflow_api.py
[2024-05-27T16:45:26.765+0000] {processor.py:799} INFO - Processing file /home/airflow/.local/lib/python3.7/site-packages/airflow/example_dags/tutorial_taskflow_api.py for tasks to queue
[2024-05-27T16:45:26.765+0000] {logging_mixin.py:149} INFO - [2024-05-27T16:45:26.765+0000] {dagbag.py:541} INFO - Filling up the DagBag from /home/airflow/.local/lib/python3.7/site-packages/airflow/example_dags/tutorial_taskflow_api.py
[2024-05-27T16:45:26.769+0000] {processor.py:809} INFO - DAG(s) dict_keys(['tutorial_taskflow_api']) retrieved from /home/airflow/.local/lib/python3.7/site-packages/airflow/example_dags/tutorial_taskflow_api.py
[2024-05-27T16:45:26.782+0000] {logging_mixin.py:149} INFO - [2024-05-27T16:45:26.782+0000] {dag.py:2726} INFO - Sync 1 DAGs
[2024-05-27T16:45:26.794+0000] {logging_mixin.py:149} INFO - [2024-05-27T16:45:26.793+0000] {dag.py:3490} INFO - Setting next_dagrun for tutorial_taskflow_api to None, run_after=None
[2024-05-27T16:45:26.802+0000] {processor.py:178} INFO - Processing /home/airflow/.local/lib/python3.7/site-packages/airflow/example_dags/tutorial_taskflow_api.py took 0.040 seconds
[2024-05-27T16:45:57.498+0000] {processor.py:156} INFO - Started process (PID=710) to work on /home/airflow/.local/lib/python3.7/site-packages/airflow/example_dags/tutorial_taskflow_api.py
[2024-05-27T16:45:57.498+0000] {processor.py:799} INFO - Processing file /home/airflow/.local/lib/python3.7/site-packages/airflow/example_dags/tutorial_taskflow_api.py for tasks to queue
[2024-05-27T16:45:57.499+0000] {logging_mixin.py:149} INFO - [2024-05-27T16:45:57.499+0000] {dagbag.py:541} INFO - Filling up the DagBag from /home/airflow/.local/lib/python3.7/site-packages/airflow/example_dags/tutorial_taskflow_api.py
[2024-05-27T16:45:57.502+0000] {processor.py:809} INFO - DAG(s) dict_keys(['tutorial_taskflow_api']) retrieved from /home/airflow/.local/lib/python3.7/site-packages/airflow/example_dags/tutorial_taskflow_api.py
[2024-05-27T16:45:57.516+0000] {logging_mixin.py:149} INFO - [2024-05-27T16:45:57.516+0000] {dag.py:2726} INFO - Sync 1 DAGs
[2024-05-27T16:45:57.528+0000] {logging_mixin.py:149} INFO - [2024-05-27T16:45:57.528+0000] {dag.py:3490} INFO - Setting next_dagrun for tutorial_taskflow_api to None, run_after=None
[2024-05-27T16:45:57.536+0000] {processor.py:178} INFO - Processing /home/airflow/.local/lib/python3.7/site-packages/airflow/example_dags/tutorial_taskflow_api.py took 0.040 seconds
[2024-05-27T16:46:27.599+0000] {processor.py:156} INFO - Started process (PID=770) to work on /home/airflow/.local/lib/python3.7/site-packages/airflow/example_dags/tutorial_taskflow_api.py
[2024-05-27T16:46:27.600+0000] {processor.py:799} INFO - Processing file /home/airflow/.local/lib/python3.7/site-packages/airflow/example_dags/tutorial_taskflow_api.py for tasks to queue
[2024-05-27T16:46:27.600+0000] {logging_mixin.py:149} INFO - [2024-05-27T16:46:27.600+0000] {dagbag.py:541} INFO - Filling up the DagBag from /home/airflow/.local/lib/python3.7/site-packages/airflow/example_dags/tutorial_taskflow_api.py
[2024-05-27T16:46:27.604+0000] {processor.py:809} INFO - DAG(s) dict_keys(['tutorial_taskflow_api']) retrieved from /home/airflow/.local/lib/python3.7/site-packages/airflow/example_dags/tutorial_taskflow_api.py
[2024-05-27T16:46:27.619+0000] {logging_mixin.py:149} INFO - [2024-05-27T16:46:27.619+0000] {dag.py:2726} INFO - Sync 1 DAGs
[2024-05-27T16:46:27.633+0000] {logging_mixin.py:149} INFO - [2024-05-27T16:46:27.633+0000] {dag.py:3490} INFO - Setting next_dagrun for tutorial_taskflow_api to None, run_after=None
[2024-05-27T16:46:27.642+0000] {processor.py:178} INFO - Processing /home/airflow/.local/lib/python3.7/site-packages/airflow/example_dags/tutorial_taskflow_api.py took 0.045 seconds
[2024-05-27T16:46:58.556+0000] {processor.py:156} INFO - Started process (PID=830) to work on /home/airflow/.local/lib/python3.7/site-packages/airflow/example_dags/tutorial_taskflow_api.py
[2024-05-27T16:46:58.556+0000] {processor.py:799} INFO - Processing file /home/airflow/.local/lib/python3.7/site-packages/airflow/example_dags/tutorial_taskflow_api.py for tasks to queue
[2024-05-27T16:46:58.557+0000] {logging_mixin.py:149} INFO - [2024-05-27T16:46:58.557+0000] {dagbag.py:541} INFO - Filling up the DagBag from /home/airflow/.local/lib/python3.7/site-packages/airflow/example_dags/tutorial_taskflow_api.py
[2024-05-27T16:46:58.560+0000] {processor.py:809} INFO - DAG(s) dict_keys(['tutorial_taskflow_api']) retrieved from /home/airflow/.local/lib/python3.7/site-packages/airflow/example_dags/tutorial_taskflow_api.py
[2024-05-27T16:46:58.575+0000] {logging_mixin.py:149} INFO - [2024-05-27T16:46:58.575+0000] {dag.py:2726} INFO - Sync 1 DAGs
[2024-05-27T16:46:58.589+0000] {logging_mixin.py:149} INFO - [2024-05-27T16:46:58.589+0000] {dag.py:3490} INFO - Setting next_dagrun for tutorial_taskflow_api to None, run_after=None
[2024-05-27T16:46:58.602+0000] {processor.py:178} INFO - Processing /home/airflow/.local/lib/python3.7/site-packages/airflow/example_dags/tutorial_taskflow_api.py took 0.048 seconds
[2024-05-27T16:47:29.349+0000] {processor.py:156} INFO - Started process (PID=890) to work on /home/airflow/.local/lib/python3.7/site-packages/airflow/example_dags/tutorial_taskflow_api.py
[2024-05-27T16:47:29.350+0000] {processor.py:799} INFO - Processing file /home/airflow/.local/lib/python3.7/site-packages/airflow/example_dags/tutorial_taskflow_api.py for tasks to queue
[2024-05-27T16:47:29.350+0000] {logging_mixin.py:149} INFO - [2024-05-27T16:47:29.350+0000] {dagbag.py:541} INFO - Filling up the DagBag from /home/airflow/.local/lib/python3.7/site-packages/airflow/example_dags/tutorial_taskflow_api.py
[2024-05-27T16:47:29.354+0000] {processor.py:809} INFO - DAG(s) dict_keys(['tutorial_taskflow_api']) retrieved from /home/airflow/.local/lib/python3.7/site-packages/airflow/example_dags/tutorial_taskflow_api.py
[2024-05-27T16:47:29.367+0000] {logging_mixin.py:149} INFO - [2024-05-27T16:47:29.367+0000] {dag.py:2726} INFO - Sync 1 DAGs
[2024-05-27T16:47:29.379+0000] {logging_mixin.py:149} INFO - [2024-05-27T16:47:29.379+0000] {dag.py:3490} INFO - Setting next_dagrun for tutorial_taskflow_api to None, run_after=None
[2024-05-27T16:47:29.387+0000] {processor.py:178} INFO - Processing /home/airflow/.local/lib/python3.7/site-packages/airflow/example_dags/tutorial_taskflow_api.py took 0.039 seconds
[2024-05-27T16:48:00.146+0000] {processor.py:156} INFO - Started process (PID=950) to work on /home/airflow/.local/lib/python3.7/site-packages/airflow/example_dags/tutorial_taskflow_api.py
[2024-05-27T16:48:00.146+0000] {processor.py:799} INFO - Processing file /home/airflow/.local/lib/python3.7/site-packages/airflow/example_dags/tutorial_taskflow_api.py for tasks to queue
[2024-05-27T16:48:00.147+0000] {logging_mixin.py:149} INFO - [2024-05-27T16:48:00.147+0000] {dagbag.py:541} INFO - Filling up the DagBag from /home/airflow/.local/lib/python3.7/site-packages/airflow/example_dags/tutorial_taskflow_api.py
[2024-05-27T16:48:00.151+0000] {processor.py:809} INFO - DAG(s) dict_keys(['tutorial_taskflow_api']) retrieved from /home/airflow/.local/lib/python3.7/site-packages/airflow/example_dags/tutorial_taskflow_api.py
[2024-05-27T16:48:00.165+0000] {logging_mixin.py:149} INFO - [2024-05-27T16:48:00.164+0000] {dag.py:2726} INFO - Sync 1 DAGs
[2024-05-27T16:48:00.177+0000] {logging_mixin.py:149} INFO - [2024-05-27T16:48:00.177+0000] {dag.py:3490} INFO - Setting next_dagrun for tutorial_taskflow_api to None, run_after=None
[2024-05-27T16:48:00.186+0000] {processor.py:178} INFO - Processing /home/airflow/.local/lib/python3.7/site-packages/airflow/example_dags/tutorial_taskflow_api.py took 0.042 seconds
[2024-05-27T16:48:30.906+0000] {processor.py:156} INFO - Started process (PID=1010) to work on /home/airflow/.local/lib/python3.7/site-packages/airflow/example_dags/tutorial_taskflow_api.py
[2024-05-27T16:48:30.907+0000] {processor.py:799} INFO - Processing file /home/airflow/.local/lib/python3.7/site-packages/airflow/example_dags/tutorial_taskflow_api.py for tasks to queue
[2024-05-27T16:48:30.907+0000] {logging_mixin.py:149} INFO - [2024-05-27T16:48:30.907+0000] {dagbag.py:541} INFO - Filling up the DagBag from /home/airflow/.local/lib/python3.7/site-packages/airflow/example_dags/tutorial_taskflow_api.py
[2024-05-27T16:48:30.911+0000] {processor.py:809} INFO - DAG(s) dict_keys(['tutorial_taskflow_api']) retrieved from /home/airflow/.local/lib/python3.7/site-packages/airflow/example_dags/tutorial_taskflow_api.py
[2024-05-27T16:48:30.924+0000] {logging_mixin.py:149} INFO - [2024-05-27T16:48:30.924+0000] {dag.py:2726} INFO - Sync 1 DAGs
[2024-05-27T16:48:30.936+0000] {logging_mixin.py:149} INFO - [2024-05-27T16:48:30.936+0000] {dag.py:3490} INFO - Setting next_dagrun for tutorial_taskflow_api to None, run_after=None
[2024-05-27T16:48:30.944+0000] {processor.py:178} INFO - Processing /home/airflow/.local/lib/python3.7/site-packages/airflow/example_dags/tutorial_taskflow_api.py took 0.039 seconds
[2024-05-27T16:49:01.605+0000] {processor.py:156} INFO - Started process (PID=1070) to work on /home/airflow/.local/lib/python3.7/site-packages/airflow/example_dags/tutorial_taskflow_api.py
[2024-05-27T16:49:01.606+0000] {processor.py:799} INFO - Processing file /home/airflow/.local/lib/python3.7/site-packages/airflow/example_dags/tutorial_taskflow_api.py for tasks to queue
[2024-05-27T16:49:01.606+0000] {logging_mixin.py:149} INFO - [2024-05-27T16:49:01.606+0000] {dagbag.py:541} INFO - Filling up the DagBag from /home/airflow/.local/lib/python3.7/site-packages/airflow/example_dags/tutorial_taskflow_api.py
[2024-05-27T16:49:01.610+0000] {processor.py:809} INFO - DAG(s) dict_keys(['tutorial_taskflow_api']) retrieved from /home/airflow/.local/lib/python3.7/site-packages/airflow/example_dags/tutorial_taskflow_api.py
[2024-05-27T16:49:01.624+0000] {logging_mixin.py:149} INFO - [2024-05-27T16:49:01.624+0000] {dag.py:2726} INFO - Sync 1 DAGs
[2024-05-27T16:49:01.637+0000] {logging_mixin.py:149} INFO - [2024-05-27T16:49:01.637+0000] {dag.py:3490} INFO - Setting next_dagrun for tutorial_taskflow_api to None, run_after=None
[2024-05-27T16:49:01.645+0000] {processor.py:178} INFO - Processing /home/airflow/.local/lib/python3.7/site-packages/airflow/example_dags/tutorial_taskflow_api.py took 0.042 seconds
[2024-05-27T16:50:02.709+0000] {processor.py:156} INFO - Started process (PID=1130) to work on /home/airflow/.local/lib/python3.7/site-packages/airflow/example_dags/tutorial_taskflow_api.py
[2024-05-27T16:50:02.710+0000] {processor.py:799} INFO - Processing file /home/airflow/.local/lib/python3.7/site-packages/airflow/example_dags/tutorial_taskflow_api.py for tasks to queue
[2024-05-27T16:50:02.711+0000] {logging_mixin.py:149} INFO - [2024-05-27T16:50:02.710+0000] {dagbag.py:541} INFO - Filling up the DagBag from /home/airflow/.local/lib/python3.7/site-packages/airflow/example_dags/tutorial_taskflow_api.py
[2024-05-27T16:50:02.716+0000] {processor.py:809} INFO - DAG(s) dict_keys(['tutorial_taskflow_api']) retrieved from /home/airflow/.local/lib/python3.7/site-packages/airflow/example_dags/tutorial_taskflow_api.py
[2024-05-27T16:50:02.731+0000] {logging_mixin.py:149} INFO - [2024-05-27T16:50:02.731+0000] {dag.py:2726} INFO - Sync 1 DAGs
[2024-05-27T16:50:02.743+0000] {logging_mixin.py:149} INFO - [2024-05-27T16:50:02.743+0000] {dag.py:3490} INFO - Setting next_dagrun for tutorial_taskflow_api to None, run_after=None
[2024-05-27T16:50:02.752+0000] {processor.py:178} INFO - Processing /home/airflow/.local/lib/python3.7/site-packages/airflow/example_dags/tutorial_taskflow_api.py took 0.045 seconds
[2024-05-27T16:50:32.886+0000] {processor.py:156} INFO - Started process (PID=1191) to work on /home/airflow/.local/lib/python3.7/site-packages/airflow/example_dags/tutorial_taskflow_api.py
[2024-05-27T16:50:32.887+0000] {processor.py:799} INFO - Processing file /home/airflow/.local/lib/python3.7/site-packages/airflow/example_dags/tutorial_taskflow_api.py for tasks to queue
[2024-05-27T16:50:32.887+0000] {logging_mixin.py:149} INFO - [2024-05-27T16:50:32.887+0000] {dagbag.py:541} INFO - Filling up the DagBag from /home/airflow/.local/lib/python3.7/site-packages/airflow/example_dags/tutorial_taskflow_api.py
[2024-05-27T16:50:32.892+0000] {processor.py:809} INFO - DAG(s) dict_keys(['tutorial_taskflow_api']) retrieved from /home/airflow/.local/lib/python3.7/site-packages/airflow/example_dags/tutorial_taskflow_api.py
[2024-05-27T16:50:32.911+0000] {logging_mixin.py:149} INFO - [2024-05-27T16:50:32.911+0000] {dag.py:2726} INFO - Sync 1 DAGs
[2024-05-27T16:50:32.925+0000] {logging_mixin.py:149} INFO - [2024-05-27T16:50:32.925+0000] {dag.py:3490} INFO - Setting next_dagrun for tutorial_taskflow_api to None, run_after=None
[2024-05-27T16:50:32.934+0000] {processor.py:178} INFO - Processing /home/airflow/.local/lib/python3.7/site-packages/airflow/example_dags/tutorial_taskflow_api.py took 0.051 seconds
[2024-05-27T16:51:03.004+0000] {processor.py:156} INFO - Started process (PID=1252) to work on /home/airflow/.local/lib/python3.7/site-packages/airflow/example_dags/tutorial_taskflow_api.py
[2024-05-27T16:51:03.005+0000] {processor.py:799} INFO - Processing file /home/airflow/.local/lib/python3.7/site-packages/airflow/example_dags/tutorial_taskflow_api.py for tasks to queue
[2024-05-27T16:51:03.006+0000] {logging_mixin.py:149} INFO - [2024-05-27T16:51:03.006+0000] {dagbag.py:541} INFO - Filling up the DagBag from /home/airflow/.local/lib/python3.7/site-packages/airflow/example_dags/tutorial_taskflow_api.py
[2024-05-27T16:51:03.009+0000] {processor.py:809} INFO - DAG(s) dict_keys(['tutorial_taskflow_api']) retrieved from /home/airflow/.local/lib/python3.7/site-packages/airflow/example_dags/tutorial_taskflow_api.py
[2024-05-27T16:51:03.022+0000] {logging_mixin.py:149} INFO - [2024-05-27T16:51:03.022+0000] {dag.py:2726} INFO - Sync 1 DAGs
[2024-05-27T16:51:03.035+0000] {logging_mixin.py:149} INFO - [2024-05-27T16:51:03.035+0000] {dag.py:3490} INFO - Setting next_dagrun for tutorial_taskflow_api to None, run_after=None
[2024-05-27T16:51:03.044+0000] {processor.py:178} INFO - Processing /home/airflow/.local/lib/python3.7/site-packages/airflow/example_dags/tutorial_taskflow_api.py took 0.041 seconds
[2024-05-27T16:51:33.063+0000] {processor.py:156} INFO - Started process (PID=1312) to work on /home/airflow/.local/lib/python3.7/site-packages/airflow/example_dags/tutorial_taskflow_api.py
[2024-05-27T16:51:33.064+0000] {processor.py:799} INFO - Processing file /home/airflow/.local/lib/python3.7/site-packages/airflow/example_dags/tutorial_taskflow_api.py for tasks to queue
[2024-05-27T16:51:33.065+0000] {logging_mixin.py:149} INFO - [2024-05-27T16:51:33.065+0000] {dagbag.py:541} INFO - Filling up the DagBag from /home/airflow/.local/lib/python3.7/site-packages/airflow/example_dags/tutorial_taskflow_api.py
[2024-05-27T16:51:33.068+0000] {processor.py:809} INFO - DAG(s) dict_keys(['tutorial_taskflow_api']) retrieved from /home/airflow/.local/lib/python3.7/site-packages/airflow/example_dags/tutorial_taskflow_api.py
[2024-05-27T16:51:33.081+0000] {logging_mixin.py:149} INFO - [2024-05-27T16:51:33.081+0000] {dag.py:2726} INFO - Sync 1 DAGs
[2024-05-27T16:51:33.093+0000] {logging_mixin.py:149} INFO - [2024-05-27T16:51:33.093+0000] {dag.py:3490} INFO - Setting next_dagrun for tutorial_taskflow_api to None, run_after=None
[2024-05-27T16:51:33.101+0000] {processor.py:178} INFO - Processing /home/airflow/.local/lib/python3.7/site-packages/airflow/example_dags/tutorial_taskflow_api.py took 0.040 seconds
[2024-05-27T16:52:17.140+0000] {processor.py:156} INFO - Started process (PID=1395) to work on /home/airflow/.local/lib/python3.7/site-packages/airflow/example_dags/tutorial_taskflow_api.py
[2024-05-27T16:52:17.151+0000] {processor.py:799} INFO - Processing file /home/airflow/.local/lib/python3.7/site-packages/airflow/example_dags/tutorial_taskflow_api.py for tasks to queue
[2024-05-27T16:52:17.160+0000] {logging_mixin.py:149} INFO - [2024-05-27T16:52:17.158+0000] {dagbag.py:541} INFO - Filling up the DagBag from /home/airflow/.local/lib/python3.7/site-packages/airflow/example_dags/tutorial_taskflow_api.py
[2024-05-27T16:52:17.216+0000] {processor.py:809} INFO - DAG(s) dict_keys(['tutorial_taskflow_api']) retrieved from /home/airflow/.local/lib/python3.7/site-packages/airflow/example_dags/tutorial_taskflow_api.py
[2024-05-27T16:52:17.299+0000] {logging_mixin.py:149} INFO - [2024-05-27T16:52:17.299+0000] {dag.py:2726} INFO - Sync 1 DAGs
[2024-05-27T16:52:17.370+0000] {logging_mixin.py:149} INFO - [2024-05-27T16:52:17.370+0000] {dag.py:3490} INFO - Setting next_dagrun for tutorial_taskflow_api to None, run_after=None
[2024-05-27T16:52:17.419+0000] {processor.py:178} INFO - Processing /home/airflow/.local/lib/python3.7/site-packages/airflow/example_dags/tutorial_taskflow_api.py took 0.299 seconds
