[2024-05-27T16:40:19.337+0000] {processor.py:156} INFO - Started process (PID=39) to work on /home/airflow/.local/lib/python3.7/site-packages/airflow/example_dags/tutorial_dag.py
[2024-05-27T16:40:19.338+0000] {processor.py:799} INFO - Processing file /home/airflow/.local/lib/python3.7/site-packages/airflow/example_dags/tutorial_dag.py for tasks to queue
[2024-05-27T16:40:19.339+0000] {logging_mixin.py:149} INFO - [2024-05-27T16:40:19.339+0000] {dagbag.py:541} INFO - Filling up the DagBag from /home/airflow/.local/lib/python3.7/site-packages/airflow/example_dags/tutorial_dag.py
[2024-05-27T16:40:19.344+0000] {processor.py:809} INFO - DAG(s) dict_keys(['tutorial_dag']) retrieved from /home/airflow/.local/lib/python3.7/site-packages/airflow/example_dags/tutorial_dag.py
[2024-05-27T16:40:19.405+0000] {logging_mixin.py:149} INFO - [2024-05-27T16:40:19.405+0000] {manager.py:504} INFO - Created Permission View: can delete on DAG:tutorial_dag
[2024-05-27T16:40:19.410+0000] {logging_mixin.py:149} INFO - [2024-05-27T16:40:19.410+0000] {manager.py:504} INFO - Created Permission View: can read on DAG:tutorial_dag
[2024-05-27T16:40:19.414+0000] {logging_mixin.py:149} INFO - [2024-05-27T16:40:19.414+0000] {manager.py:504} INFO - Created Permission View: can edit on DAG:tutorial_dag
[2024-05-27T16:40:19.414+0000] {logging_mixin.py:149} INFO - [2024-05-27T16:40:19.414+0000] {dag.py:2726} INFO - Sync 1 DAGs
[2024-05-27T16:40:19.421+0000] {logging_mixin.py:149} INFO - [2024-05-27T16:40:19.420+0000] {dag.py:2747} INFO - Creating ORM DAG for tutorial_dag
[2024-05-27T16:40:19.426+0000] {logging_mixin.py:149} INFO - [2024-05-27T16:40:19.426+0000] {dag.py:3490} INFO - Setting next_dagrun for tutorial_dag to None, run_after=None
[2024-05-27T16:40:19.436+0000] {processor.py:178} INFO - Processing /home/airflow/.local/lib/python3.7/site-packages/airflow/example_dags/tutorial_dag.py took 0.101 seconds
[2024-05-27T16:40:49.788+0000] {processor.py:156} INFO - Started process (PID=99) to work on /home/airflow/.local/lib/python3.7/site-packages/airflow/example_dags/tutorial_dag.py
[2024-05-27T16:40:49.789+0000] {processor.py:799} INFO - Processing file /home/airflow/.local/lib/python3.7/site-packages/airflow/example_dags/tutorial_dag.py for tasks to queue
[2024-05-27T16:40:49.790+0000] {logging_mixin.py:149} INFO - [2024-05-27T16:40:49.790+0000] {dagbag.py:541} INFO - Filling up the DagBag from /home/airflow/.local/lib/python3.7/site-packages/airflow/example_dags/tutorial_dag.py
[2024-05-27T16:40:49.793+0000] {processor.py:809} INFO - DAG(s) dict_keys(['tutorial_dag']) retrieved from /home/airflow/.local/lib/python3.7/site-packages/airflow/example_dags/tutorial_dag.py
[2024-05-27T16:40:49.806+0000] {logging_mixin.py:149} INFO - [2024-05-27T16:40:49.806+0000] {dag.py:2726} INFO - Sync 1 DAGs
[2024-05-27T16:40:49.820+0000] {logging_mixin.py:149} INFO - [2024-05-27T16:40:49.819+0000] {dag.py:3490} INFO - Setting next_dagrun for tutorial_dag to None, run_after=None
[2024-05-27T16:40:49.829+0000] {processor.py:178} INFO - Processing /home/airflow/.local/lib/python3.7/site-packages/airflow/example_dags/tutorial_dag.py took 0.043 seconds
[2024-05-27T16:41:20.024+0000] {processor.py:156} INFO - Started process (PID=159) to work on /home/airflow/.local/lib/python3.7/site-packages/airflow/example_dags/tutorial_dag.py
[2024-05-27T16:41:20.025+0000] {processor.py:799} INFO - Processing file /home/airflow/.local/lib/python3.7/site-packages/airflow/example_dags/tutorial_dag.py for tasks to queue
[2024-05-27T16:41:20.027+0000] {logging_mixin.py:149} INFO - [2024-05-27T16:41:20.027+0000] {dagbag.py:541} INFO - Filling up the DagBag from /home/airflow/.local/lib/python3.7/site-packages/airflow/example_dags/tutorial_dag.py
[2024-05-27T16:41:20.032+0000] {processor.py:809} INFO - DAG(s) dict_keys(['tutorial_dag']) retrieved from /home/airflow/.local/lib/python3.7/site-packages/airflow/example_dags/tutorial_dag.py
[2024-05-27T16:41:20.058+0000] {logging_mixin.py:149} INFO - [2024-05-27T16:41:20.058+0000] {dag.py:2726} INFO - Sync 1 DAGs
[2024-05-27T16:41:20.105+0000] {logging_mixin.py:149} INFO - [2024-05-27T16:41:20.105+0000] {dag.py:3490} INFO - Setting next_dagrun for tutorial_dag to None, run_after=None
[2024-05-27T16:41:20.124+0000] {processor.py:178} INFO - Processing /home/airflow/.local/lib/python3.7/site-packages/airflow/example_dags/tutorial_dag.py took 0.104 seconds
[2024-05-27T16:41:50.156+0000] {processor.py:156} INFO - Started process (PID=219) to work on /home/airflow/.local/lib/python3.7/site-packages/airflow/example_dags/tutorial_dag.py
[2024-05-27T16:41:50.157+0000] {processor.py:799} INFO - Processing file /home/airflow/.local/lib/python3.7/site-packages/airflow/example_dags/tutorial_dag.py for tasks to queue
[2024-05-27T16:41:50.157+0000] {logging_mixin.py:149} INFO - [2024-05-27T16:41:50.157+0000] {dagbag.py:541} INFO - Filling up the DagBag from /home/airflow/.local/lib/python3.7/site-packages/airflow/example_dags/tutorial_dag.py
[2024-05-27T16:41:50.160+0000] {processor.py:809} INFO - DAG(s) dict_keys(['tutorial_dag']) retrieved from /home/airflow/.local/lib/python3.7/site-packages/airflow/example_dags/tutorial_dag.py
[2024-05-27T16:41:50.173+0000] {logging_mixin.py:149} INFO - [2024-05-27T16:41:50.173+0000] {dag.py:2726} INFO - Sync 1 DAGs
[2024-05-27T16:41:50.185+0000] {logging_mixin.py:149} INFO - [2024-05-27T16:41:50.185+0000] {dag.py:3490} INFO - Setting next_dagrun for tutorial_dag to None, run_after=None
[2024-05-27T16:41:50.193+0000] {processor.py:178} INFO - Processing /home/airflow/.local/lib/python3.7/site-packages/airflow/example_dags/tutorial_dag.py took 0.039 seconds
[2024-05-27T16:42:20.411+0000] {processor.py:156} INFO - Started process (PID=279) to work on /home/airflow/.local/lib/python3.7/site-packages/airflow/example_dags/tutorial_dag.py
[2024-05-27T16:42:20.411+0000] {processor.py:799} INFO - Processing file /home/airflow/.local/lib/python3.7/site-packages/airflow/example_dags/tutorial_dag.py for tasks to queue
[2024-05-27T16:42:20.412+0000] {logging_mixin.py:149} INFO - [2024-05-27T16:42:20.412+0000] {dagbag.py:541} INFO - Filling up the DagBag from /home/airflow/.local/lib/python3.7/site-packages/airflow/example_dags/tutorial_dag.py
[2024-05-27T16:42:20.414+0000] {processor.py:809} INFO - DAG(s) dict_keys(['tutorial_dag']) retrieved from /home/airflow/.local/lib/python3.7/site-packages/airflow/example_dags/tutorial_dag.py
[2024-05-27T16:42:20.427+0000] {logging_mixin.py:149} INFO - [2024-05-27T16:42:20.427+0000] {dag.py:2726} INFO - Sync 1 DAGs
[2024-05-27T16:42:20.439+0000] {logging_mixin.py:149} INFO - [2024-05-27T16:42:20.439+0000] {dag.py:3490} INFO - Setting next_dagrun for tutorial_dag to None, run_after=None
[2024-05-27T16:42:20.448+0000] {processor.py:178} INFO - Processing /home/airflow/.local/lib/python3.7/site-packages/airflow/example_dags/tutorial_dag.py took 0.039 seconds
[2024-05-27T16:42:50.666+0000] {processor.py:156} INFO - Started process (PID=339) to work on /home/airflow/.local/lib/python3.7/site-packages/airflow/example_dags/tutorial_dag.py
[2024-05-27T16:42:50.667+0000] {processor.py:799} INFO - Processing file /home/airflow/.local/lib/python3.7/site-packages/airflow/example_dags/tutorial_dag.py for tasks to queue
[2024-05-27T16:42:50.667+0000] {logging_mixin.py:149} INFO - [2024-05-27T16:42:50.667+0000] {dagbag.py:541} INFO - Filling up the DagBag from /home/airflow/.local/lib/python3.7/site-packages/airflow/example_dags/tutorial_dag.py
[2024-05-27T16:42:50.670+0000] {processor.py:809} INFO - DAG(s) dict_keys(['tutorial_dag']) retrieved from /home/airflow/.local/lib/python3.7/site-packages/airflow/example_dags/tutorial_dag.py
[2024-05-27T16:42:50.682+0000] {logging_mixin.py:149} INFO - [2024-05-27T16:42:50.682+0000] {dag.py:2726} INFO - Sync 1 DAGs
[2024-05-27T16:42:50.694+0000] {logging_mixin.py:149} INFO - [2024-05-27T16:42:50.694+0000] {dag.py:3490} INFO - Setting next_dagrun for tutorial_dag to None, run_after=None
[2024-05-27T16:42:50.702+0000] {processor.py:178} INFO - Processing /home/airflow/.local/lib/python3.7/site-packages/airflow/example_dags/tutorial_dag.py took 0.038 seconds
[2024-05-27T16:43:21.472+0000] {processor.py:156} INFO - Started process (PID=399) to work on /home/airflow/.local/lib/python3.7/site-packages/airflow/example_dags/tutorial_dag.py
[2024-05-27T16:43:21.472+0000] {processor.py:799} INFO - Processing file /home/airflow/.local/lib/python3.7/site-packages/airflow/example_dags/tutorial_dag.py for tasks to queue
[2024-05-27T16:43:21.472+0000] {logging_mixin.py:149} INFO - [2024-05-27T16:43:21.472+0000] {dagbag.py:541} INFO - Filling up the DagBag from /home/airflow/.local/lib/python3.7/site-packages/airflow/example_dags/tutorial_dag.py
[2024-05-27T16:43:21.476+0000] {processor.py:809} INFO - DAG(s) dict_keys(['tutorial_dag']) retrieved from /home/airflow/.local/lib/python3.7/site-packages/airflow/example_dags/tutorial_dag.py
[2024-05-27T16:43:21.492+0000] {logging_mixin.py:149} INFO - [2024-05-27T16:43:21.492+0000] {dag.py:2726} INFO - Sync 1 DAGs
[2024-05-27T16:43:21.505+0000] {logging_mixin.py:149} INFO - [2024-05-27T16:43:21.505+0000] {dag.py:3490} INFO - Setting next_dagrun for tutorial_dag to None, run_after=None
[2024-05-27T16:43:21.513+0000] {processor.py:178} INFO - Processing /home/airflow/.local/lib/python3.7/site-packages/airflow/example_dags/tutorial_dag.py took 0.044 seconds
[2024-05-27T16:43:52.400+0000] {processor.py:156} INFO - Started process (PID=459) to work on /home/airflow/.local/lib/python3.7/site-packages/airflow/example_dags/tutorial_dag.py
[2024-05-27T16:43:52.401+0000] {processor.py:799} INFO - Processing file /home/airflow/.local/lib/python3.7/site-packages/airflow/example_dags/tutorial_dag.py for tasks to queue
[2024-05-27T16:43:52.402+0000] {logging_mixin.py:149} INFO - [2024-05-27T16:43:52.401+0000] {dagbag.py:541} INFO - Filling up the DagBag from /home/airflow/.local/lib/python3.7/site-packages/airflow/example_dags/tutorial_dag.py
[2024-05-27T16:43:52.405+0000] {processor.py:809} INFO - DAG(s) dict_keys(['tutorial_dag']) retrieved from /home/airflow/.local/lib/python3.7/site-packages/airflow/example_dags/tutorial_dag.py
[2024-05-27T16:43:52.424+0000] {logging_mixin.py:149} INFO - [2024-05-27T16:43:52.424+0000] {dag.py:2726} INFO - Sync 1 DAGs
[2024-05-27T16:43:52.438+0000] {logging_mixin.py:149} INFO - [2024-05-27T16:43:52.438+0000] {dag.py:3490} INFO - Setting next_dagrun for tutorial_dag to None, run_after=None
[2024-05-27T16:43:52.447+0000] {processor.py:178} INFO - Processing /home/airflow/.local/lib/python3.7/site-packages/airflow/example_dags/tutorial_dag.py took 0.049 seconds
[2024-05-27T16:44:23.215+0000] {processor.py:156} INFO - Started process (PID=519) to work on /home/airflow/.local/lib/python3.7/site-packages/airflow/example_dags/tutorial_dag.py
[2024-05-27T16:44:23.216+0000] {processor.py:799} INFO - Processing file /home/airflow/.local/lib/python3.7/site-packages/airflow/example_dags/tutorial_dag.py for tasks to queue
[2024-05-27T16:44:23.216+0000] {logging_mixin.py:149} INFO - [2024-05-27T16:44:23.216+0000] {dagbag.py:541} INFO - Filling up the DagBag from /home/airflow/.local/lib/python3.7/site-packages/airflow/example_dags/tutorial_dag.py
[2024-05-27T16:44:23.219+0000] {processor.py:809} INFO - DAG(s) dict_keys(['tutorial_dag']) retrieved from /home/airflow/.local/lib/python3.7/site-packages/airflow/example_dags/tutorial_dag.py
[2024-05-27T16:44:23.232+0000] {logging_mixin.py:149} INFO - [2024-05-27T16:44:23.231+0000] {dag.py:2726} INFO - Sync 1 DAGs
[2024-05-27T16:44:23.246+0000] {logging_mixin.py:149} INFO - [2024-05-27T16:44:23.246+0000] {dag.py:3490} INFO - Setting next_dagrun for tutorial_dag to None, run_after=None
[2024-05-27T16:44:23.257+0000] {processor.py:178} INFO - Processing /home/airflow/.local/lib/python3.7/site-packages/airflow/example_dags/tutorial_dag.py took 0.044 seconds
[2024-05-27T16:44:53.351+0000] {processor.py:156} INFO - Started process (PID=579) to work on /home/airflow/.local/lib/python3.7/site-packages/airflow/example_dags/tutorial_dag.py
[2024-05-27T16:44:53.352+0000] {processor.py:799} INFO - Processing file /home/airflow/.local/lib/python3.7/site-packages/airflow/example_dags/tutorial_dag.py for tasks to queue
[2024-05-27T16:44:53.352+0000] {logging_mixin.py:149} INFO - [2024-05-27T16:44:53.352+0000] {dagbag.py:541} INFO - Filling up the DagBag from /home/airflow/.local/lib/python3.7/site-packages/airflow/example_dags/tutorial_dag.py
[2024-05-27T16:44:53.355+0000] {processor.py:809} INFO - DAG(s) dict_keys(['tutorial_dag']) retrieved from /home/airflow/.local/lib/python3.7/site-packages/airflow/example_dags/tutorial_dag.py
[2024-05-27T16:44:53.367+0000] {logging_mixin.py:149} INFO - [2024-05-27T16:44:53.367+0000] {dag.py:2726} INFO - Sync 1 DAGs
[2024-05-27T16:44:53.378+0000] {logging_mixin.py:149} INFO - [2024-05-27T16:44:53.378+0000] {dag.py:3490} INFO - Setting next_dagrun for tutorial_dag to None, run_after=None
[2024-05-27T16:44:53.387+0000] {processor.py:178} INFO - Processing /home/airflow/.local/lib/python3.7/site-packages/airflow/example_dags/tutorial_dag.py took 0.038 seconds
[2024-05-27T16:45:24.333+0000] {processor.py:156} INFO - Started process (PID=639) to work on /home/airflow/.local/lib/python3.7/site-packages/airflow/example_dags/tutorial_dag.py
[2024-05-27T16:45:24.334+0000] {processor.py:799} INFO - Processing file /home/airflow/.local/lib/python3.7/site-packages/airflow/example_dags/tutorial_dag.py for tasks to queue
[2024-05-27T16:45:24.334+0000] {logging_mixin.py:149} INFO - [2024-05-27T16:45:24.334+0000] {dagbag.py:541} INFO - Filling up the DagBag from /home/airflow/.local/lib/python3.7/site-packages/airflow/example_dags/tutorial_dag.py
[2024-05-27T16:45:24.337+0000] {processor.py:809} INFO - DAG(s) dict_keys(['tutorial_dag']) retrieved from /home/airflow/.local/lib/python3.7/site-packages/airflow/example_dags/tutorial_dag.py
[2024-05-27T16:45:24.349+0000] {logging_mixin.py:149} INFO - [2024-05-27T16:45:24.349+0000] {dag.py:2726} INFO - Sync 1 DAGs
[2024-05-27T16:45:24.361+0000] {logging_mixin.py:149} INFO - [2024-05-27T16:45:24.361+0000] {dag.py:3490} INFO - Setting next_dagrun for tutorial_dag to None, run_after=None
[2024-05-27T16:45:24.369+0000] {processor.py:178} INFO - Processing /home/airflow/.local/lib/python3.7/site-packages/airflow/example_dags/tutorial_dag.py took 0.038 seconds
[2024-05-27T16:45:55.101+0000] {processor.py:156} INFO - Started process (PID=699) to work on /home/airflow/.local/lib/python3.7/site-packages/airflow/example_dags/tutorial_dag.py
[2024-05-27T16:45:55.102+0000] {processor.py:799} INFO - Processing file /home/airflow/.local/lib/python3.7/site-packages/airflow/example_dags/tutorial_dag.py for tasks to queue
[2024-05-27T16:45:55.102+0000] {logging_mixin.py:149} INFO - [2024-05-27T16:45:55.102+0000] {dagbag.py:541} INFO - Filling up the DagBag from /home/airflow/.local/lib/python3.7/site-packages/airflow/example_dags/tutorial_dag.py
[2024-05-27T16:45:55.105+0000] {processor.py:809} INFO - DAG(s) dict_keys(['tutorial_dag']) retrieved from /home/airflow/.local/lib/python3.7/site-packages/airflow/example_dags/tutorial_dag.py
[2024-05-27T16:45:55.117+0000] {logging_mixin.py:149} INFO - [2024-05-27T16:45:55.117+0000] {dag.py:2726} INFO - Sync 1 DAGs
[2024-05-27T16:45:55.129+0000] {logging_mixin.py:149} INFO - [2024-05-27T16:45:55.129+0000] {dag.py:3490} INFO - Setting next_dagrun for tutorial_dag to None, run_after=None
[2024-05-27T16:45:55.137+0000] {processor.py:178} INFO - Processing /home/airflow/.local/lib/python3.7/site-packages/airflow/example_dags/tutorial_dag.py took 0.038 seconds
[2024-05-27T16:46:25.310+0000] {processor.py:156} INFO - Started process (PID=759) to work on /home/airflow/.local/lib/python3.7/site-packages/airflow/example_dags/tutorial_dag.py
[2024-05-27T16:46:25.311+0000] {processor.py:799} INFO - Processing file /home/airflow/.local/lib/python3.7/site-packages/airflow/example_dags/tutorial_dag.py for tasks to queue
[2024-05-27T16:46:25.311+0000] {logging_mixin.py:149} INFO - [2024-05-27T16:46:25.311+0000] {dagbag.py:541} INFO - Filling up the DagBag from /home/airflow/.local/lib/python3.7/site-packages/airflow/example_dags/tutorial_dag.py
[2024-05-27T16:46:25.314+0000] {processor.py:809} INFO - DAG(s) dict_keys(['tutorial_dag']) retrieved from /home/airflow/.local/lib/python3.7/site-packages/airflow/example_dags/tutorial_dag.py
[2024-05-27T16:46:25.327+0000] {logging_mixin.py:149} INFO - [2024-05-27T16:46:25.327+0000] {dag.py:2726} INFO - Sync 1 DAGs
[2024-05-27T16:46:25.338+0000] {logging_mixin.py:149} INFO - [2024-05-27T16:46:25.338+0000] {dag.py:3490} INFO - Setting next_dagrun for tutorial_dag to None, run_after=None
[2024-05-27T16:46:25.346+0000] {processor.py:178} INFO - Processing /home/airflow/.local/lib/python3.7/site-packages/airflow/example_dags/tutorial_dag.py took 0.038 seconds
[2024-05-27T16:46:56.152+0000] {processor.py:156} INFO - Started process (PID=819) to work on /home/airflow/.local/lib/python3.7/site-packages/airflow/example_dags/tutorial_dag.py
[2024-05-27T16:46:56.152+0000] {processor.py:799} INFO - Processing file /home/airflow/.local/lib/python3.7/site-packages/airflow/example_dags/tutorial_dag.py for tasks to queue
[2024-05-27T16:46:56.152+0000] {logging_mixin.py:149} INFO - [2024-05-27T16:46:56.152+0000] {dagbag.py:541} INFO - Filling up the DagBag from /home/airflow/.local/lib/python3.7/site-packages/airflow/example_dags/tutorial_dag.py
[2024-05-27T16:46:56.156+0000] {processor.py:809} INFO - DAG(s) dict_keys(['tutorial_dag']) retrieved from /home/airflow/.local/lib/python3.7/site-packages/airflow/example_dags/tutorial_dag.py
[2024-05-27T16:46:56.173+0000] {logging_mixin.py:149} INFO - [2024-05-27T16:46:56.173+0000] {dag.py:2726} INFO - Sync 1 DAGs
[2024-05-27T16:46:56.185+0000] {logging_mixin.py:149} INFO - [2024-05-27T16:46:56.185+0000] {dag.py:3490} INFO - Setting next_dagrun for tutorial_dag to None, run_after=None
[2024-05-27T16:46:56.194+0000] {processor.py:178} INFO - Processing /home/airflow/.local/lib/python3.7/site-packages/airflow/example_dags/tutorial_dag.py took 0.044 seconds
[2024-05-27T16:47:26.954+0000] {processor.py:156} INFO - Started process (PID=879) to work on /home/airflow/.local/lib/python3.7/site-packages/airflow/example_dags/tutorial_dag.py
[2024-05-27T16:47:26.955+0000] {processor.py:799} INFO - Processing file /home/airflow/.local/lib/python3.7/site-packages/airflow/example_dags/tutorial_dag.py for tasks to queue
[2024-05-27T16:47:26.955+0000] {logging_mixin.py:149} INFO - [2024-05-27T16:47:26.955+0000] {dagbag.py:541} INFO - Filling up the DagBag from /home/airflow/.local/lib/python3.7/site-packages/airflow/example_dags/tutorial_dag.py
[2024-05-27T16:47:26.958+0000] {processor.py:809} INFO - DAG(s) dict_keys(['tutorial_dag']) retrieved from /home/airflow/.local/lib/python3.7/site-packages/airflow/example_dags/tutorial_dag.py
[2024-05-27T16:47:26.970+0000] {logging_mixin.py:149} INFO - [2024-05-27T16:47:26.970+0000] {dag.py:2726} INFO - Sync 1 DAGs
[2024-05-27T16:47:26.982+0000] {logging_mixin.py:149} INFO - [2024-05-27T16:47:26.982+0000] {dag.py:3490} INFO - Setting next_dagrun for tutorial_dag to None, run_after=None
[2024-05-27T16:47:26.990+0000] {processor.py:178} INFO - Processing /home/airflow/.local/lib/python3.7/site-packages/airflow/example_dags/tutorial_dag.py took 0.038 seconds
[2024-05-27T16:47:57.736+0000] {processor.py:156} INFO - Started process (PID=939) to work on /home/airflow/.local/lib/python3.7/site-packages/airflow/example_dags/tutorial_dag.py
[2024-05-27T16:47:57.737+0000] {processor.py:799} INFO - Processing file /home/airflow/.local/lib/python3.7/site-packages/airflow/example_dags/tutorial_dag.py for tasks to queue
[2024-05-27T16:47:57.737+0000] {logging_mixin.py:149} INFO - [2024-05-27T16:47:57.737+0000] {dagbag.py:541} INFO - Filling up the DagBag from /home/airflow/.local/lib/python3.7/site-packages/airflow/example_dags/tutorial_dag.py
[2024-05-27T16:47:57.740+0000] {processor.py:809} INFO - DAG(s) dict_keys(['tutorial_dag']) retrieved from /home/airflow/.local/lib/python3.7/site-packages/airflow/example_dags/tutorial_dag.py
[2024-05-27T16:47:57.752+0000] {logging_mixin.py:149} INFO - [2024-05-27T16:47:57.752+0000] {dag.py:2726} INFO - Sync 1 DAGs
[2024-05-27T16:47:57.764+0000] {logging_mixin.py:149} INFO - [2024-05-27T16:47:57.764+0000] {dag.py:3490} INFO - Setting next_dagrun for tutorial_dag to None, run_after=None
[2024-05-27T16:47:57.773+0000] {processor.py:178} INFO - Processing /home/airflow/.local/lib/python3.7/site-packages/airflow/example_dags/tutorial_dag.py took 0.038 seconds
[2024-05-27T16:48:28.542+0000] {processor.py:156} INFO - Started process (PID=999) to work on /home/airflow/.local/lib/python3.7/site-packages/airflow/example_dags/tutorial_dag.py
[2024-05-27T16:48:28.543+0000] {processor.py:799} INFO - Processing file /home/airflow/.local/lib/python3.7/site-packages/airflow/example_dags/tutorial_dag.py for tasks to queue
[2024-05-27T16:48:28.543+0000] {logging_mixin.py:149} INFO - [2024-05-27T16:48:28.543+0000] {dagbag.py:541} INFO - Filling up the DagBag from /home/airflow/.local/lib/python3.7/site-packages/airflow/example_dags/tutorial_dag.py
[2024-05-27T16:48:28.546+0000] {processor.py:809} INFO - DAG(s) dict_keys(['tutorial_dag']) retrieved from /home/airflow/.local/lib/python3.7/site-packages/airflow/example_dags/tutorial_dag.py
[2024-05-27T16:48:28.559+0000] {logging_mixin.py:149} INFO - [2024-05-27T16:48:28.558+0000] {dag.py:2726} INFO - Sync 1 DAGs
[2024-05-27T16:48:28.570+0000] {logging_mixin.py:149} INFO - [2024-05-27T16:48:28.570+0000] {dag.py:3490} INFO - Setting next_dagrun for tutorial_dag to None, run_after=None
[2024-05-27T16:48:28.578+0000] {processor.py:178} INFO - Processing /home/airflow/.local/lib/python3.7/site-packages/airflow/example_dags/tutorial_dag.py took 0.038 seconds
[2024-05-27T16:48:59.208+0000] {processor.py:156} INFO - Started process (PID=1059) to work on /home/airflow/.local/lib/python3.7/site-packages/airflow/example_dags/tutorial_dag.py
[2024-05-27T16:48:59.209+0000] {processor.py:799} INFO - Processing file /home/airflow/.local/lib/python3.7/site-packages/airflow/example_dags/tutorial_dag.py for tasks to queue
[2024-05-27T16:48:59.209+0000] {logging_mixin.py:149} INFO - [2024-05-27T16:48:59.209+0000] {dagbag.py:541} INFO - Filling up the DagBag from /home/airflow/.local/lib/python3.7/site-packages/airflow/example_dags/tutorial_dag.py
[2024-05-27T16:48:59.212+0000] {processor.py:809} INFO - DAG(s) dict_keys(['tutorial_dag']) retrieved from /home/airflow/.local/lib/python3.7/site-packages/airflow/example_dags/tutorial_dag.py
[2024-05-27T16:48:59.224+0000] {logging_mixin.py:149} INFO - [2024-05-27T16:48:59.224+0000] {dag.py:2726} INFO - Sync 1 DAGs
[2024-05-27T16:48:59.236+0000] {logging_mixin.py:149} INFO - [2024-05-27T16:48:59.236+0000] {dag.py:3490} INFO - Setting next_dagrun for tutorial_dag to None, run_after=None
[2024-05-27T16:48:59.244+0000] {processor.py:178} INFO - Processing /home/airflow/.local/lib/python3.7/site-packages/airflow/example_dags/tutorial_dag.py took 0.038 seconds
[2024-05-27T16:50:02.287+0000] {processor.py:156} INFO - Started process (PID=1119) to work on /home/airflow/.local/lib/python3.7/site-packages/airflow/example_dags/tutorial_dag.py
[2024-05-27T16:50:02.287+0000] {processor.py:799} INFO - Processing file /home/airflow/.local/lib/python3.7/site-packages/airflow/example_dags/tutorial_dag.py for tasks to queue
[2024-05-27T16:50:02.288+0000] {logging_mixin.py:149} INFO - [2024-05-27T16:50:02.288+0000] {dagbag.py:541} INFO - Filling up the DagBag from /home/airflow/.local/lib/python3.7/site-packages/airflow/example_dags/tutorial_dag.py
[2024-05-27T16:50:02.290+0000] {processor.py:809} INFO - DAG(s) dict_keys(['tutorial_dag']) retrieved from /home/airflow/.local/lib/python3.7/site-packages/airflow/example_dags/tutorial_dag.py
[2024-05-27T16:50:02.303+0000] {logging_mixin.py:149} INFO - [2024-05-27T16:50:02.303+0000] {dag.py:2726} INFO - Sync 1 DAGs
[2024-05-27T16:50:02.315+0000] {logging_mixin.py:149} INFO - [2024-05-27T16:50:02.315+0000] {dag.py:3490} INFO - Setting next_dagrun for tutorial_dag to None, run_after=None
[2024-05-27T16:50:02.323+0000] {processor.py:178} INFO - Processing /home/airflow/.local/lib/python3.7/site-packages/airflow/example_dags/tutorial_dag.py took 0.039 seconds
[2024-05-27T16:50:32.442+0000] {processor.py:156} INFO - Started process (PID=1180) to work on /home/airflow/.local/lib/python3.7/site-packages/airflow/example_dags/tutorial_dag.py
[2024-05-27T16:50:32.442+0000] {processor.py:799} INFO - Processing file /home/airflow/.local/lib/python3.7/site-packages/airflow/example_dags/tutorial_dag.py for tasks to queue
[2024-05-27T16:50:32.443+0000] {logging_mixin.py:149} INFO - [2024-05-27T16:50:32.443+0000] {dagbag.py:541} INFO - Filling up the DagBag from /home/airflow/.local/lib/python3.7/site-packages/airflow/example_dags/tutorial_dag.py
[2024-05-27T16:50:32.445+0000] {processor.py:809} INFO - DAG(s) dict_keys(['tutorial_dag']) retrieved from /home/airflow/.local/lib/python3.7/site-packages/airflow/example_dags/tutorial_dag.py
[2024-05-27T16:50:32.458+0000] {logging_mixin.py:149} INFO - [2024-05-27T16:50:32.458+0000] {dag.py:2726} INFO - Sync 1 DAGs
[2024-05-27T16:50:32.471+0000] {logging_mixin.py:149} INFO - [2024-05-27T16:50:32.471+0000] {dag.py:3490} INFO - Setting next_dagrun for tutorial_dag to None, run_after=None
[2024-05-27T16:50:32.479+0000] {processor.py:178} INFO - Processing /home/airflow/.local/lib/python3.7/site-packages/airflow/example_dags/tutorial_dag.py took 0.039 seconds
[2024-05-27T16:51:02.582+0000] {processor.py:156} INFO - Started process (PID=1241) to work on /home/airflow/.local/lib/python3.7/site-packages/airflow/example_dags/tutorial_dag.py
[2024-05-27T16:51:02.583+0000] {processor.py:799} INFO - Processing file /home/airflow/.local/lib/python3.7/site-packages/airflow/example_dags/tutorial_dag.py for tasks to queue
[2024-05-27T16:51:02.584+0000] {logging_mixin.py:149} INFO - [2024-05-27T16:51:02.584+0000] {dagbag.py:541} INFO - Filling up the DagBag from /home/airflow/.local/lib/python3.7/site-packages/airflow/example_dags/tutorial_dag.py
[2024-05-27T16:51:02.586+0000] {processor.py:809} INFO - DAG(s) dict_keys(['tutorial_dag']) retrieved from /home/airflow/.local/lib/python3.7/site-packages/airflow/example_dags/tutorial_dag.py
[2024-05-27T16:51:02.599+0000] {logging_mixin.py:149} INFO - [2024-05-27T16:51:02.599+0000] {dag.py:2726} INFO - Sync 1 DAGs
[2024-05-27T16:51:02.611+0000] {logging_mixin.py:149} INFO - [2024-05-27T16:51:02.611+0000] {dag.py:3490} INFO - Setting next_dagrun for tutorial_dag to None, run_after=None
[2024-05-27T16:51:02.620+0000] {processor.py:178} INFO - Processing /home/airflow/.local/lib/python3.7/site-packages/airflow/example_dags/tutorial_dag.py took 0.039 seconds
[2024-05-27T16:51:32.776+0000] {processor.py:156} INFO - Started process (PID=1302) to work on /home/airflow/.local/lib/python3.7/site-packages/airflow/example_dags/tutorial_dag.py
[2024-05-27T16:51:32.777+0000] {processor.py:799} INFO - Processing file /home/airflow/.local/lib/python3.7/site-packages/airflow/example_dags/tutorial_dag.py for tasks to queue
[2024-05-27T16:51:32.777+0000] {logging_mixin.py:149} INFO - [2024-05-27T16:51:32.777+0000] {dagbag.py:541} INFO - Filling up the DagBag from /home/airflow/.local/lib/python3.7/site-packages/airflow/example_dags/tutorial_dag.py
[2024-05-27T16:51:32.780+0000] {processor.py:809} INFO - DAG(s) dict_keys(['tutorial_dag']) retrieved from /home/airflow/.local/lib/python3.7/site-packages/airflow/example_dags/tutorial_dag.py
[2024-05-27T16:51:32.794+0000] {logging_mixin.py:149} INFO - [2024-05-27T16:51:32.794+0000] {dag.py:2726} INFO - Sync 1 DAGs
[2024-05-27T16:51:32.806+0000] {logging_mixin.py:149} INFO - [2024-05-27T16:51:32.806+0000] {dag.py:3490} INFO - Setting next_dagrun for tutorial_dag to None, run_after=None
[2024-05-27T16:51:32.817+0000] {processor.py:178} INFO - Processing /home/airflow/.local/lib/python3.7/site-packages/airflow/example_dags/tutorial_dag.py took 0.043 seconds
[2024-05-27T16:52:07.576+0000] {processor.py:156} INFO - Started process (PID=1380) to work on /home/airflow/.local/lib/python3.7/site-packages/airflow/example_dags/tutorial_dag.py
[2024-05-27T16:52:07.579+0000] {processor.py:799} INFO - Processing file /home/airflow/.local/lib/python3.7/site-packages/airflow/example_dags/tutorial_dag.py for tasks to queue
[2024-05-27T16:52:07.581+0000] {logging_mixin.py:149} INFO - [2024-05-27T16:52:07.581+0000] {dagbag.py:541} INFO - Filling up the DagBag from /home/airflow/.local/lib/python3.7/site-packages/airflow/example_dags/tutorial_dag.py
[2024-05-27T16:52:07.623+0000] {processor.py:809} INFO - DAG(s) dict_keys(['tutorial_dag']) retrieved from /home/airflow/.local/lib/python3.7/site-packages/airflow/example_dags/tutorial_dag.py
[2024-05-27T16:52:07.794+0000] {logging_mixin.py:149} INFO - [2024-05-27T16:52:07.793+0000] {dag.py:2726} INFO - Sync 1 DAGs
[2024-05-27T16:52:08.061+0000] {logging_mixin.py:149} INFO - [2024-05-27T16:52:08.057+0000] {dag.py:3490} INFO - Setting next_dagrun for tutorial_dag to None, run_after=None
[2024-05-27T16:52:08.206+0000] {processor.py:178} INFO - Processing /home/airflow/.local/lib/python3.7/site-packages/airflow/example_dags/tutorial_dag.py took 0.668 seconds
